FILE_TYPE=LIBRARY_PARTS;
TIME=' Created/Modified on Tue May 25 15:27:18 2004' ;
primitive 'B82720';
  pin
    'A':
      PIN_NUMBER='(1)';
      INPUT_LOAD='(-0.01,0.01)';
    'B':
      PIN_NUMBER='(2)';
      INPUT_LOAD='(-0.01,0.01)';
    'Y1':
      PIN_NUMBER='(4)';
      OUTPUT_LOAD='(1.0,-1.0)';
    'Y2':
      PIN_NUMBER='(3)';
      OUTPUT_LOAD='(1.0,-1.0)';
    'C':
      PIN_NUMBER='(5)';
      INPUT_LOAD='(-0.01,0.01)';
    'Y3':
      PIN_NUMBER='(7)';
      OUTPUT_LOAD='(1.0,-1.0)';
    'D':
      PIN_NUMBER='(6)';
      INPUT_LOAD='(-0.01,0.01)';
    'Y4':
      PIN_NUMBER='(8)';
      OUTPUT_LOAD='(1.0,-1.0)';
  end_pin;
  body
    CLASS='DISCRETE';
    PART_NAME='B82720';
    JEDEC_TYPE='F196';
    BODY_NAME='B82720';
    FAMILY='?';
  end_body;
end_primitive;
END.
