FILE_TYPE=LIBRARY_PARTS;
TIME=' Created/Modified on Thu Aug 19 12:21:00 2004' ;
primitive 'MAX6736';
  pin
    '-MR':
      PIN_NUMBER='(3)';
      INPUT_LOAD='(-0.01,0.01)';
    '-RST':
      PIN_NUMBER='(1)';
      OUTPUT_LOAD='(1.0,-1.0)';
    'VCC1':
      PIN_NUMBER='(5)';
      PIN_TYPE='ANALOG';
      NO_LOAD_CHECK='BOTH';
      NO_IO_CHECK='BOTH';
      ALLOW_CONNECT='TRUE';
    'VCC2':
      PIN_NUMBER='(4)';
      PIN_TYPE='ANALOG';
      NO_LOAD_CHECK='BOTH';
      NO_IO_CHECK='BOTH';
      ALLOW_CONNECT='TRUE';
  end_pin;
  body
    POWER_PINS='(GND:2)';
    CLASS='IC';
    PART_NAME='MAX6736';
    PHYS_DES_PREFIX='DD';
    FAMILY='SUPERVISOR';
    BODY_NAME='MAX6736';
    JEDEC_TYPE='f52';
    LOCATION='DD';
    PACK_TYPE='f52';
  end_body;
end_primitive;
END.
