FILE_TYPE=LIBRARY_PARTS;
TIME=' Created/Modified on Mon Oct 13 16:54:49 2003' ;
primitive 'ITDQS3VH257Q';
  pin
    'S':
      PIN_NUMBER='(1)';
      INPUT_LOAD='(-0.01,0.01)';
    'I0A':
      PIN_NUMBER='(2)';
      INPUT_LOAD='(-0.01,0.01)';
    'I1A':
      PIN_NUMBER='(3)';
      INPUT_LOAD='(-0.01,0.01)';
    '10B':
      PIN_NUMBER='(5)';
      INPUT_LOAD='(-0.01,0.01)';
    'I1B':
      PIN_NUMBER='(6)';
      INPUT_LOAD='(-0.01,0.01)';
    '-E':
      PIN_NUMBER='(15)';
      INPUT_LOAD='(-0.01,0.01)';
    'I0D':
      PIN_NUMBER='(14)';
      INPUT_LOAD='(-0.01,0.01)';
    'I1D':
      PIN_NUMBER='(13)';
      INPUT_LOAD='(-0.01,0.01)';
    'I0C':
      PIN_NUMBER='(11)';
      INPUT_LOAD='(-0.01,0.01)';
    'I1C':
      PIN_NUMBER='(10)';
      INPUT_LOAD='(-0.01,0.01)';
    'YA':
      PIN_NUMBER='(4)';
      OUTPUT_LOAD='(1.0,-1.0)';
    'YB':
      PIN_NUMBER='(7)';
      OUTPUT_LOAD='(1.0,-1.0)';
    'YD':
      PIN_NUMBER='(12)';
      OUTPUT_LOAD='(1.0,-1.0)';
    'YC':
      PIN_NUMBER='(9)';
      OUTPUT_LOAD='(1.0,-1.0)';
  end_pin;
  body
    POWER_PINS='(P3V3M:16)';
    POWER_PINS='(GNDDM:8)';
    CLASS='IC';
    PART_NAME='ITDQS3VH257Q';
    JEDEC_TYPE='f96';
    BODY_NAME='ITDQS3VH257Q';
    FAMILY='?';
  end_body;
end_primitive;
END.
