FILE_TYPE=LIBRARY_PARTS;
TIME=' Created/Modified on Thu Mar 18 10:39:27 2004' ;
primitive 'SN74LVC2G00_1';
  pin
    'A1':
      PIN_NUMBER='(1)';
      INPUT_LOAD='(-0.01,0.01)';
    'B1':
      PIN_NUMBER='(2)';
      INPUT_LOAD='(-0.01,0.01)';
    'A2':
      PIN_NUMBER='(5)';
      INPUT_LOAD='(-0.01,0.01)';
    'B2':
      PIN_NUMBER='(6)';
      INPUT_LOAD='(-0.01,0.01)';
    '-Y1':
      PIN_NUMBER='(7)';
      OUTPUT_LOAD='(1.0,-1.0)';
    '-Y2':
      PIN_NUMBER='(3)';
      OUTPUT_LOAD='(1.0,-1.0)';
    'GNDD':
      PIN_NUMBER='(4)';
      PINUSE='POWER';
    'P5V0':
      PIN_NUMBER='(8)';
      PINUSE='POWER';
  end_pin;
  body
    CLASS='IC';
    PART_NAME='SN74LVC2G00_1';
    JEDEC_TYPE='f82';
    BODY_NAME='SN74LVC2G00_1';
    FAMILY='?';
  end_body;
end_primitive;
END.
