FILE_TYPE=LIBRARY_PARTS;
primitive 'TBU-CA';
  pin
    'L1':
      PIN_NUMBER='(1)';
      PIN_TYPE='ANALOG';
      NO_LOAD_CHECK='Both';
      NO_IO_CHECK='Both';
      NO_ASSERT_CHECK='TRUE';
      NO_DIR_CHECK='TRUE';
      ALLOW_CONNECT='TRUE';
    'L2':
      PIN_NUMBER='(3)';
      PIN_TYPE='ANALOG';
      NO_LOAD_CHECK='Both';
      NO_IO_CHECK='Both';
      NO_ASSERT_CHECK='TRUE';
      NO_DIR_CHECK='TRUE';
      ALLOW_CONNECT='TRUE';
  end_pin;
  body
    PART_NAME='TBU-CA';
    BODY_NAME='TBU-CA';
    JEDEC_TYPE='tbu-ca';
    PHYS_DES_PREFIX='FP';
    CLASS='IC';
    NC_PINS='(2)';
  end_body;
end_primitive;

END.
