FILE_TYPE=LIBRARY_PARTS;
TIME=' Created/Modified on Mon Jul 26 12:39:04 2004' ;
primitive 'MAX9124','MAX9124_TSSOP16';
  pin
    'DIN1':
      PIN_NUMBER='(1)';
      INPUT_LOAD='(-0.01,0.01)';
    'DIN2':
      PIN_NUMBER='(7)';
      INPUT_LOAD='(-0.01,0.01)';
    'DIN3':
      PIN_NUMBER='(9)';
      INPUT_LOAD='(-0.01,0.01)';
    'DIN4':
      PIN_NUMBER='(15)';
      INPUT_LOAD='(-0.01,0.01)';
    'EN':
      PIN_NUMBER='(4)';
      INPUT_LOAD='(-0.01,0.01)';
    '-EN':
      PIN_NUMBER='(12)';
      INPUT_LOAD='(-0.01,0.01)';
    'DOUT1':
      PIN_NUMBER='(2)';
      OUTPUT_LOAD='(1.0,-1.0)';
    'DOUT2':
      PIN_NUMBER='(6)';
      OUTPUT_LOAD='(1.0,-1.0)';
    '-DOUT2':
      PIN_NUMBER='(5)';
      OUTPUT_LOAD='(1.0,-1.0)';
    'DOUT3':
      PIN_NUMBER='(10)';
      OUTPUT_LOAD='(1.0,-1.0)';
    '-DOUT3':
      PIN_NUMBER='(11)';
      OUTPUT_LOAD='(1.0,-1.0)';
    'DOUT4':
      PIN_NUMBER='(14)';
      OUTPUT_LOAD='(1.0,-1.0)';
    '-DOUT4':
      PIN_NUMBER='(13)';
      OUTPUT_LOAD='(1.0,-1.0)';
    '-DOUT1':
      PIN_NUMBER='(3)';
      OUTPUT_LOAD='(1.0,-1.0)';
  end_pin;
  body
    POWER_PINS='(P3V3:16)';
    POWER_PINS='(GND:8)';
    CLASS='IC';
    PART_NAME='MAX9124';
    PHYS_DES_PREFIX='DD';
    JEDEC_TYPE='f62';
    BODY_NAME='MAX9124';
    LOCATION='?';
  end_body;
end_primitive;
END.
