FILE_TYPE=LIBRARY_PARTS;
primitive 'PEX8311';
  pin
    'ADS#':
      PIN_NUMBER='(f19)';
      BIDIRECTIONAL='TRUE';
      INPUT_LOAD='(-0.01,0.01)';
      OUTPUT_LOAD='(1.0,-1.0)';
    'BAR0ENB#':
      PIN_NUMBER='(e1)';
      INPUT_LOAD='(-0.01,0.01)';
    'BD_SEL#':
      PIN_NUMBER='(b19)';
      INPUT_LOAD='(-0.01,0.01)';
    'BIGEND#':
      PIN_NUMBER='(d18)';
      INPUT_LOAD='(-0.01,0.01)';
    'BLAST#':
      PIN_NUMBER='(f20)';
      BIDIRECTIONAL='TRUE';
      INPUT_LOAD='(-0.01,0.01)';
      OUTPUT_LOAD='(1.0,-1.0)';
    'BREQI':
      PIN_NUMBER='(g18)';
      INPUT_LOAD='(-0.01,0.01)';
    'BREQO':
      PIN_NUMBER='(g17)';
      OUTPUT_LOAD='(1.0,-1.0)';
    'BTERM#':
      PIN_NUMBER='(j19)';
      BIDIRECTIONAL='TRUE';
      INPUT_LOAD='(-0.01,0.01)';
      OUTPUT_LOAD='(1.0,-1.0)';
    'BTON':
      PIN_NUMBER='(d10)';
      INPUT_LOAD='(-0.01,0.01)';
    'BUNRI':
      PIN_NUMBER='(f3)';
      INPUT_LOAD='(-0.01,0.01)';
    'CCS#':
      PIN_NUMBER='(d17)';
      INPUT_LOAD='(-0.01,0.01)';
    'CLKIN':
      PIN_NUMBER='(a15)';
      INPUT_LOAD='(-0.01,0.01)';
    'CLKOUT':
      PIN_NUMBER='(a8)';
      OUTPUT_LOAD='(1.0,-1.0)';
    'DACK#0':
      PIN_NUMBER='(c20)';
      PIN_TYPE='ANALOG';
      NO_LOAD_CHECK='Both';
      NO_IO_CHECK='Both';
      NO_ASSERT_CHECK='TRUE';
      NO_DIR_CHECK='TRUE';
      ALLOW_CONNECT='TRUE';
    'DACK#1':
      PIN_NUMBER='(b18)';
      PIN_TYPE='ANALOG';
      NO_LOAD_CHECK='Both';
      NO_IO_CHECK='Both';
      NO_ASSERT_CHECK='TRUE';
      NO_DIR_CHECK='TRUE';
      ALLOW_CONNECT='TRUE';
    'DMPAF/EOT#':
      PIN_NUMBER='(c18)';
      PIN_TYPE='ANALOG';
      NO_LOAD_CHECK='Both';
      NO_IO_CHECK='Both';
      NO_ASSERT_CHECK='TRUE';
      NO_DIR_CHECK='TRUE';
      ALLOW_CONNECT='TRUE';
    'DP0':
      PIN_NUMBER='(l16)';
      BIDIRECTIONAL='TRUE';
      INPUT_LOAD='(-0.01,0.01)';
      OUTPUT_LOAD='(1.0,-1.0)';
    'DP1':
      PIN_NUMBER='(l15)';
      BIDIRECTIONAL='TRUE';
      INPUT_LOAD='(-0.01,0.01)';
      OUTPUT_LOAD='(1.0,-1.0)';
    'DP2':
      PIN_NUMBER='(m16)';
      BIDIRECTIONAL='TRUE';
      INPUT_LOAD='(-0.01,0.01)';
      OUTPUT_LOAD='(1.0,-1.0)';
    'DP3':
      PIN_NUMBER='(m15)';
      BIDIRECTIONAL='TRUE';
      INPUT_LOAD='(-0.01,0.01)';
      OUTPUT_LOAD='(1.0,-1.0)';
    'DREQ0':
      PIN_NUMBER='(c19)';
      INPUT_LOAD='(-0.01,0.01)';
    'DREQ1':
      PIN_NUMBER='(b17)';
      INPUT_LOAD='(-0.01,0.01)';
    'EECLK':
      PIN_NUMBER='(l4)';
      PIN_TYPE='ANALOG';
      NO_LOAD_CHECK='Both';
      NO_IO_CHECK='Both';
      NO_ASSERT_CHECK='TRUE';
      NO_DIR_CHECK='TRUE';
      ALLOW_CONNECT='TRUE';
    'EECS':
      PIN_NUMBER='(a20)';
      PIN_TYPE='ANALOG';
      NO_LOAD_CHECK='Both';
      NO_IO_CHECK='Both';
      NO_ASSERT_CHECK='TRUE';
      NO_DIR_CHECK='TRUE';
      ALLOW_CONNECT='TRUE';
    'EECS#':
      PIN_NUMBER='(k3)';
      PIN_TYPE='ANALOG';
      NO_LOAD_CHECK='Both';
      NO_IO_CHECK='Both';
      NO_ASSERT_CHECK='TRUE';
      NO_DIR_CHECK='TRUE';
      ALLOW_CONNECT='TRUE';
    'EEDI/DO':
      PIN_NUMBER='(b20)';
      PIN_TYPE='ANALOG';
      NO_LOAD_CHECK='Both';
      NO_IO_CHECK='Both';
      NO_ASSERT_CHECK='TRUE';
      NO_DIR_CHECK='TRUE';
      ALLOW_CONNECT='TRUE';
    'EERDATA':
      PIN_NUMBER='(m3)';
      PIN_TYPE='ANALOG';
      NO_LOAD_CHECK='Both';
      NO_IO_CHECK='Both';
      NO_ASSERT_CHECK='TRUE';
      NO_DIR_CHECK='TRUE';
      ALLOW_CONNECT='TRUE';
    'EESK':
      PIN_NUMBER='(a19)';
      PIN_TYPE='ANALOG';
      NO_LOAD_CHECK='Both';
      NO_IO_CHECK='Both';
      NO_ASSERT_CHECK='TRUE';
      NO_DIR_CHECK='TRUE';
      ALLOW_CONNECT='TRUE';
    'EEWRDATA':
      PIN_NUMBER='(l3)';
      PIN_TYPE='ANALOG';
      NO_LOAD_CHECK='Both';
      NO_IO_CHECK='Both';
      NO_ASSERT_CHECK='TRUE';
      NO_DIR_CHECK='TRUE';
      ALLOW_CONNECT='TRUE';
    'GPIO0':
      PIN_NUMBER='(c1)';
      BIDIRECTIONAL='TRUE';
      INPUT_LOAD='(-0.01,0.01)';
      OUTPUT_LOAD='(1.0,-1.0)';
    'GPIO1':
      PIN_NUMBER='(b1)';
      BIDIRECTIONAL='TRUE';
      INPUT_LOAD='(-0.01,0.01)';
      OUTPUT_LOAD='(1.0,-1.0)';
    'GPIO2':
      PIN_NUMBER='(d3)';
      BIDIRECTIONAL='TRUE';
      INPUT_LOAD='(-0.01,0.01)';
      OUTPUT_LOAD='(1.0,-1.0)';
    'GPIO3':
      PIN_NUMBER='(a1)';
      BIDIRECTIONAL='TRUE';
      INPUT_LOAD='(-0.01,0.01)';
      OUTPUT_LOAD='(1.0,-1.0)';
    'IDDQEN#':
      PIN_NUMBER='(v10)';
      INPUT_LOAD='(-0.01,0.01)';
    'ITDO':
      PIN_NUMBER='(c15)';
      BIDIRECTIONAL='TRUE';
      INPUT_LOAD='(-0.01,0.01)';
      OUTPUT_LOAD='(1.0,-1.0)';
    'LA'<2>:
      PIN_NUMBER='(y18)';
      BIDIRECTIONAL='TRUE';
      INPUT_LOAD='(-0.01,0.01)';
      OUTPUT_LOAD='(1.0,-1.0)';
    'LA'<3>:
      PIN_NUMBER='(w18)';
      BIDIRECTIONAL='TRUE';
      INPUT_LOAD='(-0.01,0.01)';
      OUTPUT_LOAD='(1.0,-1.0)';
    'LA'<4>:
      PIN_NUMBER='(v18)';
      BIDIRECTIONAL='TRUE';
      INPUT_LOAD='(-0.01,0.01)';
      OUTPUT_LOAD='(1.0,-1.0)';
    'LA'<5>:
      PIN_NUMBER='(y17)';
      BIDIRECTIONAL='TRUE';
      INPUT_LOAD='(-0.01,0.01)';
      OUTPUT_LOAD='(1.0,-1.0)';
    'LA'<6>:
      PIN_NUMBER='(w17)';
      BIDIRECTIONAL='TRUE';
      INPUT_LOAD='(-0.01,0.01)';
      OUTPUT_LOAD='(1.0,-1.0)';
    'LA'<7>:
      PIN_NUMBER='(v17)';
      BIDIRECTIONAL='TRUE';
      INPUT_LOAD='(-0.01,0.01)';
      OUTPUT_LOAD='(1.0,-1.0)';
    'LA'<8>:
      PIN_NUMBER='(u17)';
      BIDIRECTIONAL='TRUE';
      INPUT_LOAD='(-0.01,0.01)';
      OUTPUT_LOAD='(1.0,-1.0)';
    'LA'<9>:
      PIN_NUMBER='(y16)';
      BIDIRECTIONAL='TRUE';
      INPUT_LOAD='(-0.01,0.01)';
      OUTPUT_LOAD='(1.0,-1.0)';
    'LA'<10>:
      PIN_NUMBER='(w16)';
      BIDIRECTIONAL='TRUE';
      INPUT_LOAD='(-0.01,0.01)';
      OUTPUT_LOAD='(1.0,-1.0)';
    'LA'<11>:
      PIN_NUMBER='(v16)';
      BIDIRECTIONAL='TRUE';
      INPUT_LOAD='(-0.01,0.01)';
      OUTPUT_LOAD='(1.0,-1.0)';
    'LA'<12>:
      PIN_NUMBER='(u16)';
      BIDIRECTIONAL='TRUE';
      INPUT_LOAD='(-0.01,0.01)';
      OUTPUT_LOAD='(1.0,-1.0)';
    'LA'<13>:
      PIN_NUMBER='(y15)';
      BIDIRECTIONAL='TRUE';
      INPUT_LOAD='(-0.01,0.01)';
      OUTPUT_LOAD='(1.0,-1.0)';
    'LA'<14>:
      PIN_NUMBER='(w15)';
      BIDIRECTIONAL='TRUE';
      INPUT_LOAD='(-0.01,0.01)';
      OUTPUT_LOAD='(1.0,-1.0)';
    'LA'<15>:
      PIN_NUMBER='(v15)';
      BIDIRECTIONAL='TRUE';
      INPUT_LOAD='(-0.01,0.01)';
      OUTPUT_LOAD='(1.0,-1.0)';
    'LA'<16>:
      PIN_NUMBER='(y14)';
      BIDIRECTIONAL='TRUE';
      INPUT_LOAD='(-0.01,0.01)';
      OUTPUT_LOAD='(1.0,-1.0)';
    'LA'<17>:
      PIN_NUMBER='(w14)';
      BIDIRECTIONAL='TRUE';
      INPUT_LOAD='(-0.01,0.01)';
      OUTPUT_LOAD='(1.0,-1.0)';
    'LA'<18>:
      PIN_NUMBER='(y13)';
      BIDIRECTIONAL='TRUE';
      INPUT_LOAD='(-0.01,0.01)';
      OUTPUT_LOAD='(1.0,-1.0)';
    'LA'<19>:
      PIN_NUMBER='(w13)';
      BIDIRECTIONAL='TRUE';
      INPUT_LOAD='(-0.01,0.01)';
      OUTPUT_LOAD='(1.0,-1.0)';
    'LA'<20>:
      PIN_NUMBER='(y12)';
      BIDIRECTIONAL='TRUE';
      INPUT_LOAD='(-0.01,0.01)';
      OUTPUT_LOAD='(1.0,-1.0)';
    'LA'<21>:
      PIN_NUMBER='(w12)';
      BIDIRECTIONAL='TRUE';
      INPUT_LOAD='(-0.01,0.01)';
      OUTPUT_LOAD='(1.0,-1.0)';
    'LA'<22>:
      PIN_NUMBER='(y11)';
      BIDIRECTIONAL='TRUE';
      INPUT_LOAD='(-0.01,0.01)';
      OUTPUT_LOAD='(1.0,-1.0)';
    'LA'<23>:
      PIN_NUMBER='(w11)';
      BIDIRECTIONAL='TRUE';
      INPUT_LOAD='(-0.01,0.01)';
      OUTPUT_LOAD='(1.0,-1.0)';
    'LA'<24>:
      PIN_NUMBER='(v11)';
      BIDIRECTIONAL='TRUE';
      INPUT_LOAD='(-0.01,0.01)';
      OUTPUT_LOAD='(1.0,-1.0)';
    'LA'<25>:
      PIN_NUMBER='(y10)';
      BIDIRECTIONAL='TRUE';
      INPUT_LOAD='(-0.01,0.01)';
      OUTPUT_LOAD='(1.0,-1.0)';
    'LA'<26>:
      PIN_NUMBER='(w10)';
      BIDIRECTIONAL='TRUE';
      INPUT_LOAD='(-0.01,0.01)';
      OUTPUT_LOAD='(1.0,-1.0)';
    'LA'<27>:
      PIN_NUMBER='(y9)';
      BIDIRECTIONAL='TRUE';
      INPUT_LOAD='(-0.01,0.01)';
      OUTPUT_LOAD='(1.0,-1.0)';
    'LA'<28>:
      PIN_NUMBER='(w9)';
      BIDIRECTIONAL='TRUE';
      INPUT_LOAD='(-0.01,0.01)';
      OUTPUT_LOAD='(1.0,-1.0)';
    'LA'<29>:
      PIN_NUMBER='(y8)';
      BIDIRECTIONAL='TRUE';
      INPUT_LOAD='(-0.01,0.01)';
      OUTPUT_LOAD='(1.0,-1.0)';
    'LA'<30>:
      PIN_NUMBER='(w8)';
      BIDIRECTIONAL='TRUE';
      INPUT_LOAD='(-0.01,0.01)';
      OUTPUT_LOAD='(1.0,-1.0)';
    'LA'<31>:
      PIN_NUMBER='(y7)';
      BIDIRECTIONAL='TRUE';
      INPUT_LOAD='(-0.01,0.01)';
      OUTPUT_LOAD='(1.0,-1.0)';
    'LBE'<0>:
      PIN_NUMBER='(w19)';
      BIDIRECTIONAL='TRUE';
      INPUT_LOAD='(-0.01,0.01)';
      OUTPUT_LOAD='(1.0,-1.0)';
    'LBE'<1>:
      PIN_NUMBER='(w20)';
      BIDIRECTIONAL='TRUE';
      INPUT_LOAD='(-0.01,0.01)';
      OUTPUT_LOAD='(1.0,-1.0)';
    'LBE'<2>:
      PIN_NUMBER='(y20)';
      BIDIRECTIONAL='TRUE';
      INPUT_LOAD='(-0.01,0.01)';
      OUTPUT_LOAD='(1.0,-1.0)';
    'LBE'<3>:
      PIN_NUMBER='(y19)';
      BIDIRECTIONAL='TRUE';
      INPUT_LOAD='(-0.01,0.01)';
      OUTPUT_LOAD='(1.0,-1.0)';
    'LCLK':
      PIN_NUMBER='(j20)';
      INPUT_LOAD='(-0.01,0.01)';
    'LD'<0>:
      PIN_NUMBER='(k20)';
      BIDIRECTIONAL='TRUE';
      INPUT_LOAD='(-0.01,0.01)';
      OUTPUT_LOAD='(1.0,-1.0)';
    'LD'<1>:
      PIN_NUMBER='(k19)';
      BIDIRECTIONAL='TRUE';
      INPUT_LOAD='(-0.01,0.01)';
      OUTPUT_LOAD='(1.0,-1.0)';
    'LD'<2>:
      PIN_NUMBER='(k18)';
      BIDIRECTIONAL='TRUE';
      INPUT_LOAD='(-0.01,0.01)';
      OUTPUT_LOAD='(1.0,-1.0)';
    'LD'<3>:
      PIN_NUMBER='(k17)';
      BIDIRECTIONAL='TRUE';
      INPUT_LOAD='(-0.01,0.01)';
      OUTPUT_LOAD='(1.0,-1.0)';
    'LD'<4>:
      PIN_NUMBER='(l20)';
      BIDIRECTIONAL='TRUE';
      INPUT_LOAD='(-0.01,0.01)';
      OUTPUT_LOAD='(1.0,-1.0)';
    'LD'<5>:
      PIN_NUMBER='(l19)';
      BIDIRECTIONAL='TRUE';
      INPUT_LOAD='(-0.01,0.01)';
      OUTPUT_LOAD='(1.0,-1.0)';
    'LD'<6>:
      PIN_NUMBER='(l18)';
      BIDIRECTIONAL='TRUE';
      INPUT_LOAD='(-0.01,0.01)';
      OUTPUT_LOAD='(1.0,-1.0)';
    'LD'<7>:
      PIN_NUMBER='(l17)';
      BIDIRECTIONAL='TRUE';
      INPUT_LOAD='(-0.01,0.01)';
      OUTPUT_LOAD='(1.0,-1.0)';
    'LD'<8>:
      PIN_NUMBER='(m20)';
      BIDIRECTIONAL='TRUE';
      INPUT_LOAD='(-0.01,0.01)';
      OUTPUT_LOAD='(1.0,-1.0)';
    'LD'<9>:
      PIN_NUMBER='(m19)';
      BIDIRECTIONAL='TRUE';
      INPUT_LOAD='(-0.01,0.01)';
      OUTPUT_LOAD='(1.0,-1.0)';
    'LD'<10>:
      PIN_NUMBER='(m18)';
      BIDIRECTIONAL='TRUE';
      INPUT_LOAD='(-0.01,0.01)';
      OUTPUT_LOAD='(1.0,-1.0)';
    'LD'<11>:
      PIN_NUMBER='(m17)';
      BIDIRECTIONAL='TRUE';
      INPUT_LOAD='(-0.01,0.01)';
      OUTPUT_LOAD='(1.0,-1.0)';
    'LD'<12>:
      PIN_NUMBER='(n20)';
      BIDIRECTIONAL='TRUE';
      INPUT_LOAD='(-0.01,0.01)';
      OUTPUT_LOAD='(1.0,-1.0)';
    'LD'<13>:
      PIN_NUMBER='(n19)';
      BIDIRECTIONAL='TRUE';
      INPUT_LOAD='(-0.01,0.01)';
      OUTPUT_LOAD='(1.0,-1.0)';
    'LD'<14>:
      PIN_NUMBER='(n18)';
      BIDIRECTIONAL='TRUE';
      INPUT_LOAD='(-0.01,0.01)';
      OUTPUT_LOAD='(1.0,-1.0)';
    'LD'<15>:
      PIN_NUMBER='(n17)';
      BIDIRECTIONAL='TRUE';
      INPUT_LOAD='(-0.01,0.01)';
      OUTPUT_LOAD='(1.0,-1.0)';
    'LD'<16>:
      PIN_NUMBER='(p20)';
      BIDIRECTIONAL='TRUE';
      INPUT_LOAD='(-0.01,0.01)';
      OUTPUT_LOAD='(1.0,-1.0)';
    'LD'<17>:
      PIN_NUMBER='(p19)';
      BIDIRECTIONAL='TRUE';
      INPUT_LOAD='(-0.01,0.01)';
      OUTPUT_LOAD='(1.0,-1.0)';
    'LD'<18>:
      PIN_NUMBER='(p18)';
      BIDIRECTIONAL='TRUE';
      INPUT_LOAD='(-0.01,0.01)';
      OUTPUT_LOAD='(1.0,-1.0)';
    'LD'<19>:
      PIN_NUMBER='(p17)';
      BIDIRECTIONAL='TRUE';
      INPUT_LOAD='(-0.01,0.01)';
      OUTPUT_LOAD='(1.0,-1.0)';
    'LD'<20>:
      PIN_NUMBER='(r20)';
      BIDIRECTIONAL='TRUE';
      INPUT_LOAD='(-0.01,0.01)';
      OUTPUT_LOAD='(1.0,-1.0)';
    'LD'<21>:
      PIN_NUMBER='(r19)';
      BIDIRECTIONAL='TRUE';
      INPUT_LOAD='(-0.01,0.01)';
      OUTPUT_LOAD='(1.0,-1.0)';
    'LD'<22>:
      PIN_NUMBER='(r18)';
      BIDIRECTIONAL='TRUE';
      INPUT_LOAD='(-0.01,0.01)';
      OUTPUT_LOAD='(1.0,-1.0)';
    'LD'<23>:
      PIN_NUMBER='(r17)';
      BIDIRECTIONAL='TRUE';
      INPUT_LOAD='(-0.01,0.01)';
      OUTPUT_LOAD='(1.0,-1.0)';
    'LD'<24>:
      PIN_NUMBER='(t20)';
      BIDIRECTIONAL='TRUE';
      INPUT_LOAD='(-0.01,0.01)';
      OUTPUT_LOAD='(1.0,-1.0)';
    'LD'<25>:
      PIN_NUMBER='(t19)';
      BIDIRECTIONAL='TRUE';
      INPUT_LOAD='(-0.01,0.01)';
      OUTPUT_LOAD='(1.0,-1.0)';
    'LD'<26>:
      PIN_NUMBER='(t18)';
      BIDIRECTIONAL='TRUE';
      INPUT_LOAD='(-0.01,0.01)';
      OUTPUT_LOAD='(1.0,-1.0)';
    'LD'<27>:
      PIN_NUMBER='(t17)';
      BIDIRECTIONAL='TRUE';
      INPUT_LOAD='(-0.01,0.01)';
      OUTPUT_LOAD='(1.0,-1.0)';
    'LD'<28>:
      PIN_NUMBER='(u20)';
      BIDIRECTIONAL='TRUE';
      INPUT_LOAD='(-0.01,0.01)';
      OUTPUT_LOAD='(1.0,-1.0)';
    'LD'<29>:
      PIN_NUMBER='(u19)';
      BIDIRECTIONAL='TRUE';
      INPUT_LOAD='(-0.01,0.01)';
      OUTPUT_LOAD='(1.0,-1.0)';
    'LD'<30>:
      PIN_NUMBER='(v20)';
      BIDIRECTIONAL='TRUE';
      INPUT_LOAD='(-0.01,0.01)';
      OUTPUT_LOAD='(1.0,-1.0)';
    'LD'<31>:
      PIN_NUMBER='(v19)';
      BIDIRECTIONAL='TRUE';
      INPUT_LOAD='(-0.01,0.01)';
      OUTPUT_LOAD='(1.0,-1.0)';
    'LHOLD':
      PIN_NUMBER='(g20)';
      OUTPUT_LOAD='(1.0,-1.0)';
    'LHOLDA':
      PIN_NUMBER='(g19)';
      INPUT_LOAD='(-0.01,0.01)';
    'LINTI#':
      PIN_NUMBER='(e20)';
      INPUT_LOAD='(-0.01,0.01)';
    'LINTO#':
      PIN_NUMBER='(e19)';
      OUTPUT_LOAD='(1.0,-1.0)';
    'LRESET#':
      PIN_NUMBER='(e18)';
      PIN_TYPE='ANALOG';
      NO_LOAD_CHECK='Both';
      NO_IO_CHECK='Both';
      NO_ASSERT_CHECK='TRUE';
      NO_DIR_CHECK='TRUE';
      ALLOW_CONNECT='TRUE';
    'LSERR#':
      PIN_NUMBER='(j18)';
      OUTPUT_LOAD='(1.0,-1.0)';
    'LW/R#':
      PIN_NUMBER='(u18)';
      BIDIRECTIONAL='TRUE';
      INPUT_LOAD='(-0.01,0.01)';
      OUTPUT_LOAD='(1.0,-1.0)';
    'MODE0':
      PIN_NUMBER='(h19)';
      INPUT_LOAD='(-0.01,0.01)';
    'MODE1':
      PIN_NUMBER='(h20)';
      INPUT_LOAD='(-0.01,0.01)';
    'NCT4':
      PIN_NUMBER='(t4)';
      PIN_TYPE='ANALOG';
      NO_LOAD_CHECK='Both';
      NO_IO_CHECK='Both';
      NO_ASSERT_CHECK='TRUE';
      NO_DIR_CHECK='TRUE';
      ALLOW_CONNECT='TRUE';
    'PERN0':
      PIN_NUMBER='(f2)';
      INPUT_LOAD='(-0.01,0.01)';
    'PERP0':
      PIN_NUMBER='(g1)';
      INPUT_LOAD='(-0.01,0.01)';
    'PERST#':
      PIN_NUMBER='(c3)';
      BIDIRECTIONAL='TRUE';
      INPUT_LOAD='(-0.01,0.01)';
      OUTPUT_LOAD='(1.0,-1.0)';
    'PETN0':
      PIN_NUMBER='(k2)';
      OUTPUT_LOAD='(1.0,-1.0)';
    'PETP0':
      PIN_NUMBER='(j1)';
      OUTPUT_LOAD='(1.0,-1.0)';
    'PLXT1':
      PIN_NUMBER='(a3)';
      INPUT_LOAD='(-0.01,0.01)';
    'PLXT2':
      PIN_NUMBER='(a10)';
      INPUT_LOAD='(-0.01,0.01)';
    'PMEIN#':
      PIN_NUMBER='(c16)';
      INPUT_LOAD='(-0.01,0.01)';
    'PMEOUT#':
      PIN_NUMBER='(b10)';
      OUTPUT_TYPE='(OC,AND)';
      OUTPUT_LOAD='(1.0,*)';
    'PWR_OK':
      PIN_NUMBER='(d2)';
      OUTPUT_LOAD='(1.0,-1.0)';
    'READY#':
      PIN_NUMBER='(f18)';
      BIDIRECTIONAL='TRUE';
      INPUT_LOAD='(-0.01,0.01)';
      OUTPUT_LOAD='(1.0,-1.0)';
    'REFCLK+':
      PIN_NUMBER='(h1)';
      INPUT_LOAD='(-0.01,0.01)';
    'REFCLK-':
      PIN_NUMBER='(h2)';
      INPUT_LOAD='(-0.01,0.01)';
    'ROOT_COMPLEX#':
      PIN_NUMBER='(a18)';
      INPUT_LOAD='(-0.01,0.01)';
    'SMC':
      PIN_NUMBER='(v4)';
      INPUT_LOAD='(-0.01,0.01)';
    'TCK':
      PIN_NUMBER='(a13)';
      PIN_TYPE='ANALOG';
      NO_LOAD_CHECK='Both';
      NO_IO_CHECK='Both';
      NO_ASSERT_CHECK='TRUE';
      NO_DIR_CHECK='TRUE';
      ALLOW_CONNECT='TRUE';
    'TDI':
      PIN_NUMBER='(a14)';
      PIN_TYPE='ANALOG';
      NO_LOAD_CHECK='Both';
      NO_IO_CHECK='Both';
      NO_ASSERT_CHECK='TRUE';
      NO_DIR_CHECK='TRUE';
      ALLOW_CONNECT='TRUE';
    'TDO':
      PIN_NUMBER='(c14)';
      PIN_TYPE='ANALOG';
      NO_LOAD_CHECK='Both';
      NO_IO_CHECK='Both';
      NO_ASSERT_CHECK='TRUE';
      NO_DIR_CHECK='TRUE';
      ALLOW_CONNECT='TRUE';
    'TEST':
      PIN_NUMBER='(n1)';
      INPUT_LOAD='(-0.01,0.01)';
    'TMC':
      PIN_NUMBER='(e2)';
      INPUT_LOAD='(-0.01,0.01)';
    'TMC1':
      PIN_NUMBER='(v3)';
      INPUT_LOAD='(-0.01,0.01)';
    'TMC2':
      PIN_NUMBER='(e3)';
      INPUT_LOAD='(-0.01,0.01)';
    'TMS':
      PIN_NUMBER='(a11)';
      PIN_TYPE='ANALOG';
      NO_LOAD_CHECK='Both';
      NO_IO_CHECK='Both';
      NO_ASSERT_CHECK='TRUE';
      NO_DIR_CHECK='TRUE';
      ALLOW_CONNECT='TRUE';
    'TRST#':
      PIN_NUMBER='(b14)';
      PIN_TYPE='ANALOG';
      NO_LOAD_CHECK='Both';
      NO_IO_CHECK='Both';
      NO_ASSERT_CHECK='TRUE';
      NO_DIR_CHECK='TRUE';
      ALLOW_CONNECT='TRUE';
    'USERI/LLOCKI#':
      PIN_NUMBER='(d20)';
      INPUT_LOAD='(-0.01,0.01)';
    'USERO/LLOCKO#':
      PIN_NUMBER='(d19)';
      OUTPUT_LOAD='(1.0,-1.0)';
    'WAIT#':
      PIN_NUMBER='(h17)';
      BIDIRECTIONAL='TRUE';
      INPUT_LOAD='(-0.01,0.01)';
      OUTPUT_LOAD='(1.0,-1.0)';
    'WAKEIN#':
      PIN_NUMBER='(b2)';
      INPUT_LOAD='(-0.01,0.01)';
    'WAKEOUT#':
      PIN_NUMBER='(d1)';
      PIN_TYPE='ANALOG';
      NO_LOAD_CHECK='Both';
      NO_IO_CHECK='Both';
      NO_ASSERT_CHECK='TRUE';
      NO_DIR_CHECK='TRUE';
      ALLOW_CONNECT='TRUE';
  end_pin;
  body
    PART_NAME='PEX8311';
    BODY_NAME='PEX8311';
    JEDEC_TYPE='pbga337_v2';
    PHYS_DES_PREFIX='U';
    CLASS='IC';
    GROUND_NETS='AVSS,GND,VSS_C,VSS_P0,VSS_P1,VSS_R,VSS_RE,VSS_T';
    POWER_PINS='(AVDD:G3)';
    POWER_PINS='(AVSS:J3)';
    POWER_PINS='(GND:A2,A16,A17,B15,B16,D12,D13,D14,D15,E7,E8,E10,E11,E12,E13)';
    POWER_PINS='(GND:E14,F6,F7,F8,F9,F10,F11,F12,F13,F14,G5,G6,G7,H5,H6,H15)';
    POWER_PINS='(GND:J5,J6,J15,K4,K5,K6,K15,L5,L6,M4,M5,M6,N5,N6,N15,P5,P6,P15)';
    POWER_PINS='(GND:R5,R6,R7,R8,R9,R10,R11,R12,R13,R14,R15,T5,T6,T7,T8,T9,T10)';
    POWER_PINS='(GND:T11,T13,T14,U5,U6,U8,U9,U12,U13,V1,V12,V13,W1,W2,W3,W4)';
    POWER_PINS='(GND:Y1,Y2,Y3,Y4)';
    POWER_PINS='(VDD1.5:C2,C9,C13,D6,L1,L2,M1,W5)';
    POWER_PINS='(VDD2.5:C17,H18,J17,T16,U15,V9,Y5)';
    POWER_PINS='(VDD3.3:D7,D8,D9,E5,E9,E15,E16,E17,F5,F15,F16,F17,G15,G16,H16)';
    POWER_PINS='(VDD3.3:J16,K16,N16,P16,R16,T12,T15,U10,U11,U14,V14)';
    POWER_PINS='(VDD_P:J2)';
    POWER_PINS='(VDD_R:H3)';
    POWER_PINS='(VDD_T:J4)';
    POWER_PINS='(VSS_C:F4)';
    POWER_PINS='(VSS_P0:H4)';
    POWER_PINS='(VSS_P1:G4)';
    POWER_PINS='(VSS_R:F1)';
    POWER_PINS='(VSS_RE:G2)';
    POWER_PINS='(VSS_T:K1)';
    NC_PINS='(A4,A5,A6,A7,A9,A12,B3,B4,B5,B6,B7,B8,B9,B11,B12,B13,C4,C5,C6,C7)';
    NC_PINS='(C8,C10,C11,C12,D4,D5,D11,D16,E4,E6,M2,N2,N3,N4,P1,P2,P3,P4,R1)';
    NC_PINS='(R2,R3,R4,T1,T2,T3,U1,U2,U3,U4,U7,V2,V5,V6,V7,V8,W6,Y6,W7)';
  end_body;
end_primitive;

END.
