FILE_TYPE=LIBRARY_PARTS;
TIME=' Created/Modified on Mon Sep 13 12:15:17 2004' ;
primitive 'SN74ACT175';
  pin
    'D'<0>:
      PIN_NUMBER='(4)';
      INPUT_LOAD='(-0.01,0.01)';
    'D'<1>:
      PIN_NUMBER='(5)';
      INPUT_LOAD='(-0.01,0.01)';
    'D'<2>:
      PIN_NUMBER='(12)';
      INPUT_LOAD='(-0.01,0.01)';
    'D'<3>:
      PIN_NUMBER='(13)';
      INPUT_LOAD='(-0.01,0.01)';
    'CLK':
      PIN_NUMBER='(9)';
      INPUT_LOAD='(-0.01,0.01)';
    '-MR':
      PIN_NUMBER='(1)';
      INPUT_LOAD='(-0.01,0.01)';
    'Q'<0>:
      PIN_NUMBER='(2)';
      OUTPUT_LOAD='(1.0,-1.0)';
    'Q'<1>:
      PIN_NUMBER='(7)';
      OUTPUT_LOAD='(1.0,-1.0)';
    'Q'<2>:
      PIN_NUMBER='(10)';
      OUTPUT_LOAD='(1.0,-1.0)';
    'Q'<3>:
      PIN_NUMBER='(15)';
      OUTPUT_LOAD='(1.0,-1.0)';
    '-Q'<0>:
      PIN_NUMBER='(3)';
      OUTPUT_LOAD='(1.0,-1.0)';
    '-Q'<1>:
      PIN_NUMBER='(6)';
      OUTPUT_LOAD='(1.0,-1.0)';
    '-Q'<2>:
      PIN_NUMBER='(11)';
      OUTPUT_LOAD='(1.0,-1.0)';
    '-Q'<3>:
      PIN_NUMBER='(14)';
      OUTPUT_LOAD='(1.0,-1.0)';
  end_pin;
  body
    POWER_PINS='(P5V0:16)';
    POWER_PINS='(GND:8)';
    CLASS='IC';
    PART_NAME='SN74ACT175';
    PHYS_DES_PREFIX='DD';
    JEDEC_TYPE='f250';
    BODY_NAME='SN74ACT175';
  end_body;
end_primitive;
END.
