Exported by : Olga
Part 597_77010202 :
Creation Status - New Part, Creation time : Tue Jul 08 09:27:06 2003
Modification Status - No modification
Comments :
Exported by : Olga
Part 521_9450 :
Creation Status - New Part, Creation time : Mon Sep 08 15:48:44 2003
Modification Status - No modification
Comments :
Exported by : Olga
Part 521_9450 :
Creation Status - New Part, Creation time : Mon Sep 08 16:48:44 2003
Modification Status - No modification
Comments :
Exported by : Olga
Part 521_9450 :
Creation Status - Imported from leds_niitp, Import time : Tue Apr 20 16:55:05 2004
Modification Status - Modified
Comments :
Exported by : Olga
Part 597_77010202 :
Creation Status - Imported from leds_niitp, Import time : Tue Jan 27 17:59:45 2004
Modification Status - No modification
Comments :
Exported by : Olga
Part 521_9450 :
Creation Status - Imported from leds_niitp, Import time : Tue Apr 20 16:55:05 2004
Modification Status - Modified
Comments :
Exported by : Olga
Part 597_77010202 :
Creation Status - Imported from leds_niitp, Import time : Tue Jan 27 17:59:45 2004
Modification Status - Modified
Comments :