FILE_TYPE=LIBRARY_PARTS;
TIME=' Created/Modified on Mon May 31 11:01:40 2004' ;
primitive 'SN74LVC2G79';
  pin
    '1CLK':
      PIN_NUMBER='(1)';
      INPUT_LOAD='(-0.01,0.01)';
    '2CLK':
      PIN_NUMBER='(5)';
      INPUT_LOAD='(-0.01,0.01)';
    '1D':
      PIN_NUMBER='(2)';
      INPUT_LOAD='(-0.01,0.01)';
    '2D':
      PIN_NUMBER='(6)';
      INPUT_LOAD='(-0.01,0.01)';
    '1Q':
      PIN_NUMBER='(7)';
      OUTPUT_LOAD='(1.0,-1.0)';
    '2Q':
      PIN_NUMBER='(3)';
      OUTPUT_LOAD='(1.0,-1.0)';
    'P5V0':
      PIN_NUMBER='(8)';
      PINUSE='POWER';
    'GNDD':
      PIN_NUMBER='(4)';
      PINUSE='POWER';
  end_pin;
  body
    CLASS='IC';
    PART_NAME='SN74LVC2G79';
    JEDEC_TYPE='soic8';
    BODY_NAME='sn74lvc2g79';
    FAMILY='?';
  end_body;
end_primitive;
END.
