FILE_TYPE=LIBRARY_PARTS;
TIME=' Created/Modified on Fri Jun 04 16:42:31 2004' ;
primitive 'C8051F041TQFP64';
  pin
    'TMS':
      PIN_NUMBER='(58)';
      INPUT_LOAD='(-0.01,0.01)';
    'TCK':
      PIN_NUMBER='(59)';
      INPUT_LOAD='(-0.01,0.01)';
    'TDI':
      PIN_NUMBER='(60)';
      INPUT_LOAD='(-0.01,0.01)';
    'TDO':
      PIN_NUMBER='(61)';
      OUTPUT_LOAD='(1.0,-1.0)';
    '-/RST':
      PIN_NUMBER='(62)';
      INPUT_LOAD='(-0.01,0.01)';
      OUTPUT_LOAD='(1.0,-1.0)';
      BIDIRECTIONAL='TRUE';
    '1XTAL':
      PIN_NUMBER='(17)';
      INPUT_LOAD='(-0.01,0.01)';
    '2XTAL':
      PIN_NUMBER='(18)';
      OUTPUT_LOAD='(1.0,-1.0)';
    'MONEN':
      PIN_NUMBER='(19)';
      INPUT_LOAD='(-0.01,0.01)';
    'VREF':
      PIN_NUMBER='(7)';
      INPUT_LOAD='(-0.01,0.01)';
      OUTPUT_LOAD='(1.0,-1.0)';
      BIDIRECTIONAL='TRUE';
    'VREFA':
      PIN_NUMBER='(8)';
      INPUT_LOAD='(-0.01,0.01)';
    'AIN0.'<0>:
      PIN_NUMBER='(9)';
      INPUT_LOAD='(-0.01,0.01)';
    'AIN0.'<1>:
      PIN_NUMBER='(10)';
      INPUT_LOAD='(-0.01,0.01)';
    'AIN0.'<2>:
      PIN_NUMBER='(11)';
      INPUT_LOAD='(-0.01,0.01)';
    'AIN0.'<3>:
      PIN_NUMBER='(12)';
      INPUT_LOAD='(-0.01,0.01)';
    'HVCAP':
      PIN_NUMBER='(13)';
      INPUT_LOAD='(-0.01,0.01)';
      OUTPUT_LOAD='(1.0,-1.0)';
      BIDIRECTIONAL='TRUE';
    'HVREF':
      PIN_NUMBER='(14)';
      INPUT_LOAD='(-0.01,0.01)';
    'HVAIN+':
      PIN_NUMBER='(15)';
      INPUT_LOAD='(-0.01,0.01)';
    'HVAIN-':
      PIN_NUMBER='(16)';
      INPUT_LOAD='(-0.01,0.01)';
    'CANTX':
      PIN_NUMBER='(2)';
      OUTPUT_LOAD='(1.0,-1.0)';
    'CANRX':
      PIN_NUMBER='(1)';
      INPUT_LOAD='(-0.01,0.01)';
    'DAC'<0>:
      PIN_NUMBER='(64)';
      OUTPUT_LOAD='(1.0,-1.0)';
    'DAC'<1>:
      PIN_NUMBER='(63)';
      OUTPUT_LOAD='(1.0,-1.0)';
    'P0.'<0>:
      PIN_NUMBER='(55)';
      INPUT_LOAD='(-0.01,0.01)';
      OUTPUT_LOAD='(1.0,-1.0)';
      BIDIRECTIONAL='TRUE';
    'P0.'<1>:
      PIN_NUMBER='(54)';
      INPUT_LOAD='(-0.01,0.01)';
      OUTPUT_LOAD='(1.0,-1.0)';
      BIDIRECTIONAL='TRUE';
    'P0.'<2>:
      PIN_NUMBER='(53)';
      INPUT_LOAD='(-0.01,0.01)';
      OUTPUT_LOAD='(1.0,-1.0)';
      BIDIRECTIONAL='TRUE';
    'P0.'<3>:
      PIN_NUMBER='(52)';
      INPUT_LOAD='(-0.01,0.01)';
      OUTPUT_LOAD='(1.0,-1.0)';
      BIDIRECTIONAL='TRUE';
    'P0.'<4>:
      PIN_NUMBER='(51)';
      INPUT_LOAD='(-0.01,0.01)';
      OUTPUT_LOAD='(1.0,-1.0)';
      BIDIRECTIONAL='TRUE';
    'P0.'<5>:
      PIN_NUMBER='(50)';
      INPUT_LOAD='(-0.01,0.01)';
      OUTPUT_LOAD='(1.0,-1.0)';
      BIDIRECTIONAL='TRUE';
    'P0.'<6>:
      PIN_NUMBER='(49)';
      INPUT_LOAD='(-0.01,0.01)';
      OUTPUT_LOAD='(1.0,-1.0)';
      BIDIRECTIONAL='TRUE';
    'P0.'<7>:
      PIN_NUMBER='(48)';
      INPUT_LOAD='(-0.01,0.01)';
      OUTPUT_LOAD='(1.0,-1.0)';
      BIDIRECTIONAL='TRUE';
    'P1.'<0>:
      PIN_NUMBER='(29)';
      INPUT_LOAD='(-0.01,0.01)';
      OUTPUT_LOAD='(1.0,-1.0)';
      BIDIRECTIONAL='TRUE';
    'P1.'<1>:
      PIN_NUMBER='(28)';
      INPUT_LOAD='(-0.01,0.01)';
      OUTPUT_LOAD='(1.0,-1.0)';
      BIDIRECTIONAL='TRUE';
    'P1.'<2>:
      PIN_NUMBER='(27)';
      INPUT_LOAD='(-0.01,0.01)';
      OUTPUT_LOAD='(1.0,-1.0)';
      BIDIRECTIONAL='TRUE';
    'P1.'<3>:
      PIN_NUMBER='(26)';
      INPUT_LOAD='(-0.01,0.01)';
      OUTPUT_LOAD='(1.0,-1.0)';
      BIDIRECTIONAL='TRUE';
    'P1.'<4>:
      PIN_NUMBER='(23)';
      INPUT_LOAD='(-0.01,0.01)';
      OUTPUT_LOAD='(1.0,-1.0)';
      BIDIRECTIONAL='TRUE';
    'P1.'<5>:
      PIN_NUMBER='(22)';
      INPUT_LOAD='(-0.01,0.01)';
      OUTPUT_LOAD='(1.0,-1.0)';
      BIDIRECTIONAL='TRUE';
    'P1.'<6>:
      PIN_NUMBER='(21)';
      INPUT_LOAD='(-0.01,0.01)';
      OUTPUT_LOAD='(1.0,-1.0)';
      BIDIRECTIONAL='TRUE';
    'P1.'<7>:
      PIN_NUMBER='(20)';
      INPUT_LOAD='(-0.01,0.01)';
      OUTPUT_LOAD='(1.0,-1.0)';
      BIDIRECTIONAL='TRUE';
    'P2.'<0>:
      PIN_NUMBER='(37)';
      INPUT_LOAD='(-0.01,0.01)';
      OUTPUT_LOAD='(1.0,-1.0)';
      BIDIRECTIONAL='TRUE';
    'P2.'<1>:
      PIN_NUMBER='(36)';
      INPUT_LOAD='(-0.01,0.01)';
      OUTPUT_LOAD='(1.0,-1.0)';
      BIDIRECTIONAL='TRUE';
    'P2.'<2>:
      PIN_NUMBER='(35)';
      INPUT_LOAD='(-0.01,0.01)';
      OUTPUT_LOAD='(1.0,-1.0)';
      BIDIRECTIONAL='TRUE';
    'P2.'<3>:
      PIN_NUMBER='(34)';
      INPUT_LOAD='(-0.01,0.01)';
      OUTPUT_LOAD='(1.0,-1.0)';
      BIDIRECTIONAL='TRUE';
    'P2.'<4>:
      PIN_NUMBER='(33)';
      INPUT_LOAD='(-0.01,0.01)';
      OUTPUT_LOAD='(1.0,-1.0)';
      BIDIRECTIONAL='TRUE';
    'P2.'<5>:
      PIN_NUMBER='(32)';
      INPUT_LOAD='(-0.01,0.01)';
      OUTPUT_LOAD='(1.0,-1.0)';
      BIDIRECTIONAL='TRUE';
    'P2.'<6>:
      PIN_NUMBER='(31)';
      INPUT_LOAD='(-0.01,0.01)';
      OUTPUT_LOAD='(1.0,-1.0)';
      BIDIRECTIONAL='TRUE';
    'P2.'<7>:
      PIN_NUMBER='(30)';
      INPUT_LOAD='(-0.01,0.01)';
      OUTPUT_LOAD='(1.0,-1.0)';
      BIDIRECTIONAL='TRUE';
    'P3.'<0>:
      PIN_NUMBER='(47)';
      INPUT_LOAD='(-0.01,0.01)';
      OUTPUT_LOAD='(1.0,-1.0)';
      BIDIRECTIONAL='TRUE';
    'P3.'<1>:
      PIN_NUMBER='(46)';
      INPUT_LOAD='(-0.01,0.01)';
      OUTPUT_LOAD='(1.0,-1.0)';
      BIDIRECTIONAL='TRUE';
    'P3.'<2>:
      PIN_NUMBER='(45)';
      INPUT_LOAD='(-0.01,0.01)';
      OUTPUT_LOAD='(1.0,-1.0)';
      BIDIRECTIONAL='TRUE';
    'P3.'<3>:
      PIN_NUMBER='(44)';
      INPUT_LOAD='(-0.01,0.01)';
      OUTPUT_LOAD='(1.0,-1.0)';
      BIDIRECTIONAL='TRUE';
    'P3.'<4>:
      PIN_NUMBER='(43)';
      INPUT_LOAD='(-0.01,0.01)';
      OUTPUT_LOAD='(1.0,-1.0)';
      BIDIRECTIONAL='TRUE';
    'P3.'<5>:
      PIN_NUMBER='(42)';
      INPUT_LOAD='(-0.01,0.01)';
      OUTPUT_LOAD='(1.0,-1.0)';
      BIDIRECTIONAL='TRUE';
    'P3.'<6>:
      PIN_NUMBER='(39)';
      INPUT_LOAD='(-0.01,0.01)';
      OUTPUT_LOAD='(1.0,-1.0)';
      BIDIRECTIONAL='TRUE';
    'P3.'<7>:
      PIN_NUMBER='(38)';
      INPUT_LOAD='(-0.01,0.01)';
      OUTPUT_LOAD='(1.0,-1.0)';
      BIDIRECTIONAL='TRUE';
  end_pin;
  body
    POWER_PINS='(VDD:24,41,57)';
    POWER_PINS='(GNDD:25,40,56)';
    POWER_PINS='(GNDA:4,5)';
    POWER_PINS='(AV1:6)';
    POWER_PINS='(AV0:3)';
    CLASS='IC';
    PART_NAME='C8051F041TQFP64';
    PHYS_DES_PREFIX='D';
    JEDEC_TYPE='TQFP64';
    BODY_NAME='C8051F041TQFP64';
    PATH='?';
    LOCATION='?';
  end_body;
end_primitive;
END.
