FILE_TYPE=LIBRARY_PARTS;
TIME=' Created/Modified on Mon May 31 17:06:28 2004' ;
primitive 'C8051F060TQFP100';
  pin
    'TMS':
      PIN_NUMBER='(96)';
      INPUT_LOAD='(-0.01,0.01)';
    'TCK':
      PIN_NUMBER='(97)';
      INPUT_LOAD='(-0.01,0.01)';
    'TDI':
      PIN_NUMBER='(98)';
      INPUT_LOAD='(-0.01,0.01)';
    'TDO':
      PIN_NUMBER='(99)';
      OUTPUT_LOAD='(1.0,-1.0)';
    '-/RST':
      PIN_NUMBER='(100)';
      INPUT_LOAD='(-0.01,0.01)';
      OUTPUT_LOAD='(1.0,-1.0)';
      BIDIRECTIONAL='TRUE';
    '1XTAL':
      PIN_NUMBER='(26)';
      INPUT_LOAD='(-0.01,0.01)';
    '2XTAL':
      PIN_NUMBER='(27)';
      OUTPUT_LOAD='(1.0,-1.0)';
    'MONEN':
      PIN_NUMBER='(28)';
      INPUT_LOAD='(-0.01,0.01)';
    'VREF':
      PIN_NUMBER='(4)';
      INPUT_LOAD='(-0.01,0.01)';
      OUTPUT_LOAD='(1.0,-1.0)';
      BIDIRECTIONAL='TRUE';
    'CANTX':
      PIN_NUMBER='(94)';
      OUTPUT_LOAD='(1.0,-1.0)';
    'CANRX':
      PIN_NUMBER='(95)';
      INPUT_LOAD='(-0.01,0.01)';
    'DAC'<0>:
      PIN_NUMBER='(25)';
      OUTPUT_LOAD='(1.0,-1.0)';
    'DAC'<1>:
      PIN_NUMBER='(1)';
      OUTPUT_LOAD='(1.0,-1.0)';
    'P0.'<0>:
      PIN_NUMBER='(62)';
      INPUT_LOAD='(-0.01,0.01)';
      OUTPUT_LOAD='(1.0,-1.0)';
      BIDIRECTIONAL='TRUE';
    'P0.'<1>:
      PIN_NUMBER='(61)';
      INPUT_LOAD='(-0.01,0.01)';
      OUTPUT_LOAD='(1.0,-1.0)';
      BIDIRECTIONAL='TRUE';
    'P0.'<2>:
      PIN_NUMBER='(60)';
      INPUT_LOAD='(-0.01,0.01)';
      OUTPUT_LOAD='(1.0,-1.0)';
      BIDIRECTIONAL='TRUE';
    'P0.'<3>:
      PIN_NUMBER='(59)';
      INPUT_LOAD='(-0.01,0.01)';
      OUTPUT_LOAD='(1.0,-1.0)';
      BIDIRECTIONAL='TRUE';
    'P0.'<4>:
      PIN_NUMBER='(58)';
      INPUT_LOAD='(-0.01,0.01)';
      OUTPUT_LOAD='(1.0,-1.0)';
      BIDIRECTIONAL='TRUE';
    'P0.'<5>:
      PIN_NUMBER='(57)';
      INPUT_LOAD='(-0.01,0.01)';
      OUTPUT_LOAD='(1.0,-1.0)';
      BIDIRECTIONAL='TRUE';
    'P0.'<6>:
      PIN_NUMBER='(56)';
      INPUT_LOAD='(-0.01,0.01)';
      OUTPUT_LOAD='(1.0,-1.0)';
      BIDIRECTIONAL='TRUE';
    'P0.'<7>:
      PIN_NUMBER='(55)';
      INPUT_LOAD='(-0.01,0.01)';
      OUTPUT_LOAD='(1.0,-1.0)';
      BIDIRECTIONAL='TRUE';
    'P1.'<0>:
      PIN_NUMBER='(36)';
      INPUT_LOAD='(-0.01,0.01)';
      OUTPUT_LOAD='(1.0,-1.0)';
      BIDIRECTIONAL='TRUE';
    'P1.'<1>:
      PIN_NUMBER='(35)';
      INPUT_LOAD='(-0.01,0.01)';
      OUTPUT_LOAD='(1.0,-1.0)';
      BIDIRECTIONAL='TRUE';
    'P1.'<2>:
      PIN_NUMBER='(34)';
      INPUT_LOAD='(-0.01,0.01)';
      OUTPUT_LOAD='(1.0,-1.0)';
      BIDIRECTIONAL='TRUE';
    'P1.'<3>:
      PIN_NUMBER='(33)';
      INPUT_LOAD='(-0.01,0.01)';
      OUTPUT_LOAD='(1.0,-1.0)';
      BIDIRECTIONAL='TRUE';
    'P1.'<4>:
      PIN_NUMBER='(32)';
      INPUT_LOAD='(-0.01,0.01)';
      OUTPUT_LOAD='(1.0,-1.0)';
      BIDIRECTIONAL='TRUE';
    'P1.'<5>:
      PIN_NUMBER='(31)';
      INPUT_LOAD='(-0.01,0.01)';
      OUTPUT_LOAD='(1.0,-1.0)';
      BIDIRECTIONAL='TRUE';
    'P1.'<6>:
      PIN_NUMBER='(30)';
      INPUT_LOAD='(-0.01,0.01)';
      OUTPUT_LOAD='(1.0,-1.0)';
      BIDIRECTIONAL='TRUE';
    'P1.'<7>:
      PIN_NUMBER='(29)';
      INPUT_LOAD='(-0.01,0.01)';
      OUTPUT_LOAD='(1.0,-1.0)';
      BIDIRECTIONAL='TRUE';
    'P2.'<0>:
      PIN_NUMBER='(46)';
      INPUT_LOAD='(-0.01,0.01)';
      OUTPUT_LOAD='(1.0,-1.0)';
      BIDIRECTIONAL='TRUE';
    'P2.'<1>:
      PIN_NUMBER='(45)';
      INPUT_LOAD='(-0.01,0.01)';
      OUTPUT_LOAD='(1.0,-1.0)';
      BIDIRECTIONAL='TRUE';
    'P2.'<2>:
      PIN_NUMBER='(44)';
      INPUT_LOAD='(-0.01,0.01)';
      OUTPUT_LOAD='(1.0,-1.0)';
      BIDIRECTIONAL='TRUE';
    'P2.'<3>:
      PIN_NUMBER='(43)';
      INPUT_LOAD='(-0.01,0.01)';
      OUTPUT_LOAD='(1.0,-1.0)';
      BIDIRECTIONAL='TRUE';
    'P2.'<4>:
      PIN_NUMBER='(42)';
      INPUT_LOAD='(-0.01,0.01)';
      OUTPUT_LOAD='(1.0,-1.0)';
      BIDIRECTIONAL='TRUE';
    'P2.'<5>:
      PIN_NUMBER='(41)';
      INPUT_LOAD='(-0.01,0.01)';
      OUTPUT_LOAD='(1.0,-1.0)';
      BIDIRECTIONAL='TRUE';
    'P2.'<6>:
      PIN_NUMBER='(40)';
      INPUT_LOAD='(-0.01,0.01)';
      OUTPUT_LOAD='(1.0,-1.0)';
      BIDIRECTIONAL='TRUE';
    'P2.'<7>:
      PIN_NUMBER='(39)';
      INPUT_LOAD='(-0.01,0.01)';
      OUTPUT_LOAD='(1.0,-1.0)';
      BIDIRECTIONAL='TRUE';
    'P3.'<0>:
      PIN_NUMBER='(54)';
      INPUT_LOAD='(-0.01,0.01)';
      OUTPUT_LOAD='(1.0,-1.0)';
      BIDIRECTIONAL='TRUE';
    'P3.'<1>:
      PIN_NUMBER='(53)';
      INPUT_LOAD='(-0.01,0.01)';
      OUTPUT_LOAD='(1.0,-1.0)';
      BIDIRECTIONAL='TRUE';
    'P3.'<2>:
      PIN_NUMBER='(52)';
      INPUT_LOAD='(-0.01,0.01)';
      OUTPUT_LOAD='(1.0,-1.0)';
      BIDIRECTIONAL='TRUE';
    'P3.'<3>:
      PIN_NUMBER='(51)';
      INPUT_LOAD='(-0.01,0.01)';
      OUTPUT_LOAD='(1.0,-1.0)';
      BIDIRECTIONAL='TRUE';
    'P3.'<4>:
      PIN_NUMBER='(50)';
      INPUT_LOAD='(-0.01,0.01)';
      OUTPUT_LOAD='(1.0,-1.0)';
      BIDIRECTIONAL='TRUE';
    'P3.'<5>:
      PIN_NUMBER='(49)';
      INPUT_LOAD='(-0.01,0.01)';
      OUTPUT_LOAD='(1.0,-1.0)';
      BIDIRECTIONAL='TRUE';
    'P3.'<6>:
      PIN_NUMBER='(48)';
      INPUT_LOAD='(-0.01,0.01)';
      OUTPUT_LOAD='(1.0,-1.0)';
      BIDIRECTIONAL='TRUE';
    'P3.'<7>:
      PIN_NUMBER='(47)';
      INPUT_LOAD='(-0.01,0.01)';
      OUTPUT_LOAD='(1.0,-1.0)';
      BIDIRECTIONAL='TRUE';
    'P4.'<5>:
      PIN_NUMBER='(93)';
      INPUT_LOAD='(-0.01,0.01)';
      OUTPUT_LOAD='(1.0,-1.0)';
      BIDIRECTIONAL='TRUE';
    'P4.'<6>:
      PIN_NUMBER='(92)';
      INPUT_LOAD='(-0.01,0.01)';
      OUTPUT_LOAD='(1.0,-1.0)';
      BIDIRECTIONAL='TRUE';
    'P4.'<7>:
      PIN_NUMBER='(91)';
      INPUT_LOAD='(-0.01,0.01)';
      OUTPUT_LOAD='(1.0,-1.0)';
      BIDIRECTIONAL='TRUE';
    'P5.'<0>:
      PIN_NUMBER='(88)';
      INPUT_LOAD='(-0.01,0.01)';
      OUTPUT_LOAD='(1.0,-1.0)';
      BIDIRECTIONAL='TRUE';
    'P5.'<1>:
      PIN_NUMBER='(87)';
      INPUT_LOAD='(-0.01,0.01)';
      OUTPUT_LOAD='(1.0,-1.0)';
      BIDIRECTIONAL='TRUE';
    'P5.'<2>:
      PIN_NUMBER='(86)';
      INPUT_LOAD='(-0.01,0.01)';
      OUTPUT_LOAD='(1.0,-1.0)';
      BIDIRECTIONAL='TRUE';
    'P5.'<3>:
      PIN_NUMBER='(85)';
      INPUT_LOAD='(-0.01,0.01)';
      OUTPUT_LOAD='(1.0,-1.0)';
      BIDIRECTIONAL='TRUE';
    'P5.'<4>:
      PIN_NUMBER='(84)';
      INPUT_LOAD='(-0.01,0.01)';
      OUTPUT_LOAD='(1.0,-1.0)';
      BIDIRECTIONAL='TRUE';
    'P5.'<5>:
      PIN_NUMBER='(83)';
      INPUT_LOAD='(-0.01,0.01)';
      OUTPUT_LOAD='(1.0,-1.0)';
      BIDIRECTIONAL='TRUE';
    'P5.'<6>:
      PIN_NUMBER='(82)';
      INPUT_LOAD='(-0.01,0.01)';
      OUTPUT_LOAD='(1.0,-1.0)';
      BIDIRECTIONAL='TRUE';
    'P5.'<7>:
      PIN_NUMBER='(81)';
      INPUT_LOAD='(-0.01,0.01)';
      OUTPUT_LOAD='(1.0,-1.0)';
      BIDIRECTIONAL='TRUE';
    'P6.'<0>:
      PIN_NUMBER='(80)';
      INPUT_LOAD='(-0.01,0.01)';
      OUTPUT_LOAD='(1.0,-1.0)';
      BIDIRECTIONAL='TRUE';
    'P6.'<1>:
      PIN_NUMBER='(79)';
      INPUT_LOAD='(-0.01,0.01)';
      OUTPUT_LOAD='(1.0,-1.0)';
      BIDIRECTIONAL='TRUE';
    'P6.'<2>:
      PIN_NUMBER='(78)';
      INPUT_LOAD='(-0.01,0.01)';
      OUTPUT_LOAD='(1.0,-1.0)';
      BIDIRECTIONAL='TRUE';
    'P6.'<3>:
      PIN_NUMBER='(77)';
      INPUT_LOAD='(-0.01,0.01)';
      OUTPUT_LOAD='(1.0,-1.0)';
      BIDIRECTIONAL='TRUE';
    'P6.'<4>:
      PIN_NUMBER='(76)';
      INPUT_LOAD='(-0.01,0.01)';
      OUTPUT_LOAD='(1.0,-1.0)';
      BIDIRECTIONAL='TRUE';
    'P6.'<5>:
      PIN_NUMBER='(75)';
      INPUT_LOAD='(-0.01,0.01)';
      OUTPUT_LOAD='(1.0,-1.0)';
      BIDIRECTIONAL='TRUE';
    'P6.'<6>:
      PIN_NUMBER='(74)';
      INPUT_LOAD='(-0.01,0.01)';
      OUTPUT_LOAD='(1.0,-1.0)';
      BIDIRECTIONAL='TRUE';
    'P6.'<7>:
      PIN_NUMBER='(73)';
      INPUT_LOAD='(-0.01,0.01)';
      OUTPUT_LOAD='(1.0,-1.0)';
      BIDIRECTIONAL='TRUE';
    'P7.'<0>:
      PIN_NUMBER='(72)';
      INPUT_LOAD='(-0.01,0.01)';
      OUTPUT_LOAD='(1.0,-1.0)';
      BIDIRECTIONAL='TRUE';
    'P7.'<1>:
      PIN_NUMBER='(71)';
      INPUT_LOAD='(-0.01,0.01)';
      OUTPUT_LOAD='(1.0,-1.0)';
      BIDIRECTIONAL='TRUE';
    'P7.'<2>:
      PIN_NUMBER='(70)';
      INPUT_LOAD='(-0.01,0.01)';
      OUTPUT_LOAD='(1.0,-1.0)';
      BIDIRECTIONAL='TRUE';
    'P7.'<3>:
      PIN_NUMBER='(69)';
      INPUT_LOAD='(-0.01,0.01)';
      OUTPUT_LOAD='(1.0,-1.0)';
      BIDIRECTIONAL='TRUE';
    'P7.'<4>:
      PIN_NUMBER='(68)';
      INPUT_LOAD='(-0.01,0.01)';
      OUTPUT_LOAD='(1.0,-1.0)';
      BIDIRECTIONAL='TRUE';
    'P7.'<5>:
      PIN_NUMBER='(67)';
      INPUT_LOAD='(-0.01,0.01)';
      OUTPUT_LOAD='(1.0,-1.0)';
      BIDIRECTIONAL='TRUE';
    'P7.'<6>:
      PIN_NUMBER='(66)';
      INPUT_LOAD='(-0.01,0.01)';
      OUTPUT_LOAD='(1.0,-1.0)';
      BIDIRECTIONAL='TRUE';
    'P7.'<7>:
      PIN_NUMBER='(65)';
      INPUT_LOAD='(-0.01,0.01)';
      OUTPUT_LOAD='(1.0,-1.0)';
      BIDIRECTIONAL='TRUE';
    '0VREF':
      PIN_NUMBER='(21)';
      INPUT_LOAD='(-0.01,0.01)';
      OUTPUT_LOAD='(1.0,-1.0)';
      BIDIRECTIONAL='TRUE';
    '1VREF':
      PIN_NUMBER='(6)';
      INPUT_LOAD='(-0.01,0.01)';
      OUTPUT_LOAD='(1.0,-1.0)';
      BIDIRECTIONAL='TRUE';
    '2VREF':
      PIN_NUMBER='(2)';
      INPUT_LOAD='(-0.01,0.01)';
    'VRGND'<0>:
      PIN_NUMBER='(20)';
      INPUT_LOAD='(-0.01,0.01)';
    'VRGND'<1>:
      PIN_NUMBER='(7)';
      INPUT_LOAD='(-0.01,0.01)';
    'VBGAP'<0>:
      PIN_NUMBER='(22)';
      OUTPUT_LOAD='(1.0,-1.0)';
    'VBGAP'<1>:
      PIN_NUMBER='(5)';
      OUTPUT_LOAD='(1.0,-1.0)';
    'VREFD':
      PIN_NUMBER='(3)';
      INPUT_LOAD='(-0.01,0.01)';
    'AIN'<0>:
      PIN_NUMBER='(18)';
      INPUT_LOAD='(-0.01,0.01)';
    'AIN'<1>:
      PIN_NUMBER='(9)';
      INPUT_LOAD='(-0.01,0.01)';
    'AING'<0>:
      PIN_NUMBER='(19)';
      INPUT_LOAD='(-0.01,0.01)';
    'AING'<1>:
      PIN_NUMBER='(8)';
      INPUT_LOAD='(-0.01,0.01)';
    'CNVSTR'<0>:
      PIN_NUMBER='(15)';
      INPUT_LOAD='(-0.01,0.01)';
    'CNVSTR'<1>:
      PIN_NUMBER='(12)';
      INPUT_LOAD='(-0.01,0.01)';
  end_pin;
  body
    POWER_PINS='(VDD:37,64,90)';
    POWER_PINS='(GNDD:38,63,89)';
    POWER_PINS='(GNDA:10,14,17,23)';
    POWER_PINS='(AV1:11)';
    POWER_PINS='(AV0:16)';
    POWER_PINS='(AVDD:13)';
    POWER_PINS='(AV3:24)';
    CLASS='IC';
    PART_NAME='C8051F060TQFP100';
    PHYS_DES_PREFIX='D';
    JEDEC_TYPE='tqfp100';
    LOCATION='?';
    PATH='?';
    BODY_NAME='C8051F060TQFP100';
  end_body;
end_primitive;
END.
