FILE_TYPE=LIBRARY_PARTS;
primitive 'ROS-1631-119';
  pin
    'RFOUT':
      PIN_NUMBER='(10)';
      PIN_TYPE='ANALOG';
      NO_LOAD_CHECK='Both';
      NO_IO_CHECK='Both';
      NO_ASSERT_CHECK='TRUE';
      NO_DIR_CHECK='TRUE';
      ALLOW_CONNECT='TRUE';
    'VCC':
      PIN_NUMBER='(14)';
      PIN_TYPE='ANALOG';
      NO_LOAD_CHECK='Both';
      NO_IO_CHECK='Both';
      NO_ASSERT_CHECK='TRUE';
      NO_DIR_CHECK='TRUE';
      ALLOW_CONNECT='TRUE';
    'VTUNE':
      PIN_NUMBER='(2)';
      PIN_TYPE='ANALOG';
      NO_LOAD_CHECK='Both';
      NO_IO_CHECK='Both';
      NO_ASSERT_CHECK='TRUE';
      NO_DIR_CHECK='TRUE';
      ALLOW_CONNECT='TRUE';
  end_pin;
  body
    PART_NAME='ROS-1631-119';
    BODY_NAME='ROS-1631-119';
    PHYS_DES_PREFIX='U';
    CLASS='IC';
    GROUND_NETS='SHIELD';
    POWER_PINS='(SHIELD:1,3,4,5,6,7,8,9,11,12,13,15,16)';
  end_body;
end_primitive;

END.
