Exported by : Natali
Part bq :
Creation Status - New Part, Creation time : Thu Jun 26 10:57:04 2003
Modification Status - No modification
Comments :
Exported by : Natali
Part c :
Creation Status - New Part, Creation time : Thu Jun 26 10:57:16 2003
Modification Status - No modification
Comments :
Exported by : Natali
Part c_el :
Creation Status - New Part, Creation time : Thu Jun 26 10:57:35 2003
Modification Status - No modification
Comments :
Exported by : Natali
Part cnp135 :
Creation Status - New Part, Creation time : Thu Jun 26 10:57:41 2003
Modification Status - No modification
Comments :
Exported by : Natali
Part cnp30 :
Creation Status - New Part, Creation time : Thu Jun 26 10:57:45 2003
Modification Status - No modification
Comments :
Exported by : Natali
Part pld10 :
Creation Status - New Part, Creation time : Thu Jun 26 10:58:44 2003
Modification Status - No modification
Comments :
Exported by : Natali
Part pls1 :
Creation Status - New Part, Creation time : Thu Jun 26 10:58:58 2003
Modification Status - No modification
Comments :
Exported by : Natali
Part r :
Creation Status - New Part, Creation time : Thu Jun 26 10:59:03 2003
Modification Status - No modification
Comments :
Exported by : Natali
Part c :
Creation Status - New Part, Creation time : Tue Apr 08 16:11:37 2003
Modification Status - No modification
Comments :
Exported by : Natali
Part bq :
Creation Status - New Part, Creation time : Tue Apr 08 16:11:37 2003
Modification Status - No modification
Comments :
Exported by : Natali
Part c_el :
Creation Status - New Part, Creation time : Tue Apr 08 16:11:37 2003
Modification Status - No modification
Comments :
Exported by : Natali
Part r :
Creation Status - New Part, Creation time : Tue Apr 08 16:11:37 2003
Modification Status - No modification
Comments :
Exported by : Natali
Part a3_page_1 :
Creation Status - New Part, Creation time : Tue Jun 24 10:53:36 2003
Modification Status - No modification
Comments :
Exported by : Natali
Part a3_page_2 :
Creation Status - New Part, Creation time : Tue Jun 24 10:54:04 2003
Modification Status - No modification
Comments :
Exported by : Natali
Part net_bus :
Creation Status - New Part, Creation time : Sat Jun 21 14:29:48 2003
Modification Status - No modification
Comments :
Exported by : Olga
Part 597_77010202 :
Creation Status - New Part, Creation time : Tue Jul 08 10:27:06 2003
Modification Status - No modification
Comments :
Exported by : Olga
Part can0001dp :
Creation Status - New Part, Creation time : Tue Jul 08 09:57:25 2003
Modification Status - No modification
Comments :
Exported by : Olga
Part c :
Creation Status - New Part, Creation time : Tue Apr 08 15:22:21 2003
Modification Status - No modification
Comments :
Exported by : Olga
Part c_el :
Creation Status - New Part, Creation time : Tue Apr 08 14:51:14 2003
Modification Status - No modification
Comments :
Exported by : Natali
Part r :
Creation Status - New Part, Creation time : Wed Sep 24 11:16:11 2003
Modification Status - No modification
Comments :
Exported by : Natali
Part jump2 :
Creation Status - New Part, Creation time : Wed Oct 08 16:19:09 2003
Modification Status - No modification
Comments :
Exported by : Natali
Part jump :
Creation Status - New Part, Creation time : Tue Sep 16 10:53:42 2003
Modification Status - No modification
Comments :
Exported by : Natali
Part jump4 :
Creation Status - New Part, Creation time : Wed Oct 08 16:17:26 2003
Modification Status - No modification
Comments :
Exported by : Natali
Part vt_npn :
Creation Status - New Part, Creation time : Wed Nov 12 10:39:49 2003
Modification Status - No modification
Comments :
Exported by : Natali
Part vt_pnp :
Creation Status - New Part, Creation time : Wed Nov 12 10:42:54 2003
Modification Status - No modification
Comments :
Exported by : Natali
Part vt_pnp :
Creation Status - New Part, Creation time : Wed Nov 12 10:42:54 2003
Modification Status - No modification
Comments :
Exported by : Natali
Part vt_npn :
Creation Status - New Part, Creation time : Wed Nov 12 10:39:49 2003
Modification Status - No modification
Comments :
Exported by : Natali
Part vt_pnp :
Creation Status - New Part, Creation time : Wed Nov 12 10:42:54 2003
Modification Status - No modification
Comments :
Exported by : Olga
Part xt :
Creation Status - New Part, Creation time : Mon Jan 05 14:18:16 2004
Modification Status - No modification
Part vt :
Creation Status - New Part, Creation time : Mon Jan 05 14:18:16 2004
Modification Status - No modification
Part vd :
Creation Status - New Part, Creation time : Mon Jan 05 14:18:16 2004
Modification Status - No modification
Part r :
Creation Status - New Part, Creation time : Thu Sep 25 10:12:35 2003
Modification Status - No modification
Part qte_020 :
Creation Status - New Part, Creation time : Mon Jan 05 14:18:16 2004
Modification Status - No modification
Part pls1 :
Creation Status - New Part, Creation time : Tue Apr 08 14:53:38 2003
Modification Status - No modification
Part pld10 :
Creation Status - New Part, Creation time : Fri Jul 04 11:14:40 2003
Modification Status - No modification
Part p3v3m :
Creation Status - New Part, Creation time : Thu Sep 25 10:13:30 2003
Modification Status - No modification
Part p3v3 :
Creation Status - New Part, Creation time : Fri Jul 04 09:25:45 2003
Modification Status - No modification
Part p27v0 :
Creation Status - New Part, Creation time : Wed Sep 17 10:02:56 2003
Modification Status - No modification
Part mpv3b :
Creation Status - New Part, Creation time : Mon Jan 05 16:39:34 2004
Modification Status - No modification
Part mpb3 :
Creation Status - New Part, Creation time : Mon Jan 05 14:18:16 2004
Modification Status - No modification
Part max1490 :
Creation Status - New Part, Creation time : Wed Apr 02 10:04:57 2003
Modification Status - No modification
Part l :
Creation Status - New Part, Creation time : Tue Jan 06 13:12:16 2004
Modification Status - No modification
Part h11a817 :
Creation Status - New Part, Creation time : Mon Jan 05 14:18:16 2004
Modification Status - No modification
Part gnddm :
Creation Status - New Part, Creation time : Thu Sep 25 10:13:31 2003
Modification Status - No modification
Part gndd :
Creation Status - New Part, Creation time : Wed Apr 09 16:12:47 2003
Modification Status - No modification
Part fu :
Creation Status - New Part, Creation time : Mon Jan 05 14:18:16 2004
Modification Status - No modification
Part epm7128 :
Creation Status - New Part, Creation time : Wed Apr 02 10:04:55 2003
Modification Status - No modification
Part c_el :
Creation Status - New Part, Creation time : Tue Apr 08 15:11:37 2003
Modification Status - No modification
Part cnp30 :
Creation Status - New Part, Creation time : Tue Apr 08 11:50:02 2003
Modification Status - No modification
Part cnp135 :
Creation Status - New Part, Creation time : Tue Apr 08 09:59:47 2003
Modification Status - No modification
Part c :
Creation Status - New Part, Creation time : Tue Apr 08 15:11:37 2003
Modification Status - No modification
Part bq :
Creation Status - New Part, Creation time : Tue Apr 08 15:11:37 2003
Modification Status - No modification
Part bmp10 :
Creation Status - New Part, Creation time : Mon Jan 05 14:18:15 2004
Modification Status - No modification
Part b82799co :
Creation Status - New Part, Creation time : Mon Jan 05 14:18:15 2004
Modification Status - No modification
Part b827 :
Creation Status - New Part, Creation time : Mon Jan 05 14:18:15 2004
Modification Status - No modification
Part a3_page_2 :
Creation Status - New Part, Creation time : Tue Jun 24 09:54:04 2003
Modification Status - No modification
Part a3_page_1 :
Creation Status - New Part, Creation time : Tue Jun 24 09:53:36 2003
Modification Status - No modification
Part 83612_9024 :
Creation Status - New Part, Creation time : Thu Sep 25 10:12:44 2003
Modification Status - No modification
Part 597_77010202 :
Creation Status - New Part, Creation time : Thu Sep 25 10:12:27 2003
Modification Status - No modification
Part 530ln1 :
Creation Status - New Part, Creation time : Wed Apr 09 14:17:55 2003
Modification Status - No modification
Part 142en8b :
Creation Status - New Part, Creation time : Tue Jan 06 13:04:58 2004
Modification Status - No modification
Part 1002xl1 :
Creation Status - New Part, Creation time : Wed Apr 02 10:04:30 2003
Modification Status - No modification
Comments :
Exported by : Olga
Part 1002xl1 :
Creation Status - Imported from discrete_niitp, Import time : Thu Jan 08 09:33:34 2004
Modification Status - Modified, Marked for Deletion in the reference area
Comments :
Exported by : Olga
Part 142en8b :
Creation Status - Imported from discrete_niitp, Import time : Thu Jan 08 09:33:34 2004
Modification Status - Modified, Marked for Deletion in the reference area
Comments :
Exported by : Olga
Part 530ln1 :
Creation Status - Imported from discrete_niitp, Import time : Thu Jan 08 09:33:34 2004
Modification Status - Modified, Marked for Deletion in the reference area
Comments :
Exported by : Olga
Part 597_77010202 :
Creation Status - Imported from discrete_niitp, Import time : Thu Jan 08 09:33:34 2004
Modification Status - Modified, Marked for Deletion in the reference area
Comments :
Exported by : Olga
Part 83612_9024 :
Creation Status - Imported from discrete_niitp, Import time : Thu Jan 08 09:33:34 2004
Modification Status - Modified, Marked for Deletion in the reference area
Comments :
Exported by : Olga
Part a3_page_1 :
Creation Status - Imported from discrete_niitp, Import time : Thu Jan 08 09:33:34 2004
Modification Status - Modified, Marked for Deletion in the reference area
Comments :
Exported by : Olga
Part a3_page_2 :
Creation Status - Imported from discrete_niitp, Import time : Thu Jan 08 09:33:34 2004
Modification Status - Modified, Marked for Deletion in the reference area
Comments :
Exported by : Olga
Part b827 :
Creation Status - Imported from discrete_niitp, Import time : Thu Jan 08 09:33:33 2004
Modification Status - Modified, Marked for Deletion in the reference area
Comments :
Exported by : Olga
Part b82799co :
Creation Status - Imported from discrete_niitp, Import time : Thu Jan 08 09:33:33 2004
Modification Status - Modified, Marked for Deletion in the reference area
Comments :
Exported by : Olga
Part bmp10 :
Creation Status - Imported from discrete_niitp, Import time : Thu Jan 08 09:33:33 2004
Modification Status - Modified, Marked for Deletion in the reference area
Comments :
Exported by : Olga
Part epm7128 :
Creation Status - Imported from discrete_niitp, Import time : Thu Jan 08 09:33:33 2004
Modification Status - Modified, Marked for Deletion in the reference area
Comments :
Exported by : Olga
Part h11a817 :
Creation Status - Imported from discrete_niitp, Import time : Thu Jan 08 09:33:33 2004
Modification Status - Modified, Marked for Deletion in the reference area
Comments :
Exported by : Olga
Part max1490 :
Creation Status - Imported from discrete_niitp, Import time : Thu Jan 08 09:33:32 2004
Modification Status - Modified, Marked for Deletion in the reference area
Comments :
Exported by : Olga
Part mpb3 :
Creation Status - Imported from discrete_niitp, Import time : Thu Jan 08 09:33:32 2004
Modification Status - Modified, Marked for Deletion in the reference area
Comments :
Exported by : Olga
Part mpv3b :
Creation Status - Imported from discrete_niitp, Import time : Thu Jan 08 09:33:32 2004
Modification Status - Modified, Marked for Deletion in the reference area
Comments :
Exported by : Olga
Part gndd :
Creation Status - Imported from discrete_niitp, Import time : Thu Jan 08 09:33:33 2004
Modification Status - Modified, Marked for Deletion in the reference area
Comments :
Exported by : Olga
Part gnddm :
Creation Status - Imported from discrete_niitp, Import time : Thu Jan 08 09:33:33 2004
Modification Status - Modified, Marked for Deletion in the reference area
Comments :
Exported by : Olga
Part 83612_9024 :
Creation Status - New Part, Creation time : Fri Jul 04 15:41:38 2003
Modification Status - No modification
Comments :
Exported by : Olga
Part tmc_p_25tl :
Creation Status - New Part, Creation time : Fri Jul 04 14:56:32 2003
Modification Status - No modification
Comments :
Exported by : Olga
Part qse_020 :
Creation Status - New Part, Creation time : Mon Oct 06 15:01:03 2003
Modification Status - No modification
Comments :
Exported by : Olga
Part sub_rcmd :
Creation Status - New Part, Creation time : Tue Sep 09 09:32:08 2003
Modification Status - No modification
Comments :
Exported by : Olga
Part bc847 :
Creation Status - New Part, Creation time : Thu Sep 18 12:02:56 2003
Modification Status - No modification
Comments :
Exported by : Olga
Part sbm1040ct :
Creation Status - New Part, Creation time : Tue Jul 08 14:04:47 2003
Modification Status - No modification
Comments :
Exported by : Olga
Part lpd16 :
Creation Status - New Part, Creation time : Fri Oct 03 11:50:55 2003
Modification Status - No modification
Comments :
Exported by : Olga
Part pvdz172n :
Creation Status - New Part, Creation time : Mon Jan 12 11:57:30 2004
Modification Status - No modification
Comments :
Exported by : Olga
Part c_pr :
Creation Status - New Part, Creation time : Tue Mar 09 11:50:35 2004
Modification Status - No modification
Comments :
Exported by : Olga
Part c_pr :
Creation Status - Imported from discrete_niitp, Import time : Tue Mar 09 11:56:54 2004
Modification Status - Modified
Comments :
Exported by : Olga
Part qte_020_k :
Creation Status - New Part, Creation time : Mon Mar 15 15:04:54 2004
Modification Status - No modification
Comments :
Exported by : Olga
Part c_nfm21c :
Creation Status - New Part, Creation time : Tue Apr 13 11:48:29 2004
Modification Status - No modification
Comments :
Exported by : Olga
Part c_nfm21c :
Creation Status - Imported from discrete_niitp, Import time : Tue Apr 13 12:23:26 2004
Modification Status - Modified
Comments :
Exported by : Olga
Part c_nfm21c :
Creation Status - Imported from discrete_niitp, Import time : Tue Apr 13 12:35:33 2004
Modification Status - Modified
Comments :
Exported by : Olga
Part c_jtag :
Creation Status - New Part, Creation time : Thu Jun 05 15:32:29 2003
Modification Status - No modification
Comments :
Exported by : Olga
Part bc847 :
Creation Status - New Part, Creation time : Thu Sep 18 13:02:56 2003
Modification Status - No modification
Comments :
Exported by : Olga
Part ent-125_01_s_d :
Creation Status - New Part, Creation time : Mon Jul 07 13:02:13 2003
Modification Status - No modification
Comments :
Exported by : Olga
Part h11a817 :
Creation Status - New Part, Creation time : Tue Nov 11 18:12:33 2003
Modification Status - No modification
Comments :
Exported by : Olga
Part pvdz172n :
Creation Status - New Part, Creation time : Mon Jan 12 12:57:30 2004
Modification Status - No modification
Comments :
Exported by : Olga
Part ent-125_01_s_d :
Creation Status - New Part, Creation time : Mon Jul 07 13:02:13 2003
Modification Status - No modification
Comments :
Exported by : Olga
Part tmm_103 :
Creation Status - New Part, Creation time : Fri Jun 04 12:35:57 2004
Modification Status - No modification
Comments :
Exported by : Olga
Part vd :
Creation Status - Imported from discrete_niitp, Import time : Wed Jul 28 16:58:17 2004
Modification Status - Modified
Comments :
Exported by : Olga
Part vd :
Creation Status - Imported from discrete_niitp, Import time : Wed Jul 28 17:23:07 2004
Modification Status - Modified
Comments :
Exported by : Olga
Part c_nfm21c :
Creation Status - Imported from discrete_niitp, Import time : Fri Oct 22 17:20:39 2004
Modification Status - Modified
Comments :
Exported by : Olga
Part r :
Creation Status - Imported from discrete_niitp, Import time : Fri Dec 17 09:55:53 2004
Modification Status - Modified
Comments :
Exported by : Olga
Part vt_npn :
Creation Status - Imported from discrete_niitp, Import time : Wed Dec 22 11:44:02 2004
Modification Status - Modified
Comments :
Exported by : Olga
Part vt_pnp :
Creation Status - Imported from discrete_niitp, Import time : Wed Dec 22 11:44:09 2004
Modification Status - Modified
Comments :
Exported by : Olga
Part vd_new :
Creation Status - New Part, Creation time : Wed Jan 26 10:48:41 2005
Modification Status - No modification
Comments :
Exported by : Olga
Part vd_new :
Creation Status - Imported from discrete_niitp, Import time : Wed Jan 26 10:48:41 2005
Modification Status - Modified
Comments :
Exported by : Olga
Part r :
Creation Status - Imported from discrete_niitp, Import time : Wed Feb 02 10:50:28 2005
Modification Status - Modified
Comments :
Exported by : Olga
Part r :
Creation Status - Imported from discrete_niitp, Import time : Thu Feb 03 17:22:45 2005
Modification Status - No modification
Comments :
Exported by : Olga
Part r :
Creation Status - Imported from discrete_niitp, Import time : Thu Feb 03 17:24:43 2005
Modification Status - No modification
Comments :
Exported by : Olga
Part r :
Creation Status - Imported from discrete_niitp, Import time : Thu Feb 03 17:24:43 2005
Modification Status - No modification
Comments :