FILE_TYPE=LIBRARY_PARTS;
TIME=' Created/Modified on Mon Jan 12 11:01:07 2004' ;
primitive 'SN74LVC2G00';
  pin
    '1A':
      PIN_NUMBER='(1)';
      INPUT_LOAD='(-0.01,0.01)';
    '1B':
      PIN_NUMBER='(2)';
      INPUT_LOAD='(-0.01,0.01)';
    '2A':
      PIN_NUMBER='(5)';
      INPUT_LOAD='(-0.01,0.01)';
    '2B':
      PIN_NUMBER='(6)';
      INPUT_LOAD='(-0.01,0.01)';
    '-1Y':
      PIN_NUMBER='(7)';
      OUTPUT_LOAD='(1.0,-1.0)';
    '-2Y':
      PIN_NUMBER='(3)';
      OUTPUT_LOAD='(1.0,-1.0)';
  end_pin;
  body
    POWER_PINS='(GNDD:4)';
    POWER_PINS='(P5V0:8)';
    CLASS='IC';
    PART_NAME='SN74LVC2G00';
    JEDEC_TYPE='F82';
    BODY_NAME='SN74LVC2G00';
    FAMILY='?';
  end_body;
end_primitive;
END.
