FILE_TYPE=LIBRARY_PARTS;
TIME=' Created/Modified on Tue Jul 06 17:30:00 2004' ;
primitive 'SN74HC138';
  pin
    'A':
      PIN_NUMBER='(1)';
      INPUT_LOAD='(-0.01,0.01)';
    'B':
      PIN_NUMBER='(2)';
      INPUT_LOAD='(-0.01,0.01)';
    'C':
      PIN_NUMBER='(3)';
      INPUT_LOAD='(-0.01,0.01)';
    'G1':
      PIN_NUMBER='(6)';
      INPUT_LOAD='(-0.01,0.01)';
    '-G2A':
      PIN_NUMBER='(4)';
      INPUT_LOAD='(-0.01,0.01)';
    '-G2B':
      PIN_NUMBER='(5)';
      INPUT_LOAD='(-0.01,0.01)';
    'Y'<0>:
      PIN_NUMBER='(15)';
      OUTPUT_LOAD='(1.0,-1.0)';
    'Y'<1>:
      PIN_NUMBER='(14)';
      OUTPUT_LOAD='(1.0,-1.0)';
    'Y'<2>:
      PIN_NUMBER='(13)';
      OUTPUT_LOAD='(1.0,-1.0)';
    'Y'<3>:
      PIN_NUMBER='(12)';
      OUTPUT_LOAD='(1.0,-1.0)';
    'Y'<4>:
      PIN_NUMBER='(11)';
      OUTPUT_LOAD='(1.0,-1.0)';
    'Y'<5>:
      PIN_NUMBER='(10)';
      OUTPUT_LOAD='(1.0,-1.0)';
    'Y'<6>:
      PIN_NUMBER='(9)';
      OUTPUT_LOAD='(1.0,-1.0)';
    'Y'<7>:
      PIN_NUMBER='(7)';
      OUTPUT_LOAD='(1.0,-1.0)';
    'GNDD':
      PIN_NUMBER='(8)';
      PINUSE='POWER';
    'P5V0':
      PIN_NUMBER='(16)';
      PINUSE='POWER';
  end_pin;
  body
    CLASS='IC';
    PART_NAME='SN74HC138';
    JEDEC_TYPE='F179';
    BODY_NAME='SN74HC138';
    FAMILY='?';
  end_body;
end_primitive;
END.
