FILE_TYPE=LIBRARY_PARTS;
primitive 'BNX_02';
  pin
    'CB':
      PIN_NUMBER='(CB)';
      PIN_TYPE='ANALOG';
      NO_LOAD_CHECK='Both';
      NO_IO_CHECK='Both';
      NO_ASSERT_CHECK='TRUE';
      NO_DIR_CHECK='TRUE';
      ALLOW_CONNECT='TRUE';
    'CG':
      PIN_NUMBER='(CG)';
      PIN_TYPE='ANALOG';
      NO_LOAD_CHECK='Both';
      NO_IO_CHECK='Both';
      NO_ASSERT_CHECK='TRUE';
      NO_DIR_CHECK='TRUE';
      ALLOW_CONNECT='TRUE';
    'PSG':
      PIN_NUMBER='(PSG)';
      PIN_TYPE='ANALOG';
      NO_LOAD_CHECK='Both';
      NO_IO_CHECK='Both';
      NO_ASSERT_CHECK='TRUE';
      NO_DIR_CHECK='TRUE';
      ALLOW_CONNECT='TRUE';
    'B':
      PIN_NUMBER='(B)';
      PIN_TYPE='ANALOG';
      NO_LOAD_CHECK='Both';
      NO_IO_CHECK='Both';
      NO_ASSERT_CHECK='TRUE';
      NO_DIR_CHECK='TRUE';
      ALLOW_CONNECT='TRUE';
  end_pin;
  body
    PART_NAME='BNX_02';
    BODY_NAME='BNX_02';
    JEDEC_TYPE='bnx02';
    PHYS_DES_PREFIX='U';
    CLASS='IC';
    GROUND_NETS='CG_GND';
    POWER_PINS='(CG_GND:CG1,CG2)';
  end_body;
end_primitive;

END.
