FILE_TYPE=LIBRARY_PARTS;
TIME=' Created/Modified on Thu Aug 12 12:38:37 2004' ;
primitive 'C8051F310';
  pin
    'PIO1'<0>:
      PIN_NUMBER='(26)';
      INPUT_LOAD='(-0.01,0.01)';
      OUTPUT_LOAD='(1.0,-1.0)';
      BIDIRECTIONAL='TRUE';
    'PIO1'<1>:
      PIN_NUMBER='(25)';
      INPUT_LOAD='(-0.01,0.01)';
      OUTPUT_LOAD='(1.0,-1.0)';
      BIDIRECTIONAL='TRUE';
    'PIO1'<2>:
      PIN_NUMBER='(24)';
      INPUT_LOAD='(-0.01,0.01)';
      OUTPUT_LOAD='(1.0,-1.0)';
      BIDIRECTIONAL='TRUE';
    'PIO1'<3>:
      PIN_NUMBER='(23)';
      INPUT_LOAD='(-0.01,0.01)';
      OUTPUT_LOAD='(1.0,-1.0)';
      BIDIRECTIONAL='TRUE';
    'PIO1'<4>:
      PIN_NUMBER='(22)';
      INPUT_LOAD='(-0.01,0.01)';
      OUTPUT_LOAD='(1.0,-1.0)';
      BIDIRECTIONAL='TRUE';
    'PIO1'<5>:
      PIN_NUMBER='(21)';
      INPUT_LOAD='(-0.01,0.01)';
      OUTPUT_LOAD='(1.0,-1.0)';
      BIDIRECTIONAL='TRUE';
    'PIO1'<6>:
      PIN_NUMBER='(20)';
      INPUT_LOAD='(-0.01,0.01)';
      OUTPUT_LOAD='(1.0,-1.0)';
      BIDIRECTIONAL='TRUE';
    'PIO1'<7>:
      PIN_NUMBER='(19)';
      INPUT_LOAD='(-0.01,0.01)';
      OUTPUT_LOAD='(1.0,-1.0)';
      BIDIRECTIONAL='TRUE';
    'PIO2'<0>:
      PIN_NUMBER='(18)';
      INPUT_LOAD='(-0.01,0.01)';
      OUTPUT_LOAD='(1.0,-1.0)';
      BIDIRECTIONAL='TRUE';
    'PIO2'<1>:
      PIN_NUMBER='(17)';
      INPUT_LOAD='(-0.01,0.01)';
      OUTPUT_LOAD='(1.0,-1.0)';
      BIDIRECTIONAL='TRUE';
    'PIO2'<2>:
      PIN_NUMBER='(16)';
      INPUT_LOAD='(-0.01,0.01)';
      OUTPUT_LOAD='(1.0,-1.0)';
      BIDIRECTIONAL='TRUE';
    'PIO2'<3>:
      PIN_NUMBER='(15)';
      INPUT_LOAD='(-0.01,0.01)';
      OUTPUT_LOAD='(1.0,-1.0)';
      BIDIRECTIONAL='TRUE';
    'PIO2'<4>:
      PIN_NUMBER='(14)';
      INPUT_LOAD='(-0.01,0.01)';
      OUTPUT_LOAD='(1.0,-1.0)';
      BIDIRECTIONAL='TRUE';
    'PIO2'<5>:
      PIN_NUMBER='(13)';
      INPUT_LOAD='(-0.01,0.01)';
      OUTPUT_LOAD='(1.0,-1.0)';
      BIDIRECTIONAL='TRUE';
    'PIO2'<6>:
      PIN_NUMBER='(12)';
      INPUT_LOAD='(-0.01,0.01)';
      OUTPUT_LOAD='(1.0,-1.0)';
      BIDIRECTIONAL='TRUE';
    'PIO2'<7>:
      PIN_NUMBER='(11)';
      INPUT_LOAD='(-0.01,0.01)';
      OUTPUT_LOAD='(1.0,-1.0)';
      BIDIRECTIONAL='TRUE';
    'PIO3'<1>:
      PIN_NUMBER='(7)';
      INPUT_LOAD='(-0.01,0.01)';
      OUTPUT_LOAD='(1.0,-1.0)';
      BIDIRECTIONAL='TRUE';
    'PIO3'<2>:
      PIN_NUMBER='(8)';
      INPUT_LOAD='(-0.01,0.01)';
      OUTPUT_LOAD='(1.0,-1.0)';
      BIDIRECTIONAL='TRUE';
    'PIO3'<3>:
      PIN_NUMBER='(9)';
      INPUT_LOAD='(-0.01,0.01)';
      OUTPUT_LOAD='(1.0,-1.0)';
      BIDIRECTIONAL='TRUE';
    'PIO3'<4>:
      PIN_NUMBER='(10)';
      INPUT_LOAD='(-0.01,0.01)';
      OUTPUT_LOAD='(1.0,-1.0)';
      BIDIRECTIONAL='TRUE';
    '-RST':
      PIN_NUMBER='(5)';
      INPUT_LOAD='(-0.01,0.01)';
    'SCL':
      PIN_NUMBER='(29)';
      INPUT_LOAD='(-0.01,0.01)';
    'SDA':
      PIN_NUMBER='(30)';
      INPUT_LOAD='(-0.01,0.01)';
      OUTPUT_LOAD='(1.0,-1.0)';
      BIDIRECTIONAL='TRUE';
    '-ALERT':
      PIN_NUMBER='(28)';
      OUTPUT_LOAD='(1.0,-1.0)';
    'MOSI':
      PIN_NUMBER='(32)';
      OUTPUT_LOAD='(1.0,-1.0)';
    'MISO':
      PIN_NUMBER='(1)';
      INPUT_LOAD='(-0.01,0.01)';
    '-SCS':
      PIN_NUMBER='(31)';
      INPUT_LOAD='(-0.01,0.01)';
    'SCLK':
      PIN_NUMBER='(2)';
      INPUT_LOAD='(-0.01,0.01)';
    '-INT':
      PIN_NUMBER='(27)';
      INPUT_LOAD='(-0.01,0.01)';
    'C2D':
      PIN_NUMBER='(6)';
      INPUT_LOAD='(-0.01,0.01)';
      OUTPUT_LOAD='(1.0,-1.0)';
      BIDIRECTIONAL='TRUE';
  end_pin;
  body
    POWER_PINS='(P3V3:4)';
    POWER_PINS='(GND:3)';
    CLASS='IC';
    PART_NAME='C8051F310';
    PHYS_DES_PREFIX='DD';
    JEDEC_TYPE='LQFP-32';
    FAMILY='CONTROLLER';
    BODY_NAME='C8051F310';
    LOCATION='DD';
    PACK_TYPE='LQFP-32';
  end_body;
end_primitive;
END.
