FILE_TYPE=LIBRARY_PARTS;
TIME=' Created/Modified on Wed Nov 12 15:13:00 2003' ;
primitive '564LN2';
  pin
    '1':
      PIN_NUMBER='(1)';
      INPUT_LOAD='(-0.01,0.01)';
    '3':
      PIN_NUMBER='(3)';
      INPUT_LOAD='(-0.01,0.01)';
    '5':
      PIN_NUMBER='(5)';
      INPUT_LOAD='(-0.01,0.01)';
    '9':
      PIN_NUMBER='(9)';
      INPUT_LOAD='(-0.01,0.01)';
    '11':
      PIN_NUMBER='(11)';
      INPUT_LOAD='(-0.01,0.01)';
    '13':
      PIN_NUMBER='(13)';
      INPUT_LOAD='(-0.01,0.01)';
    '-2':
      PIN_NUMBER='(2)';
      OUTPUT_LOAD='(1.0,-1.0)';
    '-4':
      PIN_NUMBER='(4)';
      OUTPUT_LOAD='(1.0,-1.0)';
    '-6':
      PIN_NUMBER='(6)';
      OUTPUT_LOAD='(1.0,-1.0)';
    '-8':
      PIN_NUMBER='(8)';
      OUTPUT_LOAD='(1.0,-1.0)';
    '-10':
      PIN_NUMBER='(10)';
      OUTPUT_LOAD='(1.0,-1.0)';
    '-12':
      PIN_NUMBER='(12)';
      OUTPUT_LOAD='(1.0,-1.0)';
  end_pin;
  body
    POWER_PINS='(GNDD:7)';
    POWER_PINS='(P5V0:14)';
    CLASS='IC';
    PART_NAME='564LN2';
    JEDEC_TYPE='F14';
    BODY_NAME='564LN2';
    FAMILY='?';
  end_body;
end_primitive;
END.
