FILE_TYPE=LIBRARY_PARTS;
TIME=' Created/Modified on Thu Mar 24 13:54:32 2005' ;
primitive 'ICS525';
  pin
    'R5':
      PIN_NUMBER='(1)';
      INPUT_LOAD='(-0.01,0.01)';
    'R6':
      PIN_NUMBER='(2)';
      INPUT_LOAD='(-0.01,0.01)';
    'S0':
      PIN_NUMBER='(3)';
      INPUT_LOAD='(-0.01,0.01)';
    'S1':
      PIN_NUMBER='(4)';
      INPUT_LOAD='(-0.01,0.01)';
    'S2':
      PIN_NUMBER='(5)';
      INPUT_LOAD='(-0.01,0.01)';
    'X1/ICLK':
      PIN_NUMBER='(7)';
      INPUT_LOAD='(-0.01,0.01)';
    'X2':
      PIN_NUMBER='(8)';
      INPUT_LOAD='(-0.01,0.01)';
    'V0':
      PIN_NUMBER='(10)';
      INPUT_LOAD='(-0.01,0.01)';
    'V1':
      PIN_NUMBER='(11)';
      INPUT_LOAD='(-0.01,0.01)';
    'V2':
      PIN_NUMBER='(12)';
      INPUT_LOAD='(-0.01,0.01)';
    'V3':
      PIN_NUMBER='(13)';
      INPUT_LOAD='(-0.01,0.01)';
    'V4':
      PIN_NUMBER='(14)';
      INPUT_LOAD='(-0.01,0.01)';
    'V5':
      PIN_NUMBER='(15)';
      INPUT_LOAD='(-0.01,0.01)';
    'V6':
      PIN_NUMBER='(16)';
      INPUT_LOAD='(-0.01,0.01)';
    'V7':
      PIN_NUMBER='(17)';
      INPUT_LOAD='(-0.01,0.01)';
    'V8':
      PIN_NUMBER='(18)';
      INPUT_LOAD='(-0.01,0.01)';
    '-PD':
      PIN_NUMBER='(19)';
      INPUT_LOAD='(-0.01,0.01)';
    'CLK':
      PIN_NUMBER='(21)';
      OUTPUT_LOAD='(1.0,-1.0)';
    'REF':
      PIN_NUMBER='(22)';
      OUTPUT_LOAD='(1.0,-1.0)';
    'R0':
      PIN_NUMBER='(24)';
      INPUT_LOAD='(-0.01,0.01)';
    'R1':
      PIN_NUMBER='(25)';
      INPUT_LOAD='(-0.01,0.01)';
    'R2':
      PIN_NUMBER='(26)';
      INPUT_LOAD='(-0.01,0.01)';
    'R3':
      PIN_NUMBER='(27)';
      INPUT_LOAD='(-0.01,0.01)';
    'R4':
      PIN_NUMBER='(28)';
      INPUT_LOAD='(-0.01,0.01)';
    'VDD':
      PIN_NUMBER='(6)';
      PINUSE='POWER';
    'GND':
      PIN_NUMBER='(9)';
      PINUSE='GROUND';
    'GND1':
      PIN_NUMBER='(20)';
      PINUSE='GROUND';
    'VDD1':
      PIN_NUMBER='(23)';
      PINUSE='POWER';
  end_pin;
  body
    CLASS='IC';
    PART_NAME='ICS525';
    PHYS_DES_PREFIX='D';
    FAMILY='?';
    BODY_NAME='ICS525';
  end_body;
end_primitive;
END.
