FILE_TYPE=LIBRARY_PARTS;
primitive 'LTC2208';
  pin
    'SENSE':
      PIN_NUMBER='(1)';
      INPUT_LOAD='(-0.01,0.01)';
    'VCM':
      PIN_NUMBER='(3)';
      PIN_TYPE='ANALOG';
      NO_LOAD_CHECK='Both';
      NO_IO_CHECK='Both';
      NO_ASSERT_CHECK='TRUE';
      NO_DIR_CHECK='TRUE';
      ALLOW_CONNECT='TRUE';
    'AIN+':
      PIN_NUMBER='(8)';
      PIN_TYPE='ANALOG';
      NO_LOAD_CHECK='Both';
      NO_IO_CHECK='Both';
      NO_ASSERT_CHECK='TRUE';
      NO_DIR_CHECK='TRUE';
      ALLOW_CONNECT='TRUE';
    'AIN-':
      PIN_NUMBER='(9)';
      PIN_TYPE='ANALOG';
      NO_LOAD_CHECK='Both';
      NO_IO_CHECK='Both';
      NO_ASSERT_CHECK='TRUE';
      NO_DIR_CHECK='TRUE';
      ALLOW_CONNECT='TRUE';
    'ENC+':
      PIN_NUMBER='(12)';
      PIN_TYPE='ANALOG';
      NO_LOAD_CHECK='Both';
      NO_IO_CHECK='Both';
      NO_ASSERT_CHECK='TRUE';
      NO_DIR_CHECK='TRUE';
      ALLOW_CONNECT='TRUE';
    'ENC-':
      PIN_NUMBER='(13)';
      PIN_TYPE='ANALOG';
      NO_LOAD_CHECK='Both';
      NO_IO_CHECK='Both';
      NO_ASSERT_CHECK='TRUE';
      NO_DIR_CHECK='TRUE';
      ALLOW_CONNECT='TRUE';
    'SHDN':
      PIN_NUMBER='(19)';
      PIN_TYPE='ANALOG';
      NO_LOAD_CHECK='Both';
      NO_IO_CHECK='Both';
      NO_ASSERT_CHECK='TRUE';
      NO_DIR_CHECK='TRUE';
      ALLOW_CONNECT='TRUE';
    'D0-/DB0':
      PIN_NUMBER='(21)';
      OUTPUT_LOAD='(1.0,-1.0)';
    'D0+/DB1':
      PIN_NUMBER='(22)';
      OUTPUT_LOAD='(1.0,-1.0)';
    'D1-/DB2':
      PIN_NUMBER='(23)';
      OUTPUT_LOAD='(1.0,-1.0)';
    'D1+/DB3':
      PIN_NUMBER='(24)';
      OUTPUT_LOAD='(1.0,-1.0)';
    'D2-/DB4':
      PIN_NUMBER='(25)';
      OUTPUT_LOAD='(1.0,-1.0)';
    'D2+/DB5':
      PIN_NUMBER='(26)';
      OUTPUT_LOAD='(1.0,-1.0)';
    'D3-/DB6':
      PIN_NUMBER='(27)';
      OUTPUT_LOAD='(1.0,-1.0)';
    'D3+/DB7':
      PIN_NUMBER='(28)';
      OUTPUT_LOAD='(1.0,-1.0)';
    'D4-/DB8':
      PIN_NUMBER='(29)';
      OUTPUT_LOAD='(1.0,-1.0)';
    'D4+/DB9':
      PIN_NUMBER='(30)';
      OUTPUT_LOAD='(1.0,-1.0)';
    'D5-/DB10':
      PIN_NUMBER='(33)';
      OUTPUT_LOAD='(1.0,-1.0)';
    'D5+/DB11':
      PIN_NUMBER='(34)';
      OUTPUT_LOAD='(1.0,-1.0)';
    'D6-/DB12':
      PIN_NUMBER='(35)';
      OUTPUT_LOAD='(1.0,-1.0)';
    'D6+/DB13':
      PIN_NUMBER='(36)';
      OUTPUT_LOAD='(1.0,-1.0)';
    'D7-/DB14':
      PIN_NUMBER='(37)';
      OUTPUT_LOAD='(1.0,-1.0)';
    'D7+/DB15':
      PIN_NUMBER='(38)';
      OUTPUT_LOAD='(1.0,-1.0)';
    'CLKOUT-/OFB':
      PIN_NUMBER='(39)';
      OUTPUT_LOAD='(1.0,-1.0)';
    'CLKOUT+/CLKOUTB':
      PIN_NUMBER='(40)';
      OUTPUT_LOAD='(1.0,-1.0)';
    'D8-/CLKOUTA':
      PIN_NUMBER='(41)';
      OUTPUT_LOAD='(1.0,-1.0)';
    'D8+/DA0':
      PIN_NUMBER='(42)';
      OUTPUT_LOAD='(1.0,-1.0)';
    'D9-/DA1':
      PIN_NUMBER='(43)';
      OUTPUT_LOAD='(1.0,-1.0)';
    'D9+/DA2':
      PIN_NUMBER='(44)';
      OUTPUT_LOAD='(1.0,-1.0)';
    'D10-/DA3':
      PIN_NUMBER='(45)';
      OUTPUT_LOAD='(1.0,-1.0)';
    'D10+/DA4':
      PIN_NUMBER='(46)';
      OUTPUT_LOAD='(1.0,-1.0)';
    'D11-/DA5':
      PIN_NUMBER='(47)';
      OUTPUT_LOAD='(1.0,-1.0)';
    'D11+/DA6':
      PIN_NUMBER='(48)';
      OUTPUT_LOAD='(1.0,-1.0)';
    'D12-/DA7':
      PIN_NUMBER='(51)';
      OUTPUT_LOAD='(1.0,-1.0)';
    'D12+/DA8':
      PIN_NUMBER='(52)';
      OUTPUT_LOAD='(1.0,-1.0)';
    'D13-/DA9':
      PIN_NUMBER='(53)';
      OUTPUT_LOAD='(1.0,-1.0)';
    'D13+/DA10':
      PIN_NUMBER='(54)';
      OUTPUT_LOAD='(1.0,-1.0)';
    'D14-/DA11':
      PIN_NUMBER='(55)';
      OUTPUT_LOAD='(1.0,-1.0)';
    'D14+/DA12':
      PIN_NUMBER='(56)';
      OUTPUT_LOAD='(1.0,-1.0)';
    'D15-/DA13':
      PIN_NUMBER='(57)';
      OUTPUT_LOAD='(1.0,-1.0)';
    'D15+/DA14':
      PIN_NUMBER='(58)';
      OUTPUT_LOAD='(1.0,-1.0)';
    'OF-/DA15':
      PIN_NUMBER='(59)';
      OUTPUT_LOAD='(1.0,-1.0)';
    'OF+/OFA':
      PIN_NUMBER='(60)';
      PIN_TYPE='ANALOG';
      NO_LOAD_CHECK='Both';
      NO_IO_CHECK='Both';
      NO_ASSERT_CHECK='TRUE';
      NO_DIR_CHECK='TRUE';
      ALLOW_CONNECT='TRUE';
    'LVDS':
      PIN_NUMBER='(61)';
      PIN_TYPE='ANALOG';
      NO_LOAD_CHECK='Both';
      NO_IO_CHECK='Both';
      NO_ASSERT_CHECK='TRUE';
      NO_DIR_CHECK='TRUE';
      ALLOW_CONNECT='TRUE';
    'MODE':
      PIN_NUMBER='(62)';
      PIN_TYPE='ANALOG';
      NO_LOAD_CHECK='Both';
      NO_IO_CHECK='Both';
      NO_ASSERT_CHECK='TRUE';
      NO_DIR_CHECK='TRUE';
      ALLOW_CONNECT='TRUE';
    'RAND':
      PIN_NUMBER='(63)';
      PIN_TYPE='ANALOG';
      NO_LOAD_CHECK='Both';
      NO_IO_CHECK='Both';
      NO_ASSERT_CHECK='TRUE';
      NO_DIR_CHECK='TRUE';
      ALLOW_CONNECT='TRUE';
    'PGA':
      PIN_NUMBER='(64)';
      PIN_TYPE='ANALOG';
      NO_LOAD_CHECK='Both';
      NO_IO_CHECK='Both';
      NO_ASSERT_CHECK='TRUE';
      NO_DIR_CHECK='TRUE';
      ALLOW_CONNECT='TRUE';
    'DITH':
      PIN_NUMBER='(20)';
      PIN_TYPE='ANALOG';
      NO_LOAD_CHECK='Both';
      NO_IO_CHECK='Both';
      NO_ASSERT_CHECK='TRUE';
      NO_DIR_CHECK='TRUE';
      ALLOW_CONNECT='TRUE';
  end_pin;
  body
    PART_NAME='LTC2208';
    BODY_NAME='LTC2208';
    JEDEC_TYPE='qfn64';
    PHYS_DES_PREFIX='U';
    CLASS='IC';
    GROUND_NETS='GND,OGND';
    POWER_PINS='(GND:65,2,4,7,10,11,14,18)';
    POWER_PINS='(VDD:5,6,15,16,17)';
    POWER_PINS='(OGND:31,50)';
    POWER_PINS='(OVDD:32,49)';
  end_body;
end_primitive;

END.
