	(Comment
		(Time 08/24/17,11:49:26)
		(User Lmx2315)
		(MsgId ECO_021)
		(Text "Package DIN_96_B72 added to cell")
		(Param1 "DIN_96_B72")
	)
	(Comment
		(Time 08/24/17,12:04:17)
		(User Lmx2315)
		(MsgId ECO_081)
		(Text "Symbol sym_1 added to cell")
		(Param1 "sym_1")
	)
	(Comment
		(Time 08/24/17,12:04:48)
		(User Lmx2315)
		(MsgId ECO_082)
		(Text "Symbol sym_1 deleted from cell")
		(Param1 "sym_1")
	)
	(Comment
		(Time 08/24/17,12:05:43)
		(User Lmx2315)
		(MsgId ECO_081)
		(Text "Symbol sym_1 added to cell")
		(Param1 "sym_1")
	)
