
	(Comment
		(Time 11/26/09,17:24:58)
		(User senzenist_s_n)
		(MsgId ECO_081)
		(Text "Symbol sym_1 added to cell")
		(Param1 sym_1)
	)
	(Comment
		(Time 11/26/09,17:27:58)
		(User senzenist_s_n)
		(MsgId ECO_021)
		(Text "Package ten10 added to cell")
		(Param1 ten10)
	)



	(Comment
		(Time 11/26/09,17:45:19)
		(User senzenist_s_n)
		(MsgId ECO_021)
		(Text "Package ten10_1 added to cell")
		(Param1 ten10_1)
	)
	(Comment
		(Time 11/26/09,17:45:26)
		(User senzenist_s_n)
		(MsgId ECO_022)
		(Text "Package TEN10_1 deleted from cell")
		(Param1 TEN10_1)
	)


