FILE_TYPE=LIBRARY_PARTS;
TIME=' Created/Modified on Thu Apr 10 12:36:53 2003' ;
primitive '1002XL1';
  pin
    'EINT':
      PIN_NUMBER='(1)';
      INPUT_LOAD='(-0.01,0.01)';
    'EZR':
      PIN_NUMBER='(3)';
      INPUT_LOAD='(-0.01,0.01)';
    'EZE':
      PIN_NUMBER='(18)';
      INPUT_LOAD='(-0.01,0.01)';
    'DAR':
      PIN_NUMBER='(19)';
      INPUT_LOAD='(-0.01,0.01)';
    'CLR':
      PIN_NUMBER='(20)';
      INPUT_LOAD='(-0.01,0.01)';
    'SDI':
      PIN_NUMBER='(22)';
      INPUT_LOAD='(-0.01,0.01)';
    'CLCR':
      PIN_NUMBER='(23)';
      INPUT_LOAD='(-0.01,0.01)';
    'STR':
      PIN_NUMBER='(26)';
      INPUT_LOAD='(-0.01,0.01)';
    'D1':
      PIN_NUMBER='(27)';
      INPUT_LOAD='(-0.01,0.01)';
    'D2':
      PIN_NUMBER='(28)';
      INPUT_LOAD='(-0.01,0.01)';
    'D3':
      PIN_NUMBER='(29)';
      INPUT_LOAD='(-0.01,0.01)';
    'D4':
      PIN_NUMBER='(30)';
      INPUT_LOAD='(-0.01,0.01)';
    'D5':
      PIN_NUMBER='(31)';
      INPUT_LOAD='(-0.01,0.01)';
    'D6':
      PIN_NUMBER='(32)';
      INPUT_LOAD='(-0.01,0.01)';
    'D7':
      PIN_NUMBER='(33)';
      INPUT_LOAD='(-0.01,0.01)';
    'D8':
      PIN_NUMBER='(34)';
      INPUT_LOAD='(-0.01,0.01)';
    'SBS':
      PIN_NUMBER='(35)';
      INPUT_LOAD='(-0.01,0.01)';
    'WLS1':
      PIN_NUMBER='(36)';
      INPUT_LOAD='(-0.01,0.01)';
    'WLS2':
      PIN_NUMBER='(37)';
      INPUT_LOAD='(-0.01,0.01)';
    'EPE':
      PIN_NUMBER='(38)';
      INPUT_LOAD='(-0.01,0.01)';
    'PI':
      PIN_NUMBER='(39)';
      INPUT_LOAD='(-0.01,0.01)';
    'CRL':
      PIN_NUMBER='(40)';
      INPUT_LOAD='(-0.01,0.01)';
    'CLCT':
      PIN_NUMBER='(41)';
      INPUT_LOAD='(-0.01,0.01)';
    'STSP':
      PIN_NUMBER='(2)';
      OUTPUT_LOAD='(1.0,-1.0)';
    'QP':
      PIN_NUMBER='(4)';
      OUTPUT_LOAD='(1.0,-1.0)';
    'Q8':
      PIN_NUMBER='(5)';
      OUTPUT_LOAD='(1.0,-1.0)';
    'Q7':
      PIN_NUMBER='(6)';
      OUTPUT_LOAD='(1.0,-1.0)';
    'Q6':
      PIN_NUMBER='(7)';
      OUTPUT_LOAD='(1.0,-1.0)';
    'Q5':
      PIN_NUMBER='(8)';
      OUTPUT_LOAD='(1.0,-1.0)';
    'Q4':
      PIN_NUMBER='(9)';
      OUTPUT_LOAD='(1.0,-1.0)';
    'Q3':
      PIN_NUMBER='(10)';
      OUTPUT_LOAD='(1.0,-1.0)';
    'Q2':
      PIN_NUMBER='(11)';
      OUTPUT_LOAD='(1.0,-1.0)';
    'Q1':
      PIN_NUMBER='(12)';
      OUTPUT_LOAD='(1.0,-1.0)';
    'PE':
      PIN_NUMBER='(13)';
      OUTPUT_LOAD='(1.0,-1.0)';
    'FE':
      PIN_NUMBER='(14)';
      OUTPUT_LOAD='(1.0,-1.0)';
    'DE':
      PIN_NUMBER='(15)';
      OUTPUT_LOAD='(1.0,-1.0)';
    'DA':
      PIN_NUMBER='(16)';
      OUTPUT_LOAD='(1.0,-1.0)';
    'THRE':
      PIN_NUMBER='(17)';
      OUTPUT_LOAD='(1.0,-1.0)';
    'SDO':
      PIN_NUMBER='(24)';
      OUTPUT_LOAD='(1.0,-1.0)';
    'TSRE':
      PIN_NUMBER='(25)';
      OUTPUT_LOAD='(1.0,-1.0)';
  end_pin;
  body
    POWER_PINS='(P5V0:42)';
    POWER_PINS='(GNDD:21)';
    CLASS='IC';
    PART_NAME='1002XL1';
    JEDEC_TYPE='F18';
    BODY_NAME='1002XL1';
  end_body;
end_primitive;
END.
