
	(Comment
		(Time 09/25/07,11:21:39)
		(User Validol)
		(MsgId ECO_081)
		(Text "Symbol sym_1 added to cell")
		(Param1 sym_1)
	)
	(Comment
		(Time 09/25/07,11:33:42)
		(User Validol)
		(MsgId ECO_021)
		(Text "Package adm1385ars added to cell")
		(Param1 adm1385ars)
	)


	(Comment
		(Time 09/25/07,11:37:12)
		(User Validol)
		(MsgId ECO_082)
		(Text "Symbol sym_1 deleted from cell")
		(Param1 sym_1)
	)
	(Comment
		(Time 09/25/07,11:37:16)
		(User Validol)
		(MsgId ECO_081)
		(Text "Symbol sym_1 added to cell")
		(Param1 sym_1)
	)



