FILE_TYPE=LIBRARY_PARTS;
primitive 'KS8721BL';
  pin
    'RXD0':
      PIN_NUMBER='(6)';
      INPUT_LOAD='(-0.01,0.01)';
    'RXD1':
      PIN_NUMBER='(5)';
      INPUT_LOAD='(-0.01,0.01)';
    'RXD2':
      PIN_NUMBER='(4)';
      INPUT_LOAD='(-0.01,0.01)';
    'RXD3':
      PIN_NUMBER='(3)';
      INPUT_LOAD='(-0.01,0.01)';
    'RXC':
      PIN_NUMBER='(10)';
      INPUT_LOAD='(-0.01,0.01)';
    'RXDV':
      PIN_NUMBER='(9)';
      INPUT_LOAD='(-0.01,0.01)';
    'RXER':
      PIN_NUMBER='(11)';
      INPUT_LOAD='(-0.01,0.01)';
    'TXD0':
      PIN_NUMBER='(17)';
      INPUT_LOAD='(-0.01,0.01)';
    'TXD1':
      PIN_NUMBER='(18)';
      INPUT_LOAD='(-0.01,0.01)';
    'TXD2':
      PIN_NUMBER='(19)';
      INPUT_LOAD='(-0.01,0.01)';
    'TXD3':
      PIN_NUMBER='(20)';
      INPUT_LOAD='(-0.01,0.01)';
    'TXC':
      PIN_NUMBER='(15)';
      INPUT_LOAD='(-0.01,0.01)';
    'TXEN':
      PIN_NUMBER='(16)';
      INPUT_LOAD='(-0.01,0.01)';
    'TXER':
      PIN_NUMBER='(14)';
      INPUT_LOAD='(-0.01,0.01)';
    'MDC':
      PIN_NUMBER='(2)';
      INPUT_LOAD='(-0.01,0.01)';
    'MDIO':
      PIN_NUMBER='(1)';
      INPUT_LOAD='(-0.01,0.01)';
    'COL':
      PIN_NUMBER='(21)';
      INPUT_LOAD='(-0.01,0.01)';
    'CRS':
      PIN_NUMBER='(22)';
      INPUT_LOAD='(-0.01,0.01)';
    'XO':
      PIN_NUMBER='(45)';
      INPUT_LOAD='(-0.01,0.01)';
    'XI':
      PIN_NUMBER='(46)';
      INPUT_LOAD='(-0.01,0.01)';
    'RST':
      PIN_NUMBER='(48)';
      INPUT_LOAD='(-0.01,0.01)';
    'VDDPLL':
      PIN_NUMBER='(47)';
      PINUSE='POWER';
      NO_LOAD_CHECK='Both';
      NO_IO_CHECK='Both';
      NO_ASSERT_CHECK='TRUE';
      NO_DIR_CHECK='TRUE';
      ALLOW_CONNECT='TRUE';
    'VDDRCV':
      PIN_NUMBER='(38)';
      PINUSE='POWER';
      NO_LOAD_CHECK='Both';
      NO_IO_CHECK='Both';
      NO_ASSERT_CHECK='TRUE';
      NO_DIR_CHECK='TRUE';
      ALLOW_CONNECT='TRUE';
    'VDDTX':
      PIN_NUMBER='(42)';
      PINUSE='POWER';
      NO_LOAD_CHECK='Both';
      NO_IO_CHECK='Both';
      NO_ASSERT_CHECK='TRUE';
      NO_DIR_CHECK='TRUE';
      ALLOW_CONNECT='TRUE';
    'VDDRX':
      PIN_NUMBER='(31)';
      PINUSE='POWER';
      NO_LOAD_CHECK='Both';
      NO_IO_CHECK='Both';
      NO_ASSERT_CHECK='TRUE';
      NO_DIR_CHECK='TRUE';
      ALLOW_CONNECT='TRUE';
    'VDDC':
      PIN_NUMBER='(13)';
      PINUSE='POWER';
      NO_LOAD_CHECK='Both';
      NO_IO_CHECK='Both';
      NO_ASSERT_CHECK='TRUE';
      NO_DIR_CHECK='TRUE';
      ALLOW_CONNECT='TRUE';
    'TX+':
      PIN_NUMBER='(41)';
      OUTPUT_LOAD='(1.0,-1.0)';
    'TX-':
      PIN_NUMBER='(40)';
      OUTPUT_LOAD='(1.0,-1.0)';
    'RX+':
      PIN_NUMBER='(33)';
      OUTPUT_LOAD='(1.0,-1.0)';
    'RX-':
      PIN_NUMBER='(32)';
      OUTPUT_LOAD='(1.0,-1.0)';
    'LED0':
      PIN_NUMBER='(26)';
      OUTPUT_LOAD='(1.0,-1.0)';
    'LED1':
      PIN_NUMBER='(27)';
      OUTPUT_LOAD='(1.0,-1.0)';
    'LED2':
      PIN_NUMBER='(28)';
      OUTPUT_LOAD='(1.0,-1.0)';
    'LED3':
      PIN_NUMBER='(29)';
      OUTPUT_LOAD='(1.0,-1.0)';
    'REXT':
      PIN_NUMBER='(37)';
      OUTPUT_LOAD='(1.0,-1.0)';
    'PD':
      PIN_NUMBER='(30)';
      OUTPUT_LOAD='(1.0,-1.0)';
    'INT':
      PIN_NUMBER='(25)';
      OUTPUT_LOAD='(1.0,-1.0)';
    'VDDIO0':
      PIN_NUMBER='(7)';
      PINUSE='POWER';
      NO_LOAD_CHECK='Both';
      NO_IO_CHECK='Both';
      NO_ASSERT_CHECK='TRUE';
      NO_DIR_CHECK='TRUE';
      ALLOW_CONNECT='TRUE';
    'VDDIO1':
      PIN_NUMBER='(24)';
      PINUSE='POWER';
      NO_LOAD_CHECK='Both';
      NO_IO_CHECK='Both';
      NO_ASSERT_CHECK='TRUE';
      NO_DIR_CHECK='TRUE';
      ALLOW_CONNECT='TRUE';
    'GND0':
      PIN_NUMBER='(8)';
      PINUSE='GROUND';
      NO_LOAD_CHECK='Both';
      NO_IO_CHECK='Both';
      NO_ASSERT_CHECK='TRUE';
      NO_DIR_CHECK='TRUE';
      ALLOW_CONNECT='TRUE';
    'GND1':
      PIN_NUMBER='(12)';
      PINUSE='GROUND';
      NO_LOAD_CHECK='Both';
      NO_IO_CHECK='Both';
      NO_ASSERT_CHECK='TRUE';
      NO_DIR_CHECK='TRUE';
      ALLOW_CONNECT='TRUE';
    'GND2':
      PIN_NUMBER='(23)';
      PINUSE='GROUND';
      NO_LOAD_CHECK='Both';
      NO_IO_CHECK='Both';
      NO_ASSERT_CHECK='TRUE';
      NO_DIR_CHECK='TRUE';
      ALLOW_CONNECT='TRUE';
    'GND3':
      PIN_NUMBER='(35)';
      PINUSE='GROUND';
      NO_LOAD_CHECK='Both';
      NO_IO_CHECK='Both';
      NO_ASSERT_CHECK='TRUE';
      NO_DIR_CHECK='TRUE';
      ALLOW_CONNECT='TRUE';
    'GND4':
      PIN_NUMBER='(36)';
      PINUSE='GROUND';
      NO_LOAD_CHECK='Both';
      NO_IO_CHECK='Both';
      NO_ASSERT_CHECK='TRUE';
      NO_DIR_CHECK='TRUE';
      ALLOW_CONNECT='TRUE';
    'GND5':
      PIN_NUMBER='(39)';
      PINUSE='GROUND';
      NO_LOAD_CHECK='Both';
      NO_IO_CHECK='Both';
      NO_ASSERT_CHECK='TRUE';
      NO_DIR_CHECK='TRUE';
      ALLOW_CONNECT='TRUE';
    'GND6':
      PIN_NUMBER='(43)';
      PINUSE='GROUND';
      NO_LOAD_CHECK='Both';
      NO_IO_CHECK='Both';
      NO_ASSERT_CHECK='TRUE';
      NO_DIR_CHECK='TRUE';
      ALLOW_CONNECT='TRUE';
    'GND7':
      PIN_NUMBER='(44)';
      PINUSE='GROUND';
      NO_LOAD_CHECK='Both';
      NO_IO_CHECK='Both';
      NO_ASSERT_CHECK='TRUE';
      NO_DIR_CHECK='TRUE';
      ALLOW_CONNECT='TRUE';
    'FXSD':
      PIN_NUMBER='(34)';
      PINUSE='UNSPEC';
      NO_LOAD_CHECK='Both';
      NO_IO_CHECK='Both';
      NO_ASSERT_CHECK='TRUE';
      NO_DIR_CHECK='TRUE';
      ALLOW_CONNECT='TRUE';
  end_pin;
  body
    PART_NAME='KS8721BL';
    BODY_NAME='KS8721BL';
    JEDEC_TYPE='f40';
    PHYS_DES_PREFIX='U';
    CLASS='IC';
  end_body;
end_primitive;

END.
