FILE_TYPE=LIBRARY_PARTS;
TIME=' Created/Modified on Tue Nov 16 11:20:56 2004' ;
primitive 'MAX1283BEUE','MAX1283BEUE_TSSOP-16';
  pin
    'CH0':
      PIN_NUMBER='(2)';
      INPUT_LOAD='(-0.01,0.01)';
    'CH1':
      PIN_NUMBER='(3)';
      INPUT_LOAD='(-0.01,0.01)';
    'CH2':
      PIN_NUMBER='(4)';
      INPUT_LOAD='(-0.01,0.01)';
    'CH3':
      PIN_NUMBER='(5)';
      INPUT_LOAD='(-0.01,0.01)';
    '-SHDN':
      PIN_NUMBER='(7)';
      INPUT_LOAD='(-0.01,0.01)';
    'REF':
      PIN_NUMBER='(8)';
      INPUT_LOAD='(-0.01,0.01)';
    'REFADJ':
      PIN_NUMBER='(9)';
      INPUT_LOAD='(-0.01,0.01)';
    'DOUT':
      PIN_NUMBER='(11)';
      OUTPUT_LOAD='(1.0,-1.0)';
    'SSTRB':
      PIN_NUMBER='(12)';
      OUTPUT_LOAD='(1.0,-1.0)';
    'DIN':
      PIN_NUMBER='(13)';
      INPUT_LOAD='(-0.01,0.01)';
    '-CS':
      PIN_NUMBER='(14)';
      INPUT_LOAD='(-0.01,0.01)';
    'SCLK':
      PIN_NUMBER='(15)';
      INPUT_LOAD='(-0.01,0.01)';
    'VDD1':
      PIN_NUMBER='(1)';
      PINUSE='POWER';
    'COM':
      PIN_NUMBER='(6)';
      PINUSE='GROUND';
    'GND':
      PIN_NUMBER='(10)';
      PINUSE='GROUND';
    'VDD2':
      PIN_NUMBER='(16)';
      PINUSE='POWER';
  end_pin;
  body
    CLASS='IC';
    PART_NAME='MAX1283BEUE';
    PHYS_DES_PREFIX='D';
    JEDEC_TYPE='F62';
    FAMILY='ADCS';
    BODY_NAME='MAX1283BEUE';
  end_body;
end_primitive;
END.
