FILE_TYPE=LIBRARY_PARTS;
primitive 'AM29LV128_E';
  pin
    'DQ'<0>:
      PIN_NUMBER='(35)';
      OUTPUT_TYPE='(TS,TS)';
      BIDIRECTIONAL='TRUE';
      INPUT_LOAD='(-0.01,0.01)';
      OUTPUT_LOAD='(1.0,-1.0)';
    'DQ'<1>:
      PIN_NUMBER='(37)';
      OUTPUT_TYPE='(TS,TS)';
      BIDIRECTIONAL='TRUE';
      INPUT_LOAD='(-0.01,0.01)';
      OUTPUT_LOAD='(1.0,-1.0)';
    'DQ'<2>:
      PIN_NUMBER='(39)';
      OUTPUT_TYPE='(TS,TS)';
      BIDIRECTIONAL='TRUE';
      INPUT_LOAD='(-0.01,0.01)';
      OUTPUT_LOAD='(1.0,-1.0)';
    'DQ'<3>:
      PIN_NUMBER='(41)';
      OUTPUT_TYPE='(TS,TS)';
      BIDIRECTIONAL='TRUE';
      INPUT_LOAD='(-0.01,0.01)';
      OUTPUT_LOAD='(1.0,-1.0)';
    'DQ'<4>:
      PIN_NUMBER='(44)';
      OUTPUT_TYPE='(TS,TS)';
      BIDIRECTIONAL='TRUE';
      INPUT_LOAD='(-0.01,0.01)';
      OUTPUT_LOAD='(1.0,-1.0)';
    'DQ'<5>:
      PIN_NUMBER='(46)';
      OUTPUT_TYPE='(TS,TS)';
      BIDIRECTIONAL='TRUE';
      INPUT_LOAD='(-0.01,0.01)';
      OUTPUT_LOAD='(1.0,-1.0)';
    'DQ'<6>:
      PIN_NUMBER='(48)';
      OUTPUT_TYPE='(TS,TS)';
      BIDIRECTIONAL='TRUE';
      INPUT_LOAD='(-0.01,0.01)';
      OUTPUT_LOAD='(1.0,-1.0)';
    'DQ'<7>:
      PIN_NUMBER='(50)';
      OUTPUT_TYPE='(TS,TS)';
      BIDIRECTIONAL='TRUE';
      INPUT_LOAD='(-0.01,0.01)';
      OUTPUT_LOAD='(1.0,-1.0)';
    'DQ'<8>:
      PIN_NUMBER='(36)';
      OUTPUT_TYPE='(TS,TS)';
      BIDIRECTIONAL='TRUE';
      INPUT_LOAD='(-0.01,0.01)';
      OUTPUT_LOAD='(1.0,-1.0)';
    'DQ'<9>:
      PIN_NUMBER='(38)';
      OUTPUT_TYPE='(TS,TS)';
      BIDIRECTIONAL='TRUE';
      INPUT_LOAD='(-0.01,0.01)';
      OUTPUT_LOAD='(1.0,-1.0)';
    'DQ'<10>:
      PIN_NUMBER='(40)';
      OUTPUT_TYPE='(TS,TS)';
      BIDIRECTIONAL='TRUE';
      INPUT_LOAD='(-0.01,0.01)';
      OUTPUT_LOAD='(1.0,-1.0)';
    'DQ'<11>:
      PIN_NUMBER='(42)';
      OUTPUT_TYPE='(TS,TS)';
      BIDIRECTIONAL='TRUE';
      INPUT_LOAD='(-0.01,0.01)';
      OUTPUT_LOAD='(1.0,-1.0)';
    'DQ'<12>:
      PIN_NUMBER='(45)';
      OUTPUT_TYPE='(TS,TS)';
      BIDIRECTIONAL='TRUE';
      INPUT_LOAD='(-0.01,0.01)';
      OUTPUT_LOAD='(1.0,-1.0)';
    'DQ'<13>:
      PIN_NUMBER='(47)';
      OUTPUT_TYPE='(TS,TS)';
      BIDIRECTIONAL='TRUE';
      INPUT_LOAD='(-0.01,0.01)';
      OUTPUT_LOAD='(1.0,-1.0)';
    'DQ'<14>:
      PIN_NUMBER='(49)';
      OUTPUT_TYPE='(TS,TS)';
      BIDIRECTIONAL='TRUE';
      INPUT_LOAD='(-0.01,0.01)';
      OUTPUT_LOAD='(1.0,-1.0)';
    'DQ15_A':
      PIN_NUMBER='(51)';
      OUTPUT_TYPE='(TS,TS)';
      BIDIRECTIONAL='TRUE';
      INPUT_LOAD='(-0.01,0.01)';
      OUTPUT_LOAD='(1.0,-1.0)';
    'A'<0>:
      PIN_NUMBER='(31)';
      INPUT_LOAD='(-0.01,0.01)';
    'A'<1>:
      PIN_NUMBER='(26)';
      INPUT_LOAD='(-0.01,0.01)';
    'A'<2>:
      PIN_NUMBER='(25)';
      INPUT_LOAD='(-0.01,0.01)';
    'A'<3>:
      PIN_NUMBER='(24)';
      INPUT_LOAD='(-0.01,0.01)';
    'A'<4>:
      PIN_NUMBER='(23)';
      INPUT_LOAD='(-0.01,0.01)';
    'A'<5>:
      PIN_NUMBER='(22)';
      INPUT_LOAD='(-0.01,0.01)';
    'A'<6>:
      PIN_NUMBER='(21)';
      INPUT_LOAD='(-0.01,0.01)';
    'A'<7>:
      PIN_NUMBER='(20)';
      INPUT_LOAD='(-0.01,0.01)';
    'A'<8>:
      PIN_NUMBER='(10)';
      INPUT_LOAD='(-0.01,0.01)';
    'A'<9>:
      PIN_NUMBER='(9)';
      INPUT_LOAD='(-0.01,0.01)';
    'A'<10>:
      PIN_NUMBER='(8)';
      INPUT_LOAD='(-0.01,0.01)';
    'A'<11>:
      PIN_NUMBER='(7)';
      INPUT_LOAD='(-0.01,0.01)';
    'A'<12>:
      PIN_NUMBER='(6)';
      INPUT_LOAD='(-0.01,0.01)';
    'A'<13>:
      PIN_NUMBER='(5)';
      INPUT_LOAD='(-0.01,0.01)';
    'A'<14>:
      PIN_NUMBER='(4)';
      INPUT_LOAD='(-0.01,0.01)';
    'A'<15>:
      PIN_NUMBER='(3)';
      INPUT_LOAD='(-0.01,0.01)';
    'A'<16>:
      PIN_NUMBER='(54)';
      INPUT_LOAD='(-0.01,0.01)';
    'A'<17>:
      PIN_NUMBER='(19)';
      INPUT_LOAD='(-0.01,0.01)';
    'A'<18>:
      PIN_NUMBER='(18)';
      INPUT_LOAD='(-0.01,0.01)';
    'A'<19>:
      PIN_NUMBER='(11)';
      INPUT_LOAD='(-0.01,0.01)';
    'A'<20>:
      PIN_NUMBER='(12)';
      INPUT_LOAD='(-0.01,0.01)';
    'A'<21>:
      PIN_NUMBER='(15)';
      INPUT_LOAD='(-0.01,0.01)';
    'A'<22>:
      PIN_NUMBER='(2)';
      INPUT_LOAD='(-0.01,0.01)';
    '-RESET':
      PIN_NUMBER='(14)';
      INPUT_LOAD='(-0.01,0.01)';
    'WPN_ACC':
      PIN_NUMBER='(16)';
      INPUT_LOAD='(-0.01,0.01)';
    'VIO':
      PIN_NUMBER='(29)';
      INPUT_LOAD='(-0.01,0.01)';
    'RFU':
      PIN_NUMBER='(30)';
      OUTPUT_TYPE='(TS,TS)';
      BIDIRECTIONAL='TRUE';
      INPUT_LOAD='(-0.01,0.01)';
      OUTPUT_LOAD='(1.0,-1.0)';
    '-BYTE':
      PIN_NUMBER='(53)';
      INPUT_LOAD='(-0.01,0.01)';
    '-CE':
      PIN_NUMBER='(32)';
      INPUT_LOAD='(-0.01,0.01)';
    '-WE':
      PIN_NUMBER='(13)';
      INPUT_LOAD='(-0.01,0.01)';
    '-OE':
      PIN_NUMBER='(34)';
      INPUT_LOAD='(-0.01,0.01)';
    'RY_BYN':
      PIN_NUMBER='(17)';
      OUTPUT_LOAD='(1.0,-1.0)';
  end_pin;
  body
    PART_NAME='AM29LV128_E';
    BODY_NAME='AM29LV128_E';
    JEDEC_TYPE='TSOP56';
    PHYS_DES_PREFIX='DD';
    CLASS='IC';
    POWER_PINS='(P3V3:43)';
    POWER_PINS='(GNDD:52,33)';
    NC_PINS='(28,27,56,55,1)';
  end_body;
end_primitive;

END.
