	(Comment
		(Time 05/23/13,17:15:48)
		(User Sergey)
		(MsgId ECO_081)
		(Text "Symbol sym_1 added to cell")
		(Param1 sym_1)
	)
	(Comment
		(Time 05/23/13,17:20:46)
		(User Sergey)
		(MsgId ECO_021)
		(Text "Package XC6VLX75T added to cell")
		(Param1 XC6VLX75T)
	)
	(Comment
		(Time 05/23/13,17:22:28)
		(User Sergey)
		(MsgId ECO_022)
		(Text "Package XC6VLX75T deleted from cell")
		(Param1 XC6VLX75T)
	)
	(Comment
		(Time 05/23/13,17:22:40)
		(User Sergey)
		(MsgId ECO_081)
		(Text "Symbol sym_2 added to cell")
		(Param1 sym_2)
	)
	(Comment
		(Time 05/23/13,17:29:10)
		(User Sergey)
		(MsgId ECO_081)
		(Text "Symbol sym_3 added to cell")
		(Param1 sym_3)
	)
	(Comment
		(Time 05/23/13,18:01:04)
		(User Sergey)
		(MsgId ECO_081)
		(Text "Symbol sym_4 added to cell")
		(Param1 sym_4)
	)
	(Comment
		(Time 05/23/13,18:16:37)
		(User Sergey)
		(MsgId ECO_081)
		(Text "Symbol sym_5 added to cell")
		(Param1 sym_5)
	)
	(Comment
		(Time 05/23/13,18:42:51)
		(User Sergey)
		(MsgId ECO_081)
		(Text "Symbol sym_6 added to cell")
		(Param1 sym_6)
	)
	(Comment
		(Time 05/23/13,18:48:31)
		(User Sergey)
		(MsgId ECO_081)
		(Text "Symbol sym_7 added to cell")
		(Param1 sym_7)
	)
	(Comment
		(Time 05/23/13,19:23:57)
		(User Sergey)
		(MsgId ECO_081)
		(Text "Symbol sym_8 added to cell")
		(Param1 sym_8)
	)
	(Comment
		(Time 05/23/13,19:27:14)
		(User Sergey)
		(MsgId ECO_081)
		(Text "Symbol sym_9 added to cell")
		(Param1 sym_9)
	)
	(Comment
		(Time 05/23/13,19:31:51)
		(User Sergey)
		(MsgId ECO_021)
		(Text "Package XC6VLX75T added to cell")
		(Param1 XC6VLX75T)
	)
