FILE_TYPE=LIBRARY_PARTS;
TIME=' Created/Modified on Wed Jun 30 10:42:56 2004' ;
primitive 'JCPS-8-10_BG291';
  pin
    'SUM':
      PIN_NUMBER='(1)';
      INPUT_LOAD='(-0.01,0.01)';
      OUTPUT_LOAD='(1.0,-1.0)';
      BIDIRECTIONAL='TRUE';
    'PORT1':
      PIN_NUMBER='(3)';
      INPUT_LOAD='(-0.01,0.01)';
      OUTPUT_LOAD='(1.0,-1.0)';
      BIDIRECTIONAL='TRUE';
    'PORT2':
      PIN_NUMBER='(4)';
      INPUT_LOAD='(-0.01,0.01)';
      OUTPUT_LOAD='(1.0,-1.0)';
      BIDIRECTIONAL='TRUE';
    'PORT3':
      PIN_NUMBER='(5)';
      INPUT_LOAD='(-0.01,0.01)';
      OUTPUT_LOAD='(1.0,-1.0)';
      BIDIRECTIONAL='TRUE';
    'PORT4':
      PIN_NUMBER='(6)';
      INPUT_LOAD='(-0.01,0.01)';
      OUTPUT_LOAD='(1.0,-1.0)';
      BIDIRECTIONAL='TRUE';
    'PORT5':
      PIN_NUMBER='(9)';
      INPUT_LOAD='(-0.01,0.01)';
      OUTPUT_LOAD='(1.0,-1.0)';
      BIDIRECTIONAL='TRUE';
    'PORT6':
      PIN_NUMBER='(10)';
      INPUT_LOAD='(-0.01,0.01)';
      OUTPUT_LOAD='(1.0,-1.0)';
      BIDIRECTIONAL='TRUE';
    'PORT7':
      PIN_NUMBER='(11)';
      INPUT_LOAD='(-0.01,0.01)';
      OUTPUT_LOAD='(1.0,-1.0)';
      BIDIRECTIONAL='TRUE';
    'PORT8':
      PIN_NUMBER='(12)';
      INPUT_LOAD='(-0.01,0.01)';
      OUTPUT_LOAD='(1.0,-1.0)';
      BIDIRECTIONAL='TRUE';
    'GND1':
      PIN_NUMBER='(2)';
      PINUSE='GROUND';
    'GND2':
      PIN_NUMBER='(7)';
      PINUSE='GROUND';
    'GND3':
      PIN_NUMBER='(8)';
      PINUSE='GROUND';
    'GND4':
      PIN_NUMBER='(13)';
      PINUSE='GROUND';
    'GND5':
      PIN_NUMBER='(14)';
      PINUSE='GROUND';
  end_pin;
  body
    CLASS='IC';
    PART_NAME='JCPS-8-10';
    PHYS_DES_PREFIX='D';
    JEDEC_TYPE='f277';
    BODY_NAME='BG291';
    FAMILY='JCPS';
  end_body;
end_primitive;
END.
