FILE_TYPE=LIBRARY_PARTS;
TIME=' Created/Modified on Thu Mar 24 17:13:32 2005' ;
primitive 'XC2VXXXX_1';
  pin
    'M1':
      PIN_NUMBER='(P2,0,0,0)';
      INPUT_LOAD='(-0.01,0.01)';
    'M0':
      PIN_NUMBER='(T2,0,0,0)';
      INPUT_LOAD='(-0.01,0.01)';
    '-PROGRAM':
      PIN_NUMBER='(A2,0,0,0)';
      INPUT_LOAD='(-0.01,0.01)';
    'TDO':
      PIN_NUMBER='(C15,0,0,0)';
      OUTPUT_LOAD='(1.0,-1.0)';
    'TDI':
      PIN_NUMBER='(C2,0,0,0)';
      INPUT_LOAD='(-0.01,0.01)';
    'TCK':
      PIN_NUMBER='(A15,0,0,0)';
      INPUT_LOAD='(-0.01,0.01)';
    'TMS':
      PIN_NUMBER='(B14,0,0,0)';
      INPUT_LOAD='(-0.01,0.01)';
    '-INIT':
      PIN_NUMBER='(T13,0,0,0)';
      INPUT_LOAD='(-0.01,0.01)';
      OUTPUT_LOAD='(1.0,-1.0)';
      BIDIRECTIONAL='TRUE';
    'DONE':
      PIN_NUMBER='(R14,0,0,0)';
      INPUT_LOAD='(-0.01,0.01)';
      OUTPUT_LOAD='(1.0,-1.0)';
      BIDIRECTIONAL='TRUE';
    'CCLK':
      PIN_NUMBER='(P15,0,0,0)';
      INPUT_LOAD='(-0.01,0.01)';
    'M2':
      PIN_NUMBER='(R3,0,0,0)';
      INPUT_LOAD='(-0.01,0.01)';
    'D0':
      PIN_NUMBER='(P13,0,0,0)';
      INPUT_LOAD='(*,*)';
      OUTPUT_LOAD='(*,*)';
      BIDIRECTIONAL='TRUE';
    'GND'<0>:
      PIN_NUMBER='(T16,0,0,0)';
      PIN_TYPE='ANALOG';
      NO_LOAD_CHECK='BOTH';
      NO_IO_CHECK='BOTH';
      ALLOW_CONNECT='TRUE';
    'GND'<1>:
      PIN_NUMBER='(T1,0,0,0)';
      PIN_TYPE='ANALOG';
      NO_LOAD_CHECK='BOTH';
      NO_IO_CHECK='BOTH';
      ALLOW_CONNECT='TRUE';
    'GND'<2>:
      PIN_NUMBER='(R15,0,0,0)';
      PIN_TYPE='ANALOG';
      NO_LOAD_CHECK='BOTH';
      NO_IO_CHECK='BOTH';
      ALLOW_CONNECT='TRUE';
    'GND'<3>:
      PIN_NUMBER='(R2,0,0,0)';
      PIN_TYPE='ANALOG';
      NO_LOAD_CHECK='BOTH';
      NO_IO_CHECK='BOTH';
      ALLOW_CONNECT='TRUE';
    'GND'<4>:
      PIN_NUMBER='(P14,0,0,0)';
      PIN_TYPE='ANALOG';
      NO_LOAD_CHECK='BOTH';
      NO_IO_CHECK='BOTH';
      ALLOW_CONNECT='TRUE';
    'GND'<5>:
      PIN_NUMBER='(P3,0,0,0)';
      PIN_TYPE='ANALOG';
      NO_LOAD_CHECK='BOTH';
      NO_IO_CHECK='BOTH';
      ALLOW_CONNECT='TRUE';
    'GND'<6>:
      PIN_NUMBER='(L11,0,0,0)';
      PIN_TYPE='ANALOG';
      NO_LOAD_CHECK='BOTH';
      NO_IO_CHECK='BOTH';
      ALLOW_CONNECT='TRUE';
    'GND'<7>:
      PIN_NUMBER='(L6,0,0,0)';
      PIN_TYPE='ANALOG';
      NO_LOAD_CHECK='BOTH';
      NO_IO_CHECK='BOTH';
      ALLOW_CONNECT='TRUE';
    'GND'<8>:
      PIN_NUMBER='(K10,0,0,0)';
      PIN_TYPE='ANALOG';
      NO_LOAD_CHECK='BOTH';
      NO_IO_CHECK='BOTH';
      ALLOW_CONNECT='TRUE';
    'GND'<9>:
      PIN_NUMBER='(K9,0,0,0)';
      PIN_TYPE='ANALOG';
      NO_LOAD_CHECK='BOTH';
      NO_IO_CHECK='BOTH';
      ALLOW_CONNECT='TRUE';
    'GND'<11>:
      PIN_NUMBER='(K7,0,0,0)';
      PIN_TYPE='ANALOG';
      NO_LOAD_CHECK='BOTH';
      NO_IO_CHECK='BOTH';
      ALLOW_CONNECT='TRUE';
    'GND'<10>:
      PIN_NUMBER='(K8,0,0,0)';
      PIN_TYPE='ANALOG';
      NO_LOAD_CHECK='BOTH';
      NO_IO_CHECK='BOTH';
      ALLOW_CONNECT='TRUE';
    'GND'<12>:
      PIN_NUMBER='(J10,0,0,0)';
      PIN_TYPE='ANALOG';
      NO_LOAD_CHECK='BOTH';
      NO_IO_CHECK='BOTH';
      ALLOW_CONNECT='TRUE';
    'GND'<13>:
      PIN_NUMBER='(J9,0,0,0)';
      PIN_TYPE='ANALOG';
      NO_LOAD_CHECK='BOTH';
      NO_IO_CHECK='BOTH';
      ALLOW_CONNECT='TRUE';
    'GND'<14>:
      PIN_NUMBER='(J8,0,0,0)';
      PIN_TYPE='ANALOG';
      NO_LOAD_CHECK='BOTH';
      NO_IO_CHECK='BOTH';
      ALLOW_CONNECT='TRUE';
    'GND'<15>:
      PIN_NUMBER='(J7,0,0,0)';
      PIN_TYPE='ANALOG';
      NO_LOAD_CHECK='BOTH';
      NO_IO_CHECK='BOTH';
      ALLOW_CONNECT='TRUE';
    'GND'<16>:
      PIN_NUMBER='(H10,0,0,0)';
      PIN_TYPE='ANALOG';
      NO_LOAD_CHECK='BOTH';
      NO_IO_CHECK='BOTH';
      ALLOW_CONNECT='TRUE';
    'GND'<17>:
      PIN_NUMBER='(H9,0,0,0)';
      PIN_TYPE='ANALOG';
      NO_LOAD_CHECK='BOTH';
      NO_IO_CHECK='BOTH';
      ALLOW_CONNECT='TRUE';
    'GND'<18>:
      PIN_NUMBER='(H8,0,0,0)';
      PIN_TYPE='ANALOG';
      NO_LOAD_CHECK='BOTH';
      NO_IO_CHECK='BOTH';
      ALLOW_CONNECT='TRUE';
    'GND'<19>:
      PIN_NUMBER='(H7,0,0,0)';
      PIN_TYPE='ANALOG';
      NO_LOAD_CHECK='BOTH';
      NO_IO_CHECK='BOTH';
      ALLOW_CONNECT='TRUE';
    'GND'<20>:
      PIN_NUMBER='(G10,0,0,0)';
      PIN_TYPE='ANALOG';
      NO_LOAD_CHECK='BOTH';
      NO_IO_CHECK='BOTH';
      ALLOW_CONNECT='TRUE';
    'GND'<21>:
      PIN_NUMBER='(G9,0,0,0)';
      PIN_TYPE='ANALOG';
      NO_LOAD_CHECK='BOTH';
      NO_IO_CHECK='BOTH';
      ALLOW_CONNECT='TRUE';
    'GND'<22>:
      PIN_NUMBER='(G8,0,0,0)';
      PIN_TYPE='ANALOG';
      NO_LOAD_CHECK='BOTH';
      NO_IO_CHECK='BOTH';
      ALLOW_CONNECT='TRUE';
    'GND'<23>:
      PIN_NUMBER='(G7,0,0,0)';
      PIN_TYPE='ANALOG';
      NO_LOAD_CHECK='BOTH';
      NO_IO_CHECK='BOTH';
      ALLOW_CONNECT='TRUE';
    'GND'<24>:
      PIN_NUMBER='(F11,0,0,0)';
      PIN_TYPE='ANALOG';
      NO_LOAD_CHECK='BOTH';
      NO_IO_CHECK='BOTH';
      ALLOW_CONNECT='TRUE';
    'GND'<25>:
      PIN_NUMBER='(F6,0,0,0)';
      PIN_TYPE='ANALOG';
      NO_LOAD_CHECK='BOTH';
      NO_IO_CHECK='BOTH';
      ALLOW_CONNECT='TRUE';
    'GND'<26>:
      PIN_NUMBER='(C14,0,0,0)';
      PIN_TYPE='ANALOG';
      NO_LOAD_CHECK='BOTH';
      NO_IO_CHECK='BOTH';
      ALLOW_CONNECT='TRUE';
    'GND'<27>:
      PIN_NUMBER='(C3,0,0,0)';
      PIN_TYPE='ANALOG';
      NO_LOAD_CHECK='BOTH';
      NO_IO_CHECK='BOTH';
      ALLOW_CONNECT='TRUE';
    'GND'<28>:
      PIN_NUMBER='(B15,0,0,0)';
      PIN_TYPE='ANALOG';
      NO_LOAD_CHECK='BOTH';
      NO_IO_CHECK='BOTH';
      ALLOW_CONNECT='TRUE';
    'GND'<29>:
      PIN_NUMBER='(B2,0,0,0)';
      PIN_TYPE='ANALOG';
      NO_LOAD_CHECK='BOTH';
      NO_IO_CHECK='BOTH';
      ALLOW_CONNECT='TRUE';
    'GND'<30>:
      PIN_NUMBER='(A16,0,0,0)';
      PIN_TYPE='ANALOG';
      NO_LOAD_CHECK='BOTH';
      NO_IO_CHECK='BOTH';
      ALLOW_CONNECT='TRUE';
    'GND'<31>:
      PIN_NUMBER='(A1,0,0,0)';
      PIN_TYPE='ANALOG';
      NO_LOAD_CHECK='BOTH';
      NO_IO_CHECK='BOTH';
      ALLOW_CONNECT='TRUE';
    'VCCAUX'<0>:
      PIN_NUMBER='(R16,0,0,0)';
      PIN_TYPE='ANALOG';
      NO_LOAD_CHECK='BOTH';
      NO_IO_CHECK='BOTH';
      ALLOW_CONNECT='TRUE';
    'VCCAUX'<1>:
      PIN_NUMBER='(R1,0,0,0)';
      PIN_TYPE='ANALOG';
      NO_LOAD_CHECK='BOTH';
      NO_IO_CHECK='BOTH';
      ALLOW_CONNECT='TRUE';
    'VCCAUX'<2>:
      PIN_NUMBER='(B16,0,0,0)';
      PIN_TYPE='ANALOG';
      NO_LOAD_CHECK='BOTH';
      NO_IO_CHECK='BOTH';
      ALLOW_CONNECT='TRUE';
    'VCCAUX'<3>:
      PIN_NUMBER='(B1,0,0,0)';
      PIN_TYPE='ANALOG';
      NO_LOAD_CHECK='BOTH';
      NO_IO_CHECK='BOTH';
      ALLOW_CONNECT='TRUE';
    'VCCINT'<0>:
      PIN_NUMBER='(N13,0,0,0)';
      PIN_TYPE='ANALOG';
      NO_LOAD_CHECK='BOTH';
      NO_IO_CHECK='BOTH';
      ALLOW_CONNECT='TRUE';
    'VCCINT'<1>:
      PIN_NUMBER='(N4,0,0,0)';
      PIN_TYPE='ANALOG';
      NO_LOAD_CHECK='BOTH';
      NO_IO_CHECK='BOTH';
      ALLOW_CONNECT='TRUE';
    'VCCINT'<2>:
      PIN_NUMBER='(M12,0,0,0)';
      PIN_TYPE='ANALOG';
      NO_LOAD_CHECK='BOTH';
      NO_IO_CHECK='BOTH';
      ALLOW_CONNECT='TRUE';
    'VCCINT'<6>:
      PIN_NUMBER='(D13,0,0,0)';
      PIN_TYPE='ANALOG';
      NO_LOAD_CHECK='BOTH';
      NO_IO_CHECK='BOTH';
      ALLOW_CONNECT='TRUE';
    'VCCINT'<5>:
      PIN_NUMBER='(E5,0,0,0)';
      PIN_TYPE='ANALOG';
      NO_LOAD_CHECK='BOTH';
      NO_IO_CHECK='BOTH';
      ALLOW_CONNECT='TRUE';
    'VCCINT'<3>:
      PIN_NUMBER='(M5,0,0,0)';
      PIN_TYPE='ANALOG';
      NO_LOAD_CHECK='BOTH';
      NO_IO_CHECK='BOTH';
      ALLOW_CONNECT='TRUE';
    'VCCINT'<4>:
      PIN_NUMBER='(E12,0,0,0)';
      PIN_TYPE='ANALOG';
      NO_LOAD_CHECK='BOTH';
      NO_IO_CHECK='BOTH';
      ALLOW_CONNECT='TRUE';
    'VCCINT'<7>:
      PIN_NUMBER='(D4,0,0,0)';
      PIN_TYPE='ANALOG';
      NO_LOAD_CHECK='BOTH';
      NO_IO_CHECK='BOTH';
      ALLOW_CONNECT='TRUE';
    'VCCO'<2>:
      PIN_NUMBER='(F7,0,0,0)';
      PIN_TYPE='ANALOG';
      NO_LOAD_CHECK='BOTH';
      NO_IO_CHECK='BOTH';
      ALLOW_CONNECT='TRUE';
    'VCCO'<3>:
      PIN_NUMBER='(E8,0,0,0)';
      PIN_TYPE='ANALOG';
      NO_LOAD_CHECK='BOTH';
      NO_IO_CHECK='BOTH';
      ALLOW_CONNECT='TRUE';
    'VCCO'<1>:
      PIN_NUMBER='(F8,0,0,0)';
      PIN_TYPE='ANALOG';
      NO_LOAD_CHECK='BOTH';
      NO_IO_CHECK='BOTH';
      ALLOW_CONNECT='TRUE';
    'VCCO'<4>:
      PIN_NUMBER='(F10,0,0,0)';
      PIN_TYPE='ANALOG';
      NO_LOAD_CHECK='BOTH';
      NO_IO_CHECK='BOTH';
      ALLOW_CONNECT='TRUE';
    'VCCO'<5>:
      PIN_NUMBER='(F9,0,0,0)';
      PIN_TYPE='ANALOG';
      NO_LOAD_CHECK='BOTH';
      NO_IO_CHECK='BOTH';
      ALLOW_CONNECT='TRUE';
    'VCCO'<6>:
      PIN_NUMBER='(E9,0,0,0)';
      PIN_TYPE='ANALOG';
      NO_LOAD_CHECK='BOTH';
      NO_IO_CHECK='BOTH';
      ALLOW_CONNECT='TRUE';
    'VCCO'<7>:
      PIN_NUMBER='(H12,0,0,0)';
      PIN_TYPE='ANALOG';
      NO_LOAD_CHECK='BOTH';
      NO_IO_CHECK='BOTH';
      ALLOW_CONNECT='TRUE';
    'VCCO'<8>:
      PIN_NUMBER='(H11,0,0,0)';
      PIN_TYPE='ANALOG';
      NO_LOAD_CHECK='BOTH';
      NO_IO_CHECK='BOTH';
      ALLOW_CONNECT='TRUE';
    'VCCO'<9>:
      PIN_NUMBER='(G11,0,0,0)';
      PIN_TYPE='ANALOG';
      NO_LOAD_CHECK='BOTH';
      NO_IO_CHECK='BOTH';
      ALLOW_CONNECT='TRUE';
    'VCCO'<10>:
      PIN_NUMBER='(K11,0,0,0)';
      PIN_TYPE='ANALOG';
      NO_LOAD_CHECK='BOTH';
      NO_IO_CHECK='BOTH';
      ALLOW_CONNECT='TRUE';
    'VCCO'<11>:
      PIN_NUMBER='(J12,0,0,0)';
      PIN_TYPE='ANALOG';
      NO_LOAD_CHECK='BOTH';
      NO_IO_CHECK='BOTH';
      ALLOW_CONNECT='TRUE';
    'VCCO'<12>:
      PIN_NUMBER='(J11,0,0,0)';
      PIN_TYPE='ANALOG';
      NO_LOAD_CHECK='BOTH';
      NO_IO_CHECK='BOTH';
      ALLOW_CONNECT='TRUE';
    'VCCO'<13>:
      PIN_NUMBER='(M9,0,0,0)';
      PIN_TYPE='ANALOG';
      NO_LOAD_CHECK='BOTH';
      NO_IO_CHECK='BOTH';
      ALLOW_CONNECT='TRUE';
    'VCCO'<14>:
      PIN_NUMBER='(L10,0,0,0)';
      PIN_TYPE='ANALOG';
      NO_LOAD_CHECK='BOTH';
      NO_IO_CHECK='BOTH';
      ALLOW_CONNECT='TRUE';
    'VCCO'<15>:
      PIN_NUMBER='(L9,0,0,0)';
      PIN_TYPE='ANALOG';
      NO_LOAD_CHECK='BOTH';
      NO_IO_CHECK='BOTH';
      ALLOW_CONNECT='TRUE';
    'VCCO'<16>:
      PIN_NUMBER='(M8,0,0,0)';
      PIN_TYPE='ANALOG';
      NO_LOAD_CHECK='BOTH';
      NO_IO_CHECK='BOTH';
      ALLOW_CONNECT='TRUE';
    'VCCO'<17>:
      PIN_NUMBER='(L8,0,0,0)';
      PIN_TYPE='ANALOG';
      NO_LOAD_CHECK='BOTH';
      NO_IO_CHECK='BOTH';
      ALLOW_CONNECT='TRUE';
    'VCCO'<18>:
      PIN_NUMBER='(L7,0,0,0)';
      PIN_TYPE='ANALOG';
      NO_LOAD_CHECK='BOTH';
      NO_IO_CHECK='BOTH';
      ALLOW_CONNECT='TRUE';
    'VCCO'<19>:
      PIN_NUMBER='(K6,0,0,0)';
      PIN_TYPE='ANALOG';
      NO_LOAD_CHECK='BOTH';
      NO_IO_CHECK='BOTH';
      ALLOW_CONNECT='TRUE';
    'VCCO'<20>:
      PIN_NUMBER='(J6,0,0,0)';
      PIN_TYPE='ANALOG';
      NO_LOAD_CHECK='BOTH';
      NO_IO_CHECK='BOTH';
      ALLOW_CONNECT='TRUE';
    'VCCO'<21>:
      PIN_NUMBER='(J5,0,0,0)';
      PIN_TYPE='ANALOG';
      NO_LOAD_CHECK='BOTH';
      NO_IO_CHECK='BOTH';
      ALLOW_CONNECT='TRUE';
    'VCCO'<22>:
      PIN_NUMBER='(H6,0,0,0)';
      PIN_TYPE='ANALOG';
      NO_LOAD_CHECK='BOTH';
      NO_IO_CHECK='BOTH';
      ALLOW_CONNECT='TRUE';
    'VCCO'<23>:
      PIN_NUMBER='(H5,0,0,0)';
      PIN_TYPE='ANALOG';
      NO_LOAD_CHECK='BOTH';
      NO_IO_CHECK='BOTH';
      ALLOW_CONNECT='TRUE';
    'VCCO'<24>:
      PIN_NUMBER='(G6,0,0,0)';
      PIN_TYPE='ANALOG';
      NO_LOAD_CHECK='BOTH';
      NO_IO_CHECK='BOTH';
      ALLOW_CONNECT='TRUE';
    'VBAT':
      PIN_NUMBER='(A14,0,0,0)';
      INPUT_LOAD='(-0.01,0.01)';
    'S_C2'<2>:
      PIN_NUMBER='(0,0,D16,0)';
      INPUT_LOAD='(-0.01,0.01)';
      OUTPUT_LOAD='(1.0,-1.0)';
      BIDIRECTIONAL='TRUE';
    'S_C2'<1>:
      PIN_NUMBER='(0,0,D14,0)';
      INPUT_LOAD='(-0.01,0.01)';
      OUTPUT_LOAD='(1.0,-1.0)';
      BIDIRECTIONAL='TRUE';
    'S_C2'<0>:
      PIN_NUMBER='(0,0,D15,0)';
      INPUT_LOAD='(-0.01,0.01)';
      OUTPUT_LOAD='(1.0,-1.0)';
      BIDIRECTIONAL='TRUE';
    'S_C1'<1>:
      PIN_NUMBER='(0,C4,0,0)';
      INPUT_LOAD='(-0.01,0.01)';
      OUTPUT_LOAD='(1.0,-1.0)';
      BIDIRECTIONAL='TRUE';
    'S_C1'<2>:
      PIN_NUMBER='(0,B4,0,0)';
      INPUT_LOAD='(-0.01,0.01)';
      OUTPUT_LOAD='(1.0,-1.0)';
      BIDIRECTIONAL='TRUE';
    'S_C1'<0>:
      PIN_NUMBER='(0,D5,0,0)';
      INPUT_LOAD='(-0.01,0.01)';
      OUTPUT_LOAD='(1.0,-1.0)';
      BIDIRECTIONAL='TRUE';
    'R_C1'<6>:
      PIN_NUMBER='(0,C5,0,0)';
      INPUT_LOAD='(-0.01,0.01)';
      OUTPUT_LOAD='(1.0,-1.0)';
      BIDIRECTIONAL='TRUE';
    'R_C1'<5>:
      PIN_NUMBER='(0,B5,0,0)';
      INPUT_LOAD='(-0.01,0.01)';
      OUTPUT_LOAD='(1.0,-1.0)';
      BIDIRECTIONAL='TRUE';
    'R_C1'<4>:
      PIN_NUMBER='(0,A5,0,0)';
      INPUT_LOAD='(-0.01,0.01)';
      OUTPUT_LOAD='(1.0,-1.0)';
      BIDIRECTIONAL='TRUE';
    'R_C1'<3>:
      PIN_NUMBER='(0,B7,0,0)';
      INPUT_LOAD='(-0.01,0.01)';
      OUTPUT_LOAD='(1.0,-1.0)';
      BIDIRECTIONAL='TRUE';
    'R_C1'<2>:
      PIN_NUMBER='(0,A7,0,0)';
      INPUT_LOAD='(-0.01,0.01)';
      OUTPUT_LOAD='(1.0,-1.0)';
      BIDIRECTIONAL='TRUE';
    'R_C1'<1>:
      PIN_NUMBER='(0,D8,0,0)';
      INPUT_LOAD='(-0.01,0.01)';
      OUTPUT_LOAD='(1.0,-1.0)';
      BIDIRECTIONAL='TRUE';
    'R_C1'<0>:
      PIN_NUMBER='(0,C8,0,0)';
      INPUT_LOAD='(-0.01,0.01)';
      OUTPUT_LOAD='(1.0,-1.0)';
      BIDIRECTIONAL='TRUE';
    'R_C2'<6>:
      PIN_NUMBER='(0,0,E13,0)';
      INPUT_LOAD='(-0.01,0.01)';
      OUTPUT_LOAD='(1.0,-1.0)';
      BIDIRECTIONAL='TRUE';
    'R_C2'<5>:
      PIN_NUMBER='(0,0,E14,0)';
      INPUT_LOAD='(-0.01,0.01)';
      OUTPUT_LOAD='(1.0,-1.0)';
      BIDIRECTIONAL='TRUE';
    'R_C2'<4>:
      PIN_NUMBER='(0,0,E15,0)';
      INPUT_LOAD='(-0.01,0.01)';
      OUTPUT_LOAD='(1.0,-1.0)';
      BIDIRECTIONAL='TRUE';
    'R_C2'<3>:
      PIN_NUMBER='(0,0,E16,0)';
      INPUT_LOAD='(-0.01,0.01)';
      OUTPUT_LOAD='(1.0,-1.0)';
      BIDIRECTIONAL='TRUE';
    'R_C2'<2>:
      PIN_NUMBER='(0,0,F13,0)';
      INPUT_LOAD='(-0.01,0.01)';
      OUTPUT_LOAD='(1.0,-1.0)';
      BIDIRECTIONAL='TRUE';
    'R_C2'<1>:
      PIN_NUMBER='(0,0,F14,0)';
      INPUT_LOAD='(-0.01,0.01)';
      OUTPUT_LOAD='(1.0,-1.0)';
      BIDIRECTIONAL='TRUE';
    'R_C2'<0>:
      PIN_NUMBER='(0,0,G13,0)';
      INPUT_LOAD='(-0.01,0.01)';
      OUTPUT_LOAD='(1.0,-1.0)';
      BIDIRECTIONAL='TRUE';
    'V_C1'<8>:
      PIN_NUMBER='(0,B9,0,0)';
      INPUT_LOAD='(-0.01,0.01)';
      OUTPUT_LOAD='(1.0,-1.0)';
      BIDIRECTIONAL='TRUE';
    'V_C1'<7>:
      PIN_NUMBER='(0,C9,0,0)';
      INPUT_LOAD='(-0.01,0.01)';
      OUTPUT_LOAD='(1.0,-1.0)';
      BIDIRECTIONAL='TRUE';
    'V_C1'<6>:
      PIN_NUMBER='(0,D9,0,0)';
      INPUT_LOAD='(-0.01,0.01)';
      OUTPUT_LOAD='(1.0,-1.0)';
      BIDIRECTIONAL='TRUE';
    'V_C1'<5>:
      PIN_NUMBER='(0,A10,0,0)';
      INPUT_LOAD='(-0.01,0.01)';
      OUTPUT_LOAD='(1.0,-1.0)';
      BIDIRECTIONAL='TRUE';
    'V_C1'<4>:
      PIN_NUMBER='(0,B10,0,0)';
      INPUT_LOAD='(-0.01,0.01)';
      OUTPUT_LOAD='(1.0,-1.0)';
      BIDIRECTIONAL='TRUE';
    'V_C1'<3>:
      PIN_NUMBER='(0,A12,0,0)';
      INPUT_LOAD='(-0.01,0.01)';
      OUTPUT_LOAD='(1.0,-1.0)';
      BIDIRECTIONAL='TRUE';
    'V_C1'<2>:
      PIN_NUMBER='(0,B12,0,0)';
      INPUT_LOAD='(-0.01,0.01)';
      OUTPUT_LOAD='(1.0,-1.0)';
      BIDIRECTIONAL='TRUE';
    'V_C1'<1>:
      PIN_NUMBER='(0,C12,0,0)';
      INPUT_LOAD='(-0.01,0.01)';
      OUTPUT_LOAD='(1.0,-1.0)';
      BIDIRECTIONAL='TRUE';
    'V_C1'<0>:
      PIN_NUMBER='(0,D12,0,0)';
      INPUT_LOAD='(-0.01,0.01)';
      OUTPUT_LOAD='(1.0,-1.0)';
      BIDIRECTIONAL='TRUE';
    'V_C2'<8>:
      PIN_NUMBER='(0,0,H13,0)';
      INPUT_LOAD='(-0.01,0.01)';
      OUTPUT_LOAD='(1.0,-1.0)';
      BIDIRECTIONAL='TRUE';
    'V_C2'<7>:
      PIN_NUMBER='(0,0,H14,0)';
      INPUT_LOAD='(-0.01,0.01)';
      OUTPUT_LOAD='(1.0,-1.0)';
      BIDIRECTIONAL='TRUE';
    'V_C2'<6>:
      PIN_NUMBER='(0,0,H15,0)';
      INPUT_LOAD='(-0.01,0.01)';
      OUTPUT_LOAD='(1.0,-1.0)';
      BIDIRECTIONAL='TRUE';
    'V_C2'<5>:
      PIN_NUMBER='(0,0,H16,0)';
      INPUT_LOAD='(-0.01,0.01)';
      OUTPUT_LOAD='(1.0,-1.0)';
      BIDIRECTIONAL='TRUE';
    'V_C2'<4>:
      PIN_NUMBER='(0,0,J16,0)';
      INPUT_LOAD='(-0.01,0.01)';
      OUTPUT_LOAD='(1.0,-1.0)';
      BIDIRECTIONAL='TRUE';
    'V_C2'<3>:
      PIN_NUMBER='(0,0,J15,0)';
      INPUT_LOAD='(-0.01,0.01)';
      OUTPUT_LOAD='(1.0,-1.0)';
      BIDIRECTIONAL='TRUE';
    'V_C2'<2>:
      PIN_NUMBER='(0,0,J14,0)';
      INPUT_LOAD='(-0.01,0.01)';
      OUTPUT_LOAD='(1.0,-1.0)';
      BIDIRECTIONAL='TRUE';
    'V_C2'<1>:
      PIN_NUMBER='(0,0,M2,0)';
      INPUT_LOAD='(-0.01,0.01)';
      OUTPUT_LOAD='(1.0,-1.0)';
      BIDIRECTIONAL='TRUE';
    'V_C2'<0>:
      PIN_NUMBER='(0,0,M1,0)';
      INPUT_LOAD='(-0.01,0.01)';
      OUTPUT_LOAD='(1.0,-1.0)';
      BIDIRECTIONAL='TRUE';
    'PWRDN_C1':
      PIN_NUMBER='(0,A9,0,0)';
      INPUT_LOAD='(-0.01,0.01)';
      OUTPUT_LOAD='(1.0,-1.0)';
      BIDIRECTIONAL='TRUE';
    'PWRDN_C2':
      PIN_NUMBER='(0,0,G16,0)';
      INPUT_LOAD='(-0.01,0.01)';
      OUTPUT_LOAD='(1.0,-1.0)';
      BIDIRECTIONAL='TRUE';
    'F_CINT1':
      PIN_NUMBER='(0,A8,0,0)';
      INPUT_LOAD='(-0.01,0.01)';
      OUTPUT_LOAD='(1.0,-1.0)';
      BIDIRECTIONAL='TRUE';
    'F_CINT2':
      PIN_NUMBER='(0,0,G15,0)';
      INPUT_LOAD='(-0.01,0.01)';
      OUTPUT_LOAD='(1.0,-1.0)';
      BIDIRECTIONAL='TRUE';
    'CLK_C1':
      PIN_NUMBER='(0,B13,0,0)';
      INPUT_LOAD='(-0.01,0.01)';
      OUTPUT_LOAD='(1.0,-1.0)';
      BIDIRECTIONAL='TRUE';
    'CLK_C2':
      PIN_NUMBER='(0,0,C16,0)';
      INPUT_LOAD='(-0.01,0.01)';
      OUTPUT_LOAD='(1.0,-1.0)';
      BIDIRECTIONAL='TRUE';
    'REFCLK':
      PIN_NUMBER='(0,0,0,C13)';
      INPUT_LOAD='(-0.01,0.01)';
      OUTPUT_LOAD='(1.0,-1.0)';
      BIDIRECTIONAL='TRUE';
    'CLKH_P':
      PIN_NUMBER='(0,0,0,J13)';
      INPUT_LOAD='(-0.01,0.01)';
      OUTPUT_LOAD='(1.0,-1.0)';
      BIDIRECTIONAL='TRUE';
    'CLKH_N':
      PIN_NUMBER='(0,0,0,K16)';
      INPUT_LOAD='(-0.01,0.01)';
      OUTPUT_LOAD='(1.0,-1.0)';
      BIDIRECTIONAL='TRUE';
    'CLKL_P':
      PIN_NUMBER='(0,0,0,K15)';
      INPUT_LOAD='(-0.01,0.01)';
      OUTPUT_LOAD='(1.0,-1.0)';
      BIDIRECTIONAL='TRUE';
    'CLKL_N':
      PIN_NUMBER='(0,0,0,K14)';
      INPUT_LOAD='(-0.01,0.01)';
      OUTPUT_LOAD='(1.0,-1.0)';
      BIDIRECTIONAL='TRUE';
    'SCLK':
      PIN_NUMBER='(0,0,0,K13)';
      INPUT_LOAD='(-0.01,0.01)';
      OUTPUT_LOAD='(1.0,-1.0)';
      BIDIRECTIONAL='TRUE';
    'MOSI':
      PIN_NUMBER='(0,0,0,L14)';
      INPUT_LOAD='(-0.01,0.01)';
      OUTPUT_LOAD='(1.0,-1.0)';
      BIDIRECTIONAL='TRUE';
    'MISO':
      PIN_NUMBER='(0,0,0,L13)';
      INPUT_LOAD='(-0.01,0.01)';
      OUTPUT_LOAD='(1.0,-1.0)';
      BIDIRECTIONAL='TRUE';
    '-OE':
      PIN_NUMBER='(0,0,0,M16)';
      INPUT_LOAD='(-0.01,0.01)';
      OUTPUT_LOAD='(1.0,-1.0)';
      BIDIRECTIONAL='TRUE';
    'SCS'<2>:
      PIN_NUMBER='(0,0,0,M15)';
      INPUT_LOAD='(-0.01,0.01)';
      OUTPUT_LOAD='(1.0,-1.0)';
      BIDIRECTIONAL='TRUE';
    'SCS'<1>:
      PIN_NUMBER='(0,0,0,M14)';
      INPUT_LOAD='(-0.01,0.01)';
      OUTPUT_LOAD='(1.0,-1.0)';
      BIDIRECTIONAL='TRUE';
    'SCS'<0>:
      PIN_NUMBER='(0,0,0,M13)';
      INPUT_LOAD='(-0.01,0.01)';
      OUTPUT_LOAD='(1.0,-1.0)';
      BIDIRECTIONAL='TRUE';
    '-ALERT':
      PIN_NUMBER='(0,0,0,N15)';
      INPUT_LOAD='(-0.01,0.01)';
      OUTPUT_LOAD='(1.0,-1.0)';
      BIDIRECTIONAL='TRUE';
    'CLKIN':
      PIN_NUMBER='(0,0,0,N14)';
      INPUT_LOAD='(-0.01,0.01)';
      OUTPUT_LOAD='(1.0,-1.0)';
      BIDIRECTIONAL='TRUE';
    'CLKOUT':
      PIN_NUMBER='(0,0,0,N16)';
      INPUT_LOAD='(-0.01,0.01)';
      OUTPUT_LOAD='(1.0,-1.0)';
      BIDIRECTIONAL='TRUE';
    'C1_LED1':
      PIN_NUMBER='(0,0,0,P16)';
      INPUT_LOAD='(-0.01,0.01)';
      OUTPUT_LOAD='(1.0,-1.0)';
      BIDIRECTIONAL='TRUE';
    'C1_LED2':
      PIN_NUMBER='(0,0,0,T14)';
      INPUT_LOAD='(-0.01,0.01)';
      OUTPUT_LOAD='(1.0,-1.0)';
      BIDIRECTIONAL='TRUE';
    'C2_LED1':
      PIN_NUMBER='(0,0,0,R13)';
      INPUT_LOAD='(-0.01,0.01)';
      OUTPUT_LOAD='(1.0,-1.0)';
      BIDIRECTIONAL='TRUE';
    'C2_LED2':
      PIN_NUMBER='(0,0,0,N12)';
      INPUT_LOAD='(-0.01,0.01)';
      OUTPUT_LOAD='(1.0,-1.0)';
      BIDIRECTIONAL='TRUE';
    'LOCK_B':
      PIN_NUMBER='(0,0,0,P12)';
      INPUT_LOAD='(-0.01,0.01)';
      OUTPUT_LOAD='(1.0,-1.0)';
      BIDIRECTIONAL='TRUE';
    'LOCK_A':
      PIN_NUMBER='(0,0,0,R10)';
      INPUT_LOAD='(-0.01,0.01)';
      OUTPUT_LOAD='(1.0,-1.0)';
      BIDIRECTIONAL='TRUE';
    'UPDCLK_B':
      PIN_NUMBER='(0,0,0,T10)';
      INPUT_LOAD='(-0.01,0.01)';
      OUTPUT_LOAD='(1.0,-1.0)';
      BIDIRECTIONAL='TRUE';
    'UPDCLK_A':
      PIN_NUMBER='(0,0,0,N9)';
      INPUT_LOAD='(-0.01,0.01)';
      OUTPUT_LOAD='(1.0,-1.0)';
      BIDIRECTIONAL='TRUE';
    'P'<3>:
      PIN_NUMBER='(0,0,0,P9)';
      INPUT_LOAD='(-0.01,0.01)';
      OUTPUT_LOAD='(1.0,-1.0)';
      BIDIRECTIONAL='TRUE';
    'P'<2>:
      PIN_NUMBER='(0,0,0,R9)';
      INPUT_LOAD='(-0.01,0.01)';
      OUTPUT_LOAD='(1.0,-1.0)';
      BIDIRECTIONAL='TRUE';
    'PA'<1>:
      PIN_NUMBER='(0,0,0,T9)';
      INPUT_LOAD='(-0.01,0.01)';
      OUTPUT_LOAD='(1.0,-1.0)';
      BIDIRECTIONAL='TRUE';
    'PA'<0>:
      PIN_NUMBER='(0,0,0,T8)';
      INPUT_LOAD='(-0.01,0.01)';
      OUTPUT_LOAD='(1.0,-1.0)';
      BIDIRECTIONAL='TRUE';
    'PB'<3>:
      PIN_NUMBER='(0,0,0,R8)';
      INPUT_LOAD='(-0.01,0.01)';
      OUTPUT_LOAD='(1.0,-1.0)';
      BIDIRECTIONAL='TRUE';
    'PB'<2>:
      PIN_NUMBER='(0,0,0,P8)';
      INPUT_LOAD='(-0.01,0.01)';
      OUTPUT_LOAD='(1.0,-1.0)';
      BIDIRECTIONAL='TRUE';
    'PB'<1>:
      PIN_NUMBER='(0,0,0,N8)';
      INPUT_LOAD='(-0.01,0.01)';
      OUTPUT_LOAD='(1.0,-1.0)';
      BIDIRECTIONAL='TRUE';
    'PB'<0>:
      PIN_NUMBER='(0,0,0,T7)';
      INPUT_LOAD='(-0.01,0.01)';
      OUTPUT_LOAD='(1.0,-1.0)';
      BIDIRECTIONAL='TRUE';
    'CIN_EN':
      PIN_NUMBER='(0,0,0,R7)';
      INPUT_LOAD='(-0.01,0.01)';
      OUTPUT_LOAD='(1.0,-1.0)';
      BIDIRECTIONAL='TRUE';
    'COUT_EN':
      PIN_NUMBER='(0,0,0,P5)';
      INPUT_LOAD='(-0.01,0.01)';
      OUTPUT_LOAD='(1.0,-1.0)';
      BIDIRECTIONAL='TRUE';
    'CLKH_EN':
      PIN_NUMBER='(0,0,0,N5)';
      INPUT_LOAD='(-0.01,0.01)';
      OUTPUT_LOAD='(1.0,-1.0)';
      BIDIRECTIONAL='TRUE';
    'CLKL_EN':
      PIN_NUMBER='(0,0,0,R4)';
      INPUT_LOAD='(-0.01,0.01)';
      OUTPUT_LOAD='(1.0,-1.0)';
      BIDIRECTIONAL='TRUE';
    '-SERDES_RST':
      PIN_NUMBER='(0,0,0,P4)';
      INPUT_LOAD='(-0.01,0.01)';
      OUTPUT_LOAD='(1.0,-1.0)';
      BIDIRECTIONAL='TRUE';
    '-WP':
      PIN_NUMBER='(0,0,0,P1)';
      INPUT_LOAD='(-0.01,0.01)';
      OUTPUT_LOAD='(1.0,-1.0)';
      BIDIRECTIONAL='TRUE';
    '-HOLD':
      PIN_NUMBER='(0,0,0,N1)';
      INPUT_LOAD='(-0.01,0.01)';
      OUTPUT_LOAD='(1.0,-1.0)';
      BIDIRECTIONAL='TRUE';
    'DBMOSI':
      PIN_NUMBER='(0,0,0,N3)';
      INPUT_LOAD='(-0.01,0.01)';
      OUTPUT_LOAD='(1.0,-1.0)';
      BIDIRECTIONAL='TRUE';
    'DBMISO':
      PIN_NUMBER='(0,0,0,N2)';
      INPUT_LOAD='(-0.01,0.01)';
      OUTPUT_LOAD='(1.0,-1.0)';
      BIDIRECTIONAL='TRUE';
    '-DBCS':
      PIN_NUMBER='(0,0,0,M4)';
      INPUT_LOAD='(-0.01,0.01)';
      OUTPUT_LOAD='(1.0,-1.0)';
      BIDIRECTIONAL='TRUE';
    'DBSCLK':
      PIN_NUMBER='(0,0,0,M3)';
      INPUT_LOAD='(-0.01,0.01)';
      OUTPUT_LOAD='(1.0,-1.0)';
      BIDIRECTIONAL='TRUE';
    'N.C.1':
      PIN_NUMBER='(0,0,0,T4)';
      INPUT_LOAD='(-0.01,0.01)';
      OUTPUT_LOAD='(1.0,-1.0)';
      BIDIRECTIONAL='TRUE';
    'N.C.2':
      PIN_NUMBER='(0,0,0,T3)';
      INPUT_LOAD='(-0.01,0.01)';
      OUTPUT_LOAD='(1.0,-1.0)';
      BIDIRECTIONAL='TRUE';
    'REF_C1':
      PIN_NUMBER='(0,B8,0,0)';
      INPUT_LOAD='(-0.01,0.01)';
    'REF_C2':
      PIN_NUMBER='(0,0,G14,0)';
      INPUT_LOAD='(-0.01,0.01)';
  end_pin;
  body
    NC_PINS='(F1,F2,F5,G5,K5,L1,L2,L5,M6,M7,M10,M11,N6,N7,N10,N11,P6,R11,R12)';
    NC_PINS='(T5,T6,T11,T12,P7,P10,P11,R5,R6,D6,C6,B6,A6,E6,E7,D7,C7,C10,D10)';
    NC_PINS='(E10,E11,A11,B11,C11,D11,F15,F16,F12,G12,K12,L12,L16,L15,A3,A4,A13)';
    NC_PINS='(B3,C1,D1,D2,D3,E1,E2,E3,E4,F3,F4,G1,G2,G3,G4,H1,H2,H3,H4,J1,J2)';
    NC_PINS='(J3,J4,K1,K2,K3,K4,L3,L4,T15)';
    CLASS='IC';
    PART_NAME='XC2VXXXX_1';
    PHYS_DES_PREFIX='D';
    JEDEC_TYPE='F247';
    BODY_NAME='XC2VXXXX_1';
    FAMILY='Virtex-II';
  end_body;
end_primitive;
END.
