FILE_TYPE=LIBRARY_PARTS;
TIME=' Created/Modified on Thu Jul 01 17:36:07 2004' ;
primitive 'ADP_2_4_CD636';
  pin
    'SUM':
      PIN_NUMBER='(1)';
      INPUT_LOAD='(-0.01,0.01)';
      OUTPUT_LOAD='(1.0,-1.0)';
      BIDIRECTIONAL='TRUE';
    'ISOLATE1':
      PIN_NUMBER='(2)';
      INPUT_LOAD='(-0.01,0.01)';
    'ISOLATE2':
      PIN_NUMBER='(5)';
      INPUT_LOAD='(-0.01,0.01)';
    'PORT1':
      PIN_NUMBER='(3)';
      INPUT_LOAD='(-0.01,0.01)';
      OUTPUT_LOAD='(1.0,-1.0)';
      BIDIRECTIONAL='TRUE';
    'PORT2':
      PIN_NUMBER='(4)';
      INPUT_LOAD='(-0.01,0.01)';
      OUTPUT_LOAD='(1.0,-1.0)';
      BIDIRECTIONAL='TRUE';
    'GND':
      PIN_NUMBER='(6)';
      PINUSE='GROUND';
  end_pin;
  body
    CLASS='IC';
    PART_NAME='ADP_2_4';
    PHYS_DES_PREFIX='WE';
    JEDEC_TYPE='CD636';
    BODY_NAME='ADP_2_4';
    FAMILY='ADP';
  end_body;
end_primitive;
END.
