FILE_TYPE=LIBRARY_PARTS;
TIME=' Created/Modified on Fri Oct 29 15:24:22 2004' ;
primitive 'AD8324JRQ';
  pin
    'VIN+':
      PIN_NUMBER='(5)';
      INPUT_LOAD='(-0.01,0.01)';
    'VIN-':
      PIN_NUMBER='(6)';
      INPUT_LOAD='(-0.01,0.01)';
    '-DATEN':
      PIN_NUMBER='(8)';
      INPUT_LOAD='(-0.01,0.01)';
    'SDATA':
      PIN_NUMBER='(9)';
      INPUT_LOAD='(-0.01,0.01)';
    'CLK':
      PIN_NUMBER='(10)';
      INPUT_LOAD='(-0.01,0.01)';
    '-SLEEP':
      PIN_NUMBER='(12)';
      INPUT_LOAD='(-0.01,0.01)';
    'BYP':
      PIN_NUMBER='(14)';
      OUTPUT_LOAD='(1.0,-1.0)';
    'VOUT-':
      PIN_NUMBER='(15)';
      OUTPUT_LOAD='(1.0,-1.0)';
    'VOUT+':
      PIN_NUMBER='(16)';
      OUTPUT_LOAD='(1.0,-1.0)';
    'RAMP':
      PIN_NUMBER='(17)';
      OUTPUT_LOAD='(1.0,-1.0)';
    'TXEN':
      PIN_NUMBER='(18)';
      INPUT_LOAD='(-0.01,0.01)';
    'N.C.':
      PIN_NUMBER='(13)';
      PINUSE='UNSPEC';
      NO_LOAD_CHECK='BOTH';
      NO_IO_CHECK='BOTH';
      ALLOW_CONNECT='TRUE';
    'GND':
      PIN_NUMBER='(1)';
      PINUSE='GROUND';
    'GND1':
      PIN_NUMBER='(3)';
      PINUSE='GROUND';
    'GND2':
      PIN_NUMBER='(4)';
      PINUSE='GROUND';
    'GND3':
      PIN_NUMBER='(7)';
      PINUSE='GROUND';
    'VCC1':
      PIN_NUMBER='(2)';
      PINUSE='POWER';
    'GND4':
      PIN_NUMBER='(11)';
      PINUSE='GROUND';
    'GND5':
      PIN_NUMBER='(20)';
      PINUSE='GROUND';
    'VCC2':
      PIN_NUMBER='(19)';
      PINUSE='POWER';
  end_pin;
  body
    CLASS='IC';
    PART_NAME='AD8324JRQ';
    PHYS_DES_PREFIX='D';
    JEDEC_TYPE='F338';
    FAMILY='?';
    BODY_NAME='AD8324JRQ';
  end_body;
end_primitive;
END.
