
	(Comment
		(Time 07/19/05,12:30:53)
		(User Sergey)
		(MsgId ECO_081)
		(Text "Symbol sym_1 added to cell")
		(Param1 sym_1)
	)
	(Comment
		(Time 07/19/05,12:34:46)
		(User Sergey)
		(MsgId ECO_021)
		(Text "Package MAX1615 added to cell")
		(Param1 MAX1615)
	)
	(Comment
		(Time 07/19/05,12:35:03)
		(User Sergey)
		(MsgId ECO_021)
		(Text "Package max1615_1 added to cell")
		(Param1 max1615_1)
	)
	(Comment
		(Time 07/19/05,12:35:11)
		(User Sergey)
		(MsgId ECO_081)
		(Text "Symbol sym_2 added to cell")
		(Param1 sym_2)
	)
	(Comment
		(Time 07/19/05,12:35:50)
		(User Sergey)
		(MsgId ECO_081)
		(Text "Symbol sym_3 added to cell")
		(Param1 sym_3)
	)
	(Comment
		(Time 07/19/05,12:35:58)
		(User Sergey)
		(MsgId ECO_082)
		(Text "Symbol sym_3 deleted from cell")
		(Param1 sym_3)
	)
	(Comment
		(Time 07/19/05,12:36:15)
		(User Sergey)
		(MsgId ECO_022)
		(Text "Package MAX1615_1 deleted from cell")
		(Param1 MAX1615_1)
	)
	(Comment
		(Time 07/19/05,12:36:21)
		(User Sergey)
		(MsgId ECO_082)
		(Text "Symbol sym_2 deleted from cell")
		(Param1 sym_2)
	)
	(Comment
		(Time 07/19/05,12:36:30)
		(User Sergey)
		(MsgId ECO_081)
		(Text "Symbol sym_2 added to cell")
		(Param1 sym_2)
	)
	(Comment
		(Time 07/19/05,12:36:34)
		(User Sergey)
		(MsgId ECO_082)
		(Text "Symbol sym_2 deleted from cell")
		(Param1 sym_2)
	)
	(Comment
		(Time 07/19/05,12:37:31)
		(User Sergey)
		(MsgId ECO_022)
		(Text "Package MAX1615 deleted from cell")
		(Param1 MAX1615)
	)
	(Comment
		(Time 07/19/05,12:49:26)
		(User Sergey)
		(MsgId ECO_021)
		(Text "Package MAX1615 added to cell")
		(Param1 MAX1615)
	)
	(Comment
		(Time 07/19/05,12:49:37)
		(User Sergey)
		(MsgId ECO_081)
		(Text "Symbol sym_2 added to cell")
		(Param1 sym_2)
	)
	(Comment
		(Time 07/19/05,12:49:46)
		(User Sergey)
		(MsgId ECO_022)
		(Text "Package MAX1615 deleted from cell")
		(Param1 MAX1615)
	)
	(Comment
		(Time 07/19/05,12:49:48)
		(User Sergey)
		(MsgId ECO_021)
		(Text "Package MAX1615 added to cell")
		(Param1 MAX1615)
	)
	(Comment
		(Time 07/19/05,12:51:17)
		(User Sergey)
		(MsgId ECO_082)
		(Text "Symbol sym_1 deleted from cell")
		(Param1 sym_1)
	)
	(Comment
		(Time 07/19/05,12:51:20)
		(User Sergey)
		(MsgId ECO_082)
		(Text "Symbol sym_2 deleted from cell")
		(Param1 sym_2)
	)
	(Comment
		(Time 07/19/05,12:51:27)
		(User Sergey)
		(MsgId ECO_022)
		(Text "Package MAX1615 deleted from cell")
		(Param1 MAX1615)
	)
	(Comment
		(Time 07/19/05,12:51:30)
		(User Sergey)
		(MsgId ECO_021)
		(Text "Package MAX1615 added to cell")
		(Param1 MAX1615)
	)
	(Comment
		(Time 07/19/05,12:52:25)
		(User Sergey)
		(MsgId ECO_081)
		(Text "Symbol sym_1 added to cell")
		(Param1 sym_1)
	)
	(Comment
		(Time 07/19/05,12:57:23)
		(User Sergey)
		(MsgId ECO_081)
		(Text "Symbol sym_2 added to cell")
		(Param1 sym_2)
	)
	(Comment
		(Time 07/19/05,12:57:39)
		(User Sergey)
		(MsgId ECO_082)
		(Text "Symbol sym_2 deleted from cell")
		(Param1 sym_2)
	)

	(Comment
		(Time 07/19/05,16:45:02)
		(User Sergey)
		(MsgId ECO_082)
		(Text "Symbol sym_1 deleted from cell")
		(Param1 sym_1)
	)
	(Comment
		(Time 07/19/05,16:45:04)
		(User Sergey)
		(MsgId ECO_081)
		(Text "Symbol sym_1 added to cell")
		(Param1 sym_1)
	)
	(Comment
		(Time 07/19/05,16:45:20)
		(User Sergey)
		(MsgId ECO_082)
		(Text "Symbol sym_1 deleted from cell")
		(Param1 sym_1)
	)
	(Comment
		(Time 07/19/05,16:45:34)
		(User Sergey)
		(MsgId ECO_081)
		(Text "Symbol sym_1 added to cell")
		(Param1 sym_1)
	)
