FILE_TYPE=LIBRARY_PARTS;
primitive 'LED';
  pin
    '1':
      PIN_NUMBER='(1)';
      PIN_TYPE='ANALOG';
      NO_LOAD_CHECK='Both';
      NO_IO_CHECK='Both';
      ALLOW_CONNECT='TRUE';
    '2':
      PIN_NUMBER='(2)';
      PIN_TYPE='ANALOG';
      NO_LOAD_CHECK='Both';
      NO_IO_CHECK='Both';
      ALLOW_CONNECT='TRUE';
  end_pin;
  body
    PART_NAME='LED';
    FAMILY='LED';
    BODY_NAME='LED';
    LOCATION='VD';
    PACK_TYPE='?';
    JEDEC_TYPE='l53_s';
    PHYS_DES_PREFIX='VD';
    CLASS='IC';
  end_body;
end_primitive;

END.
