FILE_TYPE=LIBRARY_PARTS;
TIME=' Created/Modified on Mon Oct 20 17:03:40 2003' ;
primitive 'SA532D';
  pin
    'A':
      PIN_NUMBER='(3)';
      INPUT_LOAD='(-0.01,0.01)';
    '-A':
      PIN_NUMBER='(2)';
      INPUT_LOAD='(-0.01,0.01)';
    'A_OUT':
      PIN_NUMBER='(1)';
      OUTPUT_LOAD='(1.0,-1.0)';
    'B':
      PIN_NUMBER='(5)';
      INPUT_LOAD='(-0.01,0.01)';
    '-B':
      PIN_NUMBER='(6)';
      INPUT_LOAD='(-0.01,0.01)';
    'B_OUT':
      PIN_NUMBER='(7)';
      OUTPUT_LOAD='(1.0,-1.0)';
  end_pin;
  body
    POWER_PINS='(P3V3A:8)';
    POWER_PINS='(N3V3A:4)';
    CLASS='IC';
    PART_NAME='SA532D';
    JEDEC_TYPE='f27';
    BODY_NAME='SA532D';
    FAMILY='?';
  end_body;
end_primitive;
primitive 'SA532D_SOT96_1';
  pin
    'A':
      PIN_NUMBER='(3)';
      INPUT_LOAD='(-0.01,0.01)';
    '-A':
      PIN_NUMBER='(2)';
      INPUT_LOAD='(-0.01,0.01)';
    'A_OUT':
      PIN_NUMBER='(1)';
      OUTPUT_LOAD='(1.0,-1.0)';
    'B':
      PIN_NUMBER='(5)';
      INPUT_LOAD='(-0.01,0.01)';
    '-B':
      PIN_NUMBER='(6)';
      INPUT_LOAD='(-0.01,0.01)';
    'B_OUT':
      PIN_NUMBER='(7)';
      OUTPUT_LOAD='(1.0,-1.0)';
    'P3V3A':
      PIN_NUMBER='(8)';
      PINUSE='POWER';
    'N3V3A':
      PIN_NUMBER='(4)';
      PINUSE='POWER';
  end_pin;
  body
    CLASS='IC';
    PART_NAME='SA532D';
    JEDEC_TYPE='f27';
    BODY_NAME='SA532D';
    FAMILY='?';
  end_body;
end_primitive;
END.
