	(Comment
		(Time 08/06/13,16:22:22)
		(User Sergey)
		(MsgId ECO_081)
		(Text "Symbol sym_1 added to cell")
		(Param1 sym_1)
	)
	(Comment
		(Time 08/06/13,16:42:24)
		(User Sergey)
		(MsgId ECO_081)
		(Text "Symbol sym_2 added to cell")
		(Param1 sym_2)
	)
	(Comment
		(Time 08/06/13,16:51:09)
		(User Sergey)
		(MsgId ECO_081)
		(Text "Symbol sym_3 added to cell")
		(Param1 sym_3)
	)
	(Comment
		(Time 08/06/13,17:18:43)
		(User Sergey)
		(MsgId ECO_081)
		(Text "Symbol sym_4 added to cell")
		(Param1 sym_4)
	)
	(Comment
		(Time 08/06/13,17:20:37)
		(User Sergey)
		(MsgId ECO_081)
		(Text "Symbol sym_5 added to cell")
		(Param1 sym_5)
	)
	(Comment
		(Time 08/06/13,17:24:40)
		(User Sergey)
		(MsgId ECO_081)
		(Text "Symbol sym_6 added to cell")
		(Param1 sym_6)
	)
	(Comment
		(Time 08/06/13,17:41:30)
		(User Sergey)
		(MsgId ECO_081)
		(Text "Symbol sym_7 added to cell")
		(Param1 sym_7)
	)
	(Comment
		(Time 08/06/13,17:46:54)
		(User Sergey)
		(MsgId ECO_081)
		(Text "Symbol sym_8 added to cell")
		(Param1 sym_8)
	)
	(Comment
		(Time 08/06/13,17:53:33)
		(User Sergey)
		(MsgId ECO_081)
		(Text "Symbol sym_9 added to cell")
		(Param1 sym_9)
	)
	(Comment
		(Time 08/06/13,17:54:58)
		(User Sergey)
		(MsgId ECO_081)
		(Text "Symbol sym_10 added to cell")
		(Param1 sym_10)
	)
	(Comment
		(Time 08/06/13,17:56:26)
		(User Sergey)
		(MsgId ECO_081)
		(Text "Symbol sym_11 added to cell")
		(Param1 sym_11)
	)
	(Comment
		(Time 08/06/13,17:57:34)
		(User Sergey)
		(MsgId ECO_081)
		(Text "Symbol sym_12 added to cell")
		(Param1 sym_12)
	)
	(Comment
		(Time 08/07/13,12:31:42)
		(User Sergey)
		(MsgId ECO_081)
		(Text "Symbol sym_13 added to cell")
		(Param1 sym_13)
	)
	(Comment
		(Time 08/07/13,12:42:02)
		(User Sergey)
		(MsgId ECO_081)
		(Text "Symbol sym_14 added to cell")
		(Param1 sym_14)
	)
	(Comment
		(Time 08/07/13,12:44:22)
		(User Sergey)
		(MsgId ECO_081)
		(Text "Symbol sym_15 added to cell")
		(Param1 sym_15)
	)
	(Comment
		(Time 08/07/13,12:46:11)
		(User Sergey)
		(MsgId ECO_081)
		(Text "Symbol sym_16 added to cell")
		(Param1 sym_16)
	)
	(Comment
		(Time 08/07/13,12:50:26)
		(User Sergey)
		(MsgId ECO_081)
		(Text "Symbol sym_17 added to cell")
		(Param1 sym_17)
	)
	(Comment
		(Time 08/07/13,12:54:36)
		(User Sergey)
		(MsgId ECO_081)
		(Text "Symbol sym_18 added to cell")
		(Param1 sym_18)
	)
	(Comment
		(Time 08/07/13,12:56:04)
		(User Sergey)
		(MsgId ECO_081)
		(Text "Symbol sym_19 added to cell")
		(Param1 sym_19)
	)
	(Comment
		(Time 08/07/13,14:18:11)
		(User Sergey)
		(MsgId ECO_021)
		(Text "Package J1_COMEXPRESS added to cell")
		(Param1 J1_COMEXPRESS)
	)
	(Comment
		(Time 08/07/13,14:18:19)
		(User Sergey)
		(MsgId ECO_022)
		(Text "Package J1_COMEXPRESS deleted from cell")
		(Param1 J1_COMEXPRESS)
	)
	(Comment
		(Time 08/07/13,18:05:55)
		(User Sergey)
		(MsgId ECO_021)
		(Text "Package J1_COMEXPRESS added to cell")
		(Param1 J1_COMEXPRESS)
	)
	(Comment
		(Time 08/07/13,18:06:08)
		(User Sergey)
		(MsgId ECO_022)
		(Text "Package J1_COMEXPRESS deleted from cell")
		(Param1 J1_COMEXPRESS)
	)
	(Comment
		(Time 08/07/13,18:06:15)
		(User Sergey)
		(MsgId ECO_021)
		(Text "Package J1_COMEXPRESS added to cell")
		(Param1 J1_COMEXPRESS)
	)
	(Comment
		(Time 08/07/13,18:06:34)
		(User Sergey)
		(MsgId ECO_022)
		(Text "Package J1_COMEXPRESS deleted from cell")
		(Param1 J1_COMEXPRESS)
	)
	(Comment
		(Time 08/07/13,18:06:42)
		(User Sergey)
		(MsgId ECO_021)
		(Text "Package J1_COMEXPRESS added to cell")
		(Param1 J1_COMEXPRESS)
	)
	(Comment
		(Time 08/07/13,18:07:21)
		(User Sergey)
		(MsgId ECO_021)
		(Text "Package J1_COMEXPRESS_1 added to cell")
		(Param1 J1_COMEXPRESS_1)
	)
	(Comment
		(Time 08/07/13,18:07:28)
		(User Sergey)
		(MsgId ECO_022)
		(Text "Package J1_COMEXPRESS_1 deleted from cell")
		(Param1 J1_COMEXPRESS_1)
	)
	(Comment
		(Time 08/07/13,19:36:27)
		(User Sergey)
		(MsgId ECO_082)
		(Text "Symbol sym_19 deleted from cell")
		(Param1 sym_19)
	)
	(Comment
		(Time 08/08/13,12:58:32)
		(User Sergey)
		(MsgId ECO_081)
		(Text "Symbol sym_19 added to cell")
		(Param1 sym_19)
	)
