FILE_TYPE=LIBRARY_PARTS;
primitive 'SDA03';
  pin
    '1':
      PIN_NUMBER='(1)';
      PIN_TYPE='ANALOG';
      NO_LOAD_CHECK='Both';
      NO_IO_CHECK='Both';
      NO_ASSERT_CHECK='TRUE';
      NO_DIR_CHECK='TRUE';
      ALLOW_CONNECT='TRUE';
    '2':
      PIN_NUMBER='(2)';
      PIN_TYPE='ANALOG';
      NO_LOAD_CHECK='Both';
      NO_IO_CHECK='Both';
      NO_ASSERT_CHECK='TRUE';
      NO_DIR_CHECK='TRUE';
      ALLOW_CONNECT='TRUE';
    '3':
      PIN_NUMBER='(3)';
      PIN_TYPE='ANALOG';
      NO_LOAD_CHECK='Both';
      NO_IO_CHECK='Both';
      NO_ASSERT_CHECK='TRUE';
      NO_DIR_CHECK='TRUE';
      ALLOW_CONNECT='TRUE';
    '4':
      PIN_NUMBER='(4)';
      PIN_TYPE='ANALOG';
      NO_LOAD_CHECK='Both';
      NO_IO_CHECK='Both';
      NO_ASSERT_CHECK='TRUE';
      NO_DIR_CHECK='TRUE';
      ALLOW_CONNECT='TRUE';
    '5':
      PIN_NUMBER='(5)';
      PIN_TYPE='ANALOG';
      NO_LOAD_CHECK='Both';
      NO_IO_CHECK='Both';
      NO_ASSERT_CHECK='TRUE';
      NO_DIR_CHECK='TRUE';
      ALLOW_CONNECT='TRUE';
    '6':
      PIN_NUMBER='(6)';
      PIN_TYPE='ANALOG';
      NO_LOAD_CHECK='Both';
      NO_IO_CHECK='Both';
      NO_ASSERT_CHECK='TRUE';
      NO_DIR_CHECK='TRUE';
      ALLOW_CONNECT='TRUE';
  end_pin;
  body
    PART_NAME='SDA03';
    BODY_NAME='SDA03';
    JEDEC_TYPE='sda03h1sbd';
    PHYS_DES_PREFIX='SA';
    CLASS='IC';
  end_body;
end_primitive;

END.
