	(Comment
		(Time 08/07/14,15:27:56)
		(User imk)
		(MsgId ECO_081)
		(Text "Symbol sym_1 added to cell")
		(Param1 sym_1)
	)
	(Comment
		(Time 08/07/14,15:37:07)
		(User imk)
		(MsgId ECO_021)
		(Text "Package ASP-134486-01 added to cell")
		(Param1 ASP-134486-01)
	)
	(Comment
		(Time 08/07/14,15:37:09)
		(User imk)
		(MsgId ECO_081)
		(Text "Symbol sym_2 added to cell")
		(Param1 sym_2)
	)
	(Comment
		(Time 08/07/14,15:41:53)
		(User imk)
		(MsgId ECO_081)
		(Text "Symbol sym_3 added to cell")
		(Param1 sym_3)
	)
	(Comment
		(Time 08/07/14,15:53:12)
		(User imk)
		(MsgId ECO_081)
		(Text "Symbol sym_4 added to cell")
		(Param1 sym_4)
	)
	(Comment
		(Time 08/07/14,15:57:15)
		(User imk)
		(MsgId ECO_081)
		(Text "Symbol sym_5 added to cell")
		(Param1 sym_5)
	)
	(Comment
		(Time 08/07/14,18:25:37)
		(User imk)
		(MsgId ECO_082)
		(Text "Symbol sym_1 deleted from cell")
		(Param1 sym_1)
	)
	(Comment
		(Time 08/07/14,18:25:52)
		(User imk)
		(MsgId ECO_081)
		(Text "Symbol sym_1 added to cell")
		(Param1 sym_1)
	)
	(Comment
		(Time 08/07/14,18:31:10)
		(User imk)
		(MsgId ECO_081)
		(Text "Symbol sym_6 added to cell")
		(Param1 sym_6)
	)
	(Comment
		(Time 08/07/14,18:31:33)
		(User imk)
		(MsgId ECO_082)
		(Text "Symbol sym_3 deleted from cell")
		(Param1 sym_3)
	)
