FILE_TYPE=LIBRARY_PARTS;
primitive 'ADV7132KST';
  pin
    'G0':
      PIN_NUMBER='(1)';
      INPUT_LOAD='(-0.01,0.01)';
    'G1':
      PIN_NUMBER='(2)';
      INPUT_LOAD='(-0.01,0.01)';
    'G2':
      PIN_NUMBER='(3)';
      INPUT_LOAD='(-0.01,0.01)';
    'G3':
      PIN_NUMBER='(4)';
      INPUT_LOAD='(-0.01,0.01)';
    'G4':
      PIN_NUMBER='(5)';
      INPUT_LOAD='(-0.01,0.01)';
    'G5':
      PIN_NUMBER='(6)';
      INPUT_LOAD='(-0.01,0.01)';
    'G6':
      PIN_NUMBER='(7)';
      INPUT_LOAD='(-0.01,0.01)';
    'G7':
      PIN_NUMBER='(8)';
      INPUT_LOAD='(-0.01,0.01)';
    'G8':
      PIN_NUMBER='(9)';
      INPUT_LOAD='(-0.01,0.01)';
    'G9':
      PIN_NUMBER='(10)';
      INPUT_LOAD='(-0.01,0.01)';
    'R0':
      PIN_NUMBER='(39)';
      INPUT_LOAD='(-0.01,0.01)';
    'R1':
      PIN_NUMBER='(40)';
      INPUT_LOAD='(-0.01,0.01)';
    'R2':
      PIN_NUMBER='(41)';
      INPUT_LOAD='(-0.01,0.01)';
    'R3':
      PIN_NUMBER='(42)';
      INPUT_LOAD='(-0.01,0.01)';
    'R4':
      PIN_NUMBER='(43)';
      INPUT_LOAD='(-0.01,0.01)';
    'R5':
      PIN_NUMBER='(44)';
      INPUT_LOAD='(-0.01,0.01)';
    'R6':
      PIN_NUMBER='(45)';
      INPUT_LOAD='(-0.01,0.01)';
    'R7':
      PIN_NUMBER='(46)';
      INPUT_LOAD='(-0.01,0.01)';
    'R8':
      PIN_NUMBER='(47)';
      INPUT_LOAD='(-0.01,0.01)';
    'R9':
      PIN_NUMBER='(48)';
      INPUT_LOAD='(-0.01,0.01)';
    'B0':
      PIN_NUMBER='(14)';
      INPUT_LOAD='(-0.01,0.01)';
    'B1':
      PIN_NUMBER='(15)';
      INPUT_LOAD='(-0.01,0.01)';
    'B2':
      PIN_NUMBER='(16)';
      INPUT_LOAD='(-0.01,0.01)';
    'B3':
      PIN_NUMBER='(17)';
      INPUT_LOAD='(-0.01,0.01)';
    'B4':
      PIN_NUMBER='(18)';
      INPUT_LOAD='(-0.01,0.01)';
    'B5':
      PIN_NUMBER='(19)';
      INPUT_LOAD='(-0.01,0.01)';
    'B6':
      PIN_NUMBER='(20)';
      INPUT_LOAD='(-0.01,0.01)';
    'B7':
      PIN_NUMBER='(21)';
      INPUT_LOAD='(-0.01,0.01)';
    'B8':
      PIN_NUMBER='(22)';
      INPUT_LOAD='(-0.01,0.01)';
    'B9':
      PIN_NUMBER='(23)';
      INPUT_LOAD='(-0.01,0.01)';
    '-BLANK':
      PIN_NUMBER='(11)';
      INPUT_LOAD='(-0.01,0.01)';
    '-SYNC':
      PIN_NUMBER='(12)';
      INPUT_LOAD='(-0.01,0.01)';
    'CLK':
      PIN_NUMBER='(24)';
      INPUT_LOAD='(-0.01,0.01)';
    'RSET':
      PIN_NUMBER='(37)';
      INPUT_LOAD='(-0.01,0.01)';
    '-PSAVE':
      PIN_NUMBER='(38)';
      INPUT_LOAD='(-0.01,0.01)';
    'VREF':
      PIN_NUMBER='(36)';
      OUTPUT_LOAD='(1.0,-1.0)';
    'COMP':
      PIN_NUMBER='(35)';
      OUTPUT_LOAD='(1.0,-1.0)';
    'IOR':
      PIN_NUMBER='(34)';
      OUTPUT_LOAD='(1.0,-1.0)';
    '-IOR':
      PIN_NUMBER='(33)';
      OUTPUT_LOAD='(1.0,-1.0)';
    'IOG':
      PIN_NUMBER='(32)';
      OUTPUT_LOAD='(1.0,-1.0)';
    '-IOG':
      PIN_NUMBER='(31)';
      OUTPUT_LOAD='(1.0,-1.0)';
    'IOB':
      PIN_NUMBER='(28)';
      OUTPUT_LOAD='(1.0,-1.0)';
    '-IOB':
      PIN_NUMBER='(27)';
      OUTPUT_LOAD='(1.0,-1.0)';
    'VAA0':
      PIN_NUMBER='(13)';
      PINUSE='POWER';
      NO_LOAD_CHECK='Both';
      NO_IO_CHECK='Both';
      NO_ASSERT_CHECK='TRUE';
      NO_DIR_CHECK='TRUE';
      ALLOW_CONNECT='TRUE';
    'VAA1':
      PIN_NUMBER='(29)';
      PINUSE='POWER';
      NO_LOAD_CHECK='Both';
      NO_IO_CHECK='Both';
      NO_ASSERT_CHECK='TRUE';
      NO_DIR_CHECK='TRUE';
      ALLOW_CONNECT='TRUE';
    'VAA2':
      PIN_NUMBER='(30)';
      PINUSE='POWER';
      NO_LOAD_CHECK='Both';
      NO_IO_CHECK='Both';
      NO_ASSERT_CHECK='TRUE';
      NO_DIR_CHECK='TRUE';
      ALLOW_CONNECT='TRUE';
    'GND0':
      PIN_NUMBER='(25)';
      PINUSE='POWER';
      NO_LOAD_CHECK='Both';
      NO_IO_CHECK='Both';
      NO_ASSERT_CHECK='TRUE';
      NO_DIR_CHECK='TRUE';
      ALLOW_CONNECT='TRUE';
    'GND1':
      PIN_NUMBER='(26)';
      PINUSE='POWER';
      NO_LOAD_CHECK='Both';
      NO_IO_CHECK='Both';
      NO_ASSERT_CHECK='TRUE';
      NO_DIR_CHECK='TRUE';
      ALLOW_CONNECT='TRUE';
  end_pin;
  body
    PART_NAME='ADV7132KST';
    BODY_NAME='ADV7132KST';
    JEDEC_TYPE='f40';
    PHYS_DES_PREFIX='U';
    CLASS='IC';
  end_body;
end_primitive;

END.
