FILE_TYPE=LIBRARY_PARTS;
TIME=' Created/Modified on Mon Oct 13 16:48:53 2003' ;
primitive 'MAX3485ESA';
  pin
    'DE':
      PIN_NUMBER='(3)';
      INPUT_LOAD='(-0.01,0.01)';
    'DI':
      PIN_NUMBER='(4)';
      INPUT_LOAD='(-0.01,0.01)';
    '-RE':
      PIN_NUMBER='(2)';
      INPUT_LOAD='(-0.01,0.01)';
    'RO':
      PIN_NUMBER='(1)';
      OUTPUT_LOAD='(1.0,-1.0)';
    'A':
      PIN_NUMBER='(6)';
      OUTPUT_LOAD='(1.0,-1.0)';
    'B':
      PIN_NUMBER='(7)';
      OUTPUT_LOAD='(1.0,-1.0)';
  end_pin;
  body
    POWER_PINS='(GNDDR:5)';
    POWER_PINS='(P3V3R:8)';
    CLASS='IC';
    PART_NAME='MAX3485ESA';
    JEDEC_TYPE='f27';
    BODY_NAME='MAX3485ESA';
    FAMILY='transceiver';
  end_body;
end_primitive;
END.
