
	(Comment
		(Time 11/09/06,16:18:53)
		(User Sergey)
		(MsgId ECO_081)
		(Text "Symbol sym_1 added to cell")
		(Param1 sym_1)
	)
	(Comment
		(Time 11/09/06,16:26:28)
		(User Sergey)
		(MsgId ECO_021)
		(Text "Package miniusb added to cell")
		(Param1 miniusb)
	)


	(Comment
		(Time 12/01/06,15:23:49)
		(User Sergey)
		(MsgId ECO_022)
		(Text "Package MINIUSB deleted from cell")
		(Param1 MINIUSB)
	)
	(Comment
		(Time 12/01/06,15:25:12)
		(User Sergey)
		(MsgId ECO_021)
		(Text "Package miniusb added to cell")
		(Param1 miniusb)
	)






