	(Comment
		(Time 08/25/20,17:01:45)
		(User Lmx)
		(MsgId ECO_021)
		(Text "Package ZIGBEE_CC2530 added to cell")
		(Param1 "ZIGBEE_CC2530")
	)
	(Comment
		(Time 08/25/20,18:37:53)
		(User Lmx)
		(MsgId ECO_081)
		(Text "Symbol sym_1 added to cell")
		(Param1 "sym_1")
	)
	(Comment
		(Time 08/25/20,18:38:12)
		(User Lmx)
		(MsgId ECO_082)
		(Text "Symbol sym_1 deleted from cell")
		(Param1 "sym_1")
	)
	(Comment
		(Time 08/25/20,18:38:22)
		(User Lmx)
		(MsgId ECO_081)
		(Text "Symbol sym_1 added to cell")
		(Param1 "sym_1")
	)
	(Comment
		(Time 08/25/20,18:38:44)
		(User Lmx)
		(MsgId ECO_082)
		(Text "Symbol sym_1 deleted from cell")
		(Param1 "sym_1")
	)
	(Comment
		(Time 08/25/20,18:38:53)
		(User Lmx)
		(MsgId ECO_081)
		(Text "Symbol sym_1 added to cell")
		(Param1 "sym_1")
	)
