Exported by : Natali
Part hcpl_063 :
Creation Status - New Part, Creation time : Thu Jul 03 15:10:31 2003
Modification Status - No modification
Comments :
Exported by : Natali
Part hcpl-063l :
Creation Status - New Part, Creation time : Wed Jun 11 12:34:19 2003
Modification Status - No modification
Comments :
Exported by : Natali
Part hcpl0930 :
Creation Status - New Part, Creation time : Wed Jun 11 12:34:19 2003
Modification Status - No modification
Comments :
Exported by : Natali
Part hcpl0931 :
Creation Status - New Part, Creation time : Wed Jun 11 12:34:19 2003
Modification Status - No modification
Comments :
Exported by : Olga
Part hcpl_063 :
Creation Status - New Part, Creation time : Wed Jun 18 12:36:52 2003
Modification Status - No modification
Comments :
Exported by : Olga
Part hcnr201_300 :
Creation Status - New Part, Creation time : Wed Jun 09 11:42:30 2004
Modification Status - No modification
Comments :