FILE_TYPE=LIBRARY_PARTS;
TIME=' Created/Modified on Thu Apr 10 11:03:39 2003' ;
primitive 'EPM7128';
  pin
    '51':
      PIN_NUMBER='(51)';
      INPUT_LOAD='(-0.01,0.01)';
    '52':
      PIN_NUMBER='(52)';
      INPUT_LOAD='(-0.01,0.01)';
    '54':
      PIN_NUMBER='(54)';
      INPUT_LOAD='(-0.01,0.01)';
    '55':
      PIN_NUMBER='(55)';
      INPUT_LOAD='(-0.01,0.01)';
    '56':
      PIN_NUMBER='(56)';
      INPUT_LOAD='(-0.01,0.01)';
    '46':
      PIN_NUMBER='(46)';
      INPUT_LOAD='(-0.01,0.01)';
    '6':
      PIN_NUMBER='(6)';
      INPUT_LOAD='(-0.01,0.01)';
    '60':
      PIN_NUMBER='(60)';
      INPUT_LOAD='(-0.01,0.01)';
    '61':
      PIN_NUMBER='(61)';
      INPUT_LOAD='(-0.01,0.01)';
    '31':
      PIN_NUMBER='(31)';
      INPUT_LOAD='(-0.01,0.01)';
    '64':
      PIN_NUMBER='(64)';
      INPUT_LOAD='(-0.01,0.01)';
    '65':
      PIN_NUMBER='(65)';
      INPUT_LOAD='(-0.01,0.01)';
    '4':
      PIN_NUMBER='(4)';
      INPUT_LOAD='(-0.01,0.01)';
    '5':
      PIN_NUMBER='(5)';
      INPUT_LOAD='(-0.01,0.01)';
    '49':
      PIN_NUMBER='(49)';
      INPUT_LOAD='(-0.01,0.01)';
    '8':
      PIN_NUMBER='(8)';
      INPUT_LOAD='(-0.01,0.01)';
    '9':
      PIN_NUMBER='(9)';
      INPUT_LOAD='(-0.01,0.01)';
    '10':
      PIN_NUMBER='(10)';
      INPUT_LOAD='(-0.01,0.01)';
    '16':
      PIN_NUMBER='(16)';
      INPUT_LOAD='(-0.01,0.01)';
    '35':
      PIN_NUMBER='(35)';
      INPUT_LOAD='(-0.01,0.01)';
    '15':
      PIN_NUMBER='(15)';
      INPUT_LOAD='(-0.01,0.01)';
    '17':
      PIN_NUMBER='(17)';
      INPUT_LOAD='(-0.01,0.01)';
    '18':
      PIN_NUMBER='(18)';
      INPUT_LOAD='(-0.01,0.01)';
    '20':
      PIN_NUMBER='(20)';
      INPUT_LOAD='(-0.01,0.01)';
    '40':
      PIN_NUMBER='(40)';
      INPUT_LOAD='(-0.01,0.01)';
    '83':
      PIN_NUMBER='(83)';
      INPUT_LOAD='(-0.01,0.01)';
    '1':
      PIN_NUMBER='(1)';
      INPUT_LOAD='(-0.01,0.01)';
    '84':
      PIN_NUMBER='(84)';
      INPUT_LOAD='(-0.01,0.01)';
    '63':
      PIN_NUMBER='(63)';
      INPUT_LOAD='(-0.01,0.01)';
    '3':
      PIN_NUMBER='(3)';
      INPUT_LOAD='(-0.01,0.01)';
    '13':
      PIN_NUMBER='(13)';
      INPUT_LOAD='(-0.01,0.01)';
    '26':
      PIN_NUMBER='(26)';
      INPUT_LOAD='(-0.01,0.01)';
    '38':
      PIN_NUMBER='(38)';
      INPUT_LOAD='(-0.01,0.01)';
    '43':
      PIN_NUMBER='(43)';
      INPUT_LOAD='(-0.01,0.01)';
    '53':
      PIN_NUMBER='(53)';
      INPUT_LOAD='(-0.01,0.01)';
    '66':
      PIN_NUMBER='(66)';
      INPUT_LOAD='(-0.01,0.01)';
    '78':
      PIN_NUMBER='(78)';
      INPUT_LOAD='(-0.01,0.01)';
    '50':
      PIN_NUMBER='(50)';
      OUTPUT_LOAD='(1.0,-1.0)';
    '34':
      PIN_NUMBER='(34)';
      OUTPUT_LOAD='(1.0,-1.0)';
    '24':
      PIN_NUMBER='(24)';
      OUTPUT_LOAD='(1.0,-1.0)';
    '25':
      PIN_NUMBER='(25)';
      OUTPUT_LOAD='(1.0,-1.0)';
    '27':
      PIN_NUMBER='(27)';
      OUTPUT_LOAD='(1.0,-1.0)';
    '28':
      PIN_NUMBER='(28)';
      OUTPUT_LOAD='(1.0,-1.0)';
    '29':
      PIN_NUMBER='(29)';
      OUTPUT_LOAD='(1.0,-1.0)';
    '30':
      PIN_NUMBER='(30)';
      OUTPUT_LOAD='(1.0,-1.0)';
    '36':
      PIN_NUMBER='(36)';
      OUTPUT_LOAD='(1.0,-1.0)';
    '12':
      PIN_NUMBER='(12)';
      OUTPUT_LOAD='(1.0,-1.0)';
    '48':
      PIN_NUMBER='(48)';
      OUTPUT_LOAD='(1.0,-1.0)';
    '41':
      PIN_NUMBER='(41)';
      OUTPUT_LOAD='(1.0,-1.0)';
    '44':
      PIN_NUMBER='(44)';
      OUTPUT_LOAD='(1.0,-1.0)';
    '33':
      PIN_NUMBER='(33)';
      OUTPUT_LOAD='(1.0,-1.0)';
    '62':
      PIN_NUMBER='(62)';
      OUTPUT_LOAD='(1.0,-1.0)';
    '71':
      PIN_NUMBER='(71)';
      OUTPUT_LOAD='(1.0,-1.0)';
    '23':
      PIN_NUMBER='(23)';
      OUTPUT_LOAD='(1.0,-1.0)';
    '14':
      PIN_NUMBER='(14)';
      OUTPUT_LOAD='(1.0,-1.0)';
    '2':
      PIN_NUMBER='(2)';
      OUTPUT_LOAD='(1.0,-1.0)';
    '7':
      PIN_NUMBER='(7)';
      OUTPUT_LOAD='(1.0,-1.0)';
    '11':
      PIN_NUMBER='(11)';
      OUTPUT_LOAD='(1.0,-1.0)';
    '19':
      PIN_NUMBER='(19)';
      OUTPUT_LOAD='(1.0,-1.0)';
    '32':
      PIN_NUMBER='(32)';
      OUTPUT_LOAD='(1.0,-1.0)';
    '39':
      PIN_NUMBER='(39)';
      OUTPUT_LOAD='(1.0,-1.0)';
    '42':
      PIN_NUMBER='(42)';
      OUTPUT_LOAD='(1.0,-1.0)';
    '47':
      PIN_NUMBER='(47)';
      OUTPUT_LOAD='(1.0,-1.0)';
    '59':
      PIN_NUMBER='(59)';
      OUTPUT_LOAD='(1.0,-1.0)';
    '72':
      PIN_NUMBER='(72)';
      OUTPUT_LOAD='(1.0,-1.0)';
    '82':
      PIN_NUMBER='(82)';
      OUTPUT_LOAD='(1.0,-1.0)';
  end_pin;
  body
    NC_PINS='(21,22,37,45,57,58,67,68,69,70,73,74,75,76,77,79,80,81)';
    CLASS='IC';
    PART_NAME='EPM7128';
    PHYS_DES_PREFIX='U';
    JEDEC_TYPE='F21';
    BODY_NAME='EPM7128';
  end_body;
end_primitive;
END.
