
	(Comment
		(Time 02/03/06,09:41:02)
		(User Sergey)
		(MsgId ECO_021)
		(Text "Package AD8309 added to cell")
		(Param1 AD8309)
	)
	(Comment
		(Time 02/03/06,09:41:15)
		(User Sergey)
		(MsgId ECO_081)
		(Text "Symbol sym_1 added to cell")
		(Param1 sym_1)
	)
	(Comment
		(Time 02/03/06,09:54:12)
		(User Sergey)
		(MsgId ECO_022)
		(Text "Package AD8309 deleted from cell")
		(Param1 AD8309)
	)
	(Comment
		(Time 02/03/06,09:55:15)
		(User Sergey)
		(MsgId ECO_021)
		(Text "Package ad8309 added to cell")
		(Param1 ad8309)
	)
	(Comment
		(Time 02/03/06,09:55:46)
		(User Sergey)
		(MsgId ECO_022)
		(Text "Package AD8309 deleted from cell")
		(Param1 AD8309)
	)
	(Comment
		(Time 02/03/06,09:56:14)
		(User Sergey)
		(MsgId ECO_082)
		(Text "Symbol sym_1 deleted from cell")
		(Param1 sym_1)
	)
	(Comment
		(Time 02/03/06,09:56:17)
		(User Sergey)
		(MsgId ECO_081)
		(Text "Symbol sym_1 added to cell")
		(Param1 sym_1)
	)
	(Comment
		(Time 02/03/06,09:57:43)
		(User Sergey)
		(MsgId ECO_021)
		(Text "Package ad8309 added to cell")
		(Param1 ad8309)
	)
	(Comment
		(Time 02/03/06,09:57:58)
		(User Sergey)
		(MsgId ECO_081)
		(Text "Symbol sym_2 added to cell")
		(Param1 sym_2)
	)
	(Comment
		(Time 02/03/06,09:58:08)
		(User Sergey)
		(MsgId ECO_082)
		(Text "Symbol sym_2 deleted from cell")
		(Param1 sym_2)
	)

