FILE_TYPE=LIBRARY_PARTS;
TIME=' Created/Modified on Mon May 10 14:28:35 2004' ;
primitive 'PCI9656BA';
  pin
    '-ACK64':
      PIN_NUMBER='(N1,0)';
      INPUT_LOAD='(-0.01,0.01)';
      OUTPUT_LOAD='(1.0,-1.0)';
      OUTPUT_TYPE='(TS,TS)';
      BIDIRECTIONAL='TRUE';
    'AD'<0>:
      PIN_NUMBER='(M4,0)';
      INPUT_LOAD='(-0.01,0.01)';
      OUTPUT_LOAD='(1.0,-1.0)';
      OUTPUT_TYPE='(TS,TS)';
      BIDIRECTIONAL='TRUE';
    'AD'<1>:
      PIN_NUMBER='(M3,0)';
      INPUT_LOAD='(-0.01,0.01)';
      OUTPUT_LOAD='(1.0,-1.0)';
      OUTPUT_TYPE='(TS,TS)';
      BIDIRECTIONAL='TRUE';
    'AD'<2>:
      PIN_NUMBER='(M2,0)';
      INPUT_LOAD='(-0.01,0.01)';
      OUTPUT_LOAD='(1.0,-1.0)';
      OUTPUT_TYPE='(TS,TS)';
      BIDIRECTIONAL='TRUE';
    'AD'<3>:
      PIN_NUMBER='(M1,0)';
      INPUT_LOAD='(-0.01,0.01)';
      OUTPUT_LOAD='(1.0,-1.0)';
      OUTPUT_TYPE='(TS,TS)';
      BIDIRECTIONAL='TRUE';
    'AD'<4>:
      PIN_NUMBER='(L4,0)';
      INPUT_LOAD='(-0.01,0.01)';
      OUTPUT_LOAD='(1.0,-1.0)';
      OUTPUT_TYPE='(TS,TS)';
      BIDIRECTIONAL='TRUE';
    'AD'<5>:
      PIN_NUMBER='(L3,0)';
      INPUT_LOAD='(-0.01,0.01)';
      OUTPUT_LOAD='(1.0,-1.0)';
      OUTPUT_TYPE='(TS,TS)';
      BIDIRECTIONAL='TRUE';
    'AD'<6>:
      PIN_NUMBER='(L2,0)';
      INPUT_LOAD='(-0.01,0.01)';
      OUTPUT_LOAD='(1.0,-1.0)';
      OUTPUT_TYPE='(TS,TS)';
      BIDIRECTIONAL='TRUE';
    'AD'<7>:
      PIN_NUMBER='(K1,0)';
      INPUT_LOAD='(-0.01,0.01)';
      OUTPUT_LOAD='(1.0,-1.0)';
      OUTPUT_TYPE='(TS,TS)';
      BIDIRECTIONAL='TRUE';
    'AD'<8>:
      PIN_NUMBER='(K2,0)';
      INPUT_LOAD='(-0.01,0.01)';
      OUTPUT_LOAD='(1.0,-1.0)';
      OUTPUT_TYPE='(TS,TS)';
      BIDIRECTIONAL='TRUE';
    'AD'<9>:
      PIN_NUMBER='(J1,0)';
      INPUT_LOAD='(-0.01,0.01)';
      OUTPUT_LOAD='(1.0,-1.0)';
      OUTPUT_TYPE='(TS,TS)';
      BIDIRECTIONAL='TRUE';
    'AD'<10>:
      PIN_NUMBER='(J2,0)';
      INPUT_LOAD='(-0.01,0.01)';
      OUTPUT_LOAD='(1.0,-1.0)';
      OUTPUT_TYPE='(TS,TS)';
      BIDIRECTIONAL='TRUE';
    'AD'<11>:
      PIN_NUMBER='(J3,0)';
      INPUT_LOAD='(-0.01,0.01)';
      OUTPUT_LOAD='(1.0,-1.0)';
      OUTPUT_TYPE='(TS,TS)';
      BIDIRECTIONAL='TRUE';
    'AD'<12>:
      PIN_NUMBER='(J4,0)';
      INPUT_LOAD='(-0.01,0.01)';
      OUTPUT_LOAD='(1.0,-1.0)';
      OUTPUT_TYPE='(TS,TS)';
      BIDIRECTIONAL='TRUE';
    'AD'<13>:
      PIN_NUMBER='(H1,0)';
      INPUT_LOAD='(-0.01,0.01)';
      OUTPUT_LOAD='(1.0,-1.0)';
      OUTPUT_TYPE='(TS,TS)';
      BIDIRECTIONAL='TRUE';
    'AD'<14>:
      PIN_NUMBER='(H2,0)';
      INPUT_LOAD='(-0.01,0.01)';
      OUTPUT_LOAD='(1.0,-1.0)';
      OUTPUT_TYPE='(TS,TS)';
      BIDIRECTIONAL='TRUE';
    'AD'<15>:
      PIN_NUMBER='(H3,0)';
      INPUT_LOAD='(-0.01,0.01)';
      OUTPUT_LOAD='(1.0,-1.0)';
      OUTPUT_TYPE='(TS,TS)';
      BIDIRECTIONAL='TRUE';
    'AD'<16>:
      PIN_NUMBER='(D3,0)';
      INPUT_LOAD='(-0.01,0.01)';
      OUTPUT_LOAD='(1.0,-1.0)';
      OUTPUT_TYPE='(TS,TS)';
      BIDIRECTIONAL='TRUE';
    'AD'<17>:
      PIN_NUMBER='(D2,0)';
      INPUT_LOAD='(-0.01,0.01)';
      OUTPUT_LOAD='(1.0,-1.0)';
      OUTPUT_TYPE='(TS,TS)';
      BIDIRECTIONAL='TRUE';
    'AD'<18>:
      PIN_NUMBER='(C2,0)';
      INPUT_LOAD='(-0.01,0.01)';
      OUTPUT_LOAD='(1.0,-1.0)';
      OUTPUT_TYPE='(TS,TS)';
      BIDIRECTIONAL='TRUE';
    'AD'<19>:
      PIN_NUMBER='(B1,0)';
      INPUT_LOAD='(-0.01,0.01)';
      OUTPUT_LOAD='(1.0,-1.0)';
      OUTPUT_TYPE='(TS,TS)';
      BIDIRECTIONAL='TRUE';
    'AD'<20>:
      PIN_NUMBER='(C3,0)';
      INPUT_LOAD='(-0.01,0.01)';
      OUTPUT_LOAD='(1.0,-1.0)';
      OUTPUT_TYPE='(TS,TS)';
      BIDIRECTIONAL='TRUE';
    'AD'<21>:
      PIN_NUMBER='(A2,0)';
      INPUT_LOAD='(-0.01,0.01)';
      OUTPUT_LOAD='(1.0,-1.0)';
      OUTPUT_TYPE='(TS,TS)';
      BIDIRECTIONAL='TRUE';
    'AD'<22>:
      PIN_NUMBER='(B2,0)';
      INPUT_LOAD='(-0.01,0.01)';
      OUTPUT_LOAD='(1.0,-1.0)';
      OUTPUT_TYPE='(TS,TS)';
      BIDIRECTIONAL='TRUE';
    'AD'<23>:
      PIN_NUMBER='(B3,0)';
      INPUT_LOAD='(-0.01,0.01)';
      OUTPUT_LOAD='(1.0,-1.0)';
      OUTPUT_TYPE='(TS,TS)';
      BIDIRECTIONAL='TRUE';
    'AD'<24>:
      PIN_NUMBER='(A3,0)';
      INPUT_LOAD='(-0.01,0.01)';
      OUTPUT_LOAD='(1.0,-1.0)';
      OUTPUT_TYPE='(TS,TS)';
      BIDIRECTIONAL='TRUE';
    'AD'<25>:
      PIN_NUMBER='(B4,0)';
      INPUT_LOAD='(-0.01,0.01)';
      OUTPUT_LOAD='(1.0,-1.0)';
      OUTPUT_TYPE='(TS,TS)';
      BIDIRECTIONAL='TRUE';
    'AD'<26>:
      PIN_NUMBER='(C5,0)';
      INPUT_LOAD='(-0.01,0.01)';
      OUTPUT_LOAD='(1.0,-1.0)';
      OUTPUT_TYPE='(TS,TS)';
      BIDIRECTIONAL='TRUE';
    'AD'<27>:
      PIN_NUMBER='(A4,0)';
      INPUT_LOAD='(-0.01,0.01)';
      OUTPUT_LOAD='(1.0,-1.0)';
      OUTPUT_TYPE='(TS,TS)';
      BIDIRECTIONAL='TRUE';
    'AD'<28>:
      PIN_NUMBER='(B5,0)';
      INPUT_LOAD='(-0.01,0.01)';
      OUTPUT_LOAD='(1.0,-1.0)';
      OUTPUT_TYPE='(TS,TS)';
      BIDIRECTIONAL='TRUE';
    'AD'<29>:
      PIN_NUMBER='(C6,0)';
      INPUT_LOAD='(-0.01,0.01)';
      OUTPUT_LOAD='(1.0,-1.0)';
      OUTPUT_TYPE='(TS,TS)';
      BIDIRECTIONAL='TRUE';
    'AD'<30>:
      PIN_NUMBER='(D7,0)';
      INPUT_LOAD='(-0.01,0.01)';
      OUTPUT_LOAD='(1.0,-1.0)';
      OUTPUT_TYPE='(TS,TS)';
      BIDIRECTIONAL='TRUE';
    'AD'<31>:
      PIN_NUMBER='(A5,0)';
      INPUT_LOAD='(-0.01,0.01)';
      OUTPUT_LOAD='(1.0,-1.0)';
      OUTPUT_TYPE='(TS,TS)';
      BIDIRECTIONAL='TRUE';
    'AD'<32>:
      PIN_NUMBER='(V11,0)';
      INPUT_LOAD='(-0.01,0.01)';
      OUTPUT_LOAD='(1.0,-1.0)';
      OUTPUT_TYPE='(TS,TS)';
      BIDIRECTIONAL='TRUE';
    'AD'<33>:
      PIN_NUMBER='(W11,0)';
      INPUT_LOAD='(-0.01,0.01)';
      OUTPUT_LOAD='(1.0,-1.0)';
      OUTPUT_TYPE='(TS,TS)';
      BIDIRECTIONAL='TRUE';
    'AD'<34>:
      PIN_NUMBER='(Y11,0)';
      INPUT_LOAD='(-0.01,0.01)';
      OUTPUT_LOAD='(1.0,-1.0)';
      OUTPUT_TYPE='(TS,TS)';
      BIDIRECTIONAL='TRUE';
    'AD'<35>:
      PIN_NUMBER='(Y10,0)';
      INPUT_LOAD='(-0.01,0.01)';
      OUTPUT_LOAD='(1.0,-1.0)';
      OUTPUT_TYPE='(TS,TS)';
      BIDIRECTIONAL='TRUE';
    'AD'<36>:
      PIN_NUMBER='(V10,0)';
      INPUT_LOAD='(-0.01,0.01)';
      OUTPUT_LOAD='(1.0,-1.0)';
      OUTPUT_TYPE='(TS,TS)';
      BIDIRECTIONAL='TRUE';
    'AD'<37>:
      PIN_NUMBER='(W10,0)';
      INPUT_LOAD='(-0.01,0.01)';
      OUTPUT_LOAD='(1.0,-1.0)';
      OUTPUT_TYPE='(TS,TS)';
      BIDIRECTIONAL='TRUE';
    'AD'<38>:
      PIN_NUMBER='(Y9,0)';
      INPUT_LOAD='(-0.01,0.01)';
      OUTPUT_LOAD='(1.0,-1.0)';
      OUTPUT_TYPE='(TS,TS)';
      BIDIRECTIONAL='TRUE';
    'AD'<39>:
      PIN_NUMBER='(W9,0)';
      INPUT_LOAD='(-0.01,0.01)';
      OUTPUT_LOAD='(1.0,-1.0)';
      OUTPUT_TYPE='(TS,TS)';
      BIDIRECTIONAL='TRUE';
    'AD'<40>:
      PIN_NUMBER='(V9,0)';
      INPUT_LOAD='(-0.01,0.01)';
      OUTPUT_LOAD='(1.0,-1.0)';
      OUTPUT_TYPE='(TS,TS)';
      BIDIRECTIONAL='TRUE';
    'AD'<41>:
      PIN_NUMBER='(Y8,0)';
      INPUT_LOAD='(-0.01,0.01)';
      OUTPUT_LOAD='(1.0,-1.0)';
      OUTPUT_TYPE='(TS,TS)';
      BIDIRECTIONAL='TRUE';
    'AD'<42>:
      PIN_NUMBER='(W8,0)';
      INPUT_LOAD='(-0.01,0.01)';
      OUTPUT_LOAD='(1.0,-1.0)';
      OUTPUT_TYPE='(TS,TS)';
      BIDIRECTIONAL='TRUE';
    'AD'<43>:
      PIN_NUMBER='(V8,0)';
      INPUT_LOAD='(-0.01,0.01)';
      OUTPUT_LOAD='(1.0,-1.0)';
      OUTPUT_TYPE='(TS,TS)';
      BIDIRECTIONAL='TRUE';
    'AD'<44>:
      PIN_NUMBER='(Y7,0)';
      INPUT_LOAD='(-0.01,0.01)';
      OUTPUT_LOAD='(1.0,-1.0)';
      OUTPUT_TYPE='(TS,TS)';
      BIDIRECTIONAL='TRUE';
    'AD'<45>:
      PIN_NUMBER='(W7,0)';
      INPUT_LOAD='(-0.01,0.01)';
      OUTPUT_LOAD='(1.0,-1.0)';
      OUTPUT_TYPE='(TS,TS)';
      BIDIRECTIONAL='TRUE';
    'AD'<46>:
      PIN_NUMBER='(V7,0)';
      INPUT_LOAD='(-0.01,0.01)';
      OUTPUT_LOAD='(1.0,-1.0)';
      OUTPUT_TYPE='(TS,TS)';
      BIDIRECTIONAL='TRUE';
    'AD'<47>:
      PIN_NUMBER='(Y6,0)';
      INPUT_LOAD='(-0.01,0.01)';
      OUTPUT_LOAD='(1.0,-1.0)';
      OUTPUT_TYPE='(TS,TS)';
      BIDIRECTIONAL='TRUE';
    'AD'<48>:
      PIN_NUMBER='(W6,0)';
      INPUT_LOAD='(-0.01,0.01)';
      OUTPUT_LOAD='(1.0,-1.0)';
      OUTPUT_TYPE='(TS,TS)';
      BIDIRECTIONAL='TRUE';
    'AD'<49>:
      PIN_NUMBER='(U7,0)';
      INPUT_LOAD='(-0.01,0.01)';
      OUTPUT_LOAD='(1.0,-1.0)';
      OUTPUT_TYPE='(TS,TS)';
      BIDIRECTIONAL='TRUE';
    'AD'<50>:
      PIN_NUMBER='(V6,0)';
      INPUT_LOAD='(-0.01,0.01)';
      OUTPUT_LOAD='(1.0,-1.0)';
      OUTPUT_TYPE='(TS,TS)';
      BIDIRECTIONAL='TRUE';
    'AD'<51>:
      PIN_NUMBER='(Y5,0)';
      INPUT_LOAD='(-0.01,0.01)';
      OUTPUT_LOAD='(1.0,-1.0)';
      OUTPUT_TYPE='(TS,TS)';
      BIDIRECTIONAL='TRUE';
    'AD'<52>:
      PIN_NUMBER='(W5,0)';
      INPUT_LOAD='(-0.01,0.01)';
      OUTPUT_LOAD='(1.0,-1.0)';
      OUTPUT_TYPE='(TS,TS)';
      BIDIRECTIONAL='TRUE';
    'AD'<53>:
      PIN_NUMBER='(V5,0)';
      INPUT_LOAD='(-0.01,0.01)';
      OUTPUT_LOAD='(1.0,-1.0)';
      OUTPUT_TYPE='(TS,TS)';
      BIDIRECTIONAL='TRUE';
    'AD'<54>:
      PIN_NUMBER='(Y4,0)';
      INPUT_LOAD='(-0.01,0.01)';
      OUTPUT_LOAD='(1.0,-1.0)';
      OUTPUT_TYPE='(TS,TS)';
      BIDIRECTIONAL='TRUE';
    'AD'<55>:
      PIN_NUMBER='(Y3,0)';
      INPUT_LOAD='(-0.01,0.01)';
      OUTPUT_LOAD='(1.0,-1.0)';
      OUTPUT_TYPE='(TS,TS)';
      BIDIRECTIONAL='TRUE';
    'AD'<56>:
      PIN_NUMBER='(U5,0)';
      INPUT_LOAD='(-0.01,0.01)';
      OUTPUT_LOAD='(1.0,-1.0)';
      OUTPUT_TYPE='(TS,TS)';
      BIDIRECTIONAL='TRUE';
    'AD'<57>:
      PIN_NUMBER='(V4,0)';
      INPUT_LOAD='(-0.01,0.01)';
      OUTPUT_LOAD='(1.0,-1.0)';
      OUTPUT_TYPE='(TS,TS)';
      BIDIRECTIONAL='TRUE';
    'AD'<58>:
      PIN_NUMBER='(W4,0)';
      INPUT_LOAD='(-0.01,0.01)';
      OUTPUT_LOAD='(1.0,-1.0)';
      OUTPUT_TYPE='(TS,TS)';
      BIDIRECTIONAL='TRUE';
    'AD'<59>:
      PIN_NUMBER='(Y2,0)';
      INPUT_LOAD='(-0.01,0.01)';
      OUTPUT_LOAD='(1.0,-1.0)';
      OUTPUT_TYPE='(TS,TS)';
      BIDIRECTIONAL='TRUE';
    'AD'<60>:
      PIN_NUMBER='(V3,0)';
      INPUT_LOAD='(-0.01,0.01)';
      OUTPUT_LOAD='(1.0,-1.0)';
      OUTPUT_TYPE='(TS,TS)';
      BIDIRECTIONAL='TRUE';
    'AD'<61>:
      PIN_NUMBER='(W1,0)';
      INPUT_LOAD='(-0.01,0.01)';
      OUTPUT_LOAD='(1.0,-1.0)';
      OUTPUT_TYPE='(TS,TS)';
      BIDIRECTIONAL='TRUE';
    'AD'<62>:
      PIN_NUMBER='(U3,0)';
      INPUT_LOAD='(-0.01,0.01)';
      OUTPUT_LOAD='(1.0,-1.0)';
      OUTPUT_TYPE='(TS,TS)';
      BIDIRECTIONAL='TRUE';
    'AD'<63>:
      PIN_NUMBER='(T4,0)';
      INPUT_LOAD='(-0.01,0.01)';
      OUTPUT_LOAD='(1.0,-1.0)';
      OUTPUT_TYPE='(TS,TS)';
      BIDIRECTIONAL='TRUE';
    '-C_BE'<0>:
      PIN_NUMBER='(K3,0)';
      INPUT_LOAD='(-0.01,0.01)';
      OUTPUT_LOAD='(1.0,-1.0)';
      OUTPUT_TYPE='(TS,TS)';
      BIDIRECTIONAL='TRUE';
    '-C_BE'<1>:
      PIN_NUMBER='(G1,0)';
      INPUT_LOAD='(-0.01,0.01)';
      OUTPUT_LOAD='(1.0,-1.0)';
      OUTPUT_TYPE='(TS,TS)';
      BIDIRECTIONAL='TRUE';
    '-C_BE'<2>:
      PIN_NUMBER='(E4,0)';
      INPUT_LOAD='(-0.01,0.01)';
      OUTPUT_LOAD='(1.0,-1.0)';
      OUTPUT_TYPE='(TS,TS)';
      BIDIRECTIONAL='TRUE';
    '-C_BE'<3>:
      PIN_NUMBER='(D5,0)';
      INPUT_LOAD='(-0.01,0.01)';
      OUTPUT_LOAD='(1.0,-1.0)';
      OUTPUT_TYPE='(TS,TS)';
      BIDIRECTIONAL='TRUE';
    '-C_BE'<4>:
      PIN_NUMBER='(U2,0)';
      INPUT_LOAD='(-0.01,0.01)';
      OUTPUT_LOAD='(1.0,-1.0)';
      OUTPUT_TYPE='(TS,TS)';
      BIDIRECTIONAL='TRUE';
    '-C_BE'<5>:
      PIN_NUMBER='(T3,0)';
      INPUT_LOAD='(-0.01,0.01)';
      OUTPUT_LOAD='(1.0,-1.0)';
      OUTPUT_TYPE='(TS,TS)';
      BIDIRECTIONAL='TRUE';
    '-C_BE'<6>:
      PIN_NUMBER='(U1,0)';
      INPUT_LOAD='(-0.01,0.01)';
      OUTPUT_LOAD='(1.0,-1.0)';
      OUTPUT_TYPE='(TS,TS)';
      BIDIRECTIONAL='TRUE';
    '-C_BE'<7>:
      PIN_NUMBER='(T2,0)';
      INPUT_LOAD='(-0.01,0.01)';
      OUTPUT_LOAD='(1.0,-1.0)';
      OUTPUT_TYPE='(TS,TS)';
      BIDIRECTIONAL='TRUE';
    '-DEVSEL':
      PIN_NUMBER='(E1,0)';
      INPUT_LOAD='(-0.01,0.01)';
      OUTPUT_LOAD='(1.0,-1.0)';
      OUTPUT_TYPE='(TS,TS)';
      BIDIRECTIONAL='TRUE';
    '-FRAME':
      PIN_NUMBER='(C1,0)';
      INPUT_LOAD='(-0.01,0.01)';
      OUTPUT_LOAD='(1.0,-1.0)';
      OUTPUT_TYPE='(TS,TS)';
      BIDIRECTIONAL='TRUE';
    '-GNT0_REQ':
      PIN_NUMBER='(C7,0)';
      OUTPUT_LOAD='(1.0,-1.0)';
    '-GNT'<1>:
      PIN_NUMBER='(N3,0)';
      OUTPUT_LOAD='(1.0,-1.0)';
    '-GNT'<2>:
      PIN_NUMBER='(R1,0)';
      OUTPUT_LOAD='(1.0,-1.0)';
    '-GNT'<3>:
      PIN_NUMBER='(R2,0)';
      OUTPUT_LOAD='(1.0,-1.0)';
    '-GNT'<4>:
      PIN_NUMBER='(P4,0)';
      OUTPUT_LOAD='(1.0,-1.0)';
    '-GNT'<5>:
      PIN_NUMBER='(U11,0)';
      OUTPUT_LOAD='(1.0,-1.0)';
    '-GNT'<6>:
      PIN_NUMBER='(W12,0)';
      OUTPUT_LOAD='(1.0,-1.0)';
    'IDSEL':
      PIN_NUMBER='(C4,0)';
      INPUT_LOAD='(-0.01,0.01)';
    '-INTA':
      PIN_NUMBER='(B7,0)';
      INPUT_LOAD='(-0.01,0.01)';
      OUTPUT_LOAD='(1.0,*)';
      OUTPUT_TYPE='(OC,AND)';
      BIDIRECTIONAL='TRUE';
    '-IRDY':
      PIN_NUMBER='(D1,0)';
      INPUT_LOAD='(-0.01,0.01)';
      OUTPUT_LOAD='(1.0,-1.0)';
      OUTPUT_TYPE='(TS,TS)';
      BIDIRECTIONAL='TRUE';
    '-LOCK':
      PIN_NUMBER='(G4,0)';
      INPUT_LOAD='(-0.01,0.01)';
      OUTPUT_LOAD='(1.0,-1.0)';
      OUTPUT_TYPE='(TS,TS)';
      BIDIRECTIONAL='TRUE';
    'PAR':
      PIN_NUMBER='(G2,0)';
      INPUT_LOAD='(-0.01,0.01)';
      OUTPUT_LOAD='(1.0,-1.0)';
      OUTPUT_TYPE='(TS,TS)';
      BIDIRECTIONAL='TRUE';
    'PAR_64':
      PIN_NUMBER='(V1,0)';
      INPUT_LOAD='(-0.01,0.01)';
      OUTPUT_LOAD='(1.0,-1.0)';
      OUTPUT_TYPE='(TS,TS)';
      BIDIRECTIONAL='TRUE';
    'PCLK':
      PIN_NUMBER='(L1,0)';
      INPUT_LOAD='(-0.01,0.01)';
    '-PERR':
      PIN_NUMBER='(F2,0)';
      INPUT_LOAD='(-0.01,0.01)';
      OUTPUT_LOAD='(1.0,-1.0)';
      OUTPUT_TYPE='(TS,TS)';
      BIDIRECTIONAL='TRUE';
    '-PME':
      PIN_NUMBER='(B9,0)';
      OUTPUT_LOAD='(1.0,*)';
      OUTPUT_TYPE='(OC,AND)';
    '-REQ0_GNT':
      PIN_NUMBER='(B6,0)';
      INPUT_LOAD='(-0.01,0.01)';
    '-REQ'<1>:
      PIN_NUMBER='(P1,0)';
      INPUT_LOAD='(-0.01,0.01)';
    '-REQ'<2>:
      PIN_NUMBER='(P2,0)';
      INPUT_LOAD='(-0.01,0.01)';
    '-REQ'<3>:
      PIN_NUMBER='(T1,0)';
      INPUT_LOAD='(-0.01,0.01)';
    '-REQ'<4>:
      PIN_NUMBER='(R3,0)';
      INPUT_LOAD='(-0.01,0.01)';
    '-REQ'<5>:
      PIN_NUMBER='(Y12,0)';
      INPUT_LOAD='(-0.01,0.01)';
    '-REQ'<6>:
      PIN_NUMBER='(V12,0)';
      INPUT_LOAD='(-0.01,0.01)';
    '-REQ_64':
      PIN_NUMBER='(N2,0)';
      INPUT_LOAD='(-0.01,0.01)';
      OUTPUT_LOAD='(1.0,-1.0)';
      OUTPUT_TYPE='(TS,TS)';
      BIDIRECTIONAL='TRUE';
    '-RST':
      PIN_NUMBER='(A6,0)';
      INPUT_LOAD='(-0.01,0.01)';
      OUTPUT_LOAD='(1.0,-1.0)';
      BIDIRECTIONAL='TRUE';
    '-SERR':
      PIN_NUMBER='(G3,0)';
      INPUT_LOAD='(-0.01,0.01)';
      OUTPUT_LOAD='(1.0,*)';
      OUTPUT_TYPE='(OC,AND)';
      BIDIRECTIONAL='TRUE';
    '-STOP':
      PIN_NUMBER='(F3,0)';
      INPUT_LOAD='(-0.01,0.01)';
      OUTPUT_LOAD='(1.0,-1.0)';
      OUTPUT_TYPE='(TS,TS)';
      BIDIRECTIONAL='TRUE';
    '-TRDY':
      PIN_NUMBER='(E3,0)';
      INPUT_LOAD='(-0.01,0.01)';
      OUTPUT_LOAD='(1.0,-1.0)';
      OUTPUT_TYPE='(TS,TS)';
      BIDIRECTIONAL='TRUE';
    'TCK':
      PIN_NUMBER='(A8,0)';
      INPUT_LOAD='(-0.01,0.01)';
    'TDI':
      PIN_NUMBER='(A7,0)';
      INPUT_LOAD='(-0.01,0.01)';
    'TDO':
      PIN_NUMBER='(C8,0)';
      INPUT_LOAD='(-0.01,0.01)';
      OUTPUT_LOAD='(1.0,-1.0)';
      OUTPUT_TYPE='(TS,TS)';
    'TMS':
      PIN_NUMBER='(B8,0)';
      INPUT_LOAD='(-0.01,0.01)';
    '-TRST':
      PIN_NUMBER='(D9,0)';
      INPUT_LOAD='(-0.01,0.01)';
    '-64EN':
      PIN_NUMBER='(U12,0)';
      INPUT_LOAD='(-0.01,0.01)';
    '-BD_SEL':
      PIN_NUMBER='(C9,0)';
      INPUT_LOAD='(-0.01,0.01)';
    'CPCISW':
      PIN_NUMBER='(Y14,0)';
      INPUT_LOAD='(-0.01,0.01)';
    '-ENUM':
      PIN_NUMBER='(Y13,0)';
      OUTPUT_LOAD='(1.0,*)';
      OUTPUT_TYPE='(OC,AND)';
    '-LED_ON':
      PIN_NUMBER='(V13,0)';
      OUTPUT_LOAD='(1.0,*)';
      OUTPUT_TYPE='(OC,AND)';
    '-IDDQEN':
      PIN_NUMBER='(A10,0)';
      INPUT_LOAD='(-0.01,0.01)';
    'MODE1':
      PIN_NUMBER='(A19,0)';
      INPUT_LOAD='(-0.01,0.01)';
    'MODE0':
      PIN_NUMBER='(A20,0)';
      INPUT_LOAD='(-0.01,0.01)';
    '-HOSTEN':
      PIN_NUMBER='(C15,0)';
      INPUT_LOAD='(-0.01,0.01)';
    'EECS':
      PIN_NUMBER='(B12,0)';
      OUTPUT_LOAD='(1.0,-1.0)';
    'EEDI_EEDO':
      PIN_NUMBER='(B11,0)';
      INPUT_LOAD='(-0.01,0.01)';
      OUTPUT_LOAD='(1.0,-1.0)';
      OUTPUT_TYPE='(TS,TS)';
      BIDIRECTIONAL='TRUE';
    'EESK':
      PIN_NUMBER='(A12,0)';
      OUTPUT_LOAD='(1.0,-1.0)';
    '-ADS':
      PIN_NUMBER='(0,C17)';
      INPUT_LOAD='(-0.01,0.01)';
      OUTPUT_LOAD='(1.0,-1.0)';
      OUTPUT_TYPE='(TS,TS)';
      BIDIRECTIONAL='TRUE';
    '-BIGEND':
      PIN_NUMBER='(0,C12)';
      INPUT_LOAD='(-0.01,0.01)';
    '-BLAST':
      PIN_NUMBER='(0,A18)';
      INPUT_LOAD='(-0.01,0.01)';
      OUTPUT_LOAD='(1.0,-1.0)';
      OUTPUT_TYPE='(TS,TS)';
      BIDIRECTIONAL='TRUE';
    'BREQI':
      PIN_NUMBER='(0,C16)';
      INPUT_LOAD='(-0.01,0.01)';
    'BREQO':
      PIN_NUMBER='(0,A17)';
      OUTPUT_LOAD='(1.0,*)';
      OUTPUT_TYPE='(OC,AND)';
    '-BTERM':
      PIN_NUMBER='(0,C20)';
      INPUT_LOAD='(-0.01,0.01)';
      OUTPUT_LOAD='(1.0,-1.0)';
      OUTPUT_TYPE='(TS,TS)';
      BIDIRECTIONAL='TRUE';
    '-CCS':
      PIN_NUMBER='(0,D12)';
      INPUT_LOAD='(-0.01,0.01)';
    '-DACK0':
      PIN_NUMBER='(0,A13)';
      INPUT_LOAD='(-0.01,0.01)';
      OUTPUT_LOAD='(1.0,-1.0)';
      OUTPUT_TYPE='(TS,TS)';
    '-DACK1':
      PIN_NUMBER='(0,C13)';
      INPUT_LOAD='(-0.01,0.01)';
      OUTPUT_LOAD='(1.0,-1.0)';
      OUTPUT_TYPE='(TS,TS)';
    '-DMPAF_EOT':
      PIN_NUMBER='(0,D14)';
      INPUT_LOAD='(-0.01,0.01)';
      OUTPUT_LOAD='(1.0,-1.0)';
      OUTPUT_TYPE='(TS,TS)';
      BIDIRECTIONAL='TRUE';
    'DP'<0>:
      PIN_NUMBER='(0,B19)';
      INPUT_LOAD='(-0.01,0.01)';
      OUTPUT_LOAD='(1.0,-1.0)';
      OUTPUT_TYPE='(TS,TS)';
      BIDIRECTIONAL='TRUE';
    'DP'<1>:
      PIN_NUMBER='(0,C18)';
      INPUT_LOAD='(-0.01,0.01)';
      OUTPUT_LOAD='(1.0,-1.0)';
      OUTPUT_TYPE='(TS,TS)';
      BIDIRECTIONAL='TRUE';
    'DP'<2>:
      PIN_NUMBER='(0,B20)';
      INPUT_LOAD='(-0.01,0.01)';
      OUTPUT_LOAD='(1.0,-1.0)';
      OUTPUT_TYPE='(TS,TS)';
      BIDIRECTIONAL='TRUE';
    'DP'<3>:
      PIN_NUMBER='(0,D18)';
      INPUT_LOAD='(-0.01,0.01)';
      OUTPUT_LOAD='(1.0,-1.0)';
      OUTPUT_TYPE='(TS,TS)';
      BIDIRECTIONAL='TRUE';
    '-DREQ0':
      PIN_NUMBER='(0,B13)';
      INPUT_LOAD='(-0.01,0.01)';
    '-DREQ1':
      PIN_NUMBER='(0,A14)';
      INPUT_LOAD='(-0.01,0.01)';
    'LA'<2>:
      PIN_NUMBER='(0,P17)';
      INPUT_LOAD='(-0.01,0.01)';
      OUTPUT_LOAD='(1.0,-1.0)';
      OUTPUT_TYPE='(TS,TS)';
      BIDIRECTIONAL='TRUE';
    'LA'<3>:
      PIN_NUMBER='(0,R18)';
      INPUT_LOAD='(-0.01,0.01)';
      OUTPUT_LOAD='(1.0,-1.0)';
      OUTPUT_TYPE='(TS,TS)';
      BIDIRECTIONAL='TRUE';
    'LA'<4>:
      PIN_NUMBER='(0,T20)';
      INPUT_LOAD='(-0.01,0.01)';
      OUTPUT_LOAD='(1.0,-1.0)';
      OUTPUT_TYPE='(TS,TS)';
      BIDIRECTIONAL='TRUE';
    'LA'<5>:
      PIN_NUMBER='(0,T19)';
      INPUT_LOAD='(-0.01,0.01)';
      OUTPUT_LOAD='(1.0,-1.0)';
      OUTPUT_TYPE='(TS,TS)';
      BIDIRECTIONAL='TRUE';
    'LA'<6>:
      PIN_NUMBER='(0,T18)';
      INPUT_LOAD='(-0.01,0.01)';
      OUTPUT_LOAD='(1.0,-1.0)';
      OUTPUT_TYPE='(TS,TS)';
      BIDIRECTIONAL='TRUE';
    'LA'<7>:
      PIN_NUMBER='(0,U20)';
      INPUT_LOAD='(-0.01,0.01)';
      OUTPUT_LOAD='(1.0,-1.0)';
      OUTPUT_TYPE='(TS,TS)';
      BIDIRECTIONAL='TRUE';
    'LA'<8>:
      PIN_NUMBER='(0,V20)';
      INPUT_LOAD='(-0.01,0.01)';
      OUTPUT_LOAD='(1.0,-1.0)';
      OUTPUT_TYPE='(TS,TS)';
      BIDIRECTIONAL='TRUE';
    'LA'<9>:
      PIN_NUMBER='(0,T17)';
      INPUT_LOAD='(-0.01,0.01)';
      OUTPUT_LOAD='(1.0,-1.0)';
      OUTPUT_TYPE='(TS,TS)';
      BIDIRECTIONAL='TRUE';
    'LA'<10>:
      PIN_NUMBER='(0,U18)';
      INPUT_LOAD='(-0.01,0.01)';
      OUTPUT_LOAD='(1.0,-1.0)';
      OUTPUT_TYPE='(TS,TS)';
      BIDIRECTIONAL='TRUE';
    'LA'<11>:
      PIN_NUMBER='(0,V19)';
      INPUT_LOAD='(-0.01,0.01)';
      OUTPUT_LOAD='(1.0,-1.0)';
      OUTPUT_TYPE='(TS,TS)';
      BIDIRECTIONAL='TRUE';
    'LA'<12>:
      PIN_NUMBER='(0,W20)';
      INPUT_LOAD='(-0.01,0.01)';
      OUTPUT_LOAD='(1.0,-1.0)';
      OUTPUT_TYPE='(TS,TS)';
      BIDIRECTIONAL='TRUE';
    'LA'<13>:
      PIN_NUMBER='(0,Y20)';
      INPUT_LOAD='(-0.01,0.01)';
      OUTPUT_LOAD='(1.0,-1.0)';
      OUTPUT_TYPE='(TS,TS)';
      BIDIRECTIONAL='TRUE';
    'LA'<14>:
      PIN_NUMBER='(0,W19)';
      INPUT_LOAD='(-0.01,0.01)';
      OUTPUT_LOAD='(1.0,-1.0)';
      OUTPUT_TYPE='(TS,TS)';
      BIDIRECTIONAL='TRUE';
    'LA'<15>:
      PIN_NUMBER='(0,V18)';
      INPUT_LOAD='(-0.01,0.01)';
      OUTPUT_LOAD='(1.0,-1.0)';
      OUTPUT_TYPE='(TS,TS)';
      BIDIRECTIONAL='TRUE';
    'LA'<16>:
      PIN_NUMBER='(0,Y19)';
      INPUT_LOAD='(-0.01,0.01)';
      OUTPUT_LOAD='(1.0,-1.0)';
      OUTPUT_TYPE='(TS,TS)';
      BIDIRECTIONAL='TRUE';
    'LA'<17>:
      PIN_NUMBER='(0,W18)';
      INPUT_LOAD='(-0.01,0.01)';
      OUTPUT_LOAD='(1.0,-1.0)';
      OUTPUT_TYPE='(TS,TS)';
      BIDIRECTIONAL='TRUE';
    'LA'<18>:
      PIN_NUMBER='(0,V17)';
      INPUT_LOAD='(-0.01,0.01)';
      OUTPUT_LOAD='(1.0,-1.0)';
      OUTPUT_TYPE='(TS,TS)';
      BIDIRECTIONAL='TRUE';
    'LA'<19>:
      PIN_NUMBER='(0,U16)';
      INPUT_LOAD='(-0.01,0.01)';
      OUTPUT_LOAD='(1.0,-1.0)';
      OUTPUT_TYPE='(TS,TS)';
      BIDIRECTIONAL='TRUE';
    'LA'<20>:
      PIN_NUMBER='(0,Y18)';
      INPUT_LOAD='(-0.01,0.01)';
      OUTPUT_LOAD='(1.0,-1.0)';
      OUTPUT_TYPE='(TS,TS)';
      BIDIRECTIONAL='TRUE';
    'LA'<21>:
      PIN_NUMBER='(0,W17)';
      INPUT_LOAD='(-0.01,0.01)';
      OUTPUT_LOAD='(1.0,-1.0)';
      OUTPUT_TYPE='(TS,TS)';
      BIDIRECTIONAL='TRUE';
    'LA'<22>:
      PIN_NUMBER='(0,V16)';
      INPUT_LOAD='(-0.01,0.01)';
      OUTPUT_LOAD='(1.0,-1.0)';
      OUTPUT_TYPE='(TS,TS)';
      BIDIRECTIONAL='TRUE';
    'LA'<23>:
      PIN_NUMBER='(0,Y17)';
      INPUT_LOAD='(-0.01,0.01)';
      OUTPUT_LOAD='(1.0,-1.0)';
      OUTPUT_TYPE='(TS,TS)';
      BIDIRECTIONAL='TRUE';
    'LA'<24>:
      PIN_NUMBER='(0,W16)';
      INPUT_LOAD='(-0.01,0.01)';
      OUTPUT_LOAD='(1.0,-1.0)';
      OUTPUT_TYPE='(TS,TS)';
      BIDIRECTIONAL='TRUE';
    'LA'<25>:
      PIN_NUMBER='(0,V15)';
      INPUT_LOAD='(-0.01,0.01)';
      OUTPUT_LOAD='(1.0,-1.0)';
      OUTPUT_TYPE='(TS,TS)';
      BIDIRECTIONAL='TRUE';
    'LA'<26>:
      PIN_NUMBER='(0,U14)';
      INPUT_LOAD='(-0.01,0.01)';
      OUTPUT_LOAD='(1.0,-1.0)';
      OUTPUT_TYPE='(TS,TS)';
      BIDIRECTIONAL='TRUE';
    'LA'<27>:
      PIN_NUMBER='(0,Y16)';
      INPUT_LOAD='(-0.01,0.01)';
      OUTPUT_LOAD='(1.0,-1.0)';
      OUTPUT_TYPE='(TS,TS)';
      BIDIRECTIONAL='TRUE';
    'LA'<28>:
      PIN_NUMBER='(0,W15)';
      INPUT_LOAD='(-0.01,0.01)';
      OUTPUT_LOAD='(1.0,-1.0)';
      OUTPUT_TYPE='(TS,TS)';
      BIDIRECTIONAL='TRUE';
    'LA'<29>:
      PIN_NUMBER='(0,V14)';
      INPUT_LOAD='(-0.01,0.01)';
      OUTPUT_LOAD='(1.0,-1.0)';
      OUTPUT_TYPE='(TS,TS)';
      BIDIRECTIONAL='TRUE';
    'LA'<30>:
      PIN_NUMBER='(0,Y15)';
      INPUT_LOAD='(-0.01,0.01)';
      OUTPUT_LOAD='(1.0,-1.0)';
      OUTPUT_TYPE='(TS,TS)';
      BIDIRECTIONAL='TRUE';
    'LA'<31>:
      PIN_NUMBER='(0,W14)';
      INPUT_LOAD='(-0.01,0.01)';
      OUTPUT_LOAD='(1.0,-1.0)';
      OUTPUT_TYPE='(TS,TS)';
      BIDIRECTIONAL='TRUE';
    '-LBE'<0>:
      PIN_NUMBER='(0,P20)';
      INPUT_LOAD='(-0.01,0.01)';
      OUTPUT_LOAD='(1.0,-1.0)';
      OUTPUT_TYPE='(TS,TS)';
      BIDIRECTIONAL='TRUE';
    '-LBE'<1>:
      PIN_NUMBER='(0,P19)';
      INPUT_LOAD='(-0.01,0.01)';
      OUTPUT_LOAD='(1.0,-1.0)';
      OUTPUT_TYPE='(TS,TS)';
      BIDIRECTIONAL='TRUE';
    '-LBE'<2>:
      PIN_NUMBER='(0,P18)';
      INPUT_LOAD='(-0.01,0.01)';
      OUTPUT_LOAD='(1.0,-1.0)';
      OUTPUT_TYPE='(TS,TS)';
      BIDIRECTIONAL='TRUE';
    '-LBE'<3>:
      PIN_NUMBER='(0,R20)';
      INPUT_LOAD='(-0.01,0.01)';
      OUTPUT_LOAD='(1.0,-1.0)';
      OUTPUT_TYPE='(TS,TS)';
      BIDIRECTIONAL='TRUE';
    'LCLK':
      PIN_NUMBER='(0,D20)';
      INPUT_LOAD='(-0.01,0.01)';
    'LD'<0>:
      PIN_NUMBER='(0,D19)';
      INPUT_LOAD='(-0.01,0.01)';
      OUTPUT_LOAD='(1.0,-1.0)';
      OUTPUT_TYPE='(TS,TS)';
      BIDIRECTIONAL='TRUE';
    'LD'<1>:
      PIN_NUMBER='(0,E18)';
      INPUT_LOAD='(-0.01,0.01)';
      OUTPUT_LOAD='(1.0,-1.0)';
      OUTPUT_TYPE='(TS,TS)';
      BIDIRECTIONAL='TRUE';
    'LD'<2>:
      PIN_NUMBER='(0,E19)';
      INPUT_LOAD='(-0.01,0.01)';
      OUTPUT_LOAD='(1.0,-1.0)';
      OUTPUT_TYPE='(TS,TS)';
      BIDIRECTIONAL='TRUE';
    'LD'<3>:
      PIN_NUMBER='(0,F18)';
      INPUT_LOAD='(-0.01,0.01)';
      OUTPUT_LOAD='(1.0,-1.0)';
      OUTPUT_TYPE='(TS,TS)';
      BIDIRECTIONAL='TRUE';
    'LD'<4>:
      PIN_NUMBER='(0,G17)';
      INPUT_LOAD='(-0.01,0.01)';
      OUTPUT_LOAD='(1.0,-1.0)';
      OUTPUT_TYPE='(TS,TS)';
      BIDIRECTIONAL='TRUE';
    'LD'<5>:
      PIN_NUMBER='(0,E20)';
      INPUT_LOAD='(-0.01,0.01)';
      OUTPUT_LOAD='(1.0,-1.0)';
      OUTPUT_TYPE='(TS,TS)';
      BIDIRECTIONAL='TRUE';
    'LD'<6>:
      PIN_NUMBER='(0,F19)';
      INPUT_LOAD='(-0.01,0.01)';
      OUTPUT_LOAD='(1.0,-1.0)';
      OUTPUT_TYPE='(TS,TS)';
      BIDIRECTIONAL='TRUE';
    'LD'<7>:
      PIN_NUMBER='(0,G18)';
      INPUT_LOAD='(-0.01,0.01)';
      OUTPUT_LOAD='(1.0,-1.0)';
      OUTPUT_TYPE='(TS,TS)';
      BIDIRECTIONAL='TRUE';
    'LD'<8>:
      PIN_NUMBER='(0,F20)';
      INPUT_LOAD='(-0.01,0.01)';
      OUTPUT_LOAD='(1.0,-1.0)';
      OUTPUT_TYPE='(TS,TS)';
      BIDIRECTIONAL='TRUE';
    'LD'<9>:
      PIN_NUMBER='(0,G19)';
      INPUT_LOAD='(-0.01,0.01)';
      OUTPUT_LOAD='(1.0,-1.0)';
      OUTPUT_TYPE='(TS,TS)';
      BIDIRECTIONAL='TRUE';
    'LD'<10>:
      PIN_NUMBER='(0,G20)';
      INPUT_LOAD='(-0.01,0.01)';
      OUTPUT_LOAD='(1.0,-1.0)';
      OUTPUT_TYPE='(TS,TS)';
      BIDIRECTIONAL='TRUE';
    'LD'<11>:
      PIN_NUMBER='(0,H18)';
      INPUT_LOAD='(-0.01,0.01)';
      OUTPUT_LOAD='(1.0,-1.0)';
      OUTPUT_TYPE='(TS,TS)';
      BIDIRECTIONAL='TRUE';
    'LD'<12>:
      PIN_NUMBER='(0,H19)';
      INPUT_LOAD='(-0.01,0.01)';
      OUTPUT_LOAD='(1.0,-1.0)';
      OUTPUT_TYPE='(TS,TS)';
      BIDIRECTIONAL='TRUE';
    'LD'<13>:
      PIN_NUMBER='(0,H20)';
      INPUT_LOAD='(-0.01,0.01)';
      OUTPUT_LOAD='(1.0,-1.0)';
      OUTPUT_TYPE='(TS,TS)';
      BIDIRECTIONAL='TRUE';
    'LD'<14>:
      PIN_NUMBER='(0,J17)';
      INPUT_LOAD='(-0.01,0.01)';
      OUTPUT_LOAD='(1.0,-1.0)';
      OUTPUT_TYPE='(TS,TS)';
      BIDIRECTIONAL='TRUE';
    'LD'<15>:
      PIN_NUMBER='(0,J18)';
      INPUT_LOAD='(-0.01,0.01)';
      OUTPUT_LOAD='(1.0,-1.0)';
      OUTPUT_TYPE='(TS,TS)';
      BIDIRECTIONAL='TRUE';
    'LD'<16>:
      PIN_NUMBER='(0,J19)';
      INPUT_LOAD='(-0.01,0.01)';
      OUTPUT_LOAD='(1.0,-1.0)';
      OUTPUT_TYPE='(TS,TS)';
      BIDIRECTIONAL='TRUE';
    'LD'<17>:
      PIN_NUMBER='(0,J20)';
      INPUT_LOAD='(-0.01,0.01)';
      OUTPUT_LOAD='(1.0,-1.0)';
      OUTPUT_TYPE='(TS,TS)';
      BIDIRECTIONAL='TRUE';
    'LD'<18>:
      PIN_NUMBER='(0,K17)';
      INPUT_LOAD='(-0.01,0.01)';
      OUTPUT_LOAD='(1.0,-1.0)';
      OUTPUT_TYPE='(TS,TS)';
      BIDIRECTIONAL='TRUE';
    'LD'<19>:
      PIN_NUMBER='(0,K18)';
      INPUT_LOAD='(-0.01,0.01)';
      OUTPUT_LOAD='(1.0,-1.0)';
      OUTPUT_TYPE='(TS,TS)';
      BIDIRECTIONAL='TRUE';
    'LD'<20>:
      PIN_NUMBER='(0,K19)';
      INPUT_LOAD='(-0.01,0.01)';
      OUTPUT_LOAD='(1.0,-1.0)';
      OUTPUT_TYPE='(TS,TS)';
      BIDIRECTIONAL='TRUE';
    'LD'<21>:
      PIN_NUMBER='(0,K20)';
      INPUT_LOAD='(-0.01,0.01)';
      OUTPUT_LOAD='(1.0,-1.0)';
      OUTPUT_TYPE='(TS,TS)';
      BIDIRECTIONAL='TRUE';
    'LD'<22>:
      PIN_NUMBER='(0,L20)';
      INPUT_LOAD='(-0.01,0.01)';
      OUTPUT_LOAD='(1.0,-1.0)';
      OUTPUT_TYPE='(TS,TS)';
      BIDIRECTIONAL='TRUE';
    'LD'<23>:
      PIN_NUMBER='(0,L18)';
      INPUT_LOAD='(-0.01,0.01)';
      OUTPUT_LOAD='(1.0,-1.0)';
      OUTPUT_TYPE='(TS,TS)';
      BIDIRECTIONAL='TRUE';
    'LD'<24>:
      PIN_NUMBER='(0,L19)';
      INPUT_LOAD='(-0.01,0.01)';
      OUTPUT_LOAD='(1.0,-1.0)';
      OUTPUT_TYPE='(TS,TS)';
      BIDIRECTIONAL='TRUE';
    'LD'<25>:
      PIN_NUMBER='(0,M20)';
      INPUT_LOAD='(-0.01,0.01)';
      OUTPUT_LOAD='(1.0,-1.0)';
      OUTPUT_TYPE='(TS,TS)';
      BIDIRECTIONAL='TRUE';
    'LD'<26>:
      PIN_NUMBER='(0,M19)';
      INPUT_LOAD='(-0.01,0.01)';
      OUTPUT_LOAD='(1.0,-1.0)';
      OUTPUT_TYPE='(TS,TS)';
      BIDIRECTIONAL='TRUE';
    'LD'<27>:
      PIN_NUMBER='(0,M18)';
      INPUT_LOAD='(-0.01,0.01)';
      OUTPUT_LOAD='(1.0,-1.0)';
      OUTPUT_TYPE='(TS,TS)';
      BIDIRECTIONAL='TRUE';
    'LD'<28>:
      PIN_NUMBER='(0,M17)';
      INPUT_LOAD='(-0.01,0.01)';
      OUTPUT_LOAD='(1.0,-1.0)';
      OUTPUT_TYPE='(TS,TS)';
      BIDIRECTIONAL='TRUE';
    'LD'<29>:
      PIN_NUMBER='(0,N20)';
      INPUT_LOAD='(-0.01,0.01)';
      OUTPUT_LOAD='(1.0,-1.0)';
      OUTPUT_TYPE='(TS,TS)';
      BIDIRECTIONAL='TRUE';
    'LD'<30>:
      PIN_NUMBER='(0,N19)';
      INPUT_LOAD='(-0.01,0.01)';
      OUTPUT_LOAD='(1.0,-1.0)';
      OUTPUT_TYPE='(TS,TS)';
      BIDIRECTIONAL='TRUE';
    'LD'<31>:
      PIN_NUMBER='(0,N18)';
      INPUT_LOAD='(-0.01,0.01)';
      OUTPUT_LOAD='(1.0,-1.0)';
      OUTPUT_TYPE='(TS,TS)';
      BIDIRECTIONAL='TRUE';
    'LHOLD':
      PIN_NUMBER='(0,B18)';
      INPUT_LOAD='(-0.01,0.01)';
      OUTPUT_LOAD='(1.0,-1.0)';
      OUTPUT_TYPE='(TS,TS)';
    'LHOLDA':
      PIN_NUMBER='(0,B17)';
      INPUT_LOAD='(-0.01,0.01)';
    '-LINTI':
      PIN_NUMBER='(0,B15)';
      INPUT_LOAD='(-0.01,0.01)';
    '-LINTO':
      PIN_NUMBER='(0,A15)';
      OUTPUT_LOAD='(1.0,*)';
      OUTPUT_TYPE='(OC,AND)';
    '-LRESET':
      PIN_NUMBER='(0,A16)';
      INPUT_LOAD='(-0.01,0.01)';
      OUTPUT_LOAD='(1.0,-1.0)';
      BIDIRECTIONAL='TRUE';
    '-LSERR':
      PIN_NUMBER='(0,D16)';
      OUTPUT_LOAD='(1.0,*)';
      OUTPUT_TYPE='(OC,AND)';
    '-LW_RN':
      PIN_NUMBER='(0,R19)';
      INPUT_LOAD='(-0.01,0.01)';
      OUTPUT_LOAD='(1.0,-1.0)';
      OUTPUT_TYPE='(TS,TS)';
      BIDIRECTIONAL='TRUE';
    '-PEMEREQ':
      PIN_NUMBER='(0,B10)';
      INPUT_LOAD='(-0.01,0.01)';
    '-READY':
      PIN_NUMBER='(0,E17)';
      INPUT_LOAD='(-0.01,0.01)';
      OUTPUT_LOAD='(1.0,-1.0)';
      OUTPUT_TYPE='(TS,TS)';
      BIDIRECTIONAL='TRUE';
    '-USERI':
      PIN_NUMBER='(0,B14)';
      INPUT_LOAD='(-0.01,0.01)';
    '-USERO':
      PIN_NUMBER='(0,C14)';
      INPUT_LOAD='(-0.01,0.01)';
      OUTPUT_LOAD='(1.0,-1.0)';
      OUTPUT_TYPE='(TS,TS)';
    '-WAIT':
      PIN_NUMBER='(0,B16)';
      INPUT_LOAD='(-0.01,0.01)';
      OUTPUT_LOAD='(1.0,-1.0)';
      OUTPUT_TYPE='(TS,TS)';
      BIDIRECTIONAL='TRUE';
    '2P5_VAUX':
      PIN_NUMBER='(D10,0)';
      INPUT_LOAD='(-0.01,0.01)';
    'CARD_VAUX':
      PIN_NUMBER='(C10,0)';
      INPUT_LOAD='(-0.01,0.01)';
    'PRESENT_DET':
      PIN_NUMBER='(A11,0)';
      INPUT_LOAD='(-0.01,0.01)';
    'P2V5'<0>:
      PIN_NUMBER='(U9,0)';
      PINUSE='POWER';
    'P2V5'<1>:
      PIN_NUMBER='(P3,0)';
      PINUSE='POWER';
    'P2V5'<2>:
      PIN_NUMBER='(U19,0)';
      PINUSE='POWER';
    'P2V5'<3>:
      PIN_NUMBER='(C11,0)';
      PINUSE='POWER';
    'P2V5'<4>:
      PIN_NUMBER='(C19,0)';
      PINUSE='POWER';
    'P2V5'<5>:
      PIN_NUMBER='(E2,0)';
      PINUSE='POWER';
    'VIO'<0>:
      PIN_NUMBER='(F1,0)';
      PINUSE='POWER';
    'VIO'<1>:
      PIN_NUMBER='(V2,0)';
      PINUSE='POWER';
    'VIO'<2>:
      PIN_NUMBER='(W13,0)';
      PINUSE='POWER';
    'VIO'<3>:
      PIN_NUMBER='(A9,0)';
      PINUSE='POWER';
    'VRING'<0>:
      PIN_NUMBER='(W2,0)';
      PINUSE='POWER';
    'VRING'<1>:
      PIN_NUMBER='(A1,0)';
      PINUSE='POWER';
    'VRING'<2>:
      PIN_NUMBER='(D4,0)';
      PINUSE='POWER';
    'VRING'<3>:
      PIN_NUMBER='(D6,0)';
      PINUSE='POWER';
    'VRING'<4>:
      PIN_NUMBER='(D8,0)';
      PINUSE='POWER';
    'VRING'<5>:
      PIN_NUMBER='(D11,0)';
      PINUSE='POWER';
    'VRING'<6>:
      PIN_NUMBER='(D13,0)';
      PINUSE='POWER';
    'VRING'<7>:
      PIN_NUMBER='(D15,0)';
      PINUSE='POWER';
    'VRING'<8>:
      PIN_NUMBER='(D17,0)';
      PINUSE='POWER';
    'VRING'<9>:
      PIN_NUMBER='(F4,0)';
      PINUSE='POWER';
    'VRING'<10>:
      PIN_NUMBER='(F17,0)';
      PINUSE='POWER';
    'VRING'<11>:
      PIN_NUMBER='(H4,0)';
      PINUSE='POWER';
    'VRING'<12>:
      PIN_NUMBER='(H17,0)';
      PINUSE='POWER';
    'VRING'<13>:
      PIN_NUMBER='(K4,0)';
      PINUSE='POWER';
    'VRING'<14>:
      PIN_NUMBER='(L17,0)';
      PINUSE='POWER';
    'VRING'<15>:
      PIN_NUMBER='(N4,0)';
      PINUSE='POWER';
    'VRING'<16>:
      PIN_NUMBER='(N17,0)';
      PINUSE='POWER';
    'VRING'<17>:
      PIN_NUMBER='(R4,0)';
      PINUSE='POWER';
    'VRING'<18>:
      PIN_NUMBER='(R17,0)';
      PINUSE='POWER';
    'VRING'<19>:
      PIN_NUMBER='(U4,0)';
      PINUSE='POWER';
    'VRING'<20>:
      PIN_NUMBER='(U6,0)';
      PINUSE='POWER';
    'VRING'<21>:
      PIN_NUMBER='(U8,0)';
      PINUSE='POWER';
    'VRING'<22>:
      PIN_NUMBER='(U10,0)';
      PINUSE='POWER';
    'VRING'<23>:
      PIN_NUMBER='(U13,0)';
      PINUSE='POWER';
    'VRING'<24>:
      PIN_NUMBER='(U15,0)';
      PINUSE='POWER';
    'VRING'<25>:
      PIN_NUMBER='(U17,0)';
      PINUSE='POWER';
    'GNDD'<0>:
      PIN_NUMBER='(M11,0)';
      PINUSE='POWER';
    'GNDD'<1>:
      PIN_NUMBER='(M12,0)';
      PINUSE='POWER';
    'GNDD'<2>:
      PIN_NUMBER='(W3,0)';
      PINUSE='POWER';
    'GNDD'<3>:
      PIN_NUMBER='(Y1,0)';
      PINUSE='POWER';
    'GNDD'<4>:
      PIN_NUMBER='(J9,0)';
      PINUSE='POWER';
    'GNDD'<5>:
      PIN_NUMBER='(J10,0)';
      PINUSE='POWER';
    'GNDD'<6>:
      PIN_NUMBER='(J11,0)';
      PINUSE='POWER';
    'GNDD'<7>:
      PIN_NUMBER='(J12,0)';
      PINUSE='POWER';
    'GNDD'<8>:
      PIN_NUMBER='(K9,0)';
      PINUSE='POWER';
    'GNDD'<9>:
      PIN_NUMBER='(K10,0)';
      PINUSE='POWER';
    'GNDD'<10>:
      PIN_NUMBER='(K11,0)';
      PINUSE='POWER';
    'GNDD'<11>:
      PIN_NUMBER='(K12,0)';
      PINUSE='POWER';
    'GNDD'<12>:
      PIN_NUMBER='(L9,0)';
      PINUSE='POWER';
    'GNDD'<13>:
      PIN_NUMBER='(L10,0)';
      PINUSE='POWER';
    'GNDD'<14>:
      PIN_NUMBER='(L11,0)';
      PINUSE='POWER';
    'GNDD'<15>:
      PIN_NUMBER='(L12,0)';
      PINUSE='POWER';
    'GNDD'<16>:
      PIN_NUMBER='(M9,0)';
      PINUSE='POWER';
    'GNDD'<17>:
      PIN_NUMBER='(M10,0)';
      PINUSE='POWER';
  end_pin;
  body
    CLASS='IC';
    PART_NAME='PCI9656BA';
    PHYS_DES_PREFIX='DD';
    JEDEC_TYPE='PBGA272';
    FAMILY='?';
    BODY_NAME='PCI9656BA';
  end_body;
end_primitive;
END.
