	(Comment
		(Time 08/11/14,18:51:28)
		(User imk)
		(MsgId ECO_081)
		(Text "Symbol sym_1 added to cell")
		(Param1 sym_1)
	)
	(Comment
		(Time 08/11/14,18:58:41)
		(User imk)
		(MsgId ECO_021)
		(Text "Package N25Q256MB added to cell")
		(Param1 N25Q256MB)
	)
	(Comment
		(Time 08/11/14,19:02:28)
		(User imk)
		(MsgId ECO_022)
		(Text "Package N25Q256MB deleted from cell")
		(Param1 N25Q256MB)
	)
	(Comment
		(Time 08/11/14,19:03:13)
		(User imk)
		(MsgId ECO_021)
		(Text "Package N25Q256MB added to cell")
		(Param1 N25Q256MB)
	)
