FILE_TYPE=LIBRARY_PARTS;
TIME=' Created/Modified on Fri Aug 01 16:12:16 2003' ;
primitive 'CPCI_J2_F72';
  pin
    'AD32':
      PIN_NUMBER='(E14)';
      INPUT_LOAD='(-0.01,0.01)';
    'AD33':
      PIN_NUMBER='(C14)';
      INPUT_LOAD='(-0.01,0.01)';
    'AD34':
      PIN_NUMBER='(B14)';
      INPUT_LOAD='(-0.01,0.01)';
    'AD35':
      PIN_NUMBER='(A14)';
      INPUT_LOAD='(-0.01,0.01)';
    'AD36':
      PIN_NUMBER='(E13)';
      INPUT_LOAD='(-0.01,0.01)';
    'AD37':
      PIN_NUMBER='(D13)';
      INPUT_LOAD='(-0.01,0.01)';
    'AD38':
      PIN_NUMBER='(A13)';
      INPUT_LOAD='(-0.01,0.01)';
    'AD39':
      PIN_NUMBER='(E12)';
      INPUT_LOAD='(-0.01,0.01)';
    'AD40':
      PIN_NUMBER='(C12)';
      INPUT_LOAD='(-0.01,0.01)';
    'AD41':
      PIN_NUMBER='(B12)';
      INPUT_LOAD='(-0.01,0.01)';
    'AD42':
      PIN_NUMBER='(A12)';
      INPUT_LOAD='(-0.01,0.01)';
    'AD43':
      PIN_NUMBER='(E11)';
      INPUT_LOAD='(-0.01,0.01)';
    'AD44':
      PIN_NUMBER='(D11)';
      INPUT_LOAD='(-0.01,0.01)';
    'AD45':
      PIN_NUMBER='(A11)';
      INPUT_LOAD='(-0.01,0.01)';
    'AD46':
      PIN_NUMBER='(E10)';
      INPUT_LOAD='(-0.01,0.01)';
    'AD47':
      PIN_NUMBER='(C10)';
      INPUT_LOAD='(-0.01,0.01)';
    'AD48':
      PIN_NUMBER='(B10)';
      INPUT_LOAD='(-0.01,0.01)';
    'AD49':
      PIN_NUMBER='(A10)';
      INPUT_LOAD='(-0.01,0.01)';
    'AD50':
      PIN_NUMBER='(E9)';
      INPUT_LOAD='(-0.01,0.01)';
    'AD51':
      PIN_NUMBER='(D9)';
      INPUT_LOAD='(-0.01,0.01)';
    'AD52':
      PIN_NUMBER='(A9)';
      INPUT_LOAD='(-0.01,0.01)';
    'AD53':
      PIN_NUMBER='(E8)';
      INPUT_LOAD='(-0.01,0.01)';
    'AD54':
      PIN_NUMBER='(C8)';
      INPUT_LOAD='(-0.01,0.01)';
    'AD55':
      PIN_NUMBER='(B8)';
      INPUT_LOAD='(-0.01,0.01)';
    'AD56':
      PIN_NUMBER='(A8)';
      INPUT_LOAD='(-0.01,0.01)';
    'AD57':
      PIN_NUMBER='(E7)';
      INPUT_LOAD='(-0.01,0.01)';
    'AD58':
      PIN_NUMBER='(D7)';
      INPUT_LOAD='(-0.01,0.01)';
    'AD59':
      PIN_NUMBER='(A7)';
      INPUT_LOAD='(-0.01,0.01)';
    'AD60':
      PIN_NUMBER='(E6)';
      INPUT_LOAD='(-0.01,0.01)';
    'AD61':
      PIN_NUMBER='(C6)';
      INPUT_LOAD='(-0.01,0.01)';
    'AD62':
      PIN_NUMBER='(B6)';
      INPUT_LOAD='(-0.01,0.01)';
    'AD63':
      PIN_NUMBER='(A6)';
      INPUT_LOAD='(-0.01,0.01)';
    '-C/BE4':
      PIN_NUMBER='(D5)';
      INPUT_LOAD='(-0.01,0.01)';
    '-C/BE5':
      PIN_NUMBER='(A5)';
      INPUT_LOAD='(-0.01,0.01)';
    '-C/BE6':
      PIN_NUMBER='(E4)';
      INPUT_LOAD='(-0.01,0.01)';
    '-C/BE7':
      PIN_NUMBER='(C4)';
      INPUT_LOAD='(-0.01,0.01)';
    'PAR64':
      PIN_NUMBER='(E5)';
      INPUT_LOAD='(-0.01,0.01)';
    'CLK1':
      PIN_NUMBER='(A1)';
      OUTPUT_LOAD='(1.0,-1.0)';
    'CLK2':
      PIN_NUMBER='(A2)';
      OUTPUT_LOAD='(1.0,-1.0)';
    'CLK3':
      PIN_NUMBER='(B2)';
      OUTPUT_LOAD='(1.0,-1.0)';
    'CLK4':
      PIN_NUMBER='(A3)';
      OUTPUT_LOAD='(1.0,-1.0)';
    'CLK5':
      PIN_NUMBER='(A20)';
      OUTPUT_LOAD='(1.0,-1.0)';
    'CLK6':
      PIN_NUMBER='(A21)';
      OUTPUT_LOAD='(1.0,-1.0)';
    '-REG1':
      PIN_NUMBER='(C1)';
      OUTPUT_LOAD='(1.0,-1.0)';
    '-GNT1':
      PIN_NUMBER='(D1)';
      OUTPUT_LOAD='(1.0,-1.0)';
    '-REG2':
      PIN_NUMBER='(E1)';
      OUTPUT_LOAD='(1.0,-1.0)';
    '-GNT2':
      PIN_NUMBER='(D2)';
      OUTPUT_LOAD='(1.0,-1.0)';
    '-REG3':
      PIN_NUMBER='(E2)';
      OUTPUT_LOAD='(1.0,-1.0)';
    '-GNT3':
      PIN_NUMBER='(C3)';
      OUTPUT_LOAD='(1.0,-1.0)';
    '-REG4':
      PIN_NUMBER='(D3)';
      OUTPUT_LOAD='(1.0,-1.0)';
    '-REG5':
      PIN_NUMBER='(D15)';
      OUTPUT_LOAD='(1.0,-1.0)';
    '-GNT5':
      PIN_NUMBER='(E15)';
      OUTPUT_LOAD='(1.0,-1.0)';
    'REG6':
      PIN_NUMBER='(D17)';
      OUTPUT_LOAD='(1.0,-1.0)';
    '-GNT6':
      PIN_NUMBER='(E17)';
      OUTPUT_LOAD='(1.0,-1.0)';
    '-SYSEN':
      PIN_NUMBER='(C2)';
      OUTPUT_LOAD='(1.0,-1.0)';
    'GA0':
      PIN_NUMBER='(E22)';
      OUTPUT_LOAD='(1.0,-1.0)';
    'GA1':
      PIN_NUMBER='(D22)';
      OUTPUT_LOAD='(1.0,-1.0)';
    'GA2':
      PIN_NUMBER='(C22)';
      OUTPUT_LOAD='(1.0,-1.0)';
    'GA3':
      PIN_NUMBER='(B22)';
      OUTPUT_LOAD='(1.0,-1.0)';
    'GA4':
      PIN_NUMBER='(A22)';
      OUTPUT_LOAD='(1.0,-1.0)';
    'RSV1':
      PIN_NUMBER='(C19)';
      OUTPUT_LOAD='(1.0,-1.0)';
    'RSV2':
      PIN_NUMBER='(D19)';
      OUTPUT_LOAD='(1.0,-1.0)';
    'RSV3':
      PIN_NUMBER='(E19)';
      OUTPUT_LOAD='(1.0,-1.0)';
    'RSV4':
      PIN_NUMBER='(C20)';
      OUTPUT_LOAD='(1.0,-1.0)';
    'RSV5':
      PIN_NUMBER='(E20)';
      OUTPUT_LOAD='(1.0,-1.0)';
    'RSV6':
      PIN_NUMBER='(C21)';
      OUTPUT_LOAD='(1.0,-1.0)';
    'RSV7':
      PIN_NUMBER='(D21)';
      OUTPUT_LOAD='(1.0,-1.0)';
    'RSV8':
      PIN_NUMBER='(E21)';
      OUTPUT_LOAD='(1.0,-1.0)';
    '-FAL':
      PIN_NUMBER='(C15)';
      OUTPUT_LOAD='(1.0,-1.0)';
    '-DEG':
      PIN_NUMBER='(C16)';
      OUTPUT_LOAD='(1.0,-1.0)';
    'SRSVP2B4':
      PIN_NUMBER='(B4)';
      OUTPUT_LOAD='(1.0,-1.0)';
    'SRSVP2A15':
      PIN_NUMBER='(A15)';
      OUTPUT_LOAD='(1.0,-1.0)';
    'SRSVP2A16':
      PIN_NUMBER='(A16)';
      OUTPUT_LOAD='(1.0,-1.0)';
    'SRSVP2B16':
      PIN_NUMBER='(B16)';
      OUTPUT_LOAD='(1.0,-1.0)';
    'SRSVP2E16':
      PIN_NUMBER='(E16)';
      OUTPUT_LOAD='(1.0,-1.0)';
    'SRSVP2A17':
      PIN_NUMBER='(A17)';
      OUTPUT_LOAD='(1.0,-1.0)';
    'SRSVP2A18':
      PIN_NUMBER='(A18)';
      OUTPUT_LOAD='(1.0,-1.0)';
    'SRSVP2B18':
      PIN_NUMBER='(B18)';
      OUTPUT_LOAD='(1.0,-1.0)';
    'SRSVP2C18':
      PIN_NUMBER='(C18)';
      OUTPUT_LOAD='(1.0,-1.0)';
    'SRSVP2E18':
      PIN_NUMBER='(E18)';
      OUTPUT_LOAD='(1.0,-1.0)';
    '-PRST':
      PIN_NUMBER='(C17)';
      OUTPUT_LOAD='(1.0,-1.0)';
    'VIO1':
      PIN_NUMBER='(A4)';
      PINUSE='POWER';
    'VIO2':
      PIN_NUMBER='(C5)';
      PINUSE='POWER';
    'VIO3':
      PIN_NUMBER='(C7)';
      PINUSE='POWER';
    'VIO4':
      PIN_NUMBER='(C9)';
      PINUSE='POWER';
    'VIO5':
      PIN_NUMBER='(C11)';
      PINUSE='POWER';
    'VIO6':
      PIN_NUMBER='(C13)';
      PINUSE='POWER';
    'CNDD1':
      PIN_NUMBER='(B5)';
      PINUSE='POWER';
    'GNDD2':
      PIN_NUMBER='(F1)';
      PINUSE='POWER';
    'GNDD3':
      PIN_NUMBER='(F2)';
      PINUSE='POWER';
    'GNDD4':
      PIN_NUMBER='(F3)';
      PINUSE='POWER';
    'GNDD5':
      PIN_NUMBER='(F4)';
      PINUSE='POWER';
    'GNDD6':
      PIN_NUMBER='(F5)';
      PINUSE='POWER';
    'GNDD7':
      PIN_NUMBER='(F6)';
      PINUSE='POWER';
    'GNDD8':
      PIN_NUMBER='(F7)';
      PINUSE='POWER';
    'GNDD9':
      PIN_NUMBER='(F8)';
      PINUSE='POWER';
    'GNDD10':
      PIN_NUMBER='(F9)';
      PINUSE='POWER';
    'GNDD11':
      PIN_NUMBER='(F10)';
      PINUSE='POWER';
    'GNDD12':
      PIN_NUMBER='(F11)';
      PINUSE='POWER';
    'GNDD13':
      PIN_NUMBER='(F12)';
      PINUSE='POWER';
    'GNDD14':
      PIN_NUMBER='(F13)';
      PINUSE='POWER';
    'GNDD15':
      PIN_NUMBER='(F14)';
      PINUSE='POWER';
    'GNDD16':
      PIN_NUMBER='(F15)';
      PINUSE='POWER';
    'GNDD17':
      PIN_NUMBER='(F16)';
      PINUSE='POWER';
    'GNDD18':
      PIN_NUMBER='(F17)';
      PINUSE='POWER';
    'GNDD19':
      PIN_NUMBER='(F18)';
      PINUSE='POWER';
    'GNDD20':
      PIN_NUMBER='(F19)';
      PINUSE='POWER';
    'GNDD21':
      PIN_NUMBER='(F20)';
      PINUSE='POWER';
    'GNDD22':
      PIN_NUMBER='(F21)';
      PINUSE='POWER';
    'GNDD23':
      PIN_NUMBER='(F22)';
      PINUSE='POWER';
    'GNDD24':
      PIN_NUMBER='(B1)';
      PINUSE='POWER';
    'GNDD25':
      PIN_NUMBER='(B3)';
      PINUSE='POWER';
    'GNDD26':
      PIN_NUMBER='(D4)';
      PINUSE='POWER';
    'GNDD27':
      PIN_NUMBER='(D6)';
      PINUSE='POWER';
    'GNDD28':
      PIN_NUMBER='(B7)';
      PINUSE='POWER';
    'GNDD29':
      PIN_NUMBER='(D8)';
      PINUSE='POWER';
    'GNDD30':
      PIN_NUMBER='(B9)';
      PINUSE='POWER';
    'GNDD31':
      PIN_NUMBER='(D10)';
      PINUSE='POWER';
    'GNDD32':
      PIN_NUMBER='(B11)';
      PINUSE='POWER';
    'GNDD33':
      PIN_NUMBER='(D12)';
      PINUSE='POWER';
    'GNDD34':
      PIN_NUMBER='(B13)';
      PINUSE='POWER';
    'GNDD35':
      PIN_NUMBER='(D14)';
      PINUSE='POWER';
    'GNDD36':
      PIN_NUMBER='(B15)';
      PINUSE='POWER';
    'GNDD37':
      PIN_NUMBER='(D16)';
      PINUSE='POWER';
    'GNDD38':
      PIN_NUMBER='(B17)';
      PINUSE='POWER';
    'GNDD39':
      PIN_NUMBER='(D18)';
      PINUSE='POWER';
    'GNDD40':
      PIN_NUMBER='(A19)';
      PINUSE='POWER';
    'GNDD41':
      PIN_NUMBER='(B19)';
      PINUSE='POWER';
    'GNDD42':
      PIN_NUMBER='(B20)';
      PINUSE='POWER';
    'GNDD43':
      PIN_NUMBER='(D20)';
      PINUSE='POWER';
    'GNDD44':
      PIN_NUMBER='(B21)';
      PINUSE='POWER';
  end_pin;
  body
    CLASS='DISCRETE';
    PART_NAME='CPCI_J2';
    JEDEC_TYPE='PCI';
    BODY_NAME='CPCI_J2';
    FAMILY='?';
  end_body;
end_primitive;
END.
