FILE_TYPE=LIBRARY_PARTS;
primitive 'K4S561632E';
  pin
    'DQ0':
      PIN_NUMBER='(2)';
      OUTPUT_TYPE='(TS,TS)';
      BIDIRECTIONAL='TRUE';
      INPUT_LOAD='(-0.01,0.01)';
      OUTPUT_LOAD='(1.0,-1.0)';
    'DQ1':
      PIN_NUMBER='(4)';
      OUTPUT_TYPE='(TS,TS)';
      BIDIRECTIONAL='TRUE';
      INPUT_LOAD='(-0.01,0.01)';
      OUTPUT_LOAD='(1.0,-1.0)';
    'DQ2':
      PIN_NUMBER='(5)';
      OUTPUT_TYPE='(TS,TS)';
      BIDIRECTIONAL='TRUE';
      INPUT_LOAD='(-0.01,0.01)';
      OUTPUT_LOAD='(1.0,-1.0)';
    'DQ3':
      PIN_NUMBER='(7)';
      OUTPUT_TYPE='(TS,TS)';
      BIDIRECTIONAL='TRUE';
      INPUT_LOAD='(-0.01,0.01)';
      OUTPUT_LOAD='(1.0,-1.0)';
    'DQ4':
      PIN_NUMBER='(8)';
      OUTPUT_TYPE='(TS,TS)';
      BIDIRECTIONAL='TRUE';
      INPUT_LOAD='(-0.01,0.01)';
      OUTPUT_LOAD='(1.0,-1.0)';
    'DQ5':
      PIN_NUMBER='(10)';
      OUTPUT_TYPE='(TS,TS)';
      BIDIRECTIONAL='TRUE';
      INPUT_LOAD='(-0.01,0.01)';
      OUTPUT_LOAD='(1.0,-1.0)';
    'DQ6':
      PIN_NUMBER='(11)';
      OUTPUT_TYPE='(TS,TS)';
      BIDIRECTIONAL='TRUE';
      INPUT_LOAD='(-0.01,0.01)';
      OUTPUT_LOAD='(1.0,-1.0)';
    'DQ7':
      PIN_NUMBER='(13)';
      OUTPUT_TYPE='(TS,TS)';
      BIDIRECTIONAL='TRUE';
      INPUT_LOAD='(-0.01,0.01)';
      OUTPUT_LOAD='(1.0,-1.0)';
    'DQ8':
      PIN_NUMBER='(42)';
      OUTPUT_TYPE='(TS,TS)';
      BIDIRECTIONAL='TRUE';
      INPUT_LOAD='(-0.01,0.01)';
      OUTPUT_LOAD='(1.0,-1.0)';
    'DQ9':
      PIN_NUMBER='(44)';
      OUTPUT_TYPE='(TS,TS)';
      BIDIRECTIONAL='TRUE';
      INPUT_LOAD='(-0.01,0.01)';
      OUTPUT_LOAD='(1.0,-1.0)';
    'DQ10':
      PIN_NUMBER='(45)';
      OUTPUT_TYPE='(TS,TS)';
      BIDIRECTIONAL='TRUE';
      INPUT_LOAD='(-0.01,0.01)';
      OUTPUT_LOAD='(1.0,-1.0)';
    'DQ11':
      PIN_NUMBER='(47)';
      OUTPUT_TYPE='(TS,TS)';
      BIDIRECTIONAL='TRUE';
      INPUT_LOAD='(-0.01,0.01)';
      OUTPUT_LOAD='(1.0,-1.0)';
    'DQ12':
      PIN_NUMBER='(48)';
      OUTPUT_TYPE='(TS,TS)';
      BIDIRECTIONAL='TRUE';
      INPUT_LOAD='(-0.01,0.01)';
      OUTPUT_LOAD='(1.0,-1.0)';
    'DQ13':
      PIN_NUMBER='(50)';
      OUTPUT_TYPE='(TS,TS)';
      BIDIRECTIONAL='TRUE';
      INPUT_LOAD='(-0.01,0.01)';
      OUTPUT_LOAD='(1.0,-1.0)';
    'DQ14':
      PIN_NUMBER='(51)';
      OUTPUT_TYPE='(TS,TS)';
      BIDIRECTIONAL='TRUE';
      INPUT_LOAD='(-0.01,0.01)';
      OUTPUT_LOAD='(1.0,-1.0)';
    'DQ15':
      PIN_NUMBER='(53)';
      OUTPUT_TYPE='(TS,TS)';
      BIDIRECTIONAL='TRUE';
      INPUT_LOAD='(-0.01,0.01)';
      OUTPUT_LOAD='(1.0,-1.0)';
    'A0':
      PIN_NUMBER='(23)';
      INPUT_LOAD='(-0.01,0.01)';
    'A1':
      PIN_NUMBER='(24)';
      INPUT_LOAD='(-0.01,0.01)';
    'A2':
      PIN_NUMBER='(25)';
      INPUT_LOAD='(-0.01,0.01)';
    'A3':
      PIN_NUMBER='(26)';
      INPUT_LOAD='(-0.01,0.01)';
    'A4':
      PIN_NUMBER='(29)';
      INPUT_LOAD='(-0.01,0.01)';
    'A5':
      PIN_NUMBER='(30)';
      INPUT_LOAD='(-0.01,0.01)';
    'A6':
      PIN_NUMBER='(31)';
      INPUT_LOAD='(-0.01,0.01)';
    'A7':
      PIN_NUMBER='(32)';
      INPUT_LOAD='(-0.01,0.01)';
    'A8':
      PIN_NUMBER='(33)';
      INPUT_LOAD='(-0.01,0.01)';
    'A9':
      PIN_NUMBER='(34)';
      INPUT_LOAD='(-0.01,0.01)';
    'A10':
      PIN_NUMBER='(22)';
      INPUT_LOAD='(-0.01,0.01)';
    'A11':
      PIN_NUMBER='(35)';
      INPUT_LOAD='(-0.01,0.01)';
    'BA0':
      PIN_NUMBER='(20)';
      INPUT_LOAD='(-0.01,0.01)';
    'BA1':
      PIN_NUMBER='(21)';
      INPUT_LOAD='(-0.01,0.01)';
    'VDDQ0':
      PIN_NUMBER='(3)';
      PINUSE='POWER';
      NO_LOAD_CHECK='Both';
      NO_IO_CHECK='Both';
      NO_ASSERT_CHECK='TRUE';
      NO_DIR_CHECK='TRUE';
      ALLOW_CONNECT='TRUE';
    'VDDQ1':
      PIN_NUMBER='(9)';
      PINUSE='POWER';
      NO_LOAD_CHECK='Both';
      NO_IO_CHECK='Both';
      NO_ASSERT_CHECK='TRUE';
      NO_DIR_CHECK='TRUE';
      ALLOW_CONNECT='TRUE';
    'VDDQ2':
      PIN_NUMBER='(43)';
      PINUSE='POWER';
      NO_LOAD_CHECK='Both';
      NO_IO_CHECK='Both';
      NO_ASSERT_CHECK='TRUE';
      NO_DIR_CHECK='TRUE';
      ALLOW_CONNECT='TRUE';
    'VDDQ3':
      PIN_NUMBER='(49)';
      PINUSE='POWER';
      NO_LOAD_CHECK='Both';
      NO_IO_CHECK='Both';
      NO_ASSERT_CHECK='TRUE';
      NO_DIR_CHECK='TRUE';
      ALLOW_CONNECT='TRUE';
    'VDD0':
      PIN_NUMBER='(1)';
      PINUSE='POWER';
      NO_LOAD_CHECK='Both';
      NO_IO_CHECK='Both';
      NO_ASSERT_CHECK='TRUE';
      NO_DIR_CHECK='TRUE';
      ALLOW_CONNECT='TRUE';
    'VDD1':
      PIN_NUMBER='(14)';
      PINUSE='POWER';
      NO_LOAD_CHECK='Both';
      NO_IO_CHECK='Both';
      NO_ASSERT_CHECK='TRUE';
      NO_DIR_CHECK='TRUE';
      ALLOW_CONNECT='TRUE';
    'VDD2':
      PIN_NUMBER='(27)';
      PINUSE='POWER';
      NO_LOAD_CHECK='Both';
      NO_IO_CHECK='Both';
      NO_ASSERT_CHECK='TRUE';
      NO_DIR_CHECK='TRUE';
      ALLOW_CONNECT='TRUE';
    'VSS0':
      PIN_NUMBER='(28)';
      PINUSE='GROUND';
      NO_LOAD_CHECK='Both';
      NO_IO_CHECK='Both';
      NO_ASSERT_CHECK='TRUE';
      NO_DIR_CHECK='TRUE';
      ALLOW_CONNECT='TRUE';
    'VSS1':
      PIN_NUMBER='(41)';
      PINUSE='GROUND';
      NO_LOAD_CHECK='Both';
      NO_IO_CHECK='Both';
      NO_ASSERT_CHECK='TRUE';
      NO_DIR_CHECK='TRUE';
      ALLOW_CONNECT='TRUE';
    'VSS2':
      PIN_NUMBER='(54)';
      PINUSE='GROUND';
      NO_LOAD_CHECK='Both';
      NO_IO_CHECK='Both';
      NO_ASSERT_CHECK='TRUE';
      NO_DIR_CHECK='TRUE';
      ALLOW_CONNECT='TRUE';
    'VSSQ0':
      PIN_NUMBER='(6)';
      PINUSE='GROUND';
      NO_LOAD_CHECK='Both';
      NO_IO_CHECK='Both';
      NO_ASSERT_CHECK='TRUE';
      NO_DIR_CHECK='TRUE';
      ALLOW_CONNECT='TRUE';
    'VSSQ1':
      PIN_NUMBER='(12)';
      PINUSE='GROUND';
      NO_LOAD_CHECK='Both';
      NO_IO_CHECK='Both';
      NO_ASSERT_CHECK='TRUE';
      NO_DIR_CHECK='TRUE';
      ALLOW_CONNECT='TRUE';
    'VSSQ2':
      PIN_NUMBER='(46)';
      PINUSE='GROUND';
      NO_LOAD_CHECK='Both';
      NO_IO_CHECK='Both';
      NO_ASSERT_CHECK='TRUE';
      NO_DIR_CHECK='TRUE';
      ALLOW_CONNECT='TRUE';
    'VSSQ3':
      PIN_NUMBER='(52)';
      PINUSE='GROUND';
      NO_LOAD_CHECK='Both';
      NO_IO_CHECK='Both';
      NO_ASSERT_CHECK='TRUE';
      NO_DIR_CHECK='TRUE';
      ALLOW_CONNECT='TRUE';
    'A12':
      PIN_NUMBER='(36)';
      INPUT_LOAD='(-0.01,0.01)';
    'CLK':
      PIN_NUMBER='(38)';
      INPUT_LOAD='(-0.01,0.01)';
    'CKE':
      PIN_NUMBER='(37)';
      INPUT_LOAD='(-0.01,0.01)';
    '-CS':
      PIN_NUMBER='(19)';
      INPUT_LOAD='(-0.01,0.01)';
    '-RAS':
      PIN_NUMBER='(18)';
      INPUT_LOAD='(-0.01,0.01)';
    '-CAS':
      PIN_NUMBER='(17)';
      INPUT_LOAD='(-0.01,0.01)';
    '-WE':
      PIN_NUMBER='(16)';
      INPUT_LOAD='(-0.01,0.01)';
    'UDQM':
      PIN_NUMBER='(39)';
      INPUT_LOAD='(-0.01,0.01)';
    'LDQM':
      PIN_NUMBER='(15)';
      INPUT_LOAD='(-0.01,0.01)';
    'NC':
      PIN_NUMBER='(40)';
      PINUSE='NC';
      NO_LOAD_CHECK='Both';
      NO_IO_CHECK='Both';
      NO_ASSERT_CHECK='TRUE';
      NO_DIR_CHECK='TRUE';
      ALLOW_CONNECT='TRUE';
  end_pin;
  body
    PART_NAME='K4S561632E';
    BODY_NAME='K4S561632E';
    JEDEC_TYPE='f550';
    PHYS_DES_PREFIX='U';
    CLASS='IC';
  end_body;
end_primitive;

END.
