	(Comment
		(Time 08/19/14,14:54:45)
		(User imk)
		(MsgId ECO_081)
		(Text "Symbol sym_1 added to cell")
		(Param1 sym_1)
	)
	(Comment
		(Time 08/19/14,15:43:31)
		(User imk)
		(MsgId ECO_021)
		(Text "Package ADCLK954 added to cell")
		(Param1 ADCLK954)
	)
	(Comment
		(Time 08/19/14,16:01:58)
		(User imk)
		(MsgId ECO_081)
		(Text "Symbol sym_2 added to cell")
		(Param1 sym_2)
	)
	(Comment
		(Time 08/19/14,16:02:06)
		(User imk)
		(MsgId ECO_082)
		(Text "Symbol sym_1 deleted from cell")
		(Param1 sym_1)
	)
	(Comment
		(Time 08/19/14,16:05:53)
		(User imk)
		(MsgId ECO_082)
		(Text "Symbol sym_2 deleted from cell")
		(Param1 sym_2)
	)
	(Comment
		(Time 08/19/14,16:07:27)
		(User imk)
		(MsgId ECO_081)
		(Text "Symbol sym_1 added to cell")
		(Param1 sym_1)
	)
