	(Comment
		(Time 08/12/13,13:02:58)
		(User Sergey)
		(MsgId ECO_081)
		(Text "Symbol sym_1 added to cell")
		(Param1 sym_1)
	)
	(Comment
		(Time 08/12/13,14:16:28)
		(User Sergey)
		(MsgId ECO_021)
		(Text "Package VPB30W8M400AA added to cell")
		(Param1 VPB30W8M400AA)
	)
	(Comment
		(Time 08/12/13,14:22:37)
		(User Sergey)
		(MsgId ECO_022)
		(Text "Package VPB30W8M400AA deleted from cell")
		(Param1 VPB30W8M400AA)
	)
	(Comment
		(Time 08/12/13,14:22:58)
		(User Sergey)
		(MsgId ECO_082)
		(Text "Symbol sym_1 deleted from cell")
		(Param1 sym_1)
	)
	(Comment
		(Time 08/12/13,14:22:59)
		(User Sergey)
		(MsgId ECO_081)
		(Text "Symbol sym_1 added to cell")
		(Param1 sym_1)
	)
	(Comment
		(Time 08/12/13,14:27:15)
		(User Sergey)
		(MsgId ECO_021)
		(Text "Package VPB30W8M400AA added to cell")
		(Param1 VPB30W8M400AA)
	)
