FILE_TYPE=LIBRARY_PARTS;
TIME=' Created/Modified on Thu Jul 01 15:08:00 2004' ;
primitive 'PCA9543';
  pin
    'SCL':
      PIN_NUMBER='(12)';
      INPUT_LOAD='(-0.01,0.01)';
    'SDA':
      PIN_NUMBER='(13)';
      INPUT_LOAD='(-0.01,0.01)';
      OUTPUT_LOAD='(1.0,-1.0)';
      BIDIRECTIONAL='TRUE';
    'A'<0>:
      PIN_NUMBER='(1)';
      INPUT_LOAD='(-0.01,0.01)';
    'A'<1>:
      PIN_NUMBER='(2)';
      INPUT_LOAD='(-0.01,0.01)';
    '-RESET':
      PIN_NUMBER='(3)';
      INPUT_LOAD='(-0.01,0.01)';
    '-INT':
      PIN_NUMBER='(11)';
      OUTPUT_LOAD='(1.0,-1.0)';
    '-1INT':
      PIN_NUMBER='(8)';
      INPUT_LOAD='(-0.01,0.01)';
    '-0INT':
      PIN_NUMBER='(4)';
      INPUT_LOAD='(-0.01,0.01)';
    '1SCL':
      PIN_NUMBER='(10)';
      INPUT_LOAD='(-0.01,0.01)';
    '0SCL':
      PIN_NUMBER='(6)';
      INPUT_LOAD='(-0.01,0.01)';
    '1SDA':
      PIN_NUMBER='(9)';
      INPUT_LOAD='(-0.01,0.01)';
      OUTPUT_LOAD='(1.0,-1.0)';
      BIDIRECTIONAL='TRUE';
    '0SDA':
      PIN_NUMBER='(5)';
      INPUT_LOAD='(-0.01,0.01)';
      OUTPUT_LOAD='(1.0,-1.0)';
      BIDIRECTIONAL='TRUE';
    'P3V3M':
      PIN_NUMBER='(14)';
      PINUSE='POWER';
    'GNDDM':
      PIN_NUMBER='(7)';
      PINUSE='POWER';
  end_pin;
  body
    CLASS='IC';
    PART_NAME='PCA9543';
    PHYS_DES_PREFIX='DD';
    JEDEC_TYPE='F39';
    LOCATION='?';
    PATH='?';
    BODY_NAME='PCA9543';
  end_body;
end_primitive;
END.
