	(Comment
		(Time 06/15/16,16:45:04)
		(User Lmx2315)
		(MsgId ECO_021)
		(Text "Package XC6SLX9 added to cell")
		(Param1 "XC6SLX9")
	)
	(Comment
		(Time 06/15/16,16:46:50)
		(User Lmx2315)
		(MsgId ECO_081)
		(Text "Symbol sym_1 added to cell")
		(Param1 "sym_1")
	)
	(Comment
		(Time 06/15/16,16:49:42)
		(User Lmx2315)
		(MsgId ECO_022)
		(Text "Package XC6SLX9 deleted from cell")
		(Param1 "XC6SLX9")
	)
	(Comment
		(Time 06/15/16,16:49:45)
		(User Lmx2315)
		(MsgId ECO_081)
		(Text "Symbol sym_2 added to cell")
		(Param1 "sym_2")
	)
	(Comment
		(Time 06/15/16,16:52:12)
		(User Lmx2315)
		(MsgId ECO_081)
		(Text "Symbol sym_3 added to cell")
		(Param1 "sym_3")
	)
	(Comment
		(Time 06/15/16,16:55:21)
		(User Lmx2315)
		(MsgId ECO_081)
		(Text "Symbol sym_4 added to cell")
		(Param1 "sym_4")
	)
	(Comment
		(Time 06/15/16,17:09:13)
		(User Lmx2315)
		(MsgId ECO_081)
		(Text "Symbol sym_5 added to cell")
		(Param1 "sym_5")
	)
	(Comment
		(Time 06/15/16,17:14:28)
		(User Lmx2315)
		(MsgId ECO_021)
		(Text "Package XC6SLX9 added to cell")
		(Param1 "XC6SLX9")
	)
