FILE_TYPE=LIBRARY_PARTS;
TIME=' Created/Modified on Mon Jun 21 12:31:10 2004' ;
primitive 'HCPL_063';
  pin
    'AH1':
      PIN_NUMBER='(1)';
      INPUT_LOAD='(-0.01,0.01)';
    'CAT1':
      PIN_NUMBER='(2)';
      INPUT_LOAD='(-0.01,0.01)';
    'AN2':
      PIN_NUMBER='(4)';
      INPUT_LOAD='(-0.01,0.01)';
    'CAT2':
      PIN_NUMBER='(3)';
      INPUT_LOAD='(-0.01,0.01)';
    '-V01':
      PIN_NUMBER='(7)';
      OUTPUT_LOAD='(1.0,-1.0)';
    '-V02':
      PIN_NUMBER='(6)';
      OUTPUT_LOAD='(1.0,-1.0)';
    'P3V3M':
      PIN_NUMBER='(8)';
      PINUSE='POWER';
    'GNDDM':
      PIN_NUMBER='(5)';
      PINUSE='POWER';
  end_pin;
  body
    CLASS='IC';
    PART_NAME='HCPL_063';
    JEDEC_TYPE='F30';
    BODY_NAME='HCPL_063';
  end_body;
end_primitive;
END.
