	(Comment
		(Time 02/27/18,17:00:27)
		(User Lmx2315)
		(MsgId ECO_021)
		(Text "Package HAR_BUS64 added to cell")
		(Param1 "HAR_BUS64")
	)
	(Comment
		(Time 02/27/18,18:21:52)
		(User Lmx2315)
		(MsgId ECO_081)
		(Text "Symbol sym_1 added to cell")
		(Param1 "sym_1")
	)
	(Comment
		(Time 02/27/18,18:21:52)
		(User Lmx2315)
		(MsgId ECO_081)
		(Text "Symbol sym_2 added to cell")
		(Param1 "sym_2")
	)
	(Comment
		(Time 02/27/18,18:21:52)
		(User Lmx2315)
		(MsgId ECO_081)
		(Text "Symbol sym_3 added to cell")
		(Param1 "sym_3")
	)
	(Comment
		(Time 02/28/18,18:02:00)
		(User Lmx2315)
		(MsgId ECO_081)
		(Text "Symbol sym_4 added to cell")
		(Param1 "sym_4")
	)
