	(Comment
		(Time 07/31/18,16:28:41)
		(User Lmx2315)
		(MsgId ECO_021)
		(Text "Package M54 added to cell")
		(Param1 "M54")
	)
	(Comment
		(Time 07/31/18,17:59:42)
		(User Lmx2315)
		(MsgId ECO_081)
		(Text "Symbol sym_1 added to cell")
		(Param1 "sym_1")
	)
	(Comment
		(Time 07/31/18,18:00:05)
		(User Lmx2315)
		(MsgId ECO_082)
		(Text "Symbol sym_1 deleted from cell")
		(Param1 "sym_1")
	)
	(Comment
		(Time 07/31/18,18:02:25)
		(User Lmx2315)
		(MsgId ECO_081)
		(Text "Symbol sym_1 added to cell")
		(Param1 "sym_1")
	)
