FILE_TYPE=LIBRARY_PARTS;
TIME=' Created/Modified on Thu Jul 01 12:32:04 2004' ;
primitive 'SN74LVC2G126_VSSOP-8';
  pin
    '1OE':
      PIN_NUMBER='(1)';
      INPUT_LOAD='(-0.01,0.01)';
    '1A':
      PIN_NUMBER='(2)';
      INPUT_LOAD='(-0.01,0.01)';
    '2Y':
      PIN_NUMBER='(3)';
      OUTPUT_LOAD='(1.0,-1.0)';
    '2A':
      PIN_NUMBER='(5)';
      INPUT_LOAD='(-0.01,0.01)';
    '1Y':
      PIN_NUMBER='(6)';
      OUTPUT_LOAD='(1.0,-1.0)';
    '2OE':
      PIN_NUMBER='(7)';
      INPUT_LOAD='(-0.01,0.01)';
    'GND':
      PIN_NUMBER='(4)';
      PINUSE='GROUND';
    'VCC':
      PIN_NUMBER='(8)';
      PINUSE='POWER';
  end_pin;
  body
    CLASS='IC';
    PART_NAME='SN74LVC2G126';
    PHYS_DES_PREFIX='D';
    JEDEC_TYPE='F82';
    BODY_NAME='SN74LVC2G126';
    FAMILY='SN74LVC';
  end_body;
end_primitive;
END.
