FILE_TYPE=LIBRARY_PARTS;
primitive 'LMZ12010';
  pin
    'EN':
      PIN_NUMBER='(4)';
      PIN_TYPE='ANALOG';
      NO_LOAD_CHECK='Both';
      NO_IO_CHECK='Both';
      NO_ASSERT_CHECK='TRUE';
      NO_DIR_CHECK='TRUE';
      ALLOW_CONNECT='TRUE';
    'FB':
      PIN_NUMBER='(7)';
      PIN_TYPE='ANALOG';
      NO_LOAD_CHECK='Both';
      NO_IO_CHECK='Both';
      NO_ASSERT_CHECK='TRUE';
      NO_DIR_CHECK='TRUE';
      ALLOW_CONNECT='TRUE';
    'SS/TRIN':
      PIN_NUMBER='(8)';
      PIN_TYPE='ANALOG';
      NO_LOAD_CHECK='Both';
      NO_IO_CHECK='Both';
      NO_ASSERT_CHECK='TRUE';
      NO_DIR_CHECK='TRUE';
      ALLOW_CONNECT='TRUE';
  end_pin;
  body
    PART_NAME='LMZ12010';
    BODY_NAME='LMZ12010';
    JEDEC_TYPE='lmx12010';
    PHYS_DES_PREFIX='DA';
    CLASS='IC';
    GROUND_NETS='AGND,PGND';
    POWER_PINS='(VIN:1,2)';
    POWER_PINS='(AGND:3,5,6)';
    POWER_PINS='(VOUT:10,11)';
    POWER_PINS='(PGND:12)';
    NC_PINS='(9)';
  end_body;
end_primitive;

END.
