(------------------------------------------------------------)
(                                                            )
(                    NC DRILL LOG FILE                       )
(                                                            )
(        Drawing    : interf_m8_v9_nev_exp.brd               )
(        Date/Time  : Fri Nov 09 12:59:47 2012               )
(                                                            )
(------------------------------------------------------------)



 Processing NC Parameters file ...

 NC PARAMETERS
 -------------

 FORMAT   		2.3
 MACHINE-OFFSET		x:0.000000	y:0.000000
 FEEDRATE		1
 COORDINATES		ABSOLUTE
 OUTPUT-UNITS		METRIC
 TOOL-ORDER		INCREASING
 REPEAT-CODES		YES
 SUPPRESS-LEAD-ZEROES	YES
 SUPPRESS-TRAIL-ZEROES	NO
 SUPPRESS-EQUAL		YES
 TOOL-SELECT		YES
 HEADER			none
 LEADER			12
 CODE			ASCII
 SEPARATE		YES
 OPTIMIZE_DRILLING	NO
 ENHANCED_EXCELLON	YES
 SCALE			1.000000

 WARNING: Can't find tool file (nc_tools.txt)
          ... will auto-generate tool file (nc_tools_auto.txt)


     Auto-generating tool file nc_tools_auto.txt
     -------------------------------------------

           Size  Plating  Tool        + Tolerance  - Tolerance

         0.3000  P        T01            0.000000     0.000000
         0.9000  P        T02            0.000000     0.000000
         1.0000  P        T03            0.000000     0.000000
         1.1000  P        T04            0.000000     0.000000
         1.2000  P        T05            0.000000     0.000000
         1.3000  P        T06            0.000000     0.000000
         1.6000  P        T07            0.000000     0.000000
         3.0000  P        T08            0.000000     0.000000
         3.4000  P        T09            0.000000     0.000000
         3.5000  N        T10            0.000000     0.000000


 Drill files being output to directory 'C:\PSD_DATA\Projects\Modulator2\worklib\interf_m8_v1\physical' ...



     'm8_V1_V9-1-4_exp-1-4.drl' created for holes connecting TOP and BOTTOM ; Plating = PLATED
     -----------------------------------------------------------------------------------------

     Tool  Num     Size      +/- Tolerance     Plating   Quantity

      T01   1.   0.3000    0.0000/  0.0000      PLATED        353
      T02   2.   0.9000    0.0000/  0.0000      PLATED          2
      T03   3.   1.0000    0.0000/  0.0000      PLATED         16
      T04   4.   1.1000    0.0000/  0.0000      PLATED         40
      T05   5.   1.2000    0.0000/  0.0000      PLATED         73
      T06   6.   1.3000    0.0000/  0.0000      PLATED          1
      T07   7.   1.6000    0.0000/  0.0000      PLATED          4
      T08   8.   3.0000    0.0000/  0.0000      PLATED          2
      T09   9.   3.4000    0.0000/  0.0000      PLATED          2

     ---- Total holes:                                        493

     ---- Total head travel:              42.45 feet (12.94 meters)




     'm8_V1_V9-1-4_exp-1-4-np.drl' created for holes connecting TOP and BOTTOM ; Plating = NON_PLATED
     ------------------------------------------------------------------------------------------------

     Tool  Num     Size      +/- Tolerance     Plating   Quantity

      T10   1.   3.5000    0.0000/  0.0000  NON_PLATED          4

     ---- Total holes:                                          4

     ---- Total head travel:              1.17 feet (0.36 meters)

