Update Symbols/Modules Logfile
	Wed Apr 06 10:52:26 2011

------ Module Refresh Messages ------

------ End Module Messages     ------



Wed Apr 06 10:52:26 2011				Page     1

Cadence Design Systems, Inc.

Symbol Refresh Logfile

------ Symbol Refresh Directives ------

OLD_LAYOUT_NAME = '#Taaaaaa02400.tmp';
NEW_LAYOUT_NAME = '';
REFRESH_MECHANICAL_SYMBOLS = 'NO';
REFRESH_FORMAT_SYMBOLS = 'NO';
REFRESH_PACKAGE_SYMBOLS = 'NO';
REFRESH_SHAPE_SYMBOLS = 'NO';
REFRESH_SYMBOL_PAD_STACKS = 'YES';
REFRESH_SYMBOL_TEXT_LOCATIONS = 'NO';
REFRESH_CUSTOM_DRILL_DATA = 'NO';
SYMBOL_LIST = 'C:\DOCUME~1\CHUPRI~1\LOCALS~1\Temp\#Taaaaab02400.tmp';


------ Library Paths ------
PSMPATH =  . 
           symbols 
           .. 
           ../symbols 
           C:\Cadence\SPB_15.2\share\local\pcb/symbols 
           C:\Cadence\SPB_15.2\share\pcb/pcb_lib/symbols 
           C:\Cadence\SPB_15.2\share\pcb/allegrolib/symbols 
           C:\PSD_data\PSD_data\footprints\My_symbols\ 
           C:\PSD_data\PSD_data\footprints\SYMBOLS\ 

PADPATH =  . 
           symbols 
           .. 
           ../symbols 
           C:\Cadence\SPB_15.2\share\local\pcb/padstacks 
           C:\Cadence\SPB_15.2\share\pcb/pcb_lib/symbols 
           C:\Cadence\SPB_15.2\share\pcb/allegrolib/symbols 
           C:\PSD_data\PSD_data\footprints\PADSTACKS\ 


------ Symbol Refresh Messages ------

'TSM'  symbol refreshed successfully.


------ Pad Stack Refresh Messages ------

'RC1700X1000TS'  pad stack refreshed successfully.


----- Symbol Update Summary ----

Completed refreshing all symbols successfully.
