
	(Comment
		(Time 12/27/11,15:56:44)
		(User Sergey)
		(MsgId ECO_081)
		(Text "Symbol sym_1 added to cell")
		(Param1 sym_1)
	)
	(Comment
		(Time 12/27/11,15:59:07)
		(User Sergey)
		(MsgId ECO_021)
		(Text "Package rd1-125 added to cell")
		(Param1 rd1-125)
	)

	(Comment
		(Time 12/27/11,17:13:26)
		(User Sergey)
		(MsgId ECO_022)
		(Text "Package RD1-125 deleted from cell")
		(Param1 RD1-125)
	)
	(Comment
		(Time 12/27/11,17:15:11)
		(User Sergey)
		(MsgId ECO_082)
		(Text "Symbol sym_1 deleted from cell")
		(Param1 sym_1)
	)
	(Comment
		(Time 12/27/11,17:15:12)
		(User Sergey)
		(MsgId ECO_081)
		(Text "Symbol sym_1 added to cell")
		(Param1 sym_1)
	)

	(Comment
		(Time 12/27/11,17:17:07)
		(User Sergey)
		(MsgId ECO_021)
		(Text "Package rd1-125 added to cell")
		(Param1 rd1-125)
	)







