	(Comment
		(Time 04/11/18,17:19:49)
		(User Lmx2315)
		(MsgId ECO_021)
		(Text "Package LM25056 added to cell")
		(Param1 "LM25056")
	)
	(Comment
		(Time 04/11/18,17:34:49)
		(User Lmx2315)
		(MsgId ECO_081)
		(Text "Symbol sym_1 added to cell")
		(Param1 "sym_1")
	)
	(Comment
		(Time 04/11/18,17:35:06)
		(User Lmx2315)
		(MsgId ECO_082)
		(Text "Symbol sym_1 deleted from cell")
		(Param1 "sym_1")
	)
	(Comment
		(Time 04/11/18,17:35:16)
		(User Lmx2315)
		(MsgId ECO_081)
		(Text "Symbol sym_1 added to cell")
		(Param1 "sym_1")
	)
