FILE_TYPE=LIBRARY_PARTS;
TIME=' Created/Modified on Wed Jul 30 13:55:12 2003' ;
primitive 'GS8161Z36T_133I';
  pin
    'A'<0>:
      PIN_NUMBER='(37)';
      INPUT_LOAD='(-0.01,0.01)';
    'A'<1>:
      PIN_NUMBER='(36)';
      INPUT_LOAD='(-0.01,0.01)';
    'A'<2>:
      PIN_NUMBER='(35)';
      INPUT_LOAD='(-0.01,0.01)';
    'A'<3>:
      PIN_NUMBER='(34)';
      INPUT_LOAD='(-0.01,0.01)';
    'A'<4>:
      PIN_NUMBER='(33)';
      INPUT_LOAD='(-0.01,0.01)';
    'A'<5>:
      PIN_NUMBER='(32)';
      INPUT_LOAD='(-0.01,0.01)';
    'A'<6>:
      PIN_NUMBER='(100)';
      INPUT_LOAD='(-0.01,0.01)';
    'A'<7>:
      PIN_NUMBER='(99)';
      INPUT_LOAD='(-0.01,0.01)';
    'A'<8>:
      PIN_NUMBER='(82)';
      INPUT_LOAD='(-0.01,0.01)';
    'A'<9>:
      PIN_NUMBER='(81)';
      INPUT_LOAD='(-0.01,0.01)';
    'A'<10>:
      PIN_NUMBER='(44)';
      INPUT_LOAD='(-0.01,0.01)';
    'A'<11>:
      PIN_NUMBER='(45)';
      INPUT_LOAD='(-0.01,0.01)';
    'A'<12>:
      PIN_NUMBER='(46)';
      INPUT_LOAD='(-0.01,0.01)';
    'A'<13>:
      PIN_NUMBER='(47)';
      INPUT_LOAD='(-0.01,0.01)';
    'A'<14>:
      PIN_NUMBER='(48)';
      INPUT_LOAD='(-0.01,0.01)';
    'A'<15>:
      PIN_NUMBER='(49)';
      INPUT_LOAD='(-0.01,0.01)';
    'A'<16>:
      PIN_NUMBER='(50)';
      INPUT_LOAD='(-0.01,0.01)';
    'A'<17>:
      PIN_NUMBER='(83)';
      INPUT_LOAD='(-0.01,0.01)';
    'A'<18>:
      PIN_NUMBER='(84)';
      INPUT_LOAD='(-0.01,0.01)';
    'CK':
      PIN_NUMBER='(89)';
      INPUT_LOAD='(-0.01,0.01)';
    '-BA':
      PIN_NUMBER='(93)';
      INPUT_LOAD='(-0.01,0.01)';
    '-BB':
      PIN_NUMBER='(94)';
      INPUT_LOAD='(-0.01,0.01)';
    '-BC':
      PIN_NUMBER='(95)';
      INPUT_LOAD='(-0.01,0.01)';
    '-BD':
      PIN_NUMBER='(96)';
      INPUT_LOAD='(-0.01,0.01)';
    '-W':
      PIN_NUMBER='(88)';
      INPUT_LOAD='(-0.01,0.01)';
    '-E1':
      PIN_NUMBER='(98)';
      INPUT_LOAD='(-0.01,0.01)';
    'E2':
      PIN_NUMBER='(97)';
      INPUT_LOAD='(-0.01,0.01)';
    '-E3':
      PIN_NUMBER='(92)';
      INPUT_LOAD='(-0.01,0.01)';
    '-G':
      PIN_NUMBER='(86)';
      INPUT_LOAD='(-0.01,0.01)';
    'ADV':
      PIN_NUMBER='(85)';
      INPUT_LOAD='(-0.01,0.01)';
    '-CKE':
      PIN_NUMBER='(87)';
      INPUT_LOAD='(-0.01,0.01)';
    'DQA'<1>:
      PIN_NUMBER='(63)';
      INPUT_LOAD='(-0.01,0.01)';
      OUTPUT_LOAD='(1.0,-1.0)';
      BIDIRECTIONAL='TRUE';
    'DQA'<2>:
      PIN_NUMBER='(62)';
      INPUT_LOAD='(-0.01,0.01)';
      OUTPUT_LOAD='(1.0,-1.0)';
      BIDIRECTIONAL='TRUE';
    'DQA'<3>:
      PIN_NUMBER='(59)';
      INPUT_LOAD='(-0.01,0.01)';
      OUTPUT_LOAD='(1.0,-1.0)';
      BIDIRECTIONAL='TRUE';
    'DQA'<4>:
      PIN_NUMBER='(58)';
      INPUT_LOAD='(-0.01,0.01)';
      OUTPUT_LOAD='(1.0,-1.0)';
      BIDIRECTIONAL='TRUE';
    'DQA'<5>:
      PIN_NUMBER='(57)';
      INPUT_LOAD='(-0.01,0.01)';
      OUTPUT_LOAD='(1.0,-1.0)';
      BIDIRECTIONAL='TRUE';
    'DQA'<6>:
      PIN_NUMBER='(56)';
      INPUT_LOAD='(-0.01,0.01)';
      OUTPUT_LOAD='(1.0,-1.0)';
      BIDIRECTIONAL='TRUE';
    'DQA'<7>:
      PIN_NUMBER='(53)';
      INPUT_LOAD='(-0.01,0.01)';
      OUTPUT_LOAD='(1.0,-1.0)';
      BIDIRECTIONAL='TRUE';
    'DQA'<8>:
      PIN_NUMBER='(52)';
      INPUT_LOAD='(-0.01,0.01)';
      OUTPUT_LOAD='(1.0,-1.0)';
      BIDIRECTIONAL='TRUE';
    'DQA'<9>:
      PIN_NUMBER='(51)';
      INPUT_LOAD='(-0.01,0.01)';
      OUTPUT_LOAD='(1.0,-1.0)';
      BIDIRECTIONAL='TRUE';
    'DQB'<1>:
      PIN_NUMBER='(68)';
      INPUT_LOAD='(-0.01,0.01)';
      OUTPUT_LOAD='(1.0,-1.0)';
      BIDIRECTIONAL='TRUE';
    'DQB'<2>:
      PIN_NUMBER='(69)';
      INPUT_LOAD='(-0.01,0.01)';
      OUTPUT_LOAD='(1.0,-1.0)';
      BIDIRECTIONAL='TRUE';
    'DQB'<3>:
      PIN_NUMBER='(72)';
      INPUT_LOAD='(-0.01,0.01)';
      OUTPUT_LOAD='(1.0,-1.0)';
      BIDIRECTIONAL='TRUE';
    'DQB'<4>:
      PIN_NUMBER='(73)';
      INPUT_LOAD='(-0.01,0.01)';
      OUTPUT_LOAD='(1.0,-1.0)';
      BIDIRECTIONAL='TRUE';
    'DQB'<5>:
      PIN_NUMBER='(74)';
      INPUT_LOAD='(-0.01,0.01)';
      OUTPUT_LOAD='(1.0,-1.0)';
      BIDIRECTIONAL='TRUE';
    'DQB'<6>:
      PIN_NUMBER='(75)';
      INPUT_LOAD='(-0.01,0.01)';
      OUTPUT_LOAD='(1.0,-1.0)';
      BIDIRECTIONAL='TRUE';
    'DQB'<7>:
      PIN_NUMBER='(78)';
      INPUT_LOAD='(-0.01,0.01)';
      OUTPUT_LOAD='(1.0,-1.0)';
      BIDIRECTIONAL='TRUE';
    'DQB'<8>:
      PIN_NUMBER='(79)';
      INPUT_LOAD='(-0.01,0.01)';
      OUTPUT_LOAD='(1.0,-1.0)';
      BIDIRECTIONAL='TRUE';
    'DQB'<9>:
      PIN_NUMBER='(80)';
      INPUT_LOAD='(-0.01,0.01)';
      OUTPUT_LOAD='(1.0,-1.0)';
      BIDIRECTIONAL='TRUE';
    'DQC'<1>:
      PIN_NUMBER='(13)';
      INPUT_LOAD='(-0.01,0.01)';
      OUTPUT_LOAD='(1.0,-1.0)';
      BIDIRECTIONAL='TRUE';
    'DQC'<2>:
      PIN_NUMBER='(12)';
      INPUT_LOAD='(-0.01,0.01)';
      OUTPUT_LOAD='(1.0,-1.0)';
      BIDIRECTIONAL='TRUE';
    'DQC'<3>:
      PIN_NUMBER='(9)';
      INPUT_LOAD='(-0.01,0.01)';
      OUTPUT_LOAD='(1.0,-1.0)';
      BIDIRECTIONAL='TRUE';
    'DQC'<4>:
      PIN_NUMBER='(8)';
      INPUT_LOAD='(-0.01,0.01)';
      OUTPUT_LOAD='(1.0,-1.0)';
      BIDIRECTIONAL='TRUE';
    'DQC'<5>:
      PIN_NUMBER='(7)';
      INPUT_LOAD='(-0.01,0.01)';
      OUTPUT_LOAD='(1.0,-1.0)';
      BIDIRECTIONAL='TRUE';
    'DQC'<6>:
      PIN_NUMBER='(6)';
      INPUT_LOAD='(-0.01,0.01)';
      OUTPUT_LOAD='(1.0,-1.0)';
      BIDIRECTIONAL='TRUE';
    'DQC'<7>:
      PIN_NUMBER='(3)';
      INPUT_LOAD='(-0.01,0.01)';
      OUTPUT_LOAD='(1.0,-1.0)';
      BIDIRECTIONAL='TRUE';
    'DQC'<8>:
      PIN_NUMBER='(2)';
      INPUT_LOAD='(-0.01,0.01)';
      OUTPUT_LOAD='(1.0,-1.0)';
      BIDIRECTIONAL='TRUE';
    'DQC'<9>:
      PIN_NUMBER='(1)';
      INPUT_LOAD='(-0.01,0.01)';
      OUTPUT_LOAD='(1.0,-1.0)';
      BIDIRECTIONAL='TRUE';
    'DQD'<1>:
      PIN_NUMBER='(18)';
      INPUT_LOAD='(-0.01,0.01)';
      OUTPUT_LOAD='(1.0,-1.0)';
      BIDIRECTIONAL='TRUE';
    'DQD'<2>:
      PIN_NUMBER='(19)';
      INPUT_LOAD='(-0.01,0.01)';
      OUTPUT_LOAD='(1.0,-1.0)';
      BIDIRECTIONAL='TRUE';
    'DQD'<3>:
      PIN_NUMBER='(22)';
      INPUT_LOAD='(-0.01,0.01)';
      OUTPUT_LOAD='(1.0,-1.0)';
      BIDIRECTIONAL='TRUE';
    'DQD'<4>:
      PIN_NUMBER='(23)';
      INPUT_LOAD='(-0.01,0.01)';
      OUTPUT_LOAD='(1.0,-1.0)';
      BIDIRECTIONAL='TRUE';
    'DQD'<5>:
      PIN_NUMBER='(24)';
      INPUT_LOAD='(-0.01,0.01)';
      OUTPUT_LOAD='(1.0,-1.0)';
      BIDIRECTIONAL='TRUE';
    'DQD'<6>:
      PIN_NUMBER='(25)';
      INPUT_LOAD='(-0.01,0.01)';
      OUTPUT_LOAD='(1.0,-1.0)';
      BIDIRECTIONAL='TRUE';
    'DQD'<7>:
      PIN_NUMBER='(28)';
      INPUT_LOAD='(-0.01,0.01)';
      OUTPUT_LOAD='(1.0,-1.0)';
      BIDIRECTIONAL='TRUE';
    'DQD'<8>:
      PIN_NUMBER='(29)';
      INPUT_LOAD='(-0.01,0.01)';
      OUTPUT_LOAD='(1.0,-1.0)';
      BIDIRECTIONAL='TRUE';
    'DQD'<9>:
      PIN_NUMBER='(30)';
      INPUT_LOAD='(-0.01,0.01)';
      OUTPUT_LOAD='(1.0,-1.0)';
      BIDIRECTIONAL='TRUE';
    'ZZ':
      PIN_NUMBER='(64)';
      INPUT_LOAD='(-0.01,0.01)';
    '-FT':
      PIN_NUMBER='(14)';
      INPUT_LOAD='(-0.01,0.01)';
    '-LBO':
      PIN_NUMBER='(31)';
      INPUT_LOAD='(-0.01,0.01)';
    'TMS':
      PIN_NUMBER='(38)';
      INPUT_LOAD='(-0.01,0.01)';
    'TDI':
      PIN_NUMBER='(39)';
      INPUT_LOAD='(-0.01,0.01)';
    'TDO':
      PIN_NUMBER='(42)';
      INPUT_LOAD='(-0.01,0.01)';
    'TCK':
      PIN_NUMBER='(43)';
      INPUT_LOAD='(-0.01,0.01)';
  end_pin;
  body
    NC_PINS='(66,16)';
    POWER_PINS='(VCORE:15,41,91)';
    POWER_PINS='(VIO:4,20,27,54,70,77)';
    POWER_PINS='(GNDD:5,10,17,21,26,40,55,60,71,76,90)';
    CLASS='IC';
    PART_NAME='GS8161Z36T_133I';
    JEDEC_TYPE='f69';
    BODY_NAME='GS8161Z36T_133i';
    FAMILY='?';
  end_body;
end_primitive;
END.
