FILE_TYPE=LIBRARY_PARTS;
TIME=' Created/Modified on Mon Oct 13 16:57:32 2003' ;
primitive '597_77010202';
  pin
    '1':
      PIN_NUMBER='(1)';
      OUTPUT_LOAD='(1.0,-1.0)';
    '2':
      PIN_NUMBER='(2)';
      INPUT_LOAD='(-0.01,0.01)';
    '3':
      PIN_NUMBER='(3)';
      OUTPUT_LOAD='(1.0,-1.0)';
    '4':
      PIN_NUMBER='(4)';
      INPUT_LOAD='(-0.01,0.01)';
  end_pin;
  body
    CLASS='DISCRETE';
    PART_NAME='597_77010202';
    JEDEC_TYPE='f65';
    BODY_NAME='597_77010202';
    FAMILY='?';
  end_body;
end_primitive;
END.
