FILE_TYPE=LIBRARY_PARTS;
primitive 'FIN1048';
  pin
    'RIN1-':
      PIN_NUMBER='(1)';
      INPUT_LOAD='(-0.01,0.01)';
    'RIN1+':
      PIN_NUMBER='(2)';
      INPUT_LOAD='(-0.01,0.01)';
    'RIN2-':
      PIN_NUMBER='(4)';
      INPUT_LOAD='(-0.01,0.01)';
    'RIN2+':
      PIN_NUMBER='(3)';
      INPUT_LOAD='(-0.01,0.01)';
    'RIN3-':
      PIN_NUMBER='(5)';
      INPUT_LOAD='(-0.01,0.01)';
    'RIN3+':
      PIN_NUMBER='(6)';
      INPUT_LOAD='(-0.01,0.01)';
    'RIN4-':
      PIN_NUMBER='(8)';
      INPUT_LOAD='(-0.01,0.01)';
    'RIN4+':
      PIN_NUMBER='(7)';
      INPUT_LOAD='(-0.01,0.01)';
    'EN':
      PIN_NUMBER='(16)';
      INPUT_LOAD='(-0.01,0.01)';
    'EN_N':
      PIN_NUMBER='(9)';
      INPUT_LOAD='(-0.01,0.01)';
    'ROUT1':
      PIN_NUMBER='(15)';
      OUTPUT_LOAD='(1.0,-1.0)';
    'ROUT2':
      PIN_NUMBER='(14)';
      OUTPUT_LOAD='(1.0,-1.0)';
    'ROUT3':
      PIN_NUMBER='(11)';
      OUTPUT_LOAD='(1.0,-1.0)';
    'ROUT4':
      PIN_NUMBER='(10)';
      OUTPUT_LOAD='(1.0,-1.0)';
  end_pin;
  body
    PART_NAME='FIN1048';
    BODY_NAME='FIN1048';
    JEDEC_TYPE='soic16';
    PHYS_DES_PREFIX='U';
    CLASS='IC';
    GROUND_NETS='GND';
    POWER_PINS='(VCC:13)';
    POWER_PINS='(GND:12)';
  end_body;
end_primitive;

END.
