
	(Comment
		(Time 12/09/04,11:37:49)
		(User rifch)
		(MsgId ECO_021)
		(Text "Package AM29LV128_1 added to cell")
		(Param1 AM29LV128_1)
	)

	(Comment
		(Time 12/09/04,14:29:48)
		(User rifch)
		(MsgId ECO_081)
		(Text "Symbol sym_2 added to cell")
		(Param1 sym_2)
	)

	(Comment
		(Time 12/09/04,15:21:13)
		(User rifch)
		(MsgId ECO_022)
		(Text "Package AM29LV128_E deleted from cell")
		(Param1 AM29LV128_E)
	)
	(Comment
		(Time 12/09/04,15:21:21)
		(User rifch)
		(MsgId ECO_082)
		(Text "Symbol sym_2 deleted from cell")
		(Param1 sym_2)
	)
