FILE_TYPE=LIBRARY_PARTS;
TIME=' Created/Modified on Fri Jul 16 15:03:26 2004' ;
primitive 'LT1568IGN';
  pin
    'INVA':
      PIN_NUMBER='(2)';
      NO_LOAD_CHECK='BOTH';
      INPUT_LOAD='(-0.01,0.01)';
      NO_IO_CHECK='BOTH';
      ALLOW_CONNECT='TRUE';
    'SA':
      PIN_NUMBER='(3)';
      NO_LOAD_CHECK='BOTH';
      INPUT_LOAD='(-0.01,0.01)';
      NO_IO_CHECK='BOTH';
      ALLOW_CONNECT='TRUE';
    'OUTA':
      PIN_NUMBER='(4)';
      NO_LOAD_CHECK='BOTH';
      OUTPUT_LOAD='(1.0,-1.0)';
      NO_IO_CHECK='BOTH';
      ALLOW_CONNECT='TRUE';
    '-OUTA':
      PIN_NUMBER='(5)';
      NO_LOAD_CHECK='BOTH';
      OUTPUT_LOAD='(1.0,-1.0)';
      NO_IO_CHECK='BOTH';
      ALLOW_CONNECT='TRUE';
    'N.C.':
      PIN_NUMBER='(7)';
      PINUSE='UNSPEC';
      NO_LOAD_CHECK='BOTH';
      NO_IO_CHECK='BOTH';
      ALLOW_CONNECT='TRUE';
    '-EN':
      PIN_NUMBER='(10)';
      NO_LOAD_CHECK='BOTH';
      INPUT_LOAD='(-0.01,0.01)';
      NO_IO_CHECK='BOTH';
      ALLOW_CONNECT='TRUE';
    '-OUTB':
      PIN_NUMBER='(12)';
      NO_LOAD_CHECK='BOTH';
      OUTPUT_LOAD='(1.0,-1.0)';
      NO_IO_CHECK='BOTH';
      ALLOW_CONNECT='TRUE';
    'OUTB':
      PIN_NUMBER='(13)';
      NO_LOAD_CHECK='BOTH';
      OUTPUT_LOAD='(1.0,-1.0)';
      NO_IO_CHECK='BOTH';
      ALLOW_CONNECT='TRUE';
    'SB':
      PIN_NUMBER='(14)';
      NO_LOAD_CHECK='BOTH';
      INPUT_LOAD='(-0.01,0.01)';
      NO_IO_CHECK='BOTH';
      ALLOW_CONNECT='TRUE';
    'INVB':
      PIN_NUMBER='(15)';
      NO_LOAD_CHECK='BOTH';
      INPUT_LOAD='(-0.01,0.01)';
      NO_IO_CHECK='BOTH';
      ALLOW_CONNECT='TRUE';
    'V1+':
      PIN_NUMBER='(1)';
      PINUSE='POWER';
    'GNDA':
      PIN_NUMBER='(6)';
      PINUSE='GROUND';
    'V2-':
      PIN_NUMBER='(9)';
      PINUSE='POWER';
    'V1-':
      PIN_NUMBER='(8)';
      PINUSE='POWER';
    'GNDB':
      PIN_NUMBER='(11)';
      PINUSE='GROUND';
    'V2+':
      PIN_NUMBER='(16)';
      PINUSE='POWER';
  end_pin;
  body
    CLASS='IC';
    PART_NAME='LT1568IGN';
    PHYS_DES_PREFIX='D';
    JEDEC_TYPE='F280';
    BODY_NAME='LT1568IGN';
    FAMILY='?';
  end_body;
end_primitive;
END.
