FILE_TYPE=LIBRARY_PARTS;
TIME=' Created/Modified on Wed Apr 28 18:25:23 2004' ;
primitive 'MAX3384EEAP';
  pin
    'C1+':
      PIN_NUMBER='(2)';
      INPUT_LOAD='(-0.01,0.01)';
    'C1-':
      PIN_NUMBER='(4)';
      INPUT_LOAD='(-0.01,0.01)';
    'C2+':
      PIN_NUMBER='(5)';
      INPUT_LOAD='(-0.01,0.01)';
    'C2-':
      PIN_NUMBER='(6)';
      INPUT_LOAD='(-0.01,0.01)';
    'T1IN':
      PIN_NUMBER='(14)';
      INPUT_LOAD='(-0.01,0.01)';
    'T2IN':
      PIN_NUMBER='(13)';
      INPUT_LOAD='(-0.01,0.01)';
    'R1IN':
      PIN_NUMBER='(16)';
      INPUT_LOAD='(-0.01,0.01)';
    'R2IN':
      PIN_NUMBER='(9)';
      INPUT_LOAD='(-0.01,0.01)';
    '-SHDN':
      PIN_NUMBER='(20)';
      INPUT_LOAD='(-0.01,0.01)';
    'V+':
      PIN_NUMBER='(3)';
      OUTPUT_LOAD='(1.0,-1.0)';
    'V-':
      PIN_NUMBER='(7)';
      OUTPUT_LOAD='(1.0,-1.0)';
    'T1OUT':
      PIN_NUMBER='(17)';
      OUTPUT_LOAD='(1.0,-1.0)';
    'T2OUT':
      PIN_NUMBER='(8)';
      OUTPUT_LOAD='(1.0,-1.0)';
    'R1OUT':
      PIN_NUMBER='(15)';
      OUTPUT_LOAD='(1.0,-1.0)';
    'R2OUT':
      PIN_NUMBER='(12)';
      OUTPUT_LOAD='(1.0,-1.0)';
  end_pin;
  body
    NC_PINS='(1,10,11)';
    POWER_PINS='(VCC:19)';
    POWER_PINS='(GND:18)';
    CLASS='IC';
    PART_NAME='MAX3384EEAP';
    JEDEC_TYPE='F64';
    BODY_NAME='MAX3384EEAP';
    FAMILY='transceiver';
  end_body;
end_primitive;
END.
