FILE_TYPE=LIBRARY_PARTS;
primitive 'B560';
  pin
    'ANOD':
      PIN_NUMBER='(1)';
      PIN_TYPE='ANALOG';
      NO_LOAD_CHECK='Both';
      NO_IO_CHECK='Both';
      NO_ASSERT_CHECK='TRUE';
      NO_DIR_CHECK='TRUE';
      ALLOW_CONNECT='TRUE';
    'KATOD':
      PIN_NUMBER='(2)';
      PIN_TYPE='ANALOG';
      NO_LOAD_CHECK='Both';
      NO_IO_CHECK='Both';
      NO_ASSERT_CHECK='TRUE';
      NO_DIR_CHECK='TRUE';
      ALLOW_CONNECT='TRUE';
  end_pin;
  body
    PART_NAME='B560';
    BODY_NAME='B560';
    JEDEC_TYPE='b560';
    PHYS_DES_PREFIX='FP';
    CLASS='IC';
  end_body;
end_primitive;

END.
