FILE_TYPE=LIBRARY_PARTS;
TIME=' Created/Modified on Wed Dec 22 11:56:28 2004' ;
primitive 'VT_PNP';
  pin
    'B':
      PIN_NUMBER='(1)';
      PIN_TYPE='ANALOG';
      NO_LOAD_CHECK='BOTH';
      NO_IO_CHECK='BOTH';
      ALLOW_CONNECT='TRUE';
    'C':
      PIN_NUMBER='(3)';
      PIN_TYPE='ANALOG';
      NO_LOAD_CHECK='BOTH';
      NO_IO_CHECK='BOTH';
      ALLOW_CONNECT='TRUE';
    'E':
      PIN_NUMBER='(2)';
      PIN_TYPE='ANALOG';
      NO_LOAD_CHECK='BOTH';
      NO_IO_CHECK='BOTH';
      ALLOW_CONNECT='TRUE';
  end_pin;
  body
    CLASS='DISCRETE';
    PART_NAME='VT_PNP';
    PHYS_DES_PREFIX='Q';
    JEDEC_TYPE='F138';
    BODY_NAME='VT_PNP';
  end_body;
end_primitive;
END.
