FILE_TYPE=LIBRARY_PARTS;
TIME=' Created/Modified on Tue Sep 14 12:04:07 2004' ;
primitive 'MC74VHC1GT125';
  pin
    'IN':
      PIN_NUMBER='(2)';
      INPUT_LOAD='(-0.01,0.01)';
    'OUT':
      PIN_NUMBER='(4)';
      INPUT_LOAD='(-0.01,0.01)';
      OUTPUT_LOAD='(1.0,-1.0)';
      OUTPUT_TYPE='(TS,TS)';
    '-OE':
      PIN_NUMBER='(1)';
      INPUT_LOAD='(-0.01,0.01)';
  end_pin;
  body
    POWER_PINS='(P3V3:5)';
    POWER_PINS='(GNDD:3)';
    CLASS='IC';
    PART_NAME='MC74VHC1GT125';
    PHYS_DES_PREFIX='DD';
    JEDEC_TYPE='SC70-5';
    BODY_NAME='MC74VHC1GT125';
  end_body;
end_primitive;
END.
