FILE_TYPE=LIBRARY_PARTS;
TIME=' Created/Modified on Fri Aug 06 10:31:00 2004' ;
primitive 'SMM_125_02';
  pin
    'A'<1>:
      PIN_NUMBER='(1)';
      INPUT_LOAD='(-0.01,0.01)';
      OUTPUT_LOAD='(1.0,-1.0)';
      BIDIRECTIONAL='TRUE';
    'A'<2>:
      PIN_NUMBER='(3)';
      INPUT_LOAD='(-0.01,0.01)';
      OUTPUT_LOAD='(1.0,-1.0)';
      BIDIRECTIONAL='TRUE';
    'A'<3>:
      PIN_NUMBER='(5)';
      INPUT_LOAD='(-0.01,0.01)';
      OUTPUT_LOAD='(1.0,-1.0)';
      BIDIRECTIONAL='TRUE';
    'A'<4>:
      PIN_NUMBER='(7)';
      INPUT_LOAD='(-0.01,0.01)';
      OUTPUT_LOAD='(1.0,-1.0)';
      BIDIRECTIONAL='TRUE';
    'A'<5>:
      PIN_NUMBER='(9)';
      INPUT_LOAD='(-0.01,0.01)';
      OUTPUT_LOAD='(1.0,-1.0)';
      BIDIRECTIONAL='TRUE';
    'A'<6>:
      PIN_NUMBER='(11)';
      INPUT_LOAD='(-0.01,0.01)';
      OUTPUT_LOAD='(1.0,-1.0)';
      BIDIRECTIONAL='TRUE';
    'A'<7>:
      PIN_NUMBER='(13)';
      INPUT_LOAD='(-0.01,0.01)';
      OUTPUT_LOAD='(1.0,-1.0)';
      BIDIRECTIONAL='TRUE';
    'A'<8>:
      PIN_NUMBER='(15)';
      INPUT_LOAD='(-0.01,0.01)';
      OUTPUT_LOAD='(1.0,-1.0)';
      BIDIRECTIONAL='TRUE';
    'A'<9>:
      PIN_NUMBER='(17)';
      INPUT_LOAD='(-0.01,0.01)';
      OUTPUT_LOAD='(1.0,-1.0)';
      BIDIRECTIONAL='TRUE';
    'A'<10>:
      PIN_NUMBER='(19)';
      INPUT_LOAD='(-0.01,0.01)';
      OUTPUT_LOAD='(1.0,-1.0)';
      BIDIRECTIONAL='TRUE';
    'A'<11>:
      PIN_NUMBER='(21)';
      INPUT_LOAD='(-0.01,0.01)';
      OUTPUT_LOAD='(1.0,-1.0)';
      BIDIRECTIONAL='TRUE';
    'A'<12>:
      PIN_NUMBER='(23)';
      INPUT_LOAD='(-0.01,0.01)';
      OUTPUT_LOAD='(1.0,-1.0)';
      BIDIRECTIONAL='TRUE';
    'A'<13>:
      PIN_NUMBER='(25)';
      INPUT_LOAD='(-0.01,0.01)';
      OUTPUT_LOAD='(1.0,-1.0)';
      BIDIRECTIONAL='TRUE';
    'A'<14>:
      PIN_NUMBER='(27)';
      INPUT_LOAD='(-0.01,0.01)';
      OUTPUT_LOAD='(1.0,-1.0)';
      BIDIRECTIONAL='TRUE';
    'A'<15>:
      PIN_NUMBER='(29)';
      INPUT_LOAD='(-0.01,0.01)';
      OUTPUT_LOAD='(1.0,-1.0)';
      BIDIRECTIONAL='TRUE';
    'A'<16>:
      PIN_NUMBER='(31)';
      INPUT_LOAD='(-0.01,0.01)';
      OUTPUT_LOAD='(1.0,-1.0)';
      BIDIRECTIONAL='TRUE';
    'A'<17>:
      PIN_NUMBER='(33)';
      INPUT_LOAD='(-0.01,0.01)';
      OUTPUT_LOAD='(1.0,-1.0)';
      BIDIRECTIONAL='TRUE';
    'A'<18>:
      PIN_NUMBER='(35)';
      INPUT_LOAD='(-0.01,0.01)';
      OUTPUT_LOAD='(1.0,-1.0)';
      BIDIRECTIONAL='TRUE';
    'A'<19>:
      PIN_NUMBER='(37)';
      INPUT_LOAD='(-0.01,0.01)';
      OUTPUT_LOAD='(1.0,-1.0)';
      BIDIRECTIONAL='TRUE';
    'A'<20>:
      PIN_NUMBER='(39)';
      INPUT_LOAD='(-0.01,0.01)';
      OUTPUT_LOAD='(1.0,-1.0)';
      BIDIRECTIONAL='TRUE';
    'A'<21>:
      PIN_NUMBER='(41)';
      INPUT_LOAD='(-0.01,0.01)';
      OUTPUT_LOAD='(1.0,-1.0)';
      BIDIRECTIONAL='TRUE';
    'A'<22>:
      PIN_NUMBER='(43)';
      INPUT_LOAD='(-0.01,0.01)';
      OUTPUT_LOAD='(1.0,-1.0)';
      BIDIRECTIONAL='TRUE';
    'A'<23>:
      PIN_NUMBER='(45)';
      INPUT_LOAD='(-0.01,0.01)';
      OUTPUT_LOAD='(1.0,-1.0)';
      BIDIRECTIONAL='TRUE';
    'A'<24>:
      PIN_NUMBER='(47)';
      INPUT_LOAD='(-0.01,0.01)';
      OUTPUT_LOAD='(1.0,-1.0)';
      BIDIRECTIONAL='TRUE';
    'A'<25>:
      PIN_NUMBER='(49)';
      INPUT_LOAD='(-0.01,0.01)';
      OUTPUT_LOAD='(1.0,-1.0)';
      BIDIRECTIONAL='TRUE';
    'B'<1>:
      PIN_NUMBER='(2)';
      INPUT_LOAD='(-0.01,0.01)';
      OUTPUT_LOAD='(1.0,-1.0)';
      BIDIRECTIONAL='TRUE';
    'B'<2>:
      PIN_NUMBER='(4)';
      INPUT_LOAD='(-0.01,0.01)';
      OUTPUT_LOAD='(1.0,-1.0)';
      BIDIRECTIONAL='TRUE';
    'B'<3>:
      PIN_NUMBER='(6)';
      INPUT_LOAD='(-0.01,0.01)';
      OUTPUT_LOAD='(1.0,-1.0)';
      BIDIRECTIONAL='TRUE';
    'B'<4>:
      PIN_NUMBER='(8)';
      INPUT_LOAD='(-0.01,0.01)';
      OUTPUT_LOAD='(1.0,-1.0)';
      BIDIRECTIONAL='TRUE';
    'B'<5>:
      PIN_NUMBER='(10)';
      INPUT_LOAD='(-0.01,0.01)';
      OUTPUT_LOAD='(1.0,-1.0)';
      BIDIRECTIONAL='TRUE';
    'B'<6>:
      PIN_NUMBER='(12)';
      INPUT_LOAD='(-0.01,0.01)';
      OUTPUT_LOAD='(1.0,-1.0)';
      BIDIRECTIONAL='TRUE';
    'B'<7>:
      PIN_NUMBER='(14)';
      INPUT_LOAD='(-0.01,0.01)';
      OUTPUT_LOAD='(1.0,-1.0)';
      BIDIRECTIONAL='TRUE';
    'B'<8>:
      PIN_NUMBER='(16)';
      INPUT_LOAD='(-0.01,0.01)';
      OUTPUT_LOAD='(1.0,-1.0)';
      BIDIRECTIONAL='TRUE';
    'B'<9>:
      PIN_NUMBER='(18)';
      INPUT_LOAD='(-0.01,0.01)';
      OUTPUT_LOAD='(1.0,-1.0)';
      BIDIRECTIONAL='TRUE';
    'B'<10>:
      PIN_NUMBER='(20)';
      INPUT_LOAD='(-0.01,0.01)';
      OUTPUT_LOAD='(1.0,-1.0)';
      BIDIRECTIONAL='TRUE';
    'B'<11>:
      PIN_NUMBER='(22)';
      INPUT_LOAD='(-0.01,0.01)';
      OUTPUT_LOAD='(1.0,-1.0)';
      BIDIRECTIONAL='TRUE';
    'B'<12>:
      PIN_NUMBER='(24)';
      INPUT_LOAD='(-0.01,0.01)';
      OUTPUT_LOAD='(1.0,-1.0)';
      BIDIRECTIONAL='TRUE';
    'B'<13>:
      PIN_NUMBER='(26)';
      INPUT_LOAD='(-0.01,0.01)';
      OUTPUT_LOAD='(1.0,-1.0)';
      BIDIRECTIONAL='TRUE';
    'B'<14>:
      PIN_NUMBER='(28)';
      INPUT_LOAD='(-0.01,0.01)';
      OUTPUT_LOAD='(1.0,-1.0)';
      BIDIRECTIONAL='TRUE';
    'B'<15>:
      PIN_NUMBER='(30)';
      INPUT_LOAD='(-0.01,0.01)';
      OUTPUT_LOAD='(1.0,-1.0)';
      BIDIRECTIONAL='TRUE';
    'B'<16>:
      PIN_NUMBER='(32)';
      INPUT_LOAD='(-0.01,0.01)';
      OUTPUT_LOAD='(1.0,-1.0)';
      BIDIRECTIONAL='TRUE';
    'B'<17>:
      PIN_NUMBER='(34)';
      INPUT_LOAD='(-0.01,0.01)';
      OUTPUT_LOAD='(1.0,-1.0)';
      BIDIRECTIONAL='TRUE';
    'B'<18>:
      PIN_NUMBER='(36)';
      INPUT_LOAD='(-0.01,0.01)';
      OUTPUT_LOAD='(1.0,-1.0)';
      BIDIRECTIONAL='TRUE';
    'B'<19>:
      PIN_NUMBER='(38)';
      INPUT_LOAD='(-0.01,0.01)';
      OUTPUT_LOAD='(1.0,-1.0)';
      BIDIRECTIONAL='TRUE';
    'B'<20>:
      PIN_NUMBER='(40)';
      INPUT_LOAD='(-0.01,0.01)';
      OUTPUT_LOAD='(1.0,-1.0)';
      BIDIRECTIONAL='TRUE';
    'B'<21>:
      PIN_NUMBER='(42)';
      INPUT_LOAD='(-0.01,0.01)';
      OUTPUT_LOAD='(1.0,-1.0)';
      BIDIRECTIONAL='TRUE';
    'B'<22>:
      PIN_NUMBER='(44)';
      INPUT_LOAD='(-0.01,0.01)';
      OUTPUT_LOAD='(1.0,-1.0)';
      BIDIRECTIONAL='TRUE';
    'B'<23>:
      PIN_NUMBER='(46)';
      INPUT_LOAD='(-0.01,0.01)';
      OUTPUT_LOAD='(1.0,-1.0)';
      BIDIRECTIONAL='TRUE';
    'B'<24>:
      PIN_NUMBER='(48)';
      INPUT_LOAD='(-0.01,0.01)';
      OUTPUT_LOAD='(1.0,-1.0)';
      BIDIRECTIONAL='TRUE';
    'B'<25>:
      PIN_NUMBER='(50)';
      INPUT_LOAD='(-0.01,0.01)';
      OUTPUT_LOAD='(1.0,-1.0)';
      BIDIRECTIONAL='TRUE';
  end_pin;
  body
    CLASS='DISCRETE';
    PART_NAME='SMM_125_02';
    JEDEC_TYPE='SMM';
    BODY_NAME='SMM_125_02';
    FAMILY='?';
  end_body;
end_primitive;
END.
