FILE_TYPE=LIBRARY_PARTS;
TIME=' Created/Modified on Fri Jun 04 16:32:47 2004' ;
primitive 'LP3852';
  pin
    'V_IN':
      PIN_NUMBER='(2)';
      INPUT_LOAD='(-0.01,0.01)';
    '-SD':
      PIN_NUMBER='(1)';
      INPUT_LOAD='(-0.01,0.01)';
    'V_OUT':
      PIN_NUMBER='(3)';
      OUTPUT_LOAD='(1.0,-1.0)';
    '-ERROR':
      PIN_NUMBER='(4)';
      INPUT_LOAD='(-0.01,0.01)';
    'GNDD':
      PIN_NUMBER='(5)';
      PIN_TYPE='ANALOG';
      NO_LOAD_CHECK='BOTH';
      NO_IO_CHECK='BOTH';
      ALLOW_CONNECT='TRUE';
  end_pin;
  body
    CLASS='IC';
    PART_NAME='LP3852';
    JEDEC_TYPE='SOT223_5';
    BODY_NAME='LP3852';
    FAMILY='?';
  end_body;
end_primitive;
END.
