FILE_TYPE=LIBRARY_PARTS;
TIME=' Created/Modified on Tue Jul 29 16:52:31 2003' ;
primitive 'AHA4540A_086PQC';
  pin
    'RESETN':
      PIN_NUMBER='(5)';
      INPUT_LOAD='(-0.01,0.01)';
    'TRISTATEN':
      PIN_NUMBER='(6)';
      INPUT_LOAD='(-0.01,0.01)';
    'EPCLK':
      PIN_NUMBER='(101)';
      INPUT_LOAD='(-0.01,0.01)';
    'DPCLK':
      PIN_NUMBER='(171)';
      INPUT_LOAD='(-0.01,0.01)';
    'MA'<0>:
      PIN_NUMBER='(21)';
      INPUT_LOAD='(-0.01,0.01)';
    'MA'<1>:
      PIN_NUMBER='(22)';
      INPUT_LOAD='(-0.01,0.01)';
    'MA'<2>:
      PIN_NUMBER='(25)';
      INPUT_LOAD='(-0.01,0.01)';
    'MA'<3>:
      PIN_NUMBER='(26)';
      INPUT_LOAD='(-0.01,0.01)';
    'MA'<4>:
      PIN_NUMBER='(27)';
      INPUT_LOAD='(-0.01,0.01)';
    'MA'<5>:
      PIN_NUMBER='(28)';
      INPUT_LOAD='(-0.01,0.01)';
    'MA'<6>:
      PIN_NUMBER='(29)';
      INPUT_LOAD='(-0.01,0.01)';
    'TESTI'<0>:
      PIN_NUMBER='(7)';
      INPUT_LOAD='(-0.01,0.01)';
    'TESTI'<1>:
      PIN_NUMBER='(8)';
      INPUT_LOAD='(-0.01,0.01)';
    'TESTI'<2>:
      PIN_NUMBER='(9)';
      INPUT_LOAD='(-0.01,0.01)';
    'TESTI'<3>:
      PIN_NUMBER='(12)';
      INPUT_LOAD='(-0.01,0.01)';
    'TESTI'<4>:
      PIN_NUMBER='(13)';
      INPUT_LOAD='(-0.01,0.01)';
    'TESTI'<5>:
      PIN_NUMBER='(14)';
      INPUT_LOAD='(-0.01,0.01)';
    'TESTI'<6>:
      PIN_NUMBER='(176)';
      INPUT_LOAD='(-0.01,0.01)';
    'MCSN':
      PIN_NUMBER='(34)';
      INPUT_LOAD='(-0.01,0.01)';
    'MWRN_RWN':
      PIN_NUMBER='(32)';
      INPUT_LOAD='(-0.01,0.01)';
    'MRDN_DSN':
      PIN_NUMBER='(33)';
      INPUT_LOAD='(-0.01,0.01)';
    'MALE':
      PIN_NUMBER='(35)';
      INPUT_LOAD='(-0.01,0.01)';
    'PROCMODE':
      PIN_NUMBER='(16)';
      INPUT_LOAD='(-0.01,0.01)';
    'MUXMODE':
      PIN_NUMBER='(15)';
      INPUT_LOAD='(-0.01,0.01)';
    'UCLK':
      PIN_NUMBER='(81)';
      INPUT_LOAD='(-0.01,0.01)';
    'UDATA'<0>:
      PIN_NUMBER='(83)';
      INPUT_LOAD='(-0.01,0.01)';
    'UDATA'<1>:
      PIN_NUMBER='(84)';
      INPUT_LOAD='(-0.01,0.01)';
    'UDATA'<2>:
      PIN_NUMBER='(85)';
      INPUT_LOAD='(-0.01,0.01)';
    'UDATA'<3>:
      PIN_NUMBER='(88)';
      INPUT_LOAD='(-0.01,0.01)';
    'UDATA'<4>:
      PIN_NUMBER='(89)';
      INPUT_LOAD='(-0.01,0.01)';
    'UDATA'<5>:
      PIN_NUMBER='(90)';
      INPUT_LOAD='(-0.01,0.01)';
    'UDATA'<6>:
      PIN_NUMBER='(91)';
      INPUT_LOAD='(-0.01,0.01)';
    'UDATA'<7>:
      PIN_NUMBER='(94)';
      INPUT_LOAD='(-0.01,0.01)';
    'URDY':
      PIN_NUMBER='(82)';
      INPUT_LOAD='(-0.01,0.01)';
    'ECLK':
      PIN_NUMBER='(96)';
      INPUT_LOAD='(-0.01,0.01)';
    'EACPT':
      PIN_NUMBER='(95)';
      INPUT_LOAD='(-0.01,0.01)';
    'CCLK':
      PIN_NUMBER='(133)';
      INPUT_LOAD='(-0.01,0.01)';
    'CDATA'<0>:
      PIN_NUMBER='(134)';
      INPUT_LOAD='(-0.01,0.01)';
    'CDATA'<1>:
      PIN_NUMBER='(135)';
      INPUT_LOAD='(-0.01,0.01)';
    'CDATA'<2>:
      PIN_NUMBER='(136)';
      INPUT_LOAD='(-0.01,0.01)';
    'CDATA'<3>:
      PIN_NUMBER='(139)';
      INPUT_LOAD='(-0.01,0.01)';
    'CDATA'<4>:
      PIN_NUMBER='(140)';
      INPUT_LOAD='(-0.01,0.01)';
    'CDATA'<5>:
      PIN_NUMBER='(141)';
      INPUT_LOAD='(-0.01,0.01)';
    'CDATA'<6>:
      PIN_NUMBER='(144)';
      INPUT_LOAD='(-0.01,0.01)';
    'CDATA'<7>:
      PIN_NUMBER='(145)';
      INPUT_LOAD='(-0.01,0.01)';
    'CDATA'<8>:
      PIN_NUMBER='(148)';
      INPUT_LOAD='(-0.01,0.01)';
    'CDATA'<9>:
      PIN_NUMBER='(149)';
      INPUT_LOAD='(-0.01,0.01)';
    'CDATA'<10>:
      PIN_NUMBER='(155)';
      INPUT_LOAD='(-0.01,0.01)';
    'CDATA'<11>:
      PIN_NUMBER='(156)';
      INPUT_LOAD='(-0.01,0.01)';
    'CDATA'<12>:
      PIN_NUMBER='(157)';
      INPUT_LOAD='(-0.01,0.01)';
    'CDATA'<13>:
      PIN_NUMBER='(158)';
      INPUT_LOAD='(-0.01,0.01)';
    'CDATA'<14>:
      PIN_NUMBER='(161)';
      INPUT_LOAD='(-0.01,0.01)';
    'CDATA'<15>:
      PIN_NUMBER='(162)';
      INPUT_LOAD='(-0.01,0.01)';
    'CRDY':
      PIN_NUMBER='(163)';
      INPUT_LOAD='(-0.01,0.01)';
    'CLSB':
      PIN_NUMBER='(150)';
      INPUT_LOAD='(-0.01,0.01)';
    'CSTART':
      PIN_NUMBER='(164)';
      INPUT_LOAD='(-0.01,0.01)';
    'DCLK':
      PIN_NUMBER='(168)';
      INPUT_LOAD='(-0.01,0.01)';
    'DACPT':
      PIN_NUMBER='(165)';
      INPUT_LOAD='(-0.01,0.01)';
    'GOUT'<0>:
      PIN_NUMBER='(58)';
      OUTPUT_LOAD='(1.0,-1.0)';
    'GOUT'<1>:
      PIN_NUMBER='(59)';
      OUTPUT_LOAD='(1.0,-1.0)';
    'MRDY_DTACKN':
      PIN_NUMBER='(56)';
      OUTPUT_LOAD='(1.0,-1.0)';
    'MINTN':
      PIN_NUMBER='(57)';
      OUTPUT_LOAD='(1.0,-1.0)';
    'UACPT':
      PIN_NUMBER='(64)';
      OUTPUT_LOAD='(1.0,-1.0)';
    'EDATA'<0>:
      PIN_NUMBER='(109)';
      OUTPUT_LOAD='(1.0,-1.0)';
    'EDATA'<1>:
      PIN_NUMBER='(110)';
      OUTPUT_LOAD='(1.0,-1.0)';
    'EDATA'<2>:
      PIN_NUMBER='(115)';
      OUTPUT_LOAD='(1.0,-1.0)';
    'EDATA'<3>:
      PIN_NUMBER='(116)';
      OUTPUT_LOAD='(1.0,-1.0)';
    'EDATA'<4>:
      PIN_NUMBER='(117)';
      OUTPUT_LOAD='(1.0,-1.0)';
    'EDATA'<5>:
      PIN_NUMBER='(120)';
      OUTPUT_LOAD='(1.0,-1.0)';
    'EDATA'<6>:
      PIN_NUMBER='(121)';
      OUTPUT_LOAD='(1.0,-1.0)';
    'EDATA'<7>:
      PIN_NUMBER='(122)';
      OUTPUT_LOAD='(1.0,-1.0)';
    'ERDY':
      PIN_NUMBER='(104)';
      OUTPUT_LOAD='(1.0,-1.0)';
    'ESTART':
      PIN_NUMBER='(107)';
      OUTPUT_LOAD='(1.0,-1.0)';
    'EEND':
      PIN_NUMBER='(108)';
      OUTPUT_LOAD='(1.0,-1.0)';
    'CACPT':
      PIN_NUMBER='(128)';
      OUTPUT_LOAD='(1.0,-1.0)';
    'ROTATE':
      PIN_NUMBER='(127)';
      OUTPUT_LOAD='(1.0,-1.0)';
    'DDATA'<0>:
      PIN_NUMBER='(194)';
      OUTPUT_LOAD='(1.0,-1.0)';
    'DDATA'<1>:
      PIN_NUMBER='(195)';
      OUTPUT_LOAD='(1.0,-1.0)';
    'DDATA'<2>:
      PIN_NUMBER='(200)';
      OUTPUT_LOAD='(1.0,-1.0)';
    'DDATA'<3>:
      PIN_NUMBER='(201)';
      OUTPUT_LOAD='(1.0,-1.0)';
    'DDATA'<4>:
      PIN_NUMBER='(202)';
      OUTPUT_LOAD='(1.0,-1.0)';
    'DDATA'<5>:
      PIN_NUMBER='(205)';
      OUTPUT_LOAD='(1.0,-1.0)';
    'DDATA'<6>:
      PIN_NUMBER='(206)';
      OUTPUT_LOAD='(1.0,-1.0)';
    'DDATA'<7>:
      PIN_NUMBER='(207)';
      OUTPUT_LOAD='(1.0,-1.0)';
    'DRDY':
      PIN_NUMBER='(188)';
      OUTPUT_LOAD='(1.0,-1.0)';
    'DSTART':
      PIN_NUMBER='(189)';
      OUTPUT_LOAD='(1.0,-1.0)';
    'DEND':
      PIN_NUMBER='(190)';
      OUTPUT_LOAD='(1.0,-1.0)';
    'DERR':
      PIN_NUMBER='(191)';
      OUTPUT_LOAD='(1.0,-1.0)';
    'DCLKADJ'<0>:
      PIN_NUMBER='(181)';
      OUTPUT_LOAD='(1.0,-1.0)';
    'DCLKADJ'<1>:
      PIN_NUMBER='(182)';
      OUTPUT_LOAD='(1.0,-1.0)';
    'DCLKADJ'<2>:
      PIN_NUMBER='(183)';
      OUTPUT_LOAD='(1.0,-1.0)';
    'MDATA'<0>:
      PIN_NUMBER='(40)';
      INPUT_LOAD='(-0.01,0.01)';
      OUTPUT_LOAD='(1.0,-1.0)';
      BIDIRECTIONAL='TRUE';
    'MDATA'<1>:
      PIN_NUMBER='(41)';
      INPUT_LOAD='(-0.01,0.01)';
      OUTPUT_LOAD='(1.0,-1.0)';
      BIDIRECTIONAL='TRUE';
    'MDATA'<2>:
      PIN_NUMBER='(42)';
      INPUT_LOAD='(-0.01,0.01)';
      OUTPUT_LOAD='(1.0,-1.0)';
      BIDIRECTIONAL='TRUE';
    'MDATA'<3>:
      PIN_NUMBER='(45)';
      INPUT_LOAD='(-0.01,0.01)';
      OUTPUT_LOAD='(1.0,-1.0)';
      BIDIRECTIONAL='TRUE';
    'MDATA'<4>:
      PIN_NUMBER='(46)';
      INPUT_LOAD='(-0.01,0.01)';
      OUTPUT_LOAD='(1.0,-1.0)';
      BIDIRECTIONAL='TRUE';
    'MDATA'<5>:
      PIN_NUMBER='(47)';
      INPUT_LOAD='(-0.01,0.01)';
      OUTPUT_LOAD='(1.0,-1.0)';
      BIDIRECTIONAL='TRUE';
    'MDATA'<6>:
      PIN_NUMBER='(52)';
      INPUT_LOAD='(-0.01,0.01)';
      OUTPUT_LOAD='(1.0,-1.0)';
      BIDIRECTIONAL='TRUE';
    'MDATA'<7>:
      PIN_NUMBER='(53)';
      INPUT_LOAD='(-0.01,0.01)';
      OUTPUT_LOAD='(1.0,-1.0)';
      BIDIRECTIONAL='TRUE';
    'UCLKADJ'<0>:
      PIN_NUMBER='(67)';
      OUTPUT_LOAD='(1.0,-1.0)';
    'UCLKADJ'<1>:
      PIN_NUMBER='(68)';
      OUTPUT_LOAD='(1.0,-1.0)';
    'UCLKADJ'<2>:
      PIN_NUMBER='(71)';
      OUTPUT_LOAD='(1.0,-1.0)';
    'TESTO'<0>:
      PIN_NUMBER='(72)';
      OUTPUT_LOAD='(1.0,-1.0)';
    'TESTO'<1>:
      PIN_NUMBER='(75)';
      OUTPUT_LOAD='(1.0,-1.0)';
    'TESTO'<2>:
      PIN_NUMBER='(76)';
      OUTPUT_LOAD='(1.0,-1.0)';
  end_pin;
  body
    POWER_PINS='(GNDDIO:1,19,38,50,62,65,77,97,102,113,123,129,151,169,177,184,196,203)';
    POWER_PINS='(P3V3:2,20,39,51,63,66,78,98,103,114,124,130,152,170,178,185,197)';
    POWER_PINS='(GNDD:3,10,17,23,30,36,43,48,54,60,69,73,79,86,92,99,105,111,118,125,131,137,
142,146,153,159,166,172,174,179,186,192,198,208)';
    POWER_PINS='(P1V8:4,11,18,24,31,37,44,49,55,61,70,74,80,87,93,100,106,112,119,126,132,138,
143,147,154,160,167,173,175,180,187,193,199,204,)';
    CLASS='IC';
    PART_NAME='AHA4540A_086PQC';
    JEDEC_TYPE='f42';
    BODY_NAME='AHA4540A_086PQC';
    FAMILY='?';
  end_body;
end_primitive;
END.
