	(Comment
		(Time 05/23/17,17:51:01)
		(User Lmx2315)
		(MsgId ECO_081)
		(Text "Symbol sym_1 added to cell")
		(Param1 "sym_1")
	)
	(Comment
		(Time 05/23/17,17:55:01)
		(User Lmx2315)
		(MsgId ECO_021)
		(Text "Package FX11LA120P added to cell")
		(Param1 "FX11LA120P")
	)
	(Comment
		(Time 05/23/17,17:58:03)
		(User Lmx2315)
		(MsgId ECO_081)
		(Text "Symbol sym_2 added to cell")
		(Param1 "sym_2")
	)
	(Comment
		(Time 05/23/17,18:00:48)
		(User Lmx2315)
		(MsgId ECO_081)
		(Text "Symbol sym_3 added to cell")
		(Param1 "sym_3")
	)
	(Comment
		(Time 05/23/17,18:02:47)
		(User Lmx2315)
		(MsgId ECO_081)
		(Text "Symbol sym_4 added to cell")
		(Param1 "sym_4")
	)
