FILE_TYPE=LIBRARY_PARTS;
primitive 'DPU';
  pin
    'L1ID'<0>:
      PIN_NUMBER='(v23,0,0,0)';
      OUTPUT_TYPE='(TS,TS)';
      BIDIRECTIONAL='TRUE';
      INPUT_LOAD='(-0.01,0.01)';
      OUTPUT_LOAD='(1.0,-1.0)';
    'L1ID'<1>:
      PIN_NUMBER='(u23,0,0,0)';
      OUTPUT_TYPE='(TS,TS)';
      BIDIRECTIONAL='TRUE';
      INPUT_LOAD='(-0.01,0.01)';
      OUTPUT_LOAD='(1.0,-1.0)';
    'L1ID'<2>:
      PIN_NUMBER='(u24,0,0,0)';
      OUTPUT_TYPE='(TS,TS)';
      BIDIRECTIONAL='TRUE';
      INPUT_LOAD='(-0.01,0.01)';
      OUTPUT_LOAD='(1.0,-1.0)';
    'L1ID'<3>:
      PIN_NUMBER='(t22,0,0,0)';
      OUTPUT_TYPE='(TS,TS)';
      BIDIRECTIONAL='TRUE';
      INPUT_LOAD='(-0.01,0.01)';
      OUTPUT_LOAD='(1.0,-1.0)';
    'L1QD'<0>:
      PIN_NUMBER='(p24,0,0,0)';
      OUTPUT_TYPE='(TS,TS)';
      BIDIRECTIONAL='TRUE';
      INPUT_LOAD='(-0.01,0.01)';
      OUTPUT_LOAD='(1.0,-1.0)';
    'L1QD'<1>:
      PIN_NUMBER='(p22,0,0,0)';
      OUTPUT_TYPE='(TS,TS)';
      BIDIRECTIONAL='TRUE';
      INPUT_LOAD='(-0.01,0.01)';
      OUTPUT_LOAD='(1.0,-1.0)';
    'L1QD'<2>:
      PIN_NUMBER='(n22,0,0,0)';
      OUTPUT_TYPE='(TS,TS)';
      BIDIRECTIONAL='TRUE';
      INPUT_LOAD='(-0.01,0.01)';
      OUTPUT_LOAD='(1.0,-1.0)';
    'L1QD'<3>:
      PIN_NUMBER='(n24,0,0,0)';
      OUTPUT_TYPE='(TS,TS)';
      BIDIRECTIONAL='TRUE';
      INPUT_LOAD='(-0.01,0.01)';
      OUTPUT_LOAD='(1.0,-1.0)';
    'L2ID'<0>:
      PIN_NUMBER='(k22,0,0,0)';
      OUTPUT_TYPE='(TS,TS)';
      BIDIRECTIONAL='TRUE';
      INPUT_LOAD='(-0.01,0.01)';
      OUTPUT_LOAD='(1.0,-1.0)';
    'L2ID'<1>:
      PIN_NUMBER='(j24,0,0,0)';
      OUTPUT_TYPE='(TS,TS)';
      BIDIRECTIONAL='TRUE';
      INPUT_LOAD='(-0.01,0.01)';
      OUTPUT_LOAD='(1.0,-1.0)';
    'L2ID'<2>:
      PIN_NUMBER='(j23,0,0,0)';
      OUTPUT_TYPE='(TS,TS)';
      BIDIRECTIONAL='TRUE';
      INPUT_LOAD='(-0.01,0.01)';
      OUTPUT_LOAD='(1.0,-1.0)';
    'L2ID'<3>:
      PIN_NUMBER='(j22,0,0,0)';
      OUTPUT_TYPE='(TS,TS)';
      BIDIRECTIONAL='TRUE';
      INPUT_LOAD='(-0.01,0.01)';
      OUTPUT_LOAD='(1.0,-1.0)';
    'L2QD'<0>:
      PIN_NUMBER='(e24,0,0,0)';
      OUTPUT_TYPE='(TS,TS)';
      BIDIRECTIONAL='TRUE';
      INPUT_LOAD='(-0.01,0.01)';
      OUTPUT_LOAD='(1.0,-1.0)';
    'L2QD'<1>:
      PIN_NUMBER='(e23,0,0,0)';
      OUTPUT_TYPE='(TS,TS)';
      BIDIRECTIONAL='TRUE';
      INPUT_LOAD='(-0.01,0.01)';
      OUTPUT_LOAD='(1.0,-1.0)';
    'L2QD'<2>:
      PIN_NUMBER='(d24,0,0,0)';
      OUTPUT_TYPE='(TS,TS)';
      BIDIRECTIONAL='TRUE';
      INPUT_LOAD='(-0.01,0.01)';
      OUTPUT_LOAD='(1.0,-1.0)';
    'L2QD'<3>:
      PIN_NUMBER='(d23,0,0,0)';
      OUTPUT_TYPE='(TS,TS)';
      BIDIRECTIONAL='TRUE';
      INPUT_LOAD='(-0.01,0.01)';
      OUTPUT_LOAD='(1.0,-1.0)';
    'LP1CMD'<0>:
      PIN_NUMBER='(w23,0,0,0)';
      OUTPUT_TYPE='(TS,TS)';
      BIDIRECTIONAL='TRUE';
      INPUT_LOAD='(-0.01,0.01)';
      OUTPUT_LOAD='(1.0,-1.0)';
    'LP1CMD'<1>:
      PIN_NUMBER='(w24,0,0,0)';
      OUTPUT_TYPE='(TS,TS)';
      BIDIRECTIONAL='TRUE';
      INPUT_LOAD='(-0.01,0.01)';
      OUTPUT_LOAD='(1.0,-1.0)';
    'LP1CMD'<2>:
      PIN_NUMBER='(n23,0,0,0)';
      OUTPUT_TYPE='(TS,TS)';
      BIDIRECTIONAL='TRUE';
      INPUT_LOAD='(-0.01,0.01)';
      OUTPUT_LOAD='(1.0,-1.0)';
    'LP1CMD'<3>:
      PIN_NUMBER='(m23,0,0,0)';
      OUTPUT_TYPE='(TS,TS)';
      BIDIRECTIONAL='TRUE';
      INPUT_LOAD='(-0.01,0.01)';
      OUTPUT_LOAD='(1.0,-1.0)';
    'LP1DIR':
      PIN_NUMBER='(r24,0,0,0)';
      OUTPUT_LOAD='(1.0,-1.0)';
    '-LP1OE':
      PIN_NUMBER='(t23,0,0,0)';
      OUTPUT_LOAD='(1.0,-1.0)';
    'LP1RCLK1X':
      PIN_NUMBER='(v13,0,0,0)';
      INPUT_LOAD='(-0.01,0.01)';
    'LP1TCLK1X':
      PIN_NUMBER='(t24,0,0,0)';
      OUTPUT_LOAD='(1.0,-1.0)';
    'LP1TCLK4X':
      PIN_NUMBER='(r23,0,0,0)';
      OUTPUT_LOAD='(1.0,-1.0)';
    '-LP1TCLK4X':
      PIN_NUMBER='(r22,0,0,0)';
      OUTPUT_LOAD='(1.0,-1.0)';
    'LP2CMD'<0>:
      PIN_NUMBER='(k24,0,0,0)';
      OUTPUT_TYPE='(TS,TS)';
      BIDIRECTIONAL='TRUE';
      INPUT_LOAD='(-0.01,0.01)';
      OUTPUT_LOAD='(1.0,-1.0)';
    'LP2CMD'<1>:
      PIN_NUMBER='(k23,0,0,0)';
      OUTPUT_TYPE='(TS,TS)';
      BIDIRECTIONAL='TRUE';
      INPUT_LOAD='(-0.01,0.01)';
      OUTPUT_LOAD='(1.0,-1.0)';
    'LP2CMD'<2>:
      PIN_NUMBER='(d22,0,0,0)';
      OUTPUT_TYPE='(TS,TS)';
      BIDIRECTIONAL='TRUE';
      INPUT_LOAD='(-0.01,0.01)';
      OUTPUT_LOAD='(1.0,-1.0)';
    'LP2CMD'<3>:
      PIN_NUMBER='(g19,0,0,0)';
      OUTPUT_TYPE='(TS,TS)';
      BIDIRECTIONAL='TRUE';
      INPUT_LOAD='(-0.01,0.01)';
      OUTPUT_LOAD='(1.0,-1.0)';
    'LP2DIR':
      PIN_NUMBER='(f23,0,0,0)';
      OUTPUT_LOAD='(1.0,-1.0)';
    '-LP2OE':
      PIN_NUMBER='(h24,0,0,0)';
      OUTPUT_LOAD='(1.0,-1.0)';
    'LP2RCLK1X':
      PIN_NUMBER='(h11,0,0,0)';
      INPUT_LOAD='(-0.01,0.01)';
    'LP2TCLK1X':
      PIN_NUMBER='(f24,0,0,0)';
      OUTPUT_LOAD='(1.0,-1.0)';
    'LP2TCLK4X':
      PIN_NUMBER='(g23,0,0,0)';
      OUTPUT_LOAD='(1.0,-1.0)';
    '-LP2TCLK4X':
      PIN_NUMBER='(h23,0,0,0)';
      OUTPUT_LOAD='(1.0,-1.0)';
    'R1ID'<0>:
      PIN_NUMBER='(aa22,0,0,0)';
      OUTPUT_TYPE='(TS,TS)';
      BIDIRECTIONAL='TRUE';
      INPUT_LOAD='(-0.01,0.01)';
      OUTPUT_LOAD='(1.0,-1.0)';
    'R1ID'<1>:
      PIN_NUMBER='(aa23,0,0,0)';
      OUTPUT_TYPE='(TS,TS)';
      BIDIRECTIONAL='TRUE';
      INPUT_LOAD='(-0.01,0.01)';
      OUTPUT_LOAD='(1.0,-1.0)';
    'R1ID'<2>:
      PIN_NUMBER='(aa24,0,0,0)';
      OUTPUT_TYPE='(TS,TS)';
      BIDIRECTIONAL='TRUE';
      INPUT_LOAD='(-0.01,0.01)';
      OUTPUT_LOAD='(1.0,-1.0)';
    'R1ID'<3>:
      PIN_NUMBER='(y22,0,0,0)';
      OUTPUT_TYPE='(TS,TS)';
      BIDIRECTIONAL='TRUE';
      INPUT_LOAD='(-0.01,0.01)';
      OUTPUT_LOAD='(1.0,-1.0)';
    'R1QD'<0>:
      PIN_NUMBER='(t19,0,0,0)';
      OUTPUT_TYPE='(TS,TS)';
      BIDIRECTIONAL='TRUE';
      INPUT_LOAD='(-0.01,0.01)';
      OUTPUT_LOAD='(1.0,-1.0)';
    'R1QD'<1>:
      PIN_NUMBER='(t21,0,0,0)';
      OUTPUT_TYPE='(TS,TS)';
      BIDIRECTIONAL='TRUE';
      INPUT_LOAD='(-0.01,0.01)';
      OUTPUT_LOAD='(1.0,-1.0)';
    'R1QD'<2>:
      PIN_NUMBER='(t17,0,0,0)';
      OUTPUT_TYPE='(TS,TS)';
      BIDIRECTIONAL='TRUE';
      INPUT_LOAD='(-0.01,0.01)';
      OUTPUT_LOAD='(1.0,-1.0)';
    'R1QD'<3>:
      PIN_NUMBER='(r19,0,0,0)';
      OUTPUT_TYPE='(TS,TS)';
      BIDIRECTIONAL='TRUE';
      INPUT_LOAD='(-0.01,0.01)';
      OUTPUT_LOAD='(1.0,-1.0)';
    'R2ID'<0>:
      PIN_NUMBER='(n18,0,0,0)';
      OUTPUT_TYPE='(TS,TS)';
      BIDIRECTIONAL='TRUE';
      INPUT_LOAD='(-0.01,0.01)';
      OUTPUT_LOAD='(1.0,-1.0)';
    'R2ID'<1>:
      PIN_NUMBER='(n17,0,0,0)';
      OUTPUT_TYPE='(TS,TS)';
      BIDIRECTIONAL='TRUE';
      INPUT_LOAD='(-0.01,0.01)';
      OUTPUT_LOAD='(1.0,-1.0)';
    'R2ID'<2>:
      PIN_NUMBER='(m17,0,0,0)';
      OUTPUT_TYPE='(TS,TS)';
      BIDIRECTIONAL='TRUE';
      INPUT_LOAD='(-0.01,0.01)';
      OUTPUT_LOAD='(1.0,-1.0)';
    'R2ID'<3>:
      PIN_NUMBER='(m18,0,0,0)';
      OUTPUT_TYPE='(TS,TS)';
      BIDIRECTIONAL='TRUE';
      INPUT_LOAD='(-0.01,0.01)';
      OUTPUT_LOAD='(1.0,-1.0)';
    'R2QD'<0>:
      PIN_NUMBER='(k19,0,0,0)';
      OUTPUT_TYPE='(TS,TS)';
      BIDIRECTIONAL='TRUE';
      INPUT_LOAD='(-0.01,0.01)';
      OUTPUT_LOAD='(1.0,-1.0)';
    'R2QD'<1>:
      PIN_NUMBER='(j17,0,0,0)';
      OUTPUT_TYPE='(TS,TS)';
      BIDIRECTIONAL='TRUE';
      INPUT_LOAD='(-0.01,0.01)';
      OUTPUT_LOAD='(1.0,-1.0)';
    'R2QD'<2>:
      PIN_NUMBER='(j19,0,0,0)';
      OUTPUT_TYPE='(TS,TS)';
      BIDIRECTIONAL='TRUE';
      INPUT_LOAD='(-0.01,0.01)';
      OUTPUT_LOAD='(1.0,-1.0)';
    'R2QD'<3>:
      PIN_NUMBER='(j18,0,0,0)';
      OUTPUT_TYPE='(TS,TS)';
      BIDIRECTIONAL='TRUE';
      INPUT_LOAD='(-0.01,0.01)';
      OUTPUT_LOAD='(1.0,-1.0)';
    'RP1CMD'<0>:
      PIN_NUMBER='(ac20,0,0,0)';
      OUTPUT_TYPE='(TS,TS)';
      BIDIRECTIONAL='TRUE';
      INPUT_LOAD='(-0.01,0.01)';
      OUTPUT_LOAD='(1.0,-1.0)';
    'RP1CMD'<1>:
      PIN_NUMBER='(ab24,0,0,0)';
      OUTPUT_TYPE='(TS,TS)';
      BIDIRECTIONAL='TRUE';
      INPUT_LOAD='(-0.01,0.01)';
      OUTPUT_LOAD='(1.0,-1.0)';
    'RP1CMD'<2>:
      PIN_NUMBER='(r18,0,0,0)';
      OUTPUT_TYPE='(TS,TS)';
      BIDIRECTIONAL='TRUE';
      INPUT_LOAD='(-0.01,0.01)';
      OUTPUT_LOAD='(1.0,-1.0)';
    'RP1CMD'<3>:
      PIN_NUMBER='(r17,0,0,0)';
      OUTPUT_TYPE='(TS,TS)';
      BIDIRECTIONAL='TRUE';
      INPUT_LOAD='(-0.01,0.01)';
      OUTPUT_LOAD='(1.0,-1.0)';
    'RP1DIR':
      PIN_NUMBER='(t18,0,0,0)';
      OUTPUT_LOAD='(1.0,-1.0)';
    '-RP1OE':
      PIN_NUMBER='(y23,0,0,0)';
      OUTPUT_LOAD='(1.0,-1.0)';
    'RP1RCLK1X':
      PIN_NUMBER='(ac12,0,0,0)';
      INPUT_LOAD='(-0.01,0.01)';
    'RP1TCLK1X':
      PIN_NUMBER='(y24,0,0,0)';
      OUTPUT_LOAD='(1.0,-1.0)';
    'RP1TCLK4X':
      PIN_NUMBER='(u20,0,0,0)';
      OUTPUT_LOAD='(1.0,-1.0)';
    '-RP1TCLK4X':
      PIN_NUMBER='(u19,0,0,0)';
      OUTPUT_LOAD='(1.0,-1.0)';
    'RP2CMD'<0>:
      PIN_NUMBER='(p18,0,0,0)';
      OUTPUT_TYPE='(TS,TS)';
      BIDIRECTIONAL='TRUE';
      INPUT_LOAD='(-0.01,0.01)';
      OUTPUT_LOAD='(1.0,-1.0)';
    'RP2CMD'<1>:
      PIN_NUMBER='(p17,0,0,0)';
      OUTPUT_TYPE='(TS,TS)';
      BIDIRECTIONAL='TRUE';
      INPUT_LOAD='(-0.01,0.01)';
      OUTPUT_LOAD='(1.0,-1.0)';
    'RP2CMD'<2>:
      PIN_NUMBER='(h19,0,0,0)';
      OUTPUT_TYPE='(TS,TS)';
      BIDIRECTIONAL='TRUE';
      INPUT_LOAD='(-0.01,0.01)';
      OUTPUT_LOAD='(1.0,-1.0)';
    'RP2CMD'<3>:
      PIN_NUMBER='(h18,0,0,0)';
      OUTPUT_TYPE='(TS,TS)';
      BIDIRECTIONAL='TRUE';
      INPUT_LOAD='(-0.01,0.01)';
      OUTPUT_LOAD='(1.0,-1.0)';
    'RP2DIR':
      PIN_NUMBER='(k18,0,0,0)';
      OUTPUT_LOAD='(1.0,-1.0)';
    '-RP2OE':
      PIN_NUMBER='(l24,0,0,0)';
      OUTPUT_LOAD='(1.0,-1.0)';
    'RP2RCLK1X':
      PIN_NUMBER='(f12,0,0,0)';
      INPUT_LOAD='(-0.01,0.01)';
    'RP2TCLK1X':
      PIN_NUMBER='(k17,0,0,0)';
      OUTPUT_LOAD='(1.0,-1.0)';
    'RP2TCLK4X':
      PIN_NUMBER='(l18,0,0,0)';
      OUTPUT_LOAD='(1.0,-1.0)';
    '-RP2TCLK4X':
      PIN_NUMBER='(l17,0,0,0)';
      OUTPUT_LOAD='(1.0,-1.0)';
    '1DIR':
      PIN_NUMBER='(0,ac5,0,0)';
      INPUT_LOAD='(-0.01,0.01)';
    '-1DVLD':
      PIN_NUMBER='(0,ad5,0,0)';
      OUTPUT_TYPE='(TS,TS)';
      BIDIRECTIONAL='TRUE';
      INPUT_LOAD='(-0.01,0.01)';
      OUTPUT_LOAD='(1.0,-1.0)';
    '1IQD'<0>:
      PIN_NUMBER='(0,ab8,0,0)';
      OUTPUT_TYPE='(TS,TS)';
      BIDIRECTIONAL='TRUE';
      INPUT_LOAD='(-0.01,0.01)';
      OUTPUT_LOAD='(1.0,-1.0)';
    '1IQD'<1>:
      PIN_NUMBER='(0,ac8,0,0)';
      OUTPUT_TYPE='(TS,TS)';
      BIDIRECTIONAL='TRUE';
      INPUT_LOAD='(-0.01,0.01)';
      OUTPUT_LOAD='(1.0,-1.0)';
    '1IQD'<2>:
      PIN_NUMBER='(0,ad8,0,0)';
      OUTPUT_TYPE='(TS,TS)';
      BIDIRECTIONAL='TRUE';
      INPUT_LOAD='(-0.01,0.01)';
      OUTPUT_LOAD='(1.0,-1.0)';
    '1IQD'<3>:
      PIN_NUMBER='(0,ab9,0,0)';
      OUTPUT_TYPE='(TS,TS)';
      BIDIRECTIONAL='TRUE';
      INPUT_LOAD='(-0.01,0.01)';
      OUTPUT_LOAD='(1.0,-1.0)';
    '1IQD'<4>:
      PIN_NUMBER='(0,ac9,0,0)';
      OUTPUT_TYPE='(TS,TS)';
      BIDIRECTIONAL='TRUE';
      INPUT_LOAD='(-0.01,0.01)';
      OUTPUT_LOAD='(1.0,-1.0)';
    '1IQD'<5>:
      PIN_NUMBER='(0,ad9,0,0)';
      OUTPUT_TYPE='(TS,TS)';
      BIDIRECTIONAL='TRUE';
      INPUT_LOAD='(-0.01,0.01)';
      OUTPUT_LOAD='(1.0,-1.0)';
    '1IQD'<6>:
      PIN_NUMBER='(0,ab10,0,0)';
      OUTPUT_TYPE='(TS,TS)';
      BIDIRECTIONAL='TRUE';
      INPUT_LOAD='(-0.01,0.01)';
      OUTPUT_LOAD='(1.0,-1.0)';
    '1IQD'<7>:
      PIN_NUMBER='(0,ac10,0,0)';
      OUTPUT_TYPE='(TS,TS)';
      BIDIRECTIONAL='TRUE';
      INPUT_LOAD='(-0.01,0.01)';
      OUTPUT_LOAD='(1.0,-1.0)';
    '1IQD'<8>:
      PIN_NUMBER='(0,ad10,0,0)';
      OUTPUT_TYPE='(TS,TS)';
      BIDIRECTIONAL='TRUE';
      INPUT_LOAD='(-0.01,0.01)';
      OUTPUT_LOAD='(1.0,-1.0)';
    '1STS'<0>:
      PIN_NUMBER='(0,ac6,0,0)';
      OUTPUT_TYPE='(TS,TS)';
      BIDIRECTIONAL='TRUE';
      INPUT_LOAD='(-0.01,0.01)';
      OUTPUT_LOAD='(1.0,-1.0)';
    '1STS'<1>:
      PIN_NUMBER='(0,ad6,0,0)';
      OUTPUT_TYPE='(TS,TS)';
      BIDIRECTIONAL='TRUE';
      INPUT_LOAD='(-0.01,0.01)';
      OUTPUT_LOAD='(1.0,-1.0)';
    '-1SUSP':
      PIN_NUMBER='(0,ac7,0,0)';
      OUTPUT_TYPE='(TS,TS)';
      BIDIRECTIONAL='TRUE';
      INPUT_LOAD='(-0.01,0.01)';
      OUTPUT_LOAD='(1.0,-1.0)';
    '2DIR':
      PIN_NUMBER='(0,ad20,0,0)';
      INPUT_LOAD='(-0.01,0.01)';
    '-2DVLD':
      PIN_NUMBER='(0,ac18,0,0)';
      OUTPUT_TYPE='(TS,TS)';
      BIDIRECTIONAL='TRUE';
      INPUT_LOAD='(-0.01,0.01)';
      OUTPUT_LOAD='(1.0,-1.0)';
    '2IQD'<0>:
      PIN_NUMBER='(0,ad14,0,0)';
      OUTPUT_TYPE='(TS,TS)';
      BIDIRECTIONAL='TRUE';
      INPUT_LOAD='(-0.01,0.01)';
      OUTPUT_LOAD='(1.0,-1.0)';
    '2IQD'<1>:
      PIN_NUMBER='(0,ad15,0,0)';
      OUTPUT_TYPE='(TS,TS)';
      BIDIRECTIONAL='TRUE';
      INPUT_LOAD='(-0.01,0.01)';
      OUTPUT_LOAD='(1.0,-1.0)';
    '2IQD'<2>:
      PIN_NUMBER='(0,ac15,0,0)';
      OUTPUT_TYPE='(TS,TS)';
      BIDIRECTIONAL='TRUE';
      INPUT_LOAD='(-0.01,0.01)';
      OUTPUT_LOAD='(1.0,-1.0)';
    '2IQD'<3>:
      PIN_NUMBER='(0,ab15,0,0)';
      OUTPUT_TYPE='(TS,TS)';
      BIDIRECTIONAL='TRUE';
      INPUT_LOAD='(-0.01,0.01)';
      OUTPUT_LOAD='(1.0,-1.0)';
    '2IQD'<4>:
      PIN_NUMBER='(0,ad16,0,0)';
      OUTPUT_TYPE='(TS,TS)';
      BIDIRECTIONAL='TRUE';
      INPUT_LOAD='(-0.01,0.01)';
      OUTPUT_LOAD='(1.0,-1.0)';
    '2IQD'<5>:
      PIN_NUMBER='(0,ac16,0,0)';
      OUTPUT_TYPE='(TS,TS)';
      BIDIRECTIONAL='TRUE';
      INPUT_LOAD='(-0.01,0.01)';
      OUTPUT_LOAD='(1.0,-1.0)';
    '2IQD'<6>:
      PIN_NUMBER='(0,ab16,0,0)';
      OUTPUT_TYPE='(TS,TS)';
      BIDIRECTIONAL='TRUE';
      INPUT_LOAD='(-0.01,0.01)';
      OUTPUT_LOAD='(1.0,-1.0)';
    '2IQD'<7>:
      PIN_NUMBER='(0,ad17,0,0)';
      OUTPUT_TYPE='(TS,TS)';
      BIDIRECTIONAL='TRUE';
      INPUT_LOAD='(-0.01,0.01)';
      OUTPUT_LOAD='(1.0,-1.0)';
    '2IQD'<8>:
      PIN_NUMBER='(0,ac17,0,0)';
      OUTPUT_TYPE='(TS,TS)';
      BIDIRECTIONAL='TRUE';
      INPUT_LOAD='(-0.01,0.01)';
      OUTPUT_LOAD='(1.0,-1.0)';
    '2STS'<0>:
      PIN_NUMBER='(0,ab17,0,0)';
      OUTPUT_TYPE='(TS,TS)';
      BIDIRECTIONAL='TRUE';
      INPUT_LOAD='(-0.01,0.01)';
      OUTPUT_LOAD='(1.0,-1.0)';
    '2STS'<1>:
      PIN_NUMBER='(0,ad19,0,0)';
      OUTPUT_TYPE='(TS,TS)';
      BIDIRECTIONAL='TRUE';
      INPUT_LOAD='(-0.01,0.01)';
      OUTPUT_LOAD='(1.0,-1.0)';
    '-2SUSP':
      PIN_NUMBER='(0,ac19,0,0)';
      OUTPUT_TYPE='(TS,TS)';
      BIDIRECTIONAL='TRUE';
      INPUT_LOAD='(-0.01,0.01)';
      OUTPUT_LOAD='(1.0,-1.0)';
    'IQCLKI':
      PIN_NUMBER='(0,ad12,0,0)';
      OUTPUT_LOAD='(1.0,-1.0)';
    'IQCLKO':
      PIN_NUMBER='(0,ab11,0,0)';
      OUTPUT_LOAD='(1.0,-1.0)';
    'M_AD'<0>:
      PIN_NUMBER='(0,aa20,0,0)';
      OUTPUT_TYPE='(TS,TS)';
      BIDIRECTIONAL='TRUE';
      INPUT_LOAD='(-0.01,0.01)';
      OUTPUT_LOAD='(1.0,-1.0)';
    'M_AD'<1>:
      PIN_NUMBER='(0,ab20,0,0)';
      OUTPUT_TYPE='(TS,TS)';
      BIDIRECTIONAL='TRUE';
      INPUT_LOAD='(-0.01,0.01)';
      OUTPUT_LOAD='(1.0,-1.0)';
    'M_AD'<2>:
      PIN_NUMBER='(0,y19,0,0)';
      OUTPUT_TYPE='(TS,TS)';
      BIDIRECTIONAL='TRUE';
      INPUT_LOAD='(-0.01,0.01)';
      OUTPUT_LOAD='(1.0,-1.0)';
    'M_AD'<3>:
      PIN_NUMBER='(0,aa19,0,0)';
      OUTPUT_TYPE='(TS,TS)';
      BIDIRECTIONAL='TRUE';
      INPUT_LOAD='(-0.01,0.01)';
      OUTPUT_LOAD='(1.0,-1.0)';
    'M_AD'<4>:
      PIN_NUMBER='(0,aa6,0,0)';
      OUTPUT_TYPE='(TS,TS)';
      BIDIRECTIONAL='TRUE';
      INPUT_LOAD='(-0.01,0.01)';
      OUTPUT_LOAD='(1.0,-1.0)';
    'M_AD'<5>:
      PIN_NUMBER='(0,y6,0,0)';
      OUTPUT_TYPE='(TS,TS)';
      BIDIRECTIONAL='TRUE';
      INPUT_LOAD='(-0.01,0.01)';
      OUTPUT_LOAD='(1.0,-1.0)';
    'M_AD'<6>:
      PIN_NUMBER='(0,y7,0,0)';
      OUTPUT_TYPE='(TS,TS)';
      BIDIRECTIONAL='TRUE';
      INPUT_LOAD='(-0.01,0.01)';
      OUTPUT_LOAD='(1.0,-1.0)';
    'M_AD'<7>:
      PIN_NUMBER='(0,w7,0,0)';
      OUTPUT_TYPE='(TS,TS)';
      BIDIRECTIONAL='TRUE';
      INPUT_LOAD='(-0.01,0.01)';
      OUTPUT_LOAD='(1.0,-1.0)';
    'M_ALE':
      PIN_NUMBER='(0,aa5,0,0)';
      INPUT_LOAD='(-0.01,0.01)';
    '-M_CS_CFG':
      PIN_NUMBER='(0,u9,0,0)';
      INPUT_LOAD='(-0.01,0.01)';
    '-M_INT_CFG':
      PIN_NUMBER='(0,ad21,0,0)';
      OUTPUT_TYPE='(OC,AND)';
      OUTPUT_LOAD='(1.0,*)';
    '-M_OE':
      PIN_NUMBER='(0,aa8,0,0)';
      INPUT_LOAD='(-0.01,0.01)';
    'M_RDY_CFG':
      PIN_NUMBER='(0,ad22,0,0)';
      INPUT_LOAD='(-0.01,0.01)';
    '-M_WR_CFG':
      PIN_NUMBER='(0,v8,0,0)';
      INPUT_LOAD='(-0.01,0.01)';
    'RAM0_A'<0>:
      PIN_NUMBER='(0,k8,0,0)';
      OUTPUT_LOAD='(1.0,-1.0)';
    'RAM0_A'<1>:
      PIN_NUMBER='(0,k7,0,0)';
      OUTPUT_LOAD='(1.0,-1.0)';
    'RAM0_A'<2>:
      PIN_NUMBER='(0,k6,0,0)';
      OUTPUT_LOAD='(1.0,-1.0)';
    'RAM0_A'<3>:
      PIN_NUMBER='(0,j8,0,0)';
      OUTPUT_LOAD='(1.0,-1.0)';
    'RAM0_A'<4>:
      PIN_NUMBER='(0,j6,0,0)';
      OUTPUT_LOAD='(1.0,-1.0)';
    'RAM0_A'<5>:
      PIN_NUMBER='(0,j7,0,0)';
      OUTPUT_LOAD='(1.0,-1.0)';
    'RAM0_A'<6>:
      PIN_NUMBER='(0,c12,0,0)';
      OUTPUT_LOAD='(1.0,-1.0)';
    'RAM0_A'<7>:
      PIN_NUMBER='(0,d11,0,0)';
      OUTPUT_LOAD='(1.0,-1.0)';
    'RAM0_A'<8>:
      PIN_NUMBER='(0,c9,0,0)';
      OUTPUT_LOAD='(1.0,-1.0)';
    'RAM0_A'<9>:
      PIN_NUMBER='(0,a8,0,0)';
      OUTPUT_LOAD='(1.0,-1.0)';
    'RAM0_A'<10>:
      PIN_NUMBER='(0,l8,0,0)';
      OUTPUT_LOAD='(1.0,-1.0)';
    'RAM0_A'<11>:
      PIN_NUMBER='(0,l7,0,0)';
      OUTPUT_LOAD='(1.0,-1.0)';
    'RAM0_A'<12>:
      PIN_NUMBER='(0,m8,0,0)';
      OUTPUT_LOAD='(1.0,-1.0)';
    'RAM0_A'<13>:
      PIN_NUMBER='(0,m7,0,0)';
      OUTPUT_LOAD='(1.0,-1.0)';
    'RAM0_A'<14>:
      PIN_NUMBER='(0,k5,0,0)';
      OUTPUT_LOAD='(1.0,-1.0)';
    'RAM0_A'<15>:
      PIN_NUMBER='(0,j5,0,0)';
      OUTPUT_LOAD='(1.0,-1.0)';
    'RAM0_A'<16>:
      PIN_NUMBER='(0,h5,0,0)';
      OUTPUT_LOAD='(1.0,-1.0)';
    'RAM0_A'<17>:
      PIN_NUMBER='(0,b9,0,0)';
      OUTPUT_LOAD='(1.0,-1.0)';
    'RAM0_A'<18>:
      PIN_NUMBER='(0,a9,0,0)';
      OUTPUT_LOAD='(1.0,-1.0)';
    'RAM0_ADV':
      PIN_NUMBER='(0,c10,0,0)';
      OUTPUT_LOAD='(1.0,-1.0)';
    '-RAM0_BE'<0>:
      PIN_NUMBER='(0,f8,0,0)';
      OUTPUT_LOAD='(1.0,-1.0)';
    '-RAM0_BE'<1>:
      PIN_NUMBER='(0,h9,0,0)';
      OUTPUT_LOAD='(1.0,-1.0)';
    '-RAM0_BE'<2>:
      PIN_NUMBER='(0,g9,0,0)';
      OUTPUT_LOAD='(1.0,-1.0)';
    '-RAM0_BE'<3>:
      PIN_NUMBER='(0,h10,0,0)';
      OUTPUT_LOAD='(1.0,-1.0)';
    '-RAM0_CKE':
      PIN_NUMBER='(0,a10,0,0)';
      OUTPUT_LOAD='(1.0,-1.0)';
    'RAM0_CLKI':
      PIN_NUMBER='(0,g12,0,0)';
      INPUT_LOAD='(-0.01,0.01)';
    'RAM0_CLKO':
      PIN_NUMBER='(0,g11,0,0)';
      OUTPUT_LOAD='(1.0,-1.0)';
    '-RAM0_CS':
      PIN_NUMBER='(0,g10,0,0)';
      OUTPUT_LOAD='(1.0,-1.0)';
    'RAM0_D'<0>:
      PIN_NUMBER='(0,a4,0,0)';
      OUTPUT_TYPE='(TS,TS)';
      BIDIRECTIONAL='TRUE';
      INPUT_LOAD='(-0.01,0.01)';
      OUTPUT_LOAD='(1.0,-1.0)';
    'RAM0_D'<1>:
      PIN_NUMBER='(0,a3,0,0)';
      OUTPUT_TYPE='(TS,TS)';
      BIDIRECTIONAL='TRUE';
      INPUT_LOAD='(-0.01,0.01)';
      OUTPUT_LOAD='(1.0,-1.0)';
    'RAM0_D'<2>:
      PIN_NUMBER='(0,e4,0,0)';
      OUTPUT_TYPE='(TS,TS)';
      BIDIRECTIONAL='TRUE';
      INPUT_LOAD='(-0.01,0.01)';
      OUTPUT_LOAD='(1.0,-1.0)';
    'RAM0_D'<3>:
      PIN_NUMBER='(0,f5,0,0)';
      OUTPUT_TYPE='(TS,TS)';
      BIDIRECTIONAL='TRUE';
      INPUT_LOAD='(-0.01,0.01)';
      OUTPUT_LOAD='(1.0,-1.0)';
    'RAM0_D'<4>:
      PIN_NUMBER='(0,f4,0,0)';
      OUTPUT_TYPE='(TS,TS)';
      BIDIRECTIONAL='TRUE';
      INPUT_LOAD='(-0.01,0.01)';
      OUTPUT_LOAD='(1.0,-1.0)';
    'RAM0_D'<5>:
      PIN_NUMBER='(0,g4,0,0)';
      OUTPUT_TYPE='(TS,TS)';
      BIDIRECTIONAL='TRUE';
      INPUT_LOAD='(-0.01,0.01)';
      OUTPUT_LOAD='(1.0,-1.0)';
    'RAM0_D'<6>:
      PIN_NUMBER='(0,g3,0,0)';
      OUTPUT_TYPE='(TS,TS)';
      BIDIRECTIONAL='TRUE';
      INPUT_LOAD='(-0.01,0.01)';
      OUTPUT_LOAD='(1.0,-1.0)';
    'RAM0_D'<7>:
      PIN_NUMBER='(0,h4,0,0)';
      OUTPUT_TYPE='(TS,TS)';
      BIDIRECTIONAL='TRUE';
      INPUT_LOAD='(-0.01,0.01)';
      OUTPUT_LOAD='(1.0,-1.0)';
    'RAM0_D'<8>:
      PIN_NUMBER='(0,j4,0,0)';
      OUTPUT_TYPE='(TS,TS)';
      BIDIRECTIONAL='TRUE';
      INPUT_LOAD='(-0.01,0.01)';
      OUTPUT_LOAD='(1.0,-1.0)';
    'RAM0_D'<9>:
      PIN_NUMBER='(0,b5,0,0)';
      OUTPUT_TYPE='(TS,TS)';
      BIDIRECTIONAL='TRUE';
      INPUT_LOAD='(-0.01,0.01)';
      OUTPUT_LOAD='(1.0,-1.0)';
    'RAM0_D'<10>:
      PIN_NUMBER='(0,f7,0,0)';
      OUTPUT_TYPE='(TS,TS)';
      BIDIRECTIONAL='TRUE';
      INPUT_LOAD='(-0.01,0.01)';
      OUTPUT_LOAD='(1.0,-1.0)';
    'RAM0_D'<11>:
      PIN_NUMBER='(0,g8,0,0)';
      OUTPUT_TYPE='(TS,TS)';
      BIDIRECTIONAL='TRUE';
      INPUT_LOAD='(-0.01,0.01)';
      OUTPUT_LOAD='(1.0,-1.0)';
    'RAM0_D'<12>:
      PIN_NUMBER='(0,a5,0,0)';
      OUTPUT_TYPE='(TS,TS)';
      BIDIRECTIONAL='TRUE';
      INPUT_LOAD='(-0.01,0.01)';
      OUTPUT_LOAD='(1.0,-1.0)';
    'RAM0_D'<13>:
      PIN_NUMBER='(0,b6,0,0)';
      OUTPUT_TYPE='(TS,TS)';
      BIDIRECTIONAL='TRUE';
      INPUT_LOAD='(-0.01,0.01)';
      OUTPUT_LOAD='(1.0,-1.0)';
    'RAM0_D'<14>:
      PIN_NUMBER='(0,b7,0,0)';
      OUTPUT_TYPE='(TS,TS)';
      BIDIRECTIONAL='TRUE';
      INPUT_LOAD='(-0.01,0.01)';
      OUTPUT_LOAD='(1.0,-1.0)';
    'RAM0_D'<15>:
      PIN_NUMBER='(0,a6,0,0)';
      OUTPUT_TYPE='(TS,TS)';
      BIDIRECTIONAL='TRUE';
      INPUT_LOAD='(-0.01,0.01)';
      OUTPUT_LOAD='(1.0,-1.0)';
    'RAM0_D'<16>:
      PIN_NUMBER='(0,c8,0,0)';
      OUTPUT_TYPE='(TS,TS)';
      BIDIRECTIONAL='TRUE';
      INPUT_LOAD='(-0.01,0.01)';
      OUTPUT_LOAD='(1.0,-1.0)';
    'RAM0_D'<17>:
      PIN_NUMBER='(0,b8,0,0)';
      OUTPUT_TYPE='(TS,TS)';
      BIDIRECTIONAL='TRUE';
      INPUT_LOAD='(-0.01,0.01)';
      OUTPUT_LOAD='(1.0,-1.0)';
    'RAM0_D'<18>:
      PIN_NUMBER='(0,d9,0,0)';
      OUTPUT_TYPE='(TS,TS)';
      BIDIRECTIONAL='TRUE';
      INPUT_LOAD='(-0.01,0.01)';
      OUTPUT_LOAD='(1.0,-1.0)';
    'RAM0_D'<19>:
      PIN_NUMBER='(0,e9,0,0)';
      OUTPUT_TYPE='(TS,TS)';
      BIDIRECTIONAL='TRUE';
      INPUT_LOAD='(-0.01,0.01)';
      OUTPUT_LOAD='(1.0,-1.0)';
    'RAM0_D'<20>:
      PIN_NUMBER='(0,f10,0,0)';
      OUTPUT_TYPE='(TS,TS)';
      BIDIRECTIONAL='TRUE';
      INPUT_LOAD='(-0.01,0.01)';
      OUTPUT_LOAD='(1.0,-1.0)';
    'RAM0_D'<21>:
      PIN_NUMBER='(0,e10,0,0)';
      OUTPUT_TYPE='(TS,TS)';
      BIDIRECTIONAL='TRUE';
      INPUT_LOAD='(-0.01,0.01)';
      OUTPUT_LOAD='(1.0,-1.0)';
    'RAM0_D'<22>:
      PIN_NUMBER='(0,e11,0,0)';
      OUTPUT_TYPE='(TS,TS)';
      BIDIRECTIONAL='TRUE';
      INPUT_LOAD='(-0.01,0.01)';
      OUTPUT_LOAD='(1.0,-1.0)';
    'RAM0_D'<23>:
      PIN_NUMBER='(0,c11,0,0)';
      OUTPUT_TYPE='(TS,TS)';
      BIDIRECTIONAL='TRUE';
      INPUT_LOAD='(-0.01,0.01)';
      OUTPUT_LOAD='(1.0,-1.0)';
    'RAM0_D'<24>:
      PIN_NUMBER='(0,e12,0,0)';
      OUTPUT_TYPE='(TS,TS)';
      BIDIRECTIONAL='TRUE';
      INPUT_LOAD='(-0.01,0.01)';
      OUTPUT_LOAD='(1.0,-1.0)';
    'RAM0_D'<25>:
      PIN_NUMBER='(0,d12,0,0)';
      OUTPUT_TYPE='(TS,TS)';
      BIDIRECTIONAL='TRUE';
      INPUT_LOAD='(-0.01,0.01)';
      OUTPUT_LOAD='(1.0,-1.0)';
    'RAM0_D'<26>:
      PIN_NUMBER='(0,b12,0,0)';
      OUTPUT_TYPE='(TS,TS)';
      BIDIRECTIONAL='TRUE';
      INPUT_LOAD='(-0.01,0.01)';
      OUTPUT_LOAD='(1.0,-1.0)';
    'RAM0_D'<27>:
      PIN_NUMBER='(0,f9,0,0)';
      OUTPUT_TYPE='(TS,TS)';
      BIDIRECTIONAL='TRUE';
      INPUT_LOAD='(-0.01,0.01)';
      OUTPUT_LOAD='(1.0,-1.0)';
    'RAM0_D'<28>:
      PIN_NUMBER='(0,d8,0,0)';
      OUTPUT_TYPE='(TS,TS)';
      BIDIRECTIONAL='TRUE';
      INPUT_LOAD='(-0.01,0.01)';
      OUTPUT_LOAD='(1.0,-1.0)';
    'RAM0_D'<29>:
      PIN_NUMBER='(0,e8,0,0)';
      OUTPUT_TYPE='(TS,TS)';
      BIDIRECTIONAL='TRUE';
      INPUT_LOAD='(-0.01,0.01)';
      OUTPUT_LOAD='(1.0,-1.0)';
    'RAM0_D'<30>:
      PIN_NUMBER='(0,e7,0,0)';
      OUTPUT_TYPE='(TS,TS)';
      BIDIRECTIONAL='TRUE';
      INPUT_LOAD='(-0.01,0.01)';
      OUTPUT_LOAD='(1.0,-1.0)';
    'RAM0_D'<31>:
      PIN_NUMBER='(0,c7,0,0)';
      OUTPUT_TYPE='(TS,TS)';
      BIDIRECTIONAL='TRUE';
      INPUT_LOAD='(-0.01,0.01)';
      OUTPUT_LOAD='(1.0,-1.0)';
    'RAM0_D'<32>:
      PIN_NUMBER='(0,d7,0,0)';
      OUTPUT_TYPE='(TS,TS)';
      BIDIRECTIONAL='TRUE';
      INPUT_LOAD='(-0.01,0.01)';
      OUTPUT_LOAD='(1.0,-1.0)';
    'RAM0_D'<33>:
      PIN_NUMBER='(0,d5,0,0)';
      OUTPUT_TYPE='(TS,TS)';
      BIDIRECTIONAL='TRUE';
      INPUT_LOAD='(-0.01,0.01)';
      OUTPUT_LOAD='(1.0,-1.0)';
    'RAM0_D'<34>:
      PIN_NUMBER='(0,h7,0,0)';
      OUTPUT_TYPE='(TS,TS)';
      BIDIRECTIONAL='TRUE';
      INPUT_LOAD='(-0.01,0.01)';
      OUTPUT_LOAD='(1.0,-1.0)';
    'RAM0_D'<35>:
      PIN_NUMBER='(0,h6,0,0)';
      OUTPUT_TYPE='(TS,TS)';
      BIDIRECTIONAL='TRUE';
      INPUT_LOAD='(-0.01,0.01)';
      OUTPUT_LOAD='(1.0,-1.0)';
    '-RAM0_OE':
      PIN_NUMBER='(0,b10,0,0)';
      OUTPUT_LOAD='(1.0,-1.0)';
    '-RAM0_WE':
      PIN_NUMBER='(0,a11,0,0)';
      OUTPUT_LOAD='(1.0,-1.0)';
    'RAM0_ZZ':
      PIN_NUMBER='(0,c5,0,0)';
      OUTPUT_LOAD='(1.0,-1.0)';
    'RAM1_A'<0>:
      PIN_NUMBER='(0,p20,0,0)';
      OUTPUT_LOAD='(1.0,-1.0)';
    'RAM1_A'<1>:
      PIN_NUMBER='(0,n20,0,0)';
      OUTPUT_LOAD='(1.0,-1.0)';
    'RAM1_A'<2>:
      PIN_NUMBER='(0,n21,0,0)';
      OUTPUT_LOAD='(1.0,-1.0)';
    'RAM1_A'<3>:
      PIN_NUMBER='(0,n19,0,0)';
      OUTPUT_LOAD='(1.0,-1.0)';
    'RAM1_A'<4>:
      PIN_NUMBER='(0,m22,0,0)';
      OUTPUT_LOAD='(1.0,-1.0)';
    'RAM1_A'<5>:
      PIN_NUMBER='(0,m19,0,0)';
      OUTPUT_LOAD='(1.0,-1.0)';
    'RAM1_A'<6>:
      PIN_NUMBER='(0,b17,0,0)';
      OUTPUT_LOAD='(1.0,-1.0)';
    'RAM1_A'<7>:
      PIN_NUMBER='(0,a17,0,0)';
      OUTPUT_LOAD='(1.0,-1.0)';
    'RAM1_A'<8>:
      PIN_NUMBER='(0,a15,0,0)';
      OUTPUT_LOAD='(1.0,-1.0)';
    'RAM1_A'<9>:
      PIN_NUMBER='(0,c14,0,0)';
      OUTPUT_LOAD='(1.0,-1.0)';
    'RAM1_A'<10>:
      PIN_NUMBER='(0,m21,0,0)';
      OUTPUT_LOAD='(1.0,-1.0)';
    'RAM1_A'<11>:
      PIN_NUMBER='(0,l22,0,0)';
      OUTPUT_LOAD='(1.0,-1.0)';
    'RAM1_A'<12>:
      PIN_NUMBER='(0,l21,0,0)';
      OUTPUT_LOAD='(1.0,-1.0)';
    'RAM1_A'<13>:
      PIN_NUMBER='(0,l20,0,0)';
      OUTPUT_LOAD='(1.0,-1.0)';
    'RAM1_A'<14>:
      PIN_NUMBER='(0,k20,0,0)';
      OUTPUT_LOAD='(1.0,-1.0)';
    'RAM1_A'<15>:
      PIN_NUMBER='(0,j20,0,0)';
      OUTPUT_LOAD='(1.0,-1.0)';
    'RAM1_A'<16>:
      PIN_NUMBER='(0,m20,0,0)';
      OUTPUT_LOAD='(1.0,-1.0)';
    'RAM1_A'<17>:
      PIN_NUMBER='(0,g13,0,0)';
      OUTPUT_LOAD='(1.0,-1.0)';
    'RAM1_A'<18>:
      PIN_NUMBER='(0,h14,0,0)';
      OUTPUT_LOAD='(1.0,-1.0)';
    'RAM1_ADV':
      PIN_NUMBER='(0,g14,0,0)';
      OUTPUT_LOAD='(1.0,-1.0)';
    '-RAM1_BE'<0>:
      PIN_NUMBER='(0,b15,0,0)';
      OUTPUT_LOAD='(1.0,-1.0)';
    '-RAM1_BE'<1>:
      PIN_NUMBER='(0,c15,0,0)';
      OUTPUT_LOAD='(1.0,-1.0)';
    '-RAM1_BE'<2>:
      PIN_NUMBER='(0,a16,0,0)';
      OUTPUT_LOAD='(1.0,-1.0)';
    '-RAM1_BE'<3>:
      PIN_NUMBER='(0,b16,0,0)';
      OUTPUT_LOAD='(1.0,-1.0)';
    '-RAM1_CKE':
      PIN_NUMBER='(0,g15,0,0)';
      OUTPUT_LOAD='(1.0,-1.0)';
    'RAM1_CLKI':
      PIN_NUMBER='(0,h12,0,0)';
      INPUT_LOAD='(-0.01,0.01)';
    'RAM1_CLKO':
      PIN_NUMBER='(0,h13,0,0)';
      OUTPUT_LOAD='(1.0,-1.0)';
    '-RAM1_CS':
      PIN_NUMBER='(0,c16,0,0)';
      OUTPUT_LOAD='(1.0,-1.0)';
    'RAM1_D'<0>:
      PIN_NUMBER='(0,e18,0,0)';
      OUTPUT_TYPE='(TS,TS)';
      BIDIRECTIONAL='TRUE';
      INPUT_LOAD='(-0.01,0.01)';
      OUTPUT_LOAD='(1.0,-1.0)';
    'RAM1_D'<1>:
      PIN_NUMBER='(0,c18,0,0)';
      OUTPUT_TYPE='(TS,TS)';
      BIDIRECTIONAL='TRUE';
      INPUT_LOAD='(-0.01,0.01)';
      OUTPUT_LOAD='(1.0,-1.0)';
    'RAM1_D'<2>:
      PIN_NUMBER='(0,d18,0,0)';
      OUTPUT_TYPE='(TS,TS)';
      BIDIRECTIONAL='TRUE';
      INPUT_LOAD='(-0.01,0.01)';
      OUTPUT_LOAD='(1.0,-1.0)';
    'RAM1_D'<3>:
      PIN_NUMBER='(0,d20,0,0)';
      OUTPUT_TYPE='(TS,TS)';
      BIDIRECTIONAL='TRUE';
      INPUT_LOAD='(-0.01,0.01)';
      OUTPUT_LOAD='(1.0,-1.0)';
    'RAM1_D'<4>:
      PIN_NUMBER='(0,f20,0,0)';
      OUTPUT_TYPE='(TS,TS)';
      BIDIRECTIONAL='TRUE';
      INPUT_LOAD='(-0.01,0.01)';
      OUTPUT_LOAD='(1.0,-1.0)';
    'RAM1_D'<5>:
      PIN_NUMBER='(0,f21,0,0)';
      OUTPUT_TYPE='(TS,TS)';
      BIDIRECTIONAL='TRUE';
      INPUT_LOAD='(-0.01,0.01)';
      OUTPUT_LOAD='(1.0,-1.0)';
    'RAM1_D'<6>:
      PIN_NUMBER='(0,g21,0,0)';
      OUTPUT_TYPE='(TS,TS)';
      BIDIRECTIONAL='TRUE';
      INPUT_LOAD='(-0.01,0.01)';
      OUTPUT_LOAD='(1.0,-1.0)';
    'RAM1_D'<7>:
      PIN_NUMBER='(0,g20,0,0)';
      OUTPUT_TYPE='(TS,TS)';
      BIDIRECTIONAL='TRUE';
      INPUT_LOAD='(-0.01,0.01)';
      OUTPUT_LOAD='(1.0,-1.0)';
    'RAM1_D'<8>:
      PIN_NUMBER='(0,h22,0,0)';
      OUTPUT_TYPE='(TS,TS)';
      BIDIRECTIONAL='TRUE';
      INPUT_LOAD='(-0.01,0.01)';
      OUTPUT_LOAD='(1.0,-1.0)';
    'RAM1_D'<9>:
      PIN_NUMBER='(0,e17,0,0)';
      OUTPUT_TYPE='(TS,TS)';
      BIDIRECTIONAL='TRUE';
      INPUT_LOAD='(-0.01,0.01)';
      OUTPUT_LOAD='(1.0,-1.0)';
    'RAM1_D'<10>:
      PIN_NUMBER='(0,d16,0,0)';
      OUTPUT_TYPE='(TS,TS)';
      BIDIRECTIONAL='TRUE';
      INPUT_LOAD='(-0.01,0.01)';
      OUTPUT_LOAD='(1.0,-1.0)';
    'RAM1_D'<11>:
      PIN_NUMBER='(0,e16,0,0)';
      OUTPUT_TYPE='(TS,TS)';
      BIDIRECTIONAL='TRUE';
      INPUT_LOAD='(-0.01,0.01)';
      OUTPUT_LOAD='(1.0,-1.0)';
    'RAM1_D'<12>:
      PIN_NUMBER='(0,e15,0,0)';
      OUTPUT_TYPE='(TS,TS)';
      BIDIRECTIONAL='TRUE';
      INPUT_LOAD='(-0.01,0.01)';
      OUTPUT_LOAD='(1.0,-1.0)';
    'RAM1_D'<13>:
      PIN_NUMBER='(0,e14,0,0)';
      OUTPUT_TYPE='(TS,TS)';
      BIDIRECTIONAL='TRUE';
      INPUT_LOAD='(-0.01,0.01)';
      OUTPUT_LOAD='(1.0,-1.0)';
    'RAM1_D'<14>:
      PIN_NUMBER='(0,d14,0,0)';
      OUTPUT_TYPE='(TS,TS)';
      BIDIRECTIONAL='TRUE';
      INPUT_LOAD='(-0.01,0.01)';
      OUTPUT_LOAD='(1.0,-1.0)';
    'RAM1_D'<15>:
      PIN_NUMBER='(0,e13,0,0)';
      OUTPUT_TYPE='(TS,TS)';
      BIDIRECTIONAL='TRUE';
      INPUT_LOAD='(-0.01,0.01)';
      OUTPUT_LOAD='(1.0,-1.0)';
    'RAM1_D'<16>:
      PIN_NUMBER='(0,d13,0,0)';
      OUTPUT_TYPE='(TS,TS)';
      BIDIRECTIONAL='TRUE';
      INPUT_LOAD='(-0.01,0.01)';
      OUTPUT_LOAD='(1.0,-1.0)';
    'RAM1_D'<17>:
      PIN_NUMBER='(0,f13,0,0)';
      OUTPUT_TYPE='(TS,TS)';
      BIDIRECTIONAL='TRUE';
      INPUT_LOAD='(-0.01,0.01)';
      OUTPUT_LOAD='(1.0,-1.0)';
    'RAM1_D'<18>:
      PIN_NUMBER='(0,b20,0,0)';
      OUTPUT_TYPE='(TS,TS)';
      BIDIRECTIONAL='TRUE';
      INPUT_LOAD='(-0.01,0.01)';
      OUTPUT_LOAD='(1.0,-1.0)';
    'RAM1_D'<19>:
      PIN_NUMBER='(0,g16,0,0)';
      OUTPUT_TYPE='(TS,TS)';
      BIDIRECTIONAL='TRUE';
      INPUT_LOAD='(-0.01,0.01)';
      OUTPUT_LOAD='(1.0,-1.0)';
    'RAM1_D'<20>:
      PIN_NUMBER='(0,f16,0,0)';
      OUTPUT_TYPE='(TS,TS)';
      BIDIRECTIONAL='TRUE';
      INPUT_LOAD='(-0.01,0.01)';
      OUTPUT_LOAD='(1.0,-1.0)';
    'RAM1_D'<21>:
      PIN_NUMBER='(0,a20,0,0)';
      OUTPUT_TYPE='(TS,TS)';
      BIDIRECTIONAL='TRUE';
      INPUT_LOAD='(-0.01,0.01)';
      OUTPUT_LOAD='(1.0,-1.0)';
    'RAM1_D'<22>:
      PIN_NUMBER='(0,b19,0,0)';
      OUTPUT_TYPE='(TS,TS)';
      BIDIRECTIONAL='TRUE';
      INPUT_LOAD='(-0.01,0.01)';
      OUTPUT_LOAD='(1.0,-1.0)';
    'RAM1_D'<23>:
      PIN_NUMBER='(0,h16,0,0)';
      OUTPUT_TYPE='(TS,TS)';
      BIDIRECTIONAL='TRUE';
      INPUT_LOAD='(-0.01,0.01)';
      OUTPUT_LOAD='(1.0,-1.0)';
    'RAM1_D'<24>:
      PIN_NUMBER='(0,b18,0,0)';
      OUTPUT_TYPE='(TS,TS)';
      BIDIRECTIONAL='TRUE';
      INPUT_LOAD='(-0.01,0.01)';
      OUTPUT_LOAD='(1.0,-1.0)';
    'RAM1_D'<25>:
      PIN_NUMBER='(0,a19,0,0)';
      OUTPUT_TYPE='(TS,TS)';
      BIDIRECTIONAL='TRUE';
      INPUT_LOAD='(-0.01,0.01)';
      OUTPUT_LOAD='(1.0,-1.0)';
    'RAM1_D'<26>:
      PIN_NUMBER='(0,c17,0,0)';
      OUTPUT_TYPE='(TS,TS)';
      BIDIRECTIONAL='TRUE';
      INPUT_LOAD='(-0.01,0.01)';
      OUTPUT_LOAD='(1.0,-1.0)';
    'RAM1_D'<27>:
      PIN_NUMBER='(0,f17,0,0)';
      OUTPUT_TYPE='(TS,TS)';
      BIDIRECTIONAL='TRUE';
      INPUT_LOAD='(-0.01,0.01)';
      OUTPUT_LOAD='(1.0,-1.0)';
    'RAM1_D'<28>:
      PIN_NUMBER='(0,g17,0,0)';
      OUTPUT_TYPE='(TS,TS)';
      BIDIRECTIONAL='TRUE';
      INPUT_LOAD='(-0.01,0.01)';
      OUTPUT_LOAD='(1.0,-1.0)';
    'RAM1_D'<29>:
      PIN_NUMBER='(0,f18,0,0)';
      OUTPUT_TYPE='(TS,TS)';
      BIDIRECTIONAL='TRUE';
      INPUT_LOAD='(-0.01,0.01)';
      OUTPUT_LOAD='(1.0,-1.0)';
    'RAM1_D'<30>:
      PIN_NUMBER='(0,c20,0,0)';
      OUTPUT_TYPE='(TS,TS)';
      BIDIRECTIONAL='TRUE';
      INPUT_LOAD='(-0.01,0.01)';
      OUTPUT_LOAD='(1.0,-1.0)';
    'RAM1_D'<31>:
      PIN_NUMBER='(0,a21,0,0)';
      OUTPUT_TYPE='(TS,TS)';
      BIDIRECTIONAL='TRUE';
      INPUT_LOAD='(-0.01,0.01)';
      OUTPUT_LOAD='(1.0,-1.0)';
    'RAM1_D'<32>:
      PIN_NUMBER='(0,g22,0,0)';
      OUTPUT_TYPE='(TS,TS)';
      BIDIRECTIONAL='TRUE';
      INPUT_LOAD='(-0.01,0.01)';
      OUTPUT_LOAD='(1.0,-1.0)';
    'RAM1_D'<33>:
      PIN_NUMBER='(0,h21,0,0)';
      OUTPUT_TYPE='(TS,TS)';
      BIDIRECTIONAL='TRUE';
      INPUT_LOAD='(-0.01,0.01)';
      OUTPUT_LOAD='(1.0,-1.0)';
    'RAM1_D'<34>:
      PIN_NUMBER='(0,h20,0,0)';
      OUTPUT_TYPE='(TS,TS)';
      BIDIRECTIONAL='TRUE';
      INPUT_LOAD='(-0.01,0.01)';
      OUTPUT_LOAD='(1.0,-1.0)';
    'RAM1_D'<35>:
      PIN_NUMBER='(0,j21,0,0)';
      OUTPUT_TYPE='(TS,TS)';
      BIDIRECTIONAL='TRUE';
      INPUT_LOAD='(-0.01,0.01)';
      OUTPUT_LOAD='(1.0,-1.0)';
    '-RAM1_OE':
      PIN_NUMBER='(0,h15,0,0)';
      OUTPUT_LOAD='(1.0,-1.0)';
    '-RAM1_WE':
      PIN_NUMBER='(0,f15,0,0)';
      OUTPUT_LOAD='(1.0,-1.0)';
    'RAM1_ZZ':
      PIN_NUMBER='(0,d17,0,0)';
      OUTPUT_LOAD='(1.0,-1.0)';
    'STS_CLK':
      PIN_NUMBER='(0,ab5,0,0)';
      OUTPUT_LOAD='(1.0,-1.0)';
    'STS_D':
      PIN_NUMBER='(0,v6,0,0)';
      OUTPUT_LOAD='(1.0,-1.0)';
    '-STS_VLD':
      PIN_NUMBER='(0,ab1,0,0)';
      OUTPUT_LOAD='(1.0,-1.0)';
    'SYS_CLK':
      PIN_NUMBER='(0,ad11,0,0)';
      INPUT_LOAD='(-0.01,0.01)';
    '-SYS_RST':
      PIN_NUMBER='(0,u7,0,0)';
      INPUT_LOAD='(-0.01,0.01)';
    'PA_RXCLK':
      PIN_NUMBER='(0,0,ab12,0)';
      INPUT_LOAD='(-0.01,0.01)';
    'PA_RXD'<0>:
      PIN_NUMBER='(0,0,r1,0)';
      INPUT_LOAD='(-0.01,0.01)';
    'PA_RXD'<1>:
      PIN_NUMBER='(0,0,p1,0)';
      INPUT_LOAD='(-0.01,0.01)';
    'PA_RXD'<2>:
      PIN_NUMBER='(0,0,r3,0)';
      INPUT_LOAD='(-0.01,0.01)';
    'PA_RXD'<3>:
      PIN_NUMBER='(0,0,r2,0)';
      INPUT_LOAD='(-0.01,0.01)';
    'PA_RXD'<4>:
      PIN_NUMBER='(0,0,n4,0)';
      INPUT_LOAD='(-0.01,0.01)';
    'PA_RXD'<5>:
      PIN_NUMBER='(0,0,n3,0)';
      INPUT_LOAD='(-0.01,0.01)';
    'PA_RXD'<6>:
      PIN_NUMBER='(0,0,p4,0)';
      INPUT_LOAD='(-0.01,0.01)';
    'PA_RXD'<7>:
      PIN_NUMBER='(0,0,p3,0)';
      INPUT_LOAD='(-0.01,0.01)';
    '-PA_RXOE':
      PIN_NUMBER='(0,0,y1,0)';
      OUTPUT_LOAD='(1.0,-1.0)';
    'PA_RXRSV0':
      PIN_NUMBER='(0,0,t1,0)';
      INPUT_LOAD='(-0.01,0.01)';
    'PA_RXRSV1':
      PIN_NUMBER='(0,0,n6,0)';
      INPUT_LOAD='(-0.01,0.01)';
    '-PA_RXVLD':
      PIN_NUMBER='(0,0,n5,0)';
      INPUT_LOAD='(-0.01,0.01)';
    'PA_TXCLK':
      PIN_NUMBER='(0,0,v3,0)';
      OUTPUT_LOAD='(1.0,-1.0)';
    'PA_TXD'<0>:
      PIN_NUMBER='(0,0,w5,0)';
      OUTPUT_LOAD='(1.0,-1.0)';
    'PA_TXD'<1>:
      PIN_NUMBER='(0,0,y4,0)';
      OUTPUT_LOAD='(1.0,-1.0)';
    'PA_TXD'<2>:
      PIN_NUMBER='(0,0,v4,0)';
      OUTPUT_LOAD='(1.0,-1.0)';
    'PA_TXD'<3>:
      PIN_NUMBER='(0,0,w4,0)';
      OUTPUT_LOAD='(1.0,-1.0)';
    'PA_TXD'<4>:
      PIN_NUMBER='(0,0,t5,0)';
      OUTPUT_LOAD='(1.0,-1.0)';
    'PA_TXD'<5>:
      PIN_NUMBER='(0,0,t4,0)';
      OUTPUT_LOAD='(1.0,-1.0)';
    'PA_TXD'<6>:
      PIN_NUMBER='(0,0,p5,0)';
      OUTPUT_LOAD='(1.0,-1.0)';
    'PA_TXD'<7>:
      PIN_NUMBER='(0,0,r5,0)';
      OUTPUT_LOAD='(1.0,-1.0)';
    '-PA_TXOE':
      PIN_NUMBER='(0,0,aa1,0)';
      OUTPUT_LOAD='(1.0,-1.0)';
    'PA_TXRSV0':
      PIN_NUMBER='(0,0,v5,0)';
      OUTPUT_LOAD='(1.0,-1.0)';
    'PA_TXRSV1':
      PIN_NUMBER='(0,0,u4,0)';
      OUTPUT_LOAD='(1.0,-1.0)';
    '-PA_TXVLD':
      PIN_NUMBER='(0,0,u5,0)';
      OUTPUT_LOAD='(1.0,-1.0)';
    'PB_RXCLK':
      PIN_NUMBER='(0,0,u13,0)';
      INPUT_LOAD='(-0.01,0.01)';
    'PB_RXD'<0>:
      PIN_NUMBER='(0,0,d2,0)';
      INPUT_LOAD='(-0.01,0.01)';
    'PB_RXD'<1>:
      PIN_NUMBER='(0,0,d3,0)';
      INPUT_LOAD='(-0.01,0.01)';
    'PB_RXD'<2>:
      PIN_NUMBER='(0,0,e2,0)';
      INPUT_LOAD='(-0.01,0.01)';
    'PB_RXD'<3>:
      PIN_NUMBER='(0,0,e3,0)';
      INPUT_LOAD='(-0.01,0.01)';
    'PB_RXD'<4>:
      PIN_NUMBER='(0,0,h3,0)';
      INPUT_LOAD='(-0.01,0.01)';
    'PB_RXD'<5>:
      PIN_NUMBER='(0,0,f1,0)';
      INPUT_LOAD='(-0.01,0.01)';
    'PB_RXD'<6>:
      PIN_NUMBER='(0,0,l4,0)';
      INPUT_LOAD='(-0.01,0.01)';
    'PB_RXD'<7>:
      PIN_NUMBER='(0,0,l5,0)';
      INPUT_LOAD='(-0.01,0.01)';
    '-PB_RXOE':
      PIN_NUMBER='(0,0,w2,0)';
      OUTPUT_LOAD='(1.0,-1.0)';
    'PB_RXRSV0':
      PIN_NUMBER='(0,0,e1,0)';
      INPUT_LOAD='(-0.01,0.01)';
    'PB_RXRSV1':
      PIN_NUMBER='(0,0,f2,0)';
      INPUT_LOAD='(-0.01,0.01)';
    '-PB_RXVLD':
      PIN_NUMBER='(0,0,g2,0)';
      INPUT_LOAD='(-0.01,0.01)';
    'PB_TXCLK':
      PIN_NUMBER='(0,0,u6,0)';
      OUTPUT_LOAD='(1.0,-1.0)';
    'PB_TXD'<0>:
      PIN_NUMBER='(0,0,r6,0)';
      OUTPUT_LOAD='(1.0,-1.0)';
    'PB_TXD'<1>:
      PIN_NUMBER='(0,0,t8,0)';
      OUTPUT_LOAD='(1.0,-1.0)';
    'PB_TXD'<2>:
      PIN_NUMBER='(0,0,r8,0)';
      OUTPUT_LOAD='(1.0,-1.0)';
    'PB_TXD'<3>:
      PIN_NUMBER='(0,0,r7,0)';
      OUTPUT_LOAD='(1.0,-1.0)';
    'PB_TXD'<4>:
      PIN_NUMBER='(0,0,m6,0)';
      OUTPUT_LOAD='(1.0,-1.0)';
    'PB_TXD'<5>:
      PIN_NUMBER='(0,0,n8,0)';
      OUTPUT_LOAD='(1.0,-1.0)';
    'PB_TXD'<6>:
      PIN_NUMBER='(0,0,m5,0)';
      OUTPUT_LOAD='(1.0,-1.0)';
    'PB_TXD'<7>:
      PIN_NUMBER='(0,0,m4,0)';
      OUTPUT_LOAD='(1.0,-1.0)';
    '-PB_TXOE':
      PIN_NUMBER='(0,0,u3,0)';
      OUTPUT_LOAD='(1.0,-1.0)';
    'PB_TXRSV0':
      PIN_NUMBER='(0,0,p7,0)';
      OUTPUT_LOAD='(1.0,-1.0)';
    'PB_TXRSV1':
      PIN_NUMBER='(0,0,p8,0)';
      OUTPUT_LOAD='(1.0,-1.0)';
    '-PB_TXVLD':
      PIN_NUMBER='(0,0,n7,0)';
      OUTPUT_LOAD='(1.0,-1.0)';
    'CCLK':
      PIN_NUMBER='(0,0,0,ab23)';
      INPUT_LOAD='(-0.01,0.01)';
    'DONE':
      PIN_NUMBER='(0,0,0,ab21)';
      OUTPUT_LOAD='(1.0,-1.0)';
    'DXN':
      PIN_NUMBER='(0,0,0,b4)';
      PIN_TYPE='ANALOG';
      NO_LOAD_CHECK='Both';
      NO_IO_CHECK='Both';
      ALLOW_CONNECT='TRUE';
    'DXP':
      PIN_NUMBER='(0,0,0,c4)';
      PIN_TYPE='ANALOG';
      NO_LOAD_CHECK='Both';
      NO_IO_CHECK='Both';
      ALLOW_CONNECT='TRUE';
    'HFSYNT':
      PIN_NUMBER='(0,0,0,b13)';
      INPUT_LOAD='(-0.01,0.01)';
    '-HFSYNT':
      PIN_NUMBER='(0,0,0,c13)';
      INPUT_LOAD='(-0.01,0.01)';
    '-HSWAP_EN':
      PIN_NUMBER='(0,0,0,c2)';
      INPUT_LOAD='(-0.01,0.01)';
    'IO'<0>:
      PIN_NUMBER='(0,0,0,v15)';
      OUTPUT_LOAD='(1.0,-1.0)';
    'IO'<1>:
      PIN_NUMBER='(0,0,0,y2)';
      OUTPUT_LOAD='(1.0,-1.0)';
    'IO'<2>:
      PIN_NUMBER='(0,0,0,v2)';
      OUTPUT_LOAD='(1.0,-1.0)';
    'IO'<3>:
      PIN_NUMBER='(0,0,0,n2)';
      OUTPUT_LOAD='(1.0,-1.0)';
    'IO'<4>:
      PIN_NUMBER='(0,0,0,v16)';
      OUTPUT_LOAD='(1.0,-1.0)';
    'IO'<5>:
      PIN_NUMBER='(0,0,0,w18)';
      OUTPUT_LOAD='(1.0,-1.0)';
    'LED'<0>:
      PIN_NUMBER='(0,0,0,ab2)';
      OUTPUT_LOAD='(1.0,-1.0)';
    'LED'<1>:
      PIN_NUMBER='(0,0,0,ad4)';
      OUTPUT_LOAD='(1.0,-1.0)';
    'LED'<2>:
      PIN_NUMBER='(0,0,0,w15)';
      OUTPUT_LOAD='(1.0,-1.0)';
    'LED'<3>:
      PIN_NUMBER='(0,0,0,w16)';
      OUTPUT_LOAD='(1.0,-1.0)';
    'LFSYNT':
      PIN_NUMBER='(0,0,0,a14)';
      INPUT_LOAD='(-0.01,0.01)';
    '-LFSYNT':
      PIN_NUMBER='(0,0,0,a13)';
      INPUT_LOAD='(-0.01,0.01)';
    'LPIO'<0>:
      PIN_NUMBER='(0,0,0,aa9)';
      OUTPUT_TYPE='(TS,TS)';
      BIDIRECTIONAL='TRUE';
      INPUT_LOAD='(-0.01,0.01)';
      OUTPUT_LOAD='(1.0,-1.0)';
    'LPIO'<1>:
      PIN_NUMBER='(0,0,0,y9)';
      OUTPUT_TYPE='(TS,TS)';
      BIDIRECTIONAL='TRUE';
      INPUT_LOAD='(-0.01,0.01)';
      OUTPUT_LOAD='(1.0,-1.0)';
    'LPIO'<2>:
      PIN_NUMBER='(0,0,0,aa11)';
      OUTPUT_TYPE='(TS,TS)';
      BIDIRECTIONAL='TRUE';
      INPUT_LOAD='(-0.01,0.01)';
      OUTPUT_LOAD='(1.0,-1.0)';
    'LPIO'<3>:
      PIN_NUMBER='(0,0,0,y12)';
      OUTPUT_TYPE='(TS,TS)';
      BIDIRECTIONAL='TRUE';
      INPUT_LOAD='(-0.01,0.01)';
      OUTPUT_LOAD='(1.0,-1.0)';
    'LPIO'<4>:
      PIN_NUMBER='(0,0,0,aa13)';
      OUTPUT_TYPE='(TS,TS)';
      BIDIRECTIONAL='TRUE';
      INPUT_LOAD='(-0.01,0.01)';
      OUTPUT_LOAD='(1.0,-1.0)';
    'LPIO'<5>:
      PIN_NUMBER='(0,0,0,ab14)';
      OUTPUT_TYPE='(TS,TS)';
      BIDIRECTIONAL='TRUE';
      INPUT_LOAD='(-0.01,0.01)';
      OUTPUT_LOAD='(1.0,-1.0)';
    'LPIO'<6>:
      PIN_NUMBER='(0,0,0,aa14)';
      OUTPUT_TYPE='(TS,TS)';
      BIDIRECTIONAL='TRUE';
      INPUT_LOAD='(-0.01,0.01)';
      OUTPUT_LOAD='(1.0,-1.0)';
    'LPIO'<7>:
      PIN_NUMBER='(0,0,0,y16)';
      OUTPUT_TYPE='(TS,TS)';
      BIDIRECTIONAL='TRUE';
      INPUT_LOAD='(-0.01,0.01)';
      OUTPUT_LOAD='(1.0,-1.0)';
    'LPIO'<8>:
      PIN_NUMBER='(0,0,0,y8)';
      OUTPUT_TYPE='(TS,TS)';
      BIDIRECTIONAL='TRUE';
      INPUT_LOAD='(-0.01,0.01)';
      OUTPUT_LOAD='(1.0,-1.0)';
    'LPIO'<9>:
      PIN_NUMBER='(0,0,0,y10)';
      OUTPUT_TYPE='(TS,TS)';
      BIDIRECTIONAL='TRUE';
      INPUT_LOAD='(-0.01,0.01)';
      OUTPUT_LOAD='(1.0,-1.0)';
    'LPIO'<10>:
      PIN_NUMBER='(0,0,0,y11)';
      OUTPUT_TYPE='(TS,TS)';
      BIDIRECTIONAL='TRUE';
      INPUT_LOAD='(-0.01,0.01)';
      OUTPUT_LOAD='(1.0,-1.0)';
    'LPIO'<11>:
      PIN_NUMBER='(0,0,0,aa12)';
      OUTPUT_TYPE='(TS,TS)';
      BIDIRECTIONAL='TRUE';
      INPUT_LOAD='(-0.01,0.01)';
      OUTPUT_LOAD='(1.0,-1.0)';
    'LPIO'<12>:
      PIN_NUMBER='(0,0,0,y13)';
      OUTPUT_TYPE='(TS,TS)';
      BIDIRECTIONAL='TRUE';
      INPUT_LOAD='(-0.01,0.01)';
      OUTPUT_LOAD='(1.0,-1.0)';
    'LPIO'<13>:
      PIN_NUMBER='(0,0,0,v14)';
      OUTPUT_TYPE='(TS,TS)';
      BIDIRECTIONAL='TRUE';
      INPUT_LOAD='(-0.01,0.01)';
      OUTPUT_LOAD='(1.0,-1.0)';
    'LPIO'<14>:
      PIN_NUMBER='(0,0,0,y14)';
      OUTPUT_TYPE='(TS,TS)';
      BIDIRECTIONAL='TRUE';
      INPUT_LOAD='(-0.01,0.01)';
      OUTPUT_LOAD='(1.0,-1.0)';
    'LPIO'<15>:
      PIN_NUMBER='(0,0,0,y15)';
      OUTPUT_TYPE='(TS,TS)';
      BIDIRECTIONAL='TRUE';
      INPUT_LOAD='(-0.01,0.01)';
      OUTPUT_LOAD='(1.0,-1.0)';
    'LRXCLK':
      PIN_NUMBER='(0,0,0,w13)';
      INPUT_LOAD='(-0.01,0.01)';
    'LTXCLK':
      PIN_NUMBER='(0,0,0,w12)';
      OUTPUT_LOAD='(1.0,-1.0)';
    'M'<0>:
      PIN_NUMBER='(0,0,0,ac4)';
      INPUT_LOAD='(-0.01,0.01)';
    'M'<1>:
      PIN_NUMBER='(0,0,0,ab4)';
      INPUT_LOAD='(-0.01,0.01)';
    'M'<2>:
      PIN_NUMBER='(0,0,0,ad3)';
      INPUT_LOAD='(-0.01,0.01)';
    '-PROGRAM':
      PIN_NUMBER='(0,0,0,c1)';
      INPUT_LOAD='(-0.01,0.01)';
    '-PWRDWN':
      PIN_NUMBER='(0,0,0,ac21)';
      INPUT_LOAD='(-0.01,0.01)';
    'REARIO'<0>:
      PIN_NUMBER='(0,0,0,v12)';
      OUTPUT_TYPE='(TS,TS)';
      BIDIRECTIONAL='TRUE';
      INPUT_LOAD='(-0.01,0.01)';
      OUTPUT_LOAD='(1.0,-1.0)';
    'REARIO'<1>:
      PIN_NUMBER='(0,0,0,u12)';
      OUTPUT_TYPE='(TS,TS)';
      BIDIRECTIONAL='TRUE';
      INPUT_LOAD='(-0.01,0.01)';
      OUTPUT_LOAD='(1.0,-1.0)';
    'REARIO'<2>:
      PIN_NUMBER='(0,0,0,v10)';
      OUTPUT_TYPE='(TS,TS)';
      BIDIRECTIONAL='TRUE';
      INPUT_LOAD='(-0.01,0.01)';
      OUTPUT_LOAD='(1.0,-1.0)';
    'REARIO'<3>:
      PIN_NUMBER='(0,0,0,u10)';
      OUTPUT_TYPE='(TS,TS)';
      BIDIRECTIONAL='TRUE';
      INPUT_LOAD='(-0.01,0.01)';
      OUTPUT_LOAD='(1.0,-1.0)';
    'REARIO'<4>:
      PIN_NUMBER='(0,0,0,w8)';
      OUTPUT_TYPE='(TS,TS)';
      BIDIRECTIONAL='TRUE';
      INPUT_LOAD='(-0.01,0.01)';
      OUTPUT_LOAD='(1.0,-1.0)';
    'REARIO'<5>:
      PIN_NUMBER='(0,0,0,t6)';
      OUTPUT_TYPE='(TS,TS)';
      BIDIRECTIONAL='TRUE';
      INPUT_LOAD='(-0.01,0.01)';
      OUTPUT_LOAD='(1.0,-1.0)';
    'REARIO'<6>:
      PIN_NUMBER='(0,0,0,v11)';
      OUTPUT_TYPE='(TS,TS)';
      BIDIRECTIONAL='TRUE';
      INPUT_LOAD='(-0.01,0.01)';
      OUTPUT_LOAD='(1.0,-1.0)';
    'REARIO'<7>:
      PIN_NUMBER='(0,0,0,u15)';
      OUTPUT_TYPE='(TS,TS)';
      BIDIRECTIONAL='TRUE';
      INPUT_LOAD='(-0.01,0.01)';
      OUTPUT_LOAD='(1.0,-1.0)';
    'REARIO'<8>:
      PIN_NUMBER='(0,0,0,u11)';
      OUTPUT_TYPE='(TS,TS)';
      BIDIRECTIONAL='TRUE';
      INPUT_LOAD='(-0.01,0.01)';
      OUTPUT_LOAD='(1.0,-1.0)';
    'REARIO'<9>:
      PIN_NUMBER='(0,0,0,v9)';
      OUTPUT_TYPE='(TS,TS)';
      BIDIRECTIONAL='TRUE';
      INPUT_LOAD='(-0.01,0.01)';
      OUTPUT_LOAD='(1.0,-1.0)';
    'REARIO'<10>:
      PIN_NUMBER='(0,0,0,t7)';
      OUTPUT_TYPE='(TS,TS)';
      BIDIRECTIONAL='TRUE';
      INPUT_LOAD='(-0.01,0.01)';
      OUTPUT_LOAD='(1.0,-1.0)';
    'REARIO'<11>:
      PIN_NUMBER='(0,0,0,y3)';
      OUTPUT_TYPE='(TS,TS)';
      BIDIRECTIONAL='TRUE';
      INPUT_LOAD='(-0.01,0.01)';
      OUTPUT_LOAD='(1.0,-1.0)';
    'REARIO'<12>:
      PIN_NUMBER='(0,0,0,w9)';
      OUTPUT_TYPE='(TS,TS)';
      BIDIRECTIONAL='TRUE';
      INPUT_LOAD='(-0.01,0.01)';
      OUTPUT_LOAD='(1.0,-1.0)';
    'REARIO'<13>:
      PIN_NUMBER='(0,0,0,w17)';
      OUTPUT_TYPE='(TS,TS)';
      BIDIRECTIONAL='TRUE';
      INPUT_LOAD='(-0.01,0.01)';
      OUTPUT_LOAD='(1.0,-1.0)';
    'REARIO'<14>:
      PIN_NUMBER='(0,0,0,ab13)';
      OUTPUT_TYPE='(TS,TS)';
      BIDIRECTIONAL='TRUE';
      INPUT_LOAD='(-0.01,0.01)';
      OUTPUT_LOAD='(1.0,-1.0)';
    'REARIO'<15>:
      PIN_NUMBER='(0,0,0,w10)';
      OUTPUT_TYPE='(TS,TS)';
      BIDIRECTIONAL='TRUE';
      INPUT_LOAD='(-0.01,0.01)';
      OUTPUT_LOAD='(1.0,-1.0)';
    'REARIO'<16>:
      PIN_NUMBER='(0,0,0,w1)';
      OUTPUT_TYPE='(TS,TS)';
      BIDIRECTIONAL='TRUE';
      INPUT_LOAD='(-0.01,0.01)';
      OUTPUT_LOAD='(1.0,-1.0)';
    'REARIO'<17>:
      PIN_NUMBER='(0,0,0,ac13)';
      OUTPUT_TYPE='(TS,TS)';
      BIDIRECTIONAL='TRUE';
      INPUT_LOAD='(-0.01,0.01)';
      OUTPUT_LOAD='(1.0,-1.0)';
    'RPIO'<0>:
      PIN_NUMBER='(0,0,0,p21)';
      OUTPUT_TYPE='(TS,TS)';
      BIDIRECTIONAL='TRUE';
      INPUT_LOAD='(-0.01,0.01)';
      OUTPUT_LOAD='(1.0,-1.0)';
    'RPIO'<1>:
      PIN_NUMBER='(0,0,0,t20)';
      OUTPUT_TYPE='(TS,TS)';
      BIDIRECTIONAL='TRUE';
      INPUT_LOAD='(-0.01,0.01)';
      OUTPUT_LOAD='(1.0,-1.0)';
    'RPIO'<2>:
      PIN_NUMBER='(0,0,0,u21)';
      OUTPUT_TYPE='(TS,TS)';
      BIDIRECTIONAL='TRUE';
      INPUT_LOAD='(-0.01,0.01)';
      OUTPUT_LOAD='(1.0,-1.0)';
    'RPIO'<3>:
      PIN_NUMBER='(0,0,0,v22)';
      OUTPUT_TYPE='(TS,TS)';
      BIDIRECTIONAL='TRUE';
      INPUT_LOAD='(-0.01,0.01)';
      OUTPUT_LOAD='(1.0,-1.0)';
    'RPIO'<4>:
      PIN_NUMBER='(0,0,0,w20)';
      OUTPUT_TYPE='(TS,TS)';
      BIDIRECTIONAL='TRUE';
      INPUT_LOAD='(-0.01,0.01)';
      OUTPUT_LOAD='(1.0,-1.0)';
    'RPIO'<5>:
      PIN_NUMBER='(0,0,0,y18)';
      OUTPUT_TYPE='(TS,TS)';
      BIDIRECTIONAL='TRUE';
      INPUT_LOAD='(-0.01,0.01)';
      OUTPUT_LOAD='(1.0,-1.0)';
    'RPIO'<6>:
      PIN_NUMBER='(0,0,0,aa17)';
      OUTPUT_TYPE='(TS,TS)';
      BIDIRECTIONAL='TRUE';
      INPUT_LOAD='(-0.01,0.01)';
      OUTPUT_LOAD='(1.0,-1.0)';
    'RPIO'<7>:
      PIN_NUMBER='(0,0,0,y17)';
      OUTPUT_TYPE='(TS,TS)';
      BIDIRECTIONAL='TRUE';
      INPUT_LOAD='(-0.01,0.01)';
      OUTPUT_LOAD='(1.0,-1.0)';
    'RPIO'<8>:
      PIN_NUMBER='(0,0,0,aa16)';
      OUTPUT_TYPE='(TS,TS)';
      BIDIRECTIONAL='TRUE';
      INPUT_LOAD='(-0.01,0.01)';
      OUTPUT_LOAD='(1.0,-1.0)';
    'RPIO'<9>:
      PIN_NUMBER='(0,0,0,r20)';
      OUTPUT_TYPE='(TS,TS)';
      BIDIRECTIONAL='TRUE';
      INPUT_LOAD='(-0.01,0.01)';
      OUTPUT_LOAD='(1.0,-1.0)';
    'RPIO'<10>:
      PIN_NUMBER='(0,0,0,u22)';
      OUTPUT_TYPE='(TS,TS)';
      BIDIRECTIONAL='TRUE';
      INPUT_LOAD='(-0.01,0.01)';
      OUTPUT_LOAD='(1.0,-1.0)';
    'RPIO'<11>:
      PIN_NUMBER='(0,0,0,u18)';
      OUTPUT_TYPE='(TS,TS)';
      BIDIRECTIONAL='TRUE';
      INPUT_LOAD='(-0.01,0.01)';
      OUTPUT_LOAD='(1.0,-1.0)';
    'RPIO'<12>:
      PIN_NUMBER='(0,0,0,w21)';
      OUTPUT_TYPE='(TS,TS)';
      BIDIRECTIONAL='TRUE';
      INPUT_LOAD='(-0.01,0.01)';
      OUTPUT_LOAD='(1.0,-1.0)';
    'RPIO'<13>:
      PIN_NUMBER='(0,0,0,y21)';
      OUTPUT_TYPE='(TS,TS)';
      BIDIRECTIONAL='TRUE';
      INPUT_LOAD='(-0.01,0.01)';
      OUTPUT_LOAD='(1.0,-1.0)';
    'RPIO'<14>:
      PIN_NUMBER='(0,0,0,aa18)';
      OUTPUT_TYPE='(TS,TS)';
      BIDIRECTIONAL='TRUE';
      INPUT_LOAD='(-0.01,0.01)';
      OUTPUT_LOAD='(1.0,-1.0)';
    'RPIO'<15>:
      PIN_NUMBER='(0,0,0,ab18)';
      OUTPUT_TYPE='(TS,TS)';
      BIDIRECTIONAL='TRUE';
      INPUT_LOAD='(-0.01,0.01)';
      OUTPUT_LOAD='(1.0,-1.0)';
    'RRXCLK':
      PIN_NUMBER='(0,0,0,u14)';
      INPUT_LOAD='(-0.01,0.01)';
    'RTXCLK':
      PIN_NUMBER='(0,0,0,v21)';
      OUTPUT_LOAD='(1.0,-1.0)';
    'TCK':
      PIN_NUMBER='(0,0,0,c23)';
      INPUT_LOAD='(-0.01,0.01)';
    'TDI':
      PIN_NUMBER='(0,0,0,d1)';
      INPUT_LOAD='(-0.01,0.01)';
    'TDO':
      PIN_NUMBER='(0,0,0,c24)';
      OUTPUT_LOAD='(1.0,-1.0)';
    'TMS':
      PIN_NUMBER='(0,0,0,c21)';
      INPUT_LOAD='(-0.01,0.01)';
    'TSTCLK':
      PIN_NUMBER='(0,0,0,k2)';
      OUTPUT_LOAD='(1.0,-1.0)';
    'TSTD'<0>:
      PIN_NUMBER='(0,0,0,h2)';
      OUTPUT_LOAD='(1.0,-1.0)';
    'TSTD'<1>:
      PIN_NUMBER='(0,0,0,h1)';
      OUTPUT_LOAD='(1.0,-1.0)';
    'TSTD'<2>:
      PIN_NUMBER='(0,0,0,j3)';
      OUTPUT_LOAD='(1.0,-1.0)';
    'TSTD'<3>:
      PIN_NUMBER='(0,0,0,j2)';
      OUTPUT_LOAD='(1.0,-1.0)';
    'TSTD'<4>:
      PIN_NUMBER='(0,0,0,j1)';
      OUTPUT_LOAD='(1.0,-1.0)';
    'TSTD'<5>:
      PIN_NUMBER='(0,0,0,k3)';
      OUTPUT_LOAD='(1.0,-1.0)';
    'TSTD'<6>:
      PIN_NUMBER='(0,0,0,k1)';
      OUTPUT_LOAD='(1.0,-1.0)';
    'TSTD'<7>:
      PIN_NUMBER='(0,0,0,l1)';
      OUTPUT_LOAD='(1.0,-1.0)';
    'TSTD'<8>:
      PIN_NUMBER='(0,0,0,l3)';
      OUTPUT_LOAD='(1.0,-1.0)';
    'TSTD'<9>:
      PIN_NUMBER='(0,0,0,m3)';
      OUTPUT_LOAD='(1.0,-1.0)';
    'TSTD'<10>:
      PIN_NUMBER='(0,0,0,m1)';
      OUTPUT_LOAD='(1.0,-1.0)';
    'TSTD'<11>:
      PIN_NUMBER='(0,0,0,m2)';
      OUTPUT_LOAD='(1.0,-1.0)';
    'UTCL':
      PIN_NUMBER='(0,0,0,t2)';
      INPUT_LOAD='(-0.01,0.01)';
    '-UTCL':
      PIN_NUMBER='(0,0,0,t3)';
      INPUT_LOAD='(-0.01,0.01)';
    'UTCR':
      PIN_NUMBER='(0,0,0,u1)';
      INPUT_LOAD='(-0.01,0.01)';
    '-UTCR':
      PIN_NUMBER='(0,0,0,u2)';
      INPUT_LOAD='(-0.01,0.01)';
    'VBATT':
      PIN_NUMBER='(0,0,0,b21)';
      INPUT_LOAD='(-0.01,0.01)';
    'VRN'<0>:
      PIN_NUMBER='(0,0,0,d6)';
      PIN_TYPE='ANALOG';
      NO_LOAD_CHECK='Both';
      NO_IO_CHECK='Both';
      ALLOW_CONNECT='TRUE';
    'VRN'<1>:
      PIN_NUMBER='(0,0,0,e19)';
      PIN_TYPE='ANALOG';
      NO_LOAD_CHECK='Both';
      NO_IO_CHECK='Both';
      ALLOW_CONNECT='TRUE';
    'VRN'<2>:
      PIN_NUMBER='(0,0,0,e22)';
      PIN_TYPE='ANALOG';
      NO_LOAD_CHECK='Both';
      NO_IO_CHECK='Both';
      ALLOW_CONNECT='TRUE';
    'VRN'<3>:
      PIN_NUMBER='(0,0,0,v19)';
      PIN_TYPE='ANALOG';
      NO_LOAD_CHECK='Both';
      NO_IO_CHECK='Both';
      ALLOW_CONNECT='TRUE';
    'VRN'<4>:
      PIN_NUMBER='(0,0,0,v17)';
      PIN_TYPE='ANALOG';
      NO_LOAD_CHECK='Both';
      NO_IO_CHECK='Both';
      ALLOW_CONNECT='TRUE';
    'VRN'<5>:
      PIN_NUMBER='(0,0,0,aa7)';
      PIN_TYPE='ANALOG';
      NO_LOAD_CHECK='Both';
      NO_IO_CHECK='Both';
      ALLOW_CONNECT='TRUE';
    'VRN'<6>:
      PIN_NUMBER='(0,0,0,aa3)';
      PIN_TYPE='ANALOG';
      NO_LOAD_CHECK='Both';
      NO_IO_CHECK='Both';
      ALLOW_CONNECT='TRUE';
    'VRN'<7>:
      PIN_NUMBER='(0,0,0,g5)';
      PIN_TYPE='ANALOG';
      NO_LOAD_CHECK='Both';
      NO_IO_CHECK='Both';
      ALLOW_CONNECT='TRUE';
    'VRP'<0>:
      PIN_NUMBER='(0,0,0,e6)';
      PIN_TYPE='ANALOG';
      NO_LOAD_CHECK='Both';
      NO_IO_CHECK='Both';
      ALLOW_CONNECT='TRUE';
    'VRP'<1>:
      PIN_NUMBER='(0,0,0,d19)';
      PIN_TYPE='ANALOG';
      NO_LOAD_CHECK='Both';
      NO_IO_CHECK='Both';
      ALLOW_CONNECT='TRUE';
    'VRP'<2>:
      PIN_NUMBER='(0,0,0,e21)';
      PIN_TYPE='ANALOG';
      NO_LOAD_CHECK='Both';
      NO_IO_CHECK='Both';
      ALLOW_CONNECT='TRUE';
    'VRP'<3>:
      PIN_NUMBER='(0,0,0,v20)';
      PIN_TYPE='ANALOG';
      NO_LOAD_CHECK='Both';
      NO_IO_CHECK='Both';
      ALLOW_CONNECT='TRUE';
    'VRP'<4>:
      PIN_NUMBER='(0,0,0,u16)';
      PIN_TYPE='ANALOG';
      NO_LOAD_CHECK='Both';
      NO_IO_CHECK='Both';
      ALLOW_CONNECT='TRUE';
    'VRP'<5>:
      PIN_NUMBER='(0,0,0,ab7)';
      PIN_TYPE='ANALOG';
      NO_LOAD_CHECK='Both';
      NO_IO_CHECK='Both';
      ALLOW_CONNECT='TRUE';
    'VRP'<6>:
      PIN_NUMBER='(0,0,0,aa2)';
      PIN_TYPE='ANALOG';
      NO_LOAD_CHECK='Both';
      NO_IO_CHECK='Both';
      ALLOW_CONNECT='TRUE';
    'VRP'<7>:
      PIN_NUMBER='(0,0,0,g6)';
      PIN_TYPE='ANALOG';
      NO_LOAD_CHECK='Both';
      NO_IO_CHECK='Both';
      ALLOW_CONNECT='TRUE';
  end_pin;
  body
    PART_NAME='DPU';
    FAMILY='?';
    BODY_NAME='DPU';
    JEDEC_TYPE='F2';
    PHYS_DES_PREFIX='DD';
    CLASS='IC';
    POWER_PINS='(GNDD:A2,A7,A18,A23,A24,B1,B2,B23,B24,C3,C22,D4,D10,D15,D21)';
    POWER_PINS='(GNDD:E5,E20,F6,F19,G1,G7,G18,G24,K4,K21,L11,L12,L13,L14,M11)';
    POWER_PINS='(GNDD:M12,M13,M14,N11,N12,N13,N14,P11,P12,P13,P14,R4,R21,V1)';
    POWER_PINS='(GNDD:V7,V18,V24,W6,W19,Y5,Y20,AA4,AA10,AA15,AA21,AB3,AB22,AC1)';
    POWER_PINS='(GNDD:AC2,AC23,AC24,AD1,AD2,AD7,AD18,AD23,AD24)';
    POWER_PINS='(VCCAUX:A12,B3,B22,M24,N1,AC3,AC22,AD13)';
    POWER_PINS='(VCCINT:H8,J9,J16,H17,K10,K11,K12,K13,K14,K15,L10,L15,M10,M15)';
    POWER_PINS='(VCCINT:N10,N15,P10,P15,R10,R11,R12,R13,R14,R15,T9,T16,U8,U17)';
    POWER_PINS='(VCCO_0:C6,B11,F11,J10,J11,J12)';
    POWER_PINS='(VCCO_1:B14,C19,F14,J13,J14,J15)';
    POWER_PINS='(VCCO_2:F22,K16,L16,L19,L23,M16)';
    POWER_PINS='(VCCO_3:N16,P16,P19,P23,R16,W22)';
    POWER_PINS='(VCCO_4:T13,T14,T15,W14,AB19,AC14)';
    POWER_PINS='(VCCO_5:T10,T11,T12,W11,AC11,AB6)';
    POWER_PINS='(VCCO_6:P9,P2,P6,R9,W3,N9)';
    POWER_PINS='(VCCO_7:F3,K9,L2,L6,L9,M9)';
    NC_PINS='(A22)';
  end_body;
end_primitive;

END.
