
	(Comment
		(Time 11/20/04,14:16:14)
		(User rifch)
		(MsgId ECO_021)
		(Text "Package C_PR added to cell")
		(Param1 C_PR)
	)

	(Comment
		(Time 11/20/04,14:19:18)
		(User rifch)
		(MsgId ECO_082)
		(Text "Symbol sym_1 deleted from cell")
		(Param1 sym_1)
	)
	(Comment
		(Time 11/20/04,14:19:33)
		(User rifch)
		(MsgId ECO_081)
		(Text "Symbol sym_1 added to cell")
		(Param1 sym_1)
	)
	(Comment
		(Time 11/20/04,14:19:50)
		(User rifch)
		(MsgId ECO_021)
		(Text "Package C_PR_1 added to cell")
		(Param1 C_PR_1)
	)
	(Comment
		(Time 11/20/04,14:20:03)
		(User rifch)
		(MsgId ECO_022)
		(Text "Package C_PR_1 deleted from cell")
		(Param1 C_PR_1)
	)
	(Comment
		(Time 11/20/04,14:20:07)
		(User rifch)
		(MsgId ECO_082)
		(Text "Symbol sym_1 deleted from cell")
		(Param1 sym_1)
	)
	(Comment
		(Time 11/20/04,14:20:13)
		(User rifch)
		(MsgId ECO_081)
		(Text "Symbol sym_1 added to cell")
		(Param1 sym_1)
	)
	(Comment
		(Time 11/20/04,14:20:26)
		(User rifch)
		(MsgId ECO_082)
		(Text "Symbol sym_1 deleted from cell")
		(Param1 sym_1)
	)
	(Comment
		(Time 11/20/04,14:21:34)
		(User rifch)
		(MsgId ECO_081)
		(Text "Symbol sym_1 added to cell")
		(Param1 sym_1)
	)
	(Comment
		(Time 11/20/04,14:22:12)
		(User rifch)
		(MsgId ECO_082)
		(Text "Symbol sym_1 deleted from cell")
		(Param1 sym_1)
	)
	(Comment
		(Time 11/20/04,14:22:16)
		(User rifch)
		(MsgId ECO_022)
		(Text "Package C_PR deleted from cell")
		(Param1 C_PR)
	)
	(Comment
		(Time 11/20/04,14:22:20)
		(User rifch)
		(MsgId ECO_081)
		(Text "Symbol sym_1 added to cell")
		(Param1 sym_1)
	)
	(Comment
		(Time 11/20/04,14:22:28)
		(User rifch)
		(MsgId ECO_021)
		(Text "Package c_pr added to cell")
		(Param1 c_pr)
	)
