FILE_TYPE=LIBRARY_PARTS;
primitive 'DPU_T';
  pin
    'RP2RCLK1X':
      PIN_NUMBER='(J19,0,0,0,0,0)';
      INPUT_LOAD='(-0.01,0.01)';
    'L2QD'<1>:
      PIN_NUMBER='(AA5,0,0,0,0,0)';
      OUTPUT_TYPE='(TS,TS)';
      BIDIRECTIONAL='TRUE';
      INPUT_LOAD='(-0.01,0.01)';
      OUTPUT_LOAD='(1.0,-1.0)';
    'R2QD'<2>:
      PIN_NUMBER='(AB11,0,0,0,0,0)';
      OUTPUT_TYPE='(TS,TS)';
      BIDIRECTIONAL='TRUE';
      INPUT_LOAD='(-0.01,0.01)';
      OUTPUT_LOAD='(1.0,-1.0)';
    'LP2DIR':
      PIN_NUMBER='(D22,0,0,0,0,0)';
      OUTPUT_LOAD='(1.0,-1.0)';
    'RP1RCLK1X':
      PIN_NUMBER='(E14,0,0,0,0,0)';
      INPUT_LOAD='(-0.01,0.01)';
    'RP1CMD'<1>:
      PIN_NUMBER='(G11,0,0,0,0,0)';
      OUTPUT_TYPE='(TS,TS)';
      BIDIRECTIONAL='TRUE';
      INPUT_LOAD='(-0.01,0.01)';
      OUTPUT_LOAD='(1.0,-1.0)';
    'LP2CMD'<3>:
      PIN_NUMBER='(G13,0,0,0,0,0)';
      OUTPUT_TYPE='(TS,TS)';
      BIDIRECTIONAL='TRUE';
      INPUT_LOAD='(-0.01,0.01)';
      OUTPUT_LOAD='(1.0,-1.0)';
    'R1ID'<1>:
      PIN_NUMBER='(J20,0,0,0,0,0)';
      OUTPUT_TYPE='(TS,TS)';
      BIDIRECTIONAL='TRUE';
      INPUT_LOAD='(-0.01,0.01)';
      OUTPUT_LOAD='(1.0,-1.0)';
    'LP2TCLK4X':
      PIN_NUMBER='(K6,0,0,0,0,0)';
      OUTPUT_LOAD='(1.0,-1.0)';
    'L2ID'<2>:
      PIN_NUMBER='(K17,0,0,0,0,0)';
      OUTPUT_TYPE='(TS,TS)';
      BIDIRECTIONAL='TRUE';
      INPUT_LOAD='(-0.01,0.01)';
      OUTPUT_LOAD='(1.0,-1.0)';
    'R2QD'<3>:
      PIN_NUMBER='(K22,0,0,0,0,0)';
      OUTPUT_TYPE='(TS,TS)';
      BIDIRECTIONAL='TRUE';
      INPUT_LOAD='(-0.01,0.01)';
      OUTPUT_LOAD='(1.0,-1.0)';
    'L2QD'<2>:
      PIN_NUMBER='(L18,0,0,0,0,0)';
      OUTPUT_TYPE='(TS,TS)';
      BIDIRECTIONAL='TRUE';
      INPUT_LOAD='(-0.01,0.01)';
      OUTPUT_LOAD='(1.0,-1.0)';
    'LP2TCLK1X':
      PIN_NUMBER='(L22,0,0,0,0,0)';
      OUTPUT_LOAD='(1.0,-1.0)';
    'RP1CMD'<0>:
      PIN_NUMBER='(M18,0,0,0,0,0)';
      OUTPUT_TYPE='(TS,TS)';
      BIDIRECTIONAL='TRUE';
      INPUT_LOAD='(-0.01,0.01)';
      OUTPUT_LOAD='(1.0,-1.0)';
    'L2QD'<3>:
      PIN_NUMBER='(N8,0,0,0,0,0)';
      OUTPUT_TYPE='(TS,TS)';
      BIDIRECTIONAL='TRUE';
      INPUT_LOAD='(-0.01,0.01)';
      OUTPUT_LOAD='(1.0,-1.0)';
    '-LP2TCLK4X':
      PIN_NUMBER='(P17,0,0,0,0,0)';
      OUTPUT_LOAD='(1.0,-1.0)';
    'RP2CMD'<2>:
      PIN_NUMBER='(R20,0,0,0,0,0)';
      OUTPUT_TYPE='(TS,TS)';
      BIDIRECTIONAL='TRUE';
      INPUT_LOAD='(-0.01,0.01)';
      OUTPUT_LOAD='(1.0,-1.0)';
    'LP2CMD'<2>:
      PIN_NUMBER='(T18,0,0,0,0,0)';
      OUTPUT_TYPE='(TS,TS)';
      BIDIRECTIONAL='TRUE';
      INPUT_LOAD='(-0.01,0.01)';
      OUTPUT_LOAD='(1.0,-1.0)';
    'LP2RCLK1X':
      PIN_NUMBER='(W13,0,0,0,0,0)';
      INPUT_LOAD='(-0.01,0.01)';
    'L2QD'<0>:
      PIN_NUMBER='(Y4,0,0,0,0,0)';
      OUTPUT_TYPE='(TS,TS)';
      BIDIRECTIONAL='TRUE';
      INPUT_LOAD='(-0.01,0.01)';
      OUTPUT_LOAD='(1.0,-1.0)';
    '-LP2OE':
      PIN_NUMBER='(ab20,0,0,0,0,0)';
      OUTPUT_LOAD='(1.0,-1.0)';
    'R2QD'<1>:
      PIN_NUMBER='(k7,0,0,0,0,0)';
      OUTPUT_TYPE='(TS,TS)';
      BIDIRECTIONAL='TRUE';
      INPUT_LOAD='(-0.01,0.01)';
      OUTPUT_LOAD='(1.0,-1.0)';
    'R1ID'<2>:
      PIN_NUMBER='(p18,0,0,0,0,0)';
      OUTPUT_TYPE='(TS,TS)';
      BIDIRECTIONAL='TRUE';
      INPUT_LOAD='(-0.01,0.01)';
      OUTPUT_LOAD='(1.0,-1.0)';
    'RP2TCLK1X':
      PIN_NUMBER='(r3,0,0,0,0,0)';
      OUTPUT_LOAD='(1.0,-1.0)';
    'RP2CMD'<3>:
      PIN_NUMBER='(v11,0,0,0,0,0)';
      OUTPUT_TYPE='(TS,TS)';
      BIDIRECTIONAL='TRUE';
      INPUT_LOAD='(-0.01,0.01)';
      OUTPUT_LOAD='(1.0,-1.0)';
    'L2ID'<1>:
      PIN_NUMBER='(v14,0,0,0,0,0)';
      OUTPUT_TYPE='(TS,TS)';
      BIDIRECTIONAL='TRUE';
      INPUT_LOAD='(-0.01,0.01)';
      OUTPUT_LOAD='(1.0,-1.0)';
    'RP2DIR':
      PIN_NUMBER='(w7,0,0,0,0,0)';
      OUTPUT_LOAD='(1.0,-1.0)';
    'R1ID'<0>:
      PIN_NUMBER='(y7,0,0,0,0,0)';
      OUTPUT_TYPE='(TS,TS)';
      BIDIRECTIONAL='TRUE';
      INPUT_LOAD='(-0.01,0.01)';
      OUTPUT_LOAD='(1.0,-1.0)';
    'L2ID'<3>:
      PIN_NUMBER='(y19,0,0,0,0,0)';
      OUTPUT_TYPE='(TS,TS)';
      BIDIRECTIONAL='TRUE';
      INPUT_LOAD='(-0.01,0.01)';
      OUTPUT_LOAD='(1.0,-1.0)';
    'EN0':
      PIN_NUMBER='(0,T21,0,0,0,0)';
      OUTPUT_LOAD='(1.0,-1.0)';
    'EN1':
      PIN_NUMBER='(0,AA23,0,0,0,0)';
      OUTPUT_LOAD='(1.0,-1.0)';
    'MC_AD'<0>:
      PIN_NUMBER='(0,N2,0,0,0,0)';
      OUTPUT_TYPE='(TS,TS)';
      BIDIRECTIONAL='TRUE';
      INPUT_LOAD='(-0.01,0.01)';
      OUTPUT_LOAD='(1.0,-1.0)';
    'MC_AD'<1>:
      PIN_NUMBER='(0,M3,0,0,0,0)';
      OUTPUT_TYPE='(TS,TS)';
      BIDIRECTIONAL='TRUE';
      INPUT_LOAD='(-0.01,0.01)';
      OUTPUT_LOAD='(1.0,-1.0)';
    'MC_AD'<2>:
      PIN_NUMBER='(0,N3,0,0,0,0)';
      OUTPUT_TYPE='(TS,TS)';
      BIDIRECTIONAL='TRUE';
      INPUT_LOAD='(-0.01,0.01)';
      OUTPUT_LOAD='(1.0,-1.0)';
    'MC_AD'<3>:
      PIN_NUMBER='(0,T5,0,0,0,0)';
      OUTPUT_TYPE='(TS,TS)';
      BIDIRECTIONAL='TRUE';
      INPUT_LOAD='(-0.01,0.01)';
      OUTPUT_LOAD='(1.0,-1.0)';
    'MC_AD'<4>:
      PIN_NUMBER='(0,U5,0,0,0,0)';
      OUTPUT_TYPE='(TS,TS)';
      BIDIRECTIONAL='TRUE';
      INPUT_LOAD='(-0.01,0.01)';
      OUTPUT_LOAD='(1.0,-1.0)';
    'MC_AD'<5>:
      PIN_NUMBER='(0,U6,0,0,0,0)';
      OUTPUT_TYPE='(TS,TS)';
      BIDIRECTIONAL='TRUE';
      INPUT_LOAD='(-0.01,0.01)';
      OUTPUT_LOAD='(1.0,-1.0)';
    'MC_AD'<6>:
      PIN_NUMBER='(0,V6,0,0,0,0)';
      OUTPUT_TYPE='(TS,TS)';
      BIDIRECTIONAL='TRUE';
      INPUT_LOAD='(-0.01,0.01)';
      OUTPUT_LOAD='(1.0,-1.0)';
    'MC_AD'<7>:
      PIN_NUMBER='(0,W2,0,0,0,0)';
      OUTPUT_TYPE='(TS,TS)';
      BIDIRECTIONAL='TRUE';
      INPUT_LOAD='(-0.01,0.01)';
      OUTPUT_LOAD='(1.0,-1.0)';
    'MC_ALE':
      PIN_NUMBER='(0,Y3,0,0,0,0)';
      INPUT_LOAD='(-0.01,0.01)';
    '-MC_RD':
      PIN_NUMBER='(0,Y2,0,0,0,0)';
      OUTPUT_TYPE='(TS,TS)';
      BIDIRECTIONAL='TRUE';
      INPUT_LOAD='(-0.01,0.01)';
      OUTPUT_LOAD='(1.0,-1.0)';
    '-MC_WR':
      PIN_NUMBER='(0,AA1,0,0,0,0)';
      OUTPUT_TYPE='(TS,TS)';
      BIDIRECTIONAL='TRUE';
      INPUT_LOAD='(-0.01,0.01)';
      OUTPUT_LOAD='(1.0,-1.0)';
    'M_A'<0>:
      PIN_NUMBER='(0,H19,0,0,0,0)';
      OUTPUT_TYPE='(TS,TS)';
      BIDIRECTIONAL='TRUE';
      INPUT_LOAD='(-0.01,0.01)';
      OUTPUT_LOAD='(1.0,-1.0)';
    'M_A'<1>:
      PIN_NUMBER='(0,G23,0,0,0,0)';
      OUTPUT_TYPE='(TS,TS)';
      BIDIRECTIONAL='TRUE';
      INPUT_LOAD='(-0.01,0.01)';
      OUTPUT_LOAD='(1.0,-1.0)';
    'M_A'<2>:
      PIN_NUMBER='(0,F24,0,0,0,0)';
      OUTPUT_TYPE='(TS,TS)';
      BIDIRECTIONAL='TRUE';
      INPUT_LOAD='(-0.01,0.01)';
      OUTPUT_LOAD='(1.0,-1.0)';
    'M_A'<3>:
      PIN_NUMBER='(0,F23,0,0,0,0)';
      OUTPUT_TYPE='(TS,TS)';
      BIDIRECTIONAL='TRUE';
      INPUT_LOAD='(-0.01,0.01)';
      OUTPUT_LOAD='(1.0,-1.0)';
    'M_A'<4>:
      PIN_NUMBER='(0,G19,0,0,0,0)';
      OUTPUT_TYPE='(TS,TS)';
      BIDIRECTIONAL='TRUE';
      INPUT_LOAD='(-0.01,0.01)';
      OUTPUT_LOAD='(1.0,-1.0)';
    'M_A'<5>:
      PIN_NUMBER='(0,G20,0,0,0,0)';
      OUTPUT_TYPE='(TS,TS)';
      BIDIRECTIONAL='TRUE';
      INPUT_LOAD='(-0.01,0.01)';
      OUTPUT_LOAD='(1.0,-1.0)';
    'M_A'<6>:
      PIN_NUMBER='(0,D23,0,0,0,0)';
      OUTPUT_TYPE='(TS,TS)';
      BIDIRECTIONAL='TRUE';
      INPUT_LOAD='(-0.01,0.01)';
      OUTPUT_LOAD='(1.0,-1.0)';
    'M_A'<7>:
      PIN_NUMBER='(0,D24,0,0,0,0)';
      OUTPUT_TYPE='(TS,TS)';
      BIDIRECTIONAL='TRUE';
      INPUT_LOAD='(-0.01,0.01)';
      OUTPUT_LOAD='(1.0,-1.0)';
    'M_A'<8>:
      PIN_NUMBER='(0,E23,0,0,0,0)';
      OUTPUT_TYPE='(TS,TS)';
      BIDIRECTIONAL='TRUE';
      INPUT_LOAD='(-0.01,0.01)';
      OUTPUT_LOAD='(1.0,-1.0)';
    'M_A'<9>:
      PIN_NUMBER='(0,E24,0,0,0,0)';
      OUTPUT_TYPE='(TS,TS)';
      BIDIRECTIONAL='TRUE';
      INPUT_LOAD='(-0.01,0.01)';
      OUTPUT_LOAD='(1.0,-1.0)';
    'M_A'<10>:
      PIN_NUMBER='(0,H21,0,0,0,0)';
      OUTPUT_TYPE='(TS,TS)';
      BIDIRECTIONAL='TRUE';
      INPUT_LOAD='(-0.01,0.01)';
      OUTPUT_LOAD='(1.0,-1.0)';
    'M_A'<11>:
      PIN_NUMBER='(0,H22,0,0,0,0)';
      OUTPUT_TYPE='(TS,TS)';
      BIDIRECTIONAL='TRUE';
      INPUT_LOAD='(-0.01,0.01)';
      OUTPUT_LOAD='(1.0,-1.0)';
    'M_A'<12>:
      PIN_NUMBER='(0,M23,0,0,0,0)';
      OUTPUT_TYPE='(TS,TS)';
      BIDIRECTIONAL='TRUE';
      INPUT_LOAD='(-0.01,0.01)';
      OUTPUT_LOAD='(1.0,-1.0)';
    'M_A'<13>:
      PIN_NUMBER='(0,H24,0,0,0,0)';
      OUTPUT_TYPE='(TS,TS)';
      BIDIRECTIONAL='TRUE';
      INPUT_LOAD='(-0.01,0.01)';
      OUTPUT_LOAD='(1.0,-1.0)';
    'M_A'<14>:
      PIN_NUMBER='(0,L24,0,0,0,0)';
      OUTPUT_TYPE='(TS,TS)';
      BIDIRECTIONAL='TRUE';
      INPUT_LOAD='(-0.01,0.01)';
      OUTPUT_LOAD='(1.0,-1.0)';
    'M_A'<15>:
      PIN_NUMBER='(0,H18,0,0,0,0)';
      OUTPUT_TYPE='(TS,TS)';
      BIDIRECTIONAL='TRUE';
      INPUT_LOAD='(-0.01,0.01)';
      OUTPUT_LOAD='(1.0,-1.0)';
    'M_A'<16>:
      PIN_NUMBER='(0,J17,0,0,0,0)';
      OUTPUT_TYPE='(TS,TS)';
      BIDIRECTIONAL='TRUE';
      INPUT_LOAD='(-0.01,0.01)';
      OUTPUT_LOAD='(1.0,-1.0)';
    'M_A'<17>:
      PIN_NUMBER='(0,F20,0,0,0,0)';
      OUTPUT_TYPE='(TS,TS)';
      BIDIRECTIONAL='TRUE';
      INPUT_LOAD='(-0.01,0.01)';
      OUTPUT_LOAD='(1.0,-1.0)';
    'M_A'<18>:
      PIN_NUMBER='(0,F21,0,0,0,0)';
      OUTPUT_TYPE='(TS,TS)';
      BIDIRECTIONAL='TRUE';
      INPUT_LOAD='(-0.01,0.01)';
      OUTPUT_LOAD='(1.0,-1.0)';
    'M_A'<19>:
      PIN_NUMBER='(0,M22,0,0,0,0)';
      OUTPUT_TYPE='(TS,TS)';
      BIDIRECTIONAL='TRUE';
      INPUT_LOAD='(-0.01,0.01)';
      OUTPUT_LOAD='(1.0,-1.0)';
    'M_A'<20>:
      PIN_NUMBER='(0,R22,0,0,0,0)';
      OUTPUT_TYPE='(TS,TS)';
      BIDIRECTIONAL='TRUE';
      INPUT_LOAD='(-0.01,0.01)';
      OUTPUT_LOAD='(1.0,-1.0)';
    'M_A'<21>:
      PIN_NUMBER='(0,N22,0,0,0,0)';
      OUTPUT_TYPE='(TS,TS)';
      BIDIRECTIONAL='TRUE';
      INPUT_LOAD='(-0.01,0.01)';
      OUTPUT_LOAD='(1.0,-1.0)';
    'M_A'<22>:
      PIN_NUMBER='(0,P22,0,0,0,0)';
      OUTPUT_TYPE='(TS,TS)';
      BIDIRECTIONAL='TRUE';
      INPUT_LOAD='(-0.01,0.01)';
      OUTPUT_LOAD='(1.0,-1.0)';
    'M_A'<23>:
      PIN_NUMBER='(0,G21,0,0,0,0)';
      OUTPUT_TYPE='(TS,TS)';
      BIDIRECTIONAL='TRUE';
      INPUT_LOAD='(-0.01,0.01)';
      OUTPUT_LOAD='(1.0,-1.0)';
    'M_A'<24>:
      PIN_NUMBER='(0,L17,0,0,0,0)';
      OUTPUT_TYPE='(TS,TS)';
      BIDIRECTIONAL='TRUE';
      INPUT_LOAD='(-0.01,0.01)';
      OUTPUT_LOAD='(1.0,-1.0)';
    'M_A'<25>:
      PIN_NUMBER='(0,W21,0,0,0,0)';
      OUTPUT_TYPE='(TS,TS)';
      BIDIRECTIONAL='TRUE';
      INPUT_LOAD='(-0.01,0.01)';
      OUTPUT_LOAD='(1.0,-1.0)';
    'M_CLK':
      PIN_NUMBER='(0,Y22,0,0,0,0)';
      INPUT_LOAD='(-0.01,0.01)';
    '-M_CS_CFG':
      PIN_NUMBER='(0,Y21,0,0,0,0)';
      INPUT_LOAD='(-0.01,0.01)';
    'M_D'<0>:
      PIN_NUMBER='(0,N20,0,0,0,0)';
      OUTPUT_TYPE='(TS,TS)';
      BIDIRECTIONAL='TRUE';
      INPUT_LOAD='(-0.01,0.01)';
      OUTPUT_LOAD='(1.0,-1.0)';
    'M_D'<1>:
      PIN_NUMBER='(0,N17,0,0,0,0)';
      OUTPUT_TYPE='(TS,TS)';
      BIDIRECTIONAL='TRUE';
      INPUT_LOAD='(-0.01,0.01)';
      OUTPUT_LOAD='(1.0,-1.0)';
    'M_D'<2>:
      PIN_NUMBER='(0,N18,0,0,0,0)';
      OUTPUT_TYPE='(TS,TS)';
      BIDIRECTIONAL='TRUE';
      INPUT_LOAD='(-0.01,0.01)';
      OUTPUT_LOAD='(1.0,-1.0)';
    'M_D'<3>:
      PIN_NUMBER='(0,N19,0,0,0,0)';
      OUTPUT_TYPE='(TS,TS)';
      BIDIRECTIONAL='TRUE';
      INPUT_LOAD='(-0.01,0.01)';
      OUTPUT_LOAD='(1.0,-1.0)';
    'M_D'<4>:
      PIN_NUMBER='(0,M19,0,0,0,0)';
      OUTPUT_TYPE='(TS,TS)';
      BIDIRECTIONAL='TRUE';
      INPUT_LOAD='(-0.01,0.01)';
      OUTPUT_LOAD='(1.0,-1.0)';
    'M_D'<5>:
      PIN_NUMBER='(0,N24,0,0,0,0)';
      OUTPUT_TYPE='(TS,TS)';
      BIDIRECTIONAL='TRUE';
      INPUT_LOAD='(-0.01,0.01)';
      OUTPUT_LOAD='(1.0,-1.0)';
    'M_D'<6>:
      PIN_NUMBER='(0,N23,0,0,0,0)';
      OUTPUT_TYPE='(TS,TS)';
      BIDIRECTIONAL='TRUE';
      INPUT_LOAD='(-0.01,0.01)';
      OUTPUT_LOAD='(1.0,-1.0)';
    'M_D'<7>:
      PIN_NUMBER='(0,V23,0,0,0,0)';
      OUTPUT_TYPE='(TS,TS)';
      BIDIRECTIONAL='TRUE';
      INPUT_LOAD='(-0.01,0.01)';
      OUTPUT_LOAD='(1.0,-1.0)';
    'M_D'<8>:
      PIN_NUMBER='(0,K20,0,0,0,0)';
      OUTPUT_TYPE='(TS,TS)';
      BIDIRECTIONAL='TRUE';
      INPUT_LOAD='(-0.01,0.01)';
      OUTPUT_LOAD='(1.0,-1.0)';
    'M_D'<9>:
      PIN_NUMBER='(0,J24,0,0,0,0)';
      OUTPUT_TYPE='(TS,TS)';
      BIDIRECTIONAL='TRUE';
      INPUT_LOAD='(-0.01,0.01)';
      OUTPUT_LOAD='(1.0,-1.0)';
    'M_D'<10>:
      PIN_NUMBER='(0,J23,0,0,0,0)';
      OUTPUT_TYPE='(TS,TS)';
      BIDIRECTIONAL='TRUE';
      INPUT_LOAD='(-0.01,0.01)';
      OUTPUT_LOAD='(1.0,-1.0)';
    'M_D'<11>:
      PIN_NUMBER='(0,K24,0,0,0,0)';
      OUTPUT_TYPE='(TS,TS)';
      BIDIRECTIONAL='TRUE';
      INPUT_LOAD='(-0.01,0.01)';
      OUTPUT_LOAD='(1.0,-1.0)';
    'M_D'<12>:
      PIN_NUMBER='(0,K23,0,0,0,0)';
      OUTPUT_TYPE='(TS,TS)';
      BIDIRECTIONAL='TRUE';
      INPUT_LOAD='(-0.01,0.01)';
      OUTPUT_LOAD='(1.0,-1.0)';
    'M_D'<13>:
      PIN_NUMBER='(0,J18,0,0,0,0)';
      OUTPUT_TYPE='(TS,TS)';
      BIDIRECTIONAL='TRUE';
      INPUT_LOAD='(-0.01,0.01)';
      OUTPUT_LOAD='(1.0,-1.0)';
    'M_D'<14>:
      PIN_NUMBER='(0,K19,0,0,0,0)';
      OUTPUT_TYPE='(TS,TS)';
      BIDIRECTIONAL='TRUE';
      INPUT_LOAD='(-0.01,0.01)';
      OUTPUT_LOAD='(1.0,-1.0)';
    'M_D'<15>:
      PIN_NUMBER='(0,K18,0,0,0,0)';
      OUTPUT_TYPE='(TS,TS)';
      BIDIRECTIONAL='TRUE';
      INPUT_LOAD='(-0.01,0.01)';
      OUTPUT_LOAD='(1.0,-1.0)';
    'M_D'<16>:
      PIN_NUMBER='(0,U19,0,0,0,0)';
      OUTPUT_TYPE='(TS,TS)';
      BIDIRECTIONAL='TRUE';
      INPUT_LOAD='(-0.01,0.01)';
      OUTPUT_LOAD='(1.0,-1.0)';
    'M_D'<17>:
      PIN_NUMBER='(0,U20,0,0,0,0)';
      OUTPUT_TYPE='(TS,TS)';
      BIDIRECTIONAL='TRUE';
      INPUT_LOAD='(-0.01,0.01)';
      OUTPUT_LOAD='(1.0,-1.0)';
    'M_D'<18>:
      PIN_NUMBER='(0,V22,0,0,0,0)';
      OUTPUT_TYPE='(TS,TS)';
      BIDIRECTIONAL='TRUE';
      INPUT_LOAD='(-0.01,0.01)';
      OUTPUT_LOAD='(1.0,-1.0)';
    'M_D'<19>:
      PIN_NUMBER='(0,T22,0,0,0,0)';
      OUTPUT_TYPE='(TS,TS)';
      BIDIRECTIONAL='TRUE';
      INPUT_LOAD='(-0.01,0.01)';
      OUTPUT_LOAD='(1.0,-1.0)';
    'M_D'<20>:
      PIN_NUMBER='(0,Y23,0,0,0,0)';
      OUTPUT_TYPE='(TS,TS)';
      BIDIRECTIONAL='TRUE';
      INPUT_LOAD='(-0.01,0.01)';
      OUTPUT_LOAD='(1.0,-1.0)';
    'M_D'<21>:
      PIN_NUMBER='(0,Y24,0,0,0,0)';
      OUTPUT_TYPE='(TS,TS)';
      BIDIRECTIONAL='TRUE';
      INPUT_LOAD='(-0.01,0.01)';
      OUTPUT_LOAD='(1.0,-1.0)';
    'M_D'<22>:
      PIN_NUMBER='(0,W23,0,0,0,0)';
      OUTPUT_TYPE='(TS,TS)';
      BIDIRECTIONAL='TRUE';
      INPUT_LOAD='(-0.01,0.01)';
      OUTPUT_LOAD='(1.0,-1.0)';
    'M_D'<23>:
      PIN_NUMBER='(0,W24,0,0,0,0)';
      OUTPUT_TYPE='(TS,TS)';
      BIDIRECTIONAL='TRUE';
      INPUT_LOAD='(-0.01,0.01)';
      OUTPUT_LOAD='(1.0,-1.0)';
    'M_D'<24>:
      PIN_NUMBER='(0,T23,0,0,0,0)';
      OUTPUT_TYPE='(TS,TS)';
      BIDIRECTIONAL='TRUE';
      INPUT_LOAD='(-0.01,0.01)';
      OUTPUT_LOAD='(1.0,-1.0)';
    'M_D'<25>:
      PIN_NUMBER='(0,T24,0,0,0,0)';
      OUTPUT_TYPE='(TS,TS)';
      BIDIRECTIONAL='TRUE';
      INPUT_LOAD='(-0.01,0.01)';
      OUTPUT_LOAD='(1.0,-1.0)';
    'M_D'<26>:
      PIN_NUMBER='(0,U23,0,0,0,0)';
      OUTPUT_TYPE='(TS,TS)';
      BIDIRECTIONAL='TRUE';
      INPUT_LOAD='(-0.01,0.01)';
      OUTPUT_LOAD='(1.0,-1.0)';
    'M_D'<27>:
      PIN_NUMBER='(0,U24,0,0,0,0)';
      OUTPUT_TYPE='(TS,TS)';
      BIDIRECTIONAL='TRUE';
      INPUT_LOAD='(-0.01,0.01)';
      OUTPUT_LOAD='(1.0,-1.0)';
    'M_D'<28>:
      PIN_NUMBER='(0,L21,0,0,0,0)';
      OUTPUT_TYPE='(TS,TS)';
      BIDIRECTIONAL='TRUE';
      INPUT_LOAD='(-0.01,0.01)';
      OUTPUT_LOAD='(1.0,-1.0)';
    'M_D'<29>:
      PIN_NUMBER='(0,M21,0,0,0,0)';
      OUTPUT_TYPE='(TS,TS)';
      BIDIRECTIONAL='TRUE';
      INPUT_LOAD='(-0.01,0.01)';
      OUTPUT_LOAD='(1.0,-1.0)';
    'M_D'<30>:
      PIN_NUMBER='(0,N21,0,0,0,0)';
      OUTPUT_TYPE='(TS,TS)';
      BIDIRECTIONAL='TRUE';
      INPUT_LOAD='(-0.01,0.01)';
      OUTPUT_LOAD='(1.0,-1.0)';
    'M_D'<31>:
      PIN_NUMBER='(0,T20,0,0,0,0)';
      OUTPUT_TYPE='(TS,TS)';
      BIDIRECTIONAL='TRUE';
      INPUT_LOAD='(-0.01,0.01)';
      OUTPUT_LOAD='(1.0,-1.0)';
    '-M_OE':
      PIN_NUMBER='(0,P20,0,0,0,0)';
      INPUT_LOAD='(-0.01,0.01)';
    '-M_WR_CFG':
      PIN_NUMBER='(0,T19,0,0,0,0)';
      INPUT_LOAD='(-0.01,0.01)';
    'RAM0_A'<0>:
      PIN_NUMBER='(0,F18,0,0,0,0)';
      OUTPUT_LOAD='(1.0,-1.0)';
    'RAM0_A'<1>:
      PIN_NUMBER='(0,A19,0,0,0,0)';
      OUTPUT_LOAD='(1.0,-1.0)';
    'RAM0_A'<2>:
      PIN_NUMBER='(0,F17,0,0,0,0)';
      OUTPUT_LOAD='(1.0,-1.0)';
    'RAM0_A'<3>:
      PIN_NUMBER='(0,C17,0,0,0,0)';
      OUTPUT_LOAD='(1.0,-1.0)';
    'RAM0_A'<4>:
      PIN_NUMBER='(0,F16,0,0,0,0)';
      OUTPUT_LOAD='(1.0,-1.0)';
    'RAM0_A'<5>:
      PIN_NUMBER='(0,G15,0,0,0,0)';
      OUTPUT_LOAD='(1.0,-1.0)';
    'RAM0_A'<6>:
      PIN_NUMBER='(0,D17,0,0,0,0)';
      OUTPUT_LOAD='(1.0,-1.0)';
    'RAM0_A'<7>:
      PIN_NUMBER='(0,A17,0,0,0,0)';
      OUTPUT_LOAD='(1.0,-1.0)';
    'RAM0_A'<8>:
      PIN_NUMBER='(0,B9,0,0,0,0)';
      OUTPUT_LOAD='(1.0,-1.0)';
    'RAM0_A'<9>:
      PIN_NUMBER='(0,A8,0,0,0,0)';
      OUTPUT_LOAD='(1.0,-1.0)';
    'RAM0_A'<10>:
      PIN_NUMBER='(0,A20,0,0,0,0)';
      OUTPUT_LOAD='(1.0,-1.0)';
    'RAM0_A'<11>:
      PIN_NUMBER='(0,D18,0,0,0,0)';
      OUTPUT_LOAD='(1.0,-1.0)';
    'RAM0_A'<12>:
      PIN_NUMBER='(0,A21,0,0,0,0)';
      OUTPUT_LOAD='(1.0,-1.0)';
    'RAM0_A'<13>:
      PIN_NUMBER='(0,E18,0,0,0,0)';
      OUTPUT_LOAD='(1.0,-1.0)';
    'RAM0_A'<14>:
      PIN_NUMBER='(0,C16,0,0,0,0)';
      OUTPUT_LOAD='(1.0,-1.0)';
    'RAM0_A'<15>:
      PIN_NUMBER='(0,D16,0,0,0,0)';
      OUTPUT_LOAD='(1.0,-1.0)';
    'RAM0_A'<16>:
      PIN_NUMBER='(0,E17,0,0,0,0)';
      OUTPUT_LOAD='(1.0,-1.0)';
    'RAM0_A'<17>:
      PIN_NUMBER='(0,C9,0,0,0,0)';
      OUTPUT_LOAD='(1.0,-1.0)';
    'RAM0_A'<18>:
      PIN_NUMBER='(0,A9,0,0,0,0)';
      OUTPUT_LOAD='(1.0,-1.0)';
    'RAM0_A'<19>:
      PIN_NUMBER='(0,D20,0,0,0,0)';
      OUTPUT_LOAD='(1.0,-1.0)';
    'RAM0_A'<20>:
      PIN_NUMBER='(0,C20,0,0,0,0)';
      OUTPUT_LOAD='(1.0,-1.0)';
    'RAM0_ADV':
      PIN_NUMBER='(0,C10,0,0,0,0)';
      OUTPUT_LOAD='(1.0,-1.0)';
    '-RAM0_BE'<0>:
      PIN_NUMBER='(0,D13,0,0,0,0)';
      OUTPUT_LOAD='(1.0,-1.0)';
    '-RAM0_BE'<1>:
      PIN_NUMBER='(0,C14,0,0,0,0)';
      OUTPUT_LOAD='(1.0,-1.0)';
    '-RAM0_BE'<2>:
      PIN_NUMBER='(0,F15,0,0,0,0)';
      OUTPUT_LOAD='(1.0,-1.0)';
    '-RAM0_BE'<3>:
      PIN_NUMBER='(0,E15,0,0,0,0)';
      OUTPUT_LOAD='(1.0,-1.0)';
    '-RAM0_CKE':
      PIN_NUMBER='(0,B10,0,0,0,0)';
      OUTPUT_LOAD='(1.0,-1.0)';
    'RAM0_CLKI':
      PIN_NUMBER='(0,C11,0,0,0,0)';
      INPUT_LOAD='(-0.01,0.01)';
    'RAM0_CLKO':
      PIN_NUMBER='(0,C12,0,0,0,0)';
      OUTPUT_LOAD='(1.0,-1.0)';
    '-RAM0_CS':
      PIN_NUMBER='(0,E16,0,0,0,0)';
      OUTPUT_LOAD='(1.0,-1.0)';
    'RAM0_D'<0>:
      PIN_NUMBER='(0,G10,0,0,0,0)';
      OUTPUT_TYPE='(TS,TS)';
      BIDIRECTIONAL='TRUE';
      INPUT_LOAD='(-0.01,0.01)';
      OUTPUT_LOAD='(1.0,-1.0)';
    'RAM0_D'<1>:
      PIN_NUMBER='(0,H10,0,0,0,0)';
      OUTPUT_TYPE='(TS,TS)';
      BIDIRECTIONAL='TRUE';
      INPUT_LOAD='(-0.01,0.01)';
      OUTPUT_LOAD='(1.0,-1.0)';
    'RAM0_D'<2>:
      PIN_NUMBER='(0,H9,0,0,0,0)';
      OUTPUT_TYPE='(TS,TS)';
      BIDIRECTIONAL='TRUE';
      INPUT_LOAD='(-0.01,0.01)';
      OUTPUT_LOAD='(1.0,-1.0)';
    'RAM0_D'<3>:
      PIN_NUMBER='(0,G9,0,0,0,0)';
      OUTPUT_TYPE='(TS,TS)';
      BIDIRECTIONAL='TRUE';
      INPUT_LOAD='(-0.01,0.01)';
      OUTPUT_LOAD='(1.0,-1.0)';
    'RAM0_D'<4>:
      PIN_NUMBER='(0,F8,0,0,0,0)';
      OUTPUT_TYPE='(TS,TS)';
      BIDIRECTIONAL='TRUE';
      INPUT_LOAD='(-0.01,0.01)';
      OUTPUT_LOAD='(1.0,-1.0)';
    'RAM0_D'<5>:
      PIN_NUMBER='(0,D7,0,0,0,0)';
      OUTPUT_TYPE='(TS,TS)';
      BIDIRECTIONAL='TRUE';
      INPUT_LOAD='(-0.01,0.01)';
      OUTPUT_LOAD='(1.0,-1.0)';
    'RAM0_D'<6>:
      PIN_NUMBER='(0,R8,0,0,0,0)';
      OUTPUT_TYPE='(TS,TS)';
      BIDIRECTIONAL='TRUE';
      INPUT_LOAD='(-0.01,0.01)';
      OUTPUT_LOAD='(1.0,-1.0)';
    'RAM0_D'<7>:
      PIN_NUMBER='(0,R7,0,0,0,0)';
      OUTPUT_TYPE='(TS,TS)';
      BIDIRECTIONAL='TRUE';
      INPUT_LOAD='(-0.01,0.01)';
      OUTPUT_LOAD='(1.0,-1.0)';
    'RAM0_D'<8>:
      PIN_NUMBER='(0,J6,0,0,0,0)';
      OUTPUT_TYPE='(TS,TS)';
      BIDIRECTIONAL='TRUE';
      INPUT_LOAD='(-0.01,0.01)';
      OUTPUT_LOAD='(1.0,-1.0)';
    'RAM0_D'<9>:
      PIN_NUMBER='(0,H13,0,0,0,0)';
      OUTPUT_TYPE='(TS,TS)';
      BIDIRECTIONAL='TRUE';
      INPUT_LOAD='(-0.01,0.01)';
      OUTPUT_LOAD='(1.0,-1.0)';
    'RAM0_D'<10>:
      PIN_NUMBER='(0,G12,0,0,0,0)';
      OUTPUT_TYPE='(TS,TS)';
      BIDIRECTIONAL='TRUE';
      INPUT_LOAD='(-0.01,0.01)';
      OUTPUT_LOAD='(1.0,-1.0)';
    'RAM0_D'<11>:
      PIN_NUMBER='(0,H14,0,0,0,0)';
      OUTPUT_TYPE='(TS,TS)';
      BIDIRECTIONAL='TRUE';
      INPUT_LOAD='(-0.01,0.01)';
      OUTPUT_LOAD='(1.0,-1.0)';
    'RAM0_D'<12>:
      PIN_NUMBER='(0,H15,0,0,0,0)';
      OUTPUT_TYPE='(TS,TS)';
      BIDIRECTIONAL='TRUE';
      INPUT_LOAD='(-0.01,0.01)';
      OUTPUT_LOAD='(1.0,-1.0)';
    'RAM0_D'<13>:
      PIN_NUMBER='(0,C15,0,0,0,0)';
      OUTPUT_TYPE='(TS,TS)';
      BIDIRECTIONAL='TRUE';
      INPUT_LOAD='(-0.01,0.01)';
      OUTPUT_LOAD='(1.0,-1.0)';
    'RAM0_D'<14>:
      PIN_NUMBER='(0,H16,0,0,0,0)';
      OUTPUT_TYPE='(TS,TS)';
      BIDIRECTIONAL='TRUE';
      INPUT_LOAD='(-0.01,0.01)';
      OUTPUT_LOAD='(1.0,-1.0)';
    'RAM0_D'<15>:
      PIN_NUMBER='(0,G16,0,0,0,0)';
      OUTPUT_TYPE='(TS,TS)';
      BIDIRECTIONAL='TRUE';
      INPUT_LOAD='(-0.01,0.01)';
      OUTPUT_LOAD='(1.0,-1.0)';
    'RAM0_D'<16>:
      PIN_NUMBER='(0,G17,0,0,0,0)';
      OUTPUT_TYPE='(TS,TS)';
      BIDIRECTIONAL='TRUE';
      INPUT_LOAD='(-0.01,0.01)';
      OUTPUT_LOAD='(1.0,-1.0)';
    'RAM0_D'<17>:
      PIN_NUMBER='(0,C18,0,0,0,0)';
      OUTPUT_TYPE='(TS,TS)';
      BIDIRECTIONAL='TRUE';
      INPUT_LOAD='(-0.01,0.01)';
      OUTPUT_LOAD='(1.0,-1.0)';
    'RAM0_D'<18>:
      PIN_NUMBER='(0,D11,0,0,0,0)';
      OUTPUT_TYPE='(TS,TS)';
      BIDIRECTIONAL='TRUE';
      INPUT_LOAD='(-0.01,0.01)';
      OUTPUT_LOAD='(1.0,-1.0)';
    'RAM0_D'<19>:
      PIN_NUMBER='(0,F10,0,0,0,0)';
      OUTPUT_TYPE='(TS,TS)';
      BIDIRECTIONAL='TRUE';
      INPUT_LOAD='(-0.01,0.01)';
      OUTPUT_LOAD='(1.0,-1.0)';
    'RAM0_D'<20>:
      PIN_NUMBER='(0,F9,0,0,0,0)';
      OUTPUT_TYPE='(TS,TS)';
      BIDIRECTIONAL='TRUE';
      INPUT_LOAD='(-0.01,0.01)';
      OUTPUT_LOAD='(1.0,-1.0)';
    'RAM0_D'<21>:
      PIN_NUMBER='(0,D9,0,0,0,0)';
      OUTPUT_TYPE='(TS,TS)';
      BIDIRECTIONAL='TRUE';
      INPUT_LOAD='(-0.01,0.01)';
      OUTPUT_LOAD='(1.0,-1.0)';
    'RAM0_D'<22>:
      PIN_NUMBER='(0,E9,0,0,0,0)';
      OUTPUT_TYPE='(TS,TS)';
      BIDIRECTIONAL='TRUE';
      INPUT_LOAD='(-0.01,0.01)';
      OUTPUT_LOAD='(1.0,-1.0)';
    'RAM0_D'<23>:
      PIN_NUMBER='(0,B8,0,0,0,0)';
      OUTPUT_TYPE='(TS,TS)';
      BIDIRECTIONAL='TRUE';
      INPUT_LOAD='(-0.01,0.01)';
      OUTPUT_LOAD='(1.0,-1.0)';
    'RAM0_D'<24>:
      PIN_NUMBER='(0,C8,0,0,0,0)';
      OUTPUT_TYPE='(TS,TS)';
      BIDIRECTIONAL='TRUE';
      INPUT_LOAD='(-0.01,0.01)';
      OUTPUT_LOAD='(1.0,-1.0)';
    'RAM0_D'<25>:
      PIN_NUMBER='(0,D8,0,0,0,0)';
      OUTPUT_TYPE='(TS,TS)';
      BIDIRECTIONAL='TRUE';
      INPUT_LOAD='(-0.01,0.01)';
      OUTPUT_LOAD='(1.0,-1.0)';
    'RAM0_D'<26>:
      PIN_NUMBER='(0,E8,0,0,0,0)';
      OUTPUT_TYPE='(TS,TS)';
      BIDIRECTIONAL='TRUE';
      INPUT_LOAD='(-0.01,0.01)';
      OUTPUT_LOAD='(1.0,-1.0)';
    'RAM0_D'<27>:
      PIN_NUMBER='(0,B12,0,0,0,0)';
      OUTPUT_TYPE='(TS,TS)';
      BIDIRECTIONAL='TRUE';
      INPUT_LOAD='(-0.01,0.01)';
      OUTPUT_LOAD='(1.0,-1.0)';
    'RAM0_D'<28>:
      PIN_NUMBER='(0,J21,0,0,0,0)';
      OUTPUT_TYPE='(TS,TS)';
      BIDIRECTIONAL='TRUE';
      INPUT_LOAD='(-0.01,0.01)';
      OUTPUT_LOAD='(1.0,-1.0)';
    'RAM0_D'<29>:
      PIN_NUMBER='(0,F12,0,0,0,0)';
      OUTPUT_TYPE='(TS,TS)';
      BIDIRECTIONAL='TRUE';
      INPUT_LOAD='(-0.01,0.01)';
      OUTPUT_LOAD='(1.0,-1.0)';
    'RAM0_D'<30>:
      PIN_NUMBER='(0,E12,0,0,0,0)';
      OUTPUT_TYPE='(TS,TS)';
      BIDIRECTIONAL='TRUE';
      INPUT_LOAD='(-0.01,0.01)';
      OUTPUT_LOAD='(1.0,-1.0)';
    'RAM0_D'<31>:
      PIN_NUMBER='(0,F13,0,0,0,0)';
      OUTPUT_TYPE='(TS,TS)';
      BIDIRECTIONAL='TRUE';
      INPUT_LOAD='(-0.01,0.01)';
      OUTPUT_LOAD='(1.0,-1.0)';
    'RAM0_D'<32>:
      PIN_NUMBER='(0,E13,0,0,0,0)';
      OUTPUT_TYPE='(TS,TS)';
      BIDIRECTIONAL='TRUE';
      INPUT_LOAD='(-0.01,0.01)';
      OUTPUT_LOAD='(1.0,-1.0)';
    'RAM0_D'<33>:
      PIN_NUMBER='(0,B15,0,0,0,0)';
      OUTPUT_TYPE='(TS,TS)';
      BIDIRECTIONAL='TRUE';
      INPUT_LOAD='(-0.01,0.01)';
      OUTPUT_LOAD='(1.0,-1.0)';
    'RAM0_D'<34>:
      PIN_NUMBER='(0,G14,0,0,0,0)';
      OUTPUT_TYPE='(TS,TS)';
      BIDIRECTIONAL='TRUE';
      INPUT_LOAD='(-0.01,0.01)';
      OUTPUT_LOAD='(1.0,-1.0)';
    'RAM0_D'<35>:
      PIN_NUMBER='(0,B16,0,0,0,0)';
      OUTPUT_TYPE='(TS,TS)';
      BIDIRECTIONAL='TRUE';
      INPUT_LOAD='(-0.01,0.01)';
      OUTPUT_LOAD='(1.0,-1.0)';
    '-RAM0_OE':
      PIN_NUMBER='(0,E10,0,0,0,0)';
      OUTPUT_LOAD='(1.0,-1.0)';
    '-RAM0_WE':
      PIN_NUMBER='(0,D12,0,0,0,0)';
      OUTPUT_LOAD='(1.0,-1.0)';
    'RAM0_ZZ':
      PIN_NUMBER='(0,E11,0,0,0,0)';
      OUTPUT_LOAD='(1.0,-1.0)';
    'RAM1_A'<0>:
      PIN_NUMBER='(0,AC17,0,0,0,0)';
      OUTPUT_LOAD='(1.0,-1.0)';
    'RAM1_A'<1>:
      PIN_NUMBER='(0,AC18,0,0,0,0)';
      OUTPUT_LOAD='(1.0,-1.0)';
    'RAM1_A'<2>:
      PIN_NUMBER='(0,AD19,0,0,0,0)';
      OUTPUT_LOAD='(1.0,-1.0)';
    'RAM1_A'<3>:
      PIN_NUMBER='(0,AC19,0,0,0,0)';
      OUTPUT_LOAD='(1.0,-1.0)';
    'RAM1_A'<4>:
      PIN_NUMBER='(0,W18,0,0,0,0)';
      OUTPUT_LOAD='(1.0,-1.0)';
    'RAM1_A'<5>:
      PIN_NUMBER='(0,AD20,0,0,0,0)';
      OUTPUT_LOAD='(1.0,-1.0)';
    'RAM1_A'<6>:
      PIN_NUMBER='(0,W4,0,0,0,0)';
      OUTPUT_LOAD='(1.0,-1.0)';
    'RAM1_A'<7>:
      PIN_NUMBER='(0,AD6,0,0,0,0)';
      OUTPUT_LOAD='(1.0,-1.0)';
    'RAM1_A'<8>:
      PIN_NUMBER='(0,AA18,0,0,0,0)';
      OUTPUT_LOAD='(1.0,-1.0)';
    'RAM1_A'<9>:
      PIN_NUMBER='(0,U14,0,0,0,0)';
      OUTPUT_LOAD='(1.0,-1.0)';
    'RAM1_A'<10>:
      PIN_NUMBER='(0,W16,0,0,0,0)';
      OUTPUT_LOAD='(1.0,-1.0)';
    'RAM1_A'<11>:
      PIN_NUMBER='(0,V16,0,0,0,0)';
      OUTPUT_LOAD='(1.0,-1.0)';
    'RAM1_A'<12>:
      PIN_NUMBER='(0,V15,0,0,0,0)';
      OUTPUT_LOAD='(1.0,-1.0)';
    'RAM1_A'<13>:
      PIN_NUMBER='(0,U15,0,0,0,0)';
      OUTPUT_LOAD='(1.0,-1.0)';
    'RAM1_A'<14>:
      PIN_NUMBER='(0,Y14,0,0,0,0)';
      OUTPUT_LOAD='(1.0,-1.0)';
    'RAM1_A'<15>:
      PIN_NUMBER='(0,AC13,0,0,0,0)';
      OUTPUT_LOAD='(1.0,-1.0)';
    'RAM1_A'<16>:
      PIN_NUMBER='(0,Y13,0,0,0,0)';
      OUTPUT_LOAD='(1.0,-1.0)';
    'RAM1_A'<17>:
      PIN_NUMBER='(0,AA17,0,0,0,0)';
      OUTPUT_LOAD='(1.0,-1.0)';
    'RAM1_A'<18>:
      PIN_NUMBER='(0,AB17,0,0,0,0)';
      OUTPUT_LOAD='(1.0,-1.0)';
    'RAM1_A'<19>:
      PIN_NUMBER='(0,W17,0,0,0,0)';
      OUTPUT_LOAD='(1.0,-1.0)';
    'RAM1_A'<20>:
      PIN_NUMBER='(0,Y18,0,0,0,0)';
      OUTPUT_LOAD='(1.0,-1.0)';
    'RAM1_ADV':
      PIN_NUMBER='(0,AA16,0,0,0,0)';
      OUTPUT_LOAD='(1.0,-1.0)';
    '-RAM1_BE'<0>:
      PIN_NUMBER='(0,AB10,0,0,0,0)';
      OUTPUT_LOAD='(1.0,-1.0)';
    '-RAM1_BE'<1>:
      PIN_NUMBER='(0,AA9,0,0,0,0)';
      OUTPUT_LOAD='(1.0,-1.0)';
    '-RAM1_BE'<2>:
      PIN_NUMBER='(0,AB9,0,0,0,0)';
      OUTPUT_LOAD='(1.0,-1.0)';
    '-RAM1_BE'<3>:
      PIN_NUMBER='(0,AD8,0,0,0,0)';
      OUTPUT_LOAD='(1.0,-1.0)';
    '-RAM1_CKE':
      PIN_NUMBER='(0,AB16,0,0,0,0)';
      OUTPUT_LOAD='(1.0,-1.0)';
    'RAM1_CLKI':
      PIN_NUMBER='(0,AA13,0,0,0,0)';
      INPUT_LOAD='(-0.01,0.01)';
    'RAM1_CLKO':
      PIN_NUMBER='(0,AA12,0,0,0,0)';
      OUTPUT_LOAD='(1.0,-1.0)';
    '-RAM1_CS':
      PIN_NUMBER='(0,AC9,0,0,0,0)';
      OUTPUT_LOAD='(1.0,-1.0)';
    'RAM1_D'<0>:
      PIN_NUMBER='(0,V9,0,0,0,0)';
      OUTPUT_TYPE='(TS,TS)';
      BIDIRECTIONAL='TRUE';
      INPUT_LOAD='(-0.01,0.01)';
      OUTPUT_LOAD='(1.0,-1.0)';
    'RAM1_D'<1>:
      PIN_NUMBER='(0,W9,0,0,0,0)';
      OUTPUT_TYPE='(TS,TS)';
      BIDIRECTIONAL='TRUE';
      INPUT_LOAD='(-0.01,0.01)';
      OUTPUT_LOAD='(1.0,-1.0)';
    'RAM1_D'<2>:
      PIN_NUMBER='(0,U10,0,0,0,0)';
      OUTPUT_TYPE='(TS,TS)';
      BIDIRECTIONAL='TRUE';
      INPUT_LOAD='(-0.01,0.01)';
      OUTPUT_LOAD='(1.0,-1.0)';
    'RAM1_D'<3>:
      PIN_NUMBER='(0,U11,0,0,0,0)';
      OUTPUT_TYPE='(TS,TS)';
      BIDIRECTIONAL='TRUE';
      INPUT_LOAD='(-0.01,0.01)';
      OUTPUT_LOAD='(1.0,-1.0)';
    'RAM1_D'<4>:
      PIN_NUMBER='(0,AC10,0,0,0,0)';
      OUTPUT_TYPE='(TS,TS)';
      BIDIRECTIONAL='TRUE';
      INPUT_LOAD='(-0.01,0.01)';
      OUTPUT_LOAD='(1.0,-1.0)';
    'RAM1_D'<5>:
      PIN_NUMBER='(0,Y11,0,0,0,0)';
      OUTPUT_TYPE='(TS,TS)';
      BIDIRECTIONAL='TRUE';
      INPUT_LOAD='(-0.01,0.01)';
      OUTPUT_LOAD='(1.0,-1.0)';
    'RAM1_D'<6>:
      PIN_NUMBER='(0,AA11,0,0,0,0)';
      OUTPUT_TYPE='(TS,TS)';
      BIDIRECTIONAL='TRUE';
      INPUT_LOAD='(-0.01,0.01)';
      OUTPUT_LOAD='(1.0,-1.0)';
    'RAM1_D'<7>:
      PIN_NUMBER='(0,U12,0,0,0,0)';
      OUTPUT_TYPE='(TS,TS)';
      BIDIRECTIONAL='TRUE';
      INPUT_LOAD='(-0.01,0.01)';
      OUTPUT_LOAD='(1.0,-1.0)';
    'RAM1_D'<8>:
      PIN_NUMBER='(0,V12,0,0,0,0)';
      OUTPUT_TYPE='(TS,TS)';
      BIDIRECTIONAL='TRUE';
      INPUT_LOAD='(-0.01,0.01)';
      OUTPUT_LOAD='(1.0,-1.0)';
    'RAM1_D'<9>:
      PIN_NUMBER='(0,Y8,0,0,0,0)';
      OUTPUT_TYPE='(TS,TS)';
      BIDIRECTIONAL='TRUE';
      INPUT_LOAD='(-0.01,0.01)';
      OUTPUT_LOAD='(1.0,-1.0)';
    'RAM1_D'<10>:
      PIN_NUMBER='(0,W8,0,0,0,0)';
      OUTPUT_TYPE='(TS,TS)';
      BIDIRECTIONAL='TRUE';
      INPUT_LOAD='(-0.01,0.01)';
      OUTPUT_LOAD='(1.0,-1.0)';
    'RAM1_D'<11>:
      PIN_NUMBER='(0,N7,0,0,0,0)';
      OUTPUT_TYPE='(TS,TS)';
      BIDIRECTIONAL='TRUE';
      INPUT_LOAD='(-0.01,0.01)';
      OUTPUT_LOAD='(1.0,-1.0)';
    'RAM1_D'<12>:
      PIN_NUMBER='(0,W5,0,0,0,0)';
      OUTPUT_TYPE='(TS,TS)';
      BIDIRECTIONAL='TRUE';
      INPUT_LOAD='(-0.01,0.01)';
      OUTPUT_LOAD='(1.0,-1.0)';
    'RAM1_D'<13>:
      PIN_NUMBER='(0,V5,0,0,0,0)';
      OUTPUT_TYPE='(TS,TS)';
      BIDIRECTIONAL='TRUE';
      INPUT_LOAD='(-0.01,0.01)';
      OUTPUT_LOAD='(1.0,-1.0)';
    'RAM1_D'<14>:
      PIN_NUMBER='(0,V4,0,0,0,0)';
      OUTPUT_TYPE='(TS,TS)';
      BIDIRECTIONAL='TRUE';
      INPUT_LOAD='(-0.01,0.01)';
      OUTPUT_LOAD='(1.0,-1.0)';
    'RAM1_D'<15>:
      PIN_NUMBER='(0,AB2,0,0,0,0)';
      OUTPUT_TYPE='(TS,TS)';
      BIDIRECTIONAL='TRUE';
      INPUT_LOAD='(-0.01,0.01)';
      OUTPUT_LOAD='(1.0,-1.0)';
    'RAM1_D'<16>:
      PIN_NUMBER='(0,V3,0,0,0,0)';
      OUTPUT_TYPE='(TS,TS)';
      BIDIRECTIONAL='TRUE';
      INPUT_LOAD='(-0.01,0.01)';
      OUTPUT_LOAD='(1.0,-1.0)';
    'RAM1_D'<17>:
      PIN_NUMBER='(0,AB1,0,0,0,0)';
      OUTPUT_TYPE='(TS,TS)';
      BIDIRECTIONAL='TRUE';
      INPUT_LOAD='(-0.01,0.01)';
      OUTPUT_LOAD='(1.0,-1.0)';
    'RAM1_D'<18>:
      PIN_NUMBER='(0,Y12,0,0,0,0)';
      OUTPUT_TYPE='(TS,TS)';
      BIDIRECTIONAL='TRUE';
      INPUT_LOAD='(-0.01,0.01)';
      OUTPUT_LOAD='(1.0,-1.0)';
    'RAM1_D'<19>:
      PIN_NUMBER='(0,AA14,0,0,0,0)';
      OUTPUT_TYPE='(TS,TS)';
      BIDIRECTIONAL='TRUE';
      INPUT_LOAD='(-0.01,0.01)';
      OUTPUT_LOAD='(1.0,-1.0)';
    'RAM1_D'<20>:
      PIN_NUMBER='(0,AC15,0,0,0,0)';
      OUTPUT_TYPE='(TS,TS)';
      BIDIRECTIONAL='TRUE';
      INPUT_LOAD='(-0.01,0.01)';
      OUTPUT_LOAD='(1.0,-1.0)';
    'RAM1_D'<21>:
      PIN_NUMBER='(0,W15,0,0,0,0)';
      OUTPUT_TYPE='(TS,TS)';
      BIDIRECTIONAL='TRUE';
      INPUT_LOAD='(-0.01,0.01)';
      OUTPUT_LOAD='(1.0,-1.0)';
    'RAM1_D'<22>:
      PIN_NUMBER='(0,Y15,0,0,0,0)';
      OUTPUT_TYPE='(TS,TS)';
      BIDIRECTIONAL='TRUE';
      INPUT_LOAD='(-0.01,0.01)';
      OUTPUT_LOAD='(1.0,-1.0)';
    'RAM1_D'<23>:
      PIN_NUMBER='(0,AB15,0,0,0,0)';
      OUTPUT_TYPE='(TS,TS)';
      BIDIRECTIONAL='TRUE';
      INPUT_LOAD='(-0.01,0.01)';
      OUTPUT_LOAD='(1.0,-1.0)';
    'RAM1_D'<24>:
      PIN_NUMBER='(0,Y16,0,0,0,0)';
      OUTPUT_TYPE='(TS,TS)';
      BIDIRECTIONAL='TRUE';
      INPUT_LOAD='(-0.01,0.01)';
      OUTPUT_LOAD='(1.0,-1.0)';
    'RAM1_D'<25>:
      PIN_NUMBER='(0,Y17,0,0,0,0)';
      OUTPUT_TYPE='(TS,TS)';
      BIDIRECTIONAL='TRUE';
      INPUT_LOAD='(-0.01,0.01)';
      OUTPUT_LOAD='(1.0,-1.0)';
    'RAM1_D'<26>:
      PIN_NUMBER='(0,AB18,0,0,0,0)';
      OUTPUT_TYPE='(TS,TS)';
      BIDIRECTIONAL='TRUE';
      INPUT_LOAD='(-0.01,0.01)';
      OUTPUT_LOAD='(1.0,-1.0)';
    'RAM1_D'<27>:
      PIN_NUMBER='(0,W12,0,0,0,0)';
      OUTPUT_TYPE='(TS,TS)';
      BIDIRECTIONAL='TRUE';
      INPUT_LOAD='(-0.01,0.01)';
      OUTPUT_LOAD='(1.0,-1.0)';
    'RAM1_D'<28>:
      PIN_NUMBER='(0,Y10,0,0,0,0)';
      OUTPUT_TYPE='(TS,TS)';
      BIDIRECTIONAL='TRUE';
      INPUT_LOAD='(-0.01,0.01)';
      OUTPUT_LOAD='(1.0,-1.0)';
    'RAM1_D'<29>:
      PIN_NUMBER='(0,W10,0,0,0,0)';
      OUTPUT_TYPE='(TS,TS)';
      BIDIRECTIONAL='TRUE';
      INPUT_LOAD='(-0.01,0.01)';
      OUTPUT_LOAD='(1.0,-1.0)';
    'RAM1_D'<30>:
      PIN_NUMBER='(0,V10,0,0,0,0)';
      OUTPUT_TYPE='(TS,TS)';
      BIDIRECTIONAL='TRUE';
      INPUT_LOAD='(-0.01,0.01)';
      OUTPUT_LOAD='(1.0,-1.0)';
    'RAM1_D'<31>:
      PIN_NUMBER='(0,AB8,0,0,0,0)';
      OUTPUT_TYPE='(TS,TS)';
      BIDIRECTIONAL='TRUE';
      INPUT_LOAD='(-0.01,0.01)';
      OUTPUT_LOAD='(1.0,-1.0)';
    'RAM1_D'<32>:
      PIN_NUMBER='(0,Y9,0,0,0,0)';
      OUTPUT_TYPE='(TS,TS)';
      BIDIRECTIONAL='TRUE';
      INPUT_LOAD='(-0.01,0.01)';
      OUTPUT_LOAD='(1.0,-1.0)';
    'RAM1_D'<33>:
      PIN_NUMBER='(0,T6,0,0,0,0)';
      OUTPUT_TYPE='(TS,TS)';
      BIDIRECTIONAL='TRUE';
      INPUT_LOAD='(-0.01,0.01)';
      OUTPUT_LOAD='(1.0,-1.0)';
    'RAM1_D'<34>:
      PIN_NUMBER='(0,AB5,0,0,0,0)';
      OUTPUT_TYPE='(TS,TS)';
      BIDIRECTIONAL='TRUE';
      INPUT_LOAD='(-0.01,0.01)';
      OUTPUT_LOAD='(1.0,-1.0)';
    'RAM1_D'<35>:
      PIN_NUMBER='(0,AC20,0,0,0,0)';
      OUTPUT_TYPE='(TS,TS)';
      BIDIRECTIONAL='TRUE';
      INPUT_LOAD='(-0.01,0.01)';
      OUTPUT_LOAD='(1.0,-1.0)';
    '-RAM1_OE':
      PIN_NUMBER='(0,AC16,0,0,0,0)';
      OUTPUT_LOAD='(1.0,-1.0)';
    '-RAM1_WE':
      PIN_NUMBER='(0,AB13,0,0,0,0)';
      OUTPUT_LOAD='(1.0,-1.0)';
    'RAM1_ZZ':
      PIN_NUMBER='(0,AA8,0,0,0,0)';
      OUTPUT_LOAD='(1.0,-1.0)';
    'RX0':
      PIN_NUMBER='(0,U18,0,0,0,0)';
      INPUT_LOAD='(-0.01,0.01)';
    'RX1':
      PIN_NUMBER='(0,AA24,0,0,0,0)';
      INPUT_LOAD='(-0.01,0.01)';
    'SYS_CLK':
      PIN_NUMBER='(0,U13,0,0,0,0)';
      INPUT_LOAD='(-0.01,0.01)';
    '-SYS_RST':
      PIN_NUMBER='(0,u7,0,0,0,0)';
      INPUT_LOAD='(-0.01,0.01)';
    'TX0':
      PIN_NUMBER='(0,AA22,0,0,0,0)';
      OUTPUT_LOAD='(1.0,-1.0)';
    'TX1':
      PIN_NUMBER='(0,AB24,0,0,0,0)';
      OUTPUT_LOAD='(1.0,-1.0)';
    'A_CLKI':
      PIN_NUMBER='(0,0,C13,0,0,0)';
      OUTPUT_LOAD='(1.0,-1.0)';
    '-A_CLKI':
      PIN_NUMBER='(0,0,B13,0,0,0)';
      OUTPUT_LOAD='(1.0,-1.0)';
    'A_CLKO':
      PIN_NUMBER='(0,0,A6,0,0,0)';
      INPUT_LOAD='(-0.01,0.01)';
    '-A_CLKO':
      PIN_NUMBER='(0,0,A5,0,0,0)';
      INPUT_LOAD='(-0.01,0.01)';
    'A_DATA1':
      PIN_NUMBER='(0,0,A10,0,0,0)';
      OUTPUT_LOAD='(1.0,-1.0)';
    '-A_DATA1':
      PIN_NUMBER='(0,0,A11,0,0,0)';
      OUTPUT_LOAD='(1.0,-1.0)';
    'A_DATA2':
      PIN_NUMBER='(0,0,A3,0,0,0)';
      OUTPUT_LOAD='(1.0,-1.0)';
    '-A_DATA2':
      PIN_NUMBER='(0,0,A4,0,0,0)';
      OUTPUT_LOAD='(1.0,-1.0)';
    'B_CLKI':
      PIN_NUMBER='(0,0,A13,0,0,0)';
      INPUT_LOAD='(-0.01,0.01)';
    '-B_CLKI':
      PIN_NUMBER='(0,0,A14,0,0,0)';
      INPUT_LOAD='(-0.01,0.01)';
    'B_CLKO':
      PIN_NUMBER='(0,0,B17,0,0,0)';
      INPUT_LOAD='(-0.01,0.01)';
    '-B_CLKO':
      PIN_NUMBER='(0,0,B18,0,0,0)';
      INPUT_LOAD='(-0.01,0.01)';
    'B_DATA1':
      PIN_NUMBER='(0,0,A16,0,0,0)';
      INPUT_LOAD='(-0.01,0.01)';
    '-B_DATA1':
      PIN_NUMBER='(0,0,A15,0,0,0)';
      INPUT_LOAD='(-0.01,0.01)';
    'B_DATA2':
      PIN_NUMBER='(0,0,B20,0,0,0)';
      INPUT_LOAD='(-0.01,0.01)';
    '-B_DATA2':
      PIN_NUMBER='(0,0,B19,0,0,0)';
      INPUT_LOAD='(-0.01,0.01)';
    'C_CLKI':
      PIN_NUMBER='(0,0,AB12,0,0,0)';
      INPUT_LOAD='(-0.01,0.01)';
    '-C_CLKI':
      PIN_NUMBER='(0,0,AC12,0,0,0)';
      INPUT_LOAD='(-0.01,0.01)';
    'C_CLKQ':
      PIN_NUMBER='(0,0,AD12,0,0,0)';
      INPUT_LOAD='(-0.01,0.01)';
    '-C_CLKQ':
      PIN_NUMBER='(0,0,AD11,0,0,0)';
      INPUT_LOAD='(-0.01,0.01)';
    'C_DI':
      PIN_NUMBER='(0,0,AD15,0,0,0)';
      INPUT_LOAD='(-0.01,0.01)';
    '-C_DI':
      PIN_NUMBER='(0,0,AD14,0,0,0)';
      INPUT_LOAD='(-0.01,0.01)';
    'C_DQ2':
      PIN_NUMBER='(0,0,ad16,0,0,0)';
      INPUT_LOAD='(-0.01,0.01)';
    '-C_DQ':
      PIN_NUMBER='(0,0,AD17,0,0,0)';
      INPUT_LOAD='(-0.01,0.01)';
    'D_CLKI':
      PIN_NUMBER='(0,0,AD4,0,0,0)';
      OUTPUT_LOAD='(1.0,-1.0)';
    '-D_CLKI':
      PIN_NUMBER='(0,0,AD5,0,0,0)';
      OUTPUT_LOAD='(1.0,-1.0)';
    'D_CLKQ':
      PIN_NUMBER='(0,0,AC5,0,0,0)';
      OUTPUT_LOAD='(1.0,-1.0)';
    '-D_CLKQ':
      PIN_NUMBER='(0,0,AC6,0,0,0)';
      OUTPUT_LOAD='(1.0,-1.0)';
    'D_DI':
      PIN_NUMBER='(0,0,AD10,0,0,0)';
      OUTPUT_LOAD='(1.0,-1.0)';
    '-D_DI':
      PIN_NUMBER='(0,0,AD9,0,0,0)';
      OUTPUT_LOAD='(1.0,-1.0)';
    'D_DQ':
      PIN_NUMBER='(0,0,AC8,0,0,0)';
      OUTPUT_LOAD='(1.0,-1.0)';
    '-D_DQ':
      PIN_NUMBER='(0,0,AC7,0,0,0)';
      OUTPUT_LOAD='(1.0,-1.0)';
    'CCLK':
      PIN_NUMBER='(0,0,0,ab23,0,0)';
      INPUT_LOAD='(-0.01,0.01)';
    'DIN_D0':
      PIN_NUMBER='(0,0,0,AA20,0,0)';
      OUTPUT_TYPE='(TS,TS)';
      BIDIRECTIONAL='TRUE';
      INPUT_LOAD='(-0.01,0.01)';
      OUTPUT_LOAD='(1.0,-1.0)';
    'DONE':
      PIN_NUMBER='(0,0,0,ab21,0,0)';
      OUTPUT_LOAD='(1.0,-1.0)';
    'DXN':
      PIN_NUMBER='(0,0,0,b4,0,0)';
      PIN_TYPE='ANALOG';
      NO_LOAD_CHECK='Both';
      NO_IO_CHECK='Both';
      ALLOW_CONNECT='TRUE';
    'DXP':
      PIN_NUMBER='(0,0,0,c4,0,0)';
      PIN_TYPE='ANALOG';
      NO_LOAD_CHECK='Both';
      NO_IO_CHECK='Both';
      ALLOW_CONNECT='TRUE';
    'HFSYNT':
      PIN_NUMBER='(0,0,0,H11,0,0)';
      INPUT_LOAD='(-0.01,0.01)';
    'HFUPR'<0>:
      PIN_NUMBER='(0,0,0,M7,0,0)';
      OUTPUT_TYPE='(TS,TS)';
      BIDIRECTIONAL='TRUE';
      INPUT_LOAD='(-0.01,0.01)';
      OUTPUT_LOAD='(1.0,-1.0)';
    'HFUPR'<1>:
      PIN_NUMBER='(0,0,0,J4,0,0)';
      OUTPUT_TYPE='(TS,TS)';
      BIDIRECTIONAL='TRUE';
      INPUT_LOAD='(-0.01,0.01)';
      OUTPUT_LOAD='(1.0,-1.0)';
    'HFUPR'<2>:
      PIN_NUMBER='(0,0,0,K8,0,0)';
      OUTPUT_TYPE='(TS,TS)';
      BIDIRECTIONAL='TRUE';
      INPUT_LOAD='(-0.01,0.01)';
      OUTPUT_LOAD='(1.0,-1.0)';
    'HFUPR'<3>:
      PIN_NUMBER='(0,0,0,L8,0,0)';
      OUTPUT_TYPE='(TS,TS)';
      BIDIRECTIONAL='TRUE';
      INPUT_LOAD='(-0.01,0.01)';
      OUTPUT_LOAD='(1.0,-1.0)';
    'HFUPR'<4>:
      PIN_NUMBER='(0,0,0,L7,0,0)';
      OUTPUT_TYPE='(TS,TS)';
      BIDIRECTIONAL='TRUE';
      INPUT_LOAD='(-0.01,0.01)';
      OUTPUT_LOAD='(1.0,-1.0)';
    'HFUPR'<5>:
      PIN_NUMBER='(0,0,0,J3,0,0)';
      OUTPUT_TYPE='(TS,TS)';
      BIDIRECTIONAL='TRUE';
      INPUT_LOAD='(-0.01,0.01)';
      OUTPUT_LOAD='(1.0,-1.0)';
    'HFUPR'<6>:
      PIN_NUMBER='(0,0,0,J5,0,0)';
      OUTPUT_TYPE='(TS,TS)';
      BIDIRECTIONAL='TRUE';
      INPUT_LOAD='(-0.01,0.01)';
      OUTPUT_LOAD='(1.0,-1.0)';
    'HFUPR'<7>:
      PIN_NUMBER='(0,0,0,K1,0,0)';
      OUTPUT_TYPE='(TS,TS)';
      BIDIRECTIONAL='TRUE';
      INPUT_LOAD='(-0.01,0.01)';
      OUTPUT_LOAD='(1.0,-1.0)';
    'HFUPR'<8>:
      PIN_NUMBER='(0,0,0,K2,0,0)';
      OUTPUT_TYPE='(TS,TS)';
      BIDIRECTIONAL='TRUE';
      INPUT_LOAD='(-0.01,0.01)';
      OUTPUT_LOAD='(1.0,-1.0)';
    'HFUPR'<9>:
      PIN_NUMBER='(0,0,0,J1,0,0)';
      OUTPUT_TYPE='(TS,TS)';
      BIDIRECTIONAL='TRUE';
      INPUT_LOAD='(-0.01,0.01)';
      OUTPUT_LOAD='(1.0,-1.0)';
    'HFUPR'<10>:
      PIN_NUMBER='(0,0,0,L3,0,0)';
      OUTPUT_TYPE='(TS,TS)';
      BIDIRECTIONAL='TRUE';
      INPUT_LOAD='(-0.01,0.01)';
      OUTPUT_LOAD='(1.0,-1.0)';
    'HFUPR'<11>:
      PIN_NUMBER='(0,0,0,L5,0,0)';
      OUTPUT_TYPE='(TS,TS)';
      BIDIRECTIONAL='TRUE';
      INPUT_LOAD='(-0.01,0.01)';
      OUTPUT_LOAD='(1.0,-1.0)';
    'HFUPR'<12>:
      PIN_NUMBER='(0,0,0,M5,0,0)';
      OUTPUT_TYPE='(TS,TS)';
      BIDIRECTIONAL='TRUE';
      INPUT_LOAD='(-0.01,0.01)';
      OUTPUT_LOAD='(1.0,-1.0)';
    'HFUPR'<13>:
      PIN_NUMBER='(0,0,0,L4,0,0)';
      OUTPUT_TYPE='(TS,TS)';
      BIDIRECTIONAL='TRUE';
      INPUT_LOAD='(-0.01,0.01)';
      OUTPUT_LOAD='(1.0,-1.0)';
    'HFUPR'<14>:
      PIN_NUMBER='(0,0,0,M4,0,0)';
      OUTPUT_TYPE='(TS,TS)';
      BIDIRECTIONAL='TRUE';
      INPUT_LOAD='(-0.01,0.01)';
      OUTPUT_LOAD='(1.0,-1.0)';
    'HFUPR'<15>:
      PIN_NUMBER='(0,0,0,M1,0,0)';
      OUTPUT_TYPE='(TS,TS)';
      BIDIRECTIONAL='TRUE';
      INPUT_LOAD='(-0.01,0.01)';
      OUTPUT_LOAD='(1.0,-1.0)';
    'HFUPR'<16>:
      PIN_NUMBER='(0,0,0,M8,0,0)';
      OUTPUT_TYPE='(TS,TS)';
      BIDIRECTIONAL='TRUE';
      INPUT_LOAD='(-0.01,0.01)';
      OUTPUT_LOAD='(1.0,-1.0)';
    'HFUPR'<17>:
      PIN_NUMBER='(0,0,0,M2,0,0)';
      OUTPUT_TYPE='(TS,TS)';
      BIDIRECTIONAL='TRUE';
      INPUT_LOAD='(-0.01,0.01)';
      OUTPUT_LOAD='(1.0,-1.0)';
    'HFUPR'<18>:
      PIN_NUMBER='(0,0,0,L1,0,0)';
      OUTPUT_TYPE='(TS,TS)';
      BIDIRECTIONAL='TRUE';
      INPUT_LOAD='(-0.01,0.01)';
      OUTPUT_LOAD='(1.0,-1.0)';
    'HFUPR'<19>:
      PIN_NUMBER='(0,0,0,J7,0,0)';
      OUTPUT_TYPE='(TS,TS)';
      BIDIRECTIONAL='TRUE';
      INPUT_LOAD='(-0.01,0.01)';
      OUTPUT_LOAD='(1.0,-1.0)';
    'HFUPR'<20>:
      PIN_NUMBER='(0,0,0,K5,0,0)';
      OUTPUT_TYPE='(TS,TS)';
      BIDIRECTIONAL='TRUE';
      INPUT_LOAD='(-0.01,0.01)';
      OUTPUT_LOAD='(1.0,-1.0)';
    '-HSWAP_EN':
      PIN_NUMBER='(0,0,0,c2,0,0)';
      INPUT_LOAD='(-0.01,0.01)';
    'IO'<0>:
      PIN_NUMBER='(0,0,0,P24,0,0)';
      OUTPUT_LOAD='(1.0,-1.0)';
    'IO'<1>:
      PIN_NUMBER='(0,0,0,T17,0,0)';
      OUTPUT_LOAD='(1.0,-1.0)';
    'IO'<2>:
      PIN_NUMBER='(0,0,0,R17,0,0)';
      OUTPUT_LOAD='(1.0,-1.0)';
    'IO'<3>:
      PIN_NUMBER='(0,0,0,U4,0,0)';
      OUTPUT_LOAD='(1.0,-1.0)';
    'IO'<4>:
      PIN_NUMBER='(0,0,0,J22,0,0)';
      OUTPUT_LOAD='(1.0,-1.0)';
    'IO'<5>:
      PIN_NUMBER='(0,0,0,R23,0,0)';
      OUTPUT_LOAD='(1.0,-1.0)';
    'LED'<0>:
      PIN_NUMBER='(0,0,0,W20,0,0)';
      OUTPUT_LOAD='(1.0,-1.0)';
    'LED'<1>:
      PIN_NUMBER='(0,0,0,U21,0,0)';
      OUTPUT_LOAD='(1.0,-1.0)';
    'LED'<2>:
      PIN_NUMBER='(0,0,0,M17,0,0)';
      OUTPUT_LOAD='(1.0,-1.0)';
    'LED'<3>:
      PIN_NUMBER='(0,0,0,R24,0,0)';
      OUTPUT_LOAD='(1.0,-1.0)';
    'LFSYNT':
      PIN_NUMBER='(0,0,0,H12,0,0)';
      INPUT_LOAD='(-0.01,0.01)';
    'LFUPR'<0>:
      PIN_NUMBER='(0,0,0,E3,0,0)';
      OUTPUT_TYPE='(TS,TS)';
      BIDIRECTIONAL='TRUE';
      INPUT_LOAD='(-0.01,0.01)';
      OUTPUT_LOAD='(1.0,-1.0)';
    'LFUPR'<1>:
      PIN_NUMBER='(0,0,0,H6,0,0)';
      OUTPUT_TYPE='(TS,TS)';
      BIDIRECTIONAL='TRUE';
      INPUT_LOAD='(-0.01,0.01)';
      OUTPUT_LOAD='(1.0,-1.0)';
    'LFUPR'<2>:
      PIN_NUMBER='(0,0,0,G2,0,0)';
      OUTPUT_TYPE='(TS,TS)';
      BIDIRECTIONAL='TRUE';
      INPUT_LOAD='(-0.01,0.01)';
      OUTPUT_LOAD='(1.0,-1.0)';
    'LFUPR'<3>:
      PIN_NUMBER='(0,0,0,F7,0,0)';
      OUTPUT_TYPE='(TS,TS)';
      BIDIRECTIONAL='TRUE';
      INPUT_LOAD='(-0.01,0.01)';
      OUTPUT_LOAD='(1.0,-1.0)';
    'LFUPR'<4>:
      PIN_NUMBER='(0,0,0,G3,0,0)';
      OUTPUT_TYPE='(TS,TS)';
      BIDIRECTIONAL='TRUE';
      INPUT_LOAD='(-0.01,0.01)';
      OUTPUT_LOAD='(1.0,-1.0)';
    'LFUPR'<5>:
      PIN_NUMBER='(0,0,0,H2,0,0)';
      OUTPUT_TYPE='(TS,TS)';
      BIDIRECTIONAL='TRUE';
      INPUT_LOAD='(-0.01,0.01)';
      OUTPUT_LOAD='(1.0,-1.0)';
    'LFUPR'<6>:
      PIN_NUMBER='(0,0,0,G4,0,0)';
      OUTPUT_TYPE='(TS,TS)';
      BIDIRECTIONAL='TRUE';
      INPUT_LOAD='(-0.01,0.01)';
      OUTPUT_LOAD='(1.0,-1.0)';
    'LFUPR'<7>:
      PIN_NUMBER='(0,0,0,J2,0,0)';
      OUTPUT_TYPE='(TS,TS)';
      BIDIRECTIONAL='TRUE';
      INPUT_LOAD='(-0.01,0.01)';
      OUTPUT_LOAD='(1.0,-1.0)';
    'LFUPR'<8>:
      PIN_NUMBER='(0,0,0,H3,0,0)';
      OUTPUT_TYPE='(TS,TS)';
      BIDIRECTIONAL='TRUE';
      INPUT_LOAD='(-0.01,0.01)';
      OUTPUT_LOAD='(1.0,-1.0)';
    'LFUPR'<9>:
      PIN_NUMBER='(0,0,0,H1,0,0)';
      OUTPUT_TYPE='(TS,TS)';
      BIDIRECTIONAL='TRUE';
      INPUT_LOAD='(-0.01,0.01)';
      OUTPUT_LOAD='(1.0,-1.0)';
    'LFUPR'<10>:
      PIN_NUMBER='(0,0,0,F1,0,0)';
      OUTPUT_TYPE='(TS,TS)';
      BIDIRECTIONAL='TRUE';
      INPUT_LOAD='(-0.01,0.01)';
      OUTPUT_LOAD='(1.0,-1.0)';
    'LFUPR'<11>:
      PIN_NUMBER='(0,0,0,F4,0,0)';
      OUTPUT_TYPE='(TS,TS)';
      BIDIRECTIONAL='TRUE';
      INPUT_LOAD='(-0.01,0.01)';
      OUTPUT_LOAD='(1.0,-1.0)';
    'LFUPR'<12>:
      PIN_NUMBER='(0,0,0,G8,0,0)';
      OUTPUT_TYPE='(TS,TS)';
      BIDIRECTIONAL='TRUE';
      INPUT_LOAD='(-0.01,0.01)';
      OUTPUT_LOAD='(1.0,-1.0)';
    'LFUPR'<13>:
      PIN_NUMBER='(0,0,0,F5,0,0)';
      OUTPUT_TYPE='(TS,TS)';
      BIDIRECTIONAL='TRUE';
      INPUT_LOAD='(-0.01,0.01)';
      OUTPUT_LOAD='(1.0,-1.0)';
    'LFUPR'<14>:
      PIN_NUMBER='(0,0,0,F2,0,0)';
      OUTPUT_TYPE='(TS,TS)';
      BIDIRECTIONAL='TRUE';
      INPUT_LOAD='(-0.01,0.01)';
      OUTPUT_LOAD='(1.0,-1.0)';
    'LFUPR'<15>:
      PIN_NUMBER='(0,0,0,E4,0,0)';
      OUTPUT_TYPE='(TS,TS)';
      BIDIRECTIONAL='TRUE';
      INPUT_LOAD='(-0.01,0.01)';
      OUTPUT_LOAD='(1.0,-1.0)';
    'LFUPR'<16>:
      PIN_NUMBER='(0,0,0,C5,0,0)';
      OUTPUT_TYPE='(TS,TS)';
      BIDIRECTIONAL='TRUE';
      INPUT_LOAD='(-0.01,0.01)';
      OUTPUT_LOAD='(1.0,-1.0)';
    'LFUPR'<17>:
      PIN_NUMBER='(0,0,0,J8,0,0)';
      OUTPUT_TYPE='(TS,TS)';
      BIDIRECTIONAL='TRUE';
      INPUT_LOAD='(-0.01,0.01)';
      OUTPUT_LOAD='(1.0,-1.0)';
    'LFUPR'<18>:
      PIN_NUMBER='(0,0,0,H7,0,0)';
      OUTPUT_TYPE='(TS,TS)';
      BIDIRECTIONAL='TRUE';
      INPUT_LOAD='(-0.01,0.01)';
      OUTPUT_LOAD='(1.0,-1.0)';
    'LFUPR'<19>:
      PIN_NUMBER='(0,0,0,H5,0,0)';
      OUTPUT_TYPE='(TS,TS)';
      BIDIRECTIONAL='TRUE';
      INPUT_LOAD='(-0.01,0.01)';
      OUTPUT_LOAD='(1.0,-1.0)';
    'LFUPR'<20>:
      PIN_NUMBER='(0,0,0,H4,0,0)';
      OUTPUT_TYPE='(TS,TS)';
      BIDIRECTIONAL='TRUE';
      INPUT_LOAD='(-0.01,0.01)';
      OUTPUT_LOAD='(1.0,-1.0)';
    'M'<0>:
      PIN_NUMBER='(0,0,0,U22,0,0)';
      INPUT_LOAD='(-0.01,0.01)';
    'M'<1>:
      PIN_NUMBER='(0,0,0,V21,0,0)';
      INPUT_LOAD='(-0.01,0.01)';
    'M'<2>:
      PIN_NUMBER='(0,0,0,ad3,0,0)';
      INPUT_LOAD='(-0.01,0.01)';
    '-M_INT_CFG':
      PIN_NUMBER='(0,0,0,AD21,0,0)';
      OUTPUT_TYPE='(OC,AND)';
      OUTPUT_LOAD='(1.0,*)';
    '-PROGRAM':
      PIN_NUMBER='(0,0,0,c1,0,0)';
      INPUT_LOAD='(-0.01,0.01)';
    '-PWRDWN':
      PIN_NUMBER='(0,0,0,ac21,0,0)';
      INPUT_LOAD='(-0.01,0.01)';
    'TCK':
      PIN_NUMBER='(0,0,0,c23,0,0)';
      INPUT_LOAD='(-0.01,0.01)';
    'TDI':
      PIN_NUMBER='(0,0,0,d1,0,0)';
      INPUT_LOAD='(-0.01,0.01)';
    'TDO':
      PIN_NUMBER='(0,0,0,c24,0,0)';
      OUTPUT_LOAD='(1.0,-1.0)';
    'TMS':
      PIN_NUMBER='(0,0,0,c21,0,0)';
      INPUT_LOAD='(-0.01,0.01)';
    'TSTCLK':
      PIN_NUMBER='(0,0,0,P5,0,0)';
      OUTPUT_LOAD='(1.0,-1.0)';
    'TSTD'<0>:
      PIN_NUMBER='(0,0,0,P3,0,0)';
      OUTPUT_LOAD='(1.0,-1.0)';
    'TSTD'<1>:
      PIN_NUMBER='(0,0,0,M6,0,0)';
      OUTPUT_LOAD='(1.0,-1.0)';
    'TSTD'<2>:
      PIN_NUMBER='(0,0,0,N4,0,0)';
      OUTPUT_LOAD='(1.0,-1.0)';
    'TSTD'<3>:
      PIN_NUMBER='(0,0,0,N5,0,0)';
      OUTPUT_LOAD='(1.0,-1.0)';
    'TSTD'<4>:
      PIN_NUMBER='(0,0,0,P4,0,0)';
      OUTPUT_LOAD='(1.0,-1.0)';
    'TSTD'<5>:
      PIN_NUMBER='(0,0,0,N6,0,0)';
      OUTPUT_LOAD='(1.0,-1.0)';
    'TSTD'<6>:
      PIN_NUMBER='(0,0,0,R5,0,0)';
      OUTPUT_LOAD='(1.0,-1.0)';
    'TSTD'<7>:
      PIN_NUMBER='(0,0,0,T3,0,0)';
      OUTPUT_LOAD='(1.0,-1.0)';
    'TSTD'<8>:
      PIN_NUMBER='(0,0,0,R6,0,0)';
      OUTPUT_LOAD='(1.0,-1.0)';
    'TSTD'<9>:
      PIN_NUMBER='(0,0,0,T4,0,0)';
      OUTPUT_LOAD='(1.0,-1.0)';
    'TSTD'<10>:
      PIN_NUMBER='(0,0,0,R19,0,0)';
      OUTPUT_LOAD='(1.0,-1.0)';
    'TSTD'<11>:
      PIN_NUMBER='(0,0,0,U3,0,0)';
      OUTPUT_LOAD='(1.0,-1.0)';
    'VBATT':
      PIN_NUMBER='(0,0,0,b21,0,0)';
      INPUT_LOAD='(-0.01,0.01)';
    'VRN'<0>:
      PIN_NUMBER='(0,0,0,d6,0,0)';
      PIN_TYPE='ANALOG';
      NO_LOAD_CHECK='Both';
      NO_IO_CHECK='Both';
      ALLOW_CONNECT='TRUE';
    'VRN'<1>:
      PIN_NUMBER='(0,0,0,e19,0,0)';
      PIN_TYPE='ANALOG';
      NO_LOAD_CHECK='Both';
      NO_IO_CHECK='Both';
      ALLOW_CONNECT='TRUE';
    'VRN'<2>:
      PIN_NUMBER='(0,0,0,e22,0,0)';
      PIN_TYPE='ANALOG';
      NO_LOAD_CHECK='Both';
      NO_IO_CHECK='Both';
      ALLOW_CONNECT='TRUE';
    'VRN'<3>:
      PIN_NUMBER='(0,0,0,v19,0,0)';
      PIN_TYPE='ANALOG';
      NO_LOAD_CHECK='Both';
      NO_IO_CHECK='Both';
      ALLOW_CONNECT='TRUE';
    'VRN'<4>:
      PIN_NUMBER='(0,0,0,v17,0,0)';
      PIN_TYPE='ANALOG';
      NO_LOAD_CHECK='Both';
      NO_IO_CHECK='Both';
      ALLOW_CONNECT='TRUE';
    'VRN'<5>:
      PIN_NUMBER='(0,0,0,aa7,0,0)';
      PIN_TYPE='ANALOG';
      NO_LOAD_CHECK='Both';
      NO_IO_CHECK='Both';
      ALLOW_CONNECT='TRUE';
    'VRN'<6>:
      PIN_NUMBER='(0,0,0,aa3,0,0)';
      PIN_TYPE='ANALOG';
      NO_LOAD_CHECK='Both';
      NO_IO_CHECK='Both';
      ALLOW_CONNECT='TRUE';
    'VRN'<7>:
      PIN_NUMBER='(0,0,0,g5,0,0)';
      PIN_TYPE='ANALOG';
      NO_LOAD_CHECK='Both';
      NO_IO_CHECK='Both';
      ALLOW_CONNECT='TRUE';
    'VRP'<0>:
      PIN_NUMBER='(0,0,0,e6,0,0)';
      PIN_TYPE='ANALOG';
      NO_LOAD_CHECK='Both';
      NO_IO_CHECK='Both';
      ALLOW_CONNECT='TRUE';
    'VRP'<1>:
      PIN_NUMBER='(0,0,0,d19,0,0)';
      PIN_TYPE='ANALOG';
      NO_LOAD_CHECK='Both';
      NO_IO_CHECK='Both';
      ALLOW_CONNECT='TRUE';
    'VRP'<2>:
      PIN_NUMBER='(0,0,0,e21,0,0)';
      PIN_TYPE='ANALOG';
      NO_LOAD_CHECK='Both';
      NO_IO_CHECK='Both';
      ALLOW_CONNECT='TRUE';
    'VRP'<3>:
      PIN_NUMBER='(0,0,0,v20,0,0)';
      PIN_TYPE='ANALOG';
      NO_LOAD_CHECK='Both';
      NO_IO_CHECK='Both';
      ALLOW_CONNECT='TRUE';
    'VRP'<4>:
      PIN_NUMBER='(0,0,0,u16,0,0)';
      PIN_TYPE='ANALOG';
      NO_LOAD_CHECK='Both';
      NO_IO_CHECK='Both';
      ALLOW_CONNECT='TRUE';
    'VRP'<5>:
      PIN_NUMBER='(0,0,0,ab7,0,0)';
      PIN_TYPE='ANALOG';
      NO_LOAD_CHECK='Both';
      NO_IO_CHECK='Both';
      ALLOW_CONNECT='TRUE';
    'VRP'<6>:
      PIN_NUMBER='(0,0,0,aa2,0,0)';
      PIN_TYPE='ANALOG';
      NO_LOAD_CHECK='Both';
      NO_IO_CHECK='Both';
      ALLOW_CONNECT='TRUE';
    'VRP'<7>:
      PIN_NUMBER='(0,0,0,g6,0,0)';
      PIN_TYPE='ANALOG';
      NO_LOAD_CHECK='Both';
      NO_IO_CHECK='Both';
      ALLOW_CONNECT='TRUE';
    '-HFSYNT':
      PIN_NUMBER='(0,0,0,0,K3,0)';
      INPUT_LOAD='(-0.01,0.01)';
    'L1QD'<0>:
      PIN_NUMBER='(0,0,0,0,R18,0)';
      OUTPUT_TYPE='(TS,TS)';
      BIDIRECTIONAL='TRUE';
      INPUT_LOAD='(-0.01,0.01)';
      OUTPUT_LOAD='(1.0,-1.0)';
    'L1QD'<1>:
      PIN_NUMBER='(0,0,0,0,L20,0)';
      OUTPUT_TYPE='(TS,TS)';
      BIDIRECTIONAL='TRUE';
      INPUT_LOAD='(-0.01,0.01)';
      OUTPUT_LOAD='(1.0,-1.0)';
    'L1QD'<2>:
      PIN_NUMBER='(0,0,0,0,H23,0)';
      OUTPUT_TYPE='(TS,TS)';
      BIDIRECTIONAL='TRUE';
      INPUT_LOAD='(-0.01,0.01)';
      OUTPUT_LOAD='(1.0,-1.0)';
    'L1QD'<3>:
      PIN_NUMBER='(0,0,0,0,p21,0)';
      OUTPUT_TYPE='(TS,TS)';
      BIDIRECTIONAL='TRUE';
      INPUT_LOAD='(-0.01,0.01)';
      OUTPUT_LOAD='(1.0,-1.0)';
    'LTXCLK':
      PIN_NUMBER='(0,0,0,0,aa19,0)';
      OUTPUT_LOAD='(1.0,-1.0)';
    'M_RDY_CFG':
      PIN_NUMBER='(0,0,0,0,AD22,0)';
      INPUT_LOAD='(-0.01,0.01)';
    'R1QD'<3>:
      PIN_NUMBER='(0,0,0,0,M20,0)';
      OUTPUT_TYPE='(TS,TS)';
      BIDIRECTIONAL='TRUE';
      INPUT_LOAD='(-0.01,0.01)';
      OUTPUT_LOAD='(1.0,-1.0)';
    'R2ID'<1>:
      PIN_NUMBER='(0,0,0,0,G22,0)';
      OUTPUT_TYPE='(TS,TS)';
      BIDIRECTIONAL='TRUE';
      INPUT_LOAD='(-0.01,0.01)';
      OUTPUT_LOAD='(1.0,-1.0)';
    'R2ID'<2>:
      PIN_NUMBER='(0,0,0,0,H20,0)';
      OUTPUT_TYPE='(TS,TS)';
      BIDIRECTIONAL='TRUE';
      INPUT_LOAD='(-0.01,0.01)';
      OUTPUT_LOAD='(1.0,-1.0)';
    'R2ID'<3>:
      PIN_NUMBER='(0,0,0,0,t7,0)';
      OUTPUT_TYPE='(TS,TS)';
      BIDIRECTIONAL='TRUE';
      INPUT_LOAD='(-0.01,0.01)';
      OUTPUT_LOAD='(1.0,-1.0)';
    'RP1CMD'<2>:
      PIN_NUMBER='(0,0,0,0,ab14,0)';
      OUTPUT_TYPE='(TS,TS)';
      BIDIRECTIONAL='TRUE';
      INPUT_LOAD='(-0.01,0.01)';
      OUTPUT_LOAD='(1.0,-1.0)';
    'RP1CMD'<3>:
      PIN_NUMBER='(0,0,0,0,V13,0)';
      OUTPUT_TYPE='(TS,TS)';
      BIDIRECTIONAL='TRUE';
      INPUT_LOAD='(-0.01,0.01)';
      OUTPUT_LOAD='(1.0,-1.0)';
    'RPIO'<8>:
      PIN_NUMBER='(0,0,0,0,T8,0)';
      OUTPUT_TYPE='(TS,TS)';
      BIDIRECTIONAL='TRUE';
      INPUT_LOAD='(-0.01,0.01)';
      OUTPUT_LOAD='(1.0,-1.0)';
    'RPIO'<9>:
      PIN_NUMBER='(0,0,0,0,y6,0)';
      OUTPUT_TYPE='(TS,TS)';
      BIDIRECTIONAL='TRUE';
      INPUT_LOAD='(-0.01,0.01)';
      OUTPUT_LOAD='(1.0,-1.0)';
    'RPIO'<10>:
      PIN_NUMBER='(0,0,0,0,ac4,0)';
      OUTPUT_TYPE='(TS,TS)';
      BIDIRECTIONAL='TRUE';
      INPUT_LOAD='(-0.01,0.01)';
      OUTPUT_LOAD='(1.0,-1.0)';
    'RPIO'<11>:
      PIN_NUMBER='(0,0,0,0,V8,0)';
      OUTPUT_TYPE='(TS,TS)';
      BIDIRECTIONAL='TRUE';
      INPUT_LOAD='(-0.01,0.01)';
      OUTPUT_LOAD='(1.0,-1.0)';
    'RRXCLK':
      PIN_NUMBER='(0,0,0,0,p8,0)';
      INPUT_LOAD='(-0.01,0.01)';
    'RTXCLK':
      PIN_NUMBER='(0,0,0,0,ab4,0)';
      OUTPUT_LOAD='(1.0,-1.0)';
    'UTCL':
      PIN_NUMBER='(0,0,0,0,D14,0)';
      INPUT_LOAD='(-0.01,0.01)';
    '-UTCL':
      PIN_NUMBER='(0,0,0,0,p7,0)';
      INPUT_LOAD='(-0.01,0.01)';
    'UTCR':
      PIN_NUMBER='(0,0,0,0,aa6,0)';
      INPUT_LOAD='(-0.01,0.01)';
    '-UTCR':
      PIN_NUMBER='(0,0,0,0,u9,0)';
      INPUT_LOAD='(-0.01,0.01)';
    'PA_RXCLK':
      PIN_NUMBER='(0,0,0,0,0,T1)';
      PINSWAP='A1-A24';
      INPUT_LOAD='(-0.01,0.01)';
    'PA_RXD'<0>:
      PIN_NUMBER='(0,0,0,0,0,U1)';
      INPUT_LOAD='(-0.01,0.01)';
    'PA_RXD'<1>:
      PIN_NUMBER='(0,0,0,0,0,V2)';
      INPUT_LOAD='(-0.01,0.01)';
    'PA_RXD'<2>:
      PIN_NUMBER='(0,0,0,0,0,W1)';
      INPUT_LOAD='(-0.01,0.01)';
    'PA_RXD'<3>:
      PIN_NUMBER='(0,0,0,0,0,Y1)';
      INPUT_LOAD='(-0.01,0.01)';
    'PA_RXD'<4>:
      PIN_NUMBER='(0,0,0,0,0,T2)';
      INPUT_LOAD='(-0.01,0.01)';
    'PA_RXD'<5>:
      PIN_NUMBER='(0,0,0,0,0,R1)';
      INPUT_LOAD='(-0.01,0.01)';
    'PA_RXD'<6>:
      PIN_NUMBER='(0,0,0,0,0,R2)';
      INPUT_LOAD='(-0.01,0.01)';
    'PA_RXD'<7>:
      PIN_NUMBER='(0,0,0,0,0,P1)';
      INPUT_LOAD='(-0.01,0.01)';
    'PA_RXRSV0':
      PIN_NUMBER='(0,0,0,0,0,U2)';
      INPUT_LOAD='(-0.01,0.01)';
    'PA_TXCLK':
      PIN_NUMBER='(0,0,0,0,0,C7)';
      OUTPUT_LOAD='(1.0,-1.0)';
    'PA_TXD'<0>:
      PIN_NUMBER='(0,0,0,0,0,B6)';
      OUTPUT_LOAD='(1.0,-1.0)';
    'PA_TXD'<1>:
      PIN_NUMBER='(0,0,0,0,0,D5)';
      OUTPUT_LOAD='(1.0,-1.0)';
    'PA_TXD'<2>:
      PIN_NUMBER='(0,0,0,0,0,B7)';
      OUTPUT_LOAD='(1.0,-1.0)';
    'PA_TXD'<3>:
      PIN_NUMBER='(0,0,0,0,0,B5)';
      OUTPUT_LOAD='(1.0,-1.0)';
    'PA_TXD'<4>:
      PIN_NUMBER='(0,0,0,0,0,E1)';
      OUTPUT_LOAD='(1.0,-1.0)';
    'PA_TXD'<5>:
      PIN_NUMBER='(0,0,0,0,0,E2)';
      OUTPUT_LOAD='(1.0,-1.0)';
    'PA_TXD'<6>:
      PIN_NUMBER='(0,0,0,0,0,D2)';
      OUTPUT_LOAD='(1.0,-1.0)';
    'PA_TXD'<7>:
      PIN_NUMBER='(0,0,0,0,0,D3)';
      OUTPUT_LOAD='(1.0,-1.0)';
    'PA_TXRSV0':
      PIN_NUMBER='(0,0,0,0,0,E7)';
      OUTPUT_LOAD='(1.0,-1.0)';
  end_pin;
  body
    PART_NAME='DPU_T';
    FAMILY='?';
    BODY_NAME='DPU_T';
    LOCATION='?';
    JEDEC_TYPE='F2';
    PHYS_DES_PREFIX='DD';
    CLASS='IC';
    POWER_PINS='(GNDD:AD24,AD23,AD18,AD7,AD2,AD1,AC24,AC23,AC2,AC1,AB22,AB3)';
    POWER_PINS='(GNDD:AA21,AA15,AA10,AA4,Y20,Y5,W19,W6,V24,V18,V7,V1,R21,R4)';
    POWER_PINS='(GNDD:P14,P13,P12,P11,N14,N13,N12,N11,M14,M13,M12,M11,L14,L13)';
    POWER_PINS='(GNDD:L12,L11,K21,K4,G24,G18,G7,G1,F19,F6,E20,E5,D21,D15,D10)';
    POWER_PINS='(GNDD:D4,C22,C3,B24,B23,B2,B1,A24,A23,A18,A7,A2)';
    POWER_PINS='(VCCAUX_P3V3:A12,B3,B22,M24,N1,AC3,AC22,AD13)';
    POWER_PINS='(VCCINT_P1V5:H8,J9,J16,H17,K10,K11,K12,K13,K14,K15,L10,L15,M10)';
    POWER_PINS='(VCCINT_P1V5:M15,N10,N15,P10,P15,R10,R11,R12,R13,R14,R15,T9)';
    POWER_PINS='(VCCINT_P1V5:T16,U8,U17)';
    POWER_PINS='(VCCO_P3V3:C6,B11,F11,J10,J11,J12,B14,C19,F14,J13,J14,J15,F22)';
    POWER_PINS='(VCCO_P3V3:K16,L16,L19,L23,M16,N16,P16,P19,P23,R16,W22,T13,T14)';
    POWER_PINS='(VCCO_P3V3:T15,W14,AB19,AC14,T10,T11,T12,W11,AC11,AB6,P9,P2)';
    POWER_PINS='(VCCO_P3V3:P6,R9,W3,N9,F3,K9,L2,L6,L9,M9)';
    NC_PINS='(A22)';
  end_body;
end_primitive;

END.
