FILE_TYPE=LIBRARY_PARTS;
primitive 'TC-0103';
  pin
    'KT1':
      PIN_NUMBER='(1)';
      PIN_TYPE='ANALOG';
      NO_LOAD_CHECK='Both';
      NO_IO_CHECK='Both';
      NO_ASSERT_CHECK='TRUE';
      NO_DIR_CHECK='TRUE';
      ALLOW_CONNECT='TRUE';
    'KT2':
      PIN_NUMBER='(3)';
      PIN_TYPE='ANALOG';
      NO_LOAD_CHECK='Both';
      NO_IO_CHECK='Both';
      NO_ASSERT_CHECK='TRUE';
      NO_DIR_CHECK='TRUE';
      ALLOW_CONNECT='TRUE';
  end_pin;
  body
    PART_NAME='TC-0103';
    BODY_NAME='TC-0103';
    JEDEC_TYPE='tc-0103';
    PHYS_DES_PREFIX='SB';
    CLASS='IC';
    NC_PINS='(2,4)';
  end_body;
end_primitive;

END.
