FILE_TYPE=LIBRARY_PARTS;
primitive 'MIC37301';
  pin
    'VIN':
      PIN_NUMBER='(2)';
      PIN_TYPE='ANALOG';
      NO_LOAD_CHECK='Both';
      NO_IO_CHECK='Both';
      ALLOW_CONNECT='TRUE';
    'EN':
      PIN_NUMBER='(1)';
      INPUT_LOAD='(-0.01,0.01)';
    'VOUT':
      PIN_NUMBER='(4)';
      PIN_TYPE='ANALOG';
      NO_LOAD_CHECK='Both';
      NO_IO_CHECK='Both';
      ALLOW_CONNECT='TRUE';
    '-ERR':
      PIN_NUMBER='(5)';
      OUTPUT_TYPE='(OC,AND)';
      OUTPUT_LOAD='(1.0,*)';
  end_pin;
  body
    PART_NAME='MIC37301';
    BODY_NAME='MIC37301';
    JEDEC_TYPE='F332';
    PHYS_DES_PREFIX='DA';
    CLASS='IC';
    GROUND_NETS='GNDD';
    POWER_PINS='(GNDD:3,6)';
  end_body;
end_primitive;

END.
