	(Comment
		(Time 06/27/17,09:58:01)
		(User Lmx2315)
		(MsgId ECO_081)
		(Text "Symbol sym_1 added to cell")
		(Param1 "sym_1")
	)
	(Comment
		(Time 06/27/17,10:03:56)
		(User Lmx2315)
		(MsgId ECO_021)
		(Text "Package HMC832 added to cell")
		(Param1 "HMC832")
	)
	(Comment
		(Time 06/27/17,10:21:42)
		(User Lmx2315)
		(MsgId ECO_082)
		(Text "Symbol sym_1 deleted from cell")
		(Param1 "sym_1")
	)
	(Comment
		(Time 06/27/17,10:21:48)
		(User Lmx2315)
		(MsgId ECO_081)
		(Text "Symbol sym_1 added to cell")
		(Param1 "sym_1")
	)
	(Comment
		(Time 06/27/17,10:25:02)
		(User Lmx2315)
		(MsgId ECO_082)
		(Text "Symbol sym_1 deleted from cell")
		(Param1 "sym_1")
	)
	(Comment
		(Time 06/27/17,10:25:28)
		(User Lmx2315)
		(MsgId ECO_081)
		(Text "Symbol sym_1 added to cell")
		(Param1 "sym_1")
	)
