	(Comment
		(Time 05/17/17,15:29:35)
		(User Lmx2315)
		(MsgId ECO_081)
		(Text "Symbol sym_1 added to cell")
		(Param1 "sym_1")
	)
	(Comment
		(Time 05/17/17,15:55:33)
		(User Lmx2315)
		(MsgId ECO_021)
		(Text "Package TLK10232 added to cell")
		(Param1 "TLK10232")
	)
	(Comment
		(Time 05/17/17,16:55:21)
		(User Lmx2315)
		(MsgId ECO_082)
		(Text "Symbol sym_1 deleted from cell")
		(Param1 "sym_1")
	)
	(Comment
		(Time 05/17/17,16:55:28)
		(User Lmx2315)
		(MsgId ECO_081)
		(Text "Symbol sym_1 added to cell")
		(Param1 "sym_1")
	)
	(Comment
		(Time 05/17/17,16:55:35)
		(User Lmx2315)
		(MsgId ECO_082)
		(Text "Symbol sym_1 deleted from cell")
		(Param1 "sym_1")
	)
	(Comment
		(Time 05/17/17,17:01:42)
		(User Lmx2315)
		(MsgId ECO_081)
		(Text "Symbol sym_1 added to cell")
		(Param1 "sym_1")
	)
	(Comment
		(Time 05/17/17,17:01:42)
		(User Lmx2315)
		(MsgId ECO_081)
		(Text "Symbol sym_2 added to cell")
		(Param1 "sym_2")
	)
	(Comment
		(Time 05/17/17,17:01:42)
		(User Lmx2315)
		(MsgId ECO_081)
		(Text "Symbol sym_3 added to cell")
		(Param1 "sym_3")
	)
	(Comment
		(Time 05/17/17,17:08:45)
		(User Lmx2315)
		(MsgId ECO_082)
		(Text "Symbol sym_1 deleted from cell")
		(Param1 "sym_1")
	)
	(Comment
		(Time 05/17/17,17:08:49)
		(User Lmx2315)
		(MsgId ECO_082)
		(Text "Symbol sym_2 deleted from cell")
		(Param1 "sym_2")
	)
	(Comment
		(Time 05/17/17,17:08:52)
		(User Lmx2315)
		(MsgId ECO_082)
		(Text "Symbol sym_3 deleted from cell")
		(Param1 "sym_3")
	)
	(Comment
		(Time 05/17/17,17:09:12)
		(User Lmx2315)
		(MsgId ECO_081)
		(Text "Symbol sym_1 added to cell")
		(Param1 "sym_1")
	)
	(Comment
		(Time 05/17/17,17:09:12)
		(User Lmx2315)
		(MsgId ECO_081)
		(Text "Symbol sym_2 added to cell")
		(Param1 "sym_2")
	)
	(Comment
		(Time 05/17/17,17:09:12)
		(User Lmx2315)
		(MsgId ECO_081)
		(Text "Symbol sym_3 added to cell")
		(Param1 "sym_3")
	)
