FILE_TYPE=LIBRARY_PARTS;
TIME=' Created/Modified on Wed Oct 15 13:11:28 2003' ;
primitive 'C_JTAG';
  pin
    'A1':
      PIN_NUMBER='(1)';
      INPUT_LOAD='(-0.01,0.01)';
    'A2':
      PIN_NUMBER='(3)';
      INPUT_LOAD='(-0.01,0.01)';
    'A3':
      PIN_NUMBER='(5)';
      INPUT_LOAD='(-0.01,0.01)';
    'A4':
      PIN_NUMBER='(7)';
      INPUT_LOAD='(-0.01,0.01)';
    'A5':
      PIN_NUMBER='(9)';
      INPUT_LOAD='(-0.01,0.01)';
    'Y1':
      PIN_NUMBER='(2)';
      OUTPUT_LOAD='(1.0,-1.0)';
    'Y2':
      PIN_NUMBER='(4)';
      OUTPUT_LOAD='(1.0,-1.0)';
    'Y3':
      PIN_NUMBER='(6)';
      OUTPUT_LOAD='(1.0,-1.0)';
    'Y4':
      PIN_NUMBER='(8)';
      OUTPUT_LOAD='(1.0,-1.0)';
    'Y5':
      PIN_NUMBER='(10)';
      OUTPUT_LOAD='(1.0,-1.0)';
  end_pin;
  body
    CLASS='DISCRETE';
    PART_NAME='C_JTAG';
    JEDEC_TYPE='f116';
    BODY_NAME='C_JTAG';
  end_body;
end_primitive;
END.
