FILE_TYPE=LIBRARY_PARTS;
TIME=' Created/Modified on Fri Aug 01 16:05:57 2003' ;
primitive 'CPCI_J1_F78';
  pin
    'AD0':
      PIN_NUMBER='(D24)';
      INPUT_LOAD='(-0.01,0.01)';
    'AD1':
      PIN_NUMBER='(A24)';
      INPUT_LOAD='(-0.01,0.01)';
    'AD2':
      PIN_NUMBER='(E23)';
      INPUT_LOAD='(-0.01,0.01)';
    'AD3':
      PIN_NUMBER='(C23)';
      INPUT_LOAD='(-0.01,0.01)';
    'AD4':
      PIN_NUMBER='(B23)';
      INPUT_LOAD='(-0.01,0.01)';
    'AD5':
      PIN_NUMBER='(E22)';
      INPUT_LOAD='(-0.01,0.01)';
    'AD6':
      PIN_NUMBER='(D22)';
      INPUT_LOAD='(-0.01,0.01)';
    'AD7':
      PIN_NUMBER='(A22)';
      INPUT_LOAD='(-0.01,0.01)';
    'AD8':
      PIN_NUMBER='(C21)';
      INPUT_LOAD='(-0.01,0.01)';
    'AD9':
      PIN_NUMBER='(B21)';
      INPUT_LOAD='(-0.01,0.01)';
    'AD10':
      PIN_NUMBER='(E20)';
      INPUT_LOAD='(-0.01,0.01)';
    'AD11':
      PIN_NUMBER='(D20)';
      INPUT_LOAD='(-0.01,0.01)';
    'AD12':
      PIN_NUMBER='(A20)';
      INPUT_LOAD='(-0.01,0.01)';
    'AD13':
      PIN_NUMBER='(E19)';
      INPUT_LOAD='(-0.01,0.01)';
    'AD14':
      PIN_NUMBER='(C19)';
      INPUT_LOAD='(-0.01,0.01)';
    'AD15':
      PIN_NUMBER='(B19)';
      INPUT_LOAD='(-0.01,0.01)';
    'AD16':
      PIN_NUMBER='(C11)';
      INPUT_LOAD='(-0.01,0.01)';
    'AD17':
      PIN_NUMBER='(B11)';
      INPUT_LOAD='(-0.01,0.01)';
    'AD18':
      PIN_NUMBER='(A11)';
      INPUT_LOAD='(-0.01,0.01)';
    'AD19':
      PIN_NUMBER='(E10)';
      INPUT_LOAD='(-0.01,0.01)';
    'AD20':
      PIN_NUMBER='(D10)';
      INPUT_LOAD='(-0.01,0.01)';
    'AD21':
      PIN_NUMBER='(A10)';
      INPUT_LOAD='(-0.01,0.01)';
    'AD22':
      PIN_NUMBER='(E9)';
      INPUT_LOAD='(-0.01,0.01)';
    'AD23':
      PIN_NUMBER='(C9)';
      INPUT_LOAD='(-0.01,0.01)';
    'AD24':
      PIN_NUMBER='(E8)';
      INPUT_LOAD='(-0.01,0.01)';
    'AD25':
      PIN_NUMBER='(D8)';
      INPUT_LOAD='(-0.01,0.01)';
    'AD26':
      PIN_NUMBER='(A8)';
      INPUT_LOAD='(-0.01,0.01)';
    'AD27':
      PIN_NUMBER='(E7)';
      INPUT_LOAD='(-0.01,0.01)';
    'AD28':
      PIN_NUMBER='(C7)';
      INPUT_LOAD='(-0.01,0.01)';
    'AD29':
      PIN_NUMBER='(B7)';
      INPUT_LOAD='(-0.01,0.01)';
    'AD30':
      PIN_NUMBER='(A7)';
      INPUT_LOAD='(-0.01,0.01)';
    'AD31':
      PIN_NUMBER='(E6)';
      INPUT_LOAD='(-0.01,0.01)';
    '-INTA':
      PIN_NUMBER='(A3)';
      INPUT_LOAD='(-0.01,0.01)';
    '-INTB':
      PIN_NUMBER='(B3)';
      INPUT_LOAD='(-0.01,0.01)';
    '-INTC':
      PIN_NUMBER='(C3)';
      INPUT_LOAD='(-0.01,0.01)';
    '-INTD':
      PIN_NUMBER='(E3)';
      INPUT_LOAD='(-0.01,0.01)';
    '-FRAME':
      PIN_NUMBER='(B15)';
      INPUT_LOAD='(-0.01,0.01)';
    '-IRDY':
      PIN_NUMBER='(C15)';
      INPUT_LOAD='(-0.01,0.01)';
    '-DEVSEL':
      PIN_NUMBER='(A16)';
      INPUT_LOAD='(-0.01,0.01)';
    '-TROY':
      PIN_NUMBER='(E15)';
      INPUT_LOAD='(-0.01,0.01)';
    '-STOP':
      PIN_NUMBER='(D16)';
      INPUT_LOAD='(-0.01,0.01)';
    'IDSELS':
      PIN_NUMBER='(B9)';
      INPUT_LOAD='(-0.01,0.01)';
    '-LOCK':
      PIN_NUMBER='(E16)';
      INPUT_LOAD='(-0.01,0.01)';
    'PAR':
      PIN_NUMBER='(D18)';
      INPUT_LOAD='(-0.01,0.01)';
    '-PERR':
      PIN_NUMBER='(E17)';
      INPUT_LOAD='(-0.01,0.01)';
    '-SERR':
      PIN_NUMBER='(A18)';
      INPUT_LOAD='(-0.01,0.01)';
    '-PCI_RST':
      PIN_NUMBER='(C5)';
      INPUT_LOAD='(-0.01,0.01)';
    '-HEALTHY':
      PIN_NUMBER='(B4)';
      INPUT_LOAD='(-0.01,0.01)';
    '-SD_SELS':
      PIN_NUMBER='(D15)';
      INPUT_LOAD='(-0.01,0.01)';
    '-ENUM':
      PIN_NUMBER='(C25)';
      INPUT_LOAD='(-0.01,0.01)';
    'CLK':
      PIN_NUMBER='(D6)';
      INPUT_LOAD='(-0.01,0.01)';
    '-REQ':
      PIN_NUMBER='(A6)';
      INPUT_LOAD='(-0.01,0.01)';
    '-GNT':
      PIN_NUMBER='(E5)';
      INPUT_LOAD='(-0.01,0.01)';
    '-C/BE0':
      PIN_NUMBER='(E21)';
      INPUT_LOAD='(-0.01,0.01)';
    '-C/BE1':
      PIN_NUMBER='(E18)';
      INPUT_LOAD='(-0.01,0.01)';
    '-C/BE2':
      PIN_NUMBER='(E11)';
      INPUT_LOAD='(-0.01,0.01)';
    '-C/BE3':
      PIN_NUMBER='(A9)';
      INPUT_LOAD='(-0.01,0.01)';
    'TDI':
      PIN_NUMBER='(E2)';
      OUTPUT_LOAD='(1.0,-1.0)';
    '-TRST':
      PIN_NUMBER='(C1)';
      OUTPUT_LOAD='(1.0,-1.0)';
    'TCK':
      PIN_NUMBER='(A2)';
      OUTPUT_LOAD='(1.0,-1.0)';
    'TMS':
      PIN_NUMBER='(C2)';
      OUTPUT_LOAD='(1.0,-1.0)';
    'TDO':
      PIN_NUMBER='(D2)';
      OUTPUT_LOAD='(1.0,-1.0)';
    '-SBO':
      PIN_NUMBER='(C17)';
      OUTPUT_LOAD='(1.0,-1.0)';
    'M66EN':
      PIN_NUMBER='(D21)';
      OUTPUT_LOAD='(1.0,-1.0)';
    '-ACK64':
      PIN_NUMBER='(E24)';
      OUTPUT_LOAD='(1.0,-1.0)';
    '-REO64':
      PIN_NUMBER='(B25)';
      OUTPUT_LOAD='(1.0,-1.0)';
    'SRSVP1A4':
      PIN_NUMBER='(A4)';
      OUTPUT_LOAD='(1.0,-1.0)';
    'ERSVP1A5':
      PIN_NUMBER='(A5)';
      OUTPUT_LOAD='(1.0,-1.0)';
    'SRSVP1B5':
      PIN_NUMBER='(B5)';
      OUTPUT_LOAD='(1.0,-1.0)';
    'INTP':
      PIN_NUMBER='(D4)';
      OUTPUT_LOAD='(1.0,-1.0)';
    'INTS':
      PIN_NUMBER='(E4)';
      OUTPUT_LOAD='(1.0,-1.0)';
    'SDONE':
      PIN_NUMBER='(B17)';
      OUTPUT_LOAD='(1.0,-1.0)';
    'P3V3L1':
      PIN_NUMBER='(C6)';
      PINUSE='POWER';
    'P3V3L2':
      PIN_NUMBER='(C22)';
      PINUSE='POWER';
    'P3V3_1':
      PIN_NUMBER='(A15)';
      PINUSE='POWER';
    'P3V3_2':
      PIN_NUMBER='(A17)';
      PINUSE='POWER';
    'P3V3_3':
      PIN_NUMBER='(A19)';
      PINUSE='POWER';
    'P3V3_4':
      PIN_NUMBER='(A21)';
      PINUSE='POWER';
    'P3V3_5':
      PIN_NUMBER='(A23)';
      PINUSE='POWER';
    'P3V3_6':
      PIN_NUMBER='(C10)';
      PINUSE='POWER';
    'P3V3_7':
      PIN_NUMBER='(C18)';
      PINUSE='POWER';
    'P3V3_8':
      PIN_NUMBER='(D25)';
      PINUSE='POWER';
    'P5V0L1':
      PIN_NUMBER='(D3)';
      PINUSE='POWER';
    'P5V0L2':
      PIN_NUMBER='(D23)';
      PINUSE='POWER';
    'P5V0_1':
      PIN_NUMBER='(A1)';
      PINUSE='POWER';
    'P5V0_2':
      PIN_NUMBER='(A25)';
      PINUSE='POWER';
    'P5V0_3':
      PIN_NUMBER='(B2)';
      PINUSE='POWER';
    'P5V0_4':
      PIN_NUMBER='(B24)';
      PINUSE='POWER';
    'P5V0_5':
      PIN_NUMBER='(E1)';
      PINUSE='POWER';
    'P5V0_6':
      PIN_NUMBER='(E25)';
      PINUSE='POWER';
    'VIOL1':
      PIN_NUMBER='(C4)';
      PINUSE='POWER';
    'VIOL2':
      PIN_NUMBER='(C24)';
      PINUSE='POWER';
    'VIO1':
      PIN_NUMBER='(C8)';
      PINUSE='POWER';
    'VIO2':
      PIN_NUMBER='(C16)';
      PINUSE='POWER';
    'VIO3':
      PIN_NUMBER='(C20)';
      PINUSE='POWER';
    'P12V0':
      PIN_NUMBER='(D1)';
      PINUSE='POWER';
    'N12V0':
      PIN_NUMBER='(B1)';
      PINUSE='POWER';
    'CNDD1':
      PIN_NUMBER='(B6)';
      PINUSE='POWER';
    'GNDD7':
      PIN_NUMBER='(B22)';
      PINUSE='POWER';
    'GNDL1':
      PIN_NUMBER='(D5)';
      PINUSE='POWER';
    'GNDL2':
      PIN_NUMBER='(D7)';
      PINUSE='POWER';
    'GNDL3':
      PIN_NUMBER='(D9)';
      PINUSE='POWER';
    'GNDL4':
      PIN_NUMBER='(D11)';
      PINUSE='POWER';
    'GNDL5':
      PIN_NUMBER='(D17)';
      PINUSE='POWER';
    'GNDL6':
      PIN_NUMBER='(D19)';
      PINUSE='POWER';
    'GNDD8':
      PIN_NUMBER='(F1)';
      PINUSE='POWER';
    'GNDD9':
      PIN_NUMBER='(F2)';
      PINUSE='POWER';
    'GNDD10':
      PIN_NUMBER='(F3)';
      PINUSE='POWER';
    'GNDD11':
      PIN_NUMBER='(F4)';
      PINUSE='POWER';
    'GNDD12':
      PIN_NUMBER='(F5)';
      PINUSE='POWER';
    'GNDD13':
      PIN_NUMBER='(F6)';
      PINUSE='POWER';
    'GNDD14':
      PIN_NUMBER='(F7)';
      PINUSE='POWER';
    'GNDD15':
      PIN_NUMBER='(F8)';
      PINUSE='POWER';
    'GNDD16':
      PIN_NUMBER='(F9)';
      PINUSE='POWER';
    'GNDD17':
      PIN_NUMBER='(F10)';
      PINUSE='POWER';
    'GNDD18':
      PIN_NUMBER='(F11)';
      PINUSE='POWER';
    'GNDD19':
      PIN_NUMBER='(F15)';
      PINUSE='POWER';
    'GNDD20':
      PIN_NUMBER='(F16)';
      PINUSE='POWER';
    'GNDD21':
      PIN_NUMBER='(F17)';
      PINUSE='POWER';
    'GNDD22':
      PIN_NUMBER='(F18)';
      PINUSE='POWER';
    'GNDD23':
      PIN_NUMBER='(F19)';
      PINUSE='POWER';
    'GNDD24':
      PIN_NUMBER='(F20)';
      PINUSE='POWER';
    'GNDD25':
      PIN_NUMBER='(F21)';
      PINUSE='POWER';
    'GNDD26':
      PIN_NUMBER='(F22)';
      PINUSE='POWER';
    'GNDD27':
      PIN_NUMBER='(F23)';
      PINUSE='POWER';
    'GNDD28':
      PIN_NUMBER='(F24)';
      PINUSE='POWER';
    'GNDD29':
      PIN_NUMBER='(F25)';
      PINUSE='POWER';
    'GNDD2':
      PIN_NUMBER='(B8)';
      PINUSE='POWER';
    'GNDD3':
      PIN_NUMBER='(B10)';
      PINUSE='POWER';
    'GNDD4':
      PIN_NUMBER='(B16)';
      PINUSE='POWER';
    'GNDD5':
      PIN_NUMBER='(B18)';
      PINUSE='POWER';
    'GNDD6':
      PIN_NUMBER='(B20)';
      PINUSE='POWER';
  end_pin;
  body
    CLASS='DISCRETE';
    PART_NAME='CPCI_J1';
    JEDEC_TYPE='PCI';
    BODY_NAME='CPCI_J1';
    FAMILY='?';
  end_body;
end_primitive;
END.
