FILE_TYPE=LIBRARY_PARTS;
primitive 'AD9956';
  pin
    'IOUT':
      PIN_NUMBER='(5)';
      PIN_TYPE='ANALOG';
      NO_LOAD_CHECK='Both';
      NO_IO_CHECK='Both';
      NO_ASSERT_CHECK='TRUE';
      NO_DIR_CHECK='TRUE';
      ALLOW_CONNECT='TRUE';
    '-IOUT':
      PIN_NUMBER='(6)';
      PIN_TYPE='ANALOG';
      NO_LOAD_CHECK='Both';
      NO_IO_CHECK='Both';
      NO_ASSERT_CHECK='TRUE';
      NO_DIR_CHECK='TRUE';
      ALLOW_CONNECT='TRUE';
    'I/O_RESET':
      PIN_NUMBER='(9)';
      PIN_TYPE='ANALOG';
      NO_LOAD_CHECK='Both';
      NO_IO_CHECK='Both';
      NO_ASSERT_CHECK='TRUE';
      NO_DIR_CHECK='TRUE';
      ALLOW_CONNECT='TRUE';
    'RESET':
      PIN_NUMBER='(10)';
      PIN_TYPE='ANALOG';
      NO_LOAD_CHECK='Both';
      NO_IO_CHECK='Both';
      NO_ASSERT_CHECK='TRUE';
      NO_DIR_CHECK='TRUE';
      ALLOW_CONNECT='TRUE';
    'SDO':
      PIN_NUMBER='(13)';
      OUTPUT_LOAD='(1.0,-1.0)';
    'SDI/O':
      PIN_NUMBER='(14)';
      BIDIRECTIONAL='TRUE';
      INPUT_LOAD='(-0.01,0.01)';
      OUTPUT_LOAD='(1.0,-1.0)';
    'SCLK':
      PIN_NUMBER='(15)';
      INPUT_LOAD='(-0.01,0.01)';
    '-CS':
      PIN_NUMBER='(16)';
      INPUT_LOAD='(-0.01,0.01)';
    'SYNC_OUT':
      PIN_NUMBER='(18)';
      PIN_TYPE='ANALOG';
      NO_LOAD_CHECK='Both';
      NO_IO_CHECK='Both';
      NO_ASSERT_CHECK='TRUE';
      NO_DIR_CHECK='TRUE';
      ALLOW_CONNECT='TRUE';
    'SYNC_IN':
      PIN_NUMBER='(19)';
      PIN_TYPE='ANALOG';
      NO_LOAD_CHECK='Both';
      NO_IO_CHECK='Both';
      NO_ASSERT_CHECK='TRUE';
      NO_DIR_CHECK='TRUE';
      ALLOW_CONNECT='TRUE';
    'I/O_UPDATE':
      PIN_NUMBER='(20)';
      INPUT_LOAD='(-0.01,0.01)';
    'PS0':
      PIN_NUMBER='(21)';
      INPUT_LOAD='(-0.01,0.01)';
    'PS1':
      PIN_NUMBER='(22)';
      INPUT_LOAD='(-0.01,0.01)';
    'PS2':
      PIN_NUMBER='(23)';
      INPUT_LOAD='(-0.01,0.01)';
    '-REFCLK':
      PIN_NUMBER='(28)';
      INPUT_LOAD='(-0.01,0.01)';
    'REFCLK_P':
      PIN_NUMBER='(29)';
      INPUT_LOAD='(-0.01,0.01)';
    '-DRV':
      PIN_NUMBER='(32)';
      OUTPUT_LOAD='(1.0,-1.0)';
    'DRV_P':
      PIN_NUMBER='(33)';
      OUTPUT_LOAD='(1.0,-1.0)';
    'CP_OUT':
      PIN_NUMBER='(36)';
      OUTPUT_LOAD='(1.0,-1.0)';
    'PLLREF_P':
      PIN_NUMBER='(39)';
      INPUT_LOAD='(-0.01,0.01)';
    '-PLLREF':
      PIN_NUMBER='(40)';
      INPUT_LOAD='(-0.01,0.01)';
    '-PLLOSC':
      PIN_NUMBER='(41)';
      INPUT_LOAD='(-0.01,0.01)';
    'PLLOSC_P':
      PIN_NUMBER='(42)';
      INPUT_LOAD='(-0.01,0.01)';
    'CP_RSET':
      PIN_NUMBER='(45)';
      PIN_TYPE='ANALOG';
      NO_LOAD_CHECK='Both';
      NO_IO_CHECK='Both';
      NO_ASSERT_CHECK='TRUE';
      NO_DIR_CHECK='TRUE';
      ALLOW_CONNECT='TRUE';
    'DRV_RSET':
      PIN_NUMBER='(46)';
      PIN_TYPE='ANALOG';
      NO_LOAD_CHECK='Both';
      NO_IO_CHECK='Both';
      NO_ASSERT_CHECK='TRUE';
      NO_DIR_CHECK='TRUE';
      ALLOW_CONNECT='TRUE';
    'DAC_RSET':
      PIN_NUMBER='(47)';
      PIN_TYPE='ANALOG';
      NO_LOAD_CHECK='Both';
      NO_IO_CHECK='Both';
      NO_ASSERT_CHECK='TRUE';
      NO_DIR_CHECK='TRUE';
      ALLOW_CONNECT='TRUE';
  end_pin;
  body
    PART_NAME='AD9956';
    BODY_NAME='AD9956';
    JEDEC_TYPE='cp-48';
    PHYS_DES_PREFIX='U';
    CLASS='IC';
    GROUND_NETS='AGND,DGND';
    POWER_PINS='(AGND:1,3,8,26,30,34,37,43,49)';
    POWER_PINS='(AVDD:2,4,7,27,38,44,48)';
    POWER_PINS='(DVDD:11,25)';
    POWER_PINS='(DGND:12,24)';
    POWER_PINS='(DVDD_I/O:17)';
    POWER_PINS='(CP_VDD:31,35)';
  end_body;
end_primitive;

END.
