FILE_TYPE=LIBRARY_PARTS;
TIME=' Created/Modified on Wed Dec 22 11:52:15 2004' ;
primitive 'VT_NPN';
  pin
    'B':
      PIN_NUMBER='(1)';
      PIN_TYPE='ANALOG';
      NO_LOAD_CHECK='BOTH';
      NO_IO_CHECK='BOTH';
      ALLOW_CONNECT='TRUE';
    'C':
      PIN_NUMBER='(3)';
      PIN_TYPE='ANALOG';
      NO_LOAD_CHECK='BOTH';
      NO_IO_CHECK='BOTH';
      ALLOW_CONNECT='TRUE';
    'E':
      PIN_NUMBER='(2)';
      PIN_TYPE='ANALOG';
      NO_LOAD_CHECK='BOTH';
      NO_IO_CHECK='BOTH';
      ALLOW_CONNECT='TRUE';
  end_pin;
  body
    CLASS='DISCRETE';
    PART_NAME='VT_NPN';
    PHYS_DES_PREFIX='VT';
    JEDEC_TYPE='F138';
    BODY_NAME='VT_NPN';
  end_body;
end_primitive;
END.
