FILE_TYPE=LIBRARY_PARTS;
TIME=' Created/Modified on Wed Nov 12 09:47:08 2003' ;
primitive 'BMP10';
  pin
    'IN+':
      PIN_NUMBER='(1)';
      INPUT_LOAD='(-0.01,0.01)';
    'IN-':
      PIN_NUMBER='(2)';
      INPUT_LOAD='(-0.01,0.01)';
    'IN':
      PIN_NUMBER='(6)';
      INPUT_LOAD='(-0.01,0.01)';
    'OUT+':
      PIN_NUMBER='(3)';
      OUTPUT_LOAD='(1.0,-1.0)';
    'OUT-':
      PIN_NUMBER='(5)';
      OUTPUT_LOAD='(1.0,-1.0)';
    'OUT':
      PIN_NUMBER='(4)';
      OUTPUT_LOAD='(1.0,-1.0)';
  end_pin;
  body
    CLASS='DISCRETE';
    PART_NAME='BMP10';
    JEDEC_TYPE='f137';
    BODY_NAME='bmp10';
    FAMILY='?';
  end_body;
end_primitive;
END.
