FILE_TYPE=LIBRARY_PARTS;
TIME=' Created/Modified on Tue Aug 31 18:33:42 2004' ;
primitive 'MOLEX43650-0426';
  pin
    '1':
      PIN_NUMBER='(1)';
      PINUSE='UNSPEC';
      NO_LOAD_CHECK='BOTH';
      NO_IO_CHECK='BOTH';
      ALLOW_CONNECT='TRUE';
    '2':
      PIN_NUMBER='(2)';
      PINUSE='UNSPEC';
      NO_LOAD_CHECK='BOTH';
      NO_IO_CHECK='BOTH';
      ALLOW_CONNECT='TRUE';
    '3':
      PIN_NUMBER='(3)';
      PINUSE='UNSPEC';
      NO_LOAD_CHECK='BOTH';
      NO_IO_CHECK='BOTH';
      ALLOW_CONNECT='TRUE';
    '4':
      PIN_NUMBER='(4)';
      PINUSE='UNSPEC';
      NO_LOAD_CHECK='BOTH';
      NO_IO_CHECK='BOTH';
      ALLOW_CONNECT='TRUE';
  end_pin;
  body
    NC_PINS='(5,6)';
    CLASS='IO';
    PART_NAME='MOLEX43650-0426';
    PHYS_DES_PREFIX='XP';
    JEDEC_TYPE='43650-0426';
    BODY_NAME='MOLEX43650-0426';
  end_body;
end_primitive;
END.
