FILE_TYPE=LIBRARY_PARTS;
primitive 'GK250TK';
  pin
    'V_UPR':
      PIN_NUMBER='(1)';
      PIN_TYPE='ANALOG';
      NO_LOAD_CHECK='Both';
      NO_IO_CHECK='Both';
      NO_ASSERT_CHECK='TRUE';
      NO_DIR_CHECK='TRUE';
      ALLOW_CONNECT='TRUE';
    'F_OUT':
      PIN_NUMBER='(5)';
      PIN_TYPE='ANALOG';
      NO_LOAD_CHECK='Both';
      NO_IO_CHECK='Both';
      NO_ASSERT_CHECK='TRUE';
      NO_DIR_CHECK='TRUE';
      ALLOW_CONNECT='TRUE';
  end_pin;
  body
    PART_NAME='GK250TK';
    BODY_NAME='GK250TK';
    JEDEC_TYPE='dil8';
    PHYS_DES_PREFIX='DD';
    CLASS='IC';
    GROUND_NETS='GND';
    POWER_PINS='(GND:4)';
    POWER_PINS='(VCC:8)';
  end_body;
end_primitive;

END.
