FILE_TYPE=LIBRARY_PARTS;
TIME=' Created/Modified on Thu May 20 15:24:30 2004' ;
primitive 'FIN1104';
  pin
    'RIN1':
      PIN_NUMBER='(4)';
      INPUT_LOAD='(-0.01,0.01)';
    '-RIN1':
      PIN_NUMBER='(3)';
      INPUT_LOAD='(-0.01,0.01)';
    'RIN2':
      PIN_NUMBER='(5)';
      INPUT_LOAD='(-0.01,0.01)';
    '-RIN2':
      PIN_NUMBER='(6)';
      INPUT_LOAD='(-0.01,0.01)';
    'RIN3':
      PIN_NUMBER='(8)';
      INPUT_LOAD='(-0.01,0.01)';
    '-RIN3':
      PIN_NUMBER='(7)';
      INPUT_LOAD='(-0.01,0.01)';
    'RIN4':
      PIN_NUMBER='(9)';
      INPUT_LOAD='(-0.01,0.01)';
    '-RIN4':
      PIN_NUMBER='(10)';
      INPUT_LOAD='(-0.01,0.01)';
    '-EN':
      PIN_NUMBER='(23)';
      INPUT_LOAD='(-0.01,0.01)';
    'EN':
      PIN_NUMBER='(11)';
      INPUT_LOAD='(-0.01,0.01)';
    '-DOUT1':
      PIN_NUMBER='(22)';
      OUTPUT_LOAD='(1.0,-1.0)';
    'DOUT1':
      PIN_NUMBER='(21)';
      OUTPUT_LOAD='(1.0,-1.0)';
    'DOUT2':
      PIN_NUMBER='(20)';
      OUTPUT_LOAD='(1.0,-1.0)';
    '-DOUT2':
      PIN_NUMBER='(19)';
      OUTPUT_LOAD='(1.0,-1.0)';
    'DOUT3':
      PIN_NUMBER='(17)';
      OUTPUT_LOAD='(1.0,-1.0)';
    '-DOUT3':
      PIN_NUMBER='(18)';
      OUTPUT_LOAD='(1.0,-1.0)';
    'DOUT4':
      PIN_NUMBER='(16)';
      OUTPUT_LOAD='(1.0,-1.0)';
    '-DOUT4':
      PIN_NUMBER='(15)';
      OUTPUT_LOAD='(1.0,-1.0)';
    'VBB':
      PIN_NUMBER='(13)';
      PIN_TYPE='ANALOG';
      NO_LOAD_CHECK='BOTH';
      NO_IO_CHECK='BOTH';
      ALLOW_CONNECT='TRUE';
  end_pin;
  body
    POWER_PINS='(GND:1,2,12)';
    POWER_PINS='(VCC:14,24)';
    CLASS='IC';
    PART_NAME='FIN1104';
    PHYS_DES_PREFIX='DD';
    JEDEC_TYPE='f106';
    FAMILY='REPEATOR';
    BODY_NAME='FIN1104';
    LOCATION='DD';
    PACK_TYPE='f106';
  end_body;
end_primitive;
END.
