FILE_TYPE=LIBRARY_PARTS;
TIME=' Created/Modified on Thu Dec 04 14:06:58 2003' ;
primitive 'B827';
  pin
    'A':
      PIN_NUMBER='(1)';
      INPUT_LOAD='(-0.01,0.01)';
    'B':
      PIN_NUMBER='(2)';
      INPUT_LOAD='(-0.01,0.01)';
    'Y1':
      PIN_NUMBER='(4)';
      OUTPUT_LOAD='(1.0,-1.0)';
    'Y2':
      PIN_NUMBER='(3)';
      OUTPUT_LOAD='(1.0,-1.0)';
  end_pin;
  body
    CLASS='DISCRETE';
    PART_NAME='B827';
    JEDEC_TYPE='F140';
    BODY_NAME='B827';
	PHYS_DES_PREFIX='L';
    FAMILY='?';
  end_body;
end_primitive;
END.
