	(Comment
		(Time 08/03/17,12:04:22)
		(User Lmx2315)
		(MsgId ECO_081)
		(Text "Symbol sym_1 added to cell")
		(Param1 "sym_1")
	)
	(Comment
		(Time 08/03/17,12:34:42)
		(User Lmx2315)
		(MsgId ECO_081)
		(Text "Symbol sym_2 added to cell")
		(Param1 "sym_2")
	)
	(Comment
		(Time 08/03/17,14:28:11)
		(User Lmx2315)
		(MsgId ECO_081)
		(Text "Symbol sym_3 added to cell")
		(Param1 "sym_3")
	)
	(Comment
		(Time 08/03/17,14:36:41)
		(User Lmx2315)
		(MsgId ECO_081)
		(Text "Symbol sym_4 added to cell")
		(Param1 "sym_4")
	)
	(Comment
		(Time 08/03/17,14:48:41)
		(User Lmx2315)
		(MsgId ECO_081)
		(Text "Symbol sym_5 added to cell")
		(Param1 "sym_5")
	)
	(Comment
		(Time 08/03/17,14:54:39)
		(User Lmx2315)
		(MsgId ECO_081)
		(Text "Symbol sym_6 added to cell")
		(Param1 "sym_6")
	)
	(Comment
		(Time 08/03/17,15:00:55)
		(User Lmx2315)
		(MsgId ECO_081)
		(Text "Symbol sym_7 added to cell")
		(Param1 "sym_7")
	)
	(Comment
		(Time 08/03/17,15:25:58)
		(User Lmx2315)
		(MsgId ECO_081)
		(Text "Symbol sym_8 added to cell")
		(Param1 "sym_8")
	)
	(Comment
		(Time 08/03/17,15:33:09)
		(User Lmx2315)
		(MsgId ECO_081)
		(Text "Symbol sym_9 added to cell")
		(Param1 "sym_9")
	)
	(Comment
		(Time 08/03/17,15:39:40)
		(User Lmx2315)
		(MsgId ECO_081)
		(Text "Symbol sym_10 added to cell")
		(Param1 "sym_10")
	)
	(Comment
		(Time 08/03/17,15:47:03)
		(User Lmx2315)
		(MsgId ECO_081)
		(Text "Symbol sym_11 added to cell")
		(Param1 "sym_11")
	)
	(Comment
		(Time 08/03/17,15:50:58)
		(User Lmx2315)
		(MsgId ECO_081)
		(Text "Symbol sym_12 added to cell")
		(Param1 "sym_12")
	)
	(Comment
		(Time 08/03/17,16:00:54)
		(User Lmx2315)
		(MsgId ECO_081)
		(Text "Symbol sym_13 added to cell")
		(Param1 "sym_13")
	)
	(Comment
		(Time 08/03/17,16:20:31)
		(User Lmx2315)
		(MsgId ECO_081)
		(Text "Symbol sym_14 added to cell")
		(Param1 "sym_14")
	)
	(Comment
		(Time 08/03/17,16:36:44)
		(User Lmx2315)
		(MsgId ECO_021)
		(Text "Package ALTERA_5AGXMA7G4F31 added to cell")
		(Param1 "ALTERA_5AGXMA7G4F31")
	)
	(Comment
		(Time 08/04/17,10:32:35)
		(User Lmx2315)
		(MsgId ECO_082)
		(Text "Symbol sym_1 deleted from cell")
		(Param1 "sym_1")
	)
	(Comment
		(Time 08/04/17,10:32:39)
		(User Lmx2315)
		(MsgId ECO_082)
		(Text "Symbol sym_2 deleted from cell")
		(Param1 "sym_2")
	)
	(Comment
		(Time 08/04/17,10:32:43)
		(User Lmx2315)
		(MsgId ECO_082)
		(Text "Symbol sym_3 deleted from cell")
		(Param1 "sym_3")
	)
	(Comment
		(Time 08/04/17,10:32:46)
		(User Lmx2315)
		(MsgId ECO_082)
		(Text "Symbol sym_4 deleted from cell")
		(Param1 "sym_4")
	)
	(Comment
		(Time 08/04/17,10:32:50)
		(User Lmx2315)
		(MsgId ECO_082)
		(Text "Symbol sym_5 deleted from cell")
		(Param1 "sym_5")
	)
	(Comment
		(Time 08/04/17,10:32:53)
		(User Lmx2315)
		(MsgId ECO_082)
		(Text "Symbol sym_6 deleted from cell")
		(Param1 "sym_6")
	)
	(Comment
		(Time 08/04/17,10:32:57)
		(User Lmx2315)
		(MsgId ECO_082)
		(Text "Symbol sym_7 deleted from cell")
		(Param1 "sym_7")
	)
	(Comment
		(Time 08/04/17,10:33:01)
		(User Lmx2315)
		(MsgId ECO_082)
		(Text "Symbol sym_8 deleted from cell")
		(Param1 "sym_8")
	)
	(Comment
		(Time 08/04/17,10:33:04)
		(User Lmx2315)
		(MsgId ECO_082)
		(Text "Symbol sym_9 deleted from cell")
		(Param1 "sym_9")
	)
	(Comment
		(Time 08/04/17,10:33:08)
		(User Lmx2315)
		(MsgId ECO_082)
		(Text "Symbol sym_10 deleted from cell")
		(Param1 "sym_10")
	)
	(Comment
		(Time 08/04/17,10:33:11)
		(User Lmx2315)
		(MsgId ECO_082)
		(Text "Symbol sym_11 deleted from cell")
		(Param1 "sym_11")
	)
	(Comment
		(Time 08/04/17,10:33:16)
		(User Lmx2315)
		(MsgId ECO_082)
		(Text "Symbol sym_12 deleted from cell")
		(Param1 "sym_12")
	)
	(Comment
		(Time 08/04/17,10:33:20)
		(User Lmx2315)
		(MsgId ECO_082)
		(Text "Symbol sym_13 deleted from cell")
		(Param1 "sym_13")
	)
	(Comment
		(Time 08/04/17,10:33:23)
		(User Lmx2315)
		(MsgId ECO_082)
		(Text "Symbol sym_14 deleted from cell")
		(Param1 "sym_14")
	)
	(Comment
		(Time 08/21/17,18:40:01)
		(User Lmx2315)
		(MsgId ECO_081)
		(Text "Symbol sym_1 added to cell")
		(Param1 "sym_1")
	)
	(Comment
		(Time 08/21/17,18:40:01)
		(User Lmx2315)
		(MsgId ECO_081)
		(Text "Symbol sym_2 added to cell")
		(Param1 "sym_2")
	)
	(Comment
		(Time 08/21/17,18:40:01)
		(User Lmx2315)
		(MsgId ECO_081)
		(Text "Symbol sym_3 added to cell")
		(Param1 "sym_3")
	)
	(Comment
		(Time 08/21/17,18:40:01)
		(User Lmx2315)
		(MsgId ECO_081)
		(Text "Symbol sym_4 added to cell")
		(Param1 "sym_4")
	)
	(Comment
		(Time 08/21/17,18:40:02)
		(User Lmx2315)
		(MsgId ECO_081)
		(Text "Symbol sym_5 added to cell")
		(Param1 "sym_5")
	)
	(Comment
		(Time 08/21/17,18:40:02)
		(User Lmx2315)
		(MsgId ECO_081)
		(Text "Symbol sym_6 added to cell")
		(Param1 "sym_6")
	)
	(Comment
		(Time 08/21/17,18:40:29)
		(User Lmx2315)
		(MsgId ECO_082)
		(Text "Symbol sym_1 deleted from cell")
		(Param1 "sym_1")
	)
	(Comment
		(Time 08/21/17,18:40:33)
		(User Lmx2315)
		(MsgId ECO_082)
		(Text "Symbol sym_2 deleted from cell")
		(Param1 "sym_2")
	)
	(Comment
		(Time 08/21/17,18:40:36)
		(User Lmx2315)
		(MsgId ECO_082)
		(Text "Symbol sym_3 deleted from cell")
		(Param1 "sym_3")
	)
	(Comment
		(Time 08/21/17,18:40:39)
		(User Lmx2315)
		(MsgId ECO_082)
		(Text "Symbol sym_4 deleted from cell")
		(Param1 "sym_4")
	)
	(Comment
		(Time 08/21/17,18:40:43)
		(User Lmx2315)
		(MsgId ECO_082)
		(Text "Symbol sym_5 deleted from cell")
		(Param1 "sym_5")
	)
	(Comment
		(Time 08/21/17,18:40:47)
		(User Lmx2315)
		(MsgId ECO_082)
		(Text "Symbol sym_6 deleted from cell")
		(Param1 "sym_6")
	)
	(Comment
		(Time 08/21/17,18:50:29)
		(User Lmx2315)
		(MsgId ECO_081)
		(Text "Symbol sym_1 added to cell")
		(Param1 "sym_1")
	)
	(Comment
		(Time 08/21/17,18:50:29)
		(User Lmx2315)
		(MsgId ECO_081)
		(Text "Symbol sym_2 added to cell")
		(Param1 "sym_2")
	)
	(Comment
		(Time 08/21/17,18:50:29)
		(User Lmx2315)
		(MsgId ECO_081)
		(Text "Symbol sym_3 added to cell")
		(Param1 "sym_3")
	)
	(Comment
		(Time 08/21/17,18:50:29)
		(User Lmx2315)
		(MsgId ECO_081)
		(Text "Symbol sym_4 added to cell")
		(Param1 "sym_4")
	)
	(Comment
		(Time 08/21/17,18:50:29)
		(User Lmx2315)
		(MsgId ECO_081)
		(Text "Symbol sym_5 added to cell")
		(Param1 "sym_5")
	)
	(Comment
		(Time 08/21/17,18:50:30)
		(User Lmx2315)
		(MsgId ECO_081)
		(Text "Symbol sym_6 added to cell")
		(Param1 "sym_6")
	)
	(Comment
		(Time 08/24/17,15:46:17)
		(User Lmx2315)
		(MsgId ECO_082)
		(Text "Symbol sym_3 deleted from cell")
		(Param1 "sym_3")
	)
	(Comment
		(Time 08/24/17,15:46:21)
		(User Lmx2315)
		(MsgId ECO_082)
		(Text "Symbol sym_4 deleted from cell")
		(Param1 "sym_4")
	)
	(Comment
		(Time 08/24/17,15:46:34)
		(User Lmx2315)
		(MsgId ECO_081)
		(Text "Symbol sym_3 added to cell")
		(Param1 "sym_3")
	)
	(Comment
		(Time 08/24/17,15:46:48)
		(User Lmx2315)
		(MsgId ECO_021)
		(Text "Package ALTERA_5AGXMA7G4F31_1 added to cell")
		(Param1 "ALTERA_5AGXMA7G4F31_1")
	)
	(Comment
		(Time 08/24/17,15:46:52)
		(User Lmx2315)
		(MsgId ECO_022)
		(Text "Package ALTERA_5AGXMA7G4F31_1 deleted from cell")
		(Param1 "ALTERA_5AGXMA7G4F31_1")
	)
	(Comment
		(Time 08/24/17,15:47:09)
		(User Lmx2315)
		(MsgId ECO_082)
		(Text "Symbol sym_3 deleted from cell")
		(Param1 "sym_3")
	)
	(Comment
		(Time 08/24/17,15:47:20)
		(User Lmx2315)
		(MsgId ECO_081)
		(Text "Symbol sym_3 added to cell")
		(Param1 "sym_3")
	)
	(Comment
		(Time 08/24/17,15:47:29)
		(User Lmx2315)
		(MsgId ECO_081)
		(Text "Symbol sym_4 added to cell")
		(Param1 "sym_4")
	)
