FILE_TYPE=LIBRARY_PARTS;
TIME=' Created/Modified on Wed Jun 02 15:36:25 2004' ;
primitive 'SN74LVC2G14';
  pin
    'A'<0>:
      PIN_NUMBER='(1,3)';
      INPUT_LOAD='(-0.01,0.01)';
    '-Y'<0>:
      PIN_NUMBER='(6,4)';
      OUTPUT_LOAD='(1.0,-1.0)';
  end_pin;
  body
    POWER_PINS='(P3V3:5)';
    POWER_PINS='(GNDD:2)';
    CLASS='IC';
    PART_NAME='SN74LVC2G14';
    PHYS_DES_PREFIX='DD';
    JEDEC_TYPE='f367';
    FAMILY='LOGIC';
    BODY_NAME='SN74LVC2G14';
  end_body;
end_primitive;
END.
