FILE_TYPE=LIBRARY_PARTS;
primitive 'MAX7384';
  pin
    'CLK':
      PIN_NUMBER='(5)';
      PIN_TYPE='ANALOG';
      NO_LOAD_CHECK='Both';
      NO_IO_CHECK='Both';
      NO_ASSERT_CHECK='TRUE';
      NO_DIR_CHECK='TRUE';
      ALLOW_CONNECT='TRUE';
    '-RST':
      PIN_NUMBER='(4)';
      OUTPUT_TYPE='(OC,AND)';
      OUTPUT_LOAD='(1.0,*)';
    'SP':
      PIN_NUMBER='(3)';
      INPUT_LOAD='(-0.01,0.01)';
    'GND':
      PIN_NUMBER='(6)';
      PINUSE='GROUND';
      NO_LOAD_CHECK='Both';
      NO_IO_CHECK='Both';
      NO_ASSERT_CHECK='TRUE';
      NO_DIR_CHECK='TRUE';
      ALLOW_CONNECT='TRUE';
    'EC':
      PIN_NUMBER='(7)';
      PINUSE='POWER';
      NO_LOAD_CHECK='Both';
      NO_IO_CHECK='Both';
      NO_ASSERT_CHECK='TRUE';
      NO_DIR_CHECK='TRUE';
      ALLOW_CONNECT='TRUE';
    'VCC':
      PIN_NUMBER='(1)';
      PINUSE='POWER';
      NO_LOAD_CHECK='Both';
      NO_IO_CHECK='Both';
      NO_ASSERT_CHECK='TRUE';
      NO_DIR_CHECK='TRUE';
      ALLOW_CONNECT='TRUE';
    'VCL':
      PIN_NUMBER='(2)';
      PINUSE='POWER';
      NO_LOAD_CHECK='Both';
      NO_IO_CHECK='Both';
      NO_ASSERT_CHECK='TRUE';
      NO_DIR_CHECK='TRUE';
      ALLOW_CONNECT='TRUE';
  end_pin;
  body
    PART_NAME='MAX7384';
    BODY_NAME='MAX7384';
    JEDEC_TYPE='f59';
    PHYS_DES_PREFIX='U';
    CLASS='IC';
    NC_PINS='(8)';
  end_body;
end_primitive;

END.
