	(Comment
		(Time 08/04/14,13:24:44)
		(User imk)
		(MsgId ECO_081)
		(Text "Symbol sym_1 added to cell")
		(Param1 sym_1)
	)
	(Comment
		(Time 08/04/14,13:32:12)
		(User imk)
		(MsgId ECO_021)
		(Text "Package XC7A100T_FG676 added to cell")
		(Param1 XC7A100T_FG676)
	)
	(Comment
		(Time 08/04/14,13:32:40)
		(User imk)
		(MsgId ECO_081)
		(Text "Symbol sym_2 added to cell")
		(Param1 sym_2)
	)
	(Comment
		(Time 08/04/14,13:45:16)
		(User imk)
		(MsgId ECO_081)
		(Text "Symbol sym_3 added to cell")
		(Param1 sym_3)
	)
	(Comment
		(Time 08/04/14,14:12:38)
		(User imk)
		(MsgId ECO_081)
		(Text "Symbol sym_4 added to cell")
		(Param1 sym_4)
	)
	(Comment
		(Time 08/04/14,14:18:15)
		(User imk)
		(MsgId ECO_021)
		(Text "Package XC7A100T_FG676_1 added to cell")
		(Param1 XC7A100T_FG676_1)
	)
	(Comment
		(Time 08/04/14,14:18:22)
		(User imk)
		(MsgId ECO_022)
		(Text "Package XC7A100T_FG676_1 deleted from cell")
		(Param1 XC7A100T_FG676_1)
	)
	(Comment
		(Time 08/04/14,15:33:32)
		(User imk)
		(MsgId ECO_081)
		(Text "Symbol sym_5 added to cell")
		(Param1 sym_5)
	)
	(Comment
		(Time 08/04/14,15:40:11)
		(User imk)
		(MsgId ECO_081)
		(Text "Symbol sym_6 added to cell")
		(Param1 sym_6)
	)
	(Comment
		(Time 08/04/14,17:09:05)
		(User imk)
		(MsgId ECO_081)
		(Text "Symbol sym_7 added to cell")
		(Param1 sym_7)
	)
	(Comment
		(Time 08/04/14,17:15:40)
		(User imk)
		(MsgId ECO_081)
		(Text "Symbol sym_8 added to cell")
		(Param1 sym_8)
	)
