FILE_TYPE=LIBRARY_PARTS;
TIME=' Created/Modified on Thu Mar 10 15:39:37 2005' ;
primitive 'JTAG';
  pin
    'VREF':
      PIN_NUMBER='(2)';
      INPUT_LOAD='(-0.01,0.01)';
    'TCK':
      PIN_NUMBER='(6)';
      INPUT_LOAD='(-0.01,0.01)';
    'TMS':
      PIN_NUMBER='(4)';
      INPUT_LOAD='(-0.01,0.01)';
    'TDI':
      PIN_NUMBER='(10)';
      INPUT_LOAD='(-0.01,0.01)';
    'TDO':
      PIN_NUMBER='(8)';
      OUTPUT_LOAD='(1.0,-1.0)';
    'GND'<0>:
      PIN_NUMBER='(1)';
      PIN_TYPE='ANALOG';
      NO_LOAD_CHECK='BOTH';
      NO_IO_CHECK='BOTH';
      ALLOW_CONNECT='TRUE';
    'GND'<1>:
      PIN_NUMBER='(3)';
      PIN_TYPE='ANALOG';
      NO_LOAD_CHECK='BOTH';
      NO_IO_CHECK='BOTH';
      ALLOW_CONNECT='TRUE';
    'GND'<6>:
      PIN_NUMBER='(5)';
      PIN_TYPE='ANALOG';
      NO_LOAD_CHECK='BOTH';
      NO_IO_CHECK='BOTH';
      ALLOW_CONNECT='TRUE';
    'GND'<5>:
      PIN_NUMBER='(7)';
      PIN_TYPE='ANALOG';
      NO_LOAD_CHECK='BOTH';
      NO_IO_CHECK='BOTH';
      ALLOW_CONNECT='TRUE';
    'GND'<4>:
      PIN_NUMBER='(9)';
      PIN_TYPE='ANALOG';
      NO_LOAD_CHECK='BOTH';
      NO_IO_CHECK='BOTH';
      ALLOW_CONNECT='TRUE';
    'GND'<3>:
      PIN_NUMBER='(11)';
      PIN_TYPE='ANALOG';
      NO_LOAD_CHECK='BOTH';
      NO_IO_CHECK='BOTH';
      ALLOW_CONNECT='TRUE';
    'GND'<2>:
      PIN_NUMBER='(13)';
      PIN_TYPE='ANALOG';
      NO_LOAD_CHECK='BOTH';
      NO_IO_CHECK='BOTH';
      ALLOW_CONNECT='TRUE';
  end_pin;
  body
    NC_PINS='(12,14)';
    CLASS='DISCRETE';
    PART_NAME='JTAG';
    PHYS_DES_PREFIX='XT';
    JEDEC_TYPE='87331-1420';
    BODY_NAME='JTAG';
    LOCATION='XP';
    FAMILY='?';
  end_body;
end_primitive;
END.
