FILE_TYPE=LIBRARY_PARTS;
primitive 'AD9514';
  pin
    'CLK':
      PIN_NUMBER='(2)';
      INPUT_LOAD='(-0.01,0.01)';
    'CLKB':
      PIN_NUMBER='(3)';
      INPUT_LOAD='(-0.01,0.01)';
    'SYNCB':
      PIN_NUMBER='(5)';
      INPUT_LOAD='(-0.01,0.01)';
    'VREF':
      PIN_NUMBER='(6)';
      PIN_TYPE='ANALOG';
      NO_LOAD_CHECK='Both';
      NO_IO_CHECK='Both';
      NO_ASSERT_CHECK='TRUE';
      NO_DIR_CHECK='TRUE';
      ALLOW_CONNECT='TRUE';
    'S0':
      PIN_NUMBER='(25)';
      INPUT_LOAD='(-0.01,0.01)';
    'S1':
      PIN_NUMBER='(16)';
      INPUT_LOAD='(-0.01,0.01)';
    'S2':
      PIN_NUMBER='(15)';
      INPUT_LOAD='(-0.01,0.01)';
    'S3':
      PIN_NUMBER='(14)';
      INPUT_LOAD='(-0.01,0.01)';
    'S4':
      PIN_NUMBER='(13)';
      INPUT_LOAD='(-0.01,0.01)';
    'S5':
      PIN_NUMBER='(12)';
      INPUT_LOAD='(-0.01,0.01)';
    'S6':
      PIN_NUMBER='(11)';
      INPUT_LOAD='(-0.01,0.01)';
    'S7':
      PIN_NUMBER='(10)';
      INPUT_LOAD='(-0.01,0.01)';
    'S8':
      PIN_NUMBER='(9)';
      INPUT_LOAD='(-0.01,0.01)';
    'S9':
      PIN_NUMBER='(8)';
      INPUT_LOAD='(-0.01,0.01)';
    'S10':
      PIN_NUMBER='(7)';
      INPUT_LOAD='(-0.01,0.01)';
    'RSET':
      PIN_NUMBER='(32)';
      PIN_TYPE='ANALOG';
      NO_LOAD_CHECK='Both';
      NO_IO_CHECK='Both';
      NO_ASSERT_CHECK='TRUE';
      NO_DIR_CHECK='TRUE';
      ALLOW_CONNECT='TRUE';
    'OUT0':
      PIN_NUMBER='(28)';
      OUTPUT_LOAD='(1.0,-1.0)';
    'OUT0B':
      PIN_NUMBER='(27)';
      OUTPUT_LOAD='(1.0,-1.0)';
    'OUT1':
      PIN_NUMBER='(23)';
      OUTPUT_LOAD='(1.0,-1.0)';
    'OUT1B':
      PIN_NUMBER='(22)';
      OUTPUT_LOAD='(1.0,-1.0)';
    'OUT2':
      PIN_NUMBER='(19)';
      OUTPUT_LOAD='(1.0,-1.0)';
    'OUT2B':
      PIN_NUMBER='(18)';
      OUTPUT_LOAD='(1.0,-1.0)';
  end_pin;
  body
    PART_NAME='AD9514';
    BODY_NAME='AD9514';
    JEDEC_TYPE='cp-32';
    PHYS_DES_PREFIX='U';
    CLASS='IC';
    GROUND_NETS='GND';
    POWER_PINS='(GND:31,33)';
    POWER_PINS='(VS:1,4,17,20,21,24,26,29,30)';
  end_body;
end_primitive;

END.
