	(Comment
		(Time 08/16/18,15:43:52)
		(User Pavel)
		(MsgId ECO_081)
		(Text "Symbol sym_1 added to cell")
		(Param1 "sym_1")
	)
	(Comment
		(Time 08/16/18,15:43:54)
		(User Pavel)
		(MsgId ECO_021)
		(Text "Package PAT added to cell")
		(Param1 "PAT")
	)
	(Comment
		(Time 08/16/18,15:50:56)
		(User Pavel)
		(MsgId ECO_022)
		(Text "Package PAT deleted from cell")
		(Param1 "PAT")
	)
	(Comment
		(Time 08/16/18,15:50:59)
		(User Pavel)
		(MsgId ECO_082)
		(Text "Symbol sym_1 deleted from cell")
		(Param1 "sym_1")
	)
	(Comment
		(Time 08/16/18,15:51:01)
		(User Pavel)
		(MsgId ECO_081)
		(Text "Symbol sym_1 added to cell")
		(Param1 "sym_1")
	)
	(Comment
		(Time 08/16/18,15:51:18)
		(User Pavel)
		(MsgId ECO_021)
		(Text "Package PAT added to cell")
		(Param1 "PAT")
	)
	(Comment
		(Time 08/16/18,15:54:26)
		(User Pavel)
		(MsgId ECO_021)
		(Text "Package PAT_1 added to cell")
		(Param1 "PAT_1")
	)
	(Comment
		(Time 08/16/18,15:54:37)
		(User Pavel)
		(MsgId ECO_022)
		(Text "Package PAT_1 deleted from cell")
		(Param1 "PAT_1")
	)
