
	(Comment
		(Time 08/13/12,14:09:42)
		(User Sergey)
		(MsgId ECO_081)
		(Text "Symbol sym_1 added to cell")
		(Param1 sym_1)
	)


	(Comment
		(Time 08/13/12,14:33:54)
		(User Sergey)
		(MsgId ECO_081)
		(Text "Symbol sym_2 added to cell")
		(Param1 sym_2)
	)
	(Comment
		(Time 08/13/12,14:34:10)
		(User Sergey)
		(MsgId ECO_082)
		(Text "Symbol sym_2 deleted from cell")
		(Param1 sym_2)
	)
	(Comment
		(Time 08/13/12,14:34:15)
		(User Sergey)
		(MsgId ECO_021)
		(Text "Package xc6slx45t added to cell")
		(Param1 xc6slx45t)
	)
	(Comment
		(Time 08/13/12,14:34:31)
		(User Sergey)
		(MsgId ECO_081)
		(Text "Symbol sym_2 added to cell")
		(Param1 sym_2)
	)

	(Comment
		(Time 08/13/12,15:06:29)
		(User Sergey)
		(MsgId ECO_081)
		(Text "Symbol sym_3 added to cell")
		(Param1 sym_3)
	)
	(Comment
		(Time 08/13/12,15:07:06)
		(User Sergey)
		(MsgId ECO_022)
		(Text "Package XC6SLX45T deleted from cell")
		(Param1 XC6SLX45T)
	)


	(Comment
		(Time 08/13/12,15:31:37)
		(User Sergey)
		(MsgId ECO_081)
		(Text "Symbol sym_4 added to cell")
		(Param1 sym_4)
	)


	(Comment
		(Time 08/13/12,15:59:16)
		(User Sergey)
		(MsgId ECO_081)
		(Text "Symbol sym_5 added to cell")
		(Param1 sym_5)
	)


	(Comment
		(Time 08/13/12,16:35:42)
		(User Sergey)
		(MsgId ECO_081)
		(Text "Symbol sym_6 added to cell")
		(Param1 sym_6)
	)


	(Comment
		(Time 08/13/12,16:40:00)
		(User Sergey)
		(MsgId ECO_081)
		(Text "Symbol sym_7 added to cell")
		(Param1 sym_7)
	)





	(Comment
		(Time 08/13/12,17:30:42)
		(User Sergey)
		(MsgId ECO_021)
		(Text "Package xc6slx45t added to cell")
		(Param1 xc6slx45t)
	)

















































