FILE_TYPE=LIBRARY_PARTS;
TIME=' Created/Modified on Mon Sep 08 14:58:30 2003' ;
primitive 'B82799CO';
  pin
    'A':
      PIN_NUMBER='(1)';
      INPUT_LOAD='(-0.01,0.01)';
    'B':
      PIN_NUMBER='(2)';
      INPUT_LOAD='(-0.01,0.01)';
    'Y1':
      PIN_NUMBER='(4)';
      OUTPUT_LOAD='(1.0,-1.0)';
    'Y2':
      PIN_NUMBER='(3)';
      OUTPUT_LOAD='(1.0,-1.0)';
  end_pin;
  body
    CLASS='DISCRETE';
    PART_NAME='B82799CO';
    JEDEC_TYPE='DO4';
    BODY_NAME='B82799CO';
    FAMILY='?';
  end_body;
end_primitive;
END.
