FILE_TYPE=LIBRARY_PARTS;
primitive 'ADL5519';
  pin
    'ADJB':
      PIN_NUMBER='(4)';
      PIN_TYPE='ANALOG';
      NO_LOAD_CHECK='Both';
      NO_IO_CHECK='Both';
      NO_ASSERT_CHECK='TRUE';
      NO_DIR_CHECK='TRUE';
      ALLOW_CONNECT='TRUE';
    'VREF':
      PIN_NUMBER='(5)';
      PIN_TYPE='ANALOG';
      NO_LOAD_CHECK='Both';
      NO_IO_CHECK='Both';
      NO_ASSERT_CHECK='TRUE';
      NO_DIR_CHECK='TRUE';
      ALLOW_CONNECT='TRUE';
    'VLVL':
      PIN_NUMBER='(6)';
      PIN_TYPE='ANALOG';
      NO_LOAD_CHECK='Both';
      NO_IO_CHECK='Both';
      NO_ASSERT_CHECK='TRUE';
      NO_DIR_CHECK='TRUE';
      ALLOW_CONNECT='TRUE';
    'CLPB':
      PIN_NUMBER='(7)';
      PIN_TYPE='ANALOG';
      NO_LOAD_CHECK='Both';
      NO_IO_CHECK='Both';
      NO_ASSERT_CHECK='TRUE';
      NO_DIR_CHECK='TRUE';
      ALLOW_CONNECT='TRUE';
    'VSTB':
      PIN_NUMBER='(8)';
      PIN_TYPE='ANALOG';
      NO_LOAD_CHECK='Both';
      NO_IO_CHECK='Both';
      NO_ASSERT_CHECK='TRUE';
      NO_DIR_CHECK='TRUE';
      ALLOW_CONNECT='TRUE';
    'OUTB':
      PIN_NUMBER='(10)';
      PIN_TYPE='ANALOG';
      NO_LOAD_CHECK='Both';
      NO_IO_CHECK='Both';
      NO_ASSERT_CHECK='TRUE';
      NO_DIR_CHECK='TRUE';
      ALLOW_CONNECT='TRUE';
    'FBKB':
      PIN_NUMBER='(11)';
      PIN_TYPE='ANALOG';
      NO_LOAD_CHECK='Both';
      NO_IO_CHECK='Both';
      NO_ASSERT_CHECK='TRUE';
      NO_DIR_CHECK='TRUE';
      ALLOW_CONNECT='TRUE';
    'OUTN':
      PIN_NUMBER='(12)';
      PIN_TYPE='ANALOG';
      NO_LOAD_CHECK='Both';
      NO_IO_CHECK='Both';
      NO_ASSERT_CHECK='TRUE';
      NO_DIR_CHECK='TRUE';
      ALLOW_CONNECT='TRUE';
    'OUTP':
      PIN_NUMBER='(13)';
      PIN_TYPE='ANALOG';
      NO_LOAD_CHECK='Both';
      NO_IO_CHECK='Both';
      NO_ASSERT_CHECK='TRUE';
      NO_DIR_CHECK='TRUE';
      ALLOW_CONNECT='TRUE';
    'FBKA':
      PIN_NUMBER='(14)';
      PIN_TYPE='ANALOG';
      NO_LOAD_CHECK='Both';
      NO_IO_CHECK='Both';
      NO_ASSERT_CHECK='TRUE';
      NO_DIR_CHECK='TRUE';
      ALLOW_CONNECT='TRUE';
    'OUTA':
      PIN_NUMBER='(15)';
      PIN_TYPE='ANALOG';
      NO_LOAD_CHECK='Both';
      NO_IO_CHECK='Both';
      NO_ASSERT_CHECK='TRUE';
      NO_DIR_CHECK='TRUE';
      ALLOW_CONNECT='TRUE';
    'VSTA':
      PIN_NUMBER='(17)';
      PIN_TYPE='ANALOG';
      NO_LOAD_CHECK='Both';
      NO_IO_CHECK='Both';
      NO_ASSERT_CHECK='TRUE';
      NO_DIR_CHECK='TRUE';
      ALLOW_CONNECT='TRUE';
    'CLPA':
      PIN_NUMBER='(18)';
      PIN_TYPE='ANALOG';
      NO_LOAD_CHECK='Both';
      NO_IO_CHECK='Both';
      NO_ASSERT_CHECK='TRUE';
      NO_DIR_CHECK='TRUE';
      ALLOW_CONNECT='TRUE';
    'TEMP':
      PIN_NUMBER='(19)';
      PIN_TYPE='ANALOG';
      NO_LOAD_CHECK='Both';
      NO_IO_CHECK='Both';
      NO_ASSERT_CHECK='TRUE';
      NO_DIR_CHECK='TRUE';
      ALLOW_CONNECT='TRUE';
    'ADJA':
      PIN_NUMBER='(21)';
      PIN_TYPE='ANALOG';
      NO_LOAD_CHECK='Both';
      NO_IO_CHECK='Both';
      NO_ASSERT_CHECK='TRUE';
      NO_DIR_CHECK='TRUE';
      ALLOW_CONNECT='TRUE';
    'INHA':
      PIN_NUMBER='(25)';
      PIN_TYPE='ANALOG';
      NO_LOAD_CHECK='Both';
      NO_IO_CHECK='Both';
      NO_ASSERT_CHECK='TRUE';
      NO_DIR_CHECK='TRUE';
      ALLOW_CONNECT='TRUE';
    'INLA':
      PIN_NUMBER='(26)';
      PIN_TYPE='ANALOG';
      NO_LOAD_CHECK='Both';
      NO_IO_CHECK='Both';
      NO_ASSERT_CHECK='TRUE';
      NO_DIR_CHECK='TRUE';
      ALLOW_CONNECT='TRUE';
    'PWDN':
      PIN_NUMBER='(28)';
      PIN_TYPE='ANALOG';
      NO_LOAD_CHECK='Both';
      NO_IO_CHECK='Both';
      NO_ASSERT_CHECK='TRUE';
      NO_DIR_CHECK='TRUE';
      ALLOW_CONNECT='TRUE';
    'INLB':
      PIN_NUMBER='(31)';
      PIN_TYPE='ANALOG';
      NO_LOAD_CHECK='Both';
      NO_IO_CHECK='Both';
      NO_ASSERT_CHECK='TRUE';
      NO_DIR_CHECK='TRUE';
      ALLOW_CONNECT='TRUE';
    'INHB':
      PIN_NUMBER='(32)';
      PIN_TYPE='ANALOG';
      NO_LOAD_CHECK='Both';
      NO_IO_CHECK='Both';
      NO_ASSERT_CHECK='TRUE';
      NO_DIR_CHECK='TRUE';
      ALLOW_CONNECT='TRUE';
  end_pin;
  body
    PART_NAME='ADL5519';
    BODY_NAME='ADL5519';
    JEDEC_TYPE='cp-32-8';
    PHYS_DES_PREFIX='U';
    CLASS='IC';
    GROUND_NETS='COMR';
    POWER_PINS='(COMR:1,2,23,24,29,30,33,27)';
    POWER_PINS='(VPSB:3)';
    POWER_PINS='(VPSR:20)';
    POWER_PINS='(VPSA:22)';
    NC_PINS='(16,9)';
  end_body;
end_primitive;

END.
