FILE_TYPE=LIBRARY_PARTS;
primitive 'BPF-A400';
  pin
    'RF OUT':
      PIN_NUMBER='(8)';
      PIN_TYPE='ANALOG';
      NO_LOAD_CHECK='Both';
      NO_IO_CHECK='Both';
      NO_ASSERT_CHECK='TRUE';
      NO_DIR_CHECK='TRUE';
      ALLOW_CONNECT='TRUE';
    'RF IN':
      PIN_NUMBER='(1)';
      PIN_TYPE='ANALOG';
      NO_LOAD_CHECK='Both';
      NO_IO_CHECK='Both';
      NO_ASSERT_CHECK='TRUE';
      NO_DIR_CHECK='TRUE';
      ALLOW_CONNECT='TRUE';
  end_pin;
  body
    PART_NAME='BPF-A400';
    BODY_NAME='BPF-A400';
    JEDEC_TYPE='BPF_A400';
    PHYS_DES_PREFIX='ZL';
    CLASS='IC';
    GROUND_NETS='GND1,GND2,GND3,GND4,GND5,GND6,GND7,GND8,GND9,GND10,GND11,GND12';
    POWER_PINS='(GND1:2)';
    POWER_PINS='(GND2:3)';
    POWER_PINS='(GND3:4)';
    POWER_PINS='(GND4:5)';
    POWER_PINS='(GND5:6)';
    POWER_PINS='(GND6:7)';
    POWER_PINS='(GND7:9)';
    POWER_PINS='(GND8:10)';
    POWER_PINS='(GND9:11)';
    POWER_PINS='(GND10:12)';
    POWER_PINS='(GND11:13)';
    POWER_PINS='(GND12:14)';
  end_body;
end_primitive;

END.
