FILE_TYPE=LIBRARY_PARTS;
TIME=' Created/Modified on Tue Jun 24 12:12:23 2003' ;
primitive 'HCPL-063L','HCPL-063L_SO-8';
  pin
    'ANODE_A':
      PIN_NUMBER='(1)';
      INPUT_LOAD='(-0.01,0.01)';
    'ANODE_B':
      PIN_NUMBER='(4)';
      INPUT_LOAD='(-0.01,0.01)';
    'CATHODE_A':
      PIN_NUMBER='(2)';
      INPUT_LOAD='(-0.01,0.01)';
    'CATHODE_B':
      PIN_NUMBER='(3)';
      INPUT_LOAD='(-0.01,0.01)';
    'Q_A':
      PIN_NUMBER='(7)';
      OUTPUT_LOAD='(1.0,-1.0)';
    'Q_B':
      PIN_NUMBER='(6)';
      OUTPUT_LOAD='(1.0,-1.0)';
    'P3V3':
      PIN_NUMBER='(8)';
      PINUSE='POWER';
    'GNDD':
      PIN_NUMBER='(5)';
      PINUSE='GROUND';
  end_pin;
  body
    CLASS='IC';
    PART_NAME='HCPL-063L';
    PHYS_DES_PREFIX='U';
    JEDEC_TYPE='SO-8';
    LIBRARY_NAME='psg1';
    BODY_NAME='HCPL-063L';
  end_body;
end_primitive;
END.
