FILE_TYPE=LIBRARY_PARTS;
primitive 'OP213';
  pin
    'OUTA':
      PIN_NUMBER='(1)';
      OUTPUT_LOAD='(1.0,-1.0)';
    '-INA':
      PIN_NUMBER='(2)';
      INPUT_LOAD='(-0.01,0.01)';
    '+INA':
      PIN_NUMBER='(3)';
      INPUT_LOAD='(-0.01,0.01)';
    'V-':
      PIN_NUMBER='(4)';
      PINUSE='GROUND';
      NO_LOAD_CHECK='Both';
      NO_IO_CHECK='Both';
      NO_ASSERT_CHECK='TRUE';
      NO_DIR_CHECK='TRUE';
      ALLOW_CONNECT='TRUE';
    '+INB':
      PIN_NUMBER='(5)';
      INPUT_LOAD='(-0.01,0.01)';
    '-INB':
      PIN_NUMBER='(6)';
      INPUT_LOAD='(-0.01,0.01)';
    'OUTB':
      PIN_NUMBER='(7)';
      OUTPUT_LOAD='(1.0,-1.0)';
    'V+':
      PIN_NUMBER='(8)';
      PINUSE='POWER';
      NO_LOAD_CHECK='Both';
      NO_IO_CHECK='Both';
      NO_ASSERT_CHECK='TRUE';
      NO_DIR_CHECK='TRUE';
      ALLOW_CONNECT='TRUE';
  end_pin;
  body
    PART_NAME='OP213';
    BODY_NAME='OP213';
    PHYS_DES_PREFIX='U';
    CLASS='IC';
  end_body;
end_primitive;

END.
