	(Comment
		(Time 05/04/17,09:21:23)
		(User Lmx2315)
		(MsgId ECO_081)
		(Text "Symbol sym_1 added to cell")
		(Param1 "sym_1")
	)
	(Comment
		(Time 05/04/17,09:27:39)
		(User Lmx2315)
		(MsgId ECO_021)
		(Text "Package XC7A35TFGG484 added to cell")
		(Param1 "XC7A35TFGG484")
	)
	(Comment
		(Time 05/04/17,09:28:02)
		(User Lmx2315)
		(MsgId ECO_082)
		(Text "Symbol sym_1 deleted from cell")
		(Param1 "sym_1")
	)
	(Comment
		(Time 05/04/17,13:28:03)
		(User Lmx2315)
		(MsgId ECO_081)
		(Text "Symbol sym_1 added to cell")
		(Param1 "sym_1")
	)
	(Comment
		(Time 05/04/17,13:28:03)
		(User Lmx2315)
		(MsgId ECO_081)
		(Text "Symbol sym_2 added to cell")
		(Param1 "sym_2")
	)
	(Comment
		(Time 05/04/17,13:28:03)
		(User Lmx2315)
		(MsgId ECO_081)
		(Text "Symbol sym_3 added to cell")
		(Param1 "sym_3")
	)
	(Comment
		(Time 05/04/17,13:28:03)
		(User Lmx2315)
		(MsgId ECO_081)
		(Text "Symbol sym_4 added to cell")
		(Param1 "sym_4")
	)
	(Comment
		(Time 05/04/17,13:28:03)
		(User Lmx2315)
		(MsgId ECO_081)
		(Text "Symbol sym_5 added to cell")
		(Param1 "sym_5")
	)
	(Comment
		(Time 05/04/17,13:28:03)
		(User Lmx2315)
		(MsgId ECO_081)
		(Text "Symbol sym_6 added to cell")
		(Param1 "sym_6")
	)
	(Comment
		(Time 05/04/17,13:28:03)
		(User Lmx2315)
		(MsgId ECO_081)
		(Text "Symbol sym_7 added to cell")
		(Param1 "sym_7")
	)
	(Comment
		(Time 05/04/17,16:48:32)
		(User Lmx2315)
		(MsgId ECO_082)
		(Text "Symbol sym_7 deleted from cell")
		(Param1 "sym_7")
	)
	(Comment
		(Time 05/04/17,16:48:54)
		(User Lmx2315)
		(MsgId ECO_081)
		(Text "Symbol sym_7 added to cell")
		(Param1 "sym_7")
	)
