FILE_TYPE=LIBRARY_PARTS;
TIME=' Created/Modified on Wed Oct 22 14:45:43 2003' ;
primitive 'XC18V512SO20I';
  pin
    'CLK':
      PIN_NUMBER='(3)';
      INPUT_LOAD='(-0.01,0.01)';
    'TDI':
      PIN_NUMBER='(4)';
      INPUT_LOAD='(-0.01,0.01)';
    'TMS':
      PIN_NUMBER='(5)';
      INPUT_LOAD='(-0.01,0.01)';
    'TCK':
      PIN_NUMBER='(6)';
      INPUT_LOAD='(-0.01,0.01)';
    '-OE/RESET':
      PIN_NUMBER='(8)';
      INPUT_LOAD='(-0.01,0.01)';
    '-CE':
      PIN_NUMBER='(10)';
      INPUT_LOAD='(-0.01,0.01)';
    'DATA':
      PIN_NUMBER='(1)';
      OUTPUT_LOAD='(1.0,-1.0)';
    '-CF/D4':
      PIN_NUMBER='(7)';
      OUTPUT_LOAD='(1.0,-1.0)';
    'TDO':
      PIN_NUMBER='(17)';
      OUTPUT_LOAD='(1.0,-1.0)';
    '-CEO':
      PIN_NUMBER='(13)';
      OUTPUT_LOAD='(1.0,-1.0)';
    'D1':
      PIN_NUMBER='(16)';
      OUTPUT_LOAD='(1.0,-1.0)';
    'D2':
      PIN_NUMBER='(2)';
      OUTPUT_LOAD='(1.0,-1.0)';
    'D3':
      PIN_NUMBER='(15)';
      OUTPUT_LOAD='(1.0,-1.0)';
    'D5':
      PIN_NUMBER='(14)';
      OUTPUT_LOAD='(1.0,-1.0)';
    'D6':
      PIN_NUMBER='(9)';
      OUTPUT_LOAD='(1.0,-1.0)';
    'D7':
      PIN_NUMBER='(12)';
      OUTPUT_LOAD='(1.0,-1.0)';
  end_pin;
  body
    POWER_PINS='(P3V3M:18,19,20)';
    POWER_PINS='(GNDDM:11)';
    CLASS='IC';
    PART_NAME='XC18V512SO20I';
    JEDEC_TYPE='F60';
    BODY_NAME='XC18V512SO20I';
    FAMILY='?';
  end_body;
end_primitive;
END.
