FILE_TYPE=LIBRARY_PARTS;
primitive 'LFCN_490';
  pin
    'RF IN':
      PIN_NUMBER='(1)';
      PIN_TYPE='ANALOG';
      NO_LOAD_CHECK='Both';
      NO_IO_CHECK='Both';
      NO_ASSERT_CHECK='TRUE';
      NO_DIR_CHECK='TRUE';
      ALLOW_CONNECT='TRUE';
    'RF OUT':
      PIN_NUMBER='(3)';
      PIN_TYPE='ANALOG';
      NO_LOAD_CHECK='Both';
      NO_IO_CHECK='Both';
      NO_ASSERT_CHECK='TRUE';
      NO_DIR_CHECK='TRUE';
      ALLOW_CONNECT='TRUE';
  end_pin;
  body
    PART_NAME='LFCN_490';
    BODY_NAME='LFCN_490';
    JEDEC_TYPE='lfcn_490';
    PHYS_DES_PREFIX='ZL';
    CLASS='IC';
    GROUND_NETS='GND';
    POWER_PINS='(GND:2,4)';
  end_body;
end_primitive;

END.
