FILE_TYPE=LIBRARY_PARTS;
primitive 'KT-93';
  pin
    'K':
      PIN_NUMBER='(1)';
      PIN_TYPE='ANALOG';
      NO_LOAD_CHECK='Both';
      NO_IO_CHECK='Both';
      NO_ASSERT_CHECK='TRUE';
      NO_DIR_CHECK='TRUE';
      ALLOW_CONNECT='TRUE';
    'A':
      PIN_NUMBER='(2)';
      PIN_TYPE='ANALOG';
      NO_LOAD_CHECK='Both';
      NO_IO_CHECK='Both';
      NO_ASSERT_CHECK='TRUE';
      NO_DIR_CHECK='TRUE';
      ALLOW_CONNECT='TRUE';
  end_pin;
  body
    PART_NAME='KT-93';
    BODY_NAME='KT-93';
    JEDEC_TYPE='kt-93';
    PHYS_DES_PREFIX='U';
    CLASS='IC';
    NC_PINS='(3)';
  end_body;
end_primitive;

END.
