FILE_TYPE=LIBRARY_PARTS;
TIME=' Created/Modified on Fri Jul 04 11:01:29 2003' ;
primitive 'LM2904DP';
  pin
    'A':
      PIN_NUMBER='(3)';
      INPUT_LOAD='(-0.01,0.01)';
    '-A':
      PIN_NUMBER='(2)';
      INPUT_LOAD='(-0.01,0.01)';
    'A_OUT':
      PIN_NUMBER='(1)';
      OUTPUT_LOAD='(1.0,-1.0)';
    'B':
      PIN_NUMBER='(5)';
      INPUT_LOAD='(-0.01,0.01)';
    '-B':
      PIN_NUMBER='(6)';
      INPUT_LOAD='(-0.01,0.01)';
    'B_OUT':
      PIN_NUMBER='(7)';
      OUTPUT_LOAD='(1.0,-1.0)';
  end_pin;
  body
    POWER_PINS='(P3V3_A:8)';
    POWER_PINS='(N3V3_A:4)';
    CLASS='IC';
    PART_NAME='LM2904DP';
    JEDEC_TYPE='soic8';
    BODY_NAME='lm2904dp';
    FAMILY='?';
  end_body;
end_primitive;
primitive 'LM2904DP_SOT505_1';
  pin
    'A':
      PIN_NUMBER='(3)';
      INPUT_LOAD='(-0.01,0.01)';
    '-A':
      PIN_NUMBER='(2)';
      INPUT_LOAD='(-0.01,0.01)';
    'A_OUT':
      PIN_NUMBER='(1)';
      OUTPUT_LOAD='(1.0,-1.0)';
    'B':
      PIN_NUMBER='(5)';
      INPUT_LOAD='(-0.01,0.01)';
    '-B':
      PIN_NUMBER='(6)';
      INPUT_LOAD='(-0.01,0.01)';
    'B_OUT':
      PIN_NUMBER='(7)';
      OUTPUT_LOAD='(1.0,-1.0)';
    'P3V3_A':
      PIN_NUMBER='(8)';
      PINUSE='POWER';
    'N3V3_A':
      PIN_NUMBER='(4)';
      PINUSE='POWER';
  end_pin;
  body
    CLASS='IC';
    PART_NAME='LM2904DP';
    JEDEC_TYPE='soic8';
    BODY_NAME='lm2904dp';
    FAMILY='?';
  end_body;
end_primitive;
END.
