Exported by : Natali
Part p5v0 :
Creation Status - New Part, Creation time : Thu Jun 26 10:58:29 2003
Modification Status - No modification
Part gndd :
Creation Status - New Part, Creation time : Thu Jun 26 10:58:12 2003
Modification Status - No modification
Comments :
Exported by : Natali
Part p3v3 :
Creation Status - New Part, Creation time : Fri Jul 04 10:25:45 2003
Modification Status - No modification
Comments :
Exported by : Natali
Part p5v0 :
Creation Status - New Part, Creation time : Wed Apr 09 17:12:54 2003
Modification Status - No modification
Comments :
Exported by : Natali
Part gndd :
Creation Status - New Part, Creation time : Wed Apr 09 17:12:47 2003
Modification Status - No modification
Comments :
Exported by : Natali
Part p27v0 :
Creation Status - New Part, Creation time : Wed Sep 17 11:02:56 2003
Modification Status - No modification
Comments :
Exported by : Natali
Part p5v0 :
Creation Status - Imported from power_niitp, Import time : Mon Sep 22 16:09:18 2003
Modification Status - No modification
Part p3v3r :
Creation Status - New Part, Creation time : Mon Sep 22 16:29:00 2003
Modification Status - No modification
Part p3v3m :
Creation Status - New Part, Creation time : Mon Sep 22 16:26:59 2003
Modification Status - No modification
Part p3v3 :
Creation Status - Imported from power_niitp, Import time : Mon Sep 22 16:09:18 2003
Modification Status - No modification
Part p27v0_2 :
Creation Status - New Part, Creation time : Mon Sep 22 16:33:50 2003
Modification Status - No modification
Part p27v0_1 :
Creation Status - New Part, Creation time : Mon Sep 22 16:32:45 2003
Modification Status - No modification
Part p27v0 :
Creation Status - Imported from power_niitp, Import time : Mon Sep 22 16:09:18 2003
Modification Status - Modified
Part n3v3 :
Creation Status - Imported from power_niitp, Import time : Mon Sep 22 16:09:18 2003
Modification Status - No modification
Part n27v0 :
Creation Status - Imported from power_niitp, Import time : Mon Sep 22 16:09:18 2003
Modification Status - No modification
Part gnddr :
Creation Status - New Part, Creation time : Mon Sep 22 16:23:20 2003
Modification Status - No modification
Part gnddm :
Creation Status - New Part, Creation time : Mon Sep 22 16:25:08 2003
Modification Status - No modification
Part gndd :
Creation Status - Imported from power_niitp, Import time : Mon Sep 22 16:09:18 2003
Modification Status - Modified
Comments :
Exported by : Natali
Part p5v0 :
Creation Status - Imported from power_niitp, Import time : Mon Sep 22 16:09:18 2003
Modification Status - No modification
Part p3v3r :
Creation Status - Imported from power_niitp, Import time : Mon Sep 22 16:29:00 2003
Modification Status - Modified
Part p3v3m :
Creation Status - Imported from power_niitp, Import time : Mon Sep 22 16:26:59 2003
Modification Status - Modified
Part p3v3 :
Creation Status - Imported from power_niitp, Import time : Mon Sep 22 16:09:18 2003
Modification Status - No modification
Part p27v0_2 :
Creation Status - Imported from power_niitp, Import time : Mon Sep 22 16:33:50 2003
Modification Status - No modification
Part p27v0_1 :
Creation Status - Imported from power_niitp, Import time : Mon Sep 22 16:32:45 2003
Modification Status - No modification
Part p27v0 :
Creation Status - Imported from power_niitp, Import time : Mon Sep 22 16:09:18 2003
Modification Status - No modification
Part n3v3 :
Creation Status - Imported from power_niitp, Import time : Mon Sep 22 16:09:18 2003
Modification Status - No modification
Part n27v0cc :
Creation Status - New Part, Creation time : Tue Sep 23 11:22:20 2003
Modification Status - No modification
Part n27v0 :
Creation Status - Imported from power_niitp, Import time : Mon Sep 22 16:09:18 2003
Modification Status - Modified
Part gnddr :
Creation Status - Imported from power_niitp, Import time : Mon Sep 22 16:23:20 2003
Modification Status - Modified
Part gnddm :
Creation Status - Imported from power_niitp, Import time : Mon Sep 22 16:25:08 2003
Modification Status - Modified
Part gndd :
Creation Status - Imported from power_niitp, Import time : Mon Sep 22 16:09:18 2003
Modification Status - No modification
Comments :
Exported by : Natali
Part n27v0 :
Creation Status - Imported from power_niitp, Import time : Tue Sep 23 11:28:22 2003
Modification Status - Modified
Comments :
Exported by : Natali
Part p3v3m :
Creation Status - Imported from power_niitp, Import time : Tue Sep 23 11:32:00 2003
Modification Status - Modified
Comments :
Exported by : Natali
Part p5v0 :
Creation Status - Imported from power_niitp, Import time : Tue Sep 23 11:28:13 2003
Modification Status - Modified
Comments :
Exported by : Natali
Part n27v0cc :
Creation Status - Imported from power_niitp, Import time : Tue Sep 23 11:53:31 2003
Modification Status - Modified, Marked for Deletion in the reference area
Comments :
Exported by : Natali
Part p5v0 :
Creation Status - Imported from power_niitp, Import time : Tue Sep 23 11:55:33 2003
Modification Status - Modified, Marked for Deletion in the reference area
Comments :
Exported by : Natali
Part p5v0 :
Creation Status - New Part, Creation time : Tue Sep 23 11:56:12 2003
Modification Status - No modification
Comments :
Exported by : Natali
Part p27v0_2 :
Creation Status - Imported from power_niitp, Import time : Tue Sep 23 13:59:58 2003
Modification Status - Modified
Comments :
Exported by : Natali
Part p27v0_2 :
Creation Status - Imported from power_niitp, Import time : Tue Sep 23 14:02:07 2003
Modification Status - Modified
Comments :
Exported by : Olga
Part gnddb :
Creation Status - New Part, Creation time : Wed Oct 08 15:47:35 2003
Modification Status - No modification
Comments :
Exported by : Olga
Part p5v0_1 :
Creation Status - Imported from power_niitp, Import time : Wed Oct 08 15:40:42 2003
Modification Status - Modified
Comments :
Exported by : Olga
Part p5v0_2 :
Creation Status - New Part, Creation time : Wed Oct 08 15:42:40 2003
Modification Status - No modification
Comments :
Exported by : Natali
Part p27v0 :
Creation Status - Imported from power_niitp, Import time : Fri Oct 10 11:41:38 2003
Modification Status - Modified
Comments :
Exported by : Natali
Part n27v0_1 :
Creation Status - New Part, Creation time : Fri Oct 10 16:01:29 2003
Modification Status - No modification
Comments :
Exported by : Natali
Part n27v0_1 :
Creation Status - Imported from power_niitp, Import time : Fri Oct 10 16:04:20 2003
Modification Status - Modified
Comments :
Exported by : Olga
Part gnddb :
Creation Status - Imported from power_niitp, Import time : Wed Oct 08 15:47:35 2003
Modification Status - Modified
Comments :
Exported by : Olga
Part shield :
Creation Status - New Part, Creation time : Mon Mar 15 15:39:36 2004
Modification Status - No modification
Comments :
Exported by : Olga
Part shield :
Creation Status - Imported from power_niitp, Import time : Mon Mar 15 15:45:22 2004
Modification Status - Modified
Comments :
Exported by : Olga
Part shield :
Creation Status - New Part, Creation time : Mon Mar 15 15:56:55 2004
Modification Status - No modification
Comments :
Exported by : Olga
Part shield :
Creation Status - Imported from power_niitp, Import time : Tue Apr 13 12:37:17 2004
Modification Status - Modified
Comments :
Exported by : Olga
Part shield :
Creation Status - Imported from power_niitp, Import time : Tue Apr 13 12:44:00 2004
Modification Status - Modified
Comments :