FILE_TYPE=LIBRARY_PARTS;
TIME=' Created/Modified on Tue Dec 07 16:38:37 2004' ;
primitive 'ADT1_5_1';
  pin
    'PRI_DOT':
      PIN_NUMBER='(1)';
      INPUT_LOAD='(-0.01,0.01)';
      OUTPUT_LOAD='(1.0,-1.0)';
      BIDIRECTIONAL='TRUE';
    'PRI':
      PIN_NUMBER='(3)';
      INPUT_LOAD='(-0.01,0.01)';
      OUTPUT_LOAD='(1.0,-1.0)';
      BIDIRECTIONAL='TRUE';
    'SEC_DOT':
      PIN_NUMBER='(4)';
      INPUT_LOAD='(-0.01,0.01)';
      OUTPUT_LOAD='(1.0,-1.0)';
      BIDIRECTIONAL='TRUE';
    'SEC':
      PIN_NUMBER='(6)';
      INPUT_LOAD='(-0.01,0.01)';
      OUTPUT_LOAD='(1.0,-1.0)';
      BIDIRECTIONAL='TRUE';
    'SEC_CT':
      PIN_NUMBER='(2)';
      INPUT_LOAD='(-0.01,0.01)';
      OUTPUT_LOAD='(1.0,-1.0)';
      BIDIRECTIONAL='TRUE';
  end_pin;
  body
    NC_PINS='(5)';
    CLASS='IC';
    PART_NAME='ADT1_5_1';
    PHYS_DES_PREFIX='L';
    JEDEC_TYPE='F342';
    FAMILY='ADT';
    BODY_NAME='ADT1_5_1';
  end_body;
end_primitive;
END.
