FILE_TYPE=LIBRARY_PARTS;
TIME=' Created/Modified on Fri Nov 12 16:13:12 2004' ;
primitive 'CDP68HC68P1M_SOIC-16';
  pin
    'ID0':
      PIN_NUMBER='(1)';
      INPUT_LOAD='(-0.01,0.01)';
    'ID1':
      PIN_NUMBER='(2)';
      INPUT_LOAD='(-0.01,0.01)';
    'MISO':
      PIN_NUMBER='(3)';
      OUTPUT_LOAD='(1.0,-1.0)';
    'MOSI':
      PIN_NUMBER='(4)';
      INPUT_LOAD='(-0.01,0.01)';
    'SCK':
      PIN_NUMBER='(5)';
      INPUT_LOAD='(-0.01,0.01)';
    '-CE':
      PIN_NUMBER='(6)';
      INPUT_LOAD='(-0.01,0.01)';
    'D0':
      PIN_NUMBER='(7)';
      INPUT_LOAD='(-0.01,0.01)';
      OUTPUT_LOAD='(1.0,-1.0)';
      BIDIRECTIONAL='TRUE';
    'D1':
      PIN_NUMBER='(15)';
      INPUT_LOAD='(-0.01,0.01)';
      OUTPUT_LOAD='(1.0,-1.0)';
      BIDIRECTIONAL='TRUE';
    'D2':
      PIN_NUMBER='(14)';
      INPUT_LOAD='(-0.01,0.01)';
      OUTPUT_LOAD='(1.0,-1.0)';
      BIDIRECTIONAL='TRUE';
    'D3':
      PIN_NUMBER='(13)';
      INPUT_LOAD='(-0.01,0.01)';
      OUTPUT_LOAD='(1.0,-1.0)';
      BIDIRECTIONAL='TRUE';
    'D4':
      PIN_NUMBER='(12)';
      INPUT_LOAD='(-0.01,0.01)';
      OUTPUT_LOAD='(1.0,-1.0)';
      BIDIRECTIONAL='TRUE';
    'D5':
      PIN_NUMBER='(11)';
      INPUT_LOAD='(-0.01,0.01)';
      OUTPUT_LOAD='(1.0,-1.0)';
      BIDIRECTIONAL='TRUE';
    'D6':
      PIN_NUMBER='(10)';
      INPUT_LOAD='(-0.01,0.01)';
      OUTPUT_LOAD='(1.0,-1.0)';
      BIDIRECTIONAL='TRUE';
    'D7':
      PIN_NUMBER='(9)';
      INPUT_LOAD='(-0.01,0.01)';
      OUTPUT_LOAD='(1.0,-1.0)';
      BIDIRECTIONAL='TRUE';
    'VSS':
      PIN_NUMBER='(8)';
      PINUSE='GROUND';
    'VDD':
      PIN_NUMBER='(16)';
      PINUSE='POWER';
  end_pin;
  body
    CLASS='IC';
    PART_NAME='CDP68HC68P1M';
    PHYS_DES_PREFIX='D';
    JEDEC_TYPE='SOIC-16';
    FAMILY='?';
    BODY_NAME='CDP68HC68P1M';
  end_body;
end_primitive;
END.
