
+
FILE_TYPE=LIBRARY_PARTS;
TIME=' Created/Modified on Thu Apr 10 11:48:05 2003' ;
primitive 'CNP135';
  pin
    'A9':
      PIN_NUMBER='(A9)';
      INPUT_LOAD='(-0.01,0.01)';
    'A12':
      PIN_NUMBER='(A12)';
      INPUT_LOAD='(-0.01,0.01)';
    'B38':
      PIN_NUMBER='(B38)';
      INPUT_LOAD='(-0.01,0.01)';
    'C38':
      PIN_NUMBER='(C38)';
      INPUT_LOAD='(-0.01,0.01)';
    'B39':
      PIN_NUMBER='(B39)';
      INPUT_LOAD='(-0.01,0.01)';
    'C39':
      PIN_NUMBER='(C39)';
      INPUT_LOAD='(-0.01,0.01)';
    'B40':
      PIN_NUMBER='(B40)';
      INPUT_LOAD='(-0.01,0.01)';
    'C40':
      PIN_NUMBER='(C40)';
      INPUT_LOAD='(-0.01,0.01)';
    'B41':
      PIN_NUMBER='(B41)';
      INPUT_LOAD='(-0.01,0.01)';
    'C41':
      PIN_NUMBER='(C41)';
      INPUT_LOAD='(-0.01,0.01)';
    'B42':
      PIN_NUMBER='(B42)';
      INPUT_LOAD='(-0.01,0.01)';
    'C42':
      PIN_NUMBER='(C42)';
      INPUT_LOAD='(-0.01,0.01)';
    'B43':
      PIN_NUMBER='(B43)';
      INPUT_LOAD='(-0.01,0.01)';
    'C43':
      PIN_NUMBER='(C43)';
      INPUT_LOAD='(-0.01,0.01)';
    'B44':
      PIN_NUMBER='(B44)';
      INPUT_LOAD='(-0.01,0.01)';
    'C44':
      PIN_NUMBER='(C44)';
      INPUT_LOAD='(-0.01,0.01)';
    'B45':
      PIN_NUMBER='(B45)';
      INPUT_LOAD='(-0.01,0.01)';
    'C45':
      PIN_NUMBER='(C45)';
      INPUT_LOAD='(-0.01,0.01)';
    'C1':
      PIN_NUMBER='(C1)';
      INPUT_LOAD='(-0.01,0.01)';
    'C2':
      PIN_NUMBER='(C2)';
      INPUT_LOAD='(-0.01,0.01)';
    'A3':
      PIN_NUMBER='(A3)';
      INPUT_LOAD='(-0.01,0.01)';
    'B3':
      PIN_NUMBER='(B3)';
      INPUT_LOAD='(-0.01,0.01)';
    'C3':
      PIN_NUMBER='(C3)';
      INPUT_LOAD='(-0.01,0.01)';
    'A7':
      PIN_NUMBER='(A7)';
      INPUT_LOAD='(-0.01,0.01)';
    'B11':
      PIN_NUMBER='(B11)';
      INPUT_LOAD='(-0.01,0.01)';
    'C36':
      PIN_NUMBER='(C36)';
      INPUT_LOAD='(-0.01,0.01)';
    'C28':
      PIN_NUMBER='(C28)';
      INPUT_LOAD='(-0.01,0.01)';
    'C30':
      PIN_NUMBER='(C30)';
      INPUT_LOAD='(-0.01,0.01)';
    'C32':
      PIN_NUMBER='(C32)';
      INPUT_LOAD='(-0.01,0.01)';
    'C34':
      PIN_NUMBER='(C34)';
      INPUT_LOAD='(-0.01,0.01)';
    'C37':
      PIN_NUMBER='(C37)';
      INPUT_LOAD='(-0.01,0.01)';
    'B8':
      PIN_NUMBER='(B8)';
      INPUT_LOAD='(-0.01,0.01)';
    'B9':
      PIN_NUMBER='(B9)';
      INPUT_LOAD='(-0.01,0.01)';
    'A45':
      PIN_NUMBER='(A45)';
      INPUT_LOAD='(-0.01,0.01)';
  end_pin;
  body
    NC_PINS='(A1,A2,A4,A5,A6,A8,A10,A11,A13,A14,A15,A16,A17,A18,A19,A20,A21,A22)';
    NC_PINS='(A23,A24,A25,A26,A27,A28,A29,A30,A31,A32,A33,A34,A35,A36,A37,A38)';
    NC_PINS='(A39,A40,A41,A42,A43,A44,B1,B2,B4,B5,B6,B7,B10,B12,B13,B14,B15,B16)';
    NC_PINS='(B17,B18,B19,B20,B21,B22,B23,B24,B25,B26,B27,B28,B29,B30,B31,B32)';
    NC_PINS='(B33,B34,B35,B36,B37,C4,C5,C6,C7,C8,C9,C10,C11,C12,C13,C14,C15,C16)';
    NC_PINS='(C17,C18,C19,C20,C21,C22,C23,C24,C25,C26,C27,C29,C31,C33,C35,1,2)';
    CLASS='DISCRETE';
    PART_NAME='CNP135';
    JEDEC_TYPE='F19';
    BODY_NAME='CNP135';
  end_body;
end_primitive;
END.
