	(Comment
		(Time 09/04/20,17:43:06)
		(User Lmx)
		(MsgId ECO_021)
		(Text "Package NE5532 added to cell")
		(Param1 "NE5532")
	)
	(Comment
		(Time 09/04/20,17:47:13)
		(User Lmx)
		(MsgId ECO_022)
		(Text "Package NE5532 deleted from cell")
		(Param1 "NE5532")
	)
	(Comment
		(Time 09/04/20,17:47:15)
		(User Lmx)
		(MsgId ECO_081)
		(Text "Symbol sym_1 added to cell")
		(Param1 "sym_1")
	)
	(Comment
		(Time 09/04/20,17:48:10)
		(User Lmx)
		(MsgId ECO_021)
		(Text "Package NE5532 added to cell")
		(Param1 "NE5532")
	)
	(Comment
		(Time 09/04/20,17:49:38)
		(User Lmx)
		(MsgId ECO_022)
		(Text "Package NE5532 deleted from cell")
		(Param1 "NE5532")
	)
	(Comment
		(Time 09/04/20,17:49:41)
		(User Lmx)
		(MsgId ECO_082)
		(Text "Symbol sym_1 deleted from cell")
		(Param1 "sym_1")
	)
	(Comment
		(Time 09/04/20,17:49:44)
		(User Lmx)
		(MsgId ECO_021)
		(Text "Package NE5532 added to cell")
		(Param1 "NE5532")
	)
	(Comment
		(Time 09/04/20,17:50:16)
		(User Lmx)
		(MsgId ECO_081)
		(Text "Symbol sym_1 added to cell")
		(Param1 "sym_1")
	)
	(Comment
		(Time 09/04/20,17:51:01)
		(User Lmx)
		(MsgId ECO_081)
		(Text "Symbol sym_2 added to cell")
		(Param1 "sym_2")
	)
	(Comment
		(Time 09/04/20,17:51:13)
		(User Lmx)
		(MsgId ECO_082)
		(Text "Symbol sym_2 deleted from cell")
		(Param1 "sym_2")
	)
	(Comment
		(Time 09/04/20,17:51:28)
		(User Lmx)
		(MsgId ECO_022)
		(Text "Package NE5532 deleted from cell")
		(Param1 "NE5532")
	)
	(Comment
		(Time 09/04/20,17:51:33)
		(User Lmx)
		(MsgId ECO_082)
		(Text "Symbol sym_1 deleted from cell")
		(Param1 "sym_1")
	)
	(Comment
		(Time 09/04/20,17:51:35)
		(User Lmx)
		(MsgId ECO_081)
		(Text "Symbol sym_1 added to cell")
		(Param1 "sym_1")
	)
	(Comment
		(Time 09/04/20,17:51:48)
		(User Lmx)
		(MsgId ECO_021)
		(Text "Package NE5532 added to cell")
		(Param1 "NE5532")
	)
	(Comment
		(Time 09/04/20,17:52:02)
		(User Lmx)
		(MsgId ECO_081)
		(Text "Symbol sym_2 added to cell")
		(Param1 "sym_2")
	)
