	(Comment
		(Time 04/05/13,12:17:04)
		(User Sergey)
		(MsgId ECO_081)
		(Text "Symbol sym_1 added to cell")
		(Param1 sym_1)
	)
	(Comment
		(Time 04/05/13,12:19:28)
		(User Sergey)
		(MsgId ECO_021)
		(Text "Package FIN1048 added to cell")
		(Param1 FIN1048)
	)
	(Comment
		(Time 04/05/13,12:29:05)
		(User Sergey)
		(MsgId ECO_022)
		(Text "Package FIN1048 deleted from cell")
		(Param1 FIN1048)
	)
	(Comment
		(Time 04/05/13,12:29:07)
		(User Sergey)
		(MsgId ECO_021)
		(Text "Package FIN1048 added to cell")
		(Param1 FIN1048)
	)
	(Comment
		(Time 04/05/13,12:38:02)
		(User Sergey)
		(MsgId ECO_082)
		(Text "Symbol sym_1 deleted from cell")
		(Param1 sym_1)
	)
	(Comment
		(Time 04/05/13,12:38:06)
		(User Sergey)
		(MsgId ECO_081)
		(Text "Symbol sym_1 added to cell")
		(Param1 sym_1)
	)
