FILE_TYPE=LIBRARY_PARTS;
primitive 'HMC832';
  pin
    'CP':
      PIN_NUMBER='(4)';
      PIN_TYPE='ANALOG';
      NO_LOAD_CHECK='Both';
      NO_IO_CHECK='Both';
      NO_ASSERT_CHECK='TRUE';
      NO_DIR_CHECK='TRUE';
      ALLOW_CONNECT='TRUE';
    'XREFP':
      PIN_NUMBER='(15)';
      PIN_TYPE='ANALOG';
      NO_LOAD_CHECK='Both';
      NO_IO_CHECK='Both';
      NO_ASSERT_CHECK='TRUE';
      NO_DIR_CHECK='TRUE';
      ALLOW_CONNECT='TRUE';
    'CEN':
      PIN_NUMBER='(17)';
      PIN_TYPE='ANALOG';
      NO_LOAD_CHECK='Both';
      NO_IO_CHECK='Both';
      NO_ASSERT_CHECK='TRUE';
      NO_DIR_CHECK='TRUE';
      ALLOW_CONNECT='TRUE';
    'VTUNE':
      PIN_NUMBER='(23)';
      PIN_TYPE='ANALOG';
      NO_LOAD_CHECK='Both';
      NO_IO_CHECK='Both';
      NO_ASSERT_CHECK='TRUE';
      NO_DIR_CHECK='TRUE';
      ALLOW_CONNECT='TRUE';
    'RFN':
      PIN_NUMBER='(28)';
      PIN_TYPE='ANALOG';
      NO_LOAD_CHECK='Both';
      NO_IO_CHECK='Both';
      NO_ASSERT_CHECK='TRUE';
      NO_DIR_CHECK='TRUE';
      ALLOW_CONNECT='TRUE';
    'RFP':
      PIN_NUMBER='(29)';
      PIN_TYPE='ANALOG';
      NO_LOAD_CHECK='Both';
      NO_IO_CHECK='Both';
      NO_ASSERT_CHECK='TRUE';
      NO_DIR_CHECK='TRUE';
      ALLOW_CONNECT='TRUE';
    'SEN':
      PIN_NUMBER='(30)';
      PIN_TYPE='ANALOG';
      NO_LOAD_CHECK='Both';
      NO_IO_CHECK='Both';
      NO_ASSERT_CHECK='TRUE';
      NO_DIR_CHECK='TRUE';
      ALLOW_CONNECT='TRUE';
    'SDI':
      PIN_NUMBER='(31)';
      PIN_TYPE='ANALOG';
      NO_LOAD_CHECK='Both';
      NO_IO_CHECK='Both';
      NO_ASSERT_CHECK='TRUE';
      NO_DIR_CHECK='TRUE';
      ALLOW_CONNECT='TRUE';
    'SCK':
      PIN_NUMBER='(32)';
      PIN_TYPE='ANALOG';
      NO_LOAD_CHECK='Both';
      NO_IO_CHECK='Both';
      NO_ASSERT_CHECK='TRUE';
      NO_DIR_CHECK='TRUE';
      ALLOW_CONNECT='TRUE';
    'LD/SDO':
      PIN_NUMBER='(33)';
      PIN_TYPE='ANALOG';
      NO_LOAD_CHECK='Both';
      NO_IO_CHECK='Both';
      NO_ASSERT_CHECK='TRUE';
      NO_DIR_CHECK='TRUE';
      ALLOW_CONNECT='TRUE';
    'BIAS':
      PIN_NUMBER='(40)';
      PIN_TYPE='ANALOG';
      NO_LOAD_CHECK='Both';
      NO_IO_CHECK='Both';
      NO_ASSERT_CHECK='TRUE';
      NO_DIR_CHECK='TRUE';
      ALLOW_CONNECT='TRUE';
  end_pin;
  body
    PART_NAME='HMC832';
    BODY_NAME='HMC832';
    JEDEC_TYPE='h832';
    PHYS_DES_PREFIX='U';
    CLASS='IC';
    GROUND_NETS='GND,NC_GND';
    POWER_PINS='(AVDD:1)';
    POWER_PINS='(VPPCP:3)';
    POWER_PINS='(VDDLS:7)';
    POWER_PINS='(RVDD:10)';
    POWER_PINS='(DVDD:16)';
    POWER_PINS='(VCC2:25)';
    POWER_PINS='(VCC1:27)';
    POWER_PINS='(VCCHF:35)';
    POWER_PINS='(VCCPS:36)';
    POWER_PINS='(VCCPD:39)';
    POWER_PINS='(GND:41)';
    POWER_PINS='(NC_GND:2,5,6,8,9,11,12,13,14,18,19,20,21,22,24,26,34,37,38)';
  end_body;
end_primitive;

END.
