	(Comment
		(Time 08/16/18,13:10:57)
		(User Pavel)
		(MsgId ECO_021)
		(Text "Package TC1_1X added to cell")
		(Param1 "TC1_1X")
	)
	(Comment
		(Time 08/16/18,13:13:45)
		(User Pavel)
		(MsgId ECO_081)
		(Text "Symbol sym_1 added to cell")
		(Param1 "sym_1")
	)
	(Comment
		(Time 08/16/18,13:14:26)
		(User Pavel)
		(MsgId ECO_021)
		(Text "Package TC1_1X_1 added to cell")
		(Param1 "TC1_1X_1")
	)
	(Comment
		(Time 08/16/18,13:14:41)
		(User Pavel)
		(MsgId ECO_022)
		(Text "Package TC1_1X_1 deleted from cell")
		(Param1 "TC1_1X_1")
	)
	(Comment
		(Time 08/16/18,13:15:37)
		(User Pavel)
		(MsgId ECO_022)
		(Text "Package TC1_1X deleted from cell")
		(Param1 "TC1_1X")
	)
	(Comment
		(Time 08/16/18,13:15:41)
		(User Pavel)
		(MsgId ECO_082)
		(Text "Symbol sym_1 deleted from cell")
		(Param1 "sym_1")
	)
	(Comment
		(Time 08/16/18,13:15:44)
		(User Pavel)
		(MsgId ECO_021)
		(Text "Package TC1_1X added to cell")
		(Param1 "TC1_1X")
	)
	(Comment
		(Time 08/16/18,13:16:11)
		(User Pavel)
		(MsgId ECO_081)
		(Text "Symbol sym_1 added to cell")
		(Param1 "sym_1")
	)
	(Comment
		(Time 08/16/18,13:16:19)
		(User Pavel)
		(MsgId ECO_021)
		(Text "Package TC1_1X_1 added to cell")
		(Param1 "TC1_1X_1")
	)
	(Comment
		(Time 08/16/18,13:16:28)
		(User Pavel)
		(MsgId ECO_022)
		(Text "Package TC1_1X_1 deleted from cell")
		(Param1 "TC1_1X_1")
	)
	(Comment
		(Time 08/16/18,13:16:31)
		(User Pavel)
		(MsgId ECO_022)
		(Text "Package TC1_1X deleted from cell")
		(Param1 "TC1_1X")
	)
	(Comment
		(Time 08/16/18,13:16:38)
		(User Pavel)
		(MsgId ECO_021)
		(Text "Package TC1_1X added to cell")
		(Param1 "TC1_1X")
	)
