	(Comment
		(Time 12/01/16,12:32:32)
		(User Lmx2315)
		(MsgId ECO_081)
		(Text "Symbol sym_1 added to cell")
		(Param1 "sym_1")
	)
	(Comment
		(Time 12/01/16,12:35:16)
		(User Lmx2315)
		(MsgId ECO_021)
		(Text "Package SI53307 added to cell")
		(Param1 "SI53307")
	)
	(Comment
		(Time 12/01/16,13:04:01)
		(User Lmx2315)
		(MsgId ECO_082)
		(Text "Symbol sym_1 deleted from cell")
		(Param1 "sym_1")
	)
	(Comment
		(Time 12/01/16,13:04:15)
		(User Lmx2315)
		(MsgId ECO_081)
		(Text "Symbol sym_1 added to cell")
		(Param1 "sym_1")
	)
	(Comment
		(Time 12/01/16,13:10:52)
		(User Lmx2315)
		(MsgId ECO_021)
		(Text "Package SI53307_1 added to cell")
		(Param1 "SI53307_1")
	)
	(Comment
		(Time 12/01/16,13:11:26)
		(User Lmx2315)
		(MsgId ECO_022)
		(Text "Package SI53307 deleted from cell")
		(Param1 "SI53307")
	)
	(Comment
		(Time 12/01/16,16:53:36)
		(User Lmx2315)
		(MsgId ECO_022)
		(Text "Package SI53307_1 deleted from cell")
		(Param1 "SI53307_1")
	)
	(Comment
		(Time 12/01/16,16:53:47)
		(User Lmx2315)
		(MsgId ECO_021)
		(Text "Package SI53307 added to cell")
		(Param1 "SI53307")
	)
