FILE_TYPE=LIBRARY_PARTS;
primitive 'PMEG2010AEB';
  pin
    'A':
      PIN_NUMBER='(2)';
      PIN_TYPE='ANALOG';
      NO_LOAD_CHECK='Both';
      NO_IO_CHECK='Both';
      NO_ASSERT_CHECK='TRUE';
      NO_DIR_CHECK='TRUE';
      ALLOW_CONNECT='TRUE';
    'C':
      PIN_NUMBER='(1)';
      PIN_TYPE='ANALOG';
      NO_LOAD_CHECK='Both';
      NO_IO_CHECK='Both';
      NO_ASSERT_CHECK='TRUE';
      NO_DIR_CHECK='TRUE';
      ALLOW_CONNECT='TRUE';
  end_pin;
  body
    PART_NAME='PMEG2010AEB';
    BODY_NAME='PMEG2010AEB';
    JEDEC_TYPE='sod523v';
    PHYS_DES_PREFIX='VD';
    CLASS='IC';
  end_body;
end_primitive;

END.
