	(Comment
		(Time 05/04/16,15:56:41)
		(User ô)
		(MsgId ECO_081)
		(Text "Symbol sym_1 added to cell")
		(Param1 "sym_1")
	)
	(Comment
		(Time 05/04/16,16:10:08)
		(User ô)
		(MsgId ECO_021)
		(Text "Package AD9854 added to cell")
		(Param1 "AD9854")
	)
	(Comment
		(Time 05/04/16,16:27:53)
		(User ô)
		(MsgId ECO_082)
		(Text "Symbol sym_1 deleted from cell")
		(Param1 "sym_1")
	)
	(Comment
		(Time 05/04/16,16:27:59)
		(User ô)
		(MsgId ECO_081)
		(Text "Symbol sym_1 added to cell")
		(Param1 "sym_1")
	)
	(Comment
		(Time 05/04/16,17:00:17)
		(User ô)
		(MsgId ECO_022)
		(Text "Package AD9854 deleted from cell")
		(Param1 "AD9854")
	)
	(Comment
		(Time 05/04/16,17:00:23)
		(User ô)
		(MsgId ECO_021)
		(Text "Package AD9854 added to cell")
		(Param1 "AD9854")
	)
