FILE_TYPE=LIBRARY_PARTS;
TIME=' Created/Modified on Mon Dec 08 16:03:53 2003' ;
primitive 'CD74AC20M';
  pin
    'A1':
      PIN_NUMBER='(1)';
      INPUT_LOAD='(-0.01,0.01)';
    'A2':
      PIN_NUMBER='(2)';
      INPUT_LOAD='(-0.01,0.01)';
    'A3':
      PIN_NUMBER='(4)';
      INPUT_LOAD='(-0.01,0.01)';
    'A4':
      PIN_NUMBER='(5)';
      INPUT_LOAD='(-0.01,0.01)';
    'A5':
      PIN_NUMBER='(9)';
      INPUT_LOAD='(-0.01,0.01)';
    'A6':
      PIN_NUMBER='(10)';
      INPUT_LOAD='(-0.01,0.01)';
    'A7':
      PIN_NUMBER='(12)';
      INPUT_LOAD='(-0.01,0.01)';
    'A8':
      PIN_NUMBER='(13)';
      INPUT_LOAD='(-0.01,0.01)';
    '-B1':
      PIN_NUMBER='(6)';
      OUTPUT_LOAD='(1.0,-1.0)';
    '-B2':
      PIN_NUMBER='(8)';
      OUTPUT_LOAD='(1.0,-1.0)';
  end_pin;
  body
    NC_PINS='(3,11)';
    POWER_PINS='(P5V0:14)';
    POWER_PINS='(GNDD:7)';
    CLASS='IC';
    PART_NAME='CD74AC20M';
    JEDEC_TYPE='f39';
    BODY_NAME='cd74ac20m';
    FAMILY='?';
  end_body;
end_primitive;
END.
