`timescale 1ns/1ns

module sint ();
// generated by  HDL Direct 14.20-p006 14-Mar-2002
// on Wed Mar 23 14:35:04 2005
// from import_lib/SINT/sch_1

  // global signal glbl.gnd;
  // global signal glbl.p1v5;
  // global signal glbl.p1v5_pg;
  // global signal glbl.p3v3;
  // global signal glbl.p3v3d;
  // global signal glbl.p5v0;
  // global signal glbl.p5v0d;
  // global signal glbl.pg_aux;
  // global signal glbl.sw_en;
  // global signal glbl.vcc0;
  // global signal glbl.vcco;
  // global signal glbl.vcco_er;
  // global signal glbl.vcco_ir;
  // global signal glbl.vcc_aux;

  wire  \alert* ;
  wire  c1_led1;
  wire  c1_led2;
  wire  c2_led1;
  wire  c2_led2;
  wire  cclk;
  wire  cin_en;
  wire  clkhf_n;
  wire  clkhf_p;
  wire  clkh_en;
  wire  clkh_n;
  wire  clkh_p;
  wire  clkin;
  wire  clklf_n;
  wire  clklf_p;
  wire  clkl_en;
  wire  clkl_n;
  wire  clkl_p;
  wire  clkout;
  wire  clk_c1;
  wire  clk_c2;
  wire  clk_in;
  wire  clk_out;
  wire  cout_en;
  wire  d0;
  wire  \dbcs* ;
  wire  dbmiso;
  wire  dbmosi;
  wire  dbsclk;
  wire  done;
  wire  en1;
  wire  en2;
  wire  en3;
  wire  f_cint1;
  wire  f_cint2;
  wire  \hold* ;
  wire  \init* ;
  wire  lock_a;
  wire  lock_b;
  wire  miso;
  wire  mosi;
  wire  \oe* ;
  wire  p1v5_pg1;
  wire  \pg* ;
  wire  pg_aux1;
  wire  pwrdn_c1;
  wire  pwrdn_c2;
  wire  pwron_n;
  wire  pwron_p;
  wire  r0_c1;
  wire  r0_c2;
  wire  r1_c1;
  wire  r1_c2;
  wire  r2_c1;
  wire  r2_c2;
  wire  r3_c1;
  wire  r3_c2;
  wire  r4_c1;
  wire  r4_c2;
  wire  r5_c1;
  wire  r5_c2;
  wire  r6_c1;
  wire  r6_c2;
  wire  refclk;
  wire  ref_c1;
  wire  ref_c2;
  wire  \reset* ;
  wire  rom_tdo;
  wire  \rst* ;
  wire  s0_c1;
  wire  s0_c2;
  wire  s1_c1;
  wire  s1_c2;
  wire  s2_c1;
  wire  s2_c2;
  wire  sclk;
  wire  scs0;
  wire  scs1;
  wire  scs2;
  wire  \serdes_rst* ;
  wire  sw_en_1;
  wire  tck;
  wire  tdi;
  wire  tdo;
  wire  tms;
  wire  updclk_a;
  wire  updclk_b;
  wire  v0_c1;
  wire  v0_c2;
  wire  v1_c1;
  wire  v1_c2;
  wire  v2_c1;
  wire  v2_c2;
  wire  v3_c1;
  wire  v3_c2;
  wire  v4_c1;
  wire  v4_c2;
  wire  v5_c1;
  wire  v5_c2;
  wire  v6_c1;
  wire  v6_c2;
  wire  v7_c1;
  wire  v7_c2;
  wire  v8_c1;
  wire  v8_c2;
  wire  \wp* ;
  wire [65:0] out;
  wire [3:2] p;
  wire [1:0] pa;
  wire [3:0] pb;
  wire [7:1] r_c1;
  wire [7:1] r_c2;
  wire [3:1] s_c1;
  wire [3:1] s_c2;
  wire [9:1] v_c1;
  wire [9:1] v_c2;
  wire  unnamed_2_blm18a_i291_a;
  wire  unnamed_2_blm18a_i421_b;
  wire  unnamed_2_blm18a_i422_b;
  wire [0:0] unnamed_2_blm18a_i423_b;
  wire [0:0] unnamed_2_blm18a_i520_b;
  wire  unnamed_2_blm18a_i524_a;
  wire  unnamed_2_blm18a_i545_a;
  wire  unnamed_2_c_i327_1;
  wire  unnamed_2_fu_i434_2;
  wire  unnamed_2_ics525_i379_ref;
  wire  unnamed_2_ics525_i393_clk;
  wire  unnamed_2_ics525_i393_ref;
  wire [6:0] unnamed_2_jtag_i426_gnd;
  wire  unnamed_2_pvm4a1_i325_2;
  wire [3:0] unnamed_2_replicate_i624_output;
  wire [23:0] unnamed_2_replicate_i626_output;
  wire [31:0] unnamed_2_replicate_i627_output;
  wire [7:0] unnamed_2_replicate_i630_output;
  wire  unnamed_2_r_i602_1;
  wire  unnamed_3_blm18a_i100_a;
  wire  unnamed_3_blm18a_i49_a;
  wire  unnamed_3_blm18a_i56_a;
  wire  unnamed_3_blm18a_i62_a;
  wire  unnamed_3_blm18a_i66_b;
  wire  unnamed_3_blm18a_i89_a;
  wire  unnamed_3_blm18a_i95_a;
  wire  unnamed_3_c_i191_2;
  wire  unnamed_3_erni64785_i179_e;
  wire [21:0] unnamed_3_erni64785_i179_f;
  wire  unnamed_3_led_i40_1;
  wire  unnamed_3_r_i81_1;
  wire  unnamed_3_r_i81_2;
  wire  unnamed_3_r_i82_1;
  wire  unnamed_3_r_i82_2;
  wire  unnamed_3_r_i86_1;
  wire  unnamed_3_r_i86_2;
  wire  unnamed_3_r_i87_1;
  wire  unnamed_3_r_i87_2;
  wire  unnamed_3_r_i99_1;
  wire  unnamed_4_blm18a_i143_b;
  wire  unnamed_4_blm18a_i144_a;
  wire  unnamed_4_blm18a_i144_b;
  wire  unnamed_4_blm18a_i145_a;
  wire  unnamed_4_blm18a_i145_b;
  wire  unnamed_4_blm18a_i150_a;
  wire  unnamed_4_blm18a_i150_b;
  wire  unnamed_4_blm18a_i328_a;
  wire  unnamed_4_blm18a_i332_b;
  wire  unnamed_4_c_i240_2;
  wire  unnamed_4_c_i241_2;
  wire  unnamed_4_c_i242_2;
  wire  unnamed_4_c_i269_2;
  wire [0:0] unnamed_4_c_i281_1;
  wire  unnamed_4_c_i281_2;
  wire  unnamed_4_c_i296_2;
  wire  unnamed_4_h11a817_i272_an;
  wire  unnamed_4_h11a817_i272_col;
  wire  unnamed_4_led_i100_1;
  wire  unnamed_4_led_i101_1;
  wire  unnamed_4_led_i65_1;
  wire  unnamed_4_led_i67_1;
  wire  unnamed_4_led_i84_1;
  wire  unnamed_4_led_i84_2;
  wire  unnamed_4_mc74vhc1gt125_i292_out;
  wire [8:0] unnamed_4_replicate_i21_output;
  wire [4:0] unnamed_4_replicate_i22_output;
  wire [4:0] unnamed_4_replicate_i27_output;
  wire  unnamed_4_r_i192_2;
  wire  unnamed_4_r_i228_2;
  wire  unnamed_4_r_i243_2;
  wire  unnamed_4_r_i273_2;
  wire  unnamed_4_sn74lvc1g08_i10_y;

  wire  gnd;
  wire  page4_gnd;
  wire  page3_gnd;
  wire  page2_gnd;
  wire [65:0] page2_out;
  wire  p1v5;
  wire  page4_p1v5;
  wire  page2_p1v5;
  wire  p1v5_pg;
  wire  page4_p1v5_pg;
  wire  p3v3;
  wire  page4_p3v3;
  wire  p3v3d;
  wire  page3_p3v3d;
  wire  p5v0;
  wire  page4_p5v0;
  wire  p5v0d;
  wire  page3_p5v0d;
  wire  pg_aux;
  wire  page4_pg_aux;
  wire [7:1] page2_r_c1;
  wire [7:1] page2_r_c2;
  wire  sw_en;
  wire  page4_sw_en;
  wire [3:1] page2_s_c1;
  wire [3:1] page2_s_c2;
  wire  vcc0;
  wire  page3_vcc0;
  wire  vcco;
  wire  page4_vcco;
  wire  page3_vcco;
  wire  page2_vcco;
  wire  vcco_er;
  wire  page2_vcco_er;
  wire  vcco_ir;
  wire  page2_vcco_ir;
  wire  vcc_aux;
  wire  page4_vcc_aux;
  wire  page3_vcc_aux;
  wire  page2_vcc_aux;
  wire [9:1] page2_v_c1;
  wire [9:1] page2_v_c2;

  assign gnd = glbl.gnd;
  assign page4_gnd = gnd;
  assign page3_gnd = gnd;
  assign page2_gnd = gnd;
  assign page2_out = out;
  assign p1v5 = glbl.p1v5;
  assign page4_p1v5 = p1v5;
  assign page2_p1v5 = p1v5;
  assign p1v5_pg = glbl.p1v5_pg;
  assign page4_p1v5_pg = p1v5_pg;
  assign p3v3 = glbl.p3v3;
  assign page4_p3v3 = p3v3;
  assign p3v3d = glbl.p3v3d;
  assign page3_p3v3d = p3v3d;
  assign p5v0 = glbl.p5v0;
  assign page4_p5v0 = p5v0;
  assign p5v0d = glbl.p5v0d;
  assign page3_p5v0d = p5v0d;
  assign pg_aux = glbl.pg_aux;
  assign page4_pg_aux = pg_aux;
  assign page2_r_c1 = r_c1;
  assign page2_r_c2 = r_c2;
  assign sw_en = glbl.sw_en;
  assign page4_sw_en = sw_en;
  assign page2_s_c1 = s_c1;
  assign page2_s_c2 = s_c2;
  assign vcc0 = glbl.vcc0;
  assign page3_vcc0 = vcc0;
  assign vcco = glbl.vcco;
  assign page4_vcco = vcco;
  assign page3_vcco = vcco;
  assign page2_vcco = vcco;
  assign vcco_er = glbl.vcco_er;
  assign page2_vcco_er = vcco_er;
  assign vcco_ir = glbl.vcco_ir;
  assign page2_vcco_ir = vcco_ir;
  assign vcc_aux = glbl.vcc_aux;
  assign page4_vcc_aux = vcc_aux;
  assign page3_vcc_aux = vcc_aux;
  assign page2_vcc_aux = vcc_aux;
  assign page2_v_c1 = v_c1;
  assign page2_v_c2 = v_c2;

  assign r5_c1  = r_c1[2];
  assign r6_c1  = r_c1[1];
  assign r1_c1  = r_c1[6];
  assign v7_c1  = v_c1[2];
  assign v3_c1  = v_c1[6];
  assign v2_c1  = v_c1[7];
  assign v6_c1  = v_c1[3];
  assign v8_c1  = v_c1[1];
  assign r0_c1  = r_c1[7];
  assign gnd  = glbl.gnd;
  assign vcc_aux  = glbl.vcc_aux;
  assign gnd  = glbl.gnd;
  assign r2_c1  = r_c1[5];
  assign r3_c1  = r_c1[4];
  assign r4_c1  = r_c1[3];
  assign v4_c1  = v_c1[5];
  assign v5_c1  = v_c1[4];
  assign vcc_aux  = glbl.vcc_aux;
  assign gnd  = glbl.gnd;
  assign gnd  = glbl.gnd;
  assign gnd  = glbl.gnd;
  assign vcc_aux  = glbl.vcc_aux;
  assign v1_c1  = v_c1[8];
  assign v0_c1  = v_c1[9];
  assign s2_c1  = s_c1[1];
  assign s1_c1  = s_c1[2];
  assign s0_c1  = s_c1[3];
  assign gnd  = glbl.gnd;
  assign s2_c2  = s_c2[1];
  assign s1_c2  = s_c2[2];
  assign r6_c2  = r_c2[1];
  assign s0_c2  = s_c2[3];
  assign r5_c2  = r_c2[2];
  assign r2_c2  = r_c2[5];
  assign r4_c2  = r_c2[3];
  assign r3_c2  = r_c2[4];
  assign r1_c2  = r_c2[6];
  assign r0_c2  = r_c2[7];
  assign vcc_aux  = glbl.vcc_aux;
  assign v8_c2  = v_c2[1];
  assign v7_c2  = v_c2[2];
  assign v6_c2  = v_c2[3];
  assign gnd  = glbl.gnd;
  assign v4_c2  = v_c2[5];
  assign v5_c2  = v_c2[4];
  assign v1_c2  = v_c2[8];
  assign v3_c2  = v_c2[6];
  assign v2_c2  = v_c2[7];
  assign v0_c2  = v_c2[9];
  assign vcc_aux  = glbl.vcc_aux;
  assign gnd  = glbl.gnd;
  assign gnd  = glbl.gnd;
  assign gnd  = glbl.gnd;
  assign vcco  = glbl.vcco;
  assign gnd  = glbl.gnd;
  assign s2_c1  = s_c1[1];
  assign s1_c1  = s_c1[2];
  assign s0_c1  = s_c1[3];
  assign r5_c1  = r_c1[2];
  assign r4_c1  = r_c1[3];
  assign r3_c1  = r_c1[4];
  assign r2_c1  = r_c1[5];
  assign r6_c1  = r_c1[1];
  assign r1_c1  = r_c1[6];
  assign r0_c1  = r_c1[7];
  assign v6_c1  = v_c1[3];
  assign v8_c1  = v_c1[1];
  assign v7_c1  = v_c1[2];
  assign v5_c1  = v_c1[4];
  assign v4_c1  = v_c1[5];
  assign v3_c1  = v_c1[6];
  assign v2_c1  = v_c1[7];
  assign v1_c1  = v_c1[8];
  assign s2_c2  = s_c2[1];
  assign s1_c2  = s_c2[2];
  assign s0_c2  = s_c2[3];
  assign r5_c2  = r_c2[2];
  assign r4_c2  = r_c2[3];
  assign r3_c2  = r_c2[4];
  assign r2_c2  = r_c2[5];
  assign r1_c2  = r_c2[6];
  assign r6_c2  = r_c2[1];
  assign r0_c2  = r_c2[7];
  assign v1_c2  = v_c2[8];
  assign gnd  = glbl.gnd;
  assign vcc_aux  = glbl.vcc_aux;
  assign gnd  = glbl.gnd;
  assign gnd  = glbl.gnd;
  assign gnd  = glbl.gnd;
  assign gnd  = glbl.gnd;
  assign gnd  = glbl.gnd;
  assign gnd  = glbl.gnd;
  assign gnd  = glbl.gnd;
  assign gnd  = glbl.gnd;
  assign gnd  = glbl.gnd;
  assign gnd  = glbl.gnd;
  assign gnd  = glbl.gnd;
  assign p1v5  = glbl.p1v5;
  assign \reset*   = out[1];
  assign clkh_p  = out[5];
  assign clkh_n  = out[6];
  assign clkl_p  = out[7];
  assign clkl_n  = out[8];
  assign sclk  = out[9];
  assign mosi  = out[10];
  assign miso  = out[11];
  assign \oe*   = out[12];
  assign scs2  = out[13];
  assign scs1  = out[14];
  assign scs0  = out[15];
  assign \alert*   = out[16];
  assign clkin  = out[17];
  assign c1_led1  = out[19];
  assign c1_led2  = out[20];
  assign c2_led1  = out[21];
  assign vcco  = glbl.vcco;
  assign vcco  = glbl.vcco;
  assign gnd  = glbl.gnd;
  assign gnd  = glbl.gnd;
  assign vcco  = glbl.vcco;
  assign vcco  = glbl.vcco;
  assign gnd  = glbl.gnd;
  assign vcco_ir  = glbl.vcco_ir;
  assign c2_led2  = out[22];
  assign lock_b  = out[23];
  assign lock_a  = out[24];
  assign updclk_b  = out[25];
  assign updclk_a  = out[26];
  assign p [3] = out[27];
  assign p [2] = out[28];
  assign pa [1] = out[29];
  assign pa [0] = out[30];
  assign v0_c1  = v_c1[9];
  assign v0_c2  = v_c2[9];
  assign pb [3] = out[31];
  assign v8_c2  = v_c2[1];
  assign v7_c2  = v_c2[2];
  assign v6_c2  = v_c2[3];
  assign v5_c2  = v_c2[4];
  assign v4_c2  = v_c2[5];
  assign pb [2] = out[32];
  assign pb [1] = out[33];
  assign pb [0] = out[34];
  assign cin_en  = out[35];
  assign cout_en  = out[36];
  assign vcco_er  = glbl.vcco_er;
  assign vcco  = glbl.vcco;
  assign gnd  = glbl.gnd;
  assign clkout  = out[18];
  assign vcco  = glbl.vcco;
  assign vcco  = glbl.vcco;
  assign gnd  = glbl.gnd;
  assign p1v5  = glbl.p1v5;
  assign vcco  = glbl.vcco;
  assign gnd  = glbl.gnd;
  assign gnd  = glbl.gnd;
  assign v3_c2  = v_c2[6];
  assign done  = out[4];
  assign vcco  = glbl.vcco;
  assign clkh_en  = out[37];
  assign clkl_en  = out[38];
  assign v2_c2  = v_c2[7];
  assign out [3] = glbl.vcco;
  assign out [2] = glbl.vcc_aux;
  assign out [39] = glbl.gnd;
  assign unnamed_2_replicate_i624_output [3:3] = unnamed_2_blm18a_i423_b[0:0];
  assign unnamed_2_replicate_i624_output [2:2] = unnamed_2_blm18a_i423_b[0:0];
  assign unnamed_2_replicate_i624_output [1:1] = unnamed_2_blm18a_i423_b[0:0];
  assign unnamed_2_replicate_i624_output [0:0] = unnamed_2_blm18a_i423_b[0:0];
  assign unnamed_2_replicate_i626_output [23:23] = glbl.vcco;
  assign unnamed_2_replicate_i626_output [22:22] = glbl.vcco;
  assign unnamed_2_replicate_i626_output [21:21] = glbl.vcco;
  assign unnamed_2_replicate_i626_output [20:20] = glbl.vcco;
  assign unnamed_2_replicate_i626_output [19:19] = glbl.vcco;
  assign unnamed_2_replicate_i626_output [18:18] = glbl.vcco;
  assign unnamed_2_replicate_i626_output [17:17] = glbl.vcco;
  assign unnamed_2_replicate_i626_output [16:16] = glbl.vcco;
  assign unnamed_2_replicate_i626_output [15:15] = glbl.vcco;
  assign unnamed_2_replicate_i626_output [14:14] = glbl.vcco;
  assign unnamed_2_replicate_i626_output [13:13] = glbl.vcco;
  assign unnamed_2_replicate_i626_output [12:12] = glbl.vcco;
  assign unnamed_2_replicate_i626_output [11:11] = glbl.vcco;
  assign unnamed_2_replicate_i626_output [10:10] = glbl.vcco;
  assign unnamed_2_replicate_i626_output [9:9] = glbl.vcco;
  assign unnamed_2_replicate_i626_output [8:8] = glbl.vcco;
  assign unnamed_2_replicate_i626_output [7:7] = glbl.vcco;
  assign unnamed_2_replicate_i626_output [6:6] = glbl.vcco;
  assign unnamed_2_replicate_i626_output [5:5] = glbl.vcco;
  assign unnamed_2_replicate_i626_output [4:4] = glbl.vcco;
  assign unnamed_2_replicate_i626_output [3:3] = glbl.vcco;
  assign unnamed_2_replicate_i626_output [2:2] = glbl.vcco;
  assign unnamed_2_replicate_i626_output [1:1] = glbl.vcco;
  assign unnamed_2_replicate_i626_output [0:0] = glbl.vcco;
  assign unnamed_2_replicate_i627_output [31:31] = glbl.gnd;
  assign unnamed_2_replicate_i627_output [30:30] = glbl.gnd;
  assign unnamed_2_replicate_i627_output [29:29] = glbl.gnd;
  assign unnamed_2_replicate_i627_output [28:28] = glbl.gnd;
  assign unnamed_2_replicate_i627_output [27:27] = glbl.gnd;
  assign unnamed_2_replicate_i627_output [26:26] = glbl.gnd;
  assign unnamed_2_replicate_i627_output [25:25] = glbl.gnd;
  assign unnamed_2_replicate_i627_output [24:24] = glbl.gnd;
  assign unnamed_2_replicate_i627_output [23:23] = glbl.gnd;
  assign unnamed_2_replicate_i627_output [22:22] = glbl.gnd;
  assign unnamed_2_replicate_i627_output [21:21] = glbl.gnd;
  assign unnamed_2_replicate_i627_output [20:20] = glbl.gnd;
  assign unnamed_2_replicate_i627_output [19:19] = glbl.gnd;
  assign unnamed_2_replicate_i627_output [18:18] = glbl.gnd;
  assign unnamed_2_replicate_i627_output [17:17] = glbl.gnd;
  assign unnamed_2_replicate_i627_output [16:16] = glbl.gnd;
  assign unnamed_2_replicate_i627_output [15:15] = glbl.gnd;
  assign unnamed_2_replicate_i627_output [14:14] = glbl.gnd;
  assign unnamed_2_replicate_i627_output [13:13] = glbl.gnd;
  assign unnamed_2_replicate_i627_output [12:12] = glbl.gnd;
  assign unnamed_2_replicate_i627_output [11:11] = glbl.gnd;
  assign unnamed_2_replicate_i627_output [10:10] = glbl.gnd;
  assign unnamed_2_replicate_i627_output [9:9] = glbl.gnd;
  assign unnamed_2_replicate_i627_output [8:8] = glbl.gnd;
  assign unnamed_2_replicate_i627_output [7:7] = glbl.gnd;
  assign unnamed_2_replicate_i627_output [6:6] = glbl.gnd;
  assign unnamed_2_replicate_i627_output [5:5] = glbl.gnd;
  assign unnamed_2_replicate_i627_output [4:4] = glbl.gnd;
  assign unnamed_2_replicate_i627_output [3:3] = glbl.gnd;
  assign unnamed_2_replicate_i627_output [2:2] = glbl.gnd;
  assign unnamed_2_replicate_i627_output [1:1] = glbl.gnd;
  assign unnamed_2_replicate_i627_output [0:0] = glbl.gnd;
  assign unnamed_2_jtag_i426_gnd [6:6] = glbl.gnd;
  assign unnamed_2_jtag_i426_gnd [5:5] = glbl.gnd;
  assign unnamed_2_jtag_i426_gnd [4:4] = glbl.gnd;
  assign unnamed_2_jtag_i426_gnd [3:3] = glbl.gnd;
  assign unnamed_2_jtag_i426_gnd [2:2] = glbl.gnd;
  assign unnamed_2_jtag_i426_gnd [1:1] = glbl.gnd;
  assign unnamed_2_jtag_i426_gnd [0:0] = glbl.gnd;
  assign unnamed_2_replicate_i630_output [7:7] = unnamed_2_blm18a_i520_b[0:0];
  assign unnamed_2_replicate_i630_output [6:6] = unnamed_2_blm18a_i520_b[0:0];
  assign unnamed_2_replicate_i630_output [5:5] = unnamed_2_blm18a_i520_b[0:0];
  assign unnamed_2_replicate_i630_output [4:4] = unnamed_2_blm18a_i520_b[0:0];
  assign unnamed_2_replicate_i630_output [3:3] = unnamed_2_blm18a_i520_b[0:0];
  assign unnamed_2_replicate_i630_output [2:2] = unnamed_2_blm18a_i520_b[0:0];
  assign unnamed_2_replicate_i630_output [1:1] = unnamed_2_blm18a_i520_b[0:0];
  assign unnamed_2_replicate_i630_output [0:0] = unnamed_2_blm18a_i520_b[0:0];
  assign done  = out[4];
  assign clkl_p  = out[7];
  assign clkl_n  = out[8];
  assign clkh_p  = out[5];
  assign clkh_n  = out[6];
  assign sclk  = out[9];
  assign mosi  = out[10];
  assign miso  = out[11];
  assign \reset*   = out[1];
  assign \oe*   = out[12];
  assign scs2  = out[13];
  assign scs1  = out[14];
  assign scs0  = out[15];
  assign \alert*   = out[16];
  assign clkin  = out[17];
  assign clkout  = out[18];
  assign c1_led1  = out[19];
  assign lock_b  = out[23];
  assign lock_a  = out[24];
  assign updclk_b  = out[25];
  assign updclk_a  = out[26];
  assign p [3] = out[27];
  assign p [2] = out[28];
  assign pa [1] = out[29];
  assign pa [0] = out[30];
  assign pb [2] = out[32];
  assign pb [1] = out[33];
  assign pb [0] = out[34];
  assign pb [3] = out[31];
  assign c2_led1  = out[21];
  assign c2_led2  = out[22];
  assign c1_led2  = out[20];
  assign gnd  = glbl.gnd;
  assign gnd  = glbl.gnd;
  assign vcc_aux  = glbl.vcc_aux;
  assign vcc_aux  = glbl.vcc_aux;
  assign gnd  = glbl.gnd;
  assign gnd  = glbl.gnd;
  assign vcc_aux  = glbl.vcc_aux;
  assign gnd  = glbl.gnd;
  assign gnd  = glbl.gnd;
  assign vcc_aux  = glbl.vcc_aux;
  assign cin_en  = out[35];
  assign cout_en  = out[36];
  assign gnd  = glbl.gnd;
  assign gnd  = glbl.gnd;
  assign gnd  = glbl.gnd;
  assign gnd  = glbl.gnd;
  assign vcco  = glbl.vcco;
  assign gnd  = glbl.gnd;
  assign gnd  = glbl.gnd;
  assign vcco  = glbl.vcco;
  assign gnd  = glbl.gnd;
  assign vcc0  = glbl.vcc0;
  assign gnd  = glbl.gnd;
  assign clkh_en  = out[37];
  assign clkl_en  = out[38];
  assign out [3] = glbl.vcco;
  assign gnd  = glbl.gnd;
  assign gnd  = glbl.gnd;
  assign vcc0  = glbl.vcc0;
  assign gnd  = glbl.gnd;
  assign gnd  = glbl.gnd;
  assign gnd  = glbl.gnd;
  assign gnd  = glbl.gnd;
  assign out [2] = glbl.vcc_aux;
  assign out [39] = glbl.gnd;
  assign p5v0d  = glbl.p5v0d;
  assign p3v3d  = glbl.p3v3d;
  assign clkhf_n  = out[41];
  assign clkhf_n  = out[41];
  assign clkhf_p  = out[40];
  assign clkhf_p  = out[40];
  assign pwron_p  = out[44];
  assign pwron_n  = out[43];
  assign \pg*   = out[42];
  assign p3v3d  = glbl.p3v3d;
  assign p3v3d  = glbl.p3v3d;
  assign out [45] = glbl.p5v0d;
  assign out [46] = glbl.p3v3d;
  assign unnamed_3_erni64785_i179_f [21:21] = glbl.gnd;
  assign unnamed_3_erni64785_i179_f [20:20] = glbl.gnd;
  assign unnamed_3_erni64785_i179_f [19:19] = glbl.gnd;
  assign unnamed_3_erni64785_i179_f [18:18] = glbl.gnd;
  assign unnamed_3_erni64785_i179_f [17:17] = glbl.gnd;
  assign unnamed_3_erni64785_i179_f [16:16] = glbl.gnd;
  assign unnamed_3_erni64785_i179_f [15:15] = glbl.gnd;
  assign unnamed_3_erni64785_i179_f [14:14] = glbl.gnd;
  assign unnamed_3_erni64785_i179_f [13:13] = glbl.gnd;
  assign unnamed_3_erni64785_i179_f [12:12] = glbl.gnd;
  assign unnamed_3_erni64785_i179_f [11:11] = glbl.gnd;
  assign unnamed_3_erni64785_i179_f [10:10] = glbl.gnd;
  assign unnamed_3_erni64785_i179_f [9:9] = glbl.gnd;
  assign unnamed_3_erni64785_i179_f [8:8] = glbl.gnd;
  assign unnamed_3_erni64785_i179_f [7:7] = glbl.gnd;
  assign unnamed_3_erni64785_i179_f [6:6] = glbl.gnd;
  assign unnamed_3_erni64785_i179_f [5:5] = glbl.gnd;
  assign unnamed_3_erni64785_i179_f [4:4] = glbl.gnd;
  assign unnamed_3_erni64785_i179_f [3:3] = glbl.gnd;
  assign unnamed_3_erni64785_i179_f [2:2] = glbl.gnd;
  assign unnamed_3_erni64785_i179_f [1:1] = glbl.gnd;
  assign unnamed_3_erni64785_i179_f [0:0] = glbl.gnd;
  assign gnd  = glbl.gnd;
  assign vcc_aux  = glbl.vcc_aux;
  assign gnd  = glbl.gnd;
  assign gnd  = glbl.gnd;
  assign gnd  = glbl.gnd;
  assign gnd  = glbl.gnd;
  assign gnd  = glbl.gnd;
  assign gnd  = glbl.gnd;
  assign gnd  = glbl.gnd;
  assign gnd  = glbl.gnd;
  assign p1v5  = glbl.p1v5;
  assign vcco  = glbl.vcco;
  assign gnd  = glbl.gnd;
  assign gnd  = glbl.gnd;
  assign gnd  = glbl.gnd;
  assign gnd  = glbl.gnd;
  assign gnd  = glbl.gnd;
  assign gnd  = glbl.gnd;
  assign p3v3  = glbl.p3v3;
  assign gnd  = glbl.gnd;
  assign gnd  = glbl.gnd;
  assign gnd  = glbl.gnd;
  assign gnd  = glbl.gnd;
  assign gnd  = glbl.gnd;
  assign gnd  = glbl.p3v3d;
  assign gnd  = glbl.gnd;
  assign gnd  = glbl.gnd;
  assign gnd  = glbl.gnd;
  assign gnd  = glbl.gnd;
  assign vcco  = glbl.vcco;
  assign vcco  = glbl.vcco;
  assign vcc_aux  = glbl.vcc_aux;
  assign p3v3  = glbl.p3v3;
  assign p5v0  = glbl.p5v0;
  assign p5v0  = glbl.p5v0;
  assign p1v5  = glbl.p1v5;
  assign vcc_aux  = glbl.vcc_aux;
  assign out [39] = glbl.gnd;
  assign gnd  = glbl.gnd;
  assign p3v3  = glbl.p3v3;
  assign p3v3  = glbl.p3v3;
  assign p1v5  = glbl.p1v5;
  assign p5v0  = glbl.p5v0;
  assign vcco  = glbl.vcco;
  assign p5v0  = glbl.p5v0;
  assign p5v0  = glbl.p5v0;
  assign gnd  = glbl.gnd;
  assign gnd  = glbl.gnd;
  assign gnd  = glbl.gnd;
  assign gnd  = glbl.gnd;
  assign gnd  = glbl.gnd;
  assign pwron_p  = out[48];
  assign \reset*   = out[1];
  assign p1v5_pg  = glbl.p1v5_pg;
  assign p1v5_pg  = glbl.p1v5_pg;
  assign pg_aux  = glbl.pg_aux;
  assign pg_aux  = glbl.pg_aux;
  assign out [46] = glbl.p3v3d;
  assign out [45] = glbl.p5v0d;
  assign sw_en  = glbl.sw_en;
  assign sw_en  = glbl.sw_en;
  assign \serdes_rst*   = out[47];
  assign \pg*   = out[42];
  assign gnd  = glbl.gnd;
  assign gnd  = glbl.gnd;
  assign p5v0  = glbl.p5v0;
  assign gnd  = glbl.gnd;
  assign gnd  = glbl.gnd;
  assign gnd  = glbl.gnd;
  assign gnd  = glbl.gnd;
  assign gnd  = glbl.gnd;
  assign p3v3  = glbl.p3v3;
  assign gnd  = glbl.gnd;
  assign p3v3  = glbl.p3v3;
  assign gnd  = glbl.gnd;
  assign pwron_n  = out[44];
  assign gnd  = glbl.gnd;
  assign gnd  = glbl.gnd;
  assign gnd  = glbl.gnd;
  assign gnd  = glbl.gnd;
  assign unnamed_4_replicate_i21_output [8:8] = unnamed_4_c_i281_1[0:0];
  assign unnamed_4_replicate_i21_output [7:7] = unnamed_4_c_i281_1[0:0];
  assign unnamed_4_replicate_i21_output [6:6] = unnamed_4_c_i281_1[0:0];
  assign unnamed_4_replicate_i21_output [5:5] = unnamed_4_c_i281_1[0:0];
  assign unnamed_4_replicate_i21_output [4:4] = unnamed_4_c_i281_1[0:0];
  assign unnamed_4_replicate_i21_output [3:3] = unnamed_4_c_i281_1[0:0];
  assign unnamed_4_replicate_i21_output [2:2] = unnamed_4_c_i281_1[0:0];
  assign unnamed_4_replicate_i21_output [1:1] = unnamed_4_c_i281_1[0:0];
  assign unnamed_4_replicate_i21_output [0:0] = unnamed_4_c_i281_1[0:0];
  assign unnamed_4_replicate_i22_output [4:4] = glbl.gnd;
  assign unnamed_4_replicate_i22_output [3:3] = glbl.gnd;
  assign unnamed_4_replicate_i22_output [2:2] = glbl.gnd;
  assign unnamed_4_replicate_i22_output [1:1] = glbl.gnd;
  assign unnamed_4_replicate_i22_output [0:0] = glbl.gnd;
  assign unnamed_4_replicate_i27_output [4:4] = glbl.p5v0;
  assign unnamed_4_replicate_i27_output [3:3] = glbl.p5v0;
  assign unnamed_4_replicate_i27_output [2:2] = glbl.p5v0;
  assign unnamed_4_replicate_i27_output [1:1] = glbl.p5v0;
  assign unnamed_4_replicate_i27_output [0:0] = glbl.p5v0;

// begin instances 

  c page2_i79  (.\1 (unnamed_2_blm18a_i545_a),
	.\2 (glbl.gnd));

  c page2_i86  (.\1 (unnamed_2_blm18a_i421_b),
	.\2 (glbl.gnd));

  blm18a page2_i291  (.a(unnamed_2_blm18a_i291_a),
	.b(glbl.vcc_aux));

  c page2_i322  (.\1 (unnamed_2_blm18a_i291_a),
	.\2 (glbl.gnd));

  pvm4a_1 page2_i325  (.\1 (unnamed_2_blm18a_i291_a),
	.\2 (unnamed_2_pvm4a1_i325_2),
	.\3 (glbl.gnd));

  r page2_i326  (.\1 (unnamed_2_c_i327_1),
	.\2 (unnamed_2_pvm4a1_i325_2));

  c page2_i327  (.\1 (unnamed_2_c_i327_1),
	.\2 (glbl.gnd));

  ics525 page2_i379  (.clk(f_cint1),
	.gnd(glbl.gnd),
	.gnd1(glbl.gnd),
	.\pd* (pwrdn_c1),
	.r0(r0_c1),
	.r1(r1_c1),
	.r2(r2_c1),
	.r3(r3_c1),
	.r4(r4_c1),
	.r5(r5_c1),
	.r6(r6_c1),
	.ref(unnamed_2_ics525_i379_ref),
	.s0(s0_c1),
	.s1(s1_c1),
	.s2(s2_c1),
	.v0(v0_c1),
	.v1(v1_c1),
	.v2(v2_c1),
	.v3(v3_c1),
	.v4(v4_c1),
	.v5(v5_c1),
	.v6(v6_c1),
	.v7(v7_c1),
	.v8(v8_c1),
	.vdd(unnamed_2_blm18a_i421_b),
	.vdd1(unnamed_2_blm18a_i545_a),
	.\x1/iclk (clk_c1),
	.x2(/* unconnected */));

  r page2_i385  (.\1 (ref_c1),
	.\2 (unnamed_2_ics525_i379_ref));

  actste01 page2_i389  (.gnd(glbl.gnd),
	.gnd1(glbl.gnd),
	.gnd2(glbl.gnd),
	.out(refclk),
	.vc(unnamed_2_c_i327_1),
	.vdd(unnamed_2_blm18a_i291_a));

  ics525 page2_i393  (.clk(unnamed_2_ics525_i393_clk),
	.gnd(glbl.gnd),
	.gnd1(glbl.gnd),
	.\pd* (pwrdn_c2),
	.r0(r0_c2),
	.r1(r1_c2),
	.r2(r2_c2),
	.r3(r3_c2),
	.r4(r4_c2),
	.r5(r5_c2),
	.r6(r6_c2),
	.ref(unnamed_2_ics525_i393_ref),
	.s0(s0_c2),
	.s1(s1_c2),
	.s2(s2_c2),
	.v0(v0_c2),
	.v1(v1_c2),
	.v2(v2_c2),
	.v3(v3_c2),
	.v4(v4_c2),
	.v5(v5_c2),
	.v6(v6_c2),
	.v7(v7_c2),
	.v8(v8_c2),
	.vdd(unnamed_2_blm18a_i422_b),
	.vdd1(unnamed_2_blm18a_i524_a),
	.\x1/iclk (clk_c2),
	.x2(/* unconnected */));

  r page2_i404  (.\1 (ref_c2),
	.\2 (unnamed_2_ics525_i393_ref));

  c page2_i406  (.\1 (unnamed_2_blm18a_i524_a),
	.\2 (glbl.gnd));

  r page2_i407  (.\1 (f_cint2),
	.\2 (unnamed_2_ics525_i393_clk));

  c page2_i419  (.\1 (unnamed_2_blm18a_i422_b),
	.\2 (glbl.gnd));

  blm18a page2_i421  (.a(glbl.vcc_aux),
	.b(unnamed_2_blm18a_i421_b));

  blm18a page2_i422  (.a(glbl.vcc_aux),
	.b(unnamed_2_blm18a_i422_b));

  blm18a page2_i423  (.a(glbl.vcc_aux),
	.b(unnamed_2_blm18a_i423_b[0:0]));

  c page2_i424  (.\1 (unnamed_2_blm18a_i520_b[0:0]),
	.\2 (glbl.gnd));

  jtag page2_i426  (.gnd(unnamed_2_jtag_i426_gnd[6:0]),
	.tck(tck),
	.tdi(tdi),
	.tdo(tdo),
	.tms(tms),
	.vref(unnamed_2_fu_i434_2));

  xcv18vxxx page2_i427  (.\ce* (done),
	.\ceo* (/* unconnected */),
	.\cf* (\rst* ),
	.clk(cclk),
	.d(/* unconnected */),
	.d0(d0),
	.\oe_rst* (\init* ),
	.tck(tck),
	.tdi(tdi),
	.tdo(rom_tdo),
	.tms(tms));

  fu page2_i434  (.\1 (glbl.vcco),
	.\2 (unnamed_2_fu_i434_2));

  \25lc040  page2_i436  (.\cs* (\dbcs* ),
	.\hold* (\hold* ),
	.miso(dbmiso),
	.mosi(dbmosi),
	.sck(dbsclk),
	.\wp* (\wp* ));

  max6736 page2_i437  (.\mr* (\reset* ),
	.\rst* (\rst* ),
	.vcc1(glbl.p1v5),
	.vcc2(glbl.vcco));

  c page2_i486  (.\1 (unnamed_2_blm18a_i520_b[0:0]),
	.\2 (glbl.gnd));

  c page2_i492  (.\1 (unnamed_2_blm18a_i520_b[0:0]),
	.\2 (glbl.gnd));

  c page2_i494  (.\1 (unnamed_2_blm18a_i520_b[0:0]),
	.\2 (glbl.gnd));

  c page2_i496  (.\1 (unnamed_2_blm18a_i520_b[0:0]),
	.\2 (glbl.gnd));

  c page2_i498  (.\1 (unnamed_2_blm18a_i520_b[0:0]),
	.\2 (glbl.gnd));

  c page2_i504  (.\1 (unnamed_2_blm18a_i520_b[0:0]),
	.\2 (glbl.gnd));

  c page2_i505  (.\1 (unnamed_2_blm18a_i520_b[0:0]),
	.\2 (glbl.gnd));

  c page2_i508  (.\1 (unnamed_2_blm18a_i423_b[0:0]),
	.\2 (glbl.gnd));

  c page2_i511  (.\1 (unnamed_2_blm18a_i423_b[0:0]),
	.\2 (glbl.gnd));

  c page2_i512  (.\1 (unnamed_2_blm18a_i423_b[0:0]),
	.\2 (glbl.gnd));

  c page2_i514  (.\1 (unnamed_2_blm18a_i423_b[0:0]),
	.\2 (glbl.gnd));

  blm18a page2_i520  (.a(glbl.p1v5),
	.b(unnamed_2_blm18a_i520_b[0:0]));

  r page2_i521  (.\1 (\rst* ),
	.\2 (glbl.vcco));

  r page2_i522  (.\1 (glbl.vcco),
	.\2 (\init* ));

  r page2_i523  (.\1 (done),
	.\2 (glbl.vcco));

  blm18a page2_i524  (.a(unnamed_2_blm18a_i524_a),
	.b(glbl.vcc_aux));

  blm18a page2_i545  (.a(unnamed_2_blm18a_i545_a),
	.b(glbl.vcc_aux));

  c page2_i547  (.\1 (glbl.vcco),
	.\2 (glbl.gnd));

  c page2_i549  (.\1 (glbl.p1v5),
	.\2 (glbl.gnd));

  blm18a page2_i552  (.a(glbl.vcco),
	.b(glbl.vcco_ir));

  c page2_i554  (.\1 (glbl.vcco_ir),
	.\2 (glbl.gnd));

  blm18a page2_i580  (.a(glbl.vcco),
	.b(glbl.vcco_er));

  c page2_i583  (.\1 (glbl.vcco_er),
	.\2 (glbl.gnd));

  r page2_i586  (.\1 (tck),
	.\2 (glbl.vcco));

  r page2_i587  (.\1 (tdi),
	.\2 (glbl.vcco));

  r page2_i588  (.\1 (tms),
	.\2 (glbl.vcco));

  r page2_i590  (.\1 (glbl.vcco),
	.\2 (dbmiso));

  r page2_i591  (.\1 (\dbcs* ),
	.\2 (glbl.vcco));

  r page2_i592  (.\1 (dbsclk),
	.\2 (glbl.vcco));

  r page2_i593  (.\1 (\wp* ),
	.\2 (glbl.vcco));

  r page2_i594  (.\1 (\hold* ),
	.\2 (glbl.vcco));

  r page2_i595  (.\1 (glbl.vcco),
	.\2 (dbmosi));

  r page2_i602  (.\1 (unnamed_2_r_i602_1),
	.\2 (f_cint1));

  xc2vxxxx page2_i616  (.cclk(cclk),
	.d0(d0),
	.done(done),
	.gnd(unnamed_2_replicate_i627_output[31:0]),
	.\i/o_1 (s2_c1),
	.\i/o_2 (s1_c1),
	.\i/o_3 (s0_c1),
	.\i/o_4 (r6_c1),
	.\i/o_5 (r5_c1),
	.\i/o_6 (r4_c1),
	.\i/o_7 (r3_c1),
	.\i/o_8 (r2_c1),
	.\i/o_9 (r1_c1),
	.\i/o_10 (r0_c1),
	.\i/o_11 (ref_c1),
	.\i/o_12 (unnamed_2_r_i602_1),
	.\i/o_13 (pwrdn_c1),
	.\i/o_14 (v8_c1),
	.\i/o_15 (v7_c1),
	.\i/o_16 (v6_c1),
	.\i/o_17 (v5_c1),
	.\i/o_18 (v4_c1),
	.\i/o_19 (v3_c1),
	.\i/o_20 (v2_c1),
	.\i/o_21 (v1_c1),
	.\i/o_22 (v0_c1),
	.\i/o_23 (clk_c1),
	.\i/o_24 (refclk),
	.\i/o_25 (clk_c2),
	.\i/o_26 (s2_c2),
	.\i/o_27 (s1_c2),
	.\i/o_28 (s0_c2),
	.\i/o_29 (r6_c2),
	.\i/o_30 (r5_c2),
	.\i/o_31 (r4_c2),
	.\i/o_32 (r3_c2),
	.\i/o_33 (r2_c2),
	.\i/o_34 (r1_c2),
	.\i/o_35 (r0_c2),
	.\i/o_36 (ref_c2),
	.\i/o_37 (f_cint2),
	.\i/o_38 (pwrdn_c2),
	.\i/o_39 (v8_c2),
	.\i/o_40 (v7_c2),
	.\i/o_41 (v6_c2),
	.\i/o_42 (v5_c2),
	.\i/o_43 (v4_c2),
	.\i/o_44 (v3_c2),
	.\i/o_45 (v2_c2),
	.\i/o_46 (clkh_p),
	.\i/o_47 (clkh_n),
	.\i/o_48 (clkl_p),
	.\i/o_49 (clkl_n),
	.\i/o_50 (sclk),
	.\i/o_51 (mosi),
	.\i/o_52 (miso),
	.\i/o_53 (\oe* ),
	.\i/o_54 (scs2),
	.\i/o_55 (scs1),
	.\i/o_56 (scs0),
	.\i/o_57 (\alert* ),
	.\i/o_58 (clkin),
	.\i/o_59 (clkout),
	.\i/o_60 (c1_led1),
	.\i/o_61 (c1_led2),
	.\i/o_62 (c2_led1),
	.\i/o_63 (c2_led2),
	.\i/o_64 (lock_b),
	.\i/o_65 (lock_a),
	.\i/o_66 (updclk_b),
	.\i/o_67 (updclk_a),
	.\i/o_68 (p[3]),
	.\i/o_69 (p[2]),
	.\i/o_70 (pa[1]),
	.\i/o_71 (pa[0]),
	.\i/o_72 (pb[3]),
	.\i/o_73 (pb[2]),
	.\i/o_74 (pb[1]),
	.\i/o_75 (pb[0]),
	.\i/o_76 (cin_en),
	.\i/o_77 (cout_en),
	.\i/o_78 (clkh_en),
	.\i/o_79 (clkl_en),
	.\i/o_80 (/* unconnected */),
	.\i/o_81 (/* unconnected */),
	.\i/o_82 (/* unconnected */),
	.\i/o_83 (\wp* ),
	.\i/o_84 (\hold* ),
	.\i/o_85 (dbmosi),
	.\i/o_86 (dbmiso),
	.\i/o_87 (\dbcs* ),
	.\i/o_88 (dbsclk),
	.\i/o_89 (v1_c2),
	.\i/o_90 (v0_c2),
	.\init* (\init* ),
	.m0(glbl.gnd),
	.m1(glbl.gnd),
	.m2(glbl.gnd),
	.\program* (\rst* ),
	.tck(tck),
	.tdi(rom_tdo),
	.tdo(tdo),
	.tms(tms),
	.vccaux(unnamed_2_replicate_i624_output[3:0]),
	.vccint(unnamed_2_replicate_i630_output[7:0]),
	.vcco(unnamed_2_replicate_i626_output[23:0]));

  a3_2 page2_i633  ();

  rg_leds page3_i38  (.\1 (glbl.gnd),
	.\2 (unnamed_3_r_i82_2),
	.\3 (glbl.gnd),
	.\4 (unnamed_3_r_i81_2));

  led page3_i40  (.\1 (unnamed_3_led_i40_1),
	.\2 (glbl.gnd));

  sn74lvc1g125 page3_i42  (.a(clk_in),
	.gnd(glbl.gnd),
	.\oe* (cin_en),
	.vcc(unnamed_3_blm18a_i66_b),
	.y(clkin));

  sn74lvc1g125 page3_i43  (.a(clkout),
	.gnd(glbl.gnd),
	.\oe* (cout_en),
	.vcc(unnamed_3_blm18a_i62_a),
	.y(clk_out));

  c page3_i47  (.\1 (glbl.gnd),
	.\2 (unnamed_3_blm18a_i56_a));

  blm18a page3_i49  (.a(unnamed_3_blm18a_i49_a),
	.b(glbl.vcc_aux));

  c page3_i52  (.\1 (glbl.gnd),
	.\2 (unnamed_3_blm18a_i49_a));

  blm18a page3_i56  (.a(unnamed_3_blm18a_i56_a),
	.b(glbl.vcc_aux));

  blm18a page3_i62  (.a(unnamed_3_blm18a_i62_a),
	.b(glbl.vcc_aux));

  c page3_i64  (.\1 (glbl.gnd),
	.\2 (unnamed_3_blm18a_i62_a));

  blm18a page3_i66  (.a(glbl.vcc_aux),
	.b(unnamed_3_blm18a_i66_b));

  c page3_i67  (.\1 (glbl.gnd),
	.\2 (unnamed_3_blm18a_i66_b));

  rg_leds page3_i75  (.\1 (glbl.gnd),
	.\2 (unnamed_3_r_i86_2),
	.\3 (glbl.gnd),
	.\4 (unnamed_3_r_i87_2));

  r page3_i76  (.\1 (clkl_p),
	.\2 (clkl_n));

  r page3_i77  (.\1 (clkh_p),
	.\2 (clkh_n));

  sn74lvc2g14 page3_i80  (.a1(c1_led1),
	.a2(c1_led2),
	.gndd(glbl.gnd),
	.p3v3(unnamed_3_blm18a_i95_a),
	.\y1* (unnamed_3_r_i82_1),
	.\y2* (unnamed_3_r_i81_1));

  r page3_i81  (.\1 (unnamed_3_r_i81_1),
	.\2 (unnamed_3_r_i81_2));

  r page3_i82  (.\1 (unnamed_3_r_i82_1),
	.\2 (unnamed_3_r_i82_2));

  sn74lvc2g14 page3_i83  (.a1(c2_led1),
	.a2(c2_led2),
	.gndd(glbl.gnd),
	.p3v3(unnamed_3_blm18a_i89_a),
	.\y1* (unnamed_3_r_i86_1),
	.\y2* (unnamed_3_r_i87_1));

  r page3_i86  (.\1 (unnamed_3_r_i86_1),
	.\2 (unnamed_3_r_i86_2));

  r page3_i87  (.\1 (unnamed_3_r_i87_1),
	.\2 (unnamed_3_r_i87_2));

  blm18a page3_i89  (.a(unnamed_3_blm18a_i89_a),
	.b(glbl.vcco));

  c page3_i92  (.\1 (glbl.gnd),
	.\2 (unnamed_3_blm18a_i89_a));

  c page3_i93  (.\1 (glbl.gnd),
	.\2 (unnamed_3_blm18a_i95_a));

  blm18a page3_i95  (.a(unnamed_3_blm18a_i95_a),
	.b(glbl.vcco));

  sn74lvc2g14 page3_i98  (.a1(done),
	.a2(glbl.gnd),
	.gndd(glbl.gnd),
	.p3v3(unnamed_3_blm18a_i100_a),
	.\y1* (unnamed_3_r_i99_1),
	.\y2* (/* unconnected */));

  r page3_i99  (.\1 (unnamed_3_r_i99_1),
	.\2 (unnamed_3_led_i40_1));

  blm18a page3_i100  (.a(unnamed_3_blm18a_i100_a),
	.b(glbl.vcc0));

  c page3_i103  (.\1 (glbl.gnd),
	.\2 (unnamed_3_blm18a_i100_a));

  c page3_i107  (.\1 (glbl.gnd),
	.\2 (glbl.vcco));

  c page3_i109  (.\1 (glbl.gnd),
	.\2 (glbl.vcco));

  c page3_i110  (.\1 (glbl.gnd),
	.\2 (glbl.vcco));

  c page3_i111  (.\1 (glbl.gnd),
	.\2 (glbl.vcco));

  c page3_i112  (.\1 (glbl.gnd),
	.\2 (glbl.vcco));

  c page3_i113  (.\1 (glbl.gnd),
	.\2 (glbl.vcco));

  c page3_i114  (.\1 (glbl.gnd),
	.\2 (glbl.vcco));

  c page3_i115  (.\1 (glbl.gnd),
	.\2 (glbl.vcco));

  c page3_i116  (.\1 (glbl.gnd),
	.\2 (glbl.vcco));

  c page3_i117  (.\1 (glbl.gnd),
	.\2 (glbl.vcco));

  c page3_i118  (.\1 (glbl.gnd),
	.\2 (glbl.vcco));

  c page3_i119  (.\1 (glbl.gnd),
	.\2 (glbl.vcco));

  c page3_i120  (.\1 (glbl.gnd),
	.\2 (glbl.vcco));

  c page3_i121  (.\1 (glbl.gnd),
	.\2 (glbl.vcco));

  c page3_i122  (.\1 (glbl.gnd),
	.\2 (glbl.vcco));

  c page3_i123  (.\1 (glbl.gnd),
	.\2 (glbl.vcco));

  c page3_i124  (.\1 (glbl.gnd),
	.\2 (glbl.vcco));

  c page3_i125  (.\1 (glbl.gnd),
	.\2 (glbl.vcco));

  c page3_i126  (.\1 (glbl.gnd),
	.\2 (glbl.vcco));

  c page3_i127  (.\1 (glbl.gnd),
	.\2 (glbl.vcco));

  c page3_i128  (.\1 (glbl.gnd),
	.\2 (glbl.vcco));

  c page3_i129  (.\1 (glbl.gnd),
	.\2 (glbl.vcco));

  c page3_i130  (.\1 (glbl.gnd),
	.\2 (glbl.vcco));

  c page3_i131  (.\1 (glbl.gnd),
	.\2 (glbl.vcco));

  blm18a page3_i159  (.a(glbl.vcco),
	.b(glbl.vcc0));

  xt page3_i160  (.\1 (clk_in));

  xt page3_i161  (.\1 (clk_out));

  erni64785 page3_i175  (.c({glbl.p3v3d, glbl.gnd, glbl.p3v3d, glbl.gnd, glbl.p3v3d, glbl.gnd,
	\oe* , glbl.gnd, mosi, glbl.gnd, glbl.p3v3d, glbl.p3v3d, glbl.gnd, sclk,
	glbl.gnd, miso, glbl.gnd, glbl.p3v3d, glbl.gnd, glbl.p3v3d, glbl.gnd,
	glbl.p3v3d}),
	.a(/* unconnected */),
	.b(/* unconnected */),
	.d(/* unconnected */),
	.e(/* unconnected */),
	.f(/* unconnected */));

  erni64785 page3_i177  (.d({glbl.gnd, glbl.gnd, glbl.gnd, glbl.gnd, lock_b, glbl.gnd, p[2],
	glbl.gnd, pa[0], glbl.gnd, glbl.gnd, glbl.gnd, glbl.gnd, pb[3], glbl.gnd,
	pb[1], glbl.gnd, lock_a, glbl.gnd, glbl.gnd, glbl.gnd, glbl.gnd}),
	.a(/* unconnected */),
	.b(/* unconnected */),
	.c(/* unconnected */),
	.e(/* unconnected */),
	.f(/* unconnected */));

  erni64785 page3_i178  (.a({glbl.p3v3d,
	out[39], out[45], out[39], glbl.p3v3d, out[39], out[45], out[39], \reset* ,
	out[39], pwron_p, pwron_n, out[39], \pg* , out[39], out[45], out[39],
	glbl.p3v3d, out[39], unnamed_3_c_i191_2, out[39], glbl.p3v3d}),
	.b(/* unconnected */),
	.c(/* unconnected */),
	.d(/* unconnected */),
	.e(/* unconnected */),
	.f(/* unconnected */));

  erni64785 page3_i179  (.e({unnamed_3_erni64785_i179_e,
	clkhf_n, clkhf_p, unnamed_3_erni64785_i179_e, unnamed_3_erni64785_i179_e,
	p[3], unnamed_3_erni64785_i179_e, pa[1], unnamed_3_erni64785_i179_e, updclk_b,
	unnamed_3_erni64785_i179_e, unnamed_3_erni64785_i179_e, updclk_a, unnamed_3_erni64785_i179_e,
	pb[2], unnamed_3_erni64785_i179_e, pb[0], unnamed_3_erni64785_i179_e,
	unnamed_3_erni64785_i179_e, clklf_p, clklf_n, unnamed_3_erni64785_i179_e}),
	.f(unnamed_3_erni64785_i179_f[21:0]),
	.a(/* unconnected */),
	.b(/* unconnected */),
	.c(/* unconnected */),
	.d(/* unconnected */));

  c page3_i189  (.\1 (glbl.gnd),
	.\2 (glbl.p3v3d));

  c page3_i190  (.\1 (out[39]),
	.\2 (glbl.p3v3d));

  c page3_i191  (.\1 (out[39]),
	.\2 (unnamed_3_c_i191_2));

  c page3_i192  (.\1 (glbl.gnd),
	.\2 (glbl.p5v0d));

  c page3_i193  (.\1 (glbl.gnd),
	.\2 (glbl.p3v3d));

  erni64785 page3_i217  (.b({glbl.gnd, glbl.p5v0d, glbl.gnd, glbl.p3v3d, glbl.gnd, glbl.p5v0d,
	glbl.gnd, \alert* , glbl.gnd, scs2, glbl.gnd, glbl.gnd, scs1, glbl.gnd,
	scs0, glbl.gnd, glbl.p5v0d, glbl.gnd, glbl.p3v3d, glbl.gnd, glbl.p5v0d,
	glbl.gnd}),
	.a(/* unconnected */),
	.c(/* unconnected */),
	.d(/* unconnected */),
	.e(/* unconnected */),
	.f(/* unconnected */));

  a3_2 page3_i222  ();

  fin1101 page3_i223  (.\dout+ (clklf_n),
	.\dout- (clklf_p),
	.en(unnamed_3_blm18a_i56_a),
	.gnd(clkl_en),
	.\n.c. (/* unconnected */),
	.\rin+ (clkl_p),
	.\rin- (clkl_n),
	.vcc(unnamed_3_blm18a_i56_a));

  fin1101 page3_i224  (.\dout+ (clkhf_n),
	.\dout- (clkhf_p),
	.en(unnamed_3_blm18a_i49_a),
	.gnd(clkh_en),
	.\n.c. (/* unconnected */),
	.\rin+ (clkh_p),
	.\rin- (clkh_n),
	.vcc(unnamed_3_blm18a_i49_a));

  max803 page4_i3  (.gnd(glbl.gnd),
	.\reset* (glbl.sw_en),
	.vcc(glbl.vcco));

  sn74lvc1g08 page4_i10  (.a(pg_aux1),
	.b(sw_en_1),
	.gnddm(glbl.gnd),
	.p3v3m(unnamed_4_blm18a_i328_a),
	.y(unnamed_4_sn74lvc1g08_i10_y));

  tps5461x page4_i31  (.agnd(glbl.gnd),
	.boot(unnamed_4_c_i281_2),
	.fsel(glbl.p5v0),
	.pgnd(unnamed_4_replicate_i22_output[4:0]),
	.ph(unnamed_4_replicate_i21_output[8:0]),
	.pwrgd(glbl.p1v5_pg),
	.pwrpad(glbl.gnd),
	.rt(/* unconnected */),
	.ss_ena(en1),
	.vbias(unnamed_4_c_i269_2),
	.vin(unnamed_4_replicate_i27_output[4:0]),
	.vsense(glbl.p1v5));

  vt_npn page4_i36  (.b(unnamed_4_blm18a_i144_a),
	.c(unnamed_4_r_i192_2),
	.e(glbl.gnd));

  vt_npn page4_i43  (.b(unnamed_4_r_i273_2),
	.c(en1),
	.e(glbl.gnd));

  vt_npn page4_i46  (.b(unnamed_4_r_i192_2),
	.c(en2),
	.e(glbl.gnd));

  led page4_i65  (.\1 (unnamed_4_led_i65_1),
	.\2 (glbl.gnd));

  led page4_i67  (.\1 (unnamed_4_led_i67_1),
	.\2 (glbl.gnd));

  led page4_i84  (.\1 (unnamed_4_led_i84_1),
	.\2 (unnamed_4_led_i84_2));

  iru1207_33cs page4_i86  (.enable(en2),
	.flag(glbl.pg_aux),
	.gnd1(glbl.gnd),
	.gnd2(glbl.gnd),
	.gnd3(glbl.gnd),
	.gnd4(glbl.gnd),
	.vin(unnamed_4_blm18a_i145_b),
	.vout(glbl.vcc_aux));

  vt_npn page4_i87  (.b(unnamed_4_blm18a_i150_a),
	.c(en3),
	.e(glbl.gnd));

  vt_npn page4_i93  (.b(unnamed_4_r_i228_2),
	.c(unnamed_4_led_i84_2),
	.e(glbl.gnd));

  led page4_i100  (.\1 (unnamed_4_led_i100_1),
	.\2 (glbl.gnd));

  led page4_i101  (.\1 (unnamed_4_led_i101_1),
	.\2 (glbl.gnd));

  blm18a page4_i143  (.a(\reset* ),
	.b(unnamed_4_blm18a_i143_b));

  blm18a page4_i144  (.a(unnamed_4_blm18a_i144_a),
	.b(unnamed_4_blm18a_i144_b));

  blm18a page4_i145  (.a(unnamed_4_blm18a_i145_a),
	.b(unnamed_4_blm18a_i145_b));

  blm18a page4_i150  (.a(unnamed_4_blm18a_i150_a),
	.b(unnamed_4_blm18a_i150_b));

  r page4_i181  (.\1 (glbl.p3v3),
	.\2 (unnamed_4_led_i101_1));

  c page4_i182  (.\1 (glbl.gnd),
	.\2 (glbl.p5v0));

  r page4_i191  (.\1 (unnamed_4_blm18a_i145_b),
	.\2 (en2));

  r page4_i192  (.\1 (unnamed_4_blm18a_i145_b),
	.\2 (unnamed_4_r_i192_2));

  r page4_i193  (.\1 (glbl.p5v0),
	.\2 (unnamed_4_led_i100_1));

  c page4_i194  (.\1 (glbl.p3v3d),
	.\2 (glbl.p3v3));

  c page4_i195  (.\1 (glbl.gnd),
	.\2 (glbl.p1v5));

  a3_2 page4_i196  ();

  c page4_i221  (.\1 (glbl.gnd),
	.\2 (glbl.vcco));

  c page4_i222  (.\1 (glbl.gnd),
	.\2 (glbl.p1v5));

  c page4_i223  (.\1 (glbl.gnd),
	.\2 (glbl.vcco));

  c page4_i224  (.\1 (glbl.gnd),
	.\2 (glbl.vcc_aux));

  c page4_i225  (.\1 (glbl.gnd),
	.\2 (glbl.vcc_aux));

  r page4_i228  (.\1 (glbl.p1v5),
	.\2 (unnamed_4_r_i228_2));

  r page4_i229  (.\1 (unnamed_4_r_i228_2),
	.\2 (glbl.gnd));

  r page4_i230  (.\1 (glbl.p5v0),
	.\2 (unnamed_4_led_i84_1));

  r page4_i231  (.\1 (glbl.p5v0),
	.\2 (glbl.pg_aux));

  r page4_i232  (.\1 (glbl.p3v3),
	.\2 (glbl.sw_en));

  r page4_i233  (.\1 (glbl.p1v5_pg),
	.\2 (unnamed_4_c_i242_2));

  r page4_i234  (.\1 (glbl.pg_aux),
	.\2 (unnamed_4_c_i241_2));

  r page4_i235  (.\1 (glbl.sw_en),
	.\2 (unnamed_4_c_i240_2));

  r page4_i236  (.\1 (unnamed_4_blm18a_i150_b),
	.\2 (glbl.gnd));

  r page4_i237  (.\1 (glbl.vcc_aux),
	.\2 (unnamed_4_blm18a_i150_b));

  r page4_i238  (.\1 (glbl.vcc_aux),
	.\2 (unnamed_4_led_i65_1));

  r page4_i239  (.\1 (glbl.vcco),
	.\2 (unnamed_4_led_i67_1));

  c page4_i240  (.\1 (glbl.gnd),
	.\2 (unnamed_4_c_i240_2));

  c page4_i241  (.\1 (glbl.gnd),
	.\2 (unnamed_4_c_i241_2));

  c page4_i242  (.\1 (glbl.gnd),
	.\2 (unnamed_4_c_i242_2));

  r page4_i243  (.\1 (glbl.p3v3),
	.\2 (unnamed_4_r_i243_2));

  c page4_i244  (.\1 (glbl.gnd),
	.\2 (glbl.vcco));

  r page4_i245  (.\1 (glbl.vcco),
	.\2 (\serdes_rst* ));

  r page4_i246  (.\1 (unnamed_4_blm18a_i144_b),
	.\2 (glbl.gnd));

  r page4_i247  (.\1 (unnamed_4_blm18a_i144_b),
	.\2 (glbl.p1v5));

  c page4_i248  (.\1 (glbl.gnd),
	.\2 (unnamed_4_blm18a_i145_b));

  c_el page4_i249  (.\1 (glbl.vcc_aux),
	.\2 (glbl.gnd));

  c_el page4_i250  (.\1 (glbl.p5v0),
	.\2 (glbl.gnd));

  c_el page4_i251  (.\1 (glbl.p1v5),
	.\2 (glbl.gnd));

  c_el page4_i252  (.\1 (glbl.p3v3),
	.\2 (glbl.p3v3d));

  c_el page4_i253  (.\1 (glbl.vcco),
	.\2 (glbl.gnd));

  c_el page4_i255  (.\1 (glbl.vcc_aux),
	.\2 (glbl.gnd));

  c_el page4_i256  (.\1 (unnamed_4_blm18a_i145_b),
	.\2 (glbl.gnd));

  c_nfm21c page4_i257  (.\0ut (unnamed_4_blm18a_i145_a),
	.in(glbl.p5v0),
	.shield(out[39]));

  r page4_i265  (.\1 (glbl.p3v3),
	.\2 (en3));

  r page4_i266  (.\1 (pwron_p),
	.\2 (unnamed_4_h11a817_i272_an));

  c page4_i268  (.\1 (glbl.gnd),
	.\2 (en1));

  c page4_i269  (.\1 (glbl.gnd),
	.\2 (unnamed_4_c_i269_2));

  c page4_i270  (.\1 (glbl.gnd),
	.\2 (glbl.p5v0));

  c_el page4_i271  (.\1 (glbl.p5v0),
	.\2 (glbl.gnd));

  h11a817 page4_i272  (.an(unnamed_4_h11a817_i272_an),
	.cat(pwron_n),
	.col(unnamed_4_h11a817_i272_col),
	.em(glbl.gnd));

  r page4_i273  (.\1 (unnamed_4_h11a817_i272_col),
	.\2 (unnamed_4_r_i273_2));

  r page4_i274  (.\1 (glbl.p5v0),
	.\2 (unnamed_4_h11a817_i272_col));

  r page4_i275  (.\1 (glbl.p5v0),
	.\2 (glbl.p1v5_pg));

  c page4_i280  (.\1 (glbl.gnd),
	.\2 (glbl.vcco));

  c page4_i281  (.\1 (unnamed_4_c_i281_1[0:0]),
	.\2 (unnamed_4_c_i281_2));

  l page4_i282  (.a(unnamed_4_c_i281_1[0:0]),
	.b(glbl.p1v5));

  max6736 page4_i286  (.\mr* (glbl.gnd),
	.\rst* (\serdes_rst* ),
	.vcc1(glbl.p1v5),
	.vcc2(glbl.vcc_aux));

  r page4_i287  (.\1 (unnamed_4_mc74vhc1gt125_i292_out),
	.\2 (\pg* ));

  c_el page4_i288  (.\1 (glbl.p1v5),
	.\2 (glbl.gnd));

  mc74vhc1gt125 page4_i292  (.gndd(glbl.gnd),
	.in(unnamed_4_r_i243_2),
	.\oe* (unnamed_4_r_i243_2),
	.out(unnamed_4_mc74vhc1gt125_i292_out),
	.p3v3(unnamed_4_c_i296_2));

  c page4_i296  (.\1 (glbl.gnd),
	.\2 (unnamed_4_c_i296_2));

  c page4_i312  (.\1 (glbl.gnd),
	.\2 (unnamed_4_blm18a_i328_a));

  blm18a page4_i314  (.a(glbl.p3v3),
	.b(unnamed_4_c_i296_2));

  sn74lvc2g00_1 page4_i315  (.a1(p1v5_pg1),
	.a2(glbl.gnd),
	.b1(unnamed_4_sn74lvc1g08_i10_y),
	.b2(glbl.gnd),
	.gndd(glbl.gnd),
	.p5v0(unnamed_4_c_i296_2),
	.\y1* (unnamed_4_r_i243_2),
	.\y2* (/* unconnected */));

  c page4_i316  (.\1 (glbl.gnd),
	.\2 (unnamed_4_c_i296_2));

  sn74lvc2g17_1 page4_i319  (.a(unnamed_4_c_i242_2),
	.b(glbl.gnd),
	.gnddm(glbl.gnd),
	.p3v3m(unnamed_4_blm18a_i328_a),
	.y1(p1v5_pg1),
	.y2(/* unconnected */));

  c page4_i321  (.\1 (glbl.gnd),
	.\2 (unnamed_4_blm18a_i328_a));

  sn74lvc2g17_1 page4_i323  (.a(unnamed_4_c_i241_2),
	.b(unnamed_4_c_i240_2),
	.gnddm(glbl.gnd),
	.p3v3m(unnamed_4_blm18a_i328_a),
	.y1(pg_aux1),
	.y2(sw_en_1));

  c page4_i325  (.\1 (glbl.gnd),
	.\2 (unnamed_4_blm18a_i328_a));

  blm18a page4_i328  (.a(unnamed_4_blm18a_i328_a),
	.b(glbl.p3v3));

  sn74lvc2g07_1 page4_i330  (.a(unnamed_4_blm18a_i143_b),
	.b(glbl.gnd),
	.gnddm(glbl.gnd),
	.p3v3m(unnamed_4_blm18a_i332_b),
	.y1(glbl.vcc_aux),
	.y2(/* unconnected */));

  blm18a page4_i332  (.a(glbl.p3v3),
	.b(unnamed_4_blm18a_i332_b));

  c page4_i334  (.\1 (glbl.gnd),
	.\2 (unnamed_4_blm18a_i332_b));

  blm18a page4_i336  (.a(glbl.p3v3d),
	.b(glbl.p3v3));

  blm18a page4_i338  (.a(glbl.p5v0d),
	.b(glbl.p5v0));

  c_el page4_i341  (.\1 (glbl.p1v5),
	.\2 (glbl.gnd));

  jump5 page4_i345  (.a({glbl.gnd}),
	.b({glbl.vcc_aux}));
  defparam page4_i345.size = 1;

endmodule // sint(sch_1) 
