FILE_TYPE=LIBRARY_PARTS;
TIME=' Created/Modified on Tue Aug 31 16:45:06 2004' ;
primitive 'CPCI_PERIPHERAL_J1';
  pin
    '-INTA':
      PIN_NUMBER='(A3)';
      INPUT_LOAD='(-0.01,0.01)';
    '-INTB':
      PIN_NUMBER='(B3)';
      INPUT_LOAD='(-0.01,0.01)';
    '-INTC':
      PIN_NUMBER='(C3)';
      INPUT_LOAD='(-0.01,0.01)';
    '-INTD':
      PIN_NUMBER='(E3)';
      INPUT_LOAD='(-0.01,0.01)';
    '-FRAME':
      PIN_NUMBER='(B15)';
      INPUT_LOAD='(-0.01,0.01)';
      OUTPUT_LOAD='(1.0,-1.0)';
      OUTPUT_TYPE='(TS,TS)';
      BIDIRECTIONAL='TRUE';
    '-IRDY':
      PIN_NUMBER='(C15)';
      INPUT_LOAD='(-0.01,0.01)';
      OUTPUT_LOAD='(1.0,-1.0)';
      OUTPUT_TYPE='(TS,TS)';
      BIDIRECTIONAL='TRUE';
    '-DEVSEL':
      PIN_NUMBER='(A16)';
      INPUT_LOAD='(-0.01,0.01)';
    '-TRDY':
      PIN_NUMBER='(E15)';
      INPUT_LOAD='(-0.01,0.01)';
      OUTPUT_LOAD='(1.0,-1.0)';
      OUTPUT_TYPE='(TS,TS)';
      BIDIRECTIONAL='TRUE';
    '-STOP':
      PIN_NUMBER='(D16)';
      INPUT_LOAD='(-0.01,0.01)';
      OUTPUT_LOAD='(1.0,-1.0)';
      OUTPUT_TYPE='(TS,TS)';
      BIDIRECTIONAL='TRUE';
    'IDSEL':
      PIN_NUMBER='(B9)';
      OUTPUT_LOAD='(1.0,-1.0)';
    '-LOCK':
      PIN_NUMBER='(E16)';
      INPUT_LOAD='(-0.01,0.01)';
      OUTPUT_LOAD='(1.0,-1.0)';
      OUTPUT_TYPE='(TS,TS)';
      BIDIRECTIONAL='TRUE';
    'PAR':
      PIN_NUMBER='(D18)';
      INPUT_LOAD='(-0.01,0.01)';
      OUTPUT_LOAD='(1.0,-1.0)';
      OUTPUT_TYPE='(TS,TS)';
      BIDIRECTIONAL='TRUE';
    '-PERR':
      PIN_NUMBER='(E17)';
      INPUT_LOAD='(-0.01,0.01)';
      OUTPUT_LOAD='(1.0,-1.0)';
      OUTPUT_TYPE='(TS,TS)';
      BIDIRECTIONAL='TRUE';
    '-SERR':
      PIN_NUMBER='(A18)';
      INPUT_LOAD='(-0.01,0.01)';
      OUTPUT_LOAD='(1.0,*)';
      OUTPUT_TYPE='(OC,AND)';
      BIDIRECTIONAL='TRUE';
    '-RST':
      PIN_NUMBER='(C5)';
      OUTPUT_LOAD='(1.0,-1.0)';
    '-HEALTHY':
      PIN_NUMBER='(B4)';
      INPUT_LOAD='(-0.01,0.01)';
    '-BD_SEL':
      PIN_NUMBER='(D15)';
      OUTPUT_LOAD='(1.0,-1.0)';
    '-ENUM':
      PIN_NUMBER='(C25)';
      INPUT_LOAD='(-0.01,0.01)';
    'CLK':
      PIN_NUMBER='(D6)';
      OUTPUT_LOAD='(1.0,-1.0)';
    '-REQ':
      PIN_NUMBER='(A6)';
      INPUT_LOAD='(-0.01,0.01)';
    '-GNT':
      PIN_NUMBER='(E5)';
      OUTPUT_LOAD='(1.0,-1.0)';
    '-C_BE0':
      PIN_NUMBER='(E21)';
      INPUT_LOAD='(-0.01,0.01)';
      OUTPUT_LOAD='(1.0,-1.0)';
      OUTPUT_TYPE='(TS,TS)';
      BIDIRECTIONAL='TRUE';
    '-C_BE1':
      PIN_NUMBER='(E18)';
      INPUT_LOAD='(-0.01,0.01)';
      OUTPUT_LOAD='(1.0,-1.0)';
      OUTPUT_TYPE='(TS,TS)';
      BIDIRECTIONAL='TRUE';
    '-C_BE2':
      PIN_NUMBER='(E11)';
      INPUT_LOAD='(-0.01,0.01)';
      OUTPUT_LOAD='(1.0,-1.0)';
      OUTPUT_TYPE='(TS,TS)';
      BIDIRECTIONAL='TRUE';
    '-C_BE3':
      PIN_NUMBER='(A9)';
      INPUT_LOAD='(-0.01,0.01)';
      OUTPUT_LOAD='(1.0,-1.0)';
      OUTPUT_TYPE='(TS,TS)';
      BIDIRECTIONAL='TRUE';
    'TDI':
      PIN_NUMBER='(E2)';
      INPUT_LOAD='(-0.01,0.01)';
    '-TRST':
      PIN_NUMBER='(C1)';
      OUTPUT_LOAD='(1.0,-1.0)';
    'TCK':
      PIN_NUMBER='(A2)';
      OUTPUT_LOAD='(1.0,-1.0)';
    'TMS':
      PIN_NUMBER='(C2)';
      OUTPUT_LOAD='(1.0,-1.0)';
    'TDO':
      PIN_NUMBER='(D2)';
      OUTPUT_LOAD='(1.0,-1.0)';
    'IPMB_SDA':
      PIN_NUMBER='(C17)';
      OUTPUT_LOAD='(1.0,-1.0)';
    'M66EN':
      PIN_NUMBER='(D21)';
      OUTPUT_LOAD='(1.0,-1.0)';
    '-ACK64':
      PIN_NUMBER='(E24)';
      INPUT_LOAD='(-0.01,0.01)';
      OUTPUT_LOAD='(1.0,-1.0)';
      OUTPUT_TYPE='(TS,TS)';
      BIDIRECTIONAL='TRUE';
    '-REQ64':
      PIN_NUMBER='(B25)';
      INPUT_LOAD='(-0.01,0.01)';
      OUTPUT_LOAD='(1.0,-1.0)';
      OUTPUT_TYPE='(TS,TS)';
      BIDIRECTIONAL='TRUE';
    'IPMB_PWR':
      PIN_NUMBER='(A4)';
      OUTPUT_LOAD='(1.0,-1.0)';
    'BRSVP1A5':
      PIN_NUMBER='(A5)';
      OUTPUT_LOAD='(1.0,-1.0)';
    'BRSVP1B5':
      PIN_NUMBER='(B5)';
      OUTPUT_LOAD='(1.0,-1.0)';
    'INTP':
      PIN_NUMBER='(D4)';
      OUTPUT_LOAD='(1.0,-1.0)';
    'INTS':
      PIN_NUMBER='(E4)';
      OUTPUT_LOAD='(1.0,-1.0)';
    'IPMB_SCL':
      PIN_NUMBER='(B17)';
      OUTPUT_LOAD='(1.0,-1.0)';
    'AD'<0>:
      PIN_NUMBER='(D24)';
      INPUT_LOAD='(*,*)';
      OUTPUT_LOAD='(*,*)';
      OUTPUT_TYPE='(TS,TS)';
      BIDIRECTIONAL='TRUE';
    'AD'<1>:
      PIN_NUMBER='(A24)';
      INPUT_LOAD='(-0.01,0.01)';
      OUTPUT_LOAD='(1.0,-1.0)';
      OUTPUT_TYPE='(TS,TS)';
      BIDIRECTIONAL='TRUE';
    'AD'<2>:
      PIN_NUMBER='(E23)';
      INPUT_LOAD='(-0.01,0.01)';
      OUTPUT_LOAD='(1.0,-1.0)';
      OUTPUT_TYPE='(TS,TS)';
      BIDIRECTIONAL='TRUE';
    'AD'<3>:
      PIN_NUMBER='(C23)';
      INPUT_LOAD='(-0.01,0.01)';
      OUTPUT_LOAD='(1.0,-1.0)';
      OUTPUT_TYPE='(TS,TS)';
      BIDIRECTIONAL='TRUE';
    'AD'<4>:
      PIN_NUMBER='(B23)';
      INPUT_LOAD='(-0.01,0.01)';
      OUTPUT_LOAD='(1.0,-1.0)';
      OUTPUT_TYPE='(TS,TS)';
      BIDIRECTIONAL='TRUE';
    'AD'<5>:
      PIN_NUMBER='(E22)';
      INPUT_LOAD='(-0.01,0.01)';
      OUTPUT_LOAD='(1.0,-1.0)';
      OUTPUT_TYPE='(TS,TS)';
      BIDIRECTIONAL='TRUE';
    'AD'<6>:
      PIN_NUMBER='(D22)';
      INPUT_LOAD='(-0.01,0.01)';
      OUTPUT_LOAD='(1.0,-1.0)';
      OUTPUT_TYPE='(TS,TS)';
      BIDIRECTIONAL='TRUE';
    'AD'<7>:
      PIN_NUMBER='(A22)';
      INPUT_LOAD='(-0.01,0.01)';
      OUTPUT_LOAD='(1.0,-1.0)';
      OUTPUT_TYPE='(TS,TS)';
      BIDIRECTIONAL='TRUE';
    'AD'<8>:
      PIN_NUMBER='(C21)';
      INPUT_LOAD='(-0.01,0.01)';
      OUTPUT_LOAD='(1.0,-1.0)';
      OUTPUT_TYPE='(TS,TS)';
      BIDIRECTIONAL='TRUE';
    'AD'<9>:
      PIN_NUMBER='(B21)';
      INPUT_LOAD='(-0.01,0.01)';
      OUTPUT_LOAD='(1.0,-1.0)';
      OUTPUT_TYPE='(TS,TS)';
      BIDIRECTIONAL='TRUE';
    'AD'<10>:
      PIN_NUMBER='(E20)';
      INPUT_LOAD='(-0.01,0.01)';
      OUTPUT_LOAD='(1.0,-1.0)';
      OUTPUT_TYPE='(TS,TS)';
      BIDIRECTIONAL='TRUE';
    'AD'<11>:
      PIN_NUMBER='(D20)';
      INPUT_LOAD='(-0.01,0.01)';
      OUTPUT_LOAD='(1.0,-1.0)';
      OUTPUT_TYPE='(TS,TS)';
      BIDIRECTIONAL='TRUE';
    'AD'<12>:
      PIN_NUMBER='(A20)';
      INPUT_LOAD='(-0.01,0.01)';
      OUTPUT_LOAD='(1.0,-1.0)';
      OUTPUT_TYPE='(TS,TS)';
      BIDIRECTIONAL='TRUE';
    'AD'<13>:
      PIN_NUMBER='(E19)';
      INPUT_LOAD='(-0.01,0.01)';
      OUTPUT_LOAD='(1.0,-1.0)';
      OUTPUT_TYPE='(TS,TS)';
      BIDIRECTIONAL='TRUE';
    'AD'<14>:
      PIN_NUMBER='(C19)';
      INPUT_LOAD='(-0.01,0.01)';
      OUTPUT_LOAD='(1.0,-1.0)';
      OUTPUT_TYPE='(TS,TS)';
      BIDIRECTIONAL='TRUE';
    'AD'<15>:
      PIN_NUMBER='(B19)';
      INPUT_LOAD='(-0.01,0.01)';
      OUTPUT_LOAD='(1.0,-1.0)';
      OUTPUT_TYPE='(TS,TS)';
      BIDIRECTIONAL='TRUE';
    'AD'<16>:
      PIN_NUMBER='(C11)';
      INPUT_LOAD='(-0.01,0.01)';
      OUTPUT_LOAD='(1.0,-1.0)';
      OUTPUT_TYPE='(TS,TS)';
      BIDIRECTIONAL='TRUE';
    'AD'<17>:
      PIN_NUMBER='(B11)';
      INPUT_LOAD='(-0.01,0.01)';
      OUTPUT_LOAD='(1.0,-1.0)';
      OUTPUT_TYPE='(TS,TS)';
      BIDIRECTIONAL='TRUE';
    'AD'<18>:
      PIN_NUMBER='(A11)';
      INPUT_LOAD='(-0.01,0.01)';
      OUTPUT_LOAD='(1.0,-1.0)';
      OUTPUT_TYPE='(TS,TS)';
      BIDIRECTIONAL='TRUE';
    'AD'<19>:
      PIN_NUMBER='(E10)';
      INPUT_LOAD='(-0.01,0.01)';
      OUTPUT_LOAD='(1.0,-1.0)';
      OUTPUT_TYPE='(TS,TS)';
      BIDIRECTIONAL='TRUE';
    'AD'<20>:
      PIN_NUMBER='(D10)';
      INPUT_LOAD='(-0.01,0.01)';
      OUTPUT_LOAD='(1.0,-1.0)';
      OUTPUT_TYPE='(TS,TS)';
      BIDIRECTIONAL='TRUE';
    'AD'<21>:
      PIN_NUMBER='(A10)';
      INPUT_LOAD='(-0.01,0.01)';
      OUTPUT_LOAD='(1.0,-1.0)';
      OUTPUT_TYPE='(TS,TS)';
      BIDIRECTIONAL='TRUE';
    'AD'<22>:
      PIN_NUMBER='(E9)';
      INPUT_LOAD='(-0.01,0.01)';
      OUTPUT_LOAD='(1.0,-1.0)';
      OUTPUT_TYPE='(TS,TS)';
      BIDIRECTIONAL='TRUE';
    'AD'<23>:
      PIN_NUMBER='(C9)';
      INPUT_LOAD='(-0.01,0.01)';
      OUTPUT_LOAD='(1.0,-1.0)';
      OUTPUT_TYPE='(TS,TS)';
      BIDIRECTIONAL='TRUE';
    'AD'<24>:
      PIN_NUMBER='(E8)';
      INPUT_LOAD='(-0.01,0.01)';
      OUTPUT_LOAD='(1.0,-1.0)';
      OUTPUT_TYPE='(TS,TS)';
      BIDIRECTIONAL='TRUE';
    'AD'<25>:
      PIN_NUMBER='(D8)';
      INPUT_LOAD='(-0.01,0.01)';
      OUTPUT_LOAD='(1.0,-1.0)';
      OUTPUT_TYPE='(TS,TS)';
      BIDIRECTIONAL='TRUE';
    'AD'<26>:
      PIN_NUMBER='(A8)';
      INPUT_LOAD='(-0.01,0.01)';
      OUTPUT_LOAD='(1.0,-1.0)';
      OUTPUT_TYPE='(TS,TS)';
      BIDIRECTIONAL='TRUE';
    'AD'<27>:
      PIN_NUMBER='(E7)';
      INPUT_LOAD='(-0.01,0.01)';
      OUTPUT_LOAD='(1.0,-1.0)';
      OUTPUT_TYPE='(TS,TS)';
      BIDIRECTIONAL='TRUE';
    'AD'<28>:
      PIN_NUMBER='(C7)';
      INPUT_LOAD='(-0.01,0.01)';
      OUTPUT_LOAD='(1.0,-1.0)';
      OUTPUT_TYPE='(TS,TS)';
      BIDIRECTIONAL='TRUE';
    'AD'<29>:
      PIN_NUMBER='(B7)';
      INPUT_LOAD='(-0.01,0.01)';
      OUTPUT_LOAD='(1.0,-1.0)';
      OUTPUT_TYPE='(TS,TS)';
      BIDIRECTIONAL='TRUE';
    'AD'<30>:
      PIN_NUMBER='(A7)';
      INPUT_LOAD='(-0.01,0.01)';
      OUTPUT_LOAD='(1.0,-1.0)';
      OUTPUT_TYPE='(TS,TS)';
      BIDIRECTIONAL='TRUE';
    'AD'<31>:
      PIN_NUMBER='(E6)';
      INPUT_LOAD='(-0.01,0.01)';
      OUTPUT_LOAD='(1.0,-1.0)';
      OUTPUT_TYPE='(TS,TS)';
      BIDIRECTIONAL='TRUE';
    'P3V3L'<0>:
      PIN_NUMBER='(C6)';
      PINUSE='POWER';
    'P3V3L'<1>:
      PIN_NUMBER='(C22)';
      PINUSE='POWER';
    'P3V3'<0>:
      PIN_NUMBER='(A15)';
      PINUSE='POWER';
    'P3V3'<1>:
      PIN_NUMBER='(A17)';
      PINUSE='POWER';
    'P3V3'<2>:
      PIN_NUMBER='(A19)';
      PINUSE='POWER';
    'P3V3'<3>:
      PIN_NUMBER='(A21)';
      PINUSE='POWER';
    'P3V3'<4>:
      PIN_NUMBER='(A23)';
      PINUSE='POWER';
    'P3V3'<5>:
      PIN_NUMBER='(C10)';
      PINUSE='POWER';
    'P3V3'<6>:
      PIN_NUMBER='(C18)';
      PINUSE='POWER';
    'P3V3'<7>:
      PIN_NUMBER='(D25)';
      PINUSE='POWER';
    'P5V0L'<0>:
      PIN_NUMBER='(D3)';
      PINUSE='POWER';
    'P5V0L'<1>:
      PIN_NUMBER='(D23)';
      PINUSE='POWER';
    'P5V0'<0>:
      PIN_NUMBER='(E1)';
      PINUSE='POWER';
    'P5V0'<1>:
      PIN_NUMBER='(E25)';
      PINUSE='POWER';
    'P5V0'<2>:
      PIN_NUMBER='(A1)';
      PINUSE='POWER';
    'P5V0'<3>:
      PIN_NUMBER='(A25)';
      PINUSE='POWER';
    'P5V0'<4>:
      PIN_NUMBER='(B2)';
      PINUSE='POWER';
    'P5V0'<5>:
      PIN_NUMBER='(B24)';
      PINUSE='POWER';
    'VIOL'<0>:
      PIN_NUMBER='(C24)';
      PINUSE='POWER';
    'VIOL'<1>:
      PIN_NUMBER='(C4)';
      PINUSE='POWER';
    'VIO'<0>:
      PIN_NUMBER='(C16)';
      PINUSE='POWER';
    'VIO'<1>:
      PIN_NUMBER='(C20)';
      PINUSE='POWER';
    'VIO'<2>:
      PIN_NUMBER='(C8)';
      PINUSE='POWER';
    'P12V0':
      PIN_NUMBER='(D1)';
      PINUSE='POWER';
    'N12V0':
      PIN_NUMBER='(B1)';
      PINUSE='POWER';
    'GND'<0>:
      PIN_NUMBER='(B6)';
      PINUSE='POWER';
    'GND'<1>:
      PIN_NUMBER='(B8)';
      PINUSE='POWER';
    'GND'<2>:
      PIN_NUMBER='(B10)';
      PINUSE='POWER';
    'GND'<3>:
      PIN_NUMBER='(B16)';
      PINUSE='POWER';
    'GND'<4>:
      PIN_NUMBER='(B18)';
      PINUSE='POWER';
    'GND'<5>:
      PIN_NUMBER='(B20)';
      PINUSE='POWER';
    'GND'<6>:
      PIN_NUMBER='(B22)';
      PINUSE='POWER';
    'GND'<7>:
      PIN_NUMBER='(F1)';
      PINUSE='POWER';
    'GND'<8>:
      PIN_NUMBER='(F2)';
      PINUSE='POWER';
    'GND'<9>:
      PIN_NUMBER='(F3)';
      PINUSE='POWER';
    'GND'<10>:
      PIN_NUMBER='(F4)';
      PINUSE='POWER';
    'GND'<11>:
      PIN_NUMBER='(F5)';
      PINUSE='POWER';
    'GND'<12>:
      PIN_NUMBER='(F6)';
      PINUSE='POWER';
    'GND'<13>:
      PIN_NUMBER='(F7)';
      PINUSE='POWER';
    'GND'<14>:
      PIN_NUMBER='(F8)';
      PINUSE='POWER';
    'GND'<15>:
      PIN_NUMBER='(F9)';
      PINUSE='POWER';
    'GND'<16>:
      PIN_NUMBER='(F10)';
      PINUSE='POWER';
    'GND'<17>:
      PIN_NUMBER='(F11)';
      PINUSE='POWER';
    'GND'<18>:
      PIN_NUMBER='(F12)';
      PINUSE='POWER';
    'GND'<19>:
      PIN_NUMBER='(F13)';
      PINUSE='POWER';
    'GND'<20>:
      PIN_NUMBER='(F14)';
      PINUSE='POWER';
    'GND'<21>:
      PIN_NUMBER='(F15)';
      PINUSE='POWER';
    'GND'<22>:
      PIN_NUMBER='(F16)';
      PINUSE='POWER';
    'GND'<23>:
      PIN_NUMBER='(F17)';
      PINUSE='POWER';
    'GND'<24>:
      PIN_NUMBER='(F18)';
      PINUSE='POWER';
    'GND'<25>:
      PIN_NUMBER='(F19)';
      PINUSE='POWER';
    'GND'<26>:
      PIN_NUMBER='(F20)';
      PINUSE='POWER';
    'GND'<27>:
      PIN_NUMBER='(F21)';
      PINUSE='POWER';
    'GND'<28>:
      PIN_NUMBER='(F22)';
      PINUSE='POWER';
    'GND'<29>:
      PIN_NUMBER='(F23)';
      PINUSE='POWER';
    'GND'<30>:
      PIN_NUMBER='(F24)';
      PINUSE='POWER';
    'GND'<31>:
      PIN_NUMBER='(F25)';
      PINUSE='POWER';
    'GNDL'<0>:
      PIN_NUMBER='(D5)';
      PINUSE='POWER';
    'GNDL'<1>:
      PIN_NUMBER='(D7)';
      PINUSE='POWER';
    'GNDL'<2>:
      PIN_NUMBER='(D9)';
      PINUSE='POWER';
    'GNDL'<3>:
      PIN_NUMBER='(D11)';
      PINUSE='POWER';
    'GNDL'<4>:
      PIN_NUMBER='(D17)';
      PINUSE='POWER';
    'GNDL'<5>:
      PIN_NUMBER='(D19)';
      PINUSE='POWER';
  end_pin;
  body
    CLASS='DISCRETE';
    PART_NAME='CPCI_PERIPHERAL_J1';
    PHYS_DES_PREFIX='XS';
    JEDEC_TYPE='CPCI_TYPE_A_J1';
    BODY_NAME='CPCI_PERIPHERAL_J1';
  end_body;
end_primitive;
END.
