FILE_TYPE=LIBRARY_PARTS;
primitive 'LCFN-3000';
  pin
    'RFIN':
      PIN_NUMBER='(1)';
      PIN_TYPE='ANALOG';
      NO_LOAD_CHECK='Both';
      NO_IO_CHECK='Both';
      NO_ASSERT_CHECK='TRUE';
      NO_DIR_CHECK='TRUE';
      ALLOW_CONNECT='TRUE';
    'RFOUT':
      PIN_NUMBER='(3)';
      PIN_TYPE='ANALOG';
      NO_LOAD_CHECK='Both';
      NO_IO_CHECK='Both';
      NO_ASSERT_CHECK='TRUE';
      NO_DIR_CHECK='TRUE';
      ALLOW_CONNECT='TRUE';
  end_pin;
  body
    PART_NAME='LCFN-3000';
    BODY_NAME='LCFN-3000';
    JEDEC_TYPE='pl-137';
    PHYS_DES_PREFIX='ZL';
    CLASS='IC';
    GROUND_NETS='GND';
    POWER_PINS='(GND:2,4)';
  end_body;
end_primitive;

END.
