FILE_TYPE=LIBRARY_PARTS;
primitive 'DS1337C';
  pin
    '-INTA':
      PIN_NUMBER='(14)';
      OUTPUT_TYPE='(OC,AND)';
      OUTPUT_LOAD='(1.0,*)';
    '-INTB':
      PIN_NUMBER='(2)';
      OUTPUT_TYPE='(OC,AND)';
      OUTPUT_LOAD='(1.0,*)';
    'SCL':
      PIN_NUMBER='(1)';
      OUTPUT_TYPE='(OC,AND)';
      BIDIRECTIONAL='TRUE';
      INPUT_LOAD='(-0.01,0.01)';
      OUTPUT_LOAD='(1.0,*)';
    'SDA':
      PIN_NUMBER='(16)';
      OUTPUT_TYPE='(OC,AND)';
      BIDIRECTIONAL='TRUE';
      INPUT_LOAD='(-0.01,0.01)';
      OUTPUT_LOAD='(1.0,*)';
    'GND':
      PIN_NUMBER='(15)';
      PINUSE='GROUND';
      NO_LOAD_CHECK='Both';
      NO_IO_CHECK='Both';
      NO_ASSERT_CHECK='TRUE';
      NO_DIR_CHECK='TRUE';
      ALLOW_CONNECT='TRUE';
    'VCC':
      PIN_NUMBER='(3)';
      PINUSE='POWER';
      NO_LOAD_CHECK='Both';
      NO_IO_CHECK='Both';
      NO_ASSERT_CHECK='TRUE';
      NO_DIR_CHECK='TRUE';
      ALLOW_CONNECT='TRUE';
  end_pin;
  body
    PART_NAME='DS1337C';
    BODY_NAME='DS1337C';
    JEDEC_TYPE='f450';
    PHYS_DES_PREFIX='U';
    CLASS='IC';
    NC_PINS='(4,5,6,7,8,9,10,11,12,13)';
  end_body;
end_primitive;

END.
