
	(Comment
		(Time 04/16/07,16:12:23)
		(User Validol)
		(MsgId ECO_081)
		(Text "Symbol sym_1 added to cell")
		(Param1 sym_1)
	)
	(Comment
		(Time 04/16/07,16:37:20)
		(User Validol)
		(MsgId ECO_021)
		(Text "Package 69001_816 added to cell")
		(Param1 69001_816)
	)












	(Comment
		(Time 04/16/07,17:31:40)
		(User Validol)
		(MsgId ECO_021)
		(Text "Package 69001_816_1 added to cell")
		(Param1 69001_816_1)
	)
	(Comment
		(Time 04/16/07,17:31:45)
		(User Validol)
		(MsgId ECO_022)
		(Text "Package 69001_816 deleted from cell")
		(Param1 69001_816)
	)





