FILE_TYPE=LIBRARY_PARTS;
TIME=' Created/Modified on Mon Oct 20 16:59:09 2003' ;
primitive '74LV153PW_DH';
  pin
    'S0':
      PIN_NUMBER='(14)';
      INPUT_LOAD='(-0.01,0.01)';
    'S1':
      PIN_NUMBER='(2)';
      INPUT_LOAD='(-0.01,0.01)';
    '-1E':
      PIN_NUMBER='(1)';
      INPUT_LOAD='(-0.01,0.01)';
    '1I0':
      PIN_NUMBER='(6)';
      INPUT_LOAD='(-0.01,0.01)';
    '1I1':
      PIN_NUMBER='(5)';
      INPUT_LOAD='(-0.01,0.01)';
    '1I2':
      PIN_NUMBER='(4)';
      INPUT_LOAD='(-0.01,0.01)';
    '1I3':
      PIN_NUMBER='(3)';
      INPUT_LOAD='(-0.01,0.01)';
    '-2E':
      PIN_NUMBER='(15)';
      INPUT_LOAD='(-0.01,0.01)';
    '2I0':
      PIN_NUMBER='(10)';
      INPUT_LOAD='(-0.01,0.01)';
    '2I1':
      PIN_NUMBER='(11)';
      INPUT_LOAD='(-0.01,0.01)';
    '2I2':
      PIN_NUMBER='(12)';
      INPUT_LOAD='(-0.01,0.01)';
    '2I3':
      PIN_NUMBER='(13)';
      INPUT_LOAD='(-0.01,0.01)';
    '1Y':
      PIN_NUMBER='(7)';
      OUTPUT_LOAD='(1.0,-1.0)';
    '2Y':
      PIN_NUMBER='(9)';
      OUTPUT_LOAD='(1.0,-1.0)';
  end_pin;
  body
    POWER_PINS='(P3V3M:16)';
    POWER_PINS='(GNDDM:8)';
    CLASS='IC';
    PART_NAME='74LV153PW_DH';
    JEDEC_TYPE='f62';
    BODY_NAME='74LV153PW_DH';
    FAMILY='?';
  end_body;
end_primitive;
END.
