
	(Comment
		(Time 04/14/06,11:10:09)
		(User Sergey)
		(MsgId ECO_081)
		(Text "Symbol sym_1 added to cell")
		(Param1 sym_1)
	)
	(Comment
		(Time 04/14/06,11:16:21)
		(User Sergey)
		(MsgId ECO_021)
		(Text "Package ad8132 added to cell")
		(Param1 ad8132)
	)


	(Comment
		(Time 04/14/06,11:22:08)
		(User Sergey)
		(MsgId ECO_081)
		(Text "Symbol sym_2 added to cell")
		(Param1 sym_2)
	)
	(Comment
		(Time 04/14/06,11:22:18)
		(User Sergey)
		(MsgId ECO_082)
		(Text "Symbol sym_2 deleted from cell")
		(Param1 sym_2)
	)
	(Comment
		(Time 04/14/06,11:22:23)
		(User Sergey)
		(MsgId ECO_081)
		(Text "Symbol sym_2 added to cell")
		(Param1 sym_2)
	)
	(Comment
		(Time 04/14/06,11:22:29)
		(User Sergey)
		(MsgId ECO_082)
		(Text "Symbol sym_2 deleted from cell")
		(Param1 sym_2)
	)

	(Comment
		(Time 04/14/06,11:53:32)
		(User Sergey)
		(MsgId ECO_021)
		(Text "Package AD8132_1 added to cell")
		(Param1 AD8132_1)
	)
	(Comment
		(Time 04/14/06,11:53:56)
		(User Sergey)
		(MsgId ECO_022)
		(Text "Package AD8132_1 deleted from cell")
		(Param1 AD8132_1)
	)
	(Comment
		(Time 04/14/06,11:56:36)
		(User Sergey)
		(MsgId ECO_022)
		(Text "Package AD8132 deleted from cell")
		(Param1 AD8132)
	)
	(Comment
		(Time 04/14/06,11:57:27)
		(User Sergey)
		(MsgId ECO_021)
		(Text "Package ad8132 added to cell")
		(Param1 ad8132)
	)


	(Comment
		(Time 04/14/06,12:03:49)
		(User Sergey)
		(MsgId ECO_081)
		(Text "Symbol sym_2 added to cell")
		(Param1 sym_2)
	)
	(Comment
		(Time 04/14/06,12:04:01)
		(User Sergey)
		(MsgId ECO_082)
		(Text "Symbol sym_1 deleted from cell")
		(Param1 sym_1)
	)
	(Comment
		(Time 04/14/06,12:04:43)
		(User Sergey)
		(MsgId ECO_083)
		(Text "Symbol sym_2 renamed to sym_1")
		(Param1 sym_2)
		(Param2 sym_1)
	)
