	(Comment
		(Time 02/27/18,12:10:00)
		(User Lmx2315)
		(MsgId ECO_081)
		(Text "Symbol sym_1 added to cell")
		(Param1 "sym_1")
	)
	(Comment
		(Time 02/27/18,12:10:29)
		(User Lmx2315)
		(MsgId ECO_021)
		(Text "Package XC9536XL added to cell")
		(Param1 "XC9536XL")
	)
	(Comment
		(Time 02/27/18,12:48:06)
		(User Lmx2315)
		(MsgId ECO_081)
		(Text "Symbol sym_2 added to cell")
		(Param1 "sym_2")
	)
	(Comment
		(Time 02/27/18,12:48:12)
		(User Lmx2315)
		(MsgId ECO_082)
		(Text "Symbol sym_2 deleted from cell")
		(Param1 "sym_2")
	)
