Exported by : Natali
Part max1490 :
Creation Status - New Part, Creation time : Thu Jun 26 10:58:22 2003
Modification Status - No modification
Comments :
Exported by : Olga
Part max1283beue :
Creation Status - New Part, Creation time : Mon Jun 23 15:31:14 2003
Modification Status - No modification
Comments :
Exported by : Olga
Part max3384eeap :
Creation Status - New Part, Creation time : Mon Jun 23 14:01:27 2003
Modification Status - No modification
Comments :
Exported by : Olga
Part max3485esa :
Creation Status - New Part, Creation time : Tue Jun 24 09:11:10 2003
Modification Status - No modification
Comments :
Exported by : Olga
Part max3490eesa :
Creation Status - New Part, Creation time : Tue Jun 24 09:20:59 2003
Modification Status - No modification
Comments :
Exported by : Olga
Part max6354syuk_t :
Creation Status - New Part, Creation time : Mon Jul 14 16:24:17 2003
Modification Status - No modification
Comments :