FILE_TYPE=LIBRARY_PARTS;
primitive 'FIN1047';
  pin
    'DIN1':
      PIN_NUMBER='(2)';
      INPUT_LOAD='(-0.01,0.01)';
    'DIN2':
      PIN_NUMBER='(3)';
      INPUT_LOAD='(-0.01,0.01)';
    'DIN3':
      PIN_NUMBER='(6)';
      INPUT_LOAD='(-0.01,0.01)';
    'DIN4':
      PIN_NUMBER='(7)';
      INPUT_LOAD='(-0.01,0.01)';
    'EN':
      PIN_NUMBER='(1)';
      INPUT_LOAD='(-0.01,0.01)';
    'DOUT1-':
      PIN_NUMBER='(16)';
      OUTPUT_LOAD='(1.0,-1.0)';
    'DOUT1+':
      PIN_NUMBER='(15)';
      OUTPUT_LOAD='(1.0,-1.0)';
    'DOUT2+':
      PIN_NUMBER='(14)';
      OUTPUT_LOAD='(1.0,-1.0)';
    'DOUT2-':
      PIN_NUMBER='(13)';
      OUTPUT_LOAD='(1.0,-1.0)';
    'DOUT3-':
      PIN_NUMBER='(12)';
      OUTPUT_LOAD='(1.0,-1.0)';
    'DOUT3+':
      PIN_NUMBER='(11)';
      OUTPUT_LOAD='(1.0,-1.0)';
    'DOUT4+':
      PIN_NUMBER='(10)';
      OUTPUT_LOAD='(1.0,-1.0)';
    'DOUT4-':
      PIN_NUMBER='(9)';
      OUTPUT_LOAD='(1.0,-1.0)';
    '-EN':
      PIN_NUMBER='(8)';
      PINUSE='UNSPEC';
      NO_LOAD_CHECK='Both';
      NO_IO_CHECK='Both';
      NO_ASSERT_CHECK='TRUE';
      NO_DIR_CHECK='TRUE';
      ALLOW_CONNECT='TRUE';
  end_pin;
  body
    PART_NAME='FIN1047';
    BODY_NAME='FIN1047';
    JEDEC_TYPE='soic16';
    PHYS_DES_PREFIX='U';
    CLASS='IC';
    GROUND_NETS='GND';
    POWER_PINS='(VCC:4)';
    POWER_PINS='(GND:5)';
  end_body;
end_primitive;

END.
