	(Comment
		(Time 03/01/18,13:21:14)
		(User Lmx2315)
		(MsgId ECO_021)
		(Text "Package 612E_48FS_3 added to cell")
		(Param1 "612E_48FS_3")
	)
	(Comment
		(Time 03/01/18,13:33:52)
		(User Lmx2315)
		(MsgId ECO_081)
		(Text "Symbol sym_1 added to cell")
		(Param1 "sym_1")
	)
	(Comment
		(Time 03/01/18,13:33:52)
		(User Lmx2315)
		(MsgId ECO_081)
		(Text "Symbol sym_2 added to cell")
		(Param1 "sym_2")
	)
	(Comment
		(Time 03/01/18,13:33:52)
		(User Lmx2315)
		(MsgId ECO_081)
		(Text "Symbol sym_3 added to cell")
		(Param1 "sym_3")
	)
