
	(Comment
		(Time 11/24/11,14:13:41)
		(User Sergey)
		(MsgId ECO_081)
		(Text "Symbol sym_1 added to cell")
		(Param1 sym_1)
	)
	(Comment
		(Time 11/24/11,14:22:21)
		(User Sergey)
		(MsgId ECO_021)
		(Text "Package ad9954 added to cell")
		(Param1 ad9954)
	)
	(Comment
		(Time 11/24/11,14:22:33)
		(User Sergey)
		(MsgId ECO_022)
		(Text "Package AD9954 deleted from cell")
		(Param1 AD9954)
	)
	(Comment
		(Time 11/24/11,14:22:48)
		(User Sergey)
		(MsgId ECO_021)
		(Text "Package ad9954 added to cell")
		(Param1 ad9954)
	)


