FILE_TYPE=LIBRARY_PARTS;
primitive 'SMA_142_0701_551';
  pin
    'IN1':
      PIN_NUMBER='(1)';
      BIDIRECTIONAL='TRUE';
      INPUT_LOAD='(-0.01,0.01)';
      OUTPUT_LOAD='(1.0,-1.0)';
  end_pin;
  body
    PART_NAME='SMA_142_0701_551';
    BODY_NAME='SMA_142_0701_551';
    FAMILY='?';
    PHYS_DES_PREFIX='XW';
    CLASS='DISCRETE';
    GROUND_NETS='IN3,IN4,IN5,IN2';
    POWER_PINS='(IN3:3)';
    POWER_PINS='(IN4:4)';
    POWER_PINS='(IN5:5)';
    POWER_PINS='(IN2:2)';
  end_body;
end_primitive;

END.
