
	(Comment
		(Time 11/17/06,14:12:18)
		(User Sergey)
		(MsgId ECO_081)
		(Text "Symbol sym_1 added to cell")
		(Param1 sym_1)
	)
	(Comment
		(Time 11/17/06,14:17:26)
		(User Sergey)
		(MsgId ECO_021)
		(Text "Package jtag_atmega added to cell")
		(Param1 jtag_atmega)
	)


	(Comment
		(Time 12/01/06,14:09:51)
		(User Sergey)
		(MsgId ECO_022)
		(Text "Package JTAG_ATMEGA deleted from cell")
		(Param1 JTAG_ATMEGA)
	)
	(Comment
		(Time 12/01/06,14:09:57)
		(User Sergey)
		(MsgId ECO_021)
		(Text "Package jtag_atmega added to cell")
		(Param1 jtag_atmega)
	)



