	(Comment
		(Time 03/15/18,10:05:07)
		(User Lmx2315)
		(MsgId ECO_021)
		(Text "Package 1469TK025 added to cell")
		(Param1 "1469TK025")
	)
	(Comment
		(Time 03/15/18,10:19:34)
		(User Lmx2315)
		(MsgId ECO_081)
		(Text "Symbol sym_1 added to cell")
		(Param1 "sym_1")
	)
	(Comment
		(Time 03/15/18,10:19:56)
		(User Lmx2315)
		(MsgId ECO_082)
		(Text "Symbol sym_1 deleted from cell")
		(Param1 "sym_1")
	)
	(Comment
		(Time 03/15/18,10:20:26)
		(User Lmx2315)
		(MsgId ECO_081)
		(Text "Symbol sym_1 added to cell")
		(Param1 "sym_1")
	)
