	(Comment
		(Time 08/29/12,12:36:14)
		(User Sergey)
		(MsgId ECO_081)
		(Text "Symbol sym_1 added to cell")
		(Param1 sym_1)
	)
	(Comment
		(Time 08/29/12,12:42:19)
		(User Sergey)
		(MsgId ECO_021)
		(Text "Package TBU-CA added to cell")
		(Param1 TBU-CA)
	)
	(Comment
		(Time 08/29/12,12:42:29)
		(User Sergey)
		(MsgId ECO_081)
		(Text "Symbol sym_2 added to cell")
		(Param1 sym_2)
	)
	(Comment
		(Time 08/29/12,12:42:34)
		(User Sergey)
		(MsgId ECO_082)
		(Text "Symbol sym_2 deleted from cell")
		(Param1 sym_2)
	)
	(Comment
		(Time 08/29/12,15:13:01)
		(User Sergey)
		(MsgId ECO_082)
		(Text "Symbol sym_1 deleted from cell")
		(Param1 sym_1)
	)
	(Comment
		(Time 08/29/12,15:13:09)
		(User Sergey)
		(MsgId ECO_081)
		(Text "Symbol sym_1 added to cell")
		(Param1 sym_1)
	)
	(Comment
		(Time 08/29/12,15:13:28)
		(User Sergey)
		(MsgId ECO_082)
		(Text "Symbol sym_1 deleted from cell")
		(Param1 sym_1)
	)
	(Comment
		(Time 08/29/12,15:13:41)
		(User Sergey)
		(MsgId ECO_081)
		(Text "Symbol sym_1 added to cell")
		(Param1 sym_1)
	)
	(Comment
		(Time 08/29/12,15:15:16)
		(User Sergey)
		(MsgId ECO_082)
		(Text "Symbol sym_1 deleted from cell")
		(Param1 sym_1)
	)
	(Comment
		(Time 08/29/12,15:15:36)
		(User Sergey)
		(MsgId ECO_081)
		(Text "Symbol sym_1 added to cell")
		(Param1 sym_1)
	)
