FILE_TYPE=LIBRARY_PARTS;
TIME=' Created/Modified on Thu Nov 11 16:08:49 2004' ;
primitive 'AD9953YSV_TQFP_EP';
  pin
    'I/O_UPD':
      PIN_NUMBER='(1)';
      INPUT_LOAD='(-0.01,0.01)';
    'REFCLK':
      PIN_NUMBER='(9)';
      INPUT_LOAD='(-0.01,0.01)';
    '-REFCLK':
      PIN_NUMBER='(8)';
      INPUT_LOAD='(-0.01,0.01)';
    'CR_OUT':
      PIN_NUMBER='(10)';
      OUTPUT_LOAD='(1.0,-1.0)';
    'CLKMOD':
      PIN_NUMBER='(11)';
      INPUT_LOAD='(-0.01,0.01)';
    'LP_FILT':
      PIN_NUMBER='(12)';
      INPUT_LOAD='(-0.01,0.01)';
    'IOUT':
      PIN_NUMBER='(21)';
      OUTPUT_LOAD='(1.0,-1.0)';
    '-IOUT':
      PIN_NUMBER='(20)';
      OUTPUT_LOAD='(1.0,-1.0)';
    'DACBP':
      PIN_NUMBER='(23)';
      INPUT_LOAD='(-0.01,0.01)';
    'DAC_RS':
      PIN_NUMBER='(24)';
      INPUT_LOAD='(-0.01,0.01)';
    'N.C.':
      PIN_NUMBER='(28)';
      PINUSE='UNSPEC';
      NO_LOAD_CHECK='BOTH';
      NO_IO_CHECK='BOTH';
      ALLOW_CONNECT='TRUE';
    'N.C.1':
      PIN_NUMBER='(30)';
      PINUSE='UNSPEC';
      NO_LOAD_CHECK='BOTH';
      NO_IO_CHECK='BOTH';
      ALLOW_CONNECT='TRUE';
    'N.C.2':
      PIN_NUMBER='(31)';
      PINUSE='UNSPEC';
      NO_LOAD_CHECK='BOTH';
      NO_IO_CHECK='BOTH';
      ALLOW_CONNECT='TRUE';
    'PWDN':
      PIN_NUMBER='(35)';
      INPUT_LOAD='(-0.01,0.01)';
    'RESET':
      PIN_NUMBER='(36)';
      INPUT_LOAD='(-0.01,0.01)';
    'IOSYNC':
      PIN_NUMBER='(37)';
      INPUT_LOAD='(-0.01,0.01)';
    'SDO':
      PIN_NUMBER='(38)';
      OUTPUT_LOAD='(1.0,-1.0)';
    '-CS':
      PIN_NUMBER='(39)';
      OUTPUT_LOAD='(1.0,-1.0)';
    'SCLK':
      PIN_NUMBER='(40)';
      INPUT_LOAD='(-0.01,0.01)';
    'SDIO':
      PIN_NUMBER='(41)';
      INPUT_LOAD='(-0.01,0.01)';
      OUTPUT_LOAD='(1.0,-1.0)';
      BIDIRECTIONAL='TRUE';
    'DVDD_I/O':
      PIN_NUMBER='(43)';
      INPUT_LOAD='(-0.01,0.01)';
    'SYNC_IN':
      PIN_NUMBER='(44)';
      INPUT_LOAD='(-0.01,0.01)';
    'SYNC_CLK':
      PIN_NUMBER='(45)';
      OUTPUT_LOAD='(1.0,-1.0)';
    'OSK':
      PIN_NUMBER='(46)';
      INPUT_LOAD='(-0.01,0.01)';
    'PS0':
      PIN_NUMBER='(47)';
      INPUT_LOAD='(-0.01,0.01)';
    'PS1':
      PIN_NUMBER='(48)';
      INPUT_LOAD='(-0.01,0.01)';
    'AGND8':
      PIN_NUMBER='(32)';
      INPUT_LOAD='(-0.01,0.01)';
    'DVDD':
      PIN_NUMBER='(2)';
      PINUSE='POWER';
    'DVDD1':
      PIN_NUMBER='(34)';
      PINUSE='POWER';
    'DGND':
      PIN_NUMBER='(3)';
      PINUSE='GROUND';
    'DGND1':
      PIN_NUMBER='(33)';
      PINUSE='GROUND';
    'DGND2':
      PIN_NUMBER='(42)';
      PINUSE='GROUND';
    'AVDD':
      PIN_NUMBER='(4)';
      PINUSE='POWER';
    'AVDD1':
      PIN_NUMBER='(6)';
      PINUSE='POWER';
    'AVDD2':
      PIN_NUMBER='(13)';
      PINUSE='POWER';
    'AVDD3':
      PIN_NUMBER='(16)';
      PINUSE='POWER';
    'AVDD4':
      PIN_NUMBER='(18)';
      PINUSE='POWER';
    'AVDD5':
      PIN_NUMBER='(19)';
      PINUSE='POWER';
    'AVDD6':
      PIN_NUMBER='(25)';
      PINUSE='POWER';
    'AVDD7':
      PIN_NUMBER='(27)';
      PINUSE='POWER';
    'AVDD8':
      PIN_NUMBER='(29)';
      PINUSE='POWER';
    'AGND':
      PIN_NUMBER='(5)';
      PINUSE='GROUND';
    'AGND1':
      PIN_NUMBER='(7)';
      PINUSE='GROUND';
    'AGND3':
      PIN_NUMBER='(14)';
      PINUSE='GROUND';
    'AGND4':
      PIN_NUMBER='(15)';
      PINUSE='GROUND';
    'AGND5':
      PIN_NUMBER='(17)';
      PINUSE='GROUND';
    'AGND6':
      PIN_NUMBER='(22)';
      PINUSE='GROUND';
    'AGND7':
      PIN_NUMBER='(26)';
      PINUSE='GROUND';
    'AGND9':
      PIN_NUMBER='(49)';
      PINUSE='GROUND';
  end_pin;
  body
    CLASS='IC';
    PART_NAME='AD9953YSV';
    PHYS_DES_PREFIX='D';
    JEDEC_TYPE='F340';
    FAMILY='AD99XX';
    BODY_NAME='AD9953YSV';
  end_body;
end_primitive;
END.
