FILE_TYPE=LIBRARY_PARTS;
TIME=' Created/Modified on Thu Jul 01 15:20:02 2004' ;
primitive 'P82B96TD';
  pin
    'SY':
      PIN_NUMBER='(7)';
      INPUT_LOAD='(-0.01,0.01)';
      OUTPUT_LOAD='(1.0,-1.0)';
      BIDIRECTIONAL='TRUE';
    'SX':
      PIN_NUMBER='(1)';
      INPUT_LOAD='(-0.01,0.01)';
      OUTPUT_LOAD='(1.0,-1.0)';
      BIDIRECTIONAL='TRUE';
    'RY':
      PIN_NUMBER='(6)';
      INPUT_LOAD='(-0.01,0.01)';
    'RX':
      PIN_NUMBER='(2)';
      INPUT_LOAD='(-0.01,0.01)';
    'TY':
      PIN_NUMBER='(5)';
      OUTPUT_LOAD='(1.0,-1.0)';
    'TX':
      PIN_NUMBER='(3)';
      OUTPUT_LOAD='(1.0,-1.0)';
    'GNDD':
      PIN_NUMBER='(4)';
      PINUSE='POWER';
    'P3V3':
      PIN_NUMBER='(8)';
      PINUSE='POWER';
  end_pin;
  body
    CLASS='IC';
    PART_NAME='P82B96TD';
    JEDEC_TYPE='F27';
    BODY_NAME='P82B96TD';
    FAMILY='?';
  end_body;
end_primitive;
END.
