FILE_TYPE=LIBRARY_PARTS;
TIME=' Created/Modified on Mon Feb 14 17:43:07 2005' ;
primitive 'AD9959_CP-56';
  pin
    'SYNC_IN':
      PIN_NUMBER='(1)';
      INPUT_LOAD='(-0.01,0.01)';
    'SYNC_OUT':
      PIN_NUMBER='(2)';
      OUTPUT_LOAD='(1.0,-1.0)';
    'RESET':
      PIN_NUMBER='(3)';
      INPUT_LOAD='(-0.01,0.01)';
    'PWRDN':
      PIN_NUMBER='(4)';
      INPUT_LOAD='(-0.01,0.01)';
    'CH2_IOUT':
      PIN_NUMBER='(8)';
      NO_LOAD_CHECK='BOTH';
      OUTPUT_LOAD='(1.0,-1.0)';
      NO_IO_CHECK='BOTH';
      ALLOW_CONNECT='TRUE';
    '-CH2_IOUT':
      PIN_NUMBER='(9)';
      NO_LOAD_CHECK='BOTH';
      OUTPUT_LOAD='(1.0,-1.0)';
      NO_IO_CHECK='BOTH';
      ALLOW_CONNECT='TRUE';
    'CH3_IOUT':
      PIN_NUMBER='(13)';
      NO_LOAD_CHECK='BOTH';
      OUTPUT_LOAD='(1.0,-1.0)';
      NO_IO_CHECK='BOTH';
      ALLOW_CONNECT='TRUE';
    '-CH3_IOUT':
      PIN_NUMBER='(14)';
      NO_LOAD_CHECK='BOTH';
      OUTPUT_LOAD='(1.0,-1.0)';
      NO_IO_CHECK='BOTH';
      ALLOW_CONNECT='TRUE';
    'DAC_RS':
      PIN_NUMBER='(17)';
      INPUT_LOAD='(-0.01,0.01)';
    '-REFCLK':
      PIN_NUMBER='(22)';
      INPUT_LOAD='(-0.01,0.01)';
    'REFCLK':
      PIN_NUMBER='(23)';
      INPUT_LOAD='(-0.01,0.01)';
    'CLKMOD':
      PIN_NUMBER='(24)';
      INPUT_LOAD='(-0.01,0.01)';
    'LPF':
      PIN_NUMBER='(27)';
      INPUT_LOAD='(-0.01,0.01)';
    '-CH0_IOUT':
      PIN_NUMBER='(29)';
      OUTPUT_LOAD='(1.0,-1.0)';
    'CH0_IOUT':
      PIN_NUMBER='(30)';
      OUTPUT_LOAD='(1.0,-1.0)';
    '-CH1_IOUT':
      PIN_NUMBER='(35)';
      OUTPUT_LOAD='(1.0,-1.0)';
    'CH1_IOUT':
      PIN_NUMBER='(36)';
      OUTPUT_LOAD='(1.0,-1.0)';
    'PS0':
      PIN_NUMBER='(40)';
      INPUT_LOAD='(-0.01,0.01)';
    'PS1':
      PIN_NUMBER='(41)';
      INPUT_LOAD='(-0.01,0.01)';
    'PS2':
      PIN_NUMBER='(42)';
      INPUT_LOAD='(-0.01,0.01)';
    'PS3':
      PIN_NUMBER='(43)';
      INPUT_LOAD='(-0.01,0.01)';
    'I/O_UPD':
      PIN_NUMBER='(46)';
      INPUT_LOAD='(-0.01,0.01)';
    '-CS':
      PIN_NUMBER='(47)';
      INPUT_LOAD='(-0.01,0.01)';
    'SCLK':
      PIN_NUMBER='(48)';
      INPUT_LOAD='(-0.01,0.01)';
    'DVDD_I/O':
      PIN_NUMBER='(49)';
      INPUT_LOAD='(-0.01,0.01)';
    'SDIO_0':
      PIN_NUMBER='(50)';
      INPUT_LOAD='(-0.01,0.01)';
      OUTPUT_LOAD='(1.0,-1.0)';
      BIDIRECTIONAL='TRUE';
    'SDIO_1':
      PIN_NUMBER='(51)';
      INPUT_LOAD='(-0.01,0.01)';
      OUTPUT_LOAD='(1.0,-1.0)';
      BIDIRECTIONAL='TRUE';
    'SDIO_2':
      PIN_NUMBER='(52)';
      INPUT_LOAD='(-0.01,0.01)';
      OUTPUT_LOAD='(1.0,-1.0)';
      BIDIRECTIONAL='TRUE';
    'SDIO_3':
      PIN_NUMBER='(53)';
      INPUT_LOAD='(-0.01,0.01)';
      OUTPUT_LOAD='(1.0,-1.0)';
      BIDIRECTIONAL='TRUE';
    'SYNC_CLK':
      PIN_NUMBER='(54)';
      OUTPUT_LOAD='(1.0,-1.0)';
    'AVDD':
      PIN_NUMBER='(5)';
      PINUSE='POWER';
    'AVDD1':
      PIN_NUMBER='(7)';
      PINUSE='POWER';
    'AVDD2':
      PIN_NUMBER='(11)';
      PINUSE='POWER';
    'AVDD3':
      PIN_NUMBER='(15)';
      PINUSE='POWER';
    'AVDD4':
      PIN_NUMBER='(19)';
      PINUSE='POWER';
    'AVDD5':
      PIN_NUMBER='(21)';
      PINUSE='POWER';
    'AVDD6':
      PIN_NUMBER='(26)';
      PINUSE='POWER';
    'AVDD7':
      PIN_NUMBER='(31)';
      PINUSE='POWER';
    'AVDD8':
      PIN_NUMBER='(33)';
      PINUSE='POWER';
    'AVDD9':
      PIN_NUMBER='(37)';
      PINUSE='POWER';
    'AVDD10':
      PIN_NUMBER='(39)';
      PINUSE='POWER';
    'AGND':
      PIN_NUMBER='(6)';
      PINUSE='GROUND';
    'AGND1':
      PIN_NUMBER='(10)';
      PINUSE='GROUND';
    'AGND2':
      PIN_NUMBER='(12)';
      PINUSE='GROUND';
    'AGND3':
      PIN_NUMBER='(16)';
      PINUSE='GROUND';
    'AGND4':
      PIN_NUMBER='(18)';
      PINUSE='GROUND';
    'AGND5':
      PIN_NUMBER='(20)';
      PINUSE='GROUND';
    'AGND6':
      PIN_NUMBER='(25)';
      PINUSE='GROUND';
    'AGND7':
      PIN_NUMBER='(28)';
      PINUSE='GROUND';
    'AGND8':
      PIN_NUMBER='(32)';
      PINUSE='GROUND';
    'AGND9':
      PIN_NUMBER='(34)';
      PINUSE='GROUND';
    'AGND10':
      PIN_NUMBER='(38)';
      PINUSE='GROUND';
    'DVDD':
      PIN_NUMBER='(45)';
      PINUSE='POWER';
    'DVDD1':
      PIN_NUMBER='(55)';
      PINUSE='POWER';
    'DGND':
      PIN_NUMBER='(44)';
      PINUSE='GROUND';
    'DGND1':
      PIN_NUMBER='(56)';
      PINUSE='GROUND';
  end_pin;
  body
    CLASS='IC';
    PART_NAME='AD9959';
    JEDEC_TYPE='CP-56';
    FAMILY='AD99XX';
    BODY_NAME='AD9959';
  end_body;
end_primitive;
END.
