
	(Comment
		(Time 02/12/08,13:51:27)
		(User Validol)
		(MsgId ECO_081)
		(Text "Symbol sym_1 added to cell")
		(Param1 sym_1)
	)
	(Comment
		(Time 02/12/08,14:11:20)
		(User Validol)
		(MsgId ECO_082)
		(Text "Symbol sym_1 deleted from cell")
		(Param1 sym_1)
	)
	(Comment
		(Time 02/12/08,14:11:21)
		(User Validol)
		(MsgId ECO_081)
		(Text "Symbol sym_1 added to cell")
		(Param1 sym_1)
	)
	(Comment
		(Time 02/12/08,14:19:31)
		(User Validol)
		(MsgId ECO_021)
		(Text "Package virtex-5 added to cell")
		(Param1 virtex-5)
	)

	(Comment
		(Time 02/12/08,14:39:04)
		(User Validol)
		(MsgId ECO_081)
		(Text "Symbol sym_2 added to cell")
		(Param1 sym_2)
	)

	(Comment
		(Time 02/12/08,14:45:54)
		(User Validol)
		(MsgId ECO_081)
		(Text "Symbol sym_3 added to cell")
		(Param1 sym_3)
	)

	(Comment
		(Time 02/19/08,15:49:09)
		(User Validol)
		(MsgId ECO_081)
		(Text "Symbol sym_4 added to cell")
		(Param1 sym_4)
	)

	(Comment
		(Time 02/19/08,16:39:32)
		(User Validol)
		(MsgId ECO_081)
		(Text "Symbol sym_5 added to cell")
		(Param1 sym_5)
	)

	(Comment
		(Time 02/19/08,17:06:22)
		(User Validol)
		(MsgId ECO_081)
		(Text "Symbol sym_6 added to cell")
		(Param1 sym_6)
	)




	(Comment
		(Time 02/20/08,11:18:10)
		(User Validol)
		(MsgId ECO_081)
		(Text "Symbol sym_7 added to cell")
		(Param1 sym_7)
	)








	(Comment
		(Time 02/22/08,11:07:47)
		(User Validol)
		(MsgId ECO_081)
		(Text "Symbol sym_8 added to cell")
		(Param1 sym_8)
	)


	(Comment
		(Time 02/22/08,11:09:27)
		(User Validol)
		(MsgId ECO_022)
		(Text "Package VIRTEX-5 deleted from cell")
		(Param1 VIRTEX-5)
	)

	(Comment
		(Time 02/22/08,11:11:38)
		(User Validol)
		(MsgId ECO_021)
		(Text "Package virtex-5 added to cell")
		(Param1 virtex-5)
	)
	(Comment
		(Time 02/22/08,11:12:36)
		(User Validol)
		(MsgId ECO_021)
		(Text "Package virtex-5_1 added to cell")
		(Param1 virtex-5_1)
	)
	(Comment
		(Time 02/22/08,11:12:49)
		(User Validol)
		(MsgId ECO_022)
		(Text "Package VIRTEX-5_1 deleted from cell")
		(Param1 VIRTEX-5_1)
	)



	(Comment
		(Time 02/22/08,11:30:36)
		(User Validol)
		(MsgId ECO_022)
		(Text "Package VIRTEX-5 deleted from cell")
		(Param1 VIRTEX-5)
	)
	(Comment
		(Time 02/22/08,11:30:40)
		(User Validol)
		(MsgId ECO_021)
		(Text "Package virtex-5 added to cell")
		(Param1 virtex-5)
	)
	(Comment
		(Time 02/22/08,11:31:38)
		(User Validol)
		(MsgId ECO_022)
		(Text "Package VIRTEX-5 deleted from cell")
		(Param1 VIRTEX-5)
	)

	(Comment
		(Time 02/22/08,11:37:00)
		(User Validol)
		(MsgId ECO_082)
		(Text "Symbol sym_7 deleted from cell")
		(Param1 sym_7)
	)

	(Comment
		(Time 02/22/08,11:37:11)
		(User Validol)
		(MsgId ECO_021)
		(Text "Package virtex-5 added to cell")
		(Param1 virtex-5)
	)






	(Comment
		(Time 03/24/08,14:41:42)
		(User Validol)
		(MsgId ECO_082)
		(Text "Symbol sym_6 deleted from cell")
		(Param1 sym_6)
	)
	(Comment
		(Time 03/24/08,14:41:47)
		(User Validol)
		(MsgId ECO_081)
		(Text "Symbol sym_6 added to cell")
		(Param1 sym_6)
	)
	(Comment
		(Time 03/24/08,14:44:11)
		(User Validol)
		(MsgId ECO_082)
		(Text "Symbol sym_6 deleted from cell")
		(Param1 sym_6)
	)
	(Comment
		(Time 03/24/08,14:44:30)
		(User Validol)
		(MsgId ECO_081)
		(Text "Symbol sym_6 added to cell")
		(Param1 sym_6)
	)






	(Comment
		(Time 03/31/08,11:51:14)
		(User Validol)
		(MsgId ECO_081)
		(Text "Symbol sym_7 added to cell")
		(Param1 sym_7)
	)

	(Comment
		(Time 03/31/08,11:52:30)
		(User Validol)
		(MsgId ECO_082)
		(Text "Symbol sym_7 deleted from cell")
		(Param1 sym_7)
	)
	(Comment
		(Time 03/31/08,11:53:42)
		(User Validol)
		(MsgId ECO_081)
		(Text "Symbol sym_7 added to cell")
		(Param1 sym_7)
	)



	(Comment
		(Time 03/31/08,11:57:50)
		(User Validol)
		(MsgId ECO_082)
		(Text "Symbol sym_7 deleted from cell")
		(Param1 sym_7)
	)


	(Comment
		(Time 03/31/08,11:58:22)
		(User Validol)
		(MsgId ECO_082)
		(Text "Symbol sym_8 deleted from cell")
		(Param1 sym_8)
	)


	(Comment
		(Time 03/31/08,12:00:31)
		(User Validol)
		(MsgId ECO_081)
		(Text "Symbol sym_7 added to cell")
		(Param1 sym_7)
	)
	(Comment
		(Time 03/31/08,12:00:32)
		(User Validol)
		(MsgId ECO_081)
		(Text "Symbol sym_8 added to cell")
		(Param1 sym_8)
	)

	(Comment
		(Time 03/31/08,12:00:56)
		(User Validol)
		(MsgId ECO_082)
		(Text "Symbol sym_7 deleted from cell")
		(Param1 sym_7)
	)
	(Comment
		(Time 03/31/08,12:00:59)
		(User Validol)
		(MsgId ECO_082)
		(Text "Symbol sym_8 deleted from cell")
		(Param1 sym_8)
	)
	(Comment
		(Time 03/31/08,12:01:19)
		(User Validol)
		(MsgId ECO_022)
		(Text "Package VIRTEX-5 deleted from cell")
		(Param1 VIRTEX-5)
	)
	(Comment
		(Time 03/31/08,12:01:38)
		(User Validol)
		(MsgId ECO_081)
		(Text "Symbol sym_7 added to cell")
		(Param1 sym_7)
	)
	(Comment
		(Time 03/31/08,12:02:26)
		(User Validol)
		(MsgId ECO_082)
		(Text "Symbol sym_7 deleted from cell")
		(Param1 sym_7)
	)
	(Comment
		(Time 03/31/08,12:02:29)
		(User Validol)
		(MsgId ECO_021)
		(Text "Package virtex-5 added to cell")
		(Param1 virtex-5)
	)
	(Comment
		(Time 03/31/08,12:04:50)
		(User Validol)
		(MsgId ECO_081)
		(Text "Symbol sym_7 added to cell")
		(Param1 sym_7)
	)


	(Comment
		(Time 04/02/08,14:10:51)
		(User Validol)
		(MsgId ECO_081)
		(Text "Symbol sym_8 added to cell")
		(Param1 sym_8)
	)


	(Comment
		(Time 04/02/08,15:47:57)
		(User Validol)
		(MsgId ECO_081)
		(Text "Symbol sym_9 added to cell")
		(Param1 sym_9)
	)


	(Comment
		(Time 04/29/08,11:47:56)
		(User Validol)
		(MsgId ECO_081)
		(Text "Symbol sym_10 added to cell")
		(Param1 sym_10)
	)


	(Comment
		(Time 04/29/08,11:54:09)
		(User Validol)
		(MsgId ECO_082)
		(Text "Symbol sym_10 deleted from cell")
		(Param1 sym_10)
	)
	(Comment
		(Time 04/29/08,11:54:12)
		(User Validol)
		(MsgId ECO_081)
		(Text "Symbol sym_10 added to cell")
		(Param1 sym_10)
	)

	(Comment
		(Time 04/29/08,11:56:45)
		(User Validol)
		(MsgId ECO_081)
		(Text "Symbol sym_11 added to cell")
		(Param1 sym_11)
	)



	(Comment
		(Time 04/29/08,12:02:28)
		(User Validol)
		(MsgId ECO_082)
		(Text "Symbol sym_11 deleted from cell")
		(Param1 sym_11)
	)



	(Comment
		(Time 05/19/08,14:27:47)
		(User Validol)
		(MsgId ECO_081)
		(Text "Symbol sym_11 added to cell")
		(Param1 sym_11)
	)

