Exported by : Natali
Part 530ln1 :
Creation Status - New Part, Creation time : Thu Jun 26 10:55:39 2003
Modification Status - No modification
Comments :
Exported by : Natali
Part c :
Creation Status - New Part, Creation time : Tue Apr 08 16:11:37 2003
Modification Status - No modification
Comments :
Exported by : Natali
Part nl27wz17 :
Creation Status - New Part, Creation time : Thu Jul 03 15:10:32 2003
Modification Status - No modification
Comments :
Exported by : Natali
Part p82b96 :
Creation Status - New Part, Creation time : Wed Jun 11 12:34:20 2003
Modification Status - No modification
Comments :
Exported by : Natali
Part sn74lvc :
Creation Status - New Part, Creation time : Thu Jul 03 15:10:33 2003
Modification Status - No modification
Comments :
Exported by : Olga
Part sn74vc2g34 :
Creation Status - New Part, Creation time : Wed Jul 09 17:08:38 2003
Modification Status - No modification
Comments :
Exported by : Olga
Part sn74lvc2g17 :
Creation Status - New Part, Creation time : Wed Jul 02 17:09:54 2003
Modification Status - No modification
Comments :
Exported by : Olga
Part nl27wz17 :
Creation Status - New Part, Creation time : Tue Jun 17 17:26:48 2003
Modification Status - No modification
Comments :
Exported by : Olga
Part sn74lvc1g08 :
Creation Status - New Part, Creation time : Thu Jul 03 10:38:58 2003
Modification Status - No modification
Comments :
Exported by : Olga
Part sn74lvc3g07 :
Creation Status - New Part, Creation time : Thu Jul 03 11:03:19 2003
Modification Status - No modification
Comments :
Exported by : Olga
Part 564la8 :
Creation Status - New Part, Creation time : Tue Nov 11 16:39:31 2003
Modification Status - No modification
Comments :
Exported by : Olga
Part 564ln2 :
Creation Status - New Part, Creation time : Tue Nov 11 16:47:31 2003
Modification Status - No modification
Comments :
Exported by : Olga
Part cd74ac20m :
Creation Status - New Part, Creation time : Mon Dec 08 16:03:53 2003
Modification Status - No modification
Comments :
Exported by : Olga
Part sn74lvc2g07 :
Creation Status - New Part, Creation time : Mon Jul 14 15:37:11 2003
Modification Status - No modification
Comments :
Exported by : Olga
Part sn74lvc2g04_1 :
Creation Status - New Part, Creation time : Fri Jan 23 12:35:58 2004
Modification Status - No modification
Comments :
Exported by : Olga
Part sn74lvc2g04 :
Creation Status - New Part, Creation time : Fri Jan 23 14:58:46 2004
Modification Status - No modification
Comments :
Exported by : Olga
Part sn74lvc2g00 :
Creation Status - New Part, Creation time : Fri Jan 09 16:22:13 2004
Modification Status - No modification
Comments :
Exported by : Olga
Part nl27wz17 :
Creation Status - New Part, Creation time : Tue Jun 17 16:26:48 2003
Modification Status - No modification
Comments :
Exported by : Olga
Part sn74lvc2g04 :
Creation Status - New Part, Creation time : Fri Jan 23 15:58:46 2004
Modification Status - No modification
Comments :
Exported by : Olga
Part sn74lvc2g04_1 :
Creation Status - New Part, Creation time : Fri Jan 23 13:35:58 2004
Modification Status - No modification
Comments :
Exported by : Olga
Part sn74lvc2g17 :
Creation Status - New Part, Creation time : Wed Jul 02 17:09:54 2003
Modification Status - No modification
Comments :
Exported by : Olga
Part sn74lvc2g17_1 :
Creation Status - New Part, Creation time : Mon Jul 12 14:03:42 2004
Modification Status - No modification
Comments :
Exported by : Olga
Part sn74lvc1g86 :
Creation Status - New Part, Creation time : Mon May 31 12:33:53 2004
Modification Status - No modification
Comments :
Exported by : Olga
Part sn74lvc2g00_1 :
Creation Status - New Part, Creation time : Thu Mar 18 11:27:03 2004
Modification Status - No modification
Comments :
Exported by : Olga
Part sn74lvc2g07_1 :
Creation Status - New Part, Creation time : Tue Jun 22 12:04:39 2004
Modification Status - No modification
Comments :
Exported by : Olga
Part sn74lvc2g126 :
Creation Status - New Part, Creation time : Tue Jun 29 16:43:24 2004
Modification Status - No modification
Comments :
Exported by : Olga
Part sn74lvc2g79 :
Creation Status - New Part, Creation time : Mon May 31 10:55:32 2004
Modification Status - No modification
Comments :
Exported by : Olga
Part sn74lvc3g07 :
Creation Status - New Part, Creation time : Thu Jul 03 11:03:19 2003
Modification Status - No modification
Comments :
Exported by : Olga
Part sn74lvc2g34 :
Creation Status - New Part, Creation time : Wed Jul 09 17:14:32 2003
Modification Status - No modification
Comments :