
	(Comment
		(Time 11/08/06,10:48:02)
		(User Sergey)
		(MsgId ECO_081)
		(Text "Symbol sym_1 added to cell")
		(Param1 sym_1)
	)
	(Comment
		(Time 11/08/06,10:50:00)
		(User Sergey)
		(MsgId ECO_021)
		(Text "Package xp2 added to cell")
		(Param1 xp2)
	)
	(Comment
		(Time 11/08/06,10:50:37)
		(User Sergey)
		(MsgId ECO_022)
		(Text "Package XP2 deleted from cell")
		(Param1 XP2)
	)


	(Comment
		(Time 11/14/06,18:56:08)
		(User Sergey)
		(MsgId ECO_021)
		(Text "Package xp2 added to cell")
		(Param1 xp2)
	)
