FILE_TYPE=LIBRARY_PARTS;
primitive 'AT25F1024N';
  pin
    '-CS':
      PIN_NUMBER='(1)';
      INPUT_LOAD='(-0.01,0.01)';
    'SO':
      PIN_NUMBER='(2)';
      OUTPUT_LOAD='(1.0,-1.0)';
    '-WP':
      PIN_NUMBER='(3)';
      INPUT_LOAD='(-0.01,0.01)';
    'GND':
      PIN_NUMBER='(4)';
      PINUSE='GROUND';
      NO_LOAD_CHECK='Both';
      NO_IO_CHECK='Both';
      NO_ASSERT_CHECK='TRUE';
      NO_DIR_CHECK='TRUE';
      ALLOW_CONNECT='TRUE';
    'VCC':
      PIN_NUMBER='(8)';
      PINUSE='POWER';
      NO_LOAD_CHECK='Both';
      NO_IO_CHECK='Both';
      NO_ASSERT_CHECK='TRUE';
      NO_DIR_CHECK='TRUE';
      ALLOW_CONNECT='TRUE';
    '-HOLD':
      PIN_NUMBER='(7)';
      INPUT_LOAD='(-0.01,0.01)';
    'SCK':
      PIN_NUMBER='(6)';
      INPUT_LOAD='(-0.01,0.01)';
    'SI':
      PIN_NUMBER='(5)';
      INPUT_LOAD='(-0.01,0.01)';
  end_pin;
  body
    PART_NAME='AT25F1024N';
    BODY_NAME='AT25F1024N';
    PHYS_DES_PREFIX='U';
    CLASS='IC';
  end_body;
end_primitive;

END.
