FILE_TYPE=LIBRARY_PARTS;
primitive 'VIRTEX-5';
  pin
    'COM2_TX':
      PIN_NUMBER='(b10,0,0,0,0,0,0,0,0,0,0)';
      PIN_TYPE='ANALOG';
      PIN_GROUP='1';
      NO_LOAD_CHECK='Both';
      NO_IO_CHECK='Both';
      NO_ASSERT_CHECK='TRUE';
      NO_DIR_CHECK='TRUE';
      ALLOW_CONNECT='TRUE';
    'I2C_CLK':
      PIN_NUMBER='(b13,0,0,0,0,0,0,0,0,0,0)';
      PIN_TYPE='ANALOG';
      PIN_GROUP='1';
      NO_LOAD_CHECK='Both';
      NO_IO_CHECK='Both';
      NO_ASSERT_CHECK='TRUE';
      NO_DIR_CHECK='TRUE';
      ALLOW_CONNECT='TRUE';
    'I2C_DATA':
      PIN_NUMBER='(b14,0,0,0,0,0,0,0,0,0,0)';
      PIN_TYPE='ANALOG';
      PIN_GROUP='1';
      NO_LOAD_CHECK='Both';
      NO_IO_CHECK='Both';
      NO_ASSERT_CHECK='TRUE';
      NO_DIR_CHECK='TRUE';
      ALLOW_CONNECT='TRUE';
    'SPI_CLK':
      PIN_NUMBER='(b15,0,0,0,0,0,0,0,0,0,0)';
      PIN_TYPE='ANALOG';
      PIN_GROUP='1';
      NO_LOAD_CHECK='Both';
      NO_IO_CHECK='Both';
      NO_ASSERT_CHECK='TRUE';
      NO_DIR_CHECK='TRUE';
      ALLOW_CONNECT='TRUE';
    'SPI_CS1':
      PIN_NUMBER='(b18,0,0,0,0,0,0,0,0,0,0)';
      PIN_TYPE='ANALOG';
      PIN_GROUP='1';
      NO_LOAD_CHECK='Both';
      NO_IO_CHECK='Both';
      NO_ASSERT_CHECK='TRUE';
      NO_DIR_CHECK='TRUE';
      ALLOW_CONNECT='TRUE';
    'SPI_CS3':
      PIN_NUMBER='(c3,0,0,0,0,0,0,0,0,0,0)';
      PIN_TYPE='ANALOG';
      PIN_GROUP='1';
      NO_LOAD_CHECK='Both';
      NO_IO_CHECK='Both';
      NO_ASSERT_CHECK='TRUE';
      NO_DIR_CHECK='TRUE';
      ALLOW_CONNECT='TRUE';
    'SPI_CS2':
      PIN_NUMBER='(d14,0,0,0,0,0,0,0,0,0,0)';
      PIN_TYPE='ANALOG';
      PIN_GROUP='1';
      NO_LOAD_CHECK='Both';
      NO_IO_CHECK='Both';
      NO_ASSERT_CHECK='TRUE';
      NO_DIR_CHECK='TRUE';
      ALLOW_CONNECT='TRUE';
    'COM2_RX':
      PIN_NUMBER='(d15,0,0,0,0,0,0,0,0,0,0)';
      PIN_TYPE='ANALOG';
      PIN_GROUP='1';
      NO_LOAD_CHECK='Both';
      NO_IO_CHECK='Both';
      NO_ASSERT_CHECK='TRUE';
      NO_DIR_CHECK='TRUE';
      ALLOW_CONNECT='TRUE';
    'COM1_TX':
      PIN_NUMBER='(d17,0,0,0,0,0,0,0,0,0,0)';
      PIN_TYPE='ANALOG';
      PIN_GROUP='1';
      NO_LOAD_CHECK='Both';
      NO_IO_CHECK='Both';
      NO_ASSERT_CHECK='TRUE';
      NO_DIR_CHECK='TRUE';
      ALLOW_CONNECT='TRUE';
    'SPI_MOSI':
      PIN_NUMBER='(e4,0,0,0,0,0,0,0,0,0,0)';
      PIN_TYPE='ANALOG';
      PIN_GROUP='1';
      NO_LOAD_CHECK='Both';
      NO_IO_CHECK='Both';
      NO_ASSERT_CHECK='TRUE';
      NO_DIR_CHECK='TRUE';
      ALLOW_CONNECT='TRUE';
    'COM1_RX':
      PIN_NUMBER='(e16,0,0,0,0,0,0,0,0,0,0)';
      PIN_TYPE='ANALOG';
      PIN_GROUP='1';
      NO_LOAD_CHECK='Both';
      NO_IO_CHECK='Both';
      NO_ASSERT_CHECK='TRUE';
      NO_DIR_CHECK='TRUE';
      ALLOW_CONNECT='TRUE';
    'SPI_CS4':
      PIN_NUMBER='(f3,0,0,0,0,0,0,0,0,0,0)';
      PIN_TYPE='ANALOG';
      PIN_GROUP='1';
      NO_LOAD_CHECK='Both';
      NO_IO_CHECK='Both';
      NO_ASSERT_CHECK='TRUE';
      NO_DIR_CHECK='TRUE';
      ALLOW_CONNECT='TRUE';
    'SPI_CS5':
      PIN_NUMBER='(g3,0,0,0,0,0,0,0,0,0,0)';
      PIN_TYPE='ANALOG';
      PIN_GROUP='1';
      NO_LOAD_CHECK='Both';
      NO_IO_CHECK='Both';
      NO_ASSERT_CHECK='TRUE';
      NO_DIR_CHECK='TRUE';
      ALLOW_CONNECT='TRUE';
    'SPI_MISO':
      PIN_NUMBER='(h17,0,0,0,0,0,0,0,0,0,0)';
      PIN_TYPE='ANALOG';
      PIN_GROUP='1';
      NO_LOAD_CHECK='Both';
      NO_IO_CHECK='Both';
      NO_ASSERT_CHECK='TRUE';
      NO_DIR_CHECK='TRUE';
      ALLOW_CONNECT='TRUE';
    'COM2_USB':
      PIN_NUMBER='(v16,0,0,0,0,0,0,0,0,0,0)';
      PIN_TYPE='ANALOG';
      PIN_GROUP='1';
      NO_LOAD_CHECK='Both';
      NO_IO_CHECK='Both';
      NO_ASSERT_CHECK='TRUE';
      NO_DIR_CHECK='TRUE';
      ALLOW_CONNECT='TRUE';
    'COM1_USB':
      PIN_NUMBER='(v17,0,0,0,0,0,0,0,0,0,0)';
      PIN_TYPE='ANALOG';
      PIN_GROUP='1';
      NO_LOAD_CHECK='Both';
      NO_IO_CHECK='Both';
      NO_ASSERT_CHECK='TRUE';
      NO_DIR_CHECK='TRUE';
      ALLOW_CONNECT='TRUE';
    '400MHZ_IN':
      PIN_NUMBER='(d12,0,u10,0,0,0,0,0,0,0,0)';
      PIN_TYPE='ANALOG';
      PIN_GROUP='1';
      NO_LOAD_CHECK='Both';
      NO_IO_CHECK='Both';
      NO_ASSERT_CHECK='TRUE';
      NO_DIR_CHECK='TRUE';
      ALLOW_CONNECT='TRUE';
    '1_SINT_720':
      PIN_NUMBER='(c10,0,0,c12,0,0,0,0,0,0,0)';
      PIN_TYPE='ANALOG';
      PIN_GROUP='1';
      NO_LOAD_CHECK='Both';
      NO_IO_CHECK='Both';
      NO_ASSERT_CHECK='TRUE';
      NO_DIR_CHECK='TRUE';
      ALLOW_CONNECT='TRUE';
    '2_SINT_720':
      PIN_NUMBER='(d8,0,0,c13,0,0,0,0,0,0,0)';
      PIN_TYPE='ANALOG';
      PIN_GROUP='1';
      NO_LOAD_CHECK='Both';
      NO_IO_CHECK='Both';
      NO_ASSERT_CHECK='TRUE';
      NO_DIR_CHECK='TRUE';
      ALLOW_CONNECT='TRUE';
    '4_SINT_720':
      PIN_NUMBER='(d10,0,0,g4,0,0,0,0,0,0,0)';
      PIN_TYPE='ANALOG';
      PIN_GROUP='1';
      NO_LOAD_CHECK='Both';
      NO_IO_CHECK='Both';
      NO_ASSERT_CHECK='TRUE';
      NO_DIR_CHECK='TRUE';
      ALLOW_CONNECT='TRUE';
    '3_SINT_720':
      PIN_NUMBER='(d9,0,0,g14,0,0,0,0,0,0,0)';
      PIN_TYPE='ANALOG';
      PIN_GROUP='1';
      NO_LOAD_CHECK='Both';
      NO_IO_CHECK='Both';
      NO_ASSERT_CHECK='TRUE';
      NO_DIR_CHECK='TRUE';
      ALLOW_CONNECT='TRUE';
    'CCLK_0':
      PIN_NUMBER='(b9,0,0,0,0,n8,0,0,0,0,0)';
      PIN_TYPE='ANALOG';
      PIN_GROUP='1';
      NO_LOAD_CHECK='Both';
      NO_IO_CHECK='Both';
      NO_ASSERT_CHECK='TRUE';
      NO_DIR_CHECK='TRUE';
      ALLOW_CONNECT='TRUE';
    'AVSS_0':
      PIN_NUMBER='(c8,0,0,0,0,0,h9,0,0,0,0)';
      PINUSE='POWER';
      NO_LOAD_CHECK='Both';
      NO_IO_CHECK='Both';
      NO_ASSERT_CHECK='TRUE';
      NO_DIR_CHECK='TRUE';
      ALLOW_CONNECT='TRUE';
    'AVDD_0':
      PIN_NUMBER='(d13,0,0,0,0,0,h10,0,0,0,0)';
      PINUSE='POWER';
      NO_LOAD_CHECK='Both';
      NO_IO_CHECK='Both';
      NO_ASSERT_CHECK='TRUE';
      NO_DIR_CHECK='TRUE';
      ALLOW_CONNECT='TRUE';
    'CLK_I_OUT-':
      PIN_NUMBER='(e12,0,0,0,0,0,0,v11,0,0,0)';
      PIN_TYPE='ANALOG';
      PIN_GROUP='1';
      NO_LOAD_CHECK='Both';
      NO_IO_CHECK='Both';
      NO_ASSERT_CHECK='TRUE';
      NO_DIR_CHECK='TRUE';
      ALLOW_CONNECT='TRUE';
    'CLKO':
      PIN_NUMBER='(b6,0,0,0,0,0,0,0,0,p9,0)';
      PIN_TYPE='ANALOG';
      PIN_GROUP='1';
      NO_LOAD_CHECK='Both';
      NO_IO_CHECK='Both';
      NO_ASSERT_CHECK='TRUE';
      NO_DIR_CHECK='TRUE';
      ALLOW_CONNECT='TRUE';
    '-OUT_CLK_Q_LVDS':
      PIN_NUMBER='(0,e5,0,0,0,0,0,0,0,0,0)';
      PIN_TYPE='ANALOG';
      PIN_GROUP='1';
      NO_LOAD_CHECK='Both';
      NO_IO_CHECK='Both';
      NO_ASSERT_CHECK='TRUE';
      NO_DIR_CHECK='TRUE';
      ALLOW_CONNECT='TRUE';
    'OUT_CLK_Q_LVDS_P':
      PIN_NUMBER='(0,e6,0,0,0,0,0,0,0,0,0)';
      PIN_TYPE='ANALOG';
      PIN_GROUP='1';
      NO_LOAD_CHECK='Both';
      NO_IO_CHECK='Both';
      NO_ASSERT_CHECK='TRUE';
      NO_DIR_CHECK='TRUE';
      ALLOW_CONNECT='TRUE';
    '-OUT_I_LVDS':
      PIN_NUMBER='(0,e7,0,0,0,0,0,0,0,0,0)';
      PIN_TYPE='ANALOG';
      PIN_GROUP='1';
      NO_LOAD_CHECK='Both';
      NO_IO_CHECK='Both';
      NO_ASSERT_CHECK='TRUE';
      NO_DIR_CHECK='TRUE';
      ALLOW_CONNECT='TRUE';
    'OUT_I_LVDS_P':
      PIN_NUMBER='(0,e9,0,0,0,0,0,0,0,0,0)';
      PIN_TYPE='ANALOG';
      PIN_GROUP='1';
      NO_LOAD_CHECK='Both';
      NO_IO_CHECK='Both';
      NO_ASSERT_CHECK='TRUE';
      NO_DIR_CHECK='TRUE';
      ALLOW_CONNECT='TRUE';
    '-OUT_Q_LVDS':
      PIN_NUMBER='(0,e10,0,0,0,0,0,0,0,0,0)';
      PIN_TYPE='ANALOG';
      PIN_GROUP='1';
      NO_LOAD_CHECK='Both';
      NO_IO_CHECK='Both';
      NO_ASSERT_CHECK='TRUE';
      NO_DIR_CHECK='TRUE';
      ALLOW_CONNECT='TRUE';
    'OUT_Q_LVDS_P':
      PIN_NUMBER='(0,e11,0,0,0,0,0,0,0,0,0)';
      PIN_TYPE='ANALOG';
      PIN_GROUP='1';
      NO_LOAD_CHECK='Both';
      NO_IO_CHECK='Both';
      NO_ASSERT_CHECK='TRUE';
      NO_DIR_CHECK='TRUE';
      ALLOW_CONNECT='TRUE';
    'ZAHVAT_F_720':
      PIN_NUMBER='(0,e15,0,0,0,0,0,0,0,0,0)';
      PIN_TYPE='ANALOG';
      PIN_GROUP='1';
      NO_LOAD_CHECK='Both';
      NO_IO_CHECK='Both';
      NO_ASSERT_CHECK='TRUE';
      NO_DIR_CHECK='TRUE';
      ALLOW_CONNECT='TRUE';
    '-OUT_CLK_I_LVDS':
      PIN_NUMBER='(0,j3,0,0,0,0,0,0,0,0,0)';
      PIN_TYPE='ANALOG';
      PIN_GROUP='1';
      NO_LOAD_CHECK='Both';
      NO_IO_CHECK='Both';
      NO_ASSERT_CHECK='TRUE';
      NO_DIR_CHECK='TRUE';
      ALLOW_CONNECT='TRUE';
    'OUT_CLK_I_LVDS_P':
      PIN_NUMBER='(0,k4,0,0,0,0,0,0,0,0,0)';
      PIN_TYPE='ANALOG';
      PIN_GROUP='1';
      NO_LOAD_CHECK='Both';
      NO_IO_CHECK='Both';
      NO_ASSERT_CHECK='TRUE';
      NO_DIR_CHECK='TRUE';
      ALLOW_CONNECT='TRUE';
    'ZAHVAT_T_80':
      PIN_NUMBER='(0,n2,0,0,0,0,0,0,0,0,0)';
      PIN_TYPE='ANALOG';
      PIN_GROUP='1';
      NO_LOAD_CHECK='Both';
      NO_IO_CHECK='Both';
      NO_ASSERT_CHECK='TRUE';
      NO_DIR_CHECK='TRUE';
      ALLOW_CONNECT='TRUE';
    'DDS_CRYSTAL_OUT':
      PIN_NUMBER='(0,0,g9,0,0,0,0,0,0,0,0)';
      PIN_TYPE='ANALOG';
      PIN_GROUP='1';
      NO_LOAD_CHECK='Both';
      NO_IO_CHECK='Both';
      NO_ASSERT_CHECK='TRUE';
      NO_DIR_CHECK='TRUE';
      ALLOW_CONNECT='TRUE';
    'I/O_UPDATE':
      PIN_NUMBER='(0,0,r2,0,0,0,0,0,0,0,0)';
      PIN_TYPE='ANALOG';
      PIN_GROUP='1';
      NO_LOAD_CHECK='Both';
      NO_IO_CHECK='Both';
      NO_ASSERT_CHECK='TRUE';
      NO_DIR_CHECK='TRUE';
      ALLOW_CONNECT='TRUE';
    'DDS_SDIO':
      PIN_NUMBER='(0,0,t2,0,0,0,0,0,0,0,0)';
      PIN_TYPE='ANALOG';
      PIN_GROUP='1';
      NO_LOAD_CHECK='Both';
      NO_IO_CHECK='Both';
      NO_ASSERT_CHECK='TRUE';
      NO_DIR_CHECK='TRUE';
      ALLOW_CONNECT='TRUE';
    'DDS_PWRDWNCTL':
      PIN_NUMBER='(0,0,t7,0,0,0,0,0,0,0,0)';
      PIN_TYPE='ANALOG';
      PIN_GROUP='1';
      NO_LOAD_CHECK='Both';
      NO_IO_CHECK='Both';
      NO_ASSERT_CHECK='TRUE';
      NO_DIR_CHECK='TRUE';
      ALLOW_CONNECT='TRUE';
    'REF_CLOCK_DDS_P':
      PIN_NUMBER='(0,0,u1,0,0,0,0,0,0,0,0)';
      PIN_TYPE='ANALOG';
      PIN_GROUP='1';
      NO_LOAD_CHECK='Both';
      NO_IO_CHECK='Both';
      NO_ASSERT_CHECK='TRUE';
      NO_DIR_CHECK='TRUE';
      ALLOW_CONNECT='TRUE';
    'DDS_CS':
      PIN_NUMBER='(0,0,u3,0,0,0,0,0,0,0,0)';
      PIN_TYPE='ANALOG';
      PIN_GROUP='1';
      NO_LOAD_CHECK='Both';
      NO_IO_CHECK='Both';
      NO_ASSERT_CHECK='TRUE';
      NO_DIR_CHECK='TRUE';
      ALLOW_CONNECT='TRUE';
    'DDS_RESET':
      PIN_NUMBER='(0,0,u4,0,0,0,0,0,0,0,0)';
      PIN_TYPE='ANALOG';
      PIN_GROUP='1';
      NO_LOAD_CHECK='Both';
      NO_IO_CHECK='Both';
      NO_ASSERT_CHECK='TRUE';
      NO_DIR_CHECK='TRUE';
      ALLOW_CONNECT='TRUE';
    'ETALON_IN_20MHZ':
      PIN_NUMBER='(0,0,u14,0,0,0,0,0,0,0,0)';
      PIN_TYPE='ANALOG';
      PIN_GROUP='1';
      NO_LOAD_CHECK='Both';
      NO_IO_CHECK='Both';
      NO_ASSERT_CHECK='TRUE';
      NO_DIR_CHECK='TRUE';
      ALLOW_CONNECT='TRUE';
    '-REF_CLOCK_DDS':
      PIN_NUMBER='(0,0,v1,0,0,0,0,0,0,0,0)';
      PIN_TYPE='ANALOG';
      PIN_GROUP='1';
      NO_LOAD_CHECK='Both';
      NO_IO_CHECK='Both';
      NO_ASSERT_CHECK='TRUE';
      NO_DIR_CHECK='TRUE';
      ALLOW_CONNECT='TRUE';
    'DDS_SCLK':
      PIN_NUMBER='(0,0,v2,0,0,0,0,0,0,0,0)';
      PIN_TYPE='ANALOG';
      PIN_GROUP='1';
      NO_LOAD_CHECK='Both';
      NO_IO_CHECK='Both';
      NO_ASSERT_CHECK='TRUE';
      NO_DIR_CHECK='TRUE';
      ALLOW_CONNECT='TRUE';
    'DDS_SDO':
      PIN_NUMBER='(0,0,v3,0,0,0,0,0,0,0,0)';
      PIN_TYPE='ANALOG';
      PIN_GROUP='1';
      NO_LOAD_CHECK='Both';
      NO_IO_CHECK='Both';
      NO_ASSERT_CHECK='TRUE';
      NO_DIR_CHECK='TRUE';
      ALLOW_CONNECT='TRUE';
    'MOSI_SINT_720':
      PIN_NUMBER='(0,0,0,d3,0,0,0,0,0,0,0)';
      PIN_TYPE='ANALOG';
      PIN_GROUP='1';
      NO_LOAD_CHECK='Both';
      NO_IO_CHECK='Both';
      NO_ASSERT_CHECK='TRUE';
      NO_DIR_CHECK='TRUE';
      ALLOW_CONNECT='TRUE';
    'POWERDOWN_SINT_720':
      PIN_NUMBER='(0,0,0,d4,0,0,0,0,0,0,0)';
      PIN_TYPE='ANALOG';
      PIN_GROUP='1';
      NO_LOAD_CHECK='Both';
      NO_IO_CHECK='Both';
      NO_ASSERT_CHECK='TRUE';
      NO_DIR_CHECK='TRUE';
      ALLOW_CONNECT='TRUE';
    'TEST_SINT_720':
      PIN_NUMBER='(0,0,0,d5,0,0,0,0,0,0,0)';
      PIN_TYPE='ANALOG';
      PIN_GROUP='1';
      NO_LOAD_CHECK='Both';
      NO_IO_CHECK='Both';
      NO_ASSERT_CHECK='TRUE';
      NO_DIR_CHECK='TRUE';
      ALLOW_CONNECT='TRUE';
    'VCO_OUT':
      PIN_NUMBER='(0,0,0,d7,0,0,0,0,0,0,0)';
      PIN_TYPE='ANALOG';
      PIN_GROUP='1';
      NO_LOAD_CHECK='Both';
      NO_IO_CHECK='Both';
      NO_ASSERT_CHECK='TRUE';
      NO_DIR_CHECK='TRUE';
      ALLOW_CONNECT='TRUE';
    'LE_SINT_720':
      PIN_NUMBER='(0,0,0,e14,0,0,0,0,0,0,0)';
      PIN_TYPE='ANALOG';
      PIN_GROUP='1';
      NO_LOAD_CHECK='Both';
      NO_IO_CHECK='Both';
      NO_ASSERT_CHECK='TRUE';
      NO_DIR_CHECK='TRUE';
      ALLOW_CONNECT='TRUE';
    'MISO_SINT_720':
      PIN_NUMBER='(0,0,0,e17,0,0,0,0,0,0,0)';
      PIN_TYPE='ANALOG';
      PIN_GROUP='1';
      NO_LOAD_CHECK='Both';
      NO_IO_CHECK='Both';
      NO_ASSERT_CHECK='TRUE';
      NO_DIR_CHECK='TRUE';
      ALLOW_CONNECT='TRUE';
    'CLK_SINT_720':
      PIN_NUMBER='(0,0,0,g13,0,0,0,0,0,0,0)';
      PIN_TYPE='ANALOG';
      PIN_GROUP='1';
      NO_LOAD_CHECK='Both';
      NO_IO_CHECK='Both';
      NO_ASSERT_CHECK='TRUE';
      NO_DIR_CHECK='TRUE';
      ALLOW_CONNECT='TRUE';
    '-Q_D4':
      PIN_NUMBER='(0,0,0,0,a1,0,0,0,0,0,0)';
      PIN_TYPE='ANALOG';
      PIN_GROUP='2';
      NO_LOAD_CHECK='Both';
      NO_IO_CHECK='Both';
      NO_ASSERT_CHECK='TRUE';
      NO_DIR_CHECK='TRUE';
      ALLOW_CONNECT='TRUE';
    'Q_D4_P':
      PIN_NUMBER='(0,0,0,0,a2,0,0,0,0,0,0)';
      PIN_TYPE='ANALOG';
      PIN_GROUP='2';
      NO_LOAD_CHECK='Both';
      NO_IO_CHECK='Both';
      NO_ASSERT_CHECK='TRUE';
      NO_DIR_CHECK='TRUE';
      ALLOW_CONNECT='TRUE';
    'Q_D5_P':
      PIN_NUMBER='(0,0,0,0,a3,0,0,0,0,0,0)';
      PIN_TYPE='ANALOG';
      PIN_GROUP='2';
      NO_LOAD_CHECK='Both';
      NO_IO_CHECK='Both';
      NO_ASSERT_CHECK='TRUE';
      NO_DIR_CHECK='TRUE';
      ALLOW_CONNECT='TRUE';
    'Q_D6_P':
      PIN_NUMBER='(0,0,0,0,a4,0,0,0,0,0,0)';
      PIN_TYPE='ANALOG';
      PIN_GROUP='2';
      NO_LOAD_CHECK='Both';
      NO_IO_CHECK='Both';
      NO_ASSERT_CHECK='TRUE';
      NO_DIR_CHECK='TRUE';
      ALLOW_CONNECT='TRUE';
    'Q_DC0_P':
      PIN_NUMBER='(0,0,0,0,a6,0,0,0,0,0,0)';
      PIN_TYPE='ANALOG';
      PIN_GROUP='2';
      NO_LOAD_CHECK='Both';
      NO_IO_CHECK='Both';
      NO_ASSERT_CHECK='TRUE';
      NO_DIR_CHECK='TRUE';
      ALLOW_CONNECT='TRUE';
    '-Q_DC0':
      PIN_NUMBER='(0,0,0,0,a7,0,0,0,0,0,0)';
      PIN_TYPE='ANALOG';
      PIN_GROUP='2';
      NO_LOAD_CHECK='Both';
      NO_IO_CHECK='Both';
      NO_ASSERT_CHECK='TRUE';
      NO_DIR_CHECK='TRUE';
      ALLOW_CONNECT='TRUE';
    'I_CLK_P':
      PIN_NUMBER='(0,0,0,0,a8,0,0,0,0,0,0)';
      PIN_TYPE='ANALOG';
      PIN_GROUP='1';
      NO_LOAD_CHECK='Both';
      NO_IO_CHECK='Both';
      NO_ASSERT_CHECK='TRUE';
      NO_DIR_CHECK='TRUE';
      ALLOW_CONNECT='TRUE';
    '-I_CLK':
      PIN_NUMBER='(0,0,0,0,a9,0,0,0,0,0,0)';
      PIN_TYPE='ANALOG';
      PIN_GROUP='1';
      NO_LOAD_CHECK='Both';
      NO_IO_CHECK='Both';
      NO_ASSERT_CHECK='TRUE';
      NO_DIR_CHECK='TRUE';
      ALLOW_CONNECT='TRUE';
    'I_DC0_P':
      PIN_NUMBER='(0,0,0,0,a11,0,0,0,0,0,0)';
      PIN_TYPE='ANALOG';
      PIN_GROUP='1';
      NO_LOAD_CHECK='Both';
      NO_IO_CHECK='Both';
      NO_ASSERT_CHECK='TRUE';
      NO_DIR_CHECK='TRUE';
      ALLOW_CONNECT='TRUE';
    '-I_DC0':
      PIN_NUMBER='(0,0,0,0,a12,0,0,0,0,0,0)';
      PIN_TYPE='ANALOG';
      PIN_GROUP='1';
      NO_LOAD_CHECK='Both';
      NO_IO_CHECK='Both';
      NO_ASSERT_CHECK='TRUE';
      NO_DIR_CHECK='TRUE';
      ALLOW_CONNECT='TRUE';
    '-I_D1':
      PIN_NUMBER='(0,0,0,0,a13,0,0,0,0,0,0)';
      PIN_TYPE='ANALOG';
      PIN_GROUP='1';
      NO_LOAD_CHECK='Both';
      NO_IO_CHECK='Both';
      NO_ASSERT_CHECK='TRUE';
      NO_DIR_CHECK='TRUE';
      ALLOW_CONNECT='TRUE';
    'I_D1_P':
      PIN_NUMBER='(0,0,0,0,a14,0,0,0,0,0,0)';
      PIN_TYPE='ANALOG';
      PIN_GROUP='1';
      NO_LOAD_CHECK='Both';
      NO_IO_CHECK='Both';
      NO_ASSERT_CHECK='TRUE';
      NO_DIR_CHECK='TRUE';
      ALLOW_CONNECT='TRUE';
    'I_D2_P':
      PIN_NUMBER='(0,0,0,0,a16,0,0,0,0,0,0)';
      PIN_TYPE='ANALOG';
      PIN_GROUP='1';
      NO_LOAD_CHECK='Both';
      NO_IO_CHECK='Both';
      NO_ASSERT_CHECK='TRUE';
      NO_DIR_CHECK='TRUE';
      ALLOW_CONNECT='TRUE';
    '-I_D3':
      PIN_NUMBER='(0,0,0,0,a17,0,0,0,0,0,0)';
      PIN_TYPE='ANALOG';
      PIN_GROUP='1';
      NO_LOAD_CHECK='Both';
      NO_IO_CHECK='Both';
      NO_ASSERT_CHECK='TRUE';
      NO_DIR_CHECK='TRUE';
      ALLOW_CONNECT='TRUE';
    'I_D3_P':
      PIN_NUMBER='(0,0,0,0,a18,0,0,0,0,0,0)';
      PIN_TYPE='ANALOG';
      PIN_GROUP='1';
      NO_LOAD_CHECK='Both';
      NO_IO_CHECK='Both';
      NO_ASSERT_CHECK='TRUE';
      NO_DIR_CHECK='TRUE';
      ALLOW_CONNECT='TRUE';
    'Q_D7_P':
      PIN_NUMBER='(0,0,0,0,b1,0,0,0,0,0,0)';
      PIN_TYPE='ANALOG';
      PIN_GROUP='2';
      NO_LOAD_CHECK='Both';
      NO_IO_CHECK='Both';
      NO_ASSERT_CHECK='TRUE';
      NO_DIR_CHECK='TRUE';
      ALLOW_CONNECT='TRUE';
    '-Q_D5':
      PIN_NUMBER='(0,0,0,0,b3,0,0,0,0,0,0)';
      PIN_TYPE='ANALOG';
      PIN_GROUP='2';
      NO_LOAD_CHECK='Both';
      NO_IO_CHECK='Both';
      NO_ASSERT_CHECK='TRUE';
      NO_DIR_CHECK='TRUE';
      ALLOW_CONNECT='TRUE';
    '-Q_D6':
      PIN_NUMBER='(0,0,0,0,b4,0,0,0,0,0,0)';
      PIN_TYPE='ANALOG';
      PIN_GROUP='2';
      NO_LOAD_CHECK='Both';
      NO_IO_CHECK='Both';
      NO_ASSERT_CHECK='TRUE';
      NO_DIR_CHECK='TRUE';
      ALLOW_CONNECT='TRUE';
    '-I_D2':
      PIN_NUMBER='(0,0,0,0,b16,0,0,0,0,0,0)';
      PIN_TYPE='ANALOG';
      PIN_GROUP='1';
      NO_LOAD_CHECK='Both';
      NO_IO_CHECK='Both';
      NO_ASSERT_CHECK='TRUE';
      NO_DIR_CHECK='TRUE';
      ALLOW_CONNECT='TRUE';
    '-Q_D7':
      PIN_NUMBER='(0,0,0,0,c1,0,0,0,0,0,0)';
      PIN_TYPE='ANALOG';
      PIN_GROUP='2';
      NO_LOAD_CHECK='Both';
      NO_IO_CHECK='Both';
      NO_ASSERT_CHECK='TRUE';
      NO_DIR_CHECK='TRUE';
      ALLOW_CONNECT='TRUE';
    'I_D0_P':
      PIN_NUMBER='(0,0,0,0,c18,0,0,0,0,0,0)';
      PIN_TYPE='ANALOG';
      PIN_GROUP='1';
      NO_LOAD_CHECK='Both';
      NO_IO_CHECK='Both';
      NO_ASSERT_CHECK='TRUE';
      NO_DIR_CHECK='TRUE';
      ALLOW_CONNECT='TRUE';
    '-I_D0':
      PIN_NUMBER='(0,0,0,0,d18,0,0,0,0,0,0)';
      PIN_TYPE='ANALOG';
      PIN_GROUP='1';
      NO_LOAD_CHECK='Both';
      NO_IO_CHECK='Both';
      NO_ASSERT_CHECK='TRUE';
      NO_DIR_CHECK='TRUE';
      ALLOW_CONNECT='TRUE';
    'Q_D3_P':
      PIN_NUMBER='(0,0,0,0,e1,0,0,0,0,0,0)';
      PIN_TYPE='ANALOG';
      PIN_GROUP='2';
      NO_LOAD_CHECK='Both';
      NO_IO_CHECK='Both';
      NO_ASSERT_CHECK='TRUE';
      NO_DIR_CHECK='TRUE';
      ALLOW_CONNECT='TRUE';
    '-Q_D3':
      PIN_NUMBER='(0,0,0,0,f1,0,0,0,0,0,0)';
      PIN_TYPE='ANALOG';
      PIN_GROUP='2';
      NO_LOAD_CHECK='Both';
      NO_IO_CHECK='Both';
      NO_ASSERT_CHECK='TRUE';
      NO_DIR_CHECK='TRUE';
      ALLOW_CONNECT='TRUE';
    '-I_D4':
      PIN_NUMBER='(0,0,0,0,f17,0,0,0,0,0,0)';
      PIN_TYPE='ANALOG';
      PIN_GROUP='1';
      NO_LOAD_CHECK='Both';
      NO_IO_CHECK='Both';
      NO_ASSERT_CHECK='TRUE';
      NO_DIR_CHECK='TRUE';
      ALLOW_CONNECT='TRUE';
    'I_D4_P':
      PIN_NUMBER='(0,0,0,0,f18,0,0,0,0,0,0)';
      PIN_TYPE='ANALOG';
      PIN_GROUP='1';
      NO_LOAD_CHECK='Both';
      NO_IO_CHECK='Both';
      NO_ASSERT_CHECK='TRUE';
      NO_DIR_CHECK='TRUE';
      ALLOW_CONNECT='TRUE';
    'Q_D2_P':
      PIN_NUMBER='(0,0,0,0,g1,0,0,0,0,0,0)';
      PIN_TYPE='ANALOG';
      PIN_GROUP='2';
      NO_LOAD_CHECK='Both';
      NO_IO_CHECK='Both';
      NO_ASSERT_CHECK='TRUE';
      NO_DIR_CHECK='TRUE';
      ALLOW_CONNECT='TRUE';
    '-I_D5':
      PIN_NUMBER='(0,0,0,0,g18,0,0,0,0,0,0)';
      PIN_TYPE='ANALOG';
      PIN_GROUP='1';
      NO_LOAD_CHECK='Both';
      NO_IO_CHECK='Both';
      NO_ASSERT_CHECK='TRUE';
      NO_DIR_CHECK='TRUE';
      ALLOW_CONNECT='TRUE';
    '-Q_D2':
      PIN_NUMBER='(0,0,0,0,h1,0,0,0,0,0,0)';
      PIN_TYPE='ANALOG';
      PIN_GROUP='2';
      NO_LOAD_CHECK='Both';
      NO_IO_CHECK='Both';
      NO_ASSERT_CHECK='TRUE';
      NO_DIR_CHECK='TRUE';
      ALLOW_CONNECT='TRUE';
    'I_D5_P':
      PIN_NUMBER='(0,0,0,0,h18,0,0,0,0,0,0)';
      PIN_TYPE='ANALOG';
      PIN_GROUP='1';
      NO_LOAD_CHECK='Both';
      NO_IO_CHECK='Both';
      NO_ASSERT_CHECK='TRUE';
      NO_DIR_CHECK='TRUE';
      ALLOW_CONNECT='TRUE';
    'Q_D1_P':
      PIN_NUMBER='(0,0,0,0,k1,0,0,0,0,0,0)';
      PIN_TYPE='ANALOG';
      PIN_GROUP='2';
      NO_LOAD_CHECK='Both';
      NO_IO_CHECK='Both';
      NO_ASSERT_CHECK='TRUE';
      NO_DIR_CHECK='TRUE';
      ALLOW_CONNECT='TRUE';
    '-Q_D1':
      PIN_NUMBER='(0,0,0,0,k2,0,0,0,0,0,0)';
      PIN_TYPE='ANALOG';
      PIN_GROUP='2';
      NO_LOAD_CHECK='Both';
      NO_IO_CHECK='Both';
      NO_ASSERT_CHECK='TRUE';
      NO_DIR_CHECK='TRUE';
      ALLOW_CONNECT='TRUE';
    'Q_D0_P':
      PIN_NUMBER='(0,0,0,0,l1,0,0,0,0,0,0)';
      PIN_TYPE='ANALOG';
      PIN_GROUP='2';
      NO_LOAD_CHECK='Both';
      NO_IO_CHECK='Both';
      NO_ASSERT_CHECK='TRUE';
      NO_DIR_CHECK='TRUE';
      ALLOW_CONNECT='TRUE';
    '-Q_D0':
      PIN_NUMBER='(0,0,0,0,l2,0,0,0,0,0,0)';
      PIN_TYPE='ANALOG';
      PIN_GROUP='2';
      NO_LOAD_CHECK='Both';
      NO_IO_CHECK='Both';
      NO_ASSERT_CHECK='TRUE';
      NO_DIR_CHECK='TRUE';
      ALLOW_CONNECT='TRUE';
    'I_D6_P':
      PIN_NUMBER='(0,0,0,0,l18,0,0,0,0,0,0)';
      PIN_TYPE='ANALOG';
      PIN_GROUP='1';
      NO_LOAD_CHECK='Both';
      NO_IO_CHECK='Both';
      NO_ASSERT_CHECK='TRUE';
      NO_DIR_CHECK='TRUE';
      ALLOW_CONNECT='TRUE';
    '-Q_CLK':
      PIN_NUMBER='(0,0,0,0,m1,0,0,0,0,0,0)';
      PIN_TYPE='ANALOG';
      PIN_GROUP='2';
      NO_LOAD_CHECK='Both';
      NO_IO_CHECK='Both';
      NO_ASSERT_CHECK='TRUE';
      NO_DIR_CHECK='TRUE';
      ALLOW_CONNECT='TRUE';
    '-I_D6':
      PIN_NUMBER='(0,0,0,0,m18,0,0,0,0,0,0)';
      PIN_TYPE='ANALOG';
      PIN_GROUP='1';
      NO_LOAD_CHECK='Both';
      NO_IO_CHECK='Both';
      NO_ASSERT_CHECK='TRUE';
      NO_DIR_CHECK='TRUE';
      ALLOW_CONNECT='TRUE';
    'Q_CLK_P':
      PIN_NUMBER='(0,0,0,0,n1,0,0,0,0,0,0)';
      PIN_TYPE='ANALOG';
      PIN_GROUP='2';
      NO_LOAD_CHECK='Both';
      NO_IO_CHECK='Both';
      NO_ASSERT_CHECK='TRUE';
      NO_DIR_CHECK='TRUE';
      ALLOW_CONNECT='TRUE';
    '-I_D7':
      PIN_NUMBER='(0,0,0,0,n18,0,0,0,0,0,0)';
      PIN_TYPE='ANALOG';
      PIN_GROUP='1';
      NO_LOAD_CHECK='Both';
      NO_IO_CHECK='Both';
      NO_ASSERT_CHECK='TRUE';
      NO_DIR_CHECK='TRUE';
      ALLOW_CONNECT='TRUE';
    'I_D7_P':
      PIN_NUMBER='(0,0,0,0,p18,0,0,0,0,0,0)';
      PIN_TYPE='ANALOG';
      PIN_GROUP='1';
      NO_LOAD_CHECK='Both';
      NO_IO_CHECK='Both';
      NO_ASSERT_CHECK='TRUE';
      NO_DIR_CHECK='TRUE';
      ALLOW_CONNECT='TRUE';
    'VTUNE4':
      PIN_NUMBER='(0,0,0,0,0,c15,0,0,0,0,0)';
      PIN_TYPE='ANALOG';
      PIN_GROUP='1';
      NO_LOAD_CHECK='Both';
      NO_IO_CHECK='Both';
      NO_ASSERT_CHECK='TRUE';
      NO_DIR_CHECK='TRUE';
      ALLOW_CONNECT='TRUE';
    'VTUNE3':
      PIN_NUMBER='(0,0,0,0,0,c16,0,0,0,0,0)';
      PIN_TYPE='ANALOG';
      PIN_GROUP='1';
      NO_LOAD_CHECK='Both';
      NO_IO_CHECK='Both';
      NO_ASSERT_CHECK='TRUE';
      NO_DIR_CHECK='TRUE';
      ALLOW_CONNECT='TRUE';
    'VTUNE2':
      PIN_NUMBER='(0,0,0,0,0,c17,0,0,0,0,0)';
      PIN_TYPE='ANALOG';
      PIN_GROUP='1';
      NO_LOAD_CHECK='Both';
      NO_IO_CHECK='Both';
      NO_ASSERT_CHECK='TRUE';
      NO_DIR_CHECK='TRUE';
      ALLOW_CONNECT='TRUE';
    'D0':
      PIN_NUMBER='(0,0,0,0,0,g5,0,0,0,0,0)';
      PIN_TYPE='ANALOG';
      PIN_GROUP='1';
      NO_LOAD_CHECK='Both';
      NO_IO_CHECK='Both';
      NO_ASSERT_CHECK='TRUE';
      NO_DIR_CHECK='TRUE';
      ALLOW_CONNECT='TRUE';
    'FCS_B':
      PIN_NUMBER='(0,0,0,0,0,g6,0,0,0,0,0)';
      PIN_TYPE='ANALOG';
      PIN_GROUP='1';
      NO_LOAD_CHECK='Both';
      NO_IO_CHECK='Both';
      NO_ASSERT_CHECK='TRUE';
      NO_DIR_CHECK='TRUE';
      ALLOW_CONNECT='TRUE';
    'MOSI':
      PIN_NUMBER='(0,0,0,0,0,g11,0,0,0,0,0)';
      PIN_TYPE='ANALOG';
      PIN_GROUP='1';
      NO_LOAD_CHECK='Both';
      NO_IO_CHECK='Both';
      NO_ASSERT_CHECK='TRUE';
      NO_DIR_CHECK='TRUE';
      ALLOW_CONNECT='TRUE';
    'VP_0':
      PIN_NUMBER='(0,0,0,0,0,j10,0,0,0,0,0)';
      PIN_TYPE='ANALOG';
      PIN_GROUP='1';
      NO_LOAD_CHECK='Both';
      NO_IO_CHECK='Both';
      NO_ASSERT_CHECK='TRUE';
      NO_DIR_CHECK='TRUE';
      ALLOW_CONNECT='TRUE';
    'VN_0':
      PIN_NUMBER='(0,0,0,0,0,k9,0,0,0,0,0)';
      PIN_TYPE='ANALOG';
      PIN_GROUP='1';
      NO_LOAD_CHECK='Both';
      NO_IO_CHECK='Both';
      NO_ASSERT_CHECK='TRUE';
      NO_DIR_CHECK='TRUE';
      ALLOW_CONNECT='TRUE';
    'DXN_0':
      PIN_NUMBER='(0,0,0,0,0,l9,0,0,0,0,0)';
      PIN_TYPE='ANALOG';
      PIN_GROUP='1';
      NO_LOAD_CHECK='Both';
      NO_IO_CHECK='Both';
      NO_ASSERT_CHECK='TRUE';
      NO_DIR_CHECK='TRUE';
      ALLOW_CONNECT='TRUE';
    'DXP_0':
      PIN_NUMBER='(0,0,0,0,0,l10,0,0,0,0,0)';
      PIN_TYPE='ANALOG';
      PIN_GROUP='1';
      NO_LOAD_CHECK='Both';
      NO_IO_CHECK='Both';
      NO_ASSERT_CHECK='TRUE';
      NO_DIR_CHECK='TRUE';
      ALLOW_CONNECT='TRUE';
    'M1_0':
      PIN_NUMBER='(0,0,0,0,0,l11,0,0,0,0,0)';
      PIN_TYPE='ANALOG';
      NO_LOAD_CHECK='Both';
      NO_IO_CHECK='Both';
      NO_ASSERT_CHECK='TRUE';
      NO_DIR_CHECK='TRUE';
      ALLOW_CONNECT='TRUE';
    'INIT_B_0':
      PIN_NUMBER='(0,0,0,0,0,m8,0,0,0,0,0)';
      PIN_TYPE='ANALOG';
      NO_LOAD_CHECK='Both';
      NO_IO_CHECK='Both';
      NO_ASSERT_CHECK='TRUE';
      NO_DIR_CHECK='TRUE';
      ALLOW_CONNECT='TRUE';
    'TCK_0':
      PIN_NUMBER='(0,0,0,0,0,m9,0,0,0,0,0)';
      PIN_TYPE='ANALOG';
      NO_LOAD_CHECK='Both';
      NO_IO_CHECK='Both';
      NO_ASSERT_CHECK='TRUE';
      NO_DIR_CHECK='TRUE';
      ALLOW_CONNECT='TRUE';
    'FS2':
      PIN_NUMBER='(0,0,0,0,0,m11,0,0,0,0,0)';
      PIN_TYPE='ANALOG';
      NO_LOAD_CHECK='Both';
      NO_IO_CHECK='Both';
      NO_ASSERT_CHECK='TRUE';
      NO_DIR_CHECK='TRUE';
      ALLOW_CONNECT='TRUE';
    'M0_0':
      PIN_NUMBER='(0,0,0,0,0,n12,0,0,0,0,0)';
      PIN_TYPE='ANALOG';
      NO_LOAD_CHECK='Both';
      NO_IO_CHECK='Both';
      NO_ASSERT_CHECK='TRUE';
      NO_DIR_CHECK='TRUE';
      ALLOW_CONNECT='TRUE';
    'M2_0':
      PIN_NUMBER='(0,0,0,0,0,n13,0,0,0,0,0)';
      PIN_TYPE='ANALOG';
      NO_LOAD_CHECK='Both';
      NO_IO_CHECK='Both';
      NO_ASSERT_CHECK='TRUE';
      NO_DIR_CHECK='TRUE';
      ALLOW_CONNECT='TRUE';
    'DONE_0':
      PIN_NUMBER='(0,0,0,0,0,p8,0,0,0,0,0)';
      PIN_TYPE='ANALOG';
      NO_LOAD_CHECK='Both';
      NO_IO_CHECK='Both';
      NO_ASSERT_CHECK='TRUE';
      NO_DIR_CHECK='TRUE';
      ALLOW_CONNECT='TRUE';
    'FS0':
      PIN_NUMBER='(0,0,0,0,0,p12,0,0,0,0,0)';
      PIN_TYPE='ANALOG';
      NO_LOAD_CHECK='Both';
      NO_IO_CHECK='Both';
      NO_ASSERT_CHECK='TRUE';
      NO_DIR_CHECK='TRUE';
      ALLOW_CONNECT='TRUE';
    'FS1':
      PIN_NUMBER='(0,0,0,0,0,p13,0,0,0,0,0)';
      PIN_TYPE='ANALOG';
      NO_LOAD_CHECK='Both';
      NO_IO_CHECK='Both';
      NO_ASSERT_CHECK='TRUE';
      NO_DIR_CHECK='TRUE';
      ALLOW_CONNECT='TRUE';
    'RDWR_B_0':
      PIN_NUMBER='(0,0,0,0,0,p15,0,0,0,0,0)';
      PIN_TYPE='ANALOG';
      PIN_GROUP='1';
      NO_LOAD_CHECK='Both';
      NO_IO_CHECK='Both';
      NO_ASSERT_CHECK='TRUE';
      NO_DIR_CHECK='TRUE';
      ALLOW_CONNECT='TRUE';
    'D_IN_0':
      PIN_NUMBER='(0,0,0,0,0,r7,0,0,0,0,0)';
      PIN_TYPE='ANALOG';
      PIN_GROUP='1';
      NO_LOAD_CHECK='Both';
      NO_IO_CHECK='Both';
      NO_ASSERT_CHECK='TRUE';
      NO_DIR_CHECK='TRUE';
      ALLOW_CONNECT='TRUE';
    'CS_B_0':
      PIN_NUMBER='(0,0,0,0,0,r16,0,0,0,0,0)';
      PIN_TYPE='ANALOG';
      NO_LOAD_CHECK='Both';
      NO_IO_CHECK='Both';
      NO_ASSERT_CHECK='TRUE';
      NO_DIR_CHECK='TRUE';
      ALLOW_CONNECT='TRUE';
    'D_OUT_BUSY_0':
      PIN_NUMBER='(0,0,0,0,0,t6,0,0,0,0,0)';
      PIN_TYPE='ANALOG';
      PIN_GROUP='1';
      NO_LOAD_CHECK='Both';
      NO_IO_CHECK='Both';
      NO_ASSERT_CHECK='TRUE';
      NO_DIR_CHECK='TRUE';
      ALLOW_CONNECT='TRUE';
    'HSWAPEN_0':
      PIN_NUMBER='(0,0,0,0,0,t17,0,0,0,0,0)';
      PIN_TYPE='ANALOG';
      NO_LOAD_CHECK='Both';
      NO_IO_CHECK='Both';
      NO_ASSERT_CHECK='TRUE';
      NO_DIR_CHECK='TRUE';
      ALLOW_CONNECT='TRUE';
    'TDI_0':
      PIN_NUMBER='(0,0,0,0,0,u5,0,0,0,0,0)';
      PIN_TYPE='ANALOG';
      NO_LOAD_CHECK='Both';
      NO_IO_CHECK='Both';
      NO_ASSERT_CHECK='TRUE';
      NO_DIR_CHECK='TRUE';
      ALLOW_CONNECT='TRUE';
    'TDO_0':
      PIN_NUMBER='(0,0,0,0,0,u6,0,0,0,0,0)';
      PIN_TYPE='ANALOG';
      NO_LOAD_CHECK='Both';
      NO_IO_CHECK='Both';
      NO_ASSERT_CHECK='TRUE';
      NO_DIR_CHECK='TRUE';
      ALLOW_CONNECT='TRUE';
    'PROGRAM_B':
      PIN_NUMBER='(0,0,0,0,0,u18,0,0,0,0,0)';
      PIN_TYPE='ANALOG';
      NO_LOAD_CHECK='Both';
      NO_IO_CHECK='Both';
      NO_ASSERT_CHECK='TRUE';
      NO_DIR_CHECK='TRUE';
      ALLOW_CONNECT='TRUE';
    'TMS_0':
      PIN_NUMBER='(0,0,0,0,0,v5,0,0,0,0,0)';
      PIN_TYPE='ANALOG';
      NO_LOAD_CHECK='Both';
      NO_IO_CHECK='Both';
      NO_ASSERT_CHECK='TRUE';
      NO_DIR_CHECK='TRUE';
      ALLOW_CONNECT='TRUE';
    'VREFN_0':
      PIN_NUMBER='(0,0,0,0,0,v6,0,0,0,0,0)';
      PIN_TYPE='ANALOG';
      PIN_GROUP='1';
      NO_LOAD_CHECK='Both';
      NO_IO_CHECK='Both';
      NO_ASSERT_CHECK='TRUE';
      NO_DIR_CHECK='TRUE';
      ALLOW_CONNECT='TRUE';
    'VREFP_0':
      PIN_NUMBER='(0,0,0,0,0,v7,0,0,0,0,0)';
      PIN_TYPE='ANALOG';
      PIN_GROUP='1';
      NO_LOAD_CHECK='Both';
      NO_IO_CHECK='Both';
      NO_ASSERT_CHECK='TRUE';
      NO_DIR_CHECK='TRUE';
      ALLOW_CONNECT='TRUE';
    'VCC_CONFIG':
      PIN_NUMBER='(0,0,0,0,0,0,f16,0,0,0,0)';
      PINUSE='POWER';
      NO_LOAD_CHECK='Both';
      NO_IO_CHECK='Both';
      NO_ASSERT_CHECK='TRUE';
      NO_DIR_CHECK='TRUE';
      ALLOW_CONNECT='TRUE';
    'RSVD'<1>:
      PIN_NUMBER='(0,0,0,0,0,0,p14,0,0,0,0)';
      PINUSE='GROUND';
      NO_LOAD_CHECK='Both';
      NO_IO_CHECK='Both';
      NO_ASSERT_CHECK='TRUE';
      NO_DIR_CHECK='TRUE';
      ALLOW_CONNECT='TRUE';
    'RSVD'<0>:
      PIN_NUMBER='(0,0,0,0,0,0,r14,0,0,0,0)';
      PINUSE='GROUND';
      NO_LOAD_CHECK='Both';
      NO_IO_CHECK='Both';
      NO_ASSERT_CHECK='TRUE';
      NO_DIR_CHECK='TRUE';
      ALLOW_CONNECT='TRUE';
    'VBATT_0':
      PIN_NUMBER='(0,0,0,0,0,0,t18,0,0,0,0)';
      PINUSE='POWER';
      NO_LOAD_CHECK='Both';
      NO_IO_CHECK='Both';
      NO_ASSERT_CHECK='TRUE';
      NO_DIR_CHECK='TRUE';
      ALLOW_CONNECT='TRUE';
    'I_OUT+':
      PIN_NUMBER='(0,0,0,0,0,0,0,u8,0,0,0)';
      PIN_TYPE='ANALOG';
      PIN_GROUP='1';
      NO_LOAD_CHECK='Both';
      NO_IO_CHECK='Both';
      NO_ASSERT_CHECK='TRUE';
      NO_DIR_CHECK='TRUE';
      ALLOW_CONNECT='TRUE';
    'CLK_Q_OUT-':
      PIN_NUMBER='(0,0,0,0,0,0,0,u15,0,0,0)';
      PIN_TYPE='ANALOG';
      PIN_GROUP='1';
      NO_LOAD_CHECK='Both';
      NO_IO_CHECK='Both';
      NO_ASSERT_CHECK='TRUE';
      NO_DIR_CHECK='TRUE';
      ALLOW_CONNECT='TRUE';
    'I_OUT-':
      PIN_NUMBER='(0,0,0,0,0,0,0,v8,0,0,0)';
      PIN_TYPE='ANALOG';
      PIN_GROUP='1';
      NO_LOAD_CHECK='Both';
      NO_IO_CHECK='Both';
      NO_ASSERT_CHECK='TRUE';
      NO_DIR_CHECK='TRUE';
      ALLOW_CONNECT='TRUE';
    'CLK_I_OUT+':
      PIN_NUMBER='(0,0,0,0,0,0,0,v10,0,0,0)';
      PIN_TYPE='ANALOG';
      PIN_GROUP='1';
      NO_LOAD_CHECK='Both';
      NO_IO_CHECK='Both';
      NO_ASSERT_CHECK='TRUE';
      NO_DIR_CHECK='TRUE';
      ALLOW_CONNECT='TRUE';
    'Q_OUT-':
      PIN_NUMBER='(0,0,0,0,0,0,0,v12,0,0,0)';
      PIN_TYPE='ANALOG';
      PIN_GROUP='2';
      NO_LOAD_CHECK='Both';
      NO_IO_CHECK='Both';
      NO_ASSERT_CHECK='TRUE';
      NO_DIR_CHECK='TRUE';
      ALLOW_CONNECT='TRUE';
    'Q_OUT+':
      PIN_NUMBER='(0,0,0,0,0,0,0,v13,0,0,0)';
      PIN_TYPE='ANALOG';
      PIN_GROUP='2';
      NO_LOAD_CHECK='Both';
      NO_IO_CHECK='Both';
      NO_ASSERT_CHECK='TRUE';
      NO_DIR_CHECK='TRUE';
      ALLOW_CONNECT='TRUE';
    'CLK_Q_OUT+':
      PIN_NUMBER='(0,0,0,0,0,0,0,v15,0,0,0)';
      PIN_TYPE='ANALOG';
      PIN_GROUP='1';
      NO_LOAD_CHECK='Both';
      NO_IO_CHECK='Both';
      NO_ASSERT_CHECK='TRUE';
      NO_DIR_CHECK='TRUE';
      ALLOW_CONNECT='TRUE';
    '-I+Q':
      PIN_NUMBER='(0,0,0,0,0,0,0,0,c2,0,0)';
      PIN_TYPE='ANALOG';
      PIN_GROUP='1';
      NO_LOAD_CHECK='Both';
      NO_IO_CHECK='Both';
      NO_ASSERT_CHECK='TRUE';
      NO_DIR_CHECK='TRUE';
      ALLOW_CONNECT='TRUE';
    'I+Q':
      PIN_NUMBER='(0,0,0,0,0,0,0,0,d2,0,0)';
      PIN_TYPE='ANALOG';
      PIN_GROUP='1';
      NO_LOAD_CHECK='Both';
      NO_IO_CHECK='Both';
      NO_ASSERT_CHECK='TRUE';
      NO_DIR_CHECK='TRUE';
      ALLOW_CONNECT='TRUE';
    '-I+Q_CLK':
      PIN_NUMBER='(0,0,0,0,0,0,0,0,e2,0,0)';
      PIN_TYPE='ANALOG';
      PIN_GROUP='1';
      NO_LOAD_CHECK='Both';
      NO_IO_CHECK='Both';
      NO_ASSERT_CHECK='TRUE';
      NO_DIR_CHECK='TRUE';
      ALLOW_CONNECT='TRUE';
    'I+Q_CLK':
      PIN_NUMBER='(0,0,0,0,0,0,0,0,f2,0,0)';
      PIN_TYPE='ANALOG';
      PIN_GROUP='1';
      NO_LOAD_CHECK='Both';
      NO_IO_CHECK='Both';
      NO_ASSERT_CHECK='TRUE';
      NO_DIR_CHECK='TRUE';
      ALLOW_CONNECT='TRUE';
    'FA':
      PIN_NUMBER='(0,0,0,0,0,0,0,0,0,f12,0)';
      PIN_TYPE='ANALOG';
      PIN_GROUP='1';
      NO_LOAD_CHECK='Both';
      NO_IO_CHECK='Both';
      NO_ASSERT_CHECK='TRUE';
      NO_DIR_CHECK='TRUE';
      ALLOW_CONNECT='TRUE';
    'PA1':
      PIN_NUMBER='(0,0,0,0,0,0,0,0,0,g8,0)';
      PIN_TYPE='ANALOG';
      PIN_GROUP='1';
      NO_LOAD_CHECK='Both';
      NO_IO_CHECK='Both';
      NO_ASSERT_CHECK='TRUE';
      NO_DIR_CHECK='TRUE';
      ALLOW_CONNECT='TRUE';
    'W23':
      PIN_NUMBER='(0,0,0,0,0,0,0,0,0,g15,0)';
      PIN_TYPE='ANALOG';
      PIN_GROUP='1';
      NO_LOAD_CHECK='Both';
      NO_IO_CHECK='Both';
      NO_ASSERT_CHECK='TRUE';
      NO_DIR_CHECK='TRUE';
      ALLOW_CONNECT='TRUE';
    'W24':
      PIN_NUMBER='(0,0,0,0,0,0,0,0,0,g16,0)';
      PIN_TYPE='ANALOG';
      PIN_GROUP='1';
      NO_LOAD_CHECK='Both';
      NO_IO_CHECK='Both';
      NO_ASSERT_CHECK='TRUE';
      NO_DIR_CHECK='TRUE';
      ALLOW_CONNECT='TRUE';
    'RESERV11':
      PIN_NUMBER='(0,0,0,0,0,0,0,0,0,h2,0)';
      PIN_TYPE='ANALOG';
      PIN_GROUP='2';
      NO_LOAD_CHECK='Both';
      NO_IO_CHECK='Both';
      NO_ASSERT_CHECK='TRUE';
      NO_DIR_CHECK='TRUE';
      ALLOW_CONNECT='TRUE';
    'W22':
      PIN_NUMBER='(0,0,0,0,0,0,0,0,0,h15,0)';
      PIN_TYPE='ANALOG';
      PIN_GROUP='1';
      NO_LOAD_CHECK='Both';
      NO_IO_CHECK='Both';
      NO_ASSERT_CHECK='TRUE';
      NO_DIR_CHECK='TRUE';
      ALLOW_CONNECT='TRUE';
    'W21':
      PIN_NUMBER='(0,0,0,0,0,0,0,0,0,j15,0)';
      PIN_TYPE='ANALOG';
      PIN_GROUP='1';
      NO_LOAD_CHECK='Both';
      NO_IO_CHECK='Both';
      NO_ASSERT_CHECK='TRUE';
      NO_DIR_CHECK='TRUE';
      ALLOW_CONNECT='TRUE';
    'W20':
      PIN_NUMBER='(0,0,0,0,0,0,0,0,0,k15,0)';
      PIN_TYPE='ANALOG';
      PIN_GROUP='1';
      NO_LOAD_CHECK='Both';
      NO_IO_CHECK='Both';
      NO_ASSERT_CHECK='TRUE';
      NO_DIR_CHECK='TRUE';
      ALLOW_CONNECT='TRUE';
    'RESET':
      PIN_NUMBER='(0,0,0,0,0,0,0,0,0,m15,0)';
      PIN_TYPE='ANALOG';
      PIN_GROUP='1';
      NO_LOAD_CHECK='Both';
      NO_IO_CHECK='Both';
      NO_ASSERT_CHECK='TRUE';
      NO_DIR_CHECK='TRUE';
      ALLOW_CONNECT='TRUE';
    'WAKEUP':
      PIN_NUMBER='(0,0,0,0,0,0,0,0,0,m16,0)';
      PIN_TYPE='ANALOG';
      PIN_GROUP='1';
      NO_LOAD_CHECK='Both';
      NO_IO_CHECK='Both';
      NO_ASSERT_CHECK='TRUE';
      NO_DIR_CHECK='TRUE';
      ALLOW_CONNECT='TRUE';
    'W0':
      PIN_NUMBER='(0,0,0,0,0,0,0,0,0,n3,0)';
      PIN_TYPE='ANALOG';
      PIN_GROUP='1';
      NO_LOAD_CHECK='Both';
      NO_IO_CHECK='Both';
      NO_ASSERT_CHECK='TRUE';
      NO_DIR_CHECK='TRUE';
      ALLOW_CONNECT='TRUE';
    'W6':
      PIN_NUMBER='(0,0,0,0,0,0,0,0,0,n6,0)';
      PIN_TYPE='ANALOG';
      PIN_GROUP='1';
      NO_LOAD_CHECK='Both';
      NO_IO_CHECK='Both';
      NO_ASSERT_CHECK='TRUE';
      NO_DIR_CHECK='TRUE';
      ALLOW_CONNECT='TRUE';
    'W7':
      PIN_NUMBER='(0,0,0,0,0,0,0,0,0,n7,0)';
      PIN_TYPE='ANALOG';
      PIN_GROUP='1';
      NO_LOAD_CHECK='Both';
      NO_IO_CHECK='Both';
      NO_ASSERT_CHECK='TRUE';
      NO_DIR_CHECK='TRUE';
      ALLOW_CONNECT='TRUE';
    'FC':
      PIN_NUMBER='(0,0,0,0,0,0,0,0,0,n10,0)';
      PIN_TYPE='ANALOG';
      PIN_GROUP='1';
      NO_LOAD_CHECK='Both';
      NO_IO_CHECK='Both';
      NO_ASSERT_CHECK='TRUE';
      NO_DIR_CHECK='TRUE';
      ALLOW_CONNECT='TRUE';
    'PA0':
      PIN_NUMBER='(0,0,0,0,0,0,0,0,0,n11,0)';
      PIN_TYPE='ANALOG';
      PIN_GROUP='1';
      NO_LOAD_CHECK='Both';
      NO_IO_CHECK='Both';
      NO_ASSERT_CHECK='TRUE';
      NO_DIR_CHECK='TRUE';
      ALLOW_CONNECT='TRUE';
    'PA3':
      PIN_NUMBER='(0,0,0,0,0,0,0,0,0,n15,0)';
      PIN_TYPE='ANALOG';
      PIN_GROUP='1';
      NO_LOAD_CHECK='Both';
      NO_IO_CHECK='Both';
      NO_ASSERT_CHECK='TRUE';
      NO_DIR_CHECK='TRUE';
      ALLOW_CONNECT='TRUE';
    'W8':
      PIN_NUMBER='(0,0,0,0,0,0,0,0,0,n16,0)';
      PIN_TYPE='ANALOG';
      PIN_GROUP='1';
      NO_LOAD_CHECK='Both';
      NO_IO_CHECK='Both';
      NO_ASSERT_CHECK='TRUE';
      NO_DIR_CHECK='TRUE';
      ALLOW_CONNECT='TRUE';
    'W11':
      PIN_NUMBER='(0,0,0,0,0,0,0,0,0,n17,0)';
      PIN_TYPE='ANALOG';
      PIN_GROUP='1';
      NO_LOAD_CHECK='Both';
      NO_IO_CHECK='Both';
      NO_ASSERT_CHECK='TRUE';
      NO_DIR_CHECK='TRUE';
      ALLOW_CONNECT='TRUE';
    'RESERV10':
      PIN_NUMBER='(0,0,0,0,0,0,0,0,0,p2,0)';
      PIN_TYPE='ANALOG';
      PIN_GROUP='2';
      NO_LOAD_CHECK='Both';
      NO_IO_CHECK='Both';
      NO_ASSERT_CHECK='TRUE';
      NO_DIR_CHECK='TRUE';
      ALLOW_CONNECT='TRUE';
    'W1':
      PIN_NUMBER='(0,0,0,0,0,0,0,0,0,p3,0)';
      PIN_TYPE='ANALOG';
      PIN_GROUP='1';
      NO_LOAD_CHECK='Both';
      NO_IO_CHECK='Both';
      NO_ASSERT_CHECK='TRUE';
      NO_DIR_CHECK='TRUE';
      ALLOW_CONNECT='TRUE';
    'W4':
      PIN_NUMBER='(0,0,0,0,0,0,0,0,0,p4,0)';
      PIN_TYPE='ANALOG';
      PIN_GROUP='1';
      NO_LOAD_CHECK='Both';
      NO_IO_CHECK='Both';
      NO_ASSERT_CHECK='TRUE';
      NO_DIR_CHECK='TRUE';
      ALLOW_CONNECT='TRUE';
    'W5':
      PIN_NUMBER='(0,0,0,0,0,0,0,0,0,p5,0)';
      PIN_TYPE='ANALOG';
      PIN_GROUP='1';
      NO_LOAD_CHECK='Both';
      NO_IO_CHECK='Both';
      NO_ASSERT_CHECK='TRUE';
      NO_DIR_CHECK='TRUE';
      ALLOW_CONNECT='TRUE';
    'FB':
      PIN_NUMBER='(0,0,0,0,0,0,0,0,0,p10,0)';
      PIN_TYPE='ANALOG';
      PIN_GROUP='1';
      NO_LOAD_CHECK='Both';
      NO_IO_CHECK='Both';
      NO_ASSERT_CHECK='TRUE';
      NO_DIR_CHECK='TRUE';
      ALLOW_CONNECT='TRUE';
    'W2':
      PIN_NUMBER='(0,0,0,0,0,0,0,0,0,r4,0)';
      PIN_TYPE='ANALOG';
      PIN_GROUP='1';
      NO_LOAD_CHECK='Both';
      NO_IO_CHECK='Both';
      NO_ASSERT_CHECK='TRUE';
      NO_DIR_CHECK='TRUE';
      ALLOW_CONNECT='TRUE';
    'W3':
      PIN_NUMBER='(0,0,0,0,0,0,0,0,0,r5,0)';
      PIN_TYPE='ANALOG';
      PIN_GROUP='1';
      NO_LOAD_CHECK='Both';
      NO_IO_CHECK='Both';
      NO_ASSERT_CHECK='TRUE';
      NO_DIR_CHECK='TRUE';
      ALLOW_CONNECT='TRUE';
    'IFCLK':
      PIN_NUMBER='(0,0,0,0,0,0,0,0,0,r6,0)';
      PIN_TYPE='ANALOG';
      PIN_GROUP='1';
      NO_LOAD_CHECK='Both';
      NO_IO_CHECK='Both';
      NO_ASSERT_CHECK='TRUE';
      NO_DIR_CHECK='TRUE';
      ALLOW_CONNECT='TRUE';
    'FRD':
      PIN_NUMBER='(0,0,0,0,0,0,0,0,0,r9,0)';
      PIN_TYPE='ANALOG';
      PIN_GROUP='1';
      NO_LOAD_CHECK='Both';
      NO_IO_CHECK='Both';
      NO_ASSERT_CHECK='TRUE';
      NO_DIR_CHECK='TRUE';
      ALLOW_CONNECT='TRUE';
    'W25':
      PIN_NUMBER='(0,0,0,0,0,0,0,0,0,r10,0)';
      PIN_TYPE='ANALOG';
      PIN_GROUP='1';
      NO_LOAD_CHECK='Both';
      NO_IO_CHECK='Both';
      NO_ASSERT_CHECK='TRUE';
      NO_DIR_CHECK='TRUE';
      ALLOW_CONNECT='TRUE';
    'W26':
      PIN_NUMBER='(0,0,0,0,0,0,0,0,0,r11,0)';
      PIN_TYPE='ANALOG';
      PIN_GROUP='1';
      NO_LOAD_CHECK='Both';
      NO_IO_CHECK='Both';
      NO_ASSERT_CHECK='TRUE';
      NO_DIR_CHECK='TRUE';
      ALLOW_CONNECT='TRUE';
    'W10':
      PIN_NUMBER='(0,0,0,0,0,0,0,0,0,r15,0)';
      PIN_TYPE='ANALOG';
      PIN_GROUP='1';
      NO_LOAD_CHECK='Both';
      NO_IO_CHECK='Both';
      NO_ASSERT_CHECK='TRUE';
      NO_DIR_CHECK='TRUE';
      ALLOW_CONNECT='TRUE';
    'SLOE':
      PIN_NUMBER='(0,0,0,0,0,0,0,0,0,t8,0)';
      PIN_TYPE='ANALOG';
      PIN_GROUP='1';
      NO_LOAD_CHECK='Both';
      NO_IO_CHECK='Both';
      NO_ASSERT_CHECK='TRUE';
      NO_DIR_CHECK='TRUE';
      ALLOW_CONNECT='TRUE';
    'W27':
      PIN_NUMBER='(0,0,0,0,0,0,0,0,0,t13,0)';
      PIN_TYPE='ANALOG';
      PIN_GROUP='1';
      NO_LOAD_CHECK='Both';
      NO_IO_CHECK='Both';
      NO_ASSERT_CHECK='TRUE';
      NO_DIR_CHECK='TRUE';
      ALLOW_CONNECT='TRUE';
    'W9':
      PIN_NUMBER='(0,0,0,0,0,0,0,0,0,t16,0)';
      PIN_TYPE='ANALOG';
      PIN_GROUP='1';
      NO_LOAD_CHECK='Both';
      NO_IO_CHECK='Both';
      NO_ASSERT_CHECK='TRUE';
      NO_DIR_CHECK='TRUE';
      ALLOW_CONNECT='TRUE';
    'FWR':
      PIN_NUMBER='(0,0,0,0,0,0,0,0,0,u13,0)';
      PIN_TYPE='ANALOG';
      PIN_GROUP='1';
      NO_LOAD_CHECK='Both';
      NO_IO_CHECK='Both';
      NO_ASSERT_CHECK='TRUE';
      NO_DIR_CHECK='TRUE';
      ALLOW_CONNECT='TRUE';
    'REZERV_T9':
      PIN_NUMBER='(0,0,0,0,0,0,0,0,0,0,j5)';
      PIN_TYPE='ANALOG';
      PIN_GROUP='2';
      NO_LOAD_CHECK='Both';
      NO_IO_CHECK='Both';
      NO_ASSERT_CHECK='TRUE';
      NO_DIR_CHECK='TRUE';
      ALLOW_CONNECT='TRUE';
    'REZERV_T32':
      PIN_NUMBER='(0,0,0,0,0,0,0,0,0,0,b5)';
      PIN_TYPE='ANALOG';
      PIN_GROUP='2';
      NO_LOAD_CHECK='Both';
      NO_IO_CHECK='Both';
      NO_ASSERT_CHECK='TRUE';
      NO_DIR_CHECK='TRUE';
      ALLOW_CONNECT='TRUE';
    'REZERV_T62':
      PIN_NUMBER='(0,0,0,0,0,0,0,0,0,0,b8)';
      PIN_TYPE='ANALOG';
      PIN_GROUP='1';
      NO_LOAD_CHECK='Both';
      NO_IO_CHECK='Both';
      NO_ASSERT_CHECK='TRUE';
      NO_DIR_CHECK='TRUE';
      ALLOW_CONNECT='TRUE';
    'REZERV_T63':
      PIN_NUMBER='(0,0,0,0,0,0,0,0,0,0,b11)';
      PIN_TYPE='ANALOG';
      PIN_GROUP='1';
      NO_LOAD_CHECK='Both';
      NO_IO_CHECK='Both';
      NO_ASSERT_CHECK='TRUE';
      NO_DIR_CHECK='TRUE';
      ALLOW_CONNECT='TRUE';
    'REZERV_T60':
      PIN_NUMBER='(0,0,0,0,0,0,0,0,0,0,c5)';
      PIN_TYPE='ANALOG';
      PIN_GROUP='1';
      NO_LOAD_CHECK='Both';
      NO_IO_CHECK='Both';
      NO_ASSERT_CHECK='TRUE';
      NO_DIR_CHECK='TRUE';
      ALLOW_CONNECT='TRUE';
    'REZERV_T21':
      PIN_NUMBER='(0,0,0,0,0,0,0,0,0,0,c6)';
      PIN_TYPE='ANALOG';
      PIN_GROUP='2';
      NO_LOAD_CHECK='Both';
      NO_IO_CHECK='Both';
      NO_ASSERT_CHECK='TRUE';
      NO_DIR_CHECK='TRUE';
      ALLOW_CONNECT='TRUE';
    'REZERV_T3':
      PIN_NUMBER='(0,0,0,0,0,0,0,0,0,0,c7)';
      PIN_TYPE='ANALOG';
      PIN_GROUP='2';
      NO_LOAD_CHECK='Both';
      NO_IO_CHECK='Both';
      NO_ASSERT_CHECK='TRUE';
      NO_DIR_CHECK='TRUE';
      ALLOW_CONNECT='TRUE';
    'REZERV_T61':
      PIN_NUMBER='(0,0,0,0,0,0,0,0,0,0,c11)';
      PIN_TYPE='ANALOG';
      PIN_GROUP='1';
      NO_LOAD_CHECK='Both';
      NO_IO_CHECK='Both';
      NO_ASSERT_CHECK='TRUE';
      NO_DIR_CHECK='TRUE';
      ALLOW_CONNECT='TRUE';
    'REZERV_T33':
      PIN_NUMBER='(0,0,0,0,0,0,0,0,0,0,f4)';
      PIN_TYPE='ANALOG';
      PIN_GROUP='2';
      NO_LOAD_CHECK='Both';
      NO_IO_CHECK='Both';
      NO_ASSERT_CHECK='TRUE';
      NO_DIR_CHECK='TRUE';
      ALLOW_CONNECT='TRUE';
    'REZERV_T42':
      PIN_NUMBER='(0,0,0,0,0,0,0,0,0,0,f6)';
      PIN_TYPE='ANALOG';
      PIN_GROUP='1';
      NO_LOAD_CHECK='Both';
      NO_IO_CHECK='Both';
      NO_ASSERT_CHECK='TRUE';
      NO_DIR_CHECK='TRUE';
      ALLOW_CONNECT='TRUE';
    'REZERV_T53':
      PIN_NUMBER='(0,0,0,0,0,0,0,0,0,0,f7)';
      PIN_TYPE='ANALOG';
      PIN_GROUP='1';
      NO_LOAD_CHECK='Both';
      NO_IO_CHECK='Both';
      NO_ASSERT_CHECK='TRUE';
      NO_DIR_CHECK='TRUE';
      ALLOW_CONNECT='TRUE';
    'REZERV_T52':
      PIN_NUMBER='(0,0,0,0,0,0,0,0,0,0,f8)';
      PIN_TYPE='ANALOG';
      PIN_GROUP='1';
      NO_LOAD_CHECK='Both';
      NO_IO_CHECK='Both';
      NO_ASSERT_CHECK='TRUE';
      NO_DIR_CHECK='TRUE';
      ALLOW_CONNECT='TRUE';
    'REZERV_T41':
      PIN_NUMBER='(0,0,0,0,0,0,0,0,0,0,f9)';
      PIN_TYPE='ANALOG';
      PIN_GROUP='1';
      NO_LOAD_CHECK='Both';
      NO_IO_CHECK='Both';
      NO_ASSERT_CHECK='TRUE';
      NO_DIR_CHECK='TRUE';
      ALLOW_CONNECT='TRUE';
    'REZERV_T48':
      PIN_NUMBER='(0,0,0,0,0,0,0,0,0,0,f11)';
      PIN_TYPE='ANALOG';
      PIN_GROUP='1';
      NO_LOAD_CHECK='Both';
      NO_IO_CHECK='Both';
      NO_ASSERT_CHECK='TRUE';
      NO_DIR_CHECK='TRUE';
      ALLOW_CONNECT='TRUE';
    'REZERV_T59':
      PIN_NUMBER='(0,0,0,0,0,0,0,0,0,0,f13)';
      PIN_TYPE='ANALOG';
      PIN_GROUP='1';
      NO_LOAD_CHECK='Both';
      NO_IO_CHECK='Both';
      NO_ASSERT_CHECK='TRUE';
      NO_DIR_CHECK='TRUE';
      ALLOW_CONNECT='TRUE';
    'REZERV_T58':
      PIN_NUMBER='(0,0,0,0,0,0,0,0,0,0,f14)';
      PIN_TYPE='ANALOG';
      PIN_GROUP='1';
      NO_LOAD_CHECK='Both';
      NO_IO_CHECK='Both';
      NO_ASSERT_CHECK='TRUE';
      NO_DIR_CHECK='TRUE';
      ALLOW_CONNECT='TRUE';
    'REZERV_T8':
      PIN_NUMBER='(0,0,0,0,0,0,0,0,0,0,g10)';
      PIN_TYPE='ANALOG';
      PIN_GROUP='2';
      NO_LOAD_CHECK='Both';
      NO_IO_CHECK='Both';
      NO_ASSERT_CHECK='TRUE';
      NO_DIR_CHECK='TRUE';
      ALLOW_CONNECT='TRUE';
    'REZERV_T56':
      PIN_NUMBER='(0,0,0,0,0,0,0,0,0,0,h3)';
      PIN_TYPE='ANALOG';
      PIN_GROUP='1';
      NO_LOAD_CHECK='Both';
      NO_IO_CHECK='Both';
      NO_ASSERT_CHECK='TRUE';
      NO_DIR_CHECK='TRUE';
      ALLOW_CONNECT='TRUE';
    'REZERV_T55':
      PIN_NUMBER='(0,0,0,0,0,0,0,0,0,0,h5)';
      PIN_TYPE='ANALOG';
      PIN_GROUP='1';
      NO_LOAD_CHECK='Both';
      NO_IO_CHECK='Both';
      NO_ASSERT_CHECK='TRUE';
      NO_DIR_CHECK='TRUE';
      ALLOW_CONNECT='TRUE';
    'REZERV_T54':
      PIN_NUMBER='(0,0,0,0,0,0,0,0,0,0,h6)';
      PIN_TYPE='ANALOG';
      PIN_GROUP='1';
      NO_LOAD_CHECK='Both';
      NO_IO_CHECK='Both';
      NO_ASSERT_CHECK='TRUE';
      NO_DIR_CHECK='TRUE';
      ALLOW_CONNECT='TRUE';
    'REZERV_T51':
      PIN_NUMBER='(0,0,0,0,0,0,0,0,0,0,h13)';
      PIN_TYPE='ANALOG';
      PIN_GROUP='1';
      NO_LOAD_CHECK='Both';
      NO_IO_CHECK='Both';
      NO_ASSERT_CHECK='TRUE';
      NO_DIR_CHECK='TRUE';
      ALLOW_CONNECT='TRUE';
    'REZERV_T45':
      PIN_NUMBER='(0,0,0,0,0,0,0,0,0,0,h16)';
      PIN_TYPE='ANALOG';
      PIN_GROUP='1';
      NO_LOAD_CHECK='Both';
      NO_IO_CHECK='Both';
      NO_ASSERT_CHECK='TRUE';
      NO_DIR_CHECK='TRUE';
      ALLOW_CONNECT='TRUE';
    'REZERV_T57':
      PIN_NUMBER='(0,0,0,0,0,0,0,0,0,0,j2)';
      PIN_TYPE='ANALOG';
      PIN_GROUP='1';
      NO_LOAD_CHECK='Both';
      NO_IO_CHECK='Both';
      NO_ASSERT_CHECK='TRUE';
      NO_DIR_CHECK='TRUE';
      ALLOW_CONNECT='TRUE';
    'REZERV_T1':
      PIN_NUMBER='(0,0,0,0,0,0,0,0,0,0,j4)';
      PIN_TYPE='ANALOG';
      PIN_GROUP='2';
      NO_LOAD_CHECK='Both';
      NO_IO_CHECK='Both';
      NO_ASSERT_CHECK='TRUE';
      NO_DIR_CHECK='TRUE';
      ALLOW_CONNECT='TRUE';
    'REZERV_T43':
      PIN_NUMBER='(0,0,0,0,0,0,0,0,0,0,j9)';
      PIN_TYPE='ANALOG';
      PIN_GROUP='1';
      NO_LOAD_CHECK='Both';
      NO_IO_CHECK='Both';
      NO_ASSERT_CHECK='TRUE';
      NO_DIR_CHECK='TRUE';
      ALLOW_CONNECT='TRUE';
    'REZERV_T11':
      PIN_NUMBER='(0,0,0,0,0,0,0,0,0,0,j14)';
      PIN_TYPE='ANALOG';
      PIN_GROUP='2';
      NO_LOAD_CHECK='Both';
      NO_IO_CHECK='Both';
      NO_ASSERT_CHECK='TRUE';
      NO_DIR_CHECK='TRUE';
      ALLOW_CONNECT='TRUE';
    'REZERV_T22':
      PIN_NUMBER='(0,0,0,0,0,0,0,0,0,0,j17)';
      PIN_TYPE='ANALOG';
      PIN_GROUP='2';
      NO_LOAD_CHECK='Both';
      NO_IO_CHECK='Both';
      NO_ASSERT_CHECK='TRUE';
      NO_DIR_CHECK='TRUE';
      ALLOW_CONNECT='TRUE';
    'REZERV_T23':
      PIN_NUMBER='(0,0,0,0,0,0,0,0,0,0,j18)';
      PIN_TYPE='ANALOG';
      PIN_GROUP='2';
      NO_LOAD_CHECK='Both';
      NO_IO_CHECK='Both';
      NO_ASSERT_CHECK='TRUE';
      NO_DIR_CHECK='TRUE';
      ALLOW_CONNECT='TRUE';
    'REZERV_T49':
      PIN_NUMBER='(0,0,0,0,0,0,0,0,0,0,k5)';
      PIN_TYPE='ANALOG';
      PIN_GROUP='1';
      NO_LOAD_CHECK='Both';
      NO_IO_CHECK='Both';
      NO_ASSERT_CHECK='TRUE';
      NO_DIR_CHECK='TRUE';
      ALLOW_CONNECT='TRUE';
    'REZERV_T10':
      PIN_NUMBER='(0,0,0,0,0,0,0,0,0,0,k10)';
      PIN_TYPE='ANALOG';
      PIN_GROUP='2';
      NO_LOAD_CHECK='Both';
      NO_IO_CHECK='Both';
      NO_ASSERT_CHECK='TRUE';
      NO_DIR_CHECK='TRUE';
      ALLOW_CONNECT='TRUE';
    'REZERV_T24':
      PIN_NUMBER='(0,0,0,0,0,0,0,0,0,0,k14)';
      PIN_TYPE='ANALOG';
      PIN_GROUP='2';
      NO_LOAD_CHECK='Both';
      NO_IO_CHECK='Both';
      NO_ASSERT_CHECK='TRUE';
      NO_DIR_CHECK='TRUE';
      ALLOW_CONNECT='TRUE';
    'REZERV_T29':
      PIN_NUMBER='(0,0,0,0,0,0,0,0,0,0,k16)';
      PIN_TYPE='ANALOG';
      PIN_GROUP='2';
      NO_LOAD_CHECK='Both';
      NO_IO_CHECK='Both';
      NO_ASSERT_CHECK='TRUE';
      NO_DIR_CHECK='TRUE';
      ALLOW_CONNECT='TRUE';
    'REZERV_T18':
      PIN_NUMBER='(0,0,0,0,0,0,0,0,0,0,k17)';
      PIN_TYPE='ANALOG';
      PIN_GROUP='2';
      NO_LOAD_CHECK='Both';
      NO_IO_CHECK='Both';
      NO_ASSERT_CHECK='TRUE';
      NO_DIR_CHECK='TRUE';
      ALLOW_CONNECT='TRUE';
    'REZERV_T25':
      PIN_NUMBER='(0,0,0,0,0,0,0,0,0,0,l3)';
      PIN_TYPE='ANALOG';
      PIN_GROUP='2';
      NO_LOAD_CHECK='Both';
      NO_IO_CHECK='Both';
      NO_ASSERT_CHECK='TRUE';
      NO_DIR_CHECK='TRUE';
      ALLOW_CONNECT='TRUE';
    'REZERV_T26':
      PIN_NUMBER='(0,0,0,0,0,0,0,0,0,0,l4)';
      PIN_TYPE='ANALOG';
      PIN_GROUP='2';
      NO_LOAD_CHECK='Both';
      NO_IO_CHECK='Both';
      NO_ASSERT_CHECK='TRUE';
      NO_DIR_CHECK='TRUE';
      ALLOW_CONNECT='TRUE';
    'REZERV_T17':
      PIN_NUMBER='(0,0,0,0,0,0,0,0,0,0,l6)';
      PIN_TYPE='ANALOG';
      PIN_GROUP='2';
      NO_LOAD_CHECK='Both';
      NO_IO_CHECK='Both';
      NO_ASSERT_CHECK='TRUE';
      NO_DIR_CHECK='TRUE';
      ALLOW_CONNECT='TRUE';
    'REZERV_T16':
      PIN_NUMBER='(0,0,0,0,0,0,0,0,0,0,l13)';
      PIN_TYPE='ANALOG';
      PIN_GROUP='2';
      NO_LOAD_CHECK='Both';
      NO_IO_CHECK='Both';
      NO_ASSERT_CHECK='TRUE';
      NO_DIR_CHECK='TRUE';
      ALLOW_CONNECT='TRUE';
    'REZERV_T15':
      PIN_NUMBER='(0,0,0,0,0,0,0,0,0,0,l14)';
      PIN_TYPE='ANALOG';
      PIN_GROUP='2';
      NO_LOAD_CHECK='Both';
      NO_IO_CHECK='Both';
      NO_ASSERT_CHECK='TRUE';
      NO_DIR_CHECK='TRUE';
      ALLOW_CONNECT='TRUE';
    'REZERV_T13':
      PIN_NUMBER='(0,0,0,0,0,0,0,0,0,0,l16)';
      PIN_TYPE='ANALOG';
      PIN_GROUP='2';
      NO_LOAD_CHECK='Both';
      NO_IO_CHECK='Both';
      NO_ASSERT_CHECK='TRUE';
      NO_DIR_CHECK='TRUE';
      ALLOW_CONNECT='TRUE';
    'REZERV_T12':
      PIN_NUMBER='(0,0,0,0,0,0,0,0,0,0,l17)';
      PIN_TYPE='ANALOG';
      PIN_GROUP='2';
      NO_LOAD_CHECK='Both';
      NO_IO_CHECK='Both';
      NO_ASSERT_CHECK='TRUE';
      NO_DIR_CHECK='TRUE';
      ALLOW_CONNECT='TRUE';
    'REZERV_T35':
      PIN_NUMBER='(0,0,0,0,0,0,0,0,0,0,m3)';
      PIN_TYPE='ANALOG';
      PIN_GROUP='1';
      NO_LOAD_CHECK='Both';
      NO_IO_CHECK='Both';
      NO_ASSERT_CHECK='TRUE';
      NO_DIR_CHECK='TRUE';
      ALLOW_CONNECT='TRUE';
    'REZERV_T4':
      PIN_NUMBER='(0,0,0,0,0,0,0,0,0,0,m4)';
      PIN_TYPE='ANALOG';
      PIN_GROUP='2';
      NO_LOAD_CHECK='Both';
      NO_IO_CHECK='Both';
      NO_ASSERT_CHECK='TRUE';
      NO_DIR_CHECK='TRUE';
      ALLOW_CONNECT='TRUE';
    'REZERV_T5':
      PIN_NUMBER='(0,0,0,0,0,0,0,0,0,0,m5)';
      PIN_TYPE='ANALOG';
      PIN_GROUP='2';
      NO_LOAD_CHECK='Both';
      NO_IO_CHECK='Both';
      NO_ASSERT_CHECK='TRUE';
      NO_DIR_CHECK='TRUE';
      ALLOW_CONNECT='TRUE';
    'REZERV_T6':
      PIN_NUMBER='(0,0,0,0,0,0,0,0,0,0,m6)';
      PIN_TYPE='ANALOG';
      PIN_GROUP='2';
      NO_LOAD_CHECK='Both';
      NO_IO_CHECK='Both';
      NO_ASSERT_CHECK='TRUE';
      NO_DIR_CHECK='TRUE';
      ALLOW_CONNECT='TRUE';
    'REZERV_T7':
      PIN_NUMBER='(0,0,0,0,0,0,0,0,0,0,m10)';
      PIN_TYPE='ANALOG';
      PIN_GROUP='2';
      NO_LOAD_CHECK='Both';
      NO_IO_CHECK='Both';
      NO_ASSERT_CHECK='TRUE';
      NO_DIR_CHECK='TRUE';
      ALLOW_CONNECT='TRUE';
    'REZERV_T27':
      PIN_NUMBER='(0,0,0,0,0,0,0,0,0,0,m13)';
      PIN_TYPE='ANALOG';
      PIN_GROUP='2';
      NO_LOAD_CHECK='Both';
      NO_IO_CHECK='Both';
      NO_ASSERT_CHECK='TRUE';
      NO_DIR_CHECK='TRUE';
      ALLOW_CONNECT='TRUE';
    'REZERV_T36':
      PIN_NUMBER='(0,0,0,0,0,0,0,0,0,0,m14)';
      PIN_TYPE='ANALOG';
      PIN_GROUP='1';
      NO_LOAD_CHECK='Both';
      NO_IO_CHECK='Both';
      NO_ASSERT_CHECK='TRUE';
      NO_DIR_CHECK='TRUE';
      ALLOW_CONNECT='TRUE';
    'REZERV_T2':
      PIN_NUMBER='(0,0,0,0,0,0,0,0,0,0,n5)';
      PIN_TYPE='ANALOG';
      PIN_GROUP='2';
      NO_LOAD_CHECK='Both';
      NO_IO_CHECK='Both';
      NO_ASSERT_CHECK='TRUE';
      NO_DIR_CHECK='TRUE';
      ALLOW_CONNECT='TRUE';
    'REZERV_T14':
      PIN_NUMBER='(0,0,0,0,0,0,0,0,0,0,p7)';
      PIN_TYPE='ANALOG';
      PIN_GROUP='2';
      NO_LOAD_CHECK='Both';
      NO_IO_CHECK='Both';
      NO_ASSERT_CHECK='TRUE';
      NO_DIR_CHECK='TRUE';
      ALLOW_CONNECT='TRUE';
    'REZERV_T19':
      PIN_NUMBER='(0,0,0,0,0,0,0,0,0,0,p17)';
      PIN_TYPE='ANALOG';
      PIN_GROUP='2';
      NO_LOAD_CHECK='Both';
      NO_IO_CHECK='Both';
      NO_ASSERT_CHECK='TRUE';
      NO_DIR_CHECK='TRUE';
      ALLOW_CONNECT='TRUE';
    'REZERV_T20':
      PIN_NUMBER='(0,0,0,0,0,0,0,0,0,0,r1)';
      PIN_TYPE='ANALOG';
      PIN_GROUP='2';
      NO_LOAD_CHECK='Both';
      NO_IO_CHECK='Both';
      NO_ASSERT_CHECK='TRUE';
      NO_DIR_CHECK='TRUE';
      ALLOW_CONNECT='TRUE';
    'REZERV_T28':
      PIN_NUMBER='(0,0,0,0,0,0,0,0,0,0,r12)';
      PIN_TYPE='ANALOG';
      PIN_GROUP='2';
      NO_LOAD_CHECK='Both';
      NO_IO_CHECK='Both';
      NO_ASSERT_CHECK='TRUE';
      NO_DIR_CHECK='TRUE';
      ALLOW_CONNECT='TRUE';
    'REZERV_T30':
      PIN_NUMBER='(0,0,0,0,0,0,0,0,0,0,r17)';
      PIN_TYPE='ANALOG';
      PIN_GROUP='2';
      NO_LOAD_CHECK='Both';
      NO_IO_CHECK='Both';
      NO_ASSERT_CHECK='TRUE';
      NO_DIR_CHECK='TRUE';
      ALLOW_CONNECT='TRUE';
    'REZERV_T31':
      PIN_NUMBER='(0,0,0,0,0,0,0,0,0,0,t1)';
      PIN_TYPE='ANALOG';
      PIN_GROUP='2';
      NO_LOAD_CHECK='Both';
      NO_IO_CHECK='Both';
      NO_ASSERT_CHECK='TRUE';
      NO_DIR_CHECK='TRUE';
      ALLOW_CONNECT='TRUE';
    'REZERV_T47':
      PIN_NUMBER='(0,0,0,0,0,0,0,0,0,0,t3)';
      PIN_TYPE='ANALOG';
      PIN_GROUP='1';
      NO_LOAD_CHECK='Both';
      NO_IO_CHECK='Both';
      NO_ASSERT_CHECK='TRUE';
      NO_DIR_CHECK='TRUE';
      ALLOW_CONNECT='TRUE';
    'REZERV_T34':
      PIN_NUMBER='(0,0,0,0,0,0,0,0,0,0,t4)';
      PIN_TYPE='ANALOG';
      PIN_GROUP='1';
      NO_LOAD_CHECK='Both';
      NO_IO_CHECK='Both';
      NO_ASSERT_CHECK='TRUE';
      NO_DIR_CHECK='TRUE';
      ALLOW_CONNECT='TRUE';
    'REZERV_T37':
      PIN_NUMBER='(0,0,0,0,0,0,0,0,0,0,t9)';
      PIN_TYPE='ANALOG';
      PIN_GROUP='1';
      NO_LOAD_CHECK='Both';
      NO_IO_CHECK='Both';
      NO_ASSERT_CHECK='TRUE';
      NO_DIR_CHECK='TRUE';
      ALLOW_CONNECT='TRUE';
    'REZERV_T38':
      PIN_NUMBER='(0,0,0,0,0,0,0,0,0,0,t11)';
      PIN_TYPE='ANALOG';
      PIN_GROUP='1';
      NO_LOAD_CHECK='Both';
      NO_IO_CHECK='Both';
      NO_ASSERT_CHECK='TRUE';
      NO_DIR_CHECK='TRUE';
      ALLOW_CONNECT='TRUE';
    'REZERV_T39':
      PIN_NUMBER='(0,0,0,0,0,0,0,0,0,0,t12)';
      PIN_TYPE='ANALOG';
      PIN_GROUP='1';
      NO_LOAD_CHECK='Both';
      NO_IO_CHECK='Both';
      NO_ASSERT_CHECK='TRUE';
      NO_DIR_CHECK='TRUE';
      ALLOW_CONNECT='TRUE';
    'REZERV_T40':
      PIN_NUMBER='(0,0,0,0,0,0,0,0,0,0,t14)';
      PIN_TYPE='ANALOG';
      PIN_GROUP='1';
      NO_LOAD_CHECK='Both';
      NO_IO_CHECK='Both';
      NO_ASSERT_CHECK='TRUE';
      NO_DIR_CHECK='TRUE';
      ALLOW_CONNECT='TRUE';
    'REZERV_T44':
      PIN_NUMBER='(0,0,0,0,0,0,0,0,0,0,u9)';
      PIN_TYPE='ANALOG';
      PIN_GROUP='1';
      NO_LOAD_CHECK='Both';
      NO_IO_CHECK='Both';
      NO_ASSERT_CHECK='TRUE';
      NO_DIR_CHECK='TRUE';
      ALLOW_CONNECT='TRUE';
    'REZERV_T46':
      PIN_NUMBER='(0,0,0,0,0,0,0,0,0,0,u11)';
      PIN_TYPE='ANALOG';
      PIN_GROUP='1';
      NO_LOAD_CHECK='Both';
      NO_IO_CHECK='Both';
      NO_ASSERT_CHECK='TRUE';
      NO_DIR_CHECK='TRUE';
      ALLOW_CONNECT='TRUE';
    'REZERV_T50':
      PIN_NUMBER='(0,0,0,0,0,0,0,0,0,0,u16)';
      PIN_TYPE='ANALOG';
      PIN_GROUP='1';
      NO_LOAD_CHECK='Both';
      NO_IO_CHECK='Both';
      NO_ASSERT_CHECK='TRUE';
      NO_DIR_CHECK='TRUE';
      ALLOW_CONNECT='TRUE';
  end_pin;
  body
    PART_NAME='VIRTEX-5';
    BODY_NAME='VIRTEX-5';
    JEDEC_TYPE='ff324';
    PHYS_DES_PREFIX='U';
    CLASS='IC';
    GROUND_NETS='SHIELD';
    POWER_PINS='(+3.3B_VCCO:R18,T15,B7,E8,R8,V9,A10,D11,P11,U12,C14,F15,J16)';
    POWER_PINS='(+3.3B_VCCO:C4,F5,G2,M17,N14,K3,N4,T5)';
    POWER_PINS='(+2.5B_VCCAUX:J6,H7,M7,G12,K13)';
    POWER_PINS='(+1.0B_VCCINT:K7,J8,L8,H11,K11,J12,L12)';
    POWER_PINS='(SHIELD:D1,J1,P1,B2,M2,U2,E3,R3,H4,V4,A5,L5,D6,K6,P6,G7,J7,L7)';
    POWER_PINS='(SHIELD:U7,H8,K8,C9,N9,F10,T10,J11,B12,H12,K12,M12,E13,J13,R13)';
    POWER_PINS='(SHIELD:H14,V14,A15,L15,D16,P16,B17,G17,U17,E18,K18)';
    NC_PINS='(v18)';
    SWAP_INFO='(S1+S2)';
  end_body;
end_primitive;

END.
