FILE_TYPE=LIBRARY_PARTS;
TIME=' Created/Modified on Sun Aug 01 18:38:09 2004' ;
primitive 'CPCI_PERIPHERAL_J2';
  pin
    '-C_BE4':
      PIN_NUMBER='(D5)';
      INPUT_LOAD='(-0.01,0.01)';
      OUTPUT_LOAD='(1.0,-1.0)';
      OUTPUT_TYPE='(TS,TS)';
      BIDIRECTIONAL='TRUE';
    '-C_BE5':
      PIN_NUMBER='(A5)';
      INPUT_LOAD='(-0.01,0.01)';
      OUTPUT_LOAD='(1.0,-1.0)';
      OUTPUT_TYPE='(TS,TS)';
      BIDIRECTIONAL='TRUE';
    '-C_BE6':
      PIN_NUMBER='(E4)';
      INPUT_LOAD='(-0.01,0.01)';
      OUTPUT_LOAD='(1.0,-1.0)';
      OUTPUT_TYPE='(TS,TS)';
      BIDIRECTIONAL='TRUE';
    '-C_BE7':
      PIN_NUMBER='(C4)';
      INPUT_LOAD='(-0.01,0.01)';
      OUTPUT_LOAD='(1.0,-1.0)';
      OUTPUT_TYPE='(TS,TS)';
      BIDIRECTIONAL='TRUE';
    'PAR64':
      PIN_NUMBER='(E5)';
      INPUT_LOAD='(-0.01,0.01)';
      OUTPUT_LOAD='(1.0,-1.0)';
      OUTPUT_TYPE='(TS,TS)';
      BIDIRECTIONAL='TRUE';
    'BRSVP2B4':
      PIN_NUMBER='(B4)';
      OUTPUT_LOAD='(1.0,-1.0)';
    'BRSVP2A15':
      PIN_NUMBER='(A15)';
      OUTPUT_LOAD='(1.0,-1.0)';
    'BRSVP2A16':
      PIN_NUMBER='(A16)';
      OUTPUT_LOAD='(1.0,-1.0)';
    'BRSVP2B16':
      PIN_NUMBER='(B16)';
      OUTPUT_LOAD='(1.0,-1.0)';
    'BRSVP2E16':
      PIN_NUMBER='(E16)';
      OUTPUT_LOAD='(1.0,-1.0)';
    'BRSVP2A17':
      PIN_NUMBER='(A17)';
      OUTPUT_LOAD='(1.0,-1.0)';
    'BRSVP2A18':
      PIN_NUMBER='(A18)';
      OUTPUT_LOAD='(1.0,-1.0)';
    'BRSVP2B18':
      PIN_NUMBER='(B18)';
      OUTPUT_LOAD='(1.0,-1.0)';
    'BRSVP2C18':
      PIN_NUMBER='(C18)';
      OUTPUT_LOAD='(1.0,-1.0)';
    'BRSVP2E18':
      PIN_NUMBER='(E18)';
      OUTPUT_LOAD='(1.0,-1.0)';
    'AD'<32>:
      PIN_NUMBER='(E14)';
      INPUT_LOAD='(-0.01,0.01)';
      OUTPUT_LOAD='(1.0,-1.0)';
      OUTPUT_TYPE='(TS,TS)';
      BIDIRECTIONAL='TRUE';
    'AD'<33>:
      PIN_NUMBER='(C14)';
      INPUT_LOAD='(-0.01,0.01)';
      OUTPUT_LOAD='(1.0,-1.0)';
      OUTPUT_TYPE='(TS,TS)';
      BIDIRECTIONAL='TRUE';
    'AD'<34>:
      PIN_NUMBER='(B14)';
      INPUT_LOAD='(-0.01,0.01)';
      OUTPUT_LOAD='(1.0,-1.0)';
      OUTPUT_TYPE='(TS,TS)';
      BIDIRECTIONAL='TRUE';
    'AD'<35>:
      PIN_NUMBER='(A14)';
      INPUT_LOAD='(-0.01,0.01)';
      OUTPUT_LOAD='(1.0,-1.0)';
      OUTPUT_TYPE='(TS,TS)';
      BIDIRECTIONAL='TRUE';
    'AD'<36>:
      PIN_NUMBER='(E13)';
      INPUT_LOAD='(-0.01,0.01)';
      OUTPUT_LOAD='(1.0,-1.0)';
      OUTPUT_TYPE='(TS,TS)';
      BIDIRECTIONAL='TRUE';
    'AD'<37>:
      PIN_NUMBER='(D13)';
      INPUT_LOAD='(-0.01,0.01)';
      OUTPUT_LOAD='(1.0,-1.0)';
      OUTPUT_TYPE='(TS,TS)';
      BIDIRECTIONAL='TRUE';
    'AD'<38>:
      PIN_NUMBER='(A13)';
      INPUT_LOAD='(-0.01,0.01)';
      OUTPUT_LOAD='(1.0,-1.0)';
      OUTPUT_TYPE='(TS,TS)';
      BIDIRECTIONAL='TRUE';
    'AD'<39>:
      PIN_NUMBER='(E12)';
      INPUT_LOAD='(-0.01,0.01)';
      OUTPUT_LOAD='(1.0,-1.0)';
      OUTPUT_TYPE='(TS,TS)';
      BIDIRECTIONAL='TRUE';
    'AD'<40>:
      PIN_NUMBER='(C12)';
      INPUT_LOAD='(-0.01,0.01)';
      OUTPUT_LOAD='(1.0,-1.0)';
      OUTPUT_TYPE='(TS,TS)';
      BIDIRECTIONAL='TRUE';
    'AD'<41>:
      PIN_NUMBER='(B12)';
      INPUT_LOAD='(-0.01,0.01)';
      OUTPUT_LOAD='(1.0,-1.0)';
      OUTPUT_TYPE='(TS,TS)';
      BIDIRECTIONAL='TRUE';
    'AD'<42>:
      PIN_NUMBER='(A12)';
      INPUT_LOAD='(-0.01,0.01)';
      OUTPUT_LOAD='(1.0,-1.0)';
      OUTPUT_TYPE='(TS,TS)';
      BIDIRECTIONAL='TRUE';
    'AD'<43>:
      PIN_NUMBER='(E11)';
      INPUT_LOAD='(-0.01,0.01)';
      OUTPUT_LOAD='(1.0,-1.0)';
      OUTPUT_TYPE='(TS,TS)';
      BIDIRECTIONAL='TRUE';
    'AD'<44>:
      PIN_NUMBER='(D11)';
      INPUT_LOAD='(-0.01,0.01)';
      OUTPUT_LOAD='(1.0,-1.0)';
      OUTPUT_TYPE='(TS,TS)';
      BIDIRECTIONAL='TRUE';
    'AD'<45>:
      PIN_NUMBER='(A11)';
      INPUT_LOAD='(-0.01,0.01)';
      OUTPUT_LOAD='(1.0,-1.0)';
      OUTPUT_TYPE='(TS,TS)';
      BIDIRECTIONAL='TRUE';
    'AD'<46>:
      PIN_NUMBER='(E10)';
      INPUT_LOAD='(-0.01,0.01)';
      OUTPUT_LOAD='(1.0,-1.0)';
      OUTPUT_TYPE='(TS,TS)';
      BIDIRECTIONAL='TRUE';
    'AD'<47>:
      PIN_NUMBER='(C10)';
      INPUT_LOAD='(-0.01,0.01)';
      OUTPUT_LOAD='(1.0,-1.0)';
      OUTPUT_TYPE='(TS,TS)';
      BIDIRECTIONAL='TRUE';
    'AD'<48>:
      PIN_NUMBER='(B10)';
      INPUT_LOAD='(-0.01,0.01)';
      OUTPUT_LOAD='(1.0,-1.0)';
      OUTPUT_TYPE='(TS,TS)';
      BIDIRECTIONAL='TRUE';
    'AD'<49>:
      PIN_NUMBER='(A10)';
      INPUT_LOAD='(-0.01,0.01)';
      OUTPUT_LOAD='(1.0,-1.0)';
      OUTPUT_TYPE='(TS,TS)';
      BIDIRECTIONAL='TRUE';
    'AD'<50>:
      PIN_NUMBER='(E9)';
      INPUT_LOAD='(-0.01,0.01)';
      OUTPUT_LOAD='(1.0,-1.0)';
      OUTPUT_TYPE='(TS,TS)';
      BIDIRECTIONAL='TRUE';
    'AD'<51>:
      PIN_NUMBER='(D9)';
      INPUT_LOAD='(-0.01,0.01)';
      OUTPUT_LOAD='(1.0,-1.0)';
      OUTPUT_TYPE='(TS,TS)';
      BIDIRECTIONAL='TRUE';
    'AD'<52>:
      PIN_NUMBER='(A9)';
      INPUT_LOAD='(-0.01,0.01)';
      OUTPUT_LOAD='(1.0,-1.0)';
      OUTPUT_TYPE='(TS,TS)';
      BIDIRECTIONAL='TRUE';
    'AD'<53>:
      PIN_NUMBER='(E8)';
      INPUT_LOAD='(-0.01,0.01)';
      OUTPUT_LOAD='(1.0,-1.0)';
      OUTPUT_TYPE='(TS,TS)';
      BIDIRECTIONAL='TRUE';
    'AD'<54>:
      PIN_NUMBER='(C8)';
      INPUT_LOAD='(-0.01,0.01)';
      OUTPUT_LOAD='(1.0,-1.0)';
      OUTPUT_TYPE='(TS,TS)';
      BIDIRECTIONAL='TRUE';
    'AD'<55>:
      PIN_NUMBER='(B8)';
      INPUT_LOAD='(-0.01,0.01)';
      OUTPUT_LOAD='(1.0,-1.0)';
      OUTPUT_TYPE='(TS,TS)';
      BIDIRECTIONAL='TRUE';
    'AD'<56>:
      PIN_NUMBER='(A8)';
      INPUT_LOAD='(-0.01,0.01)';
      OUTPUT_LOAD='(1.0,-1.0)';
      OUTPUT_TYPE='(TS,TS)';
      BIDIRECTIONAL='TRUE';
    'AD'<57>:
      PIN_NUMBER='(E7)';
      INPUT_LOAD='(-0.01,0.01)';
      OUTPUT_LOAD='(1.0,-1.0)';
      OUTPUT_TYPE='(TS,TS)';
      BIDIRECTIONAL='TRUE';
    'AD'<58>:
      PIN_NUMBER='(D7)';
      INPUT_LOAD='(-0.01,0.01)';
      OUTPUT_LOAD='(1.0,-1.0)';
      OUTPUT_TYPE='(TS,TS)';
      BIDIRECTIONAL='TRUE';
    'AD'<59>:
      PIN_NUMBER='(A7)';
      INPUT_LOAD='(-0.01,0.01)';
      OUTPUT_LOAD='(1.0,-1.0)';
      OUTPUT_TYPE='(TS,TS)';
      BIDIRECTIONAL='TRUE';
    'AD'<60>:
      PIN_NUMBER='(E6)';
      INPUT_LOAD='(-0.01,0.01)';
      OUTPUT_LOAD='(1.0,-1.0)';
      OUTPUT_TYPE='(TS,TS)';
      BIDIRECTIONAL='TRUE';
    'AD'<61>:
      PIN_NUMBER='(C6)';
      INPUT_LOAD='(-0.01,0.01)';
      OUTPUT_LOAD='(1.0,-1.0)';
      OUTPUT_TYPE='(TS,TS)';
      BIDIRECTIONAL='TRUE';
    'AD'<62>:
      PIN_NUMBER='(B6)';
      INPUT_LOAD='(-0.01,0.01)';
      OUTPUT_LOAD='(1.0,-1.0)';
      OUTPUT_TYPE='(TS,TS)';
      BIDIRECTIONAL='TRUE';
    'AD'<63>:
      PIN_NUMBER='(A6)';
      INPUT_LOAD='(-0.01,0.01)';
      OUTPUT_LOAD='(1.0,-1.0)';
      OUTPUT_TYPE='(TS,TS)';
      BIDIRECTIONAL='TRUE';
    '-64EN':
      PIN_NUMBER='(B5)';
      OUTPUT_LOAD='(1.0,-1.0)';
    '-UNC_SYSEN':
      PIN_NUMBER='(C2)';
      OUTPUT_LOAD='(1.0,-1.0)';
    'GA'<0>:
      PIN_NUMBER='(E22)';
      OUTPUT_LOAD='(*,*)';
    'GA'<1>:
      PIN_NUMBER='(D22)';
      OUTPUT_LOAD='(*,*)';
    'GA'<2>:
      PIN_NUMBER='(C22)';
      OUTPUT_LOAD='(*,*)';
    'GA'<3>:
      PIN_NUMBER='(B22)';
      OUTPUT_LOAD='(*,*)';
    'GA'<4>:
      PIN_NUMBER='(A22)';
      OUTPUT_LOAD='(*,*)';
    '-SMBALERT':
      PIN_NUMBER='(E19)';
      INPUT_LOAD='(-0.01,0.01)';
    'RSV'<0>:
      PIN_NUMBER='(A1)';
      PINUSE='UNSPEC';
      NO_LOAD_CHECK='BOTH';
      NO_IO_CHECK='BOTH';
      ALLOW_CONNECT='TRUE';
    'RSV'<1>:
      PIN_NUMBER='(A2)';
      PINUSE='UNSPEC';
      NO_LOAD_CHECK='BOTH';
      NO_IO_CHECK='BOTH';
      ALLOW_CONNECT='TRUE';
    'RSV'<2>:
      PIN_NUMBER='(A3)';
      PINUSE='UNSPEC';
      NO_LOAD_CHECK='BOTH';
      NO_IO_CHECK='BOTH';
      ALLOW_CONNECT='TRUE';
    'RSV'<3>:
      PIN_NUMBER='(A19)';
      PINUSE='UNSPEC';
      NO_LOAD_CHECK='BOTH';
      NO_IO_CHECK='BOTH';
      ALLOW_CONNECT='TRUE';
    'RSV'<4>:
      PIN_NUMBER='(A20)';
      PINUSE='UNSPEC';
      NO_LOAD_CHECK='BOTH';
      NO_IO_CHECK='BOTH';
      ALLOW_CONNECT='TRUE';
    'RSV'<5>:
      PIN_NUMBER='(A21)';
      PINUSE='UNSPEC';
      NO_LOAD_CHECK='BOTH';
      NO_IO_CHECK='BOTH';
      ALLOW_CONNECT='TRUE';
    'RSV'<6>:
      PIN_NUMBER='(B2)';
      PINUSE='UNSPEC';
      NO_LOAD_CHECK='BOTH';
      NO_IO_CHECK='BOTH';
      ALLOW_CONNECT='TRUE';
    'RSV'<7>:
      PIN_NUMBER='(B19)';
      PINUSE='UNSPEC';
      NO_LOAD_CHECK='BOTH';
      NO_IO_CHECK='BOTH';
      ALLOW_CONNECT='TRUE';
    'RSV'<8>:
      PIN_NUMBER='(B20)';
      PINUSE='UNSPEC';
      NO_LOAD_CHECK='BOTH';
      NO_IO_CHECK='BOTH';
      ALLOW_CONNECT='TRUE';
    'RSV'<9>:
      PIN_NUMBER='(B21)';
      PINUSE='UNSPEC';
      NO_LOAD_CHECK='BOTH';
      NO_IO_CHECK='BOTH';
      ALLOW_CONNECT='TRUE';
    'RSV'<10>:
      PIN_NUMBER='(C1)';
      PINUSE='UNSPEC';
      NO_LOAD_CHECK='BOTH';
      NO_IO_CHECK='BOTH';
      ALLOW_CONNECT='TRUE';
    'RSV'<11>:
      PIN_NUMBER='(C3)';
      PINUSE='UNSPEC';
      NO_LOAD_CHECK='BOTH';
      NO_IO_CHECK='BOTH';
      ALLOW_CONNECT='TRUE';
    'RSV'<12>:
      PIN_NUMBER='(C15)';
      PINUSE='UNSPEC';
      NO_LOAD_CHECK='BOTH';
      NO_IO_CHECK='BOTH';
      ALLOW_CONNECT='TRUE';
    'RSV'<13>:
      PIN_NUMBER='(C16)';
      PINUSE='UNSPEC';
      NO_LOAD_CHECK='BOTH';
      NO_IO_CHECK='BOTH';
      ALLOW_CONNECT='TRUE';
    'RSV'<14>:
      PIN_NUMBER='(C17)';
      PINUSE='UNSPEC';
      NO_LOAD_CHECK='BOTH';
      NO_IO_CHECK='BOTH';
      ALLOW_CONNECT='TRUE';
    'RSV'<15>:
      PIN_NUMBER='(C19)';
      PINUSE='UNSPEC';
      NO_LOAD_CHECK='BOTH';
      NO_IO_CHECK='BOTH';
      ALLOW_CONNECT='TRUE';
    'RSV'<16>:
      PIN_NUMBER='(C20)';
      PINUSE='UNSPEC';
      NO_LOAD_CHECK='BOTH';
      NO_IO_CHECK='BOTH';
      ALLOW_CONNECT='TRUE';
    'RSV'<17>:
      PIN_NUMBER='(C21)';
      PINUSE='UNSPEC';
      NO_LOAD_CHECK='BOTH';
      NO_IO_CHECK='BOTH';
      ALLOW_CONNECT='TRUE';
    'RSV'<18>:
      PIN_NUMBER='(D1)';
      PINUSE='UNSPEC';
      NO_LOAD_CHECK='BOTH';
      NO_IO_CHECK='BOTH';
      ALLOW_CONNECT='TRUE';
    'RSV'<19>:
      PIN_NUMBER='(D2)';
      PINUSE='UNSPEC';
      NO_LOAD_CHECK='BOTH';
      NO_IO_CHECK='BOTH';
      ALLOW_CONNECT='TRUE';
    'RSV'<20>:
      PIN_NUMBER='(D3)';
      PINUSE='UNSPEC';
      NO_LOAD_CHECK='BOTH';
      NO_IO_CHECK='BOTH';
      ALLOW_CONNECT='TRUE';
    'RSV'<21>:
      PIN_NUMBER='(D15)';
      PINUSE='UNSPEC';
      NO_LOAD_CHECK='BOTH';
      NO_IO_CHECK='BOTH';
      ALLOW_CONNECT='TRUE';
    'RSV'<22>:
      PIN_NUMBER='(D17)';
      PINUSE='UNSPEC';
      NO_LOAD_CHECK='BOTH';
      NO_IO_CHECK='BOTH';
      ALLOW_CONNECT='TRUE';
    'RSV'<23>:
      PIN_NUMBER='(D19)';
      PINUSE='UNSPEC';
      NO_LOAD_CHECK='BOTH';
      NO_IO_CHECK='BOTH';
      ALLOW_CONNECT='TRUE';
    'RSV'<24>:
      PIN_NUMBER='(D21)';
      PINUSE='UNSPEC';
      NO_LOAD_CHECK='BOTH';
      NO_IO_CHECK='BOTH';
      ALLOW_CONNECT='TRUE';
    'RSV'<25>:
      PIN_NUMBER='(E1)';
      PINUSE='UNSPEC';
      NO_LOAD_CHECK='BOTH';
      NO_IO_CHECK='BOTH';
      ALLOW_CONNECT='TRUE';
    'RSV'<26>:
      PIN_NUMBER='(E2)';
      PINUSE='UNSPEC';
      NO_LOAD_CHECK='BOTH';
      NO_IO_CHECK='BOTH';
      ALLOW_CONNECT='TRUE';
    'RSV'<27>:
      PIN_NUMBER='(E3)';
      PINUSE='UNSPEC';
      NO_LOAD_CHECK='BOTH';
      NO_IO_CHECK='BOTH';
      ALLOW_CONNECT='TRUE';
    'RSV'<28>:
      PIN_NUMBER='(E15)';
      PINUSE='UNSPEC';
      NO_LOAD_CHECK='BOTH';
      NO_IO_CHECK='BOTH';
      ALLOW_CONNECT='TRUE';
    'RSV'<29>:
      PIN_NUMBER='(E17)';
      PINUSE='UNSPEC';
      NO_LOAD_CHECK='BOTH';
      NO_IO_CHECK='BOTH';
      ALLOW_CONNECT='TRUE';
    'RSV'<30>:
      PIN_NUMBER='(E20)';
      PINUSE='UNSPEC';
      NO_LOAD_CHECK='BOTH';
      NO_IO_CHECK='BOTH';
      ALLOW_CONNECT='TRUE';
    'RSV'<31>:
      PIN_NUMBER='(E21)';
      PINUSE='UNSPEC';
      NO_LOAD_CHECK='BOTH';
      NO_IO_CHECK='BOTH';
      ALLOW_CONNECT='TRUE';
    'VIO'<0>:
      PIN_NUMBER='(A4)';
      PINUSE='POWER';
    'VIO'<1>:
      PIN_NUMBER='(C5)';
      PINUSE='POWER';
    'VIO'<2>:
      PIN_NUMBER='(C7)';
      PINUSE='POWER';
    'VIO'<3>:
      PIN_NUMBER='(C9)';
      PINUSE='POWER';
    'VIO'<4>:
      PIN_NUMBER='(C11)';
      PINUSE='POWER';
    'VIO'<5>:
      PIN_NUMBER='(C13)';
      PINUSE='POWER';
    'GND'<0>:
      PIN_NUMBER='(B1)';
      PINUSE='POWER';
    'GND'<1>:
      PIN_NUMBER='(B3)';
      PINUSE='POWER';
    'GND'<2>:
      PIN_NUMBER='(B7)';
      PINUSE='POWER';
    'GND'<3>:
      PIN_NUMBER='(B9)';
      PINUSE='POWER';
    'GND'<4>:
      PIN_NUMBER='(B11)';
      PINUSE='POWER';
    'GND'<5>:
      PIN_NUMBER='(B13)';
      PINUSE='POWER';
    'GND'<6>:
      PIN_NUMBER='(B15)';
      PINUSE='POWER';
    'GND'<7>:
      PIN_NUMBER='(B17)';
      PINUSE='POWER';
    'GND'<8>:
      PIN_NUMBER='(D4)';
      PINUSE='POWER';
    'GND'<9>:
      PIN_NUMBER='(D6)';
      PINUSE='POWER';
    'GND'<10>:
      PIN_NUMBER='(D8)';
      PINUSE='POWER';
    'GND'<11>:
      PIN_NUMBER='(D10)';
      PINUSE='POWER';
    'GND'<12>:
      PIN_NUMBER='(D12)';
      PINUSE='POWER';
    'GND'<13>:
      PIN_NUMBER='(D14)';
      PINUSE='POWER';
    'GND'<14>:
      PIN_NUMBER='(D16)';
      PINUSE='POWER';
    'GND'<15>:
      PIN_NUMBER='(D18)';
      PINUSE='POWER';
    'GND'<16>:
      PIN_NUMBER='(D20)';
      PINUSE='POWER';
    'GND'<17>:
      PIN_NUMBER='(F1)';
      PINUSE='POWER';
    'GND'<18>:
      PIN_NUMBER='(F2)';
      PINUSE='POWER';
    'GND'<19>:
      PIN_NUMBER='(F3)';
      PINUSE='POWER';
    'GND'<20>:
      PIN_NUMBER='(F4)';
      PINUSE='POWER';
    'GND'<21>:
      PIN_NUMBER='(F5)';
      PINUSE='POWER';
    'GND'<22>:
      PIN_NUMBER='(F6)';
      PINUSE='POWER';
    'GND'<23>:
      PIN_NUMBER='(F7)';
      PINUSE='POWER';
    'GND'<24>:
      PIN_NUMBER='(F8)';
      PINUSE='POWER';
    'GND'<25>:
      PIN_NUMBER='(F9)';
      PINUSE='POWER';
    'GND'<26>:
      PIN_NUMBER='(F10)';
      PINUSE='POWER';
    'GND'<27>:
      PIN_NUMBER='(F11)';
      PINUSE='POWER';
    'GND'<28>:
      PIN_NUMBER='(F12)';
      PINUSE='POWER';
    'GND'<29>:
      PIN_NUMBER='(F13)';
      PINUSE='POWER';
    'GND'<30>:
      PIN_NUMBER='(F14)';
      PINUSE='POWER';
    'GND'<31>:
      PIN_NUMBER='(F15)';
      PINUSE='POWER';
    'GND'<32>:
      PIN_NUMBER='(F16)';
      PINUSE='POWER';
    'GND'<33>:
      PIN_NUMBER='(F17)';
      PINUSE='POWER';
    'GND'<34>:
      PIN_NUMBER='(F18)';
      PINUSE='POWER';
    'GND'<35>:
      PIN_NUMBER='(F19)';
      PINUSE='POWER';
    'GND'<36>:
      PIN_NUMBER='(F20)';
      PINUSE='POWER';
    'GND'<37>:
      PIN_NUMBER='(F21)';
      PINUSE='POWER';
    'GND'<38>:
      PIN_NUMBER='(F22)';
      PINUSE='POWER';
  end_pin;
  body
    CLASS='IO';
    PART_NAME='CPCI_PERIPHERAL_J2';
    PHYS_DES_PREFIX='XS';
    JEDEC_TYPE='CPCI_J2_TYPE_B';
    BODY_NAME='CPCI_PERIPHERAL_J2';
    FAMILY='?';
  end_body;
end_primitive;
END.
