FILE_TYPE=LIBRARY_PARTS;
primitive 'ICS525';
  pin
    'CLK':
      PIN_NUMBER='(21)';
      OUTPUT_LOAD='(1.0,-1.0)';
    'GND':
      PIN_NUMBER='(9)';
      PINUSE='GROUND';
    'GND1':
      PIN_NUMBER='(20)';
      PINUSE='GROUND';
    '-PD':
      PIN_NUMBER='(19)';
      INPUT_LOAD='(-0.01,0.01)';
    'R'<0>:
      PIN_NUMBER='(24)';
      INPUT_LOAD='(-0.01,0.01)';
    'R'<1>:
      PIN_NUMBER='(25)';
      INPUT_LOAD='(-0.01,0.01)';
    'R'<2>:
      PIN_NUMBER='(26)';
      INPUT_LOAD='(-0.01,0.01)';
    'R'<3>:
      PIN_NUMBER='(27)';
      INPUT_LOAD='(-0.01,0.01)';
    'R'<4>:
      PIN_NUMBER='(28)';
      INPUT_LOAD='(-0.01,0.01)';
    'R'<5>:
      PIN_NUMBER='(1)';
      INPUT_LOAD='(-0.01,0.01)';
    'R'<6>:
      PIN_NUMBER='(2)';
      INPUT_LOAD='(-0.01,0.01)';
    'REF':
      PIN_NUMBER='(22)';
      OUTPUT_LOAD='(1.0,-1.0)';
    'S'<0>:
      PIN_NUMBER='(3)';
      INPUT_LOAD='(-0.01,0.01)';
    'S'<1>:
      PIN_NUMBER='(4)';
      INPUT_LOAD='(-0.01,0.01)';
    'S'<2>:
      PIN_NUMBER='(5)';
      INPUT_LOAD='(-0.01,0.01)';
    'V'<0>:
      PIN_NUMBER='(10)';
      INPUT_LOAD='(-0.01,0.01)';
    'V'<1>:
      PIN_NUMBER='(11)';
      INPUT_LOAD='(-0.01,0.01)';
    'V'<2>:
      PIN_NUMBER='(12)';
      INPUT_LOAD='(-0.01,0.01)';
    'V'<3>:
      PIN_NUMBER='(13)';
      INPUT_LOAD='(-0.01,0.01)';
    'V'<4>:
      PIN_NUMBER='(14)';
      INPUT_LOAD='(-0.01,0.01)';
    'V'<6>:
      PIN_NUMBER='(16)';
      INPUT_LOAD='(-0.01,0.01)';
    'V'<7>:
      PIN_NUMBER='(17)';
      INPUT_LOAD='(-0.01,0.01)';
    'V'<8>:
      PIN_NUMBER='(18)';
      INPUT_LOAD='(-0.01,0.01)';
    'V'<5>:
      PIN_NUMBER='(15)';
      INPUT_LOAD='(-0.01,0.01)';
    'VDD':
      PIN_NUMBER='(6)';
      PINUSE='POWER';
    'VDD1':
      PIN_NUMBER='(23)';
      PINUSE='POWER';
    'X1/ICLK':
      PIN_NUMBER='(7)';
      INPUT_LOAD='(-0.01,0.01)';
    'X2':
      PIN_NUMBER='(8)';
      INPUT_LOAD='(-0.01,0.01)';
  end_pin;
  body
    PART_NAME='ICS525';
    FAMILY='?';
    BODY_NAME='ICS525';
    JEDEC_TYPE='f373';
    PHYS_DES_PREFIX='D';
    CLASS='IC';
  end_body;
end_primitive;

END.
