FILE_TYPE=LIBRARY_PARTS;
primitive 'MT28F128J3RT';
  pin
    '-WE':
      PIN_NUMBER='(55)';
      INPUT_LOAD='(-0.01,0.01)';
    'VSS2':
      PIN_NUMBER='(21)';
      PINUSE='GROUND';
      NO_LOAD_CHECK='Both';
      NO_IO_CHECK='Both';
      NO_ASSERT_CHECK='TRUE';
      NO_DIR_CHECK='TRUE';
      ALLOW_CONNECT='TRUE';
    'VSS1':
      PIN_NUMBER='(48)';
      PINUSE='GROUND';
      NO_LOAD_CHECK='Both';
      NO_IO_CHECK='Both';
      NO_ASSERT_CHECK='TRUE';
      NO_DIR_CHECK='TRUE';
      ALLOW_CONNECT='TRUE';
    'VSS0':
      PIN_NUMBER='(42)';
      PINUSE='GROUND';
      NO_LOAD_CHECK='Both';
      NO_IO_CHECK='Both';
      NO_ASSERT_CHECK='TRUE';
      NO_DIR_CHECK='TRUE';
      ALLOW_CONNECT='TRUE';
    'VPEN':
      PIN_NUMBER='(15)';
      INPUT_LOAD='(-0.01,0.01)';
    'VCCQ':
      PIN_NUMBER='(43)';
      PINUSE='POWER';
      NO_LOAD_CHECK='Both';
      NO_IO_CHECK='Both';
      NO_ASSERT_CHECK='TRUE';
      NO_DIR_CHECK='TRUE';
      ALLOW_CONNECT='TRUE';
    'VCC1':
      PIN_NUMBER='(9)';
      PINUSE='POWER';
      NO_LOAD_CHECK='Both';
      NO_IO_CHECK='Both';
      NO_ASSERT_CHECK='TRUE';
      NO_DIR_CHECK='TRUE';
      ALLOW_CONNECT='TRUE';
    'VCC0':
      PIN_NUMBER='(37)';
      PINUSE='POWER';
      NO_LOAD_CHECK='Both';
      NO_IO_CHECK='Both';
      NO_ASSERT_CHECK='TRUE';
      NO_DIR_CHECK='TRUE';
      ALLOW_CONNECT='TRUE';
    'STS':
      PIN_NUMBER='(53)';
      BIDIRECTIONAL='TRUE';
      INPUT_LOAD='(-0.01,0.01)';
      OUTPUT_LOAD='(1.0,-1.0)';
    '-RP':
      PIN_NUMBER='(16)';
      INPUT_LOAD='(-0.01,0.01)';
    '-OE':
      PIN_NUMBER='(54)';
      INPUT_LOAD='(-0.01,0.01)';
    'DQ15':
      PIN_NUMBER='(52)';
      BIDIRECTIONAL='TRUE';
      INPUT_LOAD='(-0.01,0.01)';
      OUTPUT_LOAD='(1.0,-1.0)';
    'DQ14':
      PIN_NUMBER='(50)';
      BIDIRECTIONAL='TRUE';
      INPUT_LOAD='(-0.01,0.01)';
      OUTPUT_LOAD='(1.0,-1.0)';
    'DQ13':
      PIN_NUMBER='(47)';
      BIDIRECTIONAL='TRUE';
      INPUT_LOAD='(-0.01,0.01)';
      OUTPUT_LOAD='(1.0,-1.0)';
    'DQ12':
      PIN_NUMBER='(45)';
      BIDIRECTIONAL='TRUE';
      INPUT_LOAD='(-0.01,0.01)';
      OUTPUT_LOAD='(1.0,-1.0)';
    'DQ11':
      PIN_NUMBER='(41)';
      BIDIRECTIONAL='TRUE';
      INPUT_LOAD='(-0.01,0.01)';
      OUTPUT_LOAD='(1.0,-1.0)';
    'DQ10':
      PIN_NUMBER='(39)';
      BIDIRECTIONAL='TRUE';
      INPUT_LOAD='(-0.01,0.01)';
      OUTPUT_LOAD='(1.0,-1.0)';
    'DQ9':
      PIN_NUMBER='(36)';
      BIDIRECTIONAL='TRUE';
      INPUT_LOAD='(-0.01,0.01)';
      OUTPUT_LOAD='(1.0,-1.0)';
    'DQ8':
      PIN_NUMBER='(34)';
      BIDIRECTIONAL='TRUE';
      INPUT_LOAD='(-0.01,0.01)';
      OUTPUT_LOAD='(1.0,-1.0)';
    'DQ7':
      PIN_NUMBER='(51)';
      BIDIRECTIONAL='TRUE';
      INPUT_LOAD='(-0.01,0.01)';
      OUTPUT_LOAD='(1.0,-1.0)';
    'DQ6':
      PIN_NUMBER='(49)';
      BIDIRECTIONAL='TRUE';
      INPUT_LOAD='(-0.01,0.01)';
      OUTPUT_LOAD='(1.0,-1.0)';
    'DQ5':
      PIN_NUMBER='(46)';
      BIDIRECTIONAL='TRUE';
      INPUT_LOAD='(-0.01,0.01)';
      OUTPUT_LOAD='(1.0,-1.0)';
    'DQ4':
      PIN_NUMBER='(44)';
      BIDIRECTIONAL='TRUE';
      INPUT_LOAD='(-0.01,0.01)';
      OUTPUT_LOAD='(1.0,-1.0)';
    'DQ3':
      PIN_NUMBER='(40)';
      BIDIRECTIONAL='TRUE';
      INPUT_LOAD='(-0.01,0.01)';
      OUTPUT_LOAD='(1.0,-1.0)';
    'DQ2':
      PIN_NUMBER='(38)';
      BIDIRECTIONAL='TRUE';
      INPUT_LOAD='(-0.01,0.01)';
      OUTPUT_LOAD='(1.0,-1.0)';
    'DQ1':
      PIN_NUMBER='(35)';
      BIDIRECTIONAL='TRUE';
      INPUT_LOAD='(-0.01,0.01)';
      OUTPUT_LOAD='(1.0,-1.0)';
    'DQ0':
      PIN_NUMBER='(33)';
      BIDIRECTIONAL='TRUE';
      INPUT_LOAD='(-0.01,0.01)';
      OUTPUT_LOAD='(1.0,-1.0)';
    'CE2':
      PIN_NUMBER='(29)';
      INPUT_LOAD='(-0.01,0.01)';
    'CE1':
      PIN_NUMBER='(2)';
      INPUT_LOAD='(-0.01,0.01)';
    'CE0':
      PIN_NUMBER='(14)';
      INPUT_LOAD='(-0.01,0.01)';
    '-BYTE':
      PIN_NUMBER='(31)';
      INPUT_LOAD='(-0.01,0.01)';
    'A24':
      PIN_NUMBER='(56)';
      INPUT_LOAD='(-0.01,0.01)';
    'A23':
      PIN_NUMBER='(30)';
      INPUT_LOAD='(-0.01,0.01)';
    'A22':
      PIN_NUMBER='(1)';
      INPUT_LOAD='(-0.01,0.01)';
    'A21':
      PIN_NUMBER='(3)';
      INPUT_LOAD='(-0.01,0.01)';
    'A20':
      PIN_NUMBER='(4)';
      INPUT_LOAD='(-0.01,0.01)';
    'A19':
      PIN_NUMBER='(5)';
      INPUT_LOAD='(-0.01,0.01)';
    'A18':
      PIN_NUMBER='(6)';
      INPUT_LOAD='(-0.01,0.01)';
    'A17':
      PIN_NUMBER='(7)';
      INPUT_LOAD='(-0.01,0.01)';
    'A16':
      PIN_NUMBER='(8)';
      INPUT_LOAD='(-0.01,0.01)';
    'A15':
      PIN_NUMBER='(10)';
      INPUT_LOAD='(-0.01,0.01)';
    'A14':
      PIN_NUMBER='(11)';
      INPUT_LOAD='(-0.01,0.01)';
    'A13':
      PIN_NUMBER='(12)';
      INPUT_LOAD='(-0.01,0.01)';
    'A12':
      PIN_NUMBER='(13)';
      INPUT_LOAD='(-0.01,0.01)';
    'A11':
      PIN_NUMBER='(17)';
      INPUT_LOAD='(-0.01,0.01)';
    'A10':
      PIN_NUMBER='(18)';
      INPUT_LOAD='(-0.01,0.01)';
    'A9':
      PIN_NUMBER='(19)';
      INPUT_LOAD='(-0.01,0.01)';
    'A8':
      PIN_NUMBER='(20)';
      INPUT_LOAD='(-0.01,0.01)';
    'A7':
      PIN_NUMBER='(22)';
      INPUT_LOAD='(-0.01,0.01)';
    'A6':
      PIN_NUMBER='(23)';
      INPUT_LOAD='(-0.01,0.01)';
    'A5':
      PIN_NUMBER='(24)';
      INPUT_LOAD='(-0.01,0.01)';
    'A4':
      PIN_NUMBER='(25)';
      INPUT_LOAD='(-0.01,0.01)';
    'A3':
      PIN_NUMBER='(26)';
      INPUT_LOAD='(-0.01,0.01)';
    'A2':
      PIN_NUMBER='(27)';
      INPUT_LOAD='(-0.01,0.01)';
    'A1':
      PIN_NUMBER='(28)';
      INPUT_LOAD='(-0.01,0.01)';
    'A0':
      PIN_NUMBER='(32)';
      INPUT_LOAD='(-0.01,0.01)';
  end_pin;
  body
    PART_NAME='MT28F128J3RT';
    BODY_NAME='MT28F128J3RT';
    JEDEC_TYPE='f85';
    PHYS_DES_PREFIX='U';
    CLASS='IC';
  end_body;
end_primitive;

END.
