FILE_TYPE=LIBRARY_PARTS;
TIME=' Created/Modified on Wed Aug 11 11:09:55 2004' ;
primitive 'SN74LVC2G74_VSSOP-8';
  pin
    'CLK':
      PIN_NUMBER='(1)';
      INPUT_LOAD='(-0.01,0.01)';
    'D':
      PIN_NUMBER='(2)';
      INPUT_LOAD='(-0.01,0.01)';
    '-Q':
      PIN_NUMBER='(3)';
      OUTPUT_LOAD='(1.0,-1.0)';
    'Q':
      PIN_NUMBER='(5)';
      OUTPUT_LOAD='(1.0,-1.0)';
    '-CLR':
      PIN_NUMBER='(6)';
      INPUT_LOAD='(-0.01,0.01)';
    '-PRE':
      PIN_NUMBER='(7)';
      INPUT_LOAD='(-0.01,0.01)';
    'GND':
      PIN_NUMBER='(4)';
      PINUSE='GROUND';
    'VCC':
      PIN_NUMBER='(8)';
      PINUSE='POWER';
  end_pin;
  body
    CLASS='IC';
    PART_NAME='SN74LVC2G74';
    PHYS_DES_PREFIX='D';
    JEDEC_TYPE='VSSOP-8';
    FAMILY='SN74LVC';
    BODY_NAME='SN74LVC2G74';
  end_body;
end_primitive;
END.
