FILE_TYPE=LIBRARY_PARTS;
primitive 'FS-138B23';
  pin
    'IN':
      PIN_NUMBER='(K)';
      PIN_TYPE='ANALOG';
      NO_LOAD_CHECK='Both';
      NO_IO_CHECK='Both';
      NO_ASSERT_CHECK='TRUE';
      NO_DIR_CHECK='TRUE';
      ALLOW_CONNECT='TRUE';
    'OUT':
      PIN_NUMBER='(E)';
      PIN_TYPE='ANALOG';
      NO_LOAD_CHECK='Both';
      NO_IO_CHECK='Both';
      NO_ASSERT_CHECK='TRUE';
      NO_DIR_CHECK='TRUE';
      ALLOW_CONNECT='TRUE';
  end_pin;
  body
    PART_NAME='FS-138B23';
    BODY_NAME='FS-138B23';
    JEDEC_TYPE='fs-138b23';
    PHYS_DES_PREFIX='U';
    CLASS='IC';
    GROUND_NETS='GND';
    POWER_PINS='(GND:G,H,I,J,A,B,C,D,F,L)';
  end_body;
end_primitive;

END.
