
	(Comment
		(Time 08/14/12,11:12:20)
		(User Sergey)
		(MsgId ECO_081)
		(Text "Symbol sym_1 added to cell")
		(Param1 sym_1)
	)


	(Comment
		(Time 08/14/12,12:16:10)
		(User Sergey)
		(MsgId ECO_021)
		(Text "Package mt41j64m16la_187e added to cell")
		(Param1 mt41j64m16la_187e)
	)

	(Comment
		(Time 08/14/12,12:18:24)
		(User Sergey)
		(MsgId ECO_022)
		(Text "Package MT41J64M16LA_187E deleted from cell")
		(Param1 MT41J64M16LA_187E)
	)
	(Comment
		(Time 08/14/12,12:18:26)
		(User Sergey)
		(MsgId ECO_021)
		(Text "Package mt41j64m16la_187e added to cell")
		(Param1 mt41j64m16la_187e)
	)


	(Comment
		(Time 08/14/12,12:19:07)
		(User Sergey)
		(MsgId ECO_022)
		(Text "Package MT41J64M16LA_187E deleted from cell")
		(Param1 MT41J64M16LA_187E)
	)


	(Comment
		(Time 08/14/12,15:25:48)
		(User Sergey)
		(MsgId ECO_021)
		(Text "Package mt41j64m16la_187e added to cell")
		(Param1 mt41j64m16la_187e)
	)

