
	(Comment
		(Time 08/06/10,10:14:17)
		(User Chuprikov_P_A)
		(MsgId ECO_081)
		(Text "Symbol sym_1 added to cell")
		(Param1 sym_1)
	)
	(Comment
		(Time 08/06/10,10:19:46)
		(User Chuprikov_P_A)
		(MsgId ECO_081)
		(Text "Symbol sym_2 added to cell")
		(Param1 sym_2)
	)
	(Comment
		(Time 08/06/10,10:21:55)
		(User Chuprikov_P_A)
		(MsgId ECO_081)
		(Text "Symbol sym_3 added to cell")
		(Param1 sym_3)
	)
	(Comment
		(Time 08/06/10,10:22:57)
		(User Chuprikov_P_A)
		(MsgId ECO_081)
		(Text "Symbol sym_4 added to cell")
		(Param1 sym_4)
	)

	(Comment
		(Time 08/06/10,10:24:42)
		(User Chuprikov_P_A)
		(MsgId ECO_021)
		(Text "Package tlp281_4 added to cell")
		(Param1 tlp281_4)
	)




