FILE_TYPE=LIBRARY_PARTS;
primitive 'GS8640Z36_GS8640Z36';
  pin
    'A'<0>:
      PIN_NUMBER='(37)';
      INPUT_LOAD='(-0.01,0.01)';
    'A'<1>:
      PIN_NUMBER='(36)';
      INPUT_LOAD='(-0.01,0.01)';
    'A'<2>:
      PIN_NUMBER='(35)';
      INPUT_LOAD='(-0.01,0.01)';
    'A'<3>:
      PIN_NUMBER='(34)';
      INPUT_LOAD='(-0.01,0.01)';
    'A'<4>:
      PIN_NUMBER='(33)';
      INPUT_LOAD='(-0.01,0.01)';
    'A'<5>:
      PIN_NUMBER='(32)';
      INPUT_LOAD='(-0.01,0.01)';
    'A'<6>:
      PIN_NUMBER='(100)';
      INPUT_LOAD='(-0.01,0.01)';
    'A'<7>:
      PIN_NUMBER='(99)';
      INPUT_LOAD='(-0.01,0.01)';
    'A'<8>:
      PIN_NUMBER='(82)';
      INPUT_LOAD='(-0.01,0.01)';
    'A'<9>:
      PIN_NUMBER='(81)';
      INPUT_LOAD='(-0.01,0.01)';
    'A'<10>:
      PIN_NUMBER='(44)';
      INPUT_LOAD='(-0.01,0.01)';
    'A'<11>:
      PIN_NUMBER='(45)';
      INPUT_LOAD='(-0.01,0.01)';
    'A'<12>:
      PIN_NUMBER='(46)';
      INPUT_LOAD='(-0.01,0.01)';
    'A'<13>:
      PIN_NUMBER='(47)';
      INPUT_LOAD='(-0.01,0.01)';
    'A'<14>:
      PIN_NUMBER='(48)';
      INPUT_LOAD='(-0.01,0.01)';
    'A'<15>:
      PIN_NUMBER='(49)';
      INPUT_LOAD='(-0.01,0.01)';
    'A'<16>:
      PIN_NUMBER='(50)';
      INPUT_LOAD='(-0.01,0.01)';
    'A'<17>:
      PIN_NUMBER='(83)';
      INPUT_LOAD='(-0.01,0.01)';
    'A'<18>:
      PIN_NUMBER='(84)';
      INPUT_LOAD='(-0.01,0.01)';
    'A'<19>:
      PIN_NUMBER='(42)';
      INPUT_LOAD='(-0.01,0.01)';
    'A'<20>:
      PIN_NUMBER='(43)';
      INPUT_LOAD='(-0.01,0.01)';
    'D'<0>:
      PIN_NUMBER='(63)';
      OUTPUT_TYPE='(TS,TS)';
      BIDIRECTIONAL='TRUE';
      INPUT_LOAD='(-0.01,0.01)';
      OUTPUT_LOAD='(1.0,-1.0)';
    'D'<1>:
      PIN_NUMBER='(62)';
      OUTPUT_TYPE='(TS,TS)';
      BIDIRECTIONAL='TRUE';
      INPUT_LOAD='(-0.01,0.01)';
      OUTPUT_LOAD='(1.0,-1.0)';
    'D'<2>:
      PIN_NUMBER='(59)';
      OUTPUT_TYPE='(TS,TS)';
      BIDIRECTIONAL='TRUE';
      INPUT_LOAD='(-0.01,0.01)';
      OUTPUT_LOAD='(1.0,-1.0)';
    'D'<3>:
      PIN_NUMBER='(58)';
      OUTPUT_TYPE='(TS,TS)';
      BIDIRECTIONAL='TRUE';
      INPUT_LOAD='(-0.01,0.01)';
      OUTPUT_LOAD='(1.0,-1.0)';
    'D'<4>:
      PIN_NUMBER='(57)';
      OUTPUT_TYPE='(TS,TS)';
      BIDIRECTIONAL='TRUE';
      INPUT_LOAD='(-0.01,0.01)';
      OUTPUT_LOAD='(1.0,-1.0)';
    'D'<5>:
      PIN_NUMBER='(56)';
      OUTPUT_TYPE='(TS,TS)';
      BIDIRECTIONAL='TRUE';
      INPUT_LOAD='(-0.01,0.01)';
      OUTPUT_LOAD='(1.0,-1.0)';
    'D'<6>:
      PIN_NUMBER='(53)';
      OUTPUT_TYPE='(TS,TS)';
      BIDIRECTIONAL='TRUE';
      INPUT_LOAD='(-0.01,0.01)';
      OUTPUT_LOAD='(1.0,-1.0)';
    'D'<7>:
      PIN_NUMBER='(52)';
      OUTPUT_TYPE='(TS,TS)';
      BIDIRECTIONAL='TRUE';
      INPUT_LOAD='(-0.01,0.01)';
      OUTPUT_LOAD='(1.0,-1.0)';
    'D'<8>:
      PIN_NUMBER='(51)';
      OUTPUT_TYPE='(TS,TS)';
      BIDIRECTIONAL='TRUE';
      INPUT_LOAD='(-0.01,0.01)';
      OUTPUT_LOAD='(1.0,-1.0)';
    'D'<9>:
      PIN_NUMBER='(68)';
      OUTPUT_TYPE='(TS,TS)';
      BIDIRECTIONAL='TRUE';
      INPUT_LOAD='(-0.01,0.01)';
      OUTPUT_LOAD='(1.0,-1.0)';
    'D'<10>:
      PIN_NUMBER='(69)';
      OUTPUT_TYPE='(TS,TS)';
      BIDIRECTIONAL='TRUE';
      INPUT_LOAD='(-0.01,0.01)';
      OUTPUT_LOAD='(1.0,-1.0)';
    'D'<11>:
      PIN_NUMBER='(72)';
      OUTPUT_TYPE='(TS,TS)';
      BIDIRECTIONAL='TRUE';
      INPUT_LOAD='(-0.01,0.01)';
      OUTPUT_LOAD='(1.0,-1.0)';
    'D'<12>:
      PIN_NUMBER='(73)';
      OUTPUT_TYPE='(TS,TS)';
      BIDIRECTIONAL='TRUE';
      INPUT_LOAD='(-0.01,0.01)';
      OUTPUT_LOAD='(1.0,-1.0)';
    'D'<13>:
      PIN_NUMBER='(74)';
      OUTPUT_TYPE='(TS,TS)';
      BIDIRECTIONAL='TRUE';
      INPUT_LOAD='(-0.01,0.01)';
      OUTPUT_LOAD='(1.0,-1.0)';
    'D'<14>:
      PIN_NUMBER='(75)';
      OUTPUT_TYPE='(TS,TS)';
      BIDIRECTIONAL='TRUE';
      INPUT_LOAD='(-0.01,0.01)';
      OUTPUT_LOAD='(1.0,-1.0)';
    'D'<15>:
      PIN_NUMBER='(78)';
      OUTPUT_TYPE='(TS,TS)';
      BIDIRECTIONAL='TRUE';
      INPUT_LOAD='(-0.01,0.01)';
      OUTPUT_LOAD='(1.0,-1.0)';
    'D'<16>:
      PIN_NUMBER='(79)';
      OUTPUT_TYPE='(TS,TS)';
      BIDIRECTIONAL='TRUE';
      INPUT_LOAD='(-0.01,0.01)';
      OUTPUT_LOAD='(1.0,-1.0)';
    'D'<17>:
      PIN_NUMBER='(80)';
      OUTPUT_TYPE='(TS,TS)';
      BIDIRECTIONAL='TRUE';
      INPUT_LOAD='(-0.01,0.01)';
      OUTPUT_LOAD='(1.0,-1.0)';
    'D'<18>:
      PIN_NUMBER='(13)';
      OUTPUT_TYPE='(TS,TS)';
      BIDIRECTIONAL='TRUE';
      INPUT_LOAD='(-0.01,0.01)';
      OUTPUT_LOAD='(1.0,-1.0)';
    'D'<19>:
      PIN_NUMBER='(12)';
      OUTPUT_TYPE='(TS,TS)';
      BIDIRECTIONAL='TRUE';
      INPUT_LOAD='(-0.01,0.01)';
      OUTPUT_LOAD='(1.0,-1.0)';
    'D'<20>:
      PIN_NUMBER='(9)';
      OUTPUT_TYPE='(TS,TS)';
      BIDIRECTIONAL='TRUE';
      INPUT_LOAD='(-0.01,0.01)';
      OUTPUT_LOAD='(1.0,-1.0)';
    'D'<21>:
      PIN_NUMBER='(8)';
      OUTPUT_TYPE='(TS,TS)';
      BIDIRECTIONAL='TRUE';
      INPUT_LOAD='(-0.01,0.01)';
      OUTPUT_LOAD='(1.0,-1.0)';
    'D'<22>:
      PIN_NUMBER='(7)';
      OUTPUT_TYPE='(TS,TS)';
      BIDIRECTIONAL='TRUE';
      INPUT_LOAD='(-0.01,0.01)';
      OUTPUT_LOAD='(1.0,-1.0)';
    'D'<23>:
      PIN_NUMBER='(6)';
      OUTPUT_TYPE='(TS,TS)';
      BIDIRECTIONAL='TRUE';
      INPUT_LOAD='(-0.01,0.01)';
      OUTPUT_LOAD='(1.0,-1.0)';
    'D'<24>:
      PIN_NUMBER='(3)';
      OUTPUT_TYPE='(TS,TS)';
      BIDIRECTIONAL='TRUE';
      INPUT_LOAD='(-0.01,0.01)';
      OUTPUT_LOAD='(1.0,-1.0)';
    'D'<25>:
      PIN_NUMBER='(2)';
      OUTPUT_TYPE='(TS,TS)';
      BIDIRECTIONAL='TRUE';
      INPUT_LOAD='(-0.01,0.01)';
      OUTPUT_LOAD='(1.0,-1.0)';
    'D'<26>:
      PIN_NUMBER='(1)';
      OUTPUT_TYPE='(TS,TS)';
      BIDIRECTIONAL='TRUE';
      INPUT_LOAD='(-0.01,0.01)';
      OUTPUT_LOAD='(1.0,-1.0)';
    'D'<27>:
      PIN_NUMBER='(18)';
      OUTPUT_TYPE='(TS,TS)';
      BIDIRECTIONAL='TRUE';
      INPUT_LOAD='(-0.01,0.01)';
      OUTPUT_LOAD='(1.0,-1.0)';
    'D'<28>:
      PIN_NUMBER='(19)';
      OUTPUT_TYPE='(TS,TS)';
      BIDIRECTIONAL='TRUE';
      INPUT_LOAD='(-0.01,0.01)';
      OUTPUT_LOAD='(1.0,-1.0)';
    'D'<29>:
      PIN_NUMBER='(22)';
      OUTPUT_TYPE='(TS,TS)';
      BIDIRECTIONAL='TRUE';
      INPUT_LOAD='(-0.01,0.01)';
      OUTPUT_LOAD='(1.0,-1.0)';
    'D'<30>:
      PIN_NUMBER='(23)';
      OUTPUT_TYPE='(TS,TS)';
      BIDIRECTIONAL='TRUE';
      INPUT_LOAD='(-0.01,0.01)';
      OUTPUT_LOAD='(1.0,-1.0)';
    'D'<31>:
      PIN_NUMBER='(24)';
      OUTPUT_TYPE='(TS,TS)';
      BIDIRECTIONAL='TRUE';
      INPUT_LOAD='(-0.01,0.01)';
      OUTPUT_LOAD='(1.0,-1.0)';
    'D'<32>:
      PIN_NUMBER='(25)';
      OUTPUT_TYPE='(TS,TS)';
      BIDIRECTIONAL='TRUE';
      INPUT_LOAD='(-0.01,0.01)';
      OUTPUT_LOAD='(1.0,-1.0)';
    'D'<33>:
      PIN_NUMBER='(28)';
      OUTPUT_TYPE='(TS,TS)';
      BIDIRECTIONAL='TRUE';
      INPUT_LOAD='(-0.01,0.01)';
      OUTPUT_LOAD='(1.0,-1.0)';
    'D'<34>:
      PIN_NUMBER='(29)';
      OUTPUT_TYPE='(TS,TS)';
      BIDIRECTIONAL='TRUE';
      INPUT_LOAD='(-0.01,0.01)';
      OUTPUT_LOAD='(1.0,-1.0)';
    'D'<35>:
      PIN_NUMBER='(30)';
      OUTPUT_TYPE='(TS,TS)';
      BIDIRECTIONAL='TRUE';
      INPUT_LOAD='(-0.01,0.01)';
      OUTPUT_LOAD='(1.0,-1.0)';
    'ADV':
      PIN_NUMBER='(85)';
      INPUT_LOAD='(-0.01,0.01)';
    '-BE'<0>:
      PIN_NUMBER='(93)';
      INPUT_LOAD='(-0.01,0.01)';
    '-BE'<1>:
      PIN_NUMBER='(94)';
      INPUT_LOAD='(-0.01,0.01)';
    '-BE'<2>:
      PIN_NUMBER='(95)';
      INPUT_LOAD='(-0.01,0.01)';
    '-BE'<3>:
      PIN_NUMBER='(96)';
      INPUT_LOAD='(-0.01,0.01)';
    '-OE':
      PIN_NUMBER='(86)';
      INPUT_LOAD='(-0.01,0.01)';
    '-WE':
      PIN_NUMBER='(88)';
      INPUT_LOAD='(-0.01,0.01)';
    'E2':
      PIN_NUMBER='(97)';
      INPUT_LOAD='(-0.01,0.01)';
    '-LBO':
      PIN_NUMBER='(31)';
      INPUT_LOAD='(-0.01,0.01)';
    '-E3':
      PIN_NUMBER='(92)';
      INPUT_LOAD='(-0.01,0.01)';
    '-CKE':
      PIN_NUMBER='(87)';
      INPUT_LOAD='(-0.01,0.01)';
    'CK':
      PIN_NUMBER='(89)';
      INPUT_LOAD='(-0.01,0.01)';
    '-E1':
      PIN_NUMBER='(98)';
      INPUT_LOAD='(-0.01,0.01)';
    '-FT':
      PIN_NUMBER='(14)';
      INPUT_LOAD='(-0.01,0.01)';
    'ZZ':
      PIN_NUMBER='(64)';
      INPUT_LOAD='(-0.01,0.01)';
  end_pin;
  body
    PART_NAME='GS8640Z36';
    BODY_NAME='GS8640Z36';
    JEDEC_TYPE='f69';
    PHYS_DES_PREFIX='DD';
    CLASS='IC';
    POWER_PINS='(VCORE:15,41,91)';
    POWER_PINS='(VIO:4,11,20,27,54,61,65,70,77)';
    POWER_PINS='(GNDD:5,10,17,21,26,40,55,60,67,71,76,90)';
    NC_PINS='(66,16,38,39)';
  end_body;
end_primitive;

END.
