FILE_TYPE=LIBRARY_PARTS;
primitive 'XC7A35TFGG484';
  pin
    'DONE_0':
      PIN_NUMBER='(g11,0,0,0,0,0,0)';
      PIN_TYPE='ANALOG';
      NO_LOAD_CHECK='Both';
      NO_IO_CHECK='Both';
      NO_ASSERT_CHECK='TRUE';
      NO_DIR_CHECK='TRUE';
      ALLOW_CONNECT='TRUE';
    'DXP_0':
      PIN_NUMBER='(n10,0,0,0,0,0,0)';
      PIN_TYPE='ANALOG';
      NO_LOAD_CHECK='Both';
      NO_IO_CHECK='Both';
      NO_ASSERT_CHECK='TRUE';
      NO_DIR_CHECK='TRUE';
      ALLOW_CONNECT='TRUE';
    'GNDADC_0':
      PIN_NUMBER='(k9,0,0,0,0,0,0)';
      PIN_TYPE='ANALOG';
      NO_LOAD_CHECK='Both';
      NO_IO_CHECK='Both';
      NO_ASSERT_CHECK='TRUE';
      NO_DIR_CHECK='TRUE';
      ALLOW_CONNECT='TRUE';
    'VCCADC_0':
      PIN_NUMBER='(k10,0,0,0,0,0,0)';
      PIN_TYPE='ANALOG';
      NO_LOAD_CHECK='Both';
      NO_IO_CHECK='Both';
      NO_ASSERT_CHECK='TRUE';
      NO_DIR_CHECK='TRUE';
      ALLOW_CONNECT='TRUE';
    'VREFP_0':
      PIN_NUMBER='(m10,0,0,0,0,0,0)';
      PIN_TYPE='ANALOG';
      NO_LOAD_CHECK='Both';
      NO_IO_CHECK='Both';
      NO_ASSERT_CHECK='TRUE';
      NO_DIR_CHECK='TRUE';
      ALLOW_CONNECT='TRUE';
    'VN_0':
      PIN_NUMBER='(m9,0,0,0,0,0,0)';
      PIN_TYPE='ANALOG';
      NO_LOAD_CHECK='Both';
      NO_IO_CHECK='Both';
      NO_ASSERT_CHECK='TRUE';
      NO_DIR_CHECK='TRUE';
      ALLOW_CONNECT='TRUE';
    'VCCBATT_0':
      PIN_NUMBER='(e12,0,0,0,0,0,0)';
      PIN_TYPE='ANALOG';
      NO_LOAD_CHECK='Both';
      NO_IO_CHECK='Both';
      NO_ASSERT_CHECK='TRUE';
      NO_DIR_CHECK='TRUE';
      ALLOW_CONNECT='TRUE';
    'TCK_0':
      PIN_NUMBER='(v12,0,0,0,0,0,0)';
      PIN_TYPE='ANALOG';
      NO_LOAD_CHECK='Both';
      NO_IO_CHECK='Both';
      NO_ASSERT_CHECK='TRUE';
      NO_DIR_CHECK='TRUE';
      ALLOW_CONNECT='TRUE';
    'DXN_0':
      PIN_NUMBER='(n9,0,0,0,0,0,0)';
      PIN_TYPE='ANALOG';
      NO_LOAD_CHECK='Both';
      NO_IO_CHECK='Both';
      NO_ASSERT_CHECK='TRUE';
      NO_DIR_CHECK='TRUE';
      ALLOW_CONNECT='TRUE';
    'VREFN_0':
      PIN_NUMBER='(l9,0,0,0,0,0,0)';
      PIN_TYPE='ANALOG';
      NO_LOAD_CHECK='Both';
      NO_IO_CHECK='Both';
      NO_ASSERT_CHECK='TRUE';
      NO_DIR_CHECK='TRUE';
      ALLOW_CONNECT='TRUE';
    'VP_0':
      PIN_NUMBER='(l10,0,0,0,0,0,0)';
      PIN_TYPE='ANALOG';
      NO_LOAD_CHECK='Both';
      NO_IO_CHECK='Both';
      NO_ASSERT_CHECK='TRUE';
      NO_DIR_CHECK='TRUE';
      ALLOW_CONNECT='TRUE';
    'CCLK_0':
      PIN_NUMBER='(l12,0,0,0,0,0,0)';
      PIN_TYPE='ANALOG';
      NO_LOAD_CHECK='Both';
      NO_IO_CHECK='Both';
      NO_ASSERT_CHECK='TRUE';
      NO_DIR_CHECK='TRUE';
      ALLOW_CONNECT='TRUE';
    'M0_0':
      PIN_NUMBER='(u11,0,0,0,0,0,0)';
      PIN_TYPE='ANALOG';
      NO_LOAD_CHECK='Both';
      NO_IO_CHECK='Both';
      NO_ASSERT_CHECK='TRUE';
      NO_DIR_CHECK='TRUE';
      ALLOW_CONNECT='TRUE';
    'M1_0':
      PIN_NUMBER='(u10,0,0,0,0,0,0)';
      PIN_TYPE='ANALOG';
      NO_LOAD_CHECK='Both';
      NO_IO_CHECK='Both';
      NO_ASSERT_CHECK='TRUE';
      NO_DIR_CHECK='TRUE';
      ALLOW_CONNECT='TRUE';
    'INIT_B_0':
      PIN_NUMBER='(u12,0,0,0,0,0,0)';
      PIN_TYPE='ANALOG';
      NO_LOAD_CHECK='Both';
      NO_IO_CHECK='Both';
      NO_ASSERT_CHECK='TRUE';
      NO_DIR_CHECK='TRUE';
      ALLOW_CONNECT='TRUE';
    'TDI_0':
      PIN_NUMBER='(r13,0,0,0,0,0,0)';
      PIN_TYPE='ANALOG';
      NO_LOAD_CHECK='Both';
      NO_IO_CHECK='Both';
      NO_ASSERT_CHECK='TRUE';
      NO_DIR_CHECK='TRUE';
      ALLOW_CONNECT='TRUE';
    'TDO_0':
      PIN_NUMBER='(u13,0,0,0,0,0,0)';
      PIN_TYPE='ANALOG';
      NO_LOAD_CHECK='Both';
      NO_IO_CHECK='Both';
      NO_ASSERT_CHECK='TRUE';
      NO_DIR_CHECK='TRUE';
      ALLOW_CONNECT='TRUE';
    'M2_0':
      PIN_NUMBER='(u9,0,0,0,0,0,0)';
      PIN_TYPE='ANALOG';
      NO_LOAD_CHECK='Both';
      NO_IO_CHECK='Both';
      NO_ASSERT_CHECK='TRUE';
      NO_DIR_CHECK='TRUE';
      ALLOW_CONNECT='TRUE';
    'CFGBVS_0':
      PIN_NUMBER='(u8,0,0,0,0,0,0)';
      PIN_TYPE='ANALOG';
      NO_LOAD_CHECK='Both';
      NO_IO_CHECK='Both';
      NO_ASSERT_CHECK='TRUE';
      NO_DIR_CHECK='TRUE';
      ALLOW_CONNECT='TRUE';
    'PROGRAM_B_0':
      PIN_NUMBER='(n12,0,0,0,0,0,0)';
      PIN_TYPE='ANALOG';
      NO_LOAD_CHECK='Both';
      NO_IO_CHECK='Both';
      NO_ASSERT_CHECK='TRUE';
      NO_DIR_CHECK='TRUE';
      ALLOW_CONNECT='TRUE';
    'TMS_0':
      PIN_NUMBER='(t13,0,0,0,0,0,0)';
      PIN_TYPE='ANALOG';
      NO_LOAD_CHECK='Both';
      NO_IO_CHECK='Both';
      NO_ASSERT_CHECK='TRUE';
      NO_DIR_CHECK='TRUE';
      ALLOW_CONNECT='TRUE';
    'IO_0_14':
      PIN_NUMBER='(0,p20,0,0,0,0,0)';
      PIN_TYPE='ANALOG';
      NO_LOAD_CHECK='Both';
      NO_IO_CHECK='Both';
      NO_ASSERT_CHECK='TRUE';
      NO_DIR_CHECK='TRUE';
      ALLOW_CONNECT='TRUE';
    'IO_L1P_T0_D00_MOSI_14':
      PIN_NUMBER='(0,p22,0,0,0,0,0)';
      PIN_TYPE='ANALOG';
      NO_LOAD_CHECK='Both';
      NO_IO_CHECK='Both';
      NO_ASSERT_CHECK='TRUE';
      NO_DIR_CHECK='TRUE';
      ALLOW_CONNECT='TRUE';
    'IO_L1N_T0_D01_DIN_14':
      PIN_NUMBER='(0,r22,0,0,0,0,0)';
      PIN_TYPE='ANALOG';
      NO_LOAD_CHECK='Both';
      NO_IO_CHECK='Both';
      NO_ASSERT_CHECK='TRUE';
      NO_DIR_CHECK='TRUE';
      ALLOW_CONNECT='TRUE';
    'IO_L2P_T0_D02_14':
      PIN_NUMBER='(0,p21,0,0,0,0,0)';
      PIN_TYPE='ANALOG';
      NO_LOAD_CHECK='Both';
      NO_IO_CHECK='Both';
      NO_ASSERT_CHECK='TRUE';
      NO_DIR_CHECK='TRUE';
      ALLOW_CONNECT='TRUE';
    'IO_L2N_T0_D03_14':
      PIN_NUMBER='(0,r21,0,0,0,0,0)';
      PIN_TYPE='ANALOG';
      NO_LOAD_CHECK='Both';
      NO_IO_CHECK='Both';
      NO_ASSERT_CHECK='TRUE';
      NO_DIR_CHECK='TRUE';
      ALLOW_CONNECT='TRUE';
    'IO_L3P_T0_DQS_PUDC_B_14':
      PIN_NUMBER='(0,u22,0,0,0,0,0)';
      PIN_TYPE='ANALOG';
      NO_LOAD_CHECK='Both';
      NO_IO_CHECK='Both';
      NO_ASSERT_CHECK='TRUE';
      NO_DIR_CHECK='TRUE';
      ALLOW_CONNECT='TRUE';
    'IO_L3N_T0_DQS_EMCCLK_14':
      PIN_NUMBER='(0,v22,0,0,0,0,0)';
      PIN_TYPE='ANALOG';
      NO_LOAD_CHECK='Both';
      NO_IO_CHECK='Both';
      NO_ASSERT_CHECK='TRUE';
      NO_DIR_CHECK='TRUE';
      ALLOW_CONNECT='TRUE';
    'IO_L4P_T0_D04_14':
      PIN_NUMBER='(0,t21,0,0,0,0,0)';
      PIN_TYPE='ANALOG';
      NO_LOAD_CHECK='Both';
      NO_IO_CHECK='Both';
      NO_ASSERT_CHECK='TRUE';
      NO_DIR_CHECK='TRUE';
      ALLOW_CONNECT='TRUE';
    'IO_L4N_T0_D05_14':
      PIN_NUMBER='(0,u21,0,0,0,0,0)';
      PIN_TYPE='ANALOG';
      NO_LOAD_CHECK='Both';
      NO_IO_CHECK='Both';
      NO_ASSERT_CHECK='TRUE';
      NO_DIR_CHECK='TRUE';
      ALLOW_CONNECT='TRUE';
    'IO_L5P_T0_D06_14':
      PIN_NUMBER='(0,p19,0,0,0,0,0)';
      PIN_TYPE='ANALOG';
      NO_LOAD_CHECK='Both';
      NO_IO_CHECK='Both';
      NO_ASSERT_CHECK='TRUE';
      NO_DIR_CHECK='TRUE';
      ALLOW_CONNECT='TRUE';
    'IO_L5N_T0_D07_14':
      PIN_NUMBER='(0,r19,0,0,0,0,0)';
      PIN_TYPE='ANALOG';
      NO_LOAD_CHECK='Both';
      NO_IO_CHECK='Both';
      NO_ASSERT_CHECK='TRUE';
      NO_DIR_CHECK='TRUE';
      ALLOW_CONNECT='TRUE';
    'IO_L6P_T0_FCS_B_14':
      PIN_NUMBER='(0,t19,0,0,0,0,0)';
      PIN_TYPE='ANALOG';
      NO_LOAD_CHECK='Both';
      NO_IO_CHECK='Both';
      NO_ASSERT_CHECK='TRUE';
      NO_DIR_CHECK='TRUE';
      ALLOW_CONNECT='TRUE';
    'IO_L6N_T0_D08_VREF_14':
      PIN_NUMBER='(0,t20,0,0,0,0,0)';
      PIN_TYPE='ANALOG';
      NO_LOAD_CHECK='Both';
      NO_IO_CHECK='Both';
      NO_ASSERT_CHECK='TRUE';
      NO_DIR_CHECK='TRUE';
      ALLOW_CONNECT='TRUE';
    'IO_L7P_T1_D09_14':
      PIN_NUMBER='(0,w21,0,0,0,0,0)';
      PIN_TYPE='ANALOG';
      NO_LOAD_CHECK='Both';
      NO_IO_CHECK='Both';
      NO_ASSERT_CHECK='TRUE';
      NO_DIR_CHECK='TRUE';
      ALLOW_CONNECT='TRUE';
    'IO_L7N_T1_D10_14':
      PIN_NUMBER='(0,w22,0,0,0,0,0)';
      PIN_TYPE='ANALOG';
      NO_LOAD_CHECK='Both';
      NO_IO_CHECK='Both';
      NO_ASSERT_CHECK='TRUE';
      NO_DIR_CHECK='TRUE';
      ALLOW_CONNECT='TRUE';
    'IO_L8P_T1_D11_14':
      PIN_NUMBER='(0,aa20,0,0,0,0,0)';
      PIN_TYPE='ANALOG';
      NO_LOAD_CHECK='Both';
      NO_IO_CHECK='Both';
      NO_ASSERT_CHECK='TRUE';
      NO_DIR_CHECK='TRUE';
      ALLOW_CONNECT='TRUE';
    'IO_L8N_T1_D12_14':
      PIN_NUMBER='(0,aa21,0,0,0,0,0)';
      PIN_TYPE='ANALOG';
      NO_LOAD_CHECK='Both';
      NO_IO_CHECK='Both';
      NO_ASSERT_CHECK='TRUE';
      NO_DIR_CHECK='TRUE';
      ALLOW_CONNECT='TRUE';
    'IO_L9P_T1_DQS_14':
      PIN_NUMBER='(0,y21,0,0,0,0,0)';
      PIN_TYPE='ANALOG';
      NO_LOAD_CHECK='Both';
      NO_IO_CHECK='Both';
      NO_ASSERT_CHECK='TRUE';
      NO_DIR_CHECK='TRUE';
      ALLOW_CONNECT='TRUE';
    'IO_L9N_T1_DQS_D13_14':
      PIN_NUMBER='(0,y22,0,0,0,0,0)';
      PIN_TYPE='ANALOG';
      NO_LOAD_CHECK='Both';
      NO_IO_CHECK='Both';
      NO_ASSERT_CHECK='TRUE';
      NO_DIR_CHECK='TRUE';
      ALLOW_CONNECT='TRUE';
    'IO_L10P_T1_D14_14':
      PIN_NUMBER='(0,ab21,0,0,0,0,0)';
      PIN_TYPE='ANALOG';
      NO_LOAD_CHECK='Both';
      NO_IO_CHECK='Both';
      NO_ASSERT_CHECK='TRUE';
      NO_DIR_CHECK='TRUE';
      ALLOW_CONNECT='TRUE';
    'IO_L10N_T1_D15_14':
      PIN_NUMBER='(0,ab22,0,0,0,0,0)';
      PIN_TYPE='ANALOG';
      NO_LOAD_CHECK='Both';
      NO_IO_CHECK='Both';
      NO_ASSERT_CHECK='TRUE';
      NO_DIR_CHECK='TRUE';
      ALLOW_CONNECT='TRUE';
    'IO_L11P_T1_SRCC_14':
      PIN_NUMBER='(0,u20,0,0,0,0,0)';
      PIN_TYPE='ANALOG';
      NO_LOAD_CHECK='Both';
      NO_IO_CHECK='Both';
      NO_ASSERT_CHECK='TRUE';
      NO_DIR_CHECK='TRUE';
      ALLOW_CONNECT='TRUE';
    'IO_L11N_T1_SRCC_14':
      PIN_NUMBER='(0,v20,0,0,0,0,0)';
      PIN_TYPE='ANALOG';
      NO_LOAD_CHECK='Both';
      NO_IO_CHECK='Both';
      NO_ASSERT_CHECK='TRUE';
      NO_DIR_CHECK='TRUE';
      ALLOW_CONNECT='TRUE';
    'IO_L12P_T1_MRCC_14':
      PIN_NUMBER='(0,w19,0,0,0,0,0)';
      PIN_TYPE='ANALOG';
      NO_LOAD_CHECK='Both';
      NO_IO_CHECK='Both';
      NO_ASSERT_CHECK='TRUE';
      NO_DIR_CHECK='TRUE';
      ALLOW_CONNECT='TRUE';
    'IO_L12N_T1_MRCC_14':
      PIN_NUMBER='(0,w20,0,0,0,0,0)';
      PIN_TYPE='ANALOG';
      NO_LOAD_CHECK='Both';
      NO_IO_CHECK='Both';
      NO_ASSERT_CHECK='TRUE';
      NO_DIR_CHECK='TRUE';
      ALLOW_CONNECT='TRUE';
    'IO_L13P_T2_MRCC_14':
      PIN_NUMBER='(0,y18,0,0,0,0,0)';
      PIN_TYPE='ANALOG';
      NO_LOAD_CHECK='Both';
      NO_IO_CHECK='Both';
      NO_ASSERT_CHECK='TRUE';
      NO_DIR_CHECK='TRUE';
      ALLOW_CONNECT='TRUE';
    'IO_L13N_T2_MRCC_14':
      PIN_NUMBER='(0,y19,0,0,0,0,0)';
      PIN_TYPE='ANALOG';
      NO_LOAD_CHECK='Both';
      NO_IO_CHECK='Both';
      NO_ASSERT_CHECK='TRUE';
      NO_DIR_CHECK='TRUE';
      ALLOW_CONNECT='TRUE';
    'IO_L14P_T2_SRCC_14':
      PIN_NUMBER='(0,v18,0,0,0,0,0)';
      PIN_TYPE='ANALOG';
      NO_LOAD_CHECK='Both';
      NO_IO_CHECK='Both';
      NO_ASSERT_CHECK='TRUE';
      NO_DIR_CHECK='TRUE';
      ALLOW_CONNECT='TRUE';
    'IO_L14N_T2_SRCC_14':
      PIN_NUMBER='(0,v19,0,0,0,0,0)';
      PIN_TYPE='ANALOG';
      NO_LOAD_CHECK='Both';
      NO_IO_CHECK='Both';
      NO_ASSERT_CHECK='TRUE';
      NO_DIR_CHECK='TRUE';
      ALLOW_CONNECT='TRUE';
    'IO_L15P_T2_DQS_RDWR_B_14':
      PIN_NUMBER='(0,aa19,0,0,0,0,0)';
      PIN_TYPE='ANALOG';
      NO_LOAD_CHECK='Both';
      NO_IO_CHECK='Both';
      NO_ASSERT_CHECK='TRUE';
      NO_DIR_CHECK='TRUE';
      ALLOW_CONNECT='TRUE';
    'IO_L15N_T2_DQS_DOUT_CSO_B_14':
      PIN_NUMBER='(0,ab20,0,0,0,0,0)';
      PIN_TYPE='ANALOG';
      NO_LOAD_CHECK='Both';
      NO_IO_CHECK='Both';
      NO_ASSERT_CHECK='TRUE';
      NO_DIR_CHECK='TRUE';
      ALLOW_CONNECT='TRUE';
    'IO_L16P_T2_CSI_B_14':
      PIN_NUMBER='(0,v17,0,0,0,0,0)';
      PIN_TYPE='ANALOG';
      NO_LOAD_CHECK='Both';
      NO_IO_CHECK='Both';
      NO_ASSERT_CHECK='TRUE';
      NO_DIR_CHECK='TRUE';
      ALLOW_CONNECT='TRUE';
    'IO_L16N_T2_A15_D31_14':
      PIN_NUMBER='(0,w17,0,0,0,0,0)';
      PIN_TYPE='ANALOG';
      NO_LOAD_CHECK='Both';
      NO_IO_CHECK='Both';
      NO_ASSERT_CHECK='TRUE';
      NO_DIR_CHECK='TRUE';
      ALLOW_CONNECT='TRUE';
    'IO_L17P_T2_A14_D30_14':
      PIN_NUMBER='(0,aa18,0,0,0,0,0)';
      PIN_TYPE='ANALOG';
      NO_LOAD_CHECK='Both';
      NO_IO_CHECK='Both';
      NO_ASSERT_CHECK='TRUE';
      NO_DIR_CHECK='TRUE';
      ALLOW_CONNECT='TRUE';
    'IO_L17N_T2_A13_D29_14':
      PIN_NUMBER='(0,ab18,0,0,0,0,0)';
      PIN_TYPE='ANALOG';
      NO_LOAD_CHECK='Both';
      NO_IO_CHECK='Both';
      NO_ASSERT_CHECK='TRUE';
      NO_DIR_CHECK='TRUE';
      ALLOW_CONNECT='TRUE';
    'IO_L18P_T2_A12_D28_14':
      PIN_NUMBER='(0,u17,0,0,0,0,0)';
      PIN_TYPE='ANALOG';
      NO_LOAD_CHECK='Both';
      NO_IO_CHECK='Both';
      NO_ASSERT_CHECK='TRUE';
      NO_DIR_CHECK='TRUE';
      ALLOW_CONNECT='TRUE';
    'IO_L18N_T2_A11_D27_14':
      PIN_NUMBER='(0,u18,0,0,0,0,0)';
      PIN_TYPE='ANALOG';
      NO_LOAD_CHECK='Both';
      NO_IO_CHECK='Both';
      NO_ASSERT_CHECK='TRUE';
      NO_DIR_CHECK='TRUE';
      ALLOW_CONNECT='TRUE';
    'IO_L19P_T3_A10_D26_14':
      PIN_NUMBER='(0,p14,0,0,0,0,0)';
      PIN_TYPE='ANALOG';
      NO_LOAD_CHECK='Both';
      NO_IO_CHECK='Both';
      NO_ASSERT_CHECK='TRUE';
      NO_DIR_CHECK='TRUE';
      ALLOW_CONNECT='TRUE';
    'IO_L19N_T3_A09_D25_VREF_14':
      PIN_NUMBER='(0,r14,0,0,0,0,0)';
      PIN_TYPE='ANALOG';
      NO_LOAD_CHECK='Both';
      NO_IO_CHECK='Both';
      NO_ASSERT_CHECK='TRUE';
      NO_DIR_CHECK='TRUE';
      ALLOW_CONNECT='TRUE';
    'IO_L20P_T3_A08_D24_14':
      PIN_NUMBER='(0,r18,0,0,0,0,0)';
      PIN_TYPE='ANALOG';
      NO_LOAD_CHECK='Both';
      NO_IO_CHECK='Both';
      NO_ASSERT_CHECK='TRUE';
      NO_DIR_CHECK='TRUE';
      ALLOW_CONNECT='TRUE';
    'IO_L20N_T3_A07_D23_14':
      PIN_NUMBER='(0,t18,0,0,0,0,0)';
      PIN_TYPE='ANALOG';
      NO_LOAD_CHECK='Both';
      NO_IO_CHECK='Both';
      NO_ASSERT_CHECK='TRUE';
      NO_DIR_CHECK='TRUE';
      ALLOW_CONNECT='TRUE';
    'IO_L21P_T3_DQS_14':
      PIN_NUMBER='(0,n17,0,0,0,0,0)';
      PIN_TYPE='ANALOG';
      NO_LOAD_CHECK='Both';
      NO_IO_CHECK='Both';
      NO_ASSERT_CHECK='TRUE';
      NO_DIR_CHECK='TRUE';
      ALLOW_CONNECT='TRUE';
    'IO_L21N_T3_DQS_A06_D22_14':
      PIN_NUMBER='(0,p17,0,0,0,0,0)';
      PIN_TYPE='ANALOG';
      NO_LOAD_CHECK='Both';
      NO_IO_CHECK='Both';
      NO_ASSERT_CHECK='TRUE';
      NO_DIR_CHECK='TRUE';
      ALLOW_CONNECT='TRUE';
    'IO_L22P_T3_A05_D21_14':
      PIN_NUMBER='(0,p15,0,0,0,0,0)';
      PIN_TYPE='ANALOG';
      NO_LOAD_CHECK='Both';
      NO_IO_CHECK='Both';
      NO_ASSERT_CHECK='TRUE';
      NO_DIR_CHECK='TRUE';
      ALLOW_CONNECT='TRUE';
    'IO_L22N_T3_A04_D20_14':
      PIN_NUMBER='(0,r16,0,0,0,0,0)';
      PIN_TYPE='ANALOG';
      NO_LOAD_CHECK='Both';
      NO_IO_CHECK='Both';
      NO_ASSERT_CHECK='TRUE';
      NO_DIR_CHECK='TRUE';
      ALLOW_CONNECT='TRUE';
    'IO_L23P_T3_A03_D19_14':
      PIN_NUMBER='(0,n13,0,0,0,0,0)';
      PIN_TYPE='ANALOG';
      NO_LOAD_CHECK='Both';
      NO_IO_CHECK='Both';
      NO_ASSERT_CHECK='TRUE';
      NO_DIR_CHECK='TRUE';
      ALLOW_CONNECT='TRUE';
    'IO_L23N_T3_A02_D18_14':
      PIN_NUMBER='(0,n14,0,0,0,0,0)';
      PIN_TYPE='ANALOG';
      NO_LOAD_CHECK='Both';
      NO_IO_CHECK='Both';
      NO_ASSERT_CHECK='TRUE';
      NO_DIR_CHECK='TRUE';
      ALLOW_CONNECT='TRUE';
    'IO_L24P_T3_A01_D17_14':
      PIN_NUMBER='(0,p16,0,0,0,0,0)';
      PIN_TYPE='ANALOG';
      NO_LOAD_CHECK='Both';
      NO_IO_CHECK='Both';
      NO_ASSERT_CHECK='TRUE';
      NO_DIR_CHECK='TRUE';
      ALLOW_CONNECT='TRUE';
    'IO_L24N_T3_A00_D16_14':
      PIN_NUMBER='(0,r17,0,0,0,0,0)';
      PIN_TYPE='ANALOG';
      NO_LOAD_CHECK='Both';
      NO_IO_CHECK='Both';
      NO_ASSERT_CHECK='TRUE';
      NO_DIR_CHECK='TRUE';
      ALLOW_CONNECT='TRUE';
    'IO_25_14':
      PIN_NUMBER='(0,n15,0,0,0,0,0)';
      PIN_TYPE='ANALOG';
      NO_LOAD_CHECK='Both';
      NO_IO_CHECK='Both';
      NO_ASSERT_CHECK='TRUE';
      NO_DIR_CHECK='TRUE';
      ALLOW_CONNECT='TRUE';
    'IO_0_15':
      PIN_NUMBER='(0,0,j16,0,0,0,0)';
      PIN_TYPE='ANALOG';
      NO_LOAD_CHECK='Both';
      NO_IO_CHECK='Both';
      NO_ASSERT_CHECK='TRUE';
      NO_DIR_CHECK='TRUE';
      ALLOW_CONNECT='TRUE';
    'IO_L1P_T0_AD0P_15':
      PIN_NUMBER='(0,0,h13,0,0,0,0)';
      PIN_TYPE='ANALOG';
      NO_LOAD_CHECK='Both';
      NO_IO_CHECK='Both';
      NO_ASSERT_CHECK='TRUE';
      NO_DIR_CHECK='TRUE';
      ALLOW_CONNECT='TRUE';
    'IO_L1N_T0_AD0N_15':
      PIN_NUMBER='(0,0,g13,0,0,0,0)';
      PIN_TYPE='ANALOG';
      NO_LOAD_CHECK='Both';
      NO_IO_CHECK='Both';
      NO_ASSERT_CHECK='TRUE';
      NO_DIR_CHECK='TRUE';
      ALLOW_CONNECT='TRUE';
    'IO_L2P_T0_AD8P_15':
      PIN_NUMBER='(0,0,g15,0,0,0,0)';
      PIN_TYPE='ANALOG';
      NO_LOAD_CHECK='Both';
      NO_IO_CHECK='Both';
      NO_ASSERT_CHECK='TRUE';
      NO_DIR_CHECK='TRUE';
      ALLOW_CONNECT='TRUE';
    'IO_L2N_T0_AD8N_15':
      PIN_NUMBER='(0,0,g16,0,0,0,0)';
      PIN_TYPE='ANALOG';
      NO_LOAD_CHECK='Both';
      NO_IO_CHECK='Both';
      NO_ASSERT_CHECK='TRUE';
      NO_DIR_CHECK='TRUE';
      ALLOW_CONNECT='TRUE';
    'IO_L3P_T0_DQS_AD1P_15':
      PIN_NUMBER='(0,0,j14,0,0,0,0)';
      PIN_TYPE='ANALOG';
      NO_LOAD_CHECK='Both';
      NO_IO_CHECK='Both';
      NO_ASSERT_CHECK='TRUE';
      NO_DIR_CHECK='TRUE';
      ALLOW_CONNECT='TRUE';
    'IO_L3N_T0_DQS_AD1N_15':
      PIN_NUMBER='(0,0,h14,0,0,0,0)';
      PIN_TYPE='ANALOG';
      NO_LOAD_CHECK='Both';
      NO_IO_CHECK='Both';
      NO_ASSERT_CHECK='TRUE';
      NO_DIR_CHECK='TRUE';
      ALLOW_CONNECT='TRUE';
    'IO_L4P_T0_15':
      PIN_NUMBER='(0,0,g17,0,0,0,0)';
      PIN_TYPE='ANALOG';
      NO_LOAD_CHECK='Both';
      NO_IO_CHECK='Both';
      NO_ASSERT_CHECK='TRUE';
      NO_DIR_CHECK='TRUE';
      ALLOW_CONNECT='TRUE';
    'IO_L4N_T0_15':
      PIN_NUMBER='(0,0,g18,0,0,0,0)';
      PIN_TYPE='ANALOG';
      NO_LOAD_CHECK='Both';
      NO_IO_CHECK='Both';
      NO_ASSERT_CHECK='TRUE';
      NO_DIR_CHECK='TRUE';
      ALLOW_CONNECT='TRUE';
    'IO_L5P_T0_AD9P_15':
      PIN_NUMBER='(0,0,j15,0,0,0,0)';
      PIN_TYPE='ANALOG';
      NO_LOAD_CHECK='Both';
      NO_IO_CHECK='Both';
      NO_ASSERT_CHECK='TRUE';
      NO_DIR_CHECK='TRUE';
      ALLOW_CONNECT='TRUE';
    'IO_L5N_T0_AD9N_15':
      PIN_NUMBER='(0,0,h15,0,0,0,0)';
      PIN_TYPE='ANALOG';
      NO_LOAD_CHECK='Both';
      NO_IO_CHECK='Both';
      NO_ASSERT_CHECK='TRUE';
      NO_DIR_CHECK='TRUE';
      ALLOW_CONNECT='TRUE';
    'IO_L6P_T0_15':
      PIN_NUMBER='(0,0,h17,0,0,0,0)';
      PIN_TYPE='ANALOG';
      NO_LOAD_CHECK='Both';
      NO_IO_CHECK='Both';
      NO_ASSERT_CHECK='TRUE';
      NO_DIR_CHECK='TRUE';
      ALLOW_CONNECT='TRUE';
    'IO_L6N_T0_VREF_15':
      PIN_NUMBER='(0,0,h18,0,0,0,0)';
      PIN_TYPE='ANALOG';
      NO_LOAD_CHECK='Both';
      NO_IO_CHECK='Both';
      NO_ASSERT_CHECK='TRUE';
      NO_DIR_CHECK='TRUE';
      ALLOW_CONNECT='TRUE';
    'IO_L7P_T1_AD2P_15':
      PIN_NUMBER='(0,0,j22,0,0,0,0)';
      PIN_TYPE='ANALOG';
      NO_LOAD_CHECK='Both';
      NO_IO_CHECK='Both';
      NO_ASSERT_CHECK='TRUE';
      NO_DIR_CHECK='TRUE';
      ALLOW_CONNECT='TRUE';
    'IO_L7N_T1_AD2N_15':
      PIN_NUMBER='(0,0,h22,0,0,0,0)';
      PIN_TYPE='ANALOG';
      NO_LOAD_CHECK='Both';
      NO_IO_CHECK='Both';
      NO_ASSERT_CHECK='TRUE';
      NO_DIR_CHECK='TRUE';
      ALLOW_CONNECT='TRUE';
    'IO_L8P_T1_AD10P_15':
      PIN_NUMBER='(0,0,h20,0,0,0,0)';
      PIN_TYPE='ANALOG';
      NO_LOAD_CHECK='Both';
      NO_IO_CHECK='Both';
      NO_ASSERT_CHECK='TRUE';
      NO_DIR_CHECK='TRUE';
      ALLOW_CONNECT='TRUE';
    'IO_L8N_T1_AD10N_15':
      PIN_NUMBER='(0,0,g20,0,0,0,0)';
      PIN_TYPE='ANALOG';
      NO_LOAD_CHECK='Both';
      NO_IO_CHECK='Both';
      NO_ASSERT_CHECK='TRUE';
      NO_DIR_CHECK='TRUE';
      ALLOW_CONNECT='TRUE';
    'IO_L9P_T1_DQS_AD3P_15':
      PIN_NUMBER='(0,0,k21,0,0,0,0)';
      PIN_TYPE='ANALOG';
      NO_LOAD_CHECK='Both';
      NO_IO_CHECK='Both';
      NO_ASSERT_CHECK='TRUE';
      NO_DIR_CHECK='TRUE';
      ALLOW_CONNECT='TRUE';
    'IO_L9N_T1_DQS_AD3N_15':
      PIN_NUMBER='(0,0,k22,0,0,0,0)';
      PIN_TYPE='ANALOG';
      NO_LOAD_CHECK='Both';
      NO_IO_CHECK='Both';
      NO_ASSERT_CHECK='TRUE';
      NO_DIR_CHECK='TRUE';
      ALLOW_CONNECT='TRUE';
    'IO_L10P_T1_AD11P_15':
      PIN_NUMBER='(0,0,m21,0,0,0,0)';
      PIN_TYPE='ANALOG';
      NO_LOAD_CHECK='Both';
      NO_IO_CHECK='Both';
      NO_ASSERT_CHECK='TRUE';
      NO_DIR_CHECK='TRUE';
      ALLOW_CONNECT='TRUE';
    'IO_L10N_T1_AD11N_15':
      PIN_NUMBER='(0,0,l21,0,0,0,0)';
      PIN_TYPE='ANALOG';
      NO_LOAD_CHECK='Both';
      NO_IO_CHECK='Both';
      NO_ASSERT_CHECK='TRUE';
      NO_DIR_CHECK='TRUE';
      ALLOW_CONNECT='TRUE';
    'IO_L11P_T1_SRCC_15':
      PIN_NUMBER='(0,0,j20,0,0,0,0)';
      PIN_TYPE='ANALOG';
      NO_LOAD_CHECK='Both';
      NO_IO_CHECK='Both';
      NO_ASSERT_CHECK='TRUE';
      NO_DIR_CHECK='TRUE';
      ALLOW_CONNECT='TRUE';
    'IO_L11N_T1_SRCC_15':
      PIN_NUMBER='(0,0,j21,0,0,0,0)';
      PIN_TYPE='ANALOG';
      NO_LOAD_CHECK='Both';
      NO_IO_CHECK='Both';
      NO_ASSERT_CHECK='TRUE';
      NO_DIR_CHECK='TRUE';
      ALLOW_CONNECT='TRUE';
    'IO_L12P_T1_MRCC_15':
      PIN_NUMBER='(0,0,j19,0,0,0,0)';
      PIN_TYPE='ANALOG';
      NO_LOAD_CHECK='Both';
      NO_IO_CHECK='Both';
      NO_ASSERT_CHECK='TRUE';
      NO_DIR_CHECK='TRUE';
      ALLOW_CONNECT='TRUE';
    'IO_L12N_T1_MRCC_15':
      PIN_NUMBER='(0,0,h19,0,0,0,0)';
      PIN_TYPE='ANALOG';
      NO_LOAD_CHECK='Both';
      NO_IO_CHECK='Both';
      NO_ASSERT_CHECK='TRUE';
      NO_DIR_CHECK='TRUE';
      ALLOW_CONNECT='TRUE';
    'IO_L13P_T2_MRCC_15':
      PIN_NUMBER='(0,0,k18,0,0,0,0)';
      PIN_TYPE='ANALOG';
      NO_LOAD_CHECK='Both';
      NO_IO_CHECK='Both';
      NO_ASSERT_CHECK='TRUE';
      NO_DIR_CHECK='TRUE';
      ALLOW_CONNECT='TRUE';
    'IO_L13N_T2_MRCC_15':
      PIN_NUMBER='(0,0,k19,0,0,0,0)';
      PIN_TYPE='ANALOG';
      NO_LOAD_CHECK='Both';
      NO_IO_CHECK='Both';
      NO_ASSERT_CHECK='TRUE';
      NO_DIR_CHECK='TRUE';
      ALLOW_CONNECT='TRUE';
    'IO_L14P_T2_SRCC_15':
      PIN_NUMBER='(0,0,l19,0,0,0,0)';
      PIN_TYPE='ANALOG';
      NO_LOAD_CHECK='Both';
      NO_IO_CHECK='Both';
      NO_ASSERT_CHECK='TRUE';
      NO_DIR_CHECK='TRUE';
      ALLOW_CONNECT='TRUE';
    'IO_L14N_T2_SRCC_15':
      PIN_NUMBER='(0,0,l20,0,0,0,0)';
      PIN_TYPE='ANALOG';
      NO_LOAD_CHECK='Both';
      NO_IO_CHECK='Both';
      NO_ASSERT_CHECK='TRUE';
      NO_DIR_CHECK='TRUE';
      ALLOW_CONNECT='TRUE';
    'IO_L15P_T2_DQS_15':
      PIN_NUMBER='(0,0,n22,0,0,0,0)';
      PIN_TYPE='ANALOG';
      NO_LOAD_CHECK='Both';
      NO_IO_CHECK='Both';
      NO_ASSERT_CHECK='TRUE';
      NO_DIR_CHECK='TRUE';
      ALLOW_CONNECT='TRUE';
    'IO_L15N_T2_DQS_ADV_B_15':
      PIN_NUMBER='(0,0,m22,0,0,0,0)';
      PIN_TYPE='ANALOG';
      NO_LOAD_CHECK='Both';
      NO_IO_CHECK='Both';
      NO_ASSERT_CHECK='TRUE';
      NO_DIR_CHECK='TRUE';
      ALLOW_CONNECT='TRUE';
    'IO_L16P_T2_A28_15':
      PIN_NUMBER='(0,0,m18,0,0,0,0)';
      PIN_TYPE='ANALOG';
      NO_LOAD_CHECK='Both';
      NO_IO_CHECK='Both';
      NO_ASSERT_CHECK='TRUE';
      NO_DIR_CHECK='TRUE';
      ALLOW_CONNECT='TRUE';
    'IO_L16N_T2_A27_15':
      PIN_NUMBER='(0,0,l18,0,0,0,0)';
      PIN_TYPE='ANALOG';
      NO_LOAD_CHECK='Both';
      NO_IO_CHECK='Both';
      NO_ASSERT_CHECK='TRUE';
      NO_DIR_CHECK='TRUE';
      ALLOW_CONNECT='TRUE';
    'IO_L17P_T2_A26_15':
      PIN_NUMBER='(0,0,n18,0,0,0,0)';
      PIN_TYPE='ANALOG';
      NO_LOAD_CHECK='Both';
      NO_IO_CHECK='Both';
      NO_ASSERT_CHECK='TRUE';
      NO_DIR_CHECK='TRUE';
      ALLOW_CONNECT='TRUE';
    'IO_L17N_T2_A25_15':
      PIN_NUMBER='(0,0,n19,0,0,0,0)';
      PIN_TYPE='ANALOG';
      NO_LOAD_CHECK='Both';
      NO_IO_CHECK='Both';
      NO_ASSERT_CHECK='TRUE';
      NO_DIR_CHECK='TRUE';
      ALLOW_CONNECT='TRUE';
    'IO_L18P_T2_A24_15':
      PIN_NUMBER='(0,0,n20,0,0,0,0)';
      PIN_TYPE='ANALOG';
      NO_LOAD_CHECK='Both';
      NO_IO_CHECK='Both';
      NO_ASSERT_CHECK='TRUE';
      NO_DIR_CHECK='TRUE';
      ALLOW_CONNECT='TRUE';
    'IO_L18N_T2_A23_15':
      PIN_NUMBER='(0,0,m20,0,0,0,0)';
      PIN_TYPE='ANALOG';
      NO_LOAD_CHECK='Both';
      NO_IO_CHECK='Both';
      NO_ASSERT_CHECK='TRUE';
      NO_DIR_CHECK='TRUE';
      ALLOW_CONNECT='TRUE';
    'IO_L19P_T3_A22_15':
      PIN_NUMBER='(0,0,k13,0,0,0,0)';
      PIN_TYPE='ANALOG';
      NO_LOAD_CHECK='Both';
      NO_IO_CHECK='Both';
      NO_ASSERT_CHECK='TRUE';
      NO_DIR_CHECK='TRUE';
      ALLOW_CONNECT='TRUE';
    'IO_L19N_T3_A21_VREF_15':
      PIN_NUMBER='(0,0,k14,0,0,0,0)';
      PIN_TYPE='ANALOG';
      NO_LOAD_CHECK='Both';
      NO_IO_CHECK='Both';
      NO_ASSERT_CHECK='TRUE';
      NO_DIR_CHECK='TRUE';
      ALLOW_CONNECT='TRUE';
    'IO_L20P_T3_A20_15':
      PIN_NUMBER='(0,0,m13,0,0,0,0)';
      PIN_TYPE='ANALOG';
      NO_LOAD_CHECK='Both';
      NO_IO_CHECK='Both';
      NO_ASSERT_CHECK='TRUE';
      NO_DIR_CHECK='TRUE';
      ALLOW_CONNECT='TRUE';
    'IO_L20N_T3_A19_15':
      PIN_NUMBER='(0,0,l13,0,0,0,0)';
      PIN_TYPE='ANALOG';
      NO_LOAD_CHECK='Both';
      NO_IO_CHECK='Both';
      NO_ASSERT_CHECK='TRUE';
      NO_DIR_CHECK='TRUE';
      ALLOW_CONNECT='TRUE';
    'IO_L21P_T3_DQS_15':
      PIN_NUMBER='(0,0,k17,0,0,0,0)';
      PIN_TYPE='ANALOG';
      NO_LOAD_CHECK='Both';
      NO_IO_CHECK='Both';
      NO_ASSERT_CHECK='TRUE';
      NO_DIR_CHECK='TRUE';
      ALLOW_CONNECT='TRUE';
    'IO_L21N_T3_DQS_A18_15':
      PIN_NUMBER='(0,0,j17,0,0,0,0)';
      PIN_TYPE='ANALOG';
      NO_LOAD_CHECK='Both';
      NO_IO_CHECK='Both';
      NO_ASSERT_CHECK='TRUE';
      NO_DIR_CHECK='TRUE';
      ALLOW_CONNECT='TRUE';
    'IO_L22P_T3_A17_15':
      PIN_NUMBER='(0,0,l14,0,0,0,0)';
      PIN_TYPE='ANALOG';
      NO_LOAD_CHECK='Both';
      NO_IO_CHECK='Both';
      NO_ASSERT_CHECK='TRUE';
      NO_DIR_CHECK='TRUE';
      ALLOW_CONNECT='TRUE';
    'IO_L22N_T3_A16_15':
      PIN_NUMBER='(0,0,l15,0,0,0,0)';
      PIN_TYPE='ANALOG';
      NO_LOAD_CHECK='Both';
      NO_IO_CHECK='Both';
      NO_ASSERT_CHECK='TRUE';
      NO_DIR_CHECK='TRUE';
      ALLOW_CONNECT='TRUE';
    'IO_L23P_T3_FOE_B_15':
      PIN_NUMBER='(0,0,l16,0,0,0,0)';
      PIN_TYPE='ANALOG';
      NO_LOAD_CHECK='Both';
      NO_IO_CHECK='Both';
      NO_ASSERT_CHECK='TRUE';
      NO_DIR_CHECK='TRUE';
      ALLOW_CONNECT='TRUE';
    'IO_L23N_T3_FWE_B_15':
      PIN_NUMBER='(0,0,k16,0,0,0,0)';
      PIN_TYPE='ANALOG';
      NO_LOAD_CHECK='Both';
      NO_IO_CHECK='Both';
      NO_ASSERT_CHECK='TRUE';
      NO_DIR_CHECK='TRUE';
      ALLOW_CONNECT='TRUE';
    'IO_L24P_T3_RS1_15':
      PIN_NUMBER='(0,0,m15,0,0,0,0)';
      PIN_TYPE='ANALOG';
      NO_LOAD_CHECK='Both';
      NO_IO_CHECK='Both';
      NO_ASSERT_CHECK='TRUE';
      NO_DIR_CHECK='TRUE';
      ALLOW_CONNECT='TRUE';
    'IO_L24N_T3_RS0_15':
      PIN_NUMBER='(0,0,m16,0,0,0,0)';
      PIN_TYPE='ANALOG';
      NO_LOAD_CHECK='Both';
      NO_IO_CHECK='Both';
      NO_ASSERT_CHECK='TRUE';
      NO_DIR_CHECK='TRUE';
      ALLOW_CONNECT='TRUE';
    'IO_25_15':
      PIN_NUMBER='(0,0,m17,0,0,0,0)';
      PIN_TYPE='ANALOG';
      NO_LOAD_CHECK='Both';
      NO_IO_CHECK='Both';
      NO_ASSERT_CHECK='TRUE';
      NO_DIR_CHECK='TRUE';
      ALLOW_CONNECT='TRUE';
    'IO_0_16':
      PIN_NUMBER='(0,0,0,f15,0,0,0)';
      PIN_TYPE='ANALOG';
      NO_LOAD_CHECK='Both';
      NO_IO_CHECK='Both';
      NO_ASSERT_CHECK='TRUE';
      NO_DIR_CHECK='TRUE';
      ALLOW_CONNECT='TRUE';
    'IO_L1P_T0_16':
      PIN_NUMBER='(0,0,0,f13,0,0,0)';
      PIN_TYPE='ANALOG';
      NO_LOAD_CHECK='Both';
      NO_IO_CHECK='Both';
      NO_ASSERT_CHECK='TRUE';
      NO_DIR_CHECK='TRUE';
      ALLOW_CONNECT='TRUE';
    'IO_L1N_T0_16':
      PIN_NUMBER='(0,0,0,f14,0,0,0)';
      PIN_TYPE='ANALOG';
      NO_LOAD_CHECK='Both';
      NO_IO_CHECK='Both';
      NO_ASSERT_CHECK='TRUE';
      NO_DIR_CHECK='TRUE';
      ALLOW_CONNECT='TRUE';
    'IO_L2P_T0_16':
      PIN_NUMBER='(0,0,0,f16,0,0,0)';
      PIN_TYPE='ANALOG';
      NO_LOAD_CHECK='Both';
      NO_IO_CHECK='Both';
      NO_ASSERT_CHECK='TRUE';
      NO_DIR_CHECK='TRUE';
      ALLOW_CONNECT='TRUE';
    'IO_L2N_T0_16':
      PIN_NUMBER='(0,0,0,e17,0,0,0)';
      PIN_TYPE='ANALOG';
      NO_LOAD_CHECK='Both';
      NO_IO_CHECK='Both';
      NO_ASSERT_CHECK='TRUE';
      NO_DIR_CHECK='TRUE';
      ALLOW_CONNECT='TRUE';
    'IO_L3P_T0_DQS_16':
      PIN_NUMBER='(0,0,0,c14,0,0,0)';
      PIN_TYPE='ANALOG';
      NO_LOAD_CHECK='Both';
      NO_IO_CHECK='Both';
      NO_ASSERT_CHECK='TRUE';
      NO_DIR_CHECK='TRUE';
      ALLOW_CONNECT='TRUE';
    'IO_L3N_T0_DQS_16':
      PIN_NUMBER='(0,0,0,c15,0,0,0)';
      PIN_TYPE='ANALOG';
      NO_LOAD_CHECK='Both';
      NO_IO_CHECK='Both';
      NO_ASSERT_CHECK='TRUE';
      NO_DIR_CHECK='TRUE';
      ALLOW_CONNECT='TRUE';
    'IO_L4P_T0_16':
      PIN_NUMBER='(0,0,0,e13,0,0,0)';
      PIN_TYPE='ANALOG';
      NO_LOAD_CHECK='Both';
      NO_IO_CHECK='Both';
      NO_ASSERT_CHECK='TRUE';
      NO_DIR_CHECK='TRUE';
      ALLOW_CONNECT='TRUE';
    'IO_L4N_T0_16':
      PIN_NUMBER='(0,0,0,e14,0,0,0)';
      PIN_TYPE='ANALOG';
      NO_LOAD_CHECK='Both';
      NO_IO_CHECK='Both';
      NO_ASSERT_CHECK='TRUE';
      NO_DIR_CHECK='TRUE';
      ALLOW_CONNECT='TRUE';
    'IO_L5P_T0_16':
      PIN_NUMBER='(0,0,0,e16,0,0,0)';
      PIN_TYPE='ANALOG';
      NO_LOAD_CHECK='Both';
      NO_IO_CHECK='Both';
      NO_ASSERT_CHECK='TRUE';
      NO_DIR_CHECK='TRUE';
      ALLOW_CONNECT='TRUE';
    'IO_L5N_T0_16':
      PIN_NUMBER='(0,0,0,d16,0,0,0)';
      PIN_TYPE='ANALOG';
      NO_LOAD_CHECK='Both';
      NO_IO_CHECK='Both';
      NO_ASSERT_CHECK='TRUE';
      NO_DIR_CHECK='TRUE';
      ALLOW_CONNECT='TRUE';
    'IO_L6P_T0_16':
      PIN_NUMBER='(0,0,0,d14,0,0,0)';
      PIN_TYPE='ANALOG';
      NO_LOAD_CHECK='Both';
      NO_IO_CHECK='Both';
      NO_ASSERT_CHECK='TRUE';
      NO_DIR_CHECK='TRUE';
      ALLOW_CONNECT='TRUE';
    'IO_L6N_T0_VREF_16':
      PIN_NUMBER='(0,0,0,d15,0,0,0)';
      PIN_TYPE='ANALOG';
      NO_LOAD_CHECK='Both';
      NO_IO_CHECK='Both';
      NO_ASSERT_CHECK='TRUE';
      NO_DIR_CHECK='TRUE';
      ALLOW_CONNECT='TRUE';
    'IO_L7P_T1_16':
      PIN_NUMBER='(0,0,0,b15,0,0,0)';
      PIN_TYPE='ANALOG';
      NO_LOAD_CHECK='Both';
      NO_IO_CHECK='Both';
      NO_ASSERT_CHECK='TRUE';
      NO_DIR_CHECK='TRUE';
      ALLOW_CONNECT='TRUE';
    'IO_L7N_T1_16':
      PIN_NUMBER='(0,0,0,b16,0,0,0)';
      PIN_TYPE='ANALOG';
      NO_LOAD_CHECK='Both';
      NO_IO_CHECK='Both';
      NO_ASSERT_CHECK='TRUE';
      NO_DIR_CHECK='TRUE';
      ALLOW_CONNECT='TRUE';
    'IO_L8P_T1_16':
      PIN_NUMBER='(0,0,0,c13,0,0,0)';
      PIN_TYPE='ANALOG';
      NO_LOAD_CHECK='Both';
      NO_IO_CHECK='Both';
      NO_ASSERT_CHECK='TRUE';
      NO_DIR_CHECK='TRUE';
      ALLOW_CONNECT='TRUE';
    'IO_L8N_T1_16':
      PIN_NUMBER='(0,0,0,b13,0,0,0)';
      PIN_TYPE='ANALOG';
      NO_LOAD_CHECK='Both';
      NO_IO_CHECK='Both';
      NO_ASSERT_CHECK='TRUE';
      NO_DIR_CHECK='TRUE';
      ALLOW_CONNECT='TRUE';
    'IO_L9P_T1_DQS_16':
      PIN_NUMBER='(0,0,0,a15,0,0,0)';
      PIN_TYPE='ANALOG';
      NO_LOAD_CHECK='Both';
      NO_IO_CHECK='Both';
      NO_ASSERT_CHECK='TRUE';
      NO_DIR_CHECK='TRUE';
      ALLOW_CONNECT='TRUE';
    'IO_L9N_T1_DQS_16':
      PIN_NUMBER='(0,0,0,a16,0,0,0)';
      PIN_TYPE='ANALOG';
      NO_LOAD_CHECK='Both';
      NO_IO_CHECK='Both';
      NO_ASSERT_CHECK='TRUE';
      NO_DIR_CHECK='TRUE';
      ALLOW_CONNECT='TRUE';
    'IO_L10P_T1_16':
      PIN_NUMBER='(0,0,0,a13,0,0,0)';
      PIN_TYPE='ANALOG';
      NO_LOAD_CHECK='Both';
      NO_IO_CHECK='Both';
      NO_ASSERT_CHECK='TRUE';
      NO_DIR_CHECK='TRUE';
      ALLOW_CONNECT='TRUE';
    'IO_L10N_T1_16':
      PIN_NUMBER='(0,0,0,a14,0,0,0)';
      PIN_TYPE='ANALOG';
      NO_LOAD_CHECK='Both';
      NO_IO_CHECK='Both';
      NO_ASSERT_CHECK='TRUE';
      NO_DIR_CHECK='TRUE';
      ALLOW_CONNECT='TRUE';
    'IO_L11P_T1_SRCC_16':
      PIN_NUMBER='(0,0,0,b17,0,0,0)';
      PIN_TYPE='ANALOG';
      NO_LOAD_CHECK='Both';
      NO_IO_CHECK='Both';
      NO_ASSERT_CHECK='TRUE';
      NO_DIR_CHECK='TRUE';
      ALLOW_CONNECT='TRUE';
    'IO_L11N_T1_SRCC_16':
      PIN_NUMBER='(0,0,0,b18,0,0,0)';
      PIN_TYPE='ANALOG';
      NO_LOAD_CHECK='Both';
      NO_IO_CHECK='Both';
      NO_ASSERT_CHECK='TRUE';
      NO_DIR_CHECK='TRUE';
      ALLOW_CONNECT='TRUE';
    'IO_L12P_T1_MRCC_16':
      PIN_NUMBER='(0,0,0,d17,0,0,0)';
      PIN_TYPE='ANALOG';
      NO_LOAD_CHECK='Both';
      NO_IO_CHECK='Both';
      NO_ASSERT_CHECK='TRUE';
      NO_DIR_CHECK='TRUE';
      ALLOW_CONNECT='TRUE';
    'IO_L12N_T1_MRCC_16':
      PIN_NUMBER='(0,0,0,c17,0,0,0)';
      PIN_TYPE='ANALOG';
      NO_LOAD_CHECK='Both';
      NO_IO_CHECK='Both';
      NO_ASSERT_CHECK='TRUE';
      NO_DIR_CHECK='TRUE';
      ALLOW_CONNECT='TRUE';
    'IO_L13P_T2_MRCC_16':
      PIN_NUMBER='(0,0,0,c18,0,0,0)';
      PIN_TYPE='ANALOG';
      NO_LOAD_CHECK='Both';
      NO_IO_CHECK='Both';
      NO_ASSERT_CHECK='TRUE';
      NO_DIR_CHECK='TRUE';
      ALLOW_CONNECT='TRUE';
    'IO_L13N_T2_MRCC_16':
      PIN_NUMBER='(0,0,0,c19,0,0,0)';
      PIN_TYPE='ANALOG';
      NO_LOAD_CHECK='Both';
      NO_IO_CHECK='Both';
      NO_ASSERT_CHECK='TRUE';
      NO_DIR_CHECK='TRUE';
      ALLOW_CONNECT='TRUE';
    'IO_L14P_T2_SRCC_16':
      PIN_NUMBER='(0,0,0,e19,0,0,0)';
      PIN_TYPE='ANALOG';
      NO_LOAD_CHECK='Both';
      NO_IO_CHECK='Both';
      NO_ASSERT_CHECK='TRUE';
      NO_DIR_CHECK='TRUE';
      ALLOW_CONNECT='TRUE';
    'IO_L14N_T2_SRCC_16':
      PIN_NUMBER='(0,0,0,d19,0,0,0)';
      PIN_TYPE='ANALOG';
      NO_LOAD_CHECK='Both';
      NO_IO_CHECK='Both';
      NO_ASSERT_CHECK='TRUE';
      NO_DIR_CHECK='TRUE';
      ALLOW_CONNECT='TRUE';
    'IO_L15P_T2_DQS_16':
      PIN_NUMBER='(0,0,0,f18,0,0,0)';
      PIN_TYPE='ANALOG';
      NO_LOAD_CHECK='Both';
      NO_IO_CHECK='Both';
      NO_ASSERT_CHECK='TRUE';
      NO_DIR_CHECK='TRUE';
      ALLOW_CONNECT='TRUE';
    'IO_L15N_T2_DQS_16':
      PIN_NUMBER='(0,0,0,e18,0,0,0)';
      PIN_TYPE='ANALOG';
      NO_LOAD_CHECK='Both';
      NO_IO_CHECK='Both';
      NO_ASSERT_CHECK='TRUE';
      NO_DIR_CHECK='TRUE';
      ALLOW_CONNECT='TRUE';
    'IO_L16P_T2_16':
      PIN_NUMBER='(0,0,0,b20,0,0,0)';
      PIN_TYPE='ANALOG';
      NO_LOAD_CHECK='Both';
      NO_IO_CHECK='Both';
      NO_ASSERT_CHECK='TRUE';
      NO_DIR_CHECK='TRUE';
      ALLOW_CONNECT='TRUE';
    'IO_L16N_T2_16':
      PIN_NUMBER='(0,0,0,a20,0,0,0)';
      PIN_TYPE='ANALOG';
      NO_LOAD_CHECK='Both';
      NO_IO_CHECK='Both';
      NO_ASSERT_CHECK='TRUE';
      NO_DIR_CHECK='TRUE';
      ALLOW_CONNECT='TRUE';
    'IO_L17P_T2_16':
      PIN_NUMBER='(0,0,0,a18,0,0,0)';
      PIN_TYPE='ANALOG';
      NO_LOAD_CHECK='Both';
      NO_IO_CHECK='Both';
      NO_ASSERT_CHECK='TRUE';
      NO_DIR_CHECK='TRUE';
      ALLOW_CONNECT='TRUE';
    'IO_L17N_T2_16':
      PIN_NUMBER='(0,0,0,a19,0,0,0)';
      PIN_TYPE='ANALOG';
      NO_LOAD_CHECK='Both';
      NO_IO_CHECK='Both';
      NO_ASSERT_CHECK='TRUE';
      NO_DIR_CHECK='TRUE';
      ALLOW_CONNECT='TRUE';
    'IO_L18P_T2_16':
      PIN_NUMBER='(0,0,0,f19,0,0,0)';
      PIN_TYPE='ANALOG';
      NO_LOAD_CHECK='Both';
      NO_IO_CHECK='Both';
      NO_ASSERT_CHECK='TRUE';
      NO_DIR_CHECK='TRUE';
      ALLOW_CONNECT='TRUE';
    'IO_L18N_T2_16':
      PIN_NUMBER='(0,0,0,f20,0,0,0)';
      PIN_TYPE='ANALOG';
      NO_LOAD_CHECK='Both';
      NO_IO_CHECK='Both';
      NO_ASSERT_CHECK='TRUE';
      NO_DIR_CHECK='TRUE';
      ALLOW_CONNECT='TRUE';
    'IO_L19P_T3_16':
      PIN_NUMBER='(0,0,0,d20,0,0,0)';
      PIN_TYPE='ANALOG';
      NO_LOAD_CHECK='Both';
      NO_IO_CHECK='Both';
      NO_ASSERT_CHECK='TRUE';
      NO_DIR_CHECK='TRUE';
      ALLOW_CONNECT='TRUE';
    'IO_L19N_T3_VREF_16':
      PIN_NUMBER='(0,0,0,c20,0,0,0)';
      PIN_TYPE='ANALOG';
      NO_LOAD_CHECK='Both';
      NO_IO_CHECK='Both';
      NO_ASSERT_CHECK='TRUE';
      NO_DIR_CHECK='TRUE';
      ALLOW_CONNECT='TRUE';
    'IO_L20P_T3_16':
      PIN_NUMBER='(0,0,0,c22,0,0,0)';
      PIN_TYPE='ANALOG';
      NO_LOAD_CHECK='Both';
      NO_IO_CHECK='Both';
      NO_ASSERT_CHECK='TRUE';
      NO_DIR_CHECK='TRUE';
      ALLOW_CONNECT='TRUE';
    'IO_L20N_T3_16':
      PIN_NUMBER='(0,0,0,b22,0,0,0)';
      PIN_TYPE='ANALOG';
      NO_LOAD_CHECK='Both';
      NO_IO_CHECK='Both';
      NO_ASSERT_CHECK='TRUE';
      NO_DIR_CHECK='TRUE';
      ALLOW_CONNECT='TRUE';
    'IO_L21P_T3_DQS_16':
      PIN_NUMBER='(0,0,0,b21,0,0,0)';
      PIN_TYPE='ANALOG';
      NO_LOAD_CHECK='Both';
      NO_IO_CHECK='Both';
      NO_ASSERT_CHECK='TRUE';
      NO_DIR_CHECK='TRUE';
      ALLOW_CONNECT='TRUE';
    'IO_L21N_T3_DQS_16':
      PIN_NUMBER='(0,0,0,a21,0,0,0)';
      PIN_TYPE='ANALOG';
      NO_LOAD_CHECK='Both';
      NO_IO_CHECK='Both';
      NO_ASSERT_CHECK='TRUE';
      NO_DIR_CHECK='TRUE';
      ALLOW_CONNECT='TRUE';
    'IO_L22P_T3_16':
      PIN_NUMBER='(0,0,0,e22,0,0,0)';
      PIN_TYPE='ANALOG';
      NO_LOAD_CHECK='Both';
      NO_IO_CHECK='Both';
      NO_ASSERT_CHECK='TRUE';
      NO_DIR_CHECK='TRUE';
      ALLOW_CONNECT='TRUE';
    'IO_L22N_T3_16':
      PIN_NUMBER='(0,0,0,d22,0,0,0)';
      PIN_TYPE='ANALOG';
      NO_LOAD_CHECK='Both';
      NO_IO_CHECK='Both';
      NO_ASSERT_CHECK='TRUE';
      NO_DIR_CHECK='TRUE';
      ALLOW_CONNECT='TRUE';
    'IO_L23P_T3_16':
      PIN_NUMBER='(0,0,0,e21,0,0,0)';
      PIN_TYPE='ANALOG';
      NO_LOAD_CHECK='Both';
      NO_IO_CHECK='Both';
      NO_ASSERT_CHECK='TRUE';
      NO_DIR_CHECK='TRUE';
      ALLOW_CONNECT='TRUE';
    'IO_L23N_T3_16':
      PIN_NUMBER='(0,0,0,d21,0,0,0)';
      PIN_TYPE='ANALOG';
      NO_LOAD_CHECK='Both';
      NO_IO_CHECK='Both';
      NO_ASSERT_CHECK='TRUE';
      NO_DIR_CHECK='TRUE';
      ALLOW_CONNECT='TRUE';
    'IO_L24P_T3_16':
      PIN_NUMBER='(0,0,0,g21,0,0,0)';
      PIN_TYPE='ANALOG';
      NO_LOAD_CHECK='Both';
      NO_IO_CHECK='Both';
      NO_ASSERT_CHECK='TRUE';
      NO_DIR_CHECK='TRUE';
      ALLOW_CONNECT='TRUE';
    'IO_L24N_T3_16':
      PIN_NUMBER='(0,0,0,g22,0,0,0)';
      PIN_TYPE='ANALOG';
      NO_LOAD_CHECK='Both';
      NO_IO_CHECK='Both';
      NO_ASSERT_CHECK='TRUE';
      NO_DIR_CHECK='TRUE';
      ALLOW_CONNECT='TRUE';
    'IO_25_16':
      PIN_NUMBER='(0,0,0,f21,0,0,0)';
      PIN_TYPE='ANALOG';
      NO_LOAD_CHECK='Both';
      NO_IO_CHECK='Both';
      NO_ASSERT_CHECK='TRUE';
      NO_DIR_CHECK='TRUE';
      ALLOW_CONNECT='TRUE';
    'IO_0_34':
      PIN_NUMBER='(0,0,0,0,t3,0,0)';
      PIN_TYPE='ANALOG';
      NO_LOAD_CHECK='Both';
      NO_IO_CHECK='Both';
      NO_ASSERT_CHECK='TRUE';
      NO_DIR_CHECK='TRUE';
      ALLOW_CONNECT='TRUE';
    'IO_L1P_T0_34':
      PIN_NUMBER='(0,0,0,0,t1,0,0)';
      PIN_TYPE='ANALOG';
      NO_LOAD_CHECK='Both';
      NO_IO_CHECK='Both';
      NO_ASSERT_CHECK='TRUE';
      NO_DIR_CHECK='TRUE';
      ALLOW_CONNECT='TRUE';
    'IO_L1N_T0_34':
      PIN_NUMBER='(0,0,0,0,u1,0,0)';
      PIN_TYPE='ANALOG';
      NO_LOAD_CHECK='Both';
      NO_IO_CHECK='Both';
      NO_ASSERT_CHECK='TRUE';
      NO_DIR_CHECK='TRUE';
      ALLOW_CONNECT='TRUE';
    'IO_L2P_T0_34':
      PIN_NUMBER='(0,0,0,0,u2,0,0)';
      PIN_TYPE='ANALOG';
      NO_LOAD_CHECK='Both';
      NO_IO_CHECK='Both';
      NO_ASSERT_CHECK='TRUE';
      NO_DIR_CHECK='TRUE';
      ALLOW_CONNECT='TRUE';
    'IO_L2N_T0_34':
      PIN_NUMBER='(0,0,0,0,v2,0,0)';
      PIN_TYPE='ANALOG';
      NO_LOAD_CHECK='Both';
      NO_IO_CHECK='Both';
      NO_ASSERT_CHECK='TRUE';
      NO_DIR_CHECK='TRUE';
      ALLOW_CONNECT='TRUE';
    'IO_L3P_T0_DQS_34':
      PIN_NUMBER='(0,0,0,0,r3,0,0)';
      PIN_TYPE='ANALOG';
      NO_LOAD_CHECK='Both';
      NO_IO_CHECK='Both';
      NO_ASSERT_CHECK='TRUE';
      NO_DIR_CHECK='TRUE';
      ALLOW_CONNECT='TRUE';
    'IO_L3N_T0_DQS_34':
      PIN_NUMBER='(0,0,0,0,r2,0,0)';
      PIN_TYPE='ANALOG';
      NO_LOAD_CHECK='Both';
      NO_IO_CHECK='Both';
      NO_ASSERT_CHECK='TRUE';
      NO_DIR_CHECK='TRUE';
      ALLOW_CONNECT='TRUE';
    'IO_L4P_T0_34':
      PIN_NUMBER='(0,0,0,0,w2,0,0)';
      PIN_TYPE='ANALOG';
      NO_LOAD_CHECK='Both';
      NO_IO_CHECK='Both';
      NO_ASSERT_CHECK='TRUE';
      NO_DIR_CHECK='TRUE';
      ALLOW_CONNECT='TRUE';
    'IO_L4N_T0_34':
      PIN_NUMBER='(0,0,0,0,y2,0,0)';
      PIN_TYPE='ANALOG';
      NO_LOAD_CHECK='Both';
      NO_IO_CHECK='Both';
      NO_ASSERT_CHECK='TRUE';
      NO_DIR_CHECK='TRUE';
      ALLOW_CONNECT='TRUE';
    'IO_L5P_T0_34':
      PIN_NUMBER='(0,0,0,0,w1,0,0)';
      PIN_TYPE='ANALOG';
      NO_LOAD_CHECK='Both';
      NO_IO_CHECK='Both';
      NO_ASSERT_CHECK='TRUE';
      NO_DIR_CHECK='TRUE';
      ALLOW_CONNECT='TRUE';
    'IO_L5N_T0_34':
      PIN_NUMBER='(0,0,0,0,y1,0,0)';
      PIN_TYPE='ANALOG';
      NO_LOAD_CHECK='Both';
      NO_IO_CHECK='Both';
      NO_ASSERT_CHECK='TRUE';
      NO_DIR_CHECK='TRUE';
      ALLOW_CONNECT='TRUE';
    'IO_L6P_T0_34':
      PIN_NUMBER='(0,0,0,0,u3,0,0)';
      PIN_TYPE='ANALOG';
      NO_LOAD_CHECK='Both';
      NO_IO_CHECK='Both';
      NO_ASSERT_CHECK='TRUE';
      NO_DIR_CHECK='TRUE';
      ALLOW_CONNECT='TRUE';
    'IO_L6N_T0_VREF_34':
      PIN_NUMBER='(0,0,0,0,v3,0,0)';
      PIN_TYPE='ANALOG';
      NO_LOAD_CHECK='Both';
      NO_IO_CHECK='Both';
      NO_ASSERT_CHECK='TRUE';
      NO_DIR_CHECK='TRUE';
      ALLOW_CONNECT='TRUE';
    'IO_L7P_T1_34':
      PIN_NUMBER='(0,0,0,0,aa1,0,0)';
      PIN_TYPE='ANALOG';
      NO_LOAD_CHECK='Both';
      NO_IO_CHECK='Both';
      NO_ASSERT_CHECK='TRUE';
      NO_DIR_CHECK='TRUE';
      ALLOW_CONNECT='TRUE';
    'IO_L7N_T1_34':
      PIN_NUMBER='(0,0,0,0,ab1,0,0)';
      PIN_TYPE='ANALOG';
      NO_LOAD_CHECK='Both';
      NO_IO_CHECK='Both';
      NO_ASSERT_CHECK='TRUE';
      NO_DIR_CHECK='TRUE';
      ALLOW_CONNECT='TRUE';
    'IO_L8P_T1_34':
      PIN_NUMBER='(0,0,0,0,ab3,0,0)';
      PIN_TYPE='ANALOG';
      NO_LOAD_CHECK='Both';
      NO_IO_CHECK='Both';
      NO_ASSERT_CHECK='TRUE';
      NO_DIR_CHECK='TRUE';
      ALLOW_CONNECT='TRUE';
    'IO_L8N_T1_34':
      PIN_NUMBER='(0,0,0,0,ab2,0,0)';
      PIN_TYPE='ANALOG';
      NO_LOAD_CHECK='Both';
      NO_IO_CHECK='Both';
      NO_ASSERT_CHECK='TRUE';
      NO_DIR_CHECK='TRUE';
      ALLOW_CONNECT='TRUE';
    'IO_L9P_T1_DQS_34':
      PIN_NUMBER='(0,0,0,0,y3,0,0)';
      PIN_TYPE='ANALOG';
      NO_LOAD_CHECK='Both';
      NO_IO_CHECK='Both';
      NO_ASSERT_CHECK='TRUE';
      NO_DIR_CHECK='TRUE';
      ALLOW_CONNECT='TRUE';
    'IO_L9N_T1_DQS_34':
      PIN_NUMBER='(0,0,0,0,aa3,0,0)';
      PIN_TYPE='ANALOG';
      NO_LOAD_CHECK='Both';
      NO_IO_CHECK='Both';
      NO_ASSERT_CHECK='TRUE';
      NO_DIR_CHECK='TRUE';
      ALLOW_CONNECT='TRUE';
    'IO_L10P_T1_34':
      PIN_NUMBER='(0,0,0,0,aa5,0,0)';
      PIN_TYPE='ANALOG';
      NO_LOAD_CHECK='Both';
      NO_IO_CHECK='Both';
      NO_ASSERT_CHECK='TRUE';
      NO_DIR_CHECK='TRUE';
      ALLOW_CONNECT='TRUE';
    'IO_L10N_T1_34':
      PIN_NUMBER='(0,0,0,0,ab5,0,0)';
      PIN_TYPE='ANALOG';
      NO_LOAD_CHECK='Both';
      NO_IO_CHECK='Both';
      NO_ASSERT_CHECK='TRUE';
      NO_DIR_CHECK='TRUE';
      ALLOW_CONNECT='TRUE';
    'IO_L11P_T1_SRCC_34':
      PIN_NUMBER='(0,0,0,0,y4,0,0)';
      PIN_TYPE='ANALOG';
      NO_LOAD_CHECK='Both';
      NO_IO_CHECK='Both';
      NO_ASSERT_CHECK='TRUE';
      NO_DIR_CHECK='TRUE';
      ALLOW_CONNECT='TRUE';
    'IO_L11N_T1_SRCC_34':
      PIN_NUMBER='(0,0,0,0,aa4,0,0)';
      PIN_TYPE='ANALOG';
      NO_LOAD_CHECK='Both';
      NO_IO_CHECK='Both';
      NO_ASSERT_CHECK='TRUE';
      NO_DIR_CHECK='TRUE';
      ALLOW_CONNECT='TRUE';
    'IO_L12P_T1_MRCC_34':
      PIN_NUMBER='(0,0,0,0,v4,0,0)';
      PIN_TYPE='ANALOG';
      NO_LOAD_CHECK='Both';
      NO_IO_CHECK='Both';
      NO_ASSERT_CHECK='TRUE';
      NO_DIR_CHECK='TRUE';
      ALLOW_CONNECT='TRUE';
    'IO_L12N_T1_MRCC_34':
      PIN_NUMBER='(0,0,0,0,w4,0,0)';
      PIN_TYPE='ANALOG';
      NO_LOAD_CHECK='Both';
      NO_IO_CHECK='Both';
      NO_ASSERT_CHECK='TRUE';
      NO_DIR_CHECK='TRUE';
      ALLOW_CONNECT='TRUE';
    'IO_L13P_T2_MRCC_34':
      PIN_NUMBER='(0,0,0,0,r4,0,0)';
      PIN_TYPE='ANALOG';
      NO_LOAD_CHECK='Both';
      NO_IO_CHECK='Both';
      NO_ASSERT_CHECK='TRUE';
      NO_DIR_CHECK='TRUE';
      ALLOW_CONNECT='TRUE';
    'IO_L13N_T2_MRCC_34':
      PIN_NUMBER='(0,0,0,0,t4,0,0)';
      PIN_TYPE='ANALOG';
      NO_LOAD_CHECK='Both';
      NO_IO_CHECK='Both';
      NO_ASSERT_CHECK='TRUE';
      NO_DIR_CHECK='TRUE';
      ALLOW_CONNECT='TRUE';
    'IO_L14P_T2_SRCC_34':
      PIN_NUMBER='(0,0,0,0,t5,0,0)';
      PIN_TYPE='ANALOG';
      NO_LOAD_CHECK='Both';
      NO_IO_CHECK='Both';
      NO_ASSERT_CHECK='TRUE';
      NO_DIR_CHECK='TRUE';
      ALLOW_CONNECT='TRUE';
    'IO_L14N_T2_SRCC_34':
      PIN_NUMBER='(0,0,0,0,u5,0,0)';
      PIN_TYPE='ANALOG';
      NO_LOAD_CHECK='Both';
      NO_IO_CHECK='Both';
      NO_ASSERT_CHECK='TRUE';
      NO_DIR_CHECK='TRUE';
      ALLOW_CONNECT='TRUE';
    'IO_L15P_T2_DQS_34':
      PIN_NUMBER='(0,0,0,0,w6,0,0)';
      PIN_TYPE='ANALOG';
      NO_LOAD_CHECK='Both';
      NO_IO_CHECK='Both';
      NO_ASSERT_CHECK='TRUE';
      NO_DIR_CHECK='TRUE';
      ALLOW_CONNECT='TRUE';
    'IO_L15N_T2_DQS_34':
      PIN_NUMBER='(0,0,0,0,w5,0,0)';
      PIN_TYPE='ANALOG';
      NO_LOAD_CHECK='Both';
      NO_IO_CHECK='Both';
      NO_ASSERT_CHECK='TRUE';
      NO_DIR_CHECK='TRUE';
      ALLOW_CONNECT='TRUE';
    'IO_L16P_T2_34':
      PIN_NUMBER='(0,0,0,0,u6,0,0)';
      PIN_TYPE='ANALOG';
      NO_LOAD_CHECK='Both';
      NO_IO_CHECK='Both';
      NO_ASSERT_CHECK='TRUE';
      NO_DIR_CHECK='TRUE';
      ALLOW_CONNECT='TRUE';
    'IO_L16N_T2_34':
      PIN_NUMBER='(0,0,0,0,v5,0,0)';
      PIN_TYPE='ANALOG';
      NO_LOAD_CHECK='Both';
      NO_IO_CHECK='Both';
      NO_ASSERT_CHECK='TRUE';
      NO_DIR_CHECK='TRUE';
      ALLOW_CONNECT='TRUE';
    'IO_L17P_T2_34':
      PIN_NUMBER='(0,0,0,0,r6,0,0)';
      PIN_TYPE='ANALOG';
      NO_LOAD_CHECK='Both';
      NO_IO_CHECK='Both';
      NO_ASSERT_CHECK='TRUE';
      NO_DIR_CHECK='TRUE';
      ALLOW_CONNECT='TRUE';
    'IO_L17N_T2_34':
      PIN_NUMBER='(0,0,0,0,t6,0,0)';
      PIN_TYPE='ANALOG';
      NO_LOAD_CHECK='Both';
      NO_IO_CHECK='Both';
      NO_ASSERT_CHECK='TRUE';
      NO_DIR_CHECK='TRUE';
      ALLOW_CONNECT='TRUE';
    'IO_L18P_T2_34':
      PIN_NUMBER='(0,0,0,0,y6,0,0)';
      PIN_TYPE='ANALOG';
      NO_LOAD_CHECK='Both';
      NO_IO_CHECK='Both';
      NO_ASSERT_CHECK='TRUE';
      NO_DIR_CHECK='TRUE';
      ALLOW_CONNECT='TRUE';
    'IO_L18N_T2_34':
      PIN_NUMBER='(0,0,0,0,aa6,0,0)';
      PIN_TYPE='ANALOG';
      NO_LOAD_CHECK='Both';
      NO_IO_CHECK='Both';
      NO_ASSERT_CHECK='TRUE';
      NO_DIR_CHECK='TRUE';
      ALLOW_CONNECT='TRUE';
    'IO_L19P_T3_34':
      PIN_NUMBER='(0,0,0,0,v7,0,0)';
      PIN_TYPE='ANALOG';
      NO_LOAD_CHECK='Both';
      NO_IO_CHECK='Both';
      NO_ASSERT_CHECK='TRUE';
      NO_DIR_CHECK='TRUE';
      ALLOW_CONNECT='TRUE';
    'IO_L19N_T3_VREF_34':
      PIN_NUMBER='(0,0,0,0,w7,0,0)';
      PIN_TYPE='ANALOG';
      NO_LOAD_CHECK='Both';
      NO_IO_CHECK='Both';
      NO_ASSERT_CHECK='TRUE';
      NO_DIR_CHECK='TRUE';
      ALLOW_CONNECT='TRUE';
    'IO_L20P_T3_34':
      PIN_NUMBER='(0,0,0,0,ab7,0,0)';
      PIN_TYPE='ANALOG';
      NO_LOAD_CHECK='Both';
      NO_IO_CHECK='Both';
      NO_ASSERT_CHECK='TRUE';
      NO_DIR_CHECK='TRUE';
      ALLOW_CONNECT='TRUE';
    'IO_L20N_T3_34':
      PIN_NUMBER='(0,0,0,0,ab6,0,0)';
      PIN_TYPE='ANALOG';
      NO_LOAD_CHECK='Both';
      NO_IO_CHECK='Both';
      NO_ASSERT_CHECK='TRUE';
      NO_DIR_CHECK='TRUE';
      ALLOW_CONNECT='TRUE';
    'IO_L21P_T3_DQS_34':
      PIN_NUMBER='(0,0,0,0,v9,0,0)';
      PIN_TYPE='ANALOG';
      NO_LOAD_CHECK='Both';
      NO_IO_CHECK='Both';
      NO_ASSERT_CHECK='TRUE';
      NO_DIR_CHECK='TRUE';
      ALLOW_CONNECT='TRUE';
    'IO_L21N_T3_DQS_34':
      PIN_NUMBER='(0,0,0,0,v8,0,0)';
      PIN_TYPE='ANALOG';
      NO_LOAD_CHECK='Both';
      NO_IO_CHECK='Both';
      NO_ASSERT_CHECK='TRUE';
      NO_DIR_CHECK='TRUE';
      ALLOW_CONNECT='TRUE';
    'IO_L22P_T3_34':
      PIN_NUMBER='(0,0,0,0,aa8,0,0)';
      PIN_TYPE='ANALOG';
      NO_LOAD_CHECK='Both';
      NO_IO_CHECK='Both';
      NO_ASSERT_CHECK='TRUE';
      NO_DIR_CHECK='TRUE';
      ALLOW_CONNECT='TRUE';
    'IO_L23P_T3_34':
      PIN_NUMBER='(0,0,0,0,y8,0,0)';
      PIN_TYPE='ANALOG';
      NO_LOAD_CHECK='Both';
      NO_IO_CHECK='Both';
      NO_ASSERT_CHECK='TRUE';
      NO_DIR_CHECK='TRUE';
      ALLOW_CONNECT='TRUE';
    'IO_L23N_T3_34':
      PIN_NUMBER='(0,0,0,0,y7,0,0)';
      PIN_TYPE='ANALOG';
      NO_LOAD_CHECK='Both';
      NO_IO_CHECK='Both';
      NO_ASSERT_CHECK='TRUE';
      NO_DIR_CHECK='TRUE';
      ALLOW_CONNECT='TRUE';
    'IO_L24P_T3_34':
      PIN_NUMBER='(0,0,0,0,w9,0,0)';
      PIN_TYPE='ANALOG';
      NO_LOAD_CHECK='Both';
      NO_IO_CHECK='Both';
      NO_ASSERT_CHECK='TRUE';
      NO_DIR_CHECK='TRUE';
      ALLOW_CONNECT='TRUE';
    'IO_L24N_T3_34':
      PIN_NUMBER='(0,0,0,0,y9,0,0)';
      PIN_TYPE='ANALOG';
      NO_LOAD_CHECK='Both';
      NO_IO_CHECK='Both';
      NO_ASSERT_CHECK='TRUE';
      NO_DIR_CHECK='TRUE';
      ALLOW_CONNECT='TRUE';
    'IO_25_34':
      PIN_NUMBER='(0,0,0,0,u7,0,0)';
      PIN_TYPE='ANALOG';
      NO_LOAD_CHECK='Both';
      NO_IO_CHECK='Both';
      NO_ASSERT_CHECK='TRUE';
      NO_DIR_CHECK='TRUE';
      ALLOW_CONNECT='TRUE';
    'IO_L22N_T3_34':
      PIN_NUMBER='(0,0,0,0,ab8,0,0)';
      PIN_TYPE='ANALOG';
      NO_LOAD_CHECK='Both';
      NO_IO_CHECK='Both';
      NO_ASSERT_CHECK='TRUE';
      NO_DIR_CHECK='TRUE';
      ALLOW_CONNECT='TRUE';
    'IO_0_35':
      PIN_NUMBER='(0,0,0,0,0,f4,0)';
      PIN_TYPE='ANALOG';
      NO_LOAD_CHECK='Both';
      NO_IO_CHECK='Both';
      NO_ASSERT_CHECK='TRUE';
      NO_DIR_CHECK='TRUE';
      ALLOW_CONNECT='TRUE';
    'IO_L1P_T0_AD4P_35':
      PIN_NUMBER='(0,0,0,0,0,b1,0)';
      PIN_TYPE='ANALOG';
      NO_LOAD_CHECK='Both';
      NO_IO_CHECK='Both';
      NO_ASSERT_CHECK='TRUE';
      NO_DIR_CHECK='TRUE';
      ALLOW_CONNECT='TRUE';
    'IO_L1N_T0_AD4N_35':
      PIN_NUMBER='(0,0,0,0,0,a1,0)';
      PIN_TYPE='ANALOG';
      NO_LOAD_CHECK='Both';
      NO_IO_CHECK='Both';
      NO_ASSERT_CHECK='TRUE';
      NO_DIR_CHECK='TRUE';
      ALLOW_CONNECT='TRUE';
    'IO_L2P_T0_AD12P_35':
      PIN_NUMBER='(0,0,0,0,0,c2,0)';
      PIN_TYPE='ANALOG';
      NO_LOAD_CHECK='Both';
      NO_IO_CHECK='Both';
      NO_ASSERT_CHECK='TRUE';
      NO_DIR_CHECK='TRUE';
      ALLOW_CONNECT='TRUE';
    'IO_L2N_T0_AD12N_35':
      PIN_NUMBER='(0,0,0,0,0,b2,0)';
      PIN_TYPE='ANALOG';
      NO_LOAD_CHECK='Both';
      NO_IO_CHECK='Both';
      NO_ASSERT_CHECK='TRUE';
      NO_DIR_CHECK='TRUE';
      ALLOW_CONNECT='TRUE';
    'IO_L3P_T0_DQS_AD5P_35':
      PIN_NUMBER='(0,0,0,0,0,e1,0)';
      PIN_TYPE='ANALOG';
      NO_LOAD_CHECK='Both';
      NO_IO_CHECK='Both';
      NO_ASSERT_CHECK='TRUE';
      NO_DIR_CHECK='TRUE';
      ALLOW_CONNECT='TRUE';
    'IO_L3N_T0_DQS_AD5N_35':
      PIN_NUMBER='(0,0,0,0,0,d1,0)';
      PIN_TYPE='ANALOG';
      NO_LOAD_CHECK='Both';
      NO_IO_CHECK='Both';
      NO_ASSERT_CHECK='TRUE';
      NO_DIR_CHECK='TRUE';
      ALLOW_CONNECT='TRUE';
    'IO_L4P_T0_35':
      PIN_NUMBER='(0,0,0,0,0,e2,0)';
      PIN_TYPE='ANALOG';
      NO_LOAD_CHECK='Both';
      NO_IO_CHECK='Both';
      NO_ASSERT_CHECK='TRUE';
      NO_DIR_CHECK='TRUE';
      ALLOW_CONNECT='TRUE';
    'IO_L4N_T0_35':
      PIN_NUMBER='(0,0,0,0,0,d2,0)';
      PIN_TYPE='ANALOG';
      NO_LOAD_CHECK='Both';
      NO_IO_CHECK='Both';
      NO_ASSERT_CHECK='TRUE';
      NO_DIR_CHECK='TRUE';
      ALLOW_CONNECT='TRUE';
    'IO_L5P_T0_AD13P_35':
      PIN_NUMBER='(0,0,0,0,0,g1,0)';
      PIN_TYPE='ANALOG';
      NO_LOAD_CHECK='Both';
      NO_IO_CHECK='Both';
      NO_ASSERT_CHECK='TRUE';
      NO_DIR_CHECK='TRUE';
      ALLOW_CONNECT='TRUE';
    'IO_L5N_T0_AD13N_35':
      PIN_NUMBER='(0,0,0,0,0,f1,0)';
      PIN_TYPE='ANALOG';
      NO_LOAD_CHECK='Both';
      NO_IO_CHECK='Both';
      NO_ASSERT_CHECK='TRUE';
      NO_DIR_CHECK='TRUE';
      ALLOW_CONNECT='TRUE';
    'IO_L6P_T0_35':
      PIN_NUMBER='(0,0,0,0,0,f3,0)';
      PIN_TYPE='ANALOG';
      NO_LOAD_CHECK='Both';
      NO_IO_CHECK='Both';
      NO_ASSERT_CHECK='TRUE';
      NO_DIR_CHECK='TRUE';
      ALLOW_CONNECT='TRUE';
    'IO_L6N_T0_VREF_35':
      PIN_NUMBER='(0,0,0,0,0,e3,0)';
      PIN_TYPE='ANALOG';
      NO_LOAD_CHECK='Both';
      NO_IO_CHECK='Both';
      NO_ASSERT_CHECK='TRUE';
      NO_DIR_CHECK='TRUE';
      ALLOW_CONNECT='TRUE';
    'IO_L7P_T1_AD6P_35':
      PIN_NUMBER='(0,0,0,0,0,k1,0)';
      PIN_TYPE='ANALOG';
      NO_LOAD_CHECK='Both';
      NO_IO_CHECK='Both';
      NO_ASSERT_CHECK='TRUE';
      NO_DIR_CHECK='TRUE';
      ALLOW_CONNECT='TRUE';
    'IO_L7N_T1_AD6N_35':
      PIN_NUMBER='(0,0,0,0,0,j1,0)';
      PIN_TYPE='ANALOG';
      NO_LOAD_CHECK='Both';
      NO_IO_CHECK='Both';
      NO_ASSERT_CHECK='TRUE';
      NO_DIR_CHECK='TRUE';
      ALLOW_CONNECT='TRUE';
    'IO_L8P_T1_AD14P_35':
      PIN_NUMBER='(0,0,0,0,0,h2,0)';
      PIN_TYPE='ANALOG';
      NO_LOAD_CHECK='Both';
      NO_IO_CHECK='Both';
      NO_ASSERT_CHECK='TRUE';
      NO_DIR_CHECK='TRUE';
      ALLOW_CONNECT='TRUE';
    'IO_L8N_T1_AD14N_35':
      PIN_NUMBER='(0,0,0,0,0,g2,0)';
      PIN_TYPE='ANALOG';
      NO_LOAD_CHECK='Both';
      NO_IO_CHECK='Both';
      NO_ASSERT_CHECK='TRUE';
      NO_DIR_CHECK='TRUE';
      ALLOW_CONNECT='TRUE';
    'IO_L9P_T1_DQS_AD7P_35':
      PIN_NUMBER='(0,0,0,0,0,k2,0)';
      PIN_TYPE='ANALOG';
      NO_LOAD_CHECK='Both';
      NO_IO_CHECK='Both';
      NO_ASSERT_CHECK='TRUE';
      NO_DIR_CHECK='TRUE';
      ALLOW_CONNECT='TRUE';
    'IO_L9N_T1_DQS_AD7N_35':
      PIN_NUMBER='(0,0,0,0,0,j2,0)';
      PIN_TYPE='ANALOG';
      NO_LOAD_CHECK='Both';
      NO_IO_CHECK='Both';
      NO_ASSERT_CHECK='TRUE';
      NO_DIR_CHECK='TRUE';
      ALLOW_CONNECT='TRUE';
    'IO_L10P_T1_AD15P_35':
      PIN_NUMBER='(0,0,0,0,0,j5,0)';
      PIN_TYPE='ANALOG';
      NO_LOAD_CHECK='Both';
      NO_IO_CHECK='Both';
      NO_ASSERT_CHECK='TRUE';
      NO_DIR_CHECK='TRUE';
      ALLOW_CONNECT='TRUE';
    'IO_L10N_T1_AD15N_35':
      PIN_NUMBER='(0,0,0,0,0,h5,0)';
      PIN_TYPE='ANALOG';
      NO_LOAD_CHECK='Both';
      NO_IO_CHECK='Both';
      NO_ASSERT_CHECK='TRUE';
      NO_DIR_CHECK='TRUE';
      ALLOW_CONNECT='TRUE';
    'IO_L11P_T1_SRCC_35':
      PIN_NUMBER='(0,0,0,0,0,h3,0)';
      PIN_TYPE='ANALOG';
      NO_LOAD_CHECK='Both';
      NO_IO_CHECK='Both';
      NO_ASSERT_CHECK='TRUE';
      NO_DIR_CHECK='TRUE';
      ALLOW_CONNECT='TRUE';
    'IO_L11N_T1_SRCC_35':
      PIN_NUMBER='(0,0,0,0,0,g3,0)';
      PIN_TYPE='ANALOG';
      NO_LOAD_CHECK='Both';
      NO_IO_CHECK='Both';
      NO_ASSERT_CHECK='TRUE';
      NO_DIR_CHECK='TRUE';
      ALLOW_CONNECT='TRUE';
    'IO_L12P_T1_MRCC_35':
      PIN_NUMBER='(0,0,0,0,0,h4,0)';
      PIN_TYPE='ANALOG';
      NO_LOAD_CHECK='Both';
      NO_IO_CHECK='Both';
      NO_ASSERT_CHECK='TRUE';
      NO_DIR_CHECK='TRUE';
      ALLOW_CONNECT='TRUE';
    'IO_L12N_T1_MRCC_35':
      PIN_NUMBER='(0,0,0,0,0,g4,0)';
      PIN_TYPE='ANALOG';
      NO_LOAD_CHECK='Both';
      NO_IO_CHECK='Both';
      NO_ASSERT_CHECK='TRUE';
      NO_DIR_CHECK='TRUE';
      ALLOW_CONNECT='TRUE';
    'IO_L13P_T2_MRCC_35':
      PIN_NUMBER='(0,0,0,0,0,k4,0)';
      PIN_TYPE='ANALOG';
      NO_LOAD_CHECK='Both';
      NO_IO_CHECK='Both';
      NO_ASSERT_CHECK='TRUE';
      NO_DIR_CHECK='TRUE';
      ALLOW_CONNECT='TRUE';
    'IO_L13N_T2_MRCC_35':
      PIN_NUMBER='(0,0,0,0,0,j4,0)';
      PIN_TYPE='ANALOG';
      NO_LOAD_CHECK='Both';
      NO_IO_CHECK='Both';
      NO_ASSERT_CHECK='TRUE';
      NO_DIR_CHECK='TRUE';
      ALLOW_CONNECT='TRUE';
    'IO_L14P_T2_SRCC_35':
      PIN_NUMBER='(0,0,0,0,0,l3,0)';
      PIN_TYPE='ANALOG';
      NO_LOAD_CHECK='Both';
      NO_IO_CHECK='Both';
      NO_ASSERT_CHECK='TRUE';
      NO_DIR_CHECK='TRUE';
      ALLOW_CONNECT='TRUE';
    'IO_L14N_T2_SRCC_35':
      PIN_NUMBER='(0,0,0,0,0,k3,0)';
      PIN_TYPE='ANALOG';
      NO_LOAD_CHECK='Both';
      NO_IO_CHECK='Both';
      NO_ASSERT_CHECK='TRUE';
      NO_DIR_CHECK='TRUE';
      ALLOW_CONNECT='TRUE';
    'IO_L15P_T2_DQS_35':
      PIN_NUMBER='(0,0,0,0,0,m1,0)';
      PIN_TYPE='ANALOG';
      NO_LOAD_CHECK='Both';
      NO_IO_CHECK='Both';
      NO_ASSERT_CHECK='TRUE';
      NO_DIR_CHECK='TRUE';
      ALLOW_CONNECT='TRUE';
    'IO_L15N_T2_DQS_35':
      PIN_NUMBER='(0,0,0,0,0,l1,0)';
      PIN_TYPE='ANALOG';
      NO_LOAD_CHECK='Both';
      NO_IO_CHECK='Both';
      NO_ASSERT_CHECK='TRUE';
      NO_DIR_CHECK='TRUE';
      ALLOW_CONNECT='TRUE';
    'IO_L16P_T2_35':
      PIN_NUMBER='(0,0,0,0,0,m3,0)';
      PIN_TYPE='ANALOG';
      NO_LOAD_CHECK='Both';
      NO_IO_CHECK='Both';
      NO_ASSERT_CHECK='TRUE';
      NO_DIR_CHECK='TRUE';
      ALLOW_CONNECT='TRUE';
    'IO_L16N_T2_35':
      PIN_NUMBER='(0,0,0,0,0,m2,0)';
      PIN_TYPE='ANALOG';
      NO_LOAD_CHECK='Both';
      NO_IO_CHECK='Both';
      NO_ASSERT_CHECK='TRUE';
      NO_DIR_CHECK='TRUE';
      ALLOW_CONNECT='TRUE';
    'IO_L17P_T2_35':
      PIN_NUMBER='(0,0,0,0,0,k6,0)';
      PIN_TYPE='ANALOG';
      NO_LOAD_CHECK='Both';
      NO_IO_CHECK='Both';
      NO_ASSERT_CHECK='TRUE';
      NO_DIR_CHECK='TRUE';
      ALLOW_CONNECT='TRUE';
    'IO_L17N_T2_35':
      PIN_NUMBER='(0,0,0,0,0,j6,0)';
      PIN_TYPE='ANALOG';
      NO_LOAD_CHECK='Both';
      NO_IO_CHECK='Both';
      NO_ASSERT_CHECK='TRUE';
      NO_DIR_CHECK='TRUE';
      ALLOW_CONNECT='TRUE';
    'IO_L18P_T2_35':
      PIN_NUMBER='(0,0,0,0,0,l5,0)';
      PIN_TYPE='ANALOG';
      NO_LOAD_CHECK='Both';
      NO_IO_CHECK='Both';
      NO_ASSERT_CHECK='TRUE';
      NO_DIR_CHECK='TRUE';
      ALLOW_CONNECT='TRUE';
    'IO_L18N_T2_35':
      PIN_NUMBER='(0,0,0,0,0,l4,0)';
      PIN_TYPE='ANALOG';
      NO_LOAD_CHECK='Both';
      NO_IO_CHECK='Both';
      NO_ASSERT_CHECK='TRUE';
      NO_DIR_CHECK='TRUE';
      ALLOW_CONNECT='TRUE';
    'IO_L19P_T3_35':
      PIN_NUMBER='(0,0,0,0,0,n4,0)';
      PIN_TYPE='ANALOG';
      NO_LOAD_CHECK='Both';
      NO_IO_CHECK='Both';
      NO_ASSERT_CHECK='TRUE';
      NO_DIR_CHECK='TRUE';
      ALLOW_CONNECT='TRUE';
    'IO_L19N_T3_VREF_35':
      PIN_NUMBER='(0,0,0,0,0,n3,0)';
      PIN_TYPE='ANALOG';
      NO_LOAD_CHECK='Both';
      NO_IO_CHECK='Both';
      NO_ASSERT_CHECK='TRUE';
      NO_DIR_CHECK='TRUE';
      ALLOW_CONNECT='TRUE';
    'IO_L20P_T3_35':
      PIN_NUMBER='(0,0,0,0,0,r1,0)';
      PIN_TYPE='ANALOG';
      NO_LOAD_CHECK='Both';
      NO_IO_CHECK='Both';
      NO_ASSERT_CHECK='TRUE';
      NO_DIR_CHECK='TRUE';
      ALLOW_CONNECT='TRUE';
    'IO_L20N_T3_35':
      PIN_NUMBER='(0,0,0,0,0,p1,0)';
      PIN_TYPE='ANALOG';
      NO_LOAD_CHECK='Both';
      NO_IO_CHECK='Both';
      NO_ASSERT_CHECK='TRUE';
      NO_DIR_CHECK='TRUE';
      ALLOW_CONNECT='TRUE';
    'IO_L21P_T3_DQS_35':
      PIN_NUMBER='(0,0,0,0,0,p5,0)';
      PIN_TYPE='ANALOG';
      NO_LOAD_CHECK='Both';
      NO_IO_CHECK='Both';
      NO_ASSERT_CHECK='TRUE';
      NO_DIR_CHECK='TRUE';
      ALLOW_CONNECT='TRUE';
    'IO_L21N_T3_DQS_35':
      PIN_NUMBER='(0,0,0,0,0,p4,0)';
      PIN_TYPE='ANALOG';
      NO_LOAD_CHECK='Both';
      NO_IO_CHECK='Both';
      NO_ASSERT_CHECK='TRUE';
      NO_DIR_CHECK='TRUE';
      ALLOW_CONNECT='TRUE';
    'IO_L22P_T3_35':
      PIN_NUMBER='(0,0,0,0,0,p2,0)';
      PIN_TYPE='ANALOG';
      NO_LOAD_CHECK='Both';
      NO_IO_CHECK='Both';
      NO_ASSERT_CHECK='TRUE';
      NO_DIR_CHECK='TRUE';
      ALLOW_CONNECT='TRUE';
    'IO_L22N_T3_35':
      PIN_NUMBER='(0,0,0,0,0,n2,0)';
      PIN_TYPE='ANALOG';
      NO_LOAD_CHECK='Both';
      NO_IO_CHECK='Both';
      NO_ASSERT_CHECK='TRUE';
      NO_DIR_CHECK='TRUE';
      ALLOW_CONNECT='TRUE';
    'IO_L23P_T3_35':
      PIN_NUMBER='(0,0,0,0,0,m6,0)';
      PIN_TYPE='ANALOG';
      NO_LOAD_CHECK='Both';
      NO_IO_CHECK='Both';
      NO_ASSERT_CHECK='TRUE';
      NO_DIR_CHECK='TRUE';
      ALLOW_CONNECT='TRUE';
    'IO_L23N_T3_35':
      PIN_NUMBER='(0,0,0,0,0,m5,0)';
      PIN_TYPE='ANALOG';
      NO_LOAD_CHECK='Both';
      NO_IO_CHECK='Both';
      NO_ASSERT_CHECK='TRUE';
      NO_DIR_CHECK='TRUE';
      ALLOW_CONNECT='TRUE';
    'IO_L24P_T3_35':
      PIN_NUMBER='(0,0,0,0,0,p6,0)';
      PIN_TYPE='ANALOG';
      NO_LOAD_CHECK='Both';
      NO_IO_CHECK='Both';
      NO_ASSERT_CHECK='TRUE';
      NO_DIR_CHECK='TRUE';
      ALLOW_CONNECT='TRUE';
    'IO_L24N_T3_35':
      PIN_NUMBER='(0,0,0,0,0,n5,0)';
      PIN_TYPE='ANALOG';
      NO_LOAD_CHECK='Both';
      NO_IO_CHECK='Both';
      NO_ASSERT_CHECK='TRUE';
      NO_DIR_CHECK='TRUE';
      ALLOW_CONNECT='TRUE';
    'IO_25_35':
      PIN_NUMBER='(0,0,0,0,0,l6,0)';
      PIN_TYPE='ANALOG';
      NO_LOAD_CHECK='Both';
      NO_IO_CHECK='Both';
      NO_ASSERT_CHECK='TRUE';
      NO_DIR_CHECK='TRUE';
      ALLOW_CONNECT='TRUE';
    'MGTRREF_216':
      PIN_NUMBER='(0,0,0,0,0,0,f8)';
      PIN_TYPE='ANALOG';
      NO_LOAD_CHECK='Both';
      NO_IO_CHECK='Both';
      NO_ASSERT_CHECK='TRUE';
      NO_DIR_CHECK='TRUE';
      ALLOW_CONNECT='TRUE';
    'MGTREFCLK0N_216':
      PIN_NUMBER='(0,0,0,0,0,0,e6)';
      PIN_TYPE='ANALOG';
      NO_LOAD_CHECK='Both';
      NO_IO_CHECK='Both';
      NO_ASSERT_CHECK='TRUE';
      NO_DIR_CHECK='TRUE';
      ALLOW_CONNECT='TRUE';
    'MGTREFCLK0P_216':
      PIN_NUMBER='(0,0,0,0,0,0,f6)';
      PIN_TYPE='ANALOG';
      NO_LOAD_CHECK='Both';
      NO_IO_CHECK='Both';
      NO_ASSERT_CHECK='TRUE';
      NO_DIR_CHECK='TRUE';
      ALLOW_CONNECT='TRUE';
    'MGTPRXP1_216':
      PIN_NUMBER='(0,0,0,0,0,0,d11)';
      PIN_TYPE='ANALOG';
      NO_LOAD_CHECK='Both';
      NO_IO_CHECK='Both';
      NO_ASSERT_CHECK='TRUE';
      NO_DIR_CHECK='TRUE';
      ALLOW_CONNECT='TRUE';
    'MGTPRXP2_216':
      PIN_NUMBER='(0,0,0,0,0,0,b10)';
      PIN_TYPE='ANALOG';
      NO_LOAD_CHECK='Both';
      NO_IO_CHECK='Both';
      NO_ASSERT_CHECK='TRUE';
      NO_DIR_CHECK='TRUE';
      ALLOW_CONNECT='TRUE';
    'MGTPRXP3_216':
      PIN_NUMBER='(0,0,0,0,0,0,d9)';
      PIN_TYPE='ANALOG';
      NO_LOAD_CHECK='Both';
      NO_IO_CHECK='Both';
      NO_ASSERT_CHECK='TRUE';
      NO_DIR_CHECK='TRUE';
      ALLOW_CONNECT='TRUE';
    'MGTPRXP0_216':
      PIN_NUMBER='(0,0,0,0,0,0,b8)';
      PIN_TYPE='ANALOG';
      NO_LOAD_CHECK='Both';
      NO_IO_CHECK='Both';
      NO_ASSERT_CHECK='TRUE';
      NO_DIR_CHECK='TRUE';
      ALLOW_CONNECT='TRUE';
    'MGTPTXP3_216':
      PIN_NUMBER='(0,0,0,0,0,0,d7)';
      PIN_TYPE='ANALOG';
      NO_LOAD_CHECK='Both';
      NO_IO_CHECK='Both';
      NO_ASSERT_CHECK='TRUE';
      NO_DIR_CHECK='TRUE';
      ALLOW_CONNECT='TRUE';
    'MGTPTXP2_216':
      PIN_NUMBER='(0,0,0,0,0,0,b6)';
      PIN_TYPE='ANALOG';
      NO_LOAD_CHECK='Both';
      NO_IO_CHECK='Both';
      NO_ASSERT_CHECK='TRUE';
      NO_DIR_CHECK='TRUE';
      ALLOW_CONNECT='TRUE';
    'MGTREFCLK1P_216':
      PIN_NUMBER='(0,0,0,0,0,0,f10)';
      PIN_TYPE='ANALOG';
      NO_LOAD_CHECK='Both';
      NO_IO_CHECK='Both';
      NO_ASSERT_CHECK='TRUE';
      NO_DIR_CHECK='TRUE';
      ALLOW_CONNECT='TRUE';
    'MGTREFCLK1N_216':
      PIN_NUMBER='(0,0,0,0,0,0,e10)';
      PIN_TYPE='ANALOG';
      NO_LOAD_CHECK='Both';
      NO_IO_CHECK='Both';
      NO_ASSERT_CHECK='TRUE';
      NO_DIR_CHECK='TRUE';
      ALLOW_CONNECT='TRUE';
    'MGTPRXN1_216':
      PIN_NUMBER='(0,0,0,0,0,0,c11)';
      PIN_TYPE='ANALOG';
      NO_LOAD_CHECK='Both';
      NO_IO_CHECK='Both';
      NO_ASSERT_CHECK='TRUE';
      NO_DIR_CHECK='TRUE';
      ALLOW_CONNECT='TRUE';
    'MGTPRXN2_216':
      PIN_NUMBER='(0,0,0,0,0,0,a10)';
      PIN_TYPE='ANALOG';
      NO_LOAD_CHECK='Both';
      NO_IO_CHECK='Both';
      NO_ASSERT_CHECK='TRUE';
      NO_DIR_CHECK='TRUE';
      ALLOW_CONNECT='TRUE';
    'MGTPRXN3_216':
      PIN_NUMBER='(0,0,0,0,0,0,c9)';
      PIN_TYPE='ANALOG';
      NO_LOAD_CHECK='Both';
      NO_IO_CHECK='Both';
      NO_ASSERT_CHECK='TRUE';
      NO_DIR_CHECK='TRUE';
      ALLOW_CONNECT='TRUE';
    'MGTPRXN0_216':
      PIN_NUMBER='(0,0,0,0,0,0,a8)';
      PIN_TYPE='ANALOG';
      NO_LOAD_CHECK='Both';
      NO_IO_CHECK='Both';
      NO_ASSERT_CHECK='TRUE';
      NO_DIR_CHECK='TRUE';
      ALLOW_CONNECT='TRUE';
    'MGTPTXN3_216':
      PIN_NUMBER='(0,0,0,0,0,0,c7)';
      PIN_TYPE='ANALOG';
      NO_LOAD_CHECK='Both';
      NO_IO_CHECK='Both';
      NO_ASSERT_CHECK='TRUE';
      NO_DIR_CHECK='TRUE';
      ALLOW_CONNECT='TRUE';
    'MGTPTXN2_216':
      PIN_NUMBER='(0,0,0,0,0,0,a6)';
      PIN_TYPE='ANALOG';
      NO_LOAD_CHECK='Both';
      NO_IO_CHECK='Both';
      NO_ASSERT_CHECK='TRUE';
      NO_DIR_CHECK='TRUE';
      ALLOW_CONNECT='TRUE';
    'MGTPTXP1_216':
      PIN_NUMBER='(0,0,0,0,0,0,d5)';
      PIN_TYPE='ANALOG';
      NO_LOAD_CHECK='Both';
      NO_IO_CHECK='Both';
      NO_ASSERT_CHECK='TRUE';
      NO_DIR_CHECK='TRUE';
      ALLOW_CONNECT='TRUE';
    'MGTPTXN1_216':
      PIN_NUMBER='(0,0,0,0,0,0,c5)';
      PIN_TYPE='ANALOG';
      NO_LOAD_CHECK='Both';
      NO_IO_CHECK='Both';
      NO_ASSERT_CHECK='TRUE';
      NO_DIR_CHECK='TRUE';
      ALLOW_CONNECT='TRUE';
    'MGTPTXP0_216':
      PIN_NUMBER='(0,0,0,0,0,0,b4)';
      PIN_TYPE='ANALOG';
      NO_LOAD_CHECK='Both';
      NO_IO_CHECK='Both';
      NO_ASSERT_CHECK='TRUE';
      NO_DIR_CHECK='TRUE';
      ALLOW_CONNECT='TRUE';
    'MGTPTXN0_216':
      PIN_NUMBER='(0,0,0,0,0,0,a4)';
      PIN_TYPE='ANALOG';
      NO_LOAD_CHECK='Both';
      NO_IO_CHECK='Both';
      NO_ASSERT_CHECK='TRUE';
      NO_DIR_CHECK='TRUE';
      ALLOW_CONNECT='TRUE';
  end_pin;
  body
    PART_NAME='XC7A35TFGG484';
    BODY_NAME='XC7A35TFGG484';
    JEDEC_TYPE='fgg484';
    PHYS_DES_PREFIX='DD';
    CLASS='IC';
    GROUND_NETS='GND';
    POWER_PINS='(MGTAVCC:D6,D10,F7,F9,E8)';
    POWER_PINS='(MGTAVTT:B5,B7,B9,B11,C4,C8)';
    POWER_PINS='(GND:D8,A2,A3,A5,A7,A9,A11,A12,A22,AA2,AA12,AA22,AB9,AB19,B3)';
    POWER_PINS='(GND:B12,B19,C3,C6,C10,C12,C16,D3,D4,D12,D13,E4,E5,E7,E9,E11)';
    POWER_PINS='(GND:E20,F5,F11,F17,G5,G6,G7,G8,G9,G10,G12,G14,H1,H7,H9,H11)';
    POWER_PINS='(GND:H21,J8,J10,J12,J18,K5,K7,K11,K15,L2,L8,L22,M7,M11,M19,N6)';
    POWER_PINS='(GND:N8,N16,P3,P7,P9,P11,P13,R8,R10,R12,R20,T7,T9,T11,T17,U4)';
    POWER_PINS='(GND:U14,V1,V11,V21,W8,W18,Y5,Y15)';
    POWER_PINS='(VCCINT:H8,H10,J7,J9,K8,L7,M8,N7,P8,P10,R7,R9,T8,T10)';
    POWER_PINS='(VCCAUX:H12,K12,M12,P12,R11)';
    POWER_PINS='(VCCO_0:F12,T12)';
    POWER_PINS='(VCCO_13:AA17,AB14,V16,W13,Y10)';
    POWER_PINS='(VCCO_14:Y20,U19,T22,R15,P18,M14)';
    POWER_PINS='(VCCO_15:G19,H16,J13,K20,L17,N21)';
    POWER_PINS='(VCCO_16:F22,E15,D18,C21,B14,A17)';
    POWER_PINS='(VCCO_34:W3,V6,T2,R5,AB4,AA7)';
    POWER_PINS='(VCCO_35:C1,F2,H6,J3,M4,N1)';
    POWER_PINS='(VCCBRAM:J11,L11,N11)';
    NC_PINS='(T14,T15,T16,U15,U16,V10,V13,V14,V15,W10,W11,W12,W14,W15,W16,Y11)';
    NC_PINS='(Y12,Y13,Y14,Y16,Y17,AA9,AA10,AA11,AA13,AA14,AA15,AA16,AB10,AB11)';
    NC_PINS='(AB12,AB13,AB15,AB16,AB17)';
  end_body;
end_primitive;

END.
