FILE_TYPE=LIBRARY_PARTS;
primitive 'FP3P7_516_1A';
  pin
    'IN':
      PIN_NUMBER='(2)';
      PIN_TYPE='ANALOG';
      NO_LOAD_CHECK='Both';
      NO_IO_CHECK='Both';
      NO_ASSERT_CHECK='TRUE';
      NO_DIR_CHECK='TRUE';
      ALLOW_CONNECT='TRUE';
    'OUT':
      PIN_NUMBER='(5)';
      PIN_TYPE='ANALOG';
      NO_LOAD_CHECK='Both';
      NO_IO_CHECK='Both';
      NO_ASSERT_CHECK='TRUE';
      NO_DIR_CHECK='TRUE';
      ALLOW_CONNECT='TRUE';
  end_pin;
  body
    PART_NAME='FP3P7_516_1A';
    BODY_NAME='FP3P7_516_1A';
    JEDEC_TYPE='fp3p7_516_1a';
    PHYS_DES_PREFIX='ZL';
    CLASS='IC';
    GROUND_NETS='GND';
    POWER_PINS='(GND:1,3,4,6,7,8,9,10)';
  end_body;
end_primitive;

END.
