FILE_TYPE=LIBRARY_PARTS;
primitive 'FP3P7-766-3-2';
  pin
    'IN':
      PIN_NUMBER='(A)';
      PIN_TYPE='ANALOG';
      NO_LOAD_CHECK='Both';
      NO_IO_CHECK='Both';
      NO_ASSERT_CHECK='TRUE';
      NO_DIR_CHECK='TRUE';
      ALLOW_CONNECT='TRUE';
    'OUT':
      PIN_NUMBER='(G)';
      PIN_TYPE='ANALOG';
      NO_LOAD_CHECK='Both';
      NO_IO_CHECK='Both';
      NO_ASSERT_CHECK='TRUE';
      NO_DIR_CHECK='TRUE';
      ALLOW_CONNECT='TRUE';
  end_pin;
  body
    PART_NAME='FP3P7-766-3-2';
    BODY_NAME='FP3P7-766-3-2';
    JEDEC_TYPE='smd133x65';
    PHYS_DES_PREFIX='ZL';
    CLASS='IC';
    GROUND_NETS='GND';
    POWER_PINS='(GND:B,H,C,D,E,F,J,K,M,N)';
  end_body;
end_primitive;

END.
