	(Comment
		(Time 04/27/17,17:43:13)
		(User Lmx2315)
		(MsgId ECO_021)
		(Text "Package N25Q256MB added to cell")
		(Param1 "N25Q256MB")
	)
	(Comment
		(Time 04/27/17,17:53:15)
		(User Lmx2315)
		(MsgId ECO_081)
		(Text "Symbol sym_1 added to cell")
		(Param1 "sym_1")
	)
	(Comment
		(Time 04/28/17,09:19:18)
		(User Lmx2315)
		(MsgId ECO_082)
		(Text "Symbol sym_1 deleted from cell")
		(Param1 "sym_1")
	)
	(Comment
		(Time 04/28/17,09:19:29)
		(User Lmx2315)
		(MsgId ECO_081)
		(Text "Symbol sym_1 added to cell")
		(Param1 "sym_1")
	)
