FILE_TYPE=LIBRARY_PARTS;
TIME=' Created/Modified on Mon Jan 05 16:44:55 2004' ;
primitive 'MPV3B';
  pin
    'IN+':
      PIN_NUMBER='(1)';
      INPUT_LOAD='(-0.01,0.01)';
    'IN-':
      PIN_NUMBER='(2)';
      INPUT_LOAD='(-0.01,0.01)';
    'IN':
      PIN_NUMBER='(5)';
      INPUT_LOAD='(-0.01,0.01)';
    'OUT+':
      PIN_NUMBER='(3)';
      OUTPUT_LOAD='(1.0,-1.0)';
    'OUT-':
      PIN_NUMBER='(4)';
      OUTPUT_LOAD='(1.0,-1.0)';
  end_pin;
  body
    CLASS='DISCRETE';
    PART_NAME='MPV3B';
    JEDEC_TYPE='F137';
    BODY_NAME='mpv3b';
    FAMILY='?';
  end_body;
end_primitive;
END.
