FILE_TYPE=LIBRARY_PARTS;
primitive 'TCM9-1';
  pin
    'PDOT':
      PIN_NUMBER='(6)';
      PIN_TYPE='ANALOG';
      NO_LOAD_CHECK='Both';
      NO_IO_CHECK='Both';
      NO_ASSERT_CHECK='TRUE';
      NO_DIR_CHECK='TRUE';
      ALLOW_CONNECT='TRUE';
    'P':
      PIN_NUMBER='(4)';
      PIN_TYPE='ANALOG';
      NO_LOAD_CHECK='Both';
      NO_IO_CHECK='Both';
      NO_ASSERT_CHECK='TRUE';
      NO_DIR_CHECK='TRUE';
      ALLOW_CONNECT='TRUE';
    'SECDOT':
      PIN_NUMBER='(1)';
      PIN_TYPE='ANALOG';
      NO_LOAD_CHECK='Both';
      NO_IO_CHECK='Both';
      NO_ASSERT_CHECK='TRUE';
      NO_DIR_CHECK='TRUE';
      ALLOW_CONNECT='TRUE';
    'SECCT':
      PIN_NUMBER='(2)';
      PIN_TYPE='ANALOG';
      NO_LOAD_CHECK='Both';
      NO_IO_CHECK='Both';
      NO_ASSERT_CHECK='TRUE';
      NO_DIR_CHECK='TRUE';
      ALLOW_CONNECT='TRUE';
    'SEC':
      PIN_NUMBER='(3)';
      PIN_TYPE='ANALOG';
      NO_LOAD_CHECK='Both';
      NO_IO_CHECK='Both';
      NO_ASSERT_CHECK='TRUE';
      NO_DIR_CHECK='TRUE';
      ALLOW_CONNECT='TRUE';
  end_pin;
  body
    PART_NAME='TCM9-1';
    BODY_NAME='TCM9-1';
    JEDEC_TYPE='tsm9-1';
    PHYS_DES_PREFIX='U';
    CLASS='IC';
    NC_PINS='(5)';
  end_body;
end_primitive;

END.
