FILE_TYPE=LIBRARY_PARTS;
TIME=' Created/Modified on Mon Jul 26 12:30:12 2004' ;
primitive 'MAX9126','MAX9126_TSSOP16';
  pin
    'RIN1':
      PIN_NUMBER='(2)';
      INPUT_LOAD='(-0.01,0.01)';
    '-RIN1':
      PIN_NUMBER='(1)';
      INPUT_LOAD='(-0.01,0.01)';
    'RIN2':
      PIN_NUMBER='(6)';
      INPUT_LOAD='(-0.01,0.01)';
    '-RIN2':
      PIN_NUMBER='(7)';
      INPUT_LOAD='(-0.01,0.01)';
    'RIN3':
      PIN_NUMBER='(10)';
      INPUT_LOAD='(-0.01,0.01)';
    '-RIN3':
      PIN_NUMBER='(9)';
      INPUT_LOAD='(-0.01,0.01)';
    'RIN4':
      PIN_NUMBER='(14)';
      INPUT_LOAD='(-0.01,0.01)';
    '-RIN4':
      PIN_NUMBER='(15)';
      INPUT_LOAD='(-0.01,0.01)';
    'ROUT1':
      PIN_NUMBER='(3)';
      OUTPUT_LOAD='(1.0,-1.0)';
    'ROUT2':
      PIN_NUMBER='(5)';
      OUTPUT_LOAD='(1.0,-1.0)';
    'ROUT3':
      PIN_NUMBER='(11)';
      OUTPUT_LOAD='(1.0,-1.0)';
    'ROUT4':
      PIN_NUMBER='(13)';
      OUTPUT_LOAD='(1.0,-1.0)';
    'EN':
      PIN_NUMBER='(4)';
      INPUT_LOAD='(-0.01,0.01)';
    '-EN':
      PIN_NUMBER='(12)';
      INPUT_LOAD='(-0.01,0.01)';
  end_pin;
  body
    POWER_PINS='(P3V3:16)';
    POWER_PINS='(GND:8)';
    CLASS='IC';
    PART_NAME='MAX9126';
    PHYS_DES_PREFIX='DD';
    JEDEC_TYPE='f62';
    FAMILY='LVDS';
    BODY_NAME='MAX9126';
    LOCATION='?';
    PACK_TYPE='f62';
    PATH='?';
  end_body;
end_primitive;
END.
