
	(Comment
		(Time 08/15/07,16:55:50)
		(User Validol)
		(MsgId ECO_081)
		(Text "Symbol sym_1 added to cell")
		(Param1 sym_1)
	)
	(Comment
		(Time 08/15/07,17:04:47)
		(User Validol)
		(MsgId ECO_021)
		(Text "Package adf4108_v2 added to cell")
		(Param1 adf4108_v2)
	)





	(Comment
		(Time 08/15/07,17:07:10)
		(User Validol)
		(MsgId ECO_022)
		(Text "Package ADF4108_V2 deleted from cell")
		(Param1 ADF4108_V2)
	)
	(Comment
		(Time 08/15/07,17:07:13)
		(User Validol)
		(MsgId ECO_021)
		(Text "Package adf4108_v2 added to cell")
		(Param1 adf4108_v2)
	)

