FILE_TYPE=LIBRARY_PARTS;
primitive 'XC2V80';
  pin
    'VCCO'<1>:
      PIN_NUMBER='(F8,0,0,0,0)';
      PIN_TYPE='ANALOG';
      NO_LOAD_CHECK='Both';
      NO_IO_CHECK='Both';
      ALLOW_CONNECT='TRUE';
    'VCCO'<2>:
      PIN_NUMBER='(F7,0,0,0,0)';
      PIN_TYPE='ANALOG';
      NO_LOAD_CHECK='Both';
      NO_IO_CHECK='Both';
      ALLOW_CONNECT='TRUE';
    'VCCO'<3>:
      PIN_NUMBER='(E8,0,0,0,0)';
      PIN_TYPE='ANALOG';
      NO_LOAD_CHECK='Both';
      NO_IO_CHECK='Both';
      ALLOW_CONNECT='TRUE';
    'VCCO'<4>:
      PIN_NUMBER='(F10,0,0,0,0)';
      PIN_TYPE='ANALOG';
      NO_LOAD_CHECK='Both';
      NO_IO_CHECK='Both';
      ALLOW_CONNECT='TRUE';
    'VCCO'<5>:
      PIN_NUMBER='(F9,0,0,0,0)';
      PIN_TYPE='ANALOG';
      NO_LOAD_CHECK='Both';
      NO_IO_CHECK='Both';
      ALLOW_CONNECT='TRUE';
    'VCCO'<6>:
      PIN_NUMBER='(E9,0,0,0,0)';
      PIN_TYPE='ANALOG';
      NO_LOAD_CHECK='Both';
      NO_IO_CHECK='Both';
      ALLOW_CONNECT='TRUE';
    'VCCO'<7>:
      PIN_NUMBER='(H12,0,0,0,0)';
      PIN_TYPE='ANALOG';
      NO_LOAD_CHECK='Both';
      NO_IO_CHECK='Both';
      ALLOW_CONNECT='TRUE';
    'VCCO'<8>:
      PIN_NUMBER='(H11,0,0,0,0)';
      PIN_TYPE='ANALOG';
      NO_LOAD_CHECK='Both';
      NO_IO_CHECK='Both';
      ALLOW_CONNECT='TRUE';
    'VCCO'<9>:
      PIN_NUMBER='(G11,0,0,0,0)';
      PIN_TYPE='ANALOG';
      NO_LOAD_CHECK='Both';
      NO_IO_CHECK='Both';
      ALLOW_CONNECT='TRUE';
    'VCCO'<10>:
      PIN_NUMBER='(K11,0,0,0,0)';
      PIN_TYPE='ANALOG';
      NO_LOAD_CHECK='Both';
      NO_IO_CHECK='Both';
      ALLOW_CONNECT='TRUE';
    'VCCO'<11>:
      PIN_NUMBER='(J12,0,0,0,0)';
      PIN_TYPE='ANALOG';
      NO_LOAD_CHECK='Both';
      NO_IO_CHECK='Both';
      ALLOW_CONNECT='TRUE';
    'VCCO'<12>:
      PIN_NUMBER='(J11,0,0,0,0)';
      PIN_TYPE='ANALOG';
      NO_LOAD_CHECK='Both';
      NO_IO_CHECK='Both';
      ALLOW_CONNECT='TRUE';
    'VCCO'<13>:
      PIN_NUMBER='(M9,0,0,0,0)';
      PIN_TYPE='ANALOG';
      NO_LOAD_CHECK='Both';
      NO_IO_CHECK='Both';
      ALLOW_CONNECT='TRUE';
    'VCCO'<14>:
      PIN_NUMBER='(L10,0,0,0,0)';
      PIN_TYPE='ANALOG';
      NO_LOAD_CHECK='Both';
      NO_IO_CHECK='Both';
      ALLOW_CONNECT='TRUE';
    'VCCO'<15>:
      PIN_NUMBER='(L9,0,0,0,0)';
      PIN_TYPE='ANALOG';
      NO_LOAD_CHECK='Both';
      NO_IO_CHECK='Both';
      ALLOW_CONNECT='TRUE';
    'VCCO'<16>:
      PIN_NUMBER='(M8,0,0,0,0)';
      PIN_TYPE='ANALOG';
      NO_LOAD_CHECK='Both';
      NO_IO_CHECK='Both';
      ALLOW_CONNECT='TRUE';
    'VCCO'<17>:
      PIN_NUMBER='(L8,0,0,0,0)';
      PIN_TYPE='ANALOG';
      NO_LOAD_CHECK='Both';
      NO_IO_CHECK='Both';
      ALLOW_CONNECT='TRUE';
    'VCCO'<18>:
      PIN_NUMBER='(L7,0,0,0,0)';
      PIN_TYPE='ANALOG';
      NO_LOAD_CHECK='Both';
      NO_IO_CHECK='Both';
      ALLOW_CONNECT='TRUE';
    'VCCO'<19>:
      PIN_NUMBER='(K6,0,0,0,0)';
      PIN_TYPE='ANALOG';
      NO_LOAD_CHECK='Both';
      NO_IO_CHECK='Both';
      ALLOW_CONNECT='TRUE';
    'VCCO'<20>:
      PIN_NUMBER='(J6,0,0,0,0)';
      PIN_TYPE='ANALOG';
      NO_LOAD_CHECK='Both';
      NO_IO_CHECK='Both';
      ALLOW_CONNECT='TRUE';
    'VCCO'<21>:
      PIN_NUMBER='(J5,0,0,0,0)';
      PIN_TYPE='ANALOG';
      NO_LOAD_CHECK='Both';
      NO_IO_CHECK='Both';
      ALLOW_CONNECT='TRUE';
    'VCCO'<22>:
      PIN_NUMBER='(H6,0,0,0,0)';
      PIN_TYPE='ANALOG';
      NO_LOAD_CHECK='Both';
      NO_IO_CHECK='Both';
      ALLOW_CONNECT='TRUE';
    'VCCO'<23>:
      PIN_NUMBER='(H5,0,0,0,0)';
      PIN_TYPE='ANALOG';
      NO_LOAD_CHECK='Both';
      NO_IO_CHECK='Both';
      ALLOW_CONNECT='TRUE';
    'VCCO'<24>:
      PIN_NUMBER='(G6,0,0,0,0)';
      PIN_TYPE='ANALOG';
      NO_LOAD_CHECK='Both';
      NO_IO_CHECK='Both';
      ALLOW_CONNECT='TRUE';
    'VCCINT'<0>:
      PIN_NUMBER='(N13,0,0,0,0)';
      PIN_TYPE='ANALOG';
      NO_LOAD_CHECK='Both';
      NO_IO_CHECK='Both';
      ALLOW_CONNECT='TRUE';
    'VCCINT'<1>:
      PIN_NUMBER='(N4,0,0,0,0)';
      PIN_TYPE='ANALOG';
      NO_LOAD_CHECK='Both';
      NO_IO_CHECK='Both';
      ALLOW_CONNECT='TRUE';
    'VCCINT'<2>:
      PIN_NUMBER='(M12,0,0,0,0)';
      PIN_TYPE='ANALOG';
      NO_LOAD_CHECK='Both';
      NO_IO_CHECK='Both';
      ALLOW_CONNECT='TRUE';
    'VCCINT'<3>:
      PIN_NUMBER='(M5,0,0,0,0)';
      PIN_TYPE='ANALOG';
      NO_LOAD_CHECK='Both';
      NO_IO_CHECK='Both';
      ALLOW_CONNECT='TRUE';
    'VCCINT'<4>:
      PIN_NUMBER='(E12,0,0,0,0)';
      PIN_TYPE='ANALOG';
      NO_LOAD_CHECK='Both';
      NO_IO_CHECK='Both';
      ALLOW_CONNECT='TRUE';
    'VCCINT'<5>:
      PIN_NUMBER='(E5,0,0,0,0)';
      PIN_TYPE='ANALOG';
      NO_LOAD_CHECK='Both';
      NO_IO_CHECK='Both';
      ALLOW_CONNECT='TRUE';
    'VCCINT'<6>:
      PIN_NUMBER='(D13,0,0,0,0)';
      PIN_TYPE='ANALOG';
      NO_LOAD_CHECK='Both';
      NO_IO_CHECK='Both';
      ALLOW_CONNECT='TRUE';
    'VCCINT'<7>:
      PIN_NUMBER='(D4,0,0,0,0)';
      PIN_TYPE='ANALOG';
      NO_LOAD_CHECK='Both';
      NO_IO_CHECK='Both';
      ALLOW_CONNECT='TRUE';
    'VBAT':
      PIN_NUMBER='(A14,0,0,0,0)';
      INPUT_LOAD='(-0.01,0.01)';
    'M1':
      PIN_NUMBER='(P2,0,0,0,0)';
      INPUT_LOAD='(-0.01,0.01)';
    'M0':
      PIN_NUMBER='(T2,0,0,0,0)';
      INPUT_LOAD='(-0.01,0.01)';
    'TDO':
      PIN_NUMBER='(C15,0,0,0,0)';
      OUTPUT_LOAD='(1.0,-1.0)';
    'DONE':
      PIN_NUMBER='(R14,0,0,0,0)';
      BIDIRECTIONAL='TRUE';
      INPUT_LOAD='(-0.01,0.01)';
      OUTPUT_LOAD='(1.0,-1.0)';
    '-INIT':
      PIN_NUMBER='(T13,0,0,0,0)';
      BIDIRECTIONAL='TRUE';
      INPUT_LOAD='(-0.01,0.01)';
      OUTPUT_LOAD='(1.0,-1.0)';
    'GND'<0>:
      PIN_NUMBER='(T16,0,0,0,0)';
      PIN_TYPE='ANALOG';
      NO_LOAD_CHECK='Both';
      NO_IO_CHECK='Both';
      ALLOW_CONNECT='TRUE';
    'GND'<1>:
      PIN_NUMBER='(T1,0,0,0,0)';
      PIN_TYPE='ANALOG';
      NO_LOAD_CHECK='Both';
      NO_IO_CHECK='Both';
      ALLOW_CONNECT='TRUE';
    'GND'<2>:
      PIN_NUMBER='(R15,0,0,0,0)';
      PIN_TYPE='ANALOG';
      NO_LOAD_CHECK='Both';
      NO_IO_CHECK='Both';
      ALLOW_CONNECT='TRUE';
    'GND'<3>:
      PIN_NUMBER='(R2,0,0,0,0)';
      PIN_TYPE='ANALOG';
      NO_LOAD_CHECK='Both';
      NO_IO_CHECK='Both';
      ALLOW_CONNECT='TRUE';
    'GND'<4>:
      PIN_NUMBER='(P14,0,0,0,0)';
      PIN_TYPE='ANALOG';
      NO_LOAD_CHECK='Both';
      NO_IO_CHECK='Both';
      ALLOW_CONNECT='TRUE';
    'GND'<5>:
      PIN_NUMBER='(P3,0,0,0,0)';
      PIN_TYPE='ANALOG';
      NO_LOAD_CHECK='Both';
      NO_IO_CHECK='Both';
      ALLOW_CONNECT='TRUE';
    'GND'<6>:
      PIN_NUMBER='(L11,0,0,0,0)';
      PIN_TYPE='ANALOG';
      NO_LOAD_CHECK='Both';
      NO_IO_CHECK='Both';
      ALLOW_CONNECT='TRUE';
    'GND'<7>:
      PIN_NUMBER='(L6,0,0,0,0)';
      PIN_TYPE='ANALOG';
      NO_LOAD_CHECK='Both';
      NO_IO_CHECK='Both';
      ALLOW_CONNECT='TRUE';
    'GND'<8>:
      PIN_NUMBER='(K10,0,0,0,0)';
      PIN_TYPE='ANALOG';
      NO_LOAD_CHECK='Both';
      NO_IO_CHECK='Both';
      ALLOW_CONNECT='TRUE';
    'GND'<9>:
      PIN_NUMBER='(K9,0,0,0,0)';
      PIN_TYPE='ANALOG';
      NO_LOAD_CHECK='Both';
      NO_IO_CHECK='Both';
      ALLOW_CONNECT='TRUE';
    'GND'<10>:
      PIN_NUMBER='(K8,0,0,0,0)';
      PIN_TYPE='ANALOG';
      NO_LOAD_CHECK='Both';
      NO_IO_CHECK='Both';
      ALLOW_CONNECT='TRUE';
    'GND'<11>:
      PIN_NUMBER='(K7,0,0,0,0)';
      PIN_TYPE='ANALOG';
      NO_LOAD_CHECK='Both';
      NO_IO_CHECK='Both';
      ALLOW_CONNECT='TRUE';
    'GND'<12>:
      PIN_NUMBER='(J10,0,0,0,0)';
      PIN_TYPE='ANALOG';
      NO_LOAD_CHECK='Both';
      NO_IO_CHECK='Both';
      ALLOW_CONNECT='TRUE';
    'GND'<13>:
      PIN_NUMBER='(J9,0,0,0,0)';
      PIN_TYPE='ANALOG';
      NO_LOAD_CHECK='Both';
      NO_IO_CHECK='Both';
      ALLOW_CONNECT='TRUE';
    'GND'<14>:
      PIN_NUMBER='(J8,0,0,0,0)';
      PIN_TYPE='ANALOG';
      NO_LOAD_CHECK='Both';
      NO_IO_CHECK='Both';
      ALLOW_CONNECT='TRUE';
    'GND'<15>:
      PIN_NUMBER='(J7,0,0,0,0)';
      PIN_TYPE='ANALOG';
      NO_LOAD_CHECK='Both';
      NO_IO_CHECK='Both';
      ALLOW_CONNECT='TRUE';
    'GND'<16>:
      PIN_NUMBER='(H10,0,0,0,0)';
      PIN_TYPE='ANALOG';
      NO_LOAD_CHECK='Both';
      NO_IO_CHECK='Both';
      ALLOW_CONNECT='TRUE';
    'GND'<17>:
      PIN_NUMBER='(H9,0,0,0,0)';
      PIN_TYPE='ANALOG';
      NO_LOAD_CHECK='Both';
      NO_IO_CHECK='Both';
      ALLOW_CONNECT='TRUE';
    'GND'<18>:
      PIN_NUMBER='(H8,0,0,0,0)';
      PIN_TYPE='ANALOG';
      NO_LOAD_CHECK='Both';
      NO_IO_CHECK='Both';
      ALLOW_CONNECT='TRUE';
    'GND'<19>:
      PIN_NUMBER='(H7,0,0,0,0)';
      PIN_TYPE='ANALOG';
      NO_LOAD_CHECK='Both';
      NO_IO_CHECK='Both';
      ALLOW_CONNECT='TRUE';
    'GND'<20>:
      PIN_NUMBER='(G10,0,0,0,0)';
      PIN_TYPE='ANALOG';
      NO_LOAD_CHECK='Both';
      NO_IO_CHECK='Both';
      ALLOW_CONNECT='TRUE';
    'GND'<21>:
      PIN_NUMBER='(G9,0,0,0,0)';
      PIN_TYPE='ANALOG';
      NO_LOAD_CHECK='Both';
      NO_IO_CHECK='Both';
      ALLOW_CONNECT='TRUE';
    'GND'<22>:
      PIN_NUMBER='(G8,0,0,0,0)';
      PIN_TYPE='ANALOG';
      NO_LOAD_CHECK='Both';
      NO_IO_CHECK='Both';
      ALLOW_CONNECT='TRUE';
    'GND'<23>:
      PIN_NUMBER='(G7,0,0,0,0)';
      PIN_TYPE='ANALOG';
      NO_LOAD_CHECK='Both';
      NO_IO_CHECK='Both';
      ALLOW_CONNECT='TRUE';
    'GND'<24>:
      PIN_NUMBER='(F11,0,0,0,0)';
      PIN_TYPE='ANALOG';
      NO_LOAD_CHECK='Both';
      NO_IO_CHECK='Both';
      ALLOW_CONNECT='TRUE';
    'GND'<25>:
      PIN_NUMBER='(F6,0,0,0,0)';
      PIN_TYPE='ANALOG';
      NO_LOAD_CHECK='Both';
      NO_IO_CHECK='Both';
      ALLOW_CONNECT='TRUE';
    'GND'<26>:
      PIN_NUMBER='(C14,0,0,0,0)';
      PIN_TYPE='ANALOG';
      NO_LOAD_CHECK='Both';
      NO_IO_CHECK='Both';
      ALLOW_CONNECT='TRUE';
    'GND'<27>:
      PIN_NUMBER='(C3,0,0,0,0)';
      PIN_TYPE='ANALOG';
      NO_LOAD_CHECK='Both';
      NO_IO_CHECK='Both';
      ALLOW_CONNECT='TRUE';
    'GND'<28>:
      PIN_NUMBER='(B15,0,0,0,0)';
      PIN_TYPE='ANALOG';
      NO_LOAD_CHECK='Both';
      NO_IO_CHECK='Both';
      ALLOW_CONNECT='TRUE';
    'GND'<29>:
      PIN_NUMBER='(B2,0,0,0,0)';
      PIN_TYPE='ANALOG';
      NO_LOAD_CHECK='Both';
      NO_IO_CHECK='Both';
      ALLOW_CONNECT='TRUE';
    'GND'<30>:
      PIN_NUMBER='(A16,0,0,0,0)';
      PIN_TYPE='ANALOG';
      NO_LOAD_CHECK='Both';
      NO_IO_CHECK='Both';
      ALLOW_CONNECT='TRUE';
    'GND'<31>:
      PIN_NUMBER='(A1,0,0,0,0)';
      PIN_TYPE='ANALOG';
      NO_LOAD_CHECK='Both';
      NO_IO_CHECK='Both';
      ALLOW_CONNECT='TRUE';
    'M2':
      PIN_NUMBER='(R3,0,0,0,0)';
      INPUT_LOAD='(-0.01,0.01)';
    'TDI':
      PIN_NUMBER='(C2,0,0,0,0)';
      INPUT_LOAD='(-0.01,0.01)';
    'TCK':
      PIN_NUMBER='(A15,0,0,0,0)';
      INPUT_LOAD='(-0.01,0.01)';
    'TMS':
      PIN_NUMBER='(B14,0,0,0,0)';
      INPUT_LOAD='(-0.01,0.01)';
    'CCLK':
      PIN_NUMBER='(P15,0,0,0,0)';
      INPUT_LOAD='(-0.01,0.01)';
    'D0':
      PIN_NUMBER='(P13,0,0,0,0)';
      BIDIRECTIONAL='TRUE';
      INPUT_LOAD='(*,*)';
      OUTPUT_LOAD='(*,*)';
    '-PROGRAM':
      PIN_NUMBER='(A2,0,0,0,0)';
      INPUT_LOAD='(-0.01,0.01)';
    'VCCAUX'<0>:
      PIN_NUMBER='(R16,0,0,0,0)';
      PIN_TYPE='ANALOG';
      NO_LOAD_CHECK='Both';
      NO_IO_CHECK='Both';
      ALLOW_CONNECT='TRUE';
    'VCCAUX'<1>:
      PIN_NUMBER='(R1,0,0,0,0)';
      PIN_TYPE='ANALOG';
      NO_LOAD_CHECK='Both';
      NO_IO_CHECK='Both';
      ALLOW_CONNECT='TRUE';
    'VCCAUX'<2>:
      PIN_NUMBER='(B16,0,0,0,0)';
      PIN_TYPE='ANALOG';
      NO_LOAD_CHECK='Both';
      NO_IO_CHECK='Both';
      ALLOW_CONNECT='TRUE';
    'VCCAUX'<3>:
      PIN_NUMBER='(B1,0,0,0,0)';
      PIN_TYPE='ANALOG';
      NO_LOAD_CHECK='Both';
      NO_IO_CHECK='Both';
      ALLOW_CONNECT='TRUE';
    'S_C1'<0>:
      PIN_NUMBER='(0,H3,0,0,0)';
      BIDIRECTIONAL='TRUE';
      INPUT_LOAD='(-0.01,0.01)';
      OUTPUT_LOAD='(1.0,-1.0)';
    'S_C1'<1>:
      PIN_NUMBER='(0,H2,0,0,0)';
      BIDIRECTIONAL='TRUE';
      INPUT_LOAD='(-0.01,0.01)';
      OUTPUT_LOAD='(1.0,-1.0)';
    'S_C1'<2>:
      PIN_NUMBER='(0,H1,0,0,0)';
      BIDIRECTIONAL='TRUE';
      INPUT_LOAD='(-0.01,0.01)';
      OUTPUT_LOAD='(1.0,-1.0)';
    'R_C1'<0>:
      PIN_NUMBER='(0,M2,0,0,0)';
      BIDIRECTIONAL='TRUE';
      INPUT_LOAD='(-0.01,0.01)';
      OUTPUT_LOAD='(1.0,-1.0)';
    'R_C1'<1>:
      PIN_NUMBER='(0,M1,0,0,0)';
      BIDIRECTIONAL='TRUE';
      INPUT_LOAD='(-0.01,0.01)';
      OUTPUT_LOAD='(1.0,-1.0)';
    'R_C1'<2>:
      PIN_NUMBER='(0,K4,0,0,0)';
      BIDIRECTIONAL='TRUE';
      INPUT_LOAD='(-0.01,0.01)';
      OUTPUT_LOAD='(1.0,-1.0)';
    'R_C1'<3>:
      PIN_NUMBER='(0,K3,0,0,0)';
      BIDIRECTIONAL='TRUE';
      INPUT_LOAD='(-0.01,0.01)';
      OUTPUT_LOAD='(1.0,-1.0)';
    'R_C1'<4>:
      PIN_NUMBER='(0,K2,0,0,0)';
      BIDIRECTIONAL='TRUE';
      INPUT_LOAD='(-0.01,0.01)';
      OUTPUT_LOAD='(1.0,-1.0)';
    'R_C1'<5>:
      PIN_NUMBER='(0,J1,0,0,0)';
      BIDIRECTIONAL='TRUE';
      INPUT_LOAD='(-0.01,0.01)';
      OUTPUT_LOAD='(1.0,-1.0)';
    'R_C1'<6>:
      PIN_NUMBER='(0,H4,0,0,0)';
      BIDIRECTIONAL='TRUE';
      INPUT_LOAD='(-0.01,0.01)';
      OUTPUT_LOAD='(1.0,-1.0)';
    'REF_C1':
      PIN_NUMBER='(0,P8,0,0,0)';
      INPUT_LOAD='(-0.01,0.01)';
    'F_CINT1':
      PIN_NUMBER='(0,T8,0,0,0)';
      BIDIRECTIONAL='TRUE';
      INPUT_LOAD='(-0.01,0.01)';
      OUTPUT_LOAD='(1.0,-1.0)';
    'CLK_C1':
      PIN_NUMBER='(0,T7,0,0,0)';
      BIDIRECTIONAL='TRUE';
      INPUT_LOAD='(-0.01,0.01)';
      OUTPUT_LOAD='(1.0,-1.0)';
    'V_C1'<0>:
      PIN_NUMBER='(0,J4,0,0,0)';
      BIDIRECTIONAL='TRUE';
      INPUT_LOAD='(-0.01,0.01)';
      OUTPUT_LOAD='(1.0,-1.0)';
    'V_C1'<1>:
      PIN_NUMBER='(0,J3,0,0,0)';
      BIDIRECTIONAL='TRUE';
      INPUT_LOAD='(-0.01,0.01)';
      OUTPUT_LOAD='(1.0,-1.0)';
    'V_C1'<2>:
      PIN_NUMBER='(0,J2,0,0,0)';
      BIDIRECTIONAL='TRUE';
      INPUT_LOAD='(-0.01,0.01)';
      OUTPUT_LOAD='(1.0,-1.0)';
    'V_C1'<3>:
      PIN_NUMBER='(0,K1,0,0,0)';
      BIDIRECTIONAL='TRUE';
      INPUT_LOAD='(-0.01,0.01)';
      OUTPUT_LOAD='(1.0,-1.0)';
    'V_C1'<4>:
      PIN_NUMBER='(0,L3,0,0,0)';
      BIDIRECTIONAL='TRUE';
      INPUT_LOAD='(-0.01,0.01)';
      OUTPUT_LOAD='(1.0,-1.0)';
    'V_C1'<5>:
      PIN_NUMBER='(0,L4,0,0,0)';
      BIDIRECTIONAL='TRUE';
      INPUT_LOAD='(-0.01,0.01)';
      OUTPUT_LOAD='(1.0,-1.0)';
    'V_C1'<6>:
      PIN_NUMBER='(0,P4,0,0,0)';
      BIDIRECTIONAL='TRUE';
      INPUT_LOAD='(-0.01,0.01)';
      OUTPUT_LOAD='(1.0,-1.0)';
    'V_C1'<7>:
      PIN_NUMBER='(0,M4,0,0,0)';
      BIDIRECTIONAL='TRUE';
      INPUT_LOAD='(-0.01,0.01)';
      OUTPUT_LOAD='(1.0,-1.0)';
    'V_C1'<8>:
      PIN_NUMBER='(0,M3,0,0,0)';
      BIDIRECTIONAL='TRUE';
      INPUT_LOAD='(-0.01,0.01)';
      OUTPUT_LOAD='(1.0,-1.0)';
    'PWRDN_C1':
      PIN_NUMBER='(0,T3,0,0,0)';
      BIDIRECTIONAL='TRUE';
      INPUT_LOAD='(-0.01,0.01)';
      OUTPUT_LOAD='(1.0,-1.0)';
    'F_CINT2':
      PIN_NUMBER='(0,0,T9,0,0)';
      BIDIRECTIONAL='TRUE';
      INPUT_LOAD='(-0.01,0.01)';
      OUTPUT_LOAD='(1.0,-1.0)';
    'REF_C2':
      PIN_NUMBER='(0,0,P9,0,0)';
      INPUT_LOAD='(-0.01,0.01)';
    'S_C2'<0>:
      PIN_NUMBER='(0,0,K15,0,0)';
      BIDIRECTIONAL='TRUE';
      INPUT_LOAD='(-0.01,0.01)';
      OUTPUT_LOAD='(1.0,-1.0)';
    'S_C2'<1>:
      PIN_NUMBER='(0,0,M16,0,0)';
      BIDIRECTIONAL='TRUE';
      INPUT_LOAD='(-0.01,0.01)';
      OUTPUT_LOAD='(1.0,-1.0)';
    'S_C2'<2>:
      PIN_NUMBER='(0,0,J15,0,0)';
      BIDIRECTIONAL='TRUE';
      INPUT_LOAD='(-0.01,0.01)';
      OUTPUT_LOAD='(1.0,-1.0)';
    'R_C2'<0>:
      PIN_NUMBER='(0,0,R7,0,0)';
      BIDIRECTIONAL='TRUE';
      INPUT_LOAD='(-0.01,0.01)';
      OUTPUT_LOAD='(1.0,-1.0)';
    'R_C2'<1>:
      PIN_NUMBER='(0,0,N12,0,0)';
      BIDIRECTIONAL='TRUE';
      INPUT_LOAD='(-0.01,0.01)';
      OUTPUT_LOAD='(1.0,-1.0)';
    'R_C2'<2>:
      PIN_NUMBER='(0,0,R13,0,0)';
      BIDIRECTIONAL='TRUE';
      INPUT_LOAD='(-0.01,0.01)';
      OUTPUT_LOAD='(1.0,-1.0)';
    'R_C2'<3>:
      PIN_NUMBER='(0,0,P12,0,0)';
      BIDIRECTIONAL='TRUE';
      INPUT_LOAD='(-0.01,0.01)';
      OUTPUT_LOAD='(1.0,-1.0)';
    'R_C2'<4>:
      PIN_NUMBER='(0,0,P5,0,0)';
      BIDIRECTIONAL='TRUE';
      INPUT_LOAD='(-0.01,0.01)';
      OUTPUT_LOAD='(1.0,-1.0)';
    'R_C2'<5>:
      PIN_NUMBER='(0,0,J16,0,0)';
      BIDIRECTIONAL='TRUE';
      INPUT_LOAD='(-0.01,0.01)';
      OUTPUT_LOAD='(1.0,-1.0)';
    'R_C2'<6>:
      PIN_NUMBER='(0,0,D14,0,0)';
      BIDIRECTIONAL='TRUE';
      INPUT_LOAD='(-0.01,0.01)';
      OUTPUT_LOAD='(1.0,-1.0)';
    'PWRDN_C2':
      PIN_NUMBER='(0,0,R10,0,0)';
      BIDIRECTIONAL='TRUE';
      INPUT_LOAD='(-0.01,0.01)';
      OUTPUT_LOAD='(1.0,-1.0)';
    'CLK_C2':
      PIN_NUMBER='(0,0,T10,0,0)';
      BIDIRECTIONAL='TRUE';
      INPUT_LOAD='(-0.01,0.01)';
      OUTPUT_LOAD='(1.0,-1.0)';
    'V_C2'<0>:
      PIN_NUMBER='(0,0,N16,0,0)';
      BIDIRECTIONAL='TRUE';
      INPUT_LOAD='(-0.01,0.01)';
      OUTPUT_LOAD='(1.0,-1.0)';
    'V_C2'<1>:
      PIN_NUMBER='(0,0,M15,0,0)';
      BIDIRECTIONAL='TRUE';
      INPUT_LOAD='(-0.01,0.01)';
      OUTPUT_LOAD='(1.0,-1.0)';
    'V_C2'<2>:
      PIN_NUMBER='(0,0,N14,0,0)';
      BIDIRECTIONAL='TRUE';
      INPUT_LOAD='(-0.01,0.01)';
      OUTPUT_LOAD='(1.0,-1.0)';
    'V_C2'<3>:
      PIN_NUMBER='(0,0,N15,0,0)';
      BIDIRECTIONAL='TRUE';
      INPUT_LOAD='(-0.01,0.01)';
      OUTPUT_LOAD='(1.0,-1.0)';
    'V_C2'<4>:
      PIN_NUMBER='(0,0,M14,0,0)';
      BIDIRECTIONAL='TRUE';
      INPUT_LOAD='(-0.01,0.01)';
      OUTPUT_LOAD='(1.0,-1.0)';
    'V_C2'<5>:
      PIN_NUMBER='(0,0,T14,0,0)';
      BIDIRECTIONAL='TRUE';
      INPUT_LOAD='(-0.01,0.01)';
      OUTPUT_LOAD='(1.0,-1.0)';
    'V_C2'<6>:
      PIN_NUMBER='(0,0,K13,0,0)';
      BIDIRECTIONAL='TRUE';
      INPUT_LOAD='(-0.01,0.01)';
      OUTPUT_LOAD='(1.0,-1.0)';
    'V_C2'<7>:
      PIN_NUMBER='(0,0,L13,0,0)';
      BIDIRECTIONAL='TRUE';
      INPUT_LOAD='(-0.01,0.01)';
      OUTPUT_LOAD='(1.0,-1.0)';
    'V_C2'<8>:
      PIN_NUMBER='(0,0,M13,0,0)';
      BIDIRECTIONAL='TRUE';
      INPUT_LOAD='(-0.01,0.01)';
      OUTPUT_LOAD='(1.0,-1.0)';
    'MISO':
      PIN_NUMBER='(0,0,0,G2,0)';
      BIDIRECTIONAL='TRUE';
      INPUT_LOAD='(-0.01,0.01)';
      OUTPUT_LOAD='(1.0,-1.0)';
    '-ALERT':
      PIN_NUMBER='(0,0,0,C4,0)';
      BIDIRECTIONAL='TRUE';
      INPUT_LOAD='(-0.01,0.01)';
      OUTPUT_LOAD='(1.0,-1.0)';
    'C2_LED2':
      PIN_NUMBER='(0,0,0,E16,0)';
      BIDIRECTIONAL='TRUE';
      INPUT_LOAD='(-0.01,0.01)';
      OUTPUT_LOAD='(1.0,-1.0)';
    '-DBCS':
      PIN_NUMBER='(0,0,0,F13,0)';
      BIDIRECTIONAL='TRUE';
      INPUT_LOAD='(-0.01,0.01)';
      OUTPUT_LOAD='(1.0,-1.0)';
    'COUT_EN':
      PIN_NUMBER='(0,0,0,D12,0)';
      BIDIRECTIONAL='TRUE';
      INPUT_LOAD='(-0.01,0.01)';
      OUTPUT_LOAD='(1.0,-1.0)';
    'CLKH_EN':
      PIN_NUMBER='(0,0,0,N5,0)';
      BIDIRECTIONAL='TRUE';
      INPUT_LOAD='(-0.01,0.01)';
      OUTPUT_LOAD='(1.0,-1.0)';
    'DBMOSI':
      PIN_NUMBER='(0,0,0,G15,0)';
      BIDIRECTIONAL='TRUE';
      INPUT_LOAD='(-0.01,0.01)';
      OUTPUT_LOAD='(1.0,-1.0)';
    '-WP':
      PIN_NUMBER='(0,0,0,G14,0)';
      BIDIRECTIONAL='TRUE';
      INPUT_LOAD='(-0.01,0.01)';
      OUTPUT_LOAD='(1.0,-1.0)';
    'CIN_EN':
      PIN_NUMBER='(0,0,0,B12,0)';
      BIDIRECTIONAL='TRUE';
      INPUT_LOAD='(-0.01,0.01)';
      OUTPUT_LOAD='(1.0,-1.0)';
    'C2_LED1':
      PIN_NUMBER='(0,0,0,E15,0)';
      BIDIRECTIONAL='TRUE';
      INPUT_LOAD='(-0.01,0.01)';
      OUTPUT_LOAD='(1.0,-1.0)';
    'REFCLK':
      PIN_NUMBER='(0,0,0,A8,0)';
      BIDIRECTIONAL='TRUE';
      INPUT_LOAD='(-0.01,0.01)';
      OUTPUT_LOAD='(1.0,-1.0)';
    'CLKL_EN':
      PIN_NUMBER='(0,0,0,R4,0)';
      BIDIRECTIONAL='TRUE';
      INPUT_LOAD='(-0.01,0.01)';
      OUTPUT_LOAD='(1.0,-1.0)';
    'C1_LED1':
      PIN_NUMBER='(0,0,0,D15,0)';
      BIDIRECTIONAL='TRUE';
      INPUT_LOAD='(-0.01,0.01)';
      OUTPUT_LOAD='(1.0,-1.0)';
    'DBSCLK':
      PIN_NUMBER='(0,0,0,F14,0)';
      BIDIRECTIONAL='TRUE';
      INPUT_LOAD='(-0.01,0.01)';
      OUTPUT_LOAD='(1.0,-1.0)';
    '-SERDES_RST':
      PIN_NUMBER='(0,0,0,B13,0)';
      BIDIRECTIONAL='TRUE';
      INPUT_LOAD='(-0.01,0.01)';
      OUTPUT_LOAD='(1.0,-1.0)';
    'CLKIN':
      PIN_NUMBER='(0,0,0,A9,0)';
      BIDIRECTIONAL='TRUE';
      INPUT_LOAD='(-0.01,0.01)';
      OUTPUT_LOAD='(1.0,-1.0)';
    'MOSI':
      PIN_NUMBER='(0,0,0,D2,0)';
      BIDIRECTIONAL='TRUE';
      INPUT_LOAD='(-0.01,0.01)';
      OUTPUT_LOAD='(1.0,-1.0)';
    'CLKOUT':
      PIN_NUMBER='(0,0,0,P16,0)';
      BIDIRECTIONAL='TRUE';
      INPUT_LOAD='(-0.01,0.01)';
      OUTPUT_LOAD='(1.0,-1.0)';
    '-CLKL':
      PIN_NUMBER='(0,0,0,N1,0)';
      BIDIRECTIONAL='TRUE';
      INPUT_LOAD='(-0.01,0.01)';
      OUTPUT_LOAD='(1.0,-1.0)';
    '-CLKH':
      PIN_NUMBER='(0,0,0,A7,0)';
      BIDIRECTIONAL='TRUE';
      INPUT_LOAD='(-0.01,0.01)';
      OUTPUT_LOAD='(1.0,-1.0)';
    'CLKL_P':
      PIN_NUMBER='(0,0,0,P1,0)';
      BIDIRECTIONAL='TRUE';
      INPUT_LOAD='(-0.01,0.01)';
      OUTPUT_LOAD='(1.0,-1.0)';
    'CLKH_P':
      PIN_NUMBER='(0,0,0,B7,0)';
      BIDIRECTIONAL='TRUE';
      INPUT_LOAD='(-0.01,0.01)';
      OUTPUT_LOAD='(1.0,-1.0)';
    'DBMISO':
      PIN_NUMBER='(0,0,0,G16,0)';
      BIDIRECTIONAL='TRUE';
      INPUT_LOAD='(-0.01,0.01)';
      OUTPUT_LOAD='(1.0,-1.0)';
    'C1_LED2':
      PIN_NUMBER='(0,0,0,D16,0)';
      BIDIRECTIONAL='TRUE';
      INPUT_LOAD='(-0.01,0.01)';
      OUTPUT_LOAD='(1.0,-1.0)';
    '-HOLD':
      PIN_NUMBER='(0,0,0,G13,0)';
      BIDIRECTIONAL='TRUE';
      INPUT_LOAD='(-0.01,0.01)';
      OUTPUT_LOAD='(1.0,-1.0)';
    'PA'<0>:
      PIN_NUMBER='(0,0,0,D3,0)';
      BIDIRECTIONAL='TRUE';
      INPUT_LOAD='(-0.01,0.01)';
      OUTPUT_LOAD='(1.0,-1.0)';
    'PA'<1>:
      PIN_NUMBER='(0,0,0,C1,0)';
      BIDIRECTIONAL='TRUE';
      INPUT_LOAD='(-0.01,0.01)';
      OUTPUT_LOAD='(1.0,-1.0)';
    'PA'<2>:
      PIN_NUMBER='(0,0,0,C5,0)';
      BIDIRECTIONAL='TRUE';
      INPUT_LOAD='(-0.01,0.01)';
      OUTPUT_LOAD='(1.0,-1.0)';
    'PA'<3>:
      PIN_NUMBER='(0,0,0,A5,0)';
      BIDIRECTIONAL='TRUE';
      INPUT_LOAD='(-0.01,0.01)';
      OUTPUT_LOAD='(1.0,-1.0)';
    'PB'<0>:
      PIN_NUMBER='(0,0,0,G4,0)';
      BIDIRECTIONAL='TRUE';
      INPUT_LOAD='(-0.01,0.01)';
      OUTPUT_LOAD='(1.0,-1.0)';
    'PB'<1>:
      PIN_NUMBER='(0,0,0,G3,0)';
      BIDIRECTIONAL='TRUE';
      INPUT_LOAD='(-0.01,0.01)';
      OUTPUT_LOAD='(1.0,-1.0)';
    'PB'<2>:
      PIN_NUMBER='(0,0,0,F4,0)';
      BIDIRECTIONAL='TRUE';
      INPUT_LOAD='(-0.01,0.01)';
      OUTPUT_LOAD='(1.0,-1.0)';
    'PB'<3>:
      PIN_NUMBER='(0,0,0,E4,0)';
      BIDIRECTIONAL='TRUE';
      INPUT_LOAD='(-0.01,0.01)';
      OUTPUT_LOAD='(1.0,-1.0)';
    '-OE':
      PIN_NUMBER='(0,0,0,B4,0)';
      BIDIRECTIONAL='TRUE';
      INPUT_LOAD='(-0.01,0.01)';
      OUTPUT_LOAD='(1.0,-1.0)';
    '-SCS'<0>:
      PIN_NUMBER='(0,0,0,F3,0)';
      BIDIRECTIONAL='TRUE';
      INPUT_LOAD='(-0.01,0.01)';
      OUTPUT_LOAD='(1.0,-1.0)';
    '-SCS'<1>:
      PIN_NUMBER='(0,0,0,E1,0)';
      BIDIRECTIONAL='TRUE';
      INPUT_LOAD='(-0.01,0.01)';
      OUTPUT_LOAD='(1.0,-1.0)';
    '-SCS'<2>:
      PIN_NUMBER='(0,0,0,D5,0)';
      BIDIRECTIONAL='TRUE';
      INPUT_LOAD='(-0.01,0.01)';
      OUTPUT_LOAD='(1.0,-1.0)';
    'SCLK':
      PIN_NUMBER='(0,0,0,E3,0)';
      BIDIRECTIONAL='TRUE';
      INPUT_LOAD='(-0.01,0.01)';
      OUTPUT_LOAD='(1.0,-1.0)';
    '-LOCK_B':
      PIN_NUMBER='(0,0,0,B5,0)';
      BIDIRECTIONAL='TRUE';
      INPUT_LOAD='(-0.01,0.01)';
      OUTPUT_LOAD='(1.0,-1.0)';
    'N.C.2':
      PIN_NUMBER='(0,0,0,n2,0)';
      BIDIRECTIONAL='TRUE';
      INPUT_LOAD='(-0.01,0.01)';
      OUTPUT_LOAD='(1.0,-1.0)';
    'N.C.1':
      PIN_NUMBER='(0,0,0,k16,0)';
      BIDIRECTIONAL='TRUE';
      INPUT_LOAD='(-0.01,0.01)';
      OUTPUT_LOAD='(1.0,-1.0)';
    'UPDCLK_A':
      PIN_NUMBER='(0,0,0,E2,0)';
      BIDIRECTIONAL='TRUE';
      INPUT_LOAD='(-0.01,0.01)';
      OUTPUT_LOAD='(1.0,-1.0)';
    'UPDCLK_B':
      PIN_NUMBER='(0,0,0,D1,0)';
      BIDIRECTIONAL='TRUE';
      INPUT_LOAD='(-0.01,0.01)';
      OUTPUT_LOAD='(1.0,-1.0)';
    '-LOCK_A':
      PIN_NUMBER='(0,0,0,N3,0)';
      BIDIRECTIONAL='TRUE';
      INPUT_LOAD='(-0.01,0.01)';
      OUTPUT_LOAD='(1.0,-1.0)';
    'NC'<0>:
      PIN_NUMBER='(0,0,0,0,A3)';
      PINUSE='NC';
    'NC'<1>:
      PIN_NUMBER='(0,0,0,0,A4)';
      PINUSE='NC';
    'NC'<2>:
      PIN_NUMBER='(0,0,0,0,A6)';
      PINUSE='NC';
    'NC'<3>:
      PIN_NUMBER='(0,0,0,0,A10)';
      PINUSE='NC';
    'NC'<4>:
      PIN_NUMBER='(0,0,0,0,A11)';
      PINUSE='NC';
    'NC'<5>:
      PIN_NUMBER='(0,0,0,0,A12)';
      PINUSE='NC';
    'NC'<6>:
      PIN_NUMBER='(0,0,0,0,A13)';
      PINUSE='NC';
    'NC'<7>:
      PIN_NUMBER='(0,0,0,0,B3)';
      PINUSE='NC';
    'NC'<8>:
      PIN_NUMBER='(0,0,0,0,B6)';
      PINUSE='NC';
    'NC'<9>:
      PIN_NUMBER='(0,0,0,0,B8)';
      PINUSE='NC';
    'NC'<10>:
      PIN_NUMBER='(0,0,0,0,B9)';
      PINUSE='NC';
    'NC'<11>:
      PIN_NUMBER='(0,0,0,0,B10)';
      PINUSE='NC';
    'NC'<12>:
      PIN_NUMBER='(0,0,0,0,B11)';
      PINUSE='NC';
    'NC'<13>:
      PIN_NUMBER='(0,0,0,0,C6)';
      PINUSE='NC';
    'NC'<14>:
      PIN_NUMBER='(0,0,0,0,C7)';
      PINUSE='NC';
    'NC'<15>:
      PIN_NUMBER='(0,0,0,0,C8)';
      PINUSE='NC';
    'NC'<16>:
      PIN_NUMBER='(0,0,0,0,C9)';
      PINUSE='NC';
    'NC'<17>:
      PIN_NUMBER='(0,0,0,0,C10)';
      PINUSE='NC';
    'NC'<18>:
      PIN_NUMBER='(0,0,0,0,C11)';
      PINUSE='NC';
    'NC'<19>:
      PIN_NUMBER='(0,0,0,0,C12)';
      PINUSE='NC';
    'NC'<20>:
      PIN_NUMBER='(0,0,0,0,C16)';
      PINUSE='NC';
    'NC'<21>:
      PIN_NUMBER='(0,0,0,0,D7)';
      PINUSE='NC';
    'NC'<22>:
      PIN_NUMBER='(0,0,0,0,D8)';
      PINUSE='NC';
    'NC'<23>:
      PIN_NUMBER='(0,0,0,0,D9)';
      PINUSE='NC';
    'NC'<24>:
      PIN_NUMBER='(0,0,0,0,D10)';
      PINUSE='NC';
    'NC'<25>:
      PIN_NUMBER='(0,0,0,0,D11)';
      PINUSE='NC';
    'NC'<26>:
      PIN_NUMBER='(0,0,0,0,D6)';
      PINUSE='NC';
    'NC'<27>:
      PIN_NUMBER='(0,0,0,0,E6)';
      PINUSE='NC';
    'NC'<28>:
      PIN_NUMBER='(0,0,0,0,E7)';
      PINUSE='NC';
    'NC'<29>:
      PIN_NUMBER='(0,0,0,0,E10)';
      PINUSE='NC';
    'NC'<30>:
      PIN_NUMBER='(0,0,0,0,E11)';
      PINUSE='NC';
    'NC'<31>:
      PIN_NUMBER='(0,0,0,0,E13)';
      PINUSE='NC';
    'NC'<32>:
      PIN_NUMBER='(0,0,0,0,E14)';
      PINUSE='NC';
    'NC'<33>:
      PIN_NUMBER='(0,0,0,0,F1)';
      PINUSE='NC';
    'NC'<34>:
      PIN_NUMBER='(0,0,0,0,F2)';
      PINUSE='NC';
    'NC'<35>:
      PIN_NUMBER='(0,0,0,0,F5)';
      PINUSE='NC';
    'NC'<36>:
      PIN_NUMBER='(0,0,0,0,F12)';
      PINUSE='NC';
    'NC'<37>:
      PIN_NUMBER='(0,0,0,0,F15)';
      PINUSE='NC';
    'NC'<38>:
      PIN_NUMBER='(0,0,0,0,F16)';
      PINUSE='NC';
    'NC'<39>:
      PIN_NUMBER='(0,0,0,0,G1)';
      PINUSE='NC';
    'NC'<40>:
      PIN_NUMBER='(0,0,0,0,H13)';
      PINUSE='NC';
    'NC'<41>:
      PIN_NUMBER='(0,0,0,0,H14)';
      PINUSE='NC';
    'NC'<42>:
      PIN_NUMBER='(0,0,0,0,H15)';
      PINUSE='NC';
    'NC'<43>:
      PIN_NUMBER='(0,0,0,0,H16)';
      PINUSE='NC';
    'NC'<44>:
      PIN_NUMBER='(0,0,0,0,J13)';
      PINUSE='NC';
    'NC'<45>:
      PIN_NUMBER='(0,0,0,0,J14)';
      PINUSE='NC';
    'NC'<46>:
      PIN_NUMBER='(0,0,0,0,K14)';
      PINUSE='NC';
    'NC'<47>:
      PIN_NUMBER='(0,0,0,0,C13)';
      PINUSE='NC';
    'NC'<48>:
      PIN_NUMBER='(0,0,0,0,L1)';
      PINUSE='NC';
    'NC'<49>:
      PIN_NUMBER='(0,0,0,0,L2)';
      PINUSE='NC';
    'NC'<50>:
      PIN_NUMBER='(0,0,0,0,L5)';
      PINUSE='NC';
    'NC'<51>:
      PIN_NUMBER='(0,0,0,0,L12)';
      PINUSE='NC';
    'NC'<52>:
      PIN_NUMBER='(0,0,0,0,L14)';
      PINUSE='NC';
    'NC'<53>:
      PIN_NUMBER='(0,0,0,0,L16)';
      PINUSE='NC';
    'NC'<54>:
      PIN_NUMBER='(0,0,0,0,M6)';
      PINUSE='NC';
    'NC'<55>:
      PIN_NUMBER='(0,0,0,0,M7)';
      PINUSE='NC';
    'NC'<56>:
      PIN_NUMBER='(0,0,0,0,M10)';
      PINUSE='NC';
    'NC'<57>:
      PIN_NUMBER='(0,0,0,0,M11)';
      PINUSE='NC';
    'NC'<58>:
      PIN_NUMBER='(0,0,0,0,T4)';
      PINUSE='NC';
    'NC'<59>:
      PIN_NUMBER='(0,0,0,0,G5)';
      PINUSE='NC';
    'NC'<60>:
      PIN_NUMBER='(0,0,0,0,G12)';
      PINUSE='NC';
    'NC'<61>:
      PIN_NUMBER='(0,0,0,0,N6)';
      PINUSE='NC';
    'NC'<62>:
      PIN_NUMBER='(0,0,0,0,N7)';
      PINUSE='NC';
    'NC'<63>:
      PIN_NUMBER='(0,0,0,0,N8)';
      PINUSE='NC';
    'NC'<64>:
      PIN_NUMBER='(0,0,0,0,N9)';
      PINUSE='NC';
    'NC'<65>:
      PIN_NUMBER='(0,0,0,0,N10)';
      PINUSE='NC';
    'NC'<66>:
      PIN_NUMBER='(0,0,0,0,N11)';
      PINUSE='NC';
    'NC'<67>:
      PIN_NUMBER='(0,0,0,0,K5)';
      PINUSE='NC';
    'NC'<68>:
      PIN_NUMBER='(0,0,0,0,K12)';
      PINUSE='NC';
    'NC'<69>:
      PIN_NUMBER='(0,0,0,0,L15)';
      PINUSE='NC';
    'NC'<70>:
      PIN_NUMBER='(0,0,0,0,R5)';
      PINUSE='NC';
    'NC'<71>:
      PIN_NUMBER='(0,0,0,0,P6)';
      PINUSE='NC';
    'NC'<72>:
      PIN_NUMBER='(0,0,0,0,P7)';
      PINUSE='NC';
    'NC'<73>:
      PIN_NUMBER='(0,0,0,0,P10)';
      PINUSE='NC';
    'NC'<74>:
      PIN_NUMBER='(0,0,0,0,P11)';
      PINUSE='NC';
    'NC'<75>:
      PIN_NUMBER='(0,0,0,0,R6)';
      PINUSE='NC';
    'NC'<76>:
      PIN_NUMBER='(0,0,0,0,R11)';
      PINUSE='NC';
    'NC'<77>:
      PIN_NUMBER='(0,0,0,0,R8)';
      PINUSE='NC';
    'NC'<78>:
      PIN_NUMBER='(0,0,0,0,R9)';
      PINUSE='NC';
    'NC'<79>:
      PIN_NUMBER='(0,0,0,0,R12)';
      PINUSE='NC';
    'NC'<80>:
      PIN_NUMBER='(0,0,0,0,T5)';
      PINUSE='NC';
    'NC'<81>:
      PIN_NUMBER='(0,0,0,0,T6)';
      PINUSE='NC';
    'NC'<82>:
      PIN_NUMBER='(0,0,0,0,T11)';
      PINUSE='NC';
    'NC'<83>:
      PIN_NUMBER='(0,0,0,0,T12)';
      PINUSE='NC';
    'NC'<84>:
      PIN_NUMBER='(0,0,0,0,T15)';
      PINUSE='NC';
  end_pin;
  body
    PART_NAME='XC2V80';
    BODY_NAME='XC2V80';
    FAMILY='Virtex-II';
    JEDEC_TYPE='F247';
    PHYS_DES_PREFIX='D';
    CLASS='IC';
    CDS_LMAN_UNMAPPED_PHYS_PIN='(C13,T4)';
  end_body;
end_primitive;

END.
