FILE_TYPE=LIBRARY_PARTS;
primitive 'SCU';
  pin
    '1DIR':
      PIN_NUMBER='(AA22,0,0)';
      OUTPUT_LOAD='(1.0,-1.0)';
    '-1DVALID':
      PIN_NUMBER='(AA19,0,0)';
      BIDIRECTIONAL='TRUE';
      INPUT_LOAD='(-0.01,0.01)';
      OUTPUT_LOAD='(1.0,-1.0)';
    '1IQD'<0>:
      PIN_NUMBER='(AA17,0,0)';
      BIDIRECTIONAL='TRUE';
      INPUT_LOAD='(-0.01,0.01)';
      OUTPUT_LOAD='(1.0,-1.0)';
    '1IQD'<1>:
      PIN_NUMBER='(AB17,0,0)';
      BIDIRECTIONAL='TRUE';
      INPUT_LOAD='(-0.01,0.01)';
      OUTPUT_LOAD='(1.0,-1.0)';
    '1IQD'<2>:
      PIN_NUMBER='(AB16,0,0)';
      BIDIRECTIONAL='TRUE';
      INPUT_LOAD='(-0.01,0.01)';
      OUTPUT_LOAD='(1.0,-1.0)';
    '1IQD'<3>:
      PIN_NUMBER='(AA15,0,0)';
      BIDIRECTIONAL='TRUE';
      INPUT_LOAD='(-0.01,0.01)';
      OUTPUT_LOAD='(1.0,-1.0)';
    '1IQD'<4>:
      PIN_NUMBER='(AB15,0,0)';
      BIDIRECTIONAL='TRUE';
      INPUT_LOAD='(-0.01,0.01)';
      OUTPUT_LOAD='(1.0,-1.0)';
    '1IQD'<5>:
      PIN_NUMBER='(AA14,0,0)';
      BIDIRECTIONAL='TRUE';
      INPUT_LOAD='(-0.01,0.01)';
      OUTPUT_LOAD='(1.0,-1.0)';
    '1IQD'<6>:
      PIN_NUMBER='(AB14,0,0)';
      BIDIRECTIONAL='TRUE';
      INPUT_LOAD='(-0.01,0.01)';
      OUTPUT_LOAD='(1.0,-1.0)';
    '1IQD'<7>:
      PIN_NUMBER='(AA13,0,0)';
      BIDIRECTIONAL='TRUE';
      INPUT_LOAD='(-0.01,0.01)';
      OUTPUT_LOAD='(1.0,-1.0)';
    '1IQD'<8>:
      PIN_NUMBER='(AB13,0,0)';
      BIDIRECTIONAL='TRUE';
      INPUT_LOAD='(-0.01,0.01)';
      OUTPUT_LOAD='(1.0,-1.0)';
    '1STS'<0>:
      PIN_NUMBER='(AB19,0,0)';
      BIDIRECTIONAL='TRUE';
      INPUT_LOAD='(-0.01,0.01)';
      OUTPUT_LOAD='(1.0,-1.0)';
    '1STS'<1>:
      PIN_NUMBER='(AA18,0,0)';
      BIDIRECTIONAL='TRUE';
      INPUT_LOAD='(-0.01,0.01)';
      OUTPUT_LOAD='(1.0,-1.0)';
    '-1SUSP':
      PIN_NUMBER='(AB18,0,0)';
      BIDIRECTIONAL='TRUE';
      INPUT_LOAD='(-0.01,0.01)';
      OUTPUT_LOAD='(1.0,-1.0)';
    '2DIR':
      PIN_NUMBER='(AB3,0,0)';
      OUTPUT_LOAD='(1.0,-1.0)';
    '-2DVALID':
      PIN_NUMBER='(AB4,0,0)';
      BIDIRECTIONAL='TRUE';
      INPUT_LOAD='(-0.01,0.01)';
      OUTPUT_LOAD='(1.0,-1.0)';
    '2IQD'<0>:
      PIN_NUMBER='(AB10,0,0)';
      BIDIRECTIONAL='TRUE';
      INPUT_LOAD='(-0.01,0.01)';
      OUTPUT_LOAD='(1.0,-1.0)';
    '2IQD'<1>:
      PIN_NUMBER='(AA10,0,0)';
      BIDIRECTIONAL='TRUE';
      INPUT_LOAD='(-0.01,0.01)';
      OUTPUT_LOAD='(1.0,-1.0)';
    '2IQD'<2>:
      PIN_NUMBER='(AB9,0,0)';
      BIDIRECTIONAL='TRUE';
      INPUT_LOAD='(-0.01,0.01)';
      OUTPUT_LOAD='(1.0,-1.0)';
    '2IQD'<3>:
      PIN_NUMBER='(AA9,0,0)';
      BIDIRECTIONAL='TRUE';
      INPUT_LOAD='(-0.01,0.01)';
      OUTPUT_LOAD='(1.0,-1.0)';
    '2IQD'<4>:
      PIN_NUMBER='(AB8,0,0)';
      BIDIRECTIONAL='TRUE';
      INPUT_LOAD='(-0.01,0.01)';
      OUTPUT_LOAD='(1.0,-1.0)';
    '2IQD'<5>:
      PIN_NUMBER='(AA8,0,0)';
      BIDIRECTIONAL='TRUE';
      INPUT_LOAD='(-0.01,0.01)';
      OUTPUT_LOAD='(1.0,-1.0)';
    '2IQD'<6>:
      PIN_NUMBER='(AA7,0,0)';
      BIDIRECTIONAL='TRUE';
      INPUT_LOAD='(-0.01,0.01)';
      OUTPUT_LOAD='(1.0,-1.0)';
    '2IQD'<7>:
      PIN_NUMBER='(AB6,0,0)';
      BIDIRECTIONAL='TRUE';
      INPUT_LOAD='(-0.01,0.01)';
      OUTPUT_LOAD='(1.0,-1.0)';
    '2IQD'<8>:
      PIN_NUMBER='(AA6,0,0)';
      BIDIRECTIONAL='TRUE';
      INPUT_LOAD='(-0.01,0.01)';
      OUTPUT_LOAD='(1.0,-1.0)';
    '2STS'<0>:
      PIN_NUMBER='(AB5,0,0)';
      BIDIRECTIONAL='TRUE';
      INPUT_LOAD='(-0.01,0.01)';
      OUTPUT_LOAD='(1.0,-1.0)';
    '2STS'<1>:
      PIN_NUMBER='(AA5,0,0)';
      BIDIRECTIONAL='TRUE';
      INPUT_LOAD='(-0.01,0.01)';
      OUTPUT_LOAD='(1.0,-1.0)';
    '-2SUSP':
      PIN_NUMBER='(AA4,0,0)';
      BIDIRECTIONAL='TRUE';
      INPUT_LOAD='(-0.01,0.01)';
      OUTPUT_LOAD='(1.0,-1.0)';
    '-DEN'<0>:
      PIN_NUMBER='(E14,0,0)';
      OUTPUT_LOAD='(1.0,-1.0)';
    '-DEN'<1>:
      PIN_NUMBER='(B14,0,0)';
      OUTPUT_LOAD='(1.0,-1.0)';
    'DT_RN'<0>:
      PIN_NUMBER='(A19,0,0)';
      OUTPUT_LOAD='(1.0,-1.0)';
    'DT_RN'<1>:
      PIN_NUMBER='(C19,0,0)';
      OUTPUT_LOAD='(1.0,-1.0)';
    '-INT':
      PIN_NUMBER='(D8,0,0)';
      OUTPUT_LOAD='(1.0,-1.0)';
    'IQCLKIN':
      PIN_NUMBER='(W12,0,0)';
      INPUT_LOAD='(-0.01,0.01)';
    'IQCLKOUT':
      PIN_NUMBER='(AB11,0,0)';
      OUTPUT_LOAD='(1.0,-1.0)';
    'LA'<2>:
      PIN_NUMBER='(F3,0,0)';
      OUTPUT_TYPE='(TS,TS)';
      BIDIRECTIONAL='TRUE';
      INPUT_LOAD='(-0.01,0.01)';
      OUTPUT_LOAD='(1.0,-1.0)';
    'LA'<3>:
      PIN_NUMBER='(M3,0,0)';
      OUTPUT_TYPE='(TS,TS)';
      BIDIRECTIONAL='TRUE';
      INPUT_LOAD='(-0.01,0.01)';
      OUTPUT_LOAD='(1.0,-1.0)';
    'LA'<4>:
      PIN_NUMBER='(M4,0,0)';
      OUTPUT_TYPE='(TS,TS)';
      BIDIRECTIONAL='TRUE';
      INPUT_LOAD='(-0.01,0.01)';
      OUTPUT_LOAD='(1.0,-1.0)';
    'LA'<5>:
      PIN_NUMBER='(N3,0,0)';
      OUTPUT_TYPE='(TS,TS)';
      BIDIRECTIONAL='TRUE';
      INPUT_LOAD='(-0.01,0.01)';
      OUTPUT_LOAD='(1.0,-1.0)';
    'LA'<6>:
      PIN_NUMBER='(N4,0,0)';
      OUTPUT_TYPE='(TS,TS)';
      BIDIRECTIONAL='TRUE';
      INPUT_LOAD='(-0.01,0.01)';
      OUTPUT_LOAD='(1.0,-1.0)';
    'LA'<7>:
      PIN_NUMBER='(P3,0,0)';
      OUTPUT_TYPE='(TS,TS)';
      BIDIRECTIONAL='TRUE';
      INPUT_LOAD='(-0.01,0.01)';
      OUTPUT_LOAD='(1.0,-1.0)';
    'LA'<8>:
      PIN_NUMBER='(M5,0,0)';
      OUTPUT_TYPE='(TS,TS)';
      BIDIRECTIONAL='TRUE';
      INPUT_LOAD='(-0.01,0.01)';
      OUTPUT_LOAD='(1.0,-1.0)';
    'LA'<9>:
      PIN_NUMBER='(N2,0,0)';
      OUTPUT_TYPE='(TS,TS)';
      BIDIRECTIONAL='TRUE';
      INPUT_LOAD='(-0.01,0.01)';
      OUTPUT_LOAD='(1.0,-1.0)';
    'LA'<10>:
      PIN_NUMBER='(T2,0,0)';
      OUTPUT_TYPE='(TS,TS)';
      BIDIRECTIONAL='TRUE';
      INPUT_LOAD='(-0.01,0.01)';
      OUTPUT_LOAD='(1.0,-1.0)';
    'LA'<11>:
      PIN_NUMBER='(U1,0,0)';
      OUTPUT_TYPE='(TS,TS)';
      BIDIRECTIONAL='TRUE';
      INPUT_LOAD='(-0.01,0.01)';
      OUTPUT_LOAD='(1.0,-1.0)';
    'LA'<12>:
      PIN_NUMBER='(U2,0,0)';
      OUTPUT_TYPE='(TS,TS)';
      BIDIRECTIONAL='TRUE';
      INPUT_LOAD='(-0.01,0.01)';
      OUTPUT_LOAD='(1.0,-1.0)';
    'LA'<13>:
      PIN_NUMBER='(V1,0,0)';
      OUTPUT_TYPE='(TS,TS)';
      BIDIRECTIONAL='TRUE';
      INPUT_LOAD='(-0.01,0.01)';
      OUTPUT_LOAD='(1.0,-1.0)';
    'LA'<14>:
      PIN_NUMBER='(V2,0,0)';
      OUTPUT_TYPE='(TS,TS)';
      BIDIRECTIONAL='TRUE';
      INPUT_LOAD='(-0.01,0.01)';
      OUTPUT_LOAD='(1.0,-1.0)';
    'LA'<15>:
      PIN_NUMBER='(W1,0,0)';
      OUTPUT_TYPE='(TS,TS)';
      BIDIRECTIONAL='TRUE';
      INPUT_LOAD='(-0.01,0.01)';
      OUTPUT_LOAD='(1.0,-1.0)';
    'LA'<16>:
      PIN_NUMBER='(W2,0,0)';
      OUTPUT_TYPE='(TS,TS)';
      BIDIRECTIONAL='TRUE';
      INPUT_LOAD='(-0.01,0.01)';
      OUTPUT_LOAD='(1.0,-1.0)';
    'LA'<17>:
      PIN_NUMBER='(Y1,0,0)';
      OUTPUT_TYPE='(TS,TS)';
      BIDIRECTIONAL='TRUE';
      INPUT_LOAD='(-0.01,0.01)';
      OUTPUT_LOAD='(1.0,-1.0)';
    'LA'<18>:
      PIN_NUMBER='(B1,0,0)';
      OUTPUT_TYPE='(TS,TS)';
      BIDIRECTIONAL='TRUE';
      INPUT_LOAD='(-0.01,0.01)';
      OUTPUT_LOAD='(1.0,-1.0)';
    'LA'<19>:
      PIN_NUMBER='(P1,0,0)';
      OUTPUT_TYPE='(TS,TS)';
      BIDIRECTIONAL='TRUE';
      INPUT_LOAD='(-0.01,0.01)';
      OUTPUT_LOAD='(1.0,-1.0)';
    'LA'<20>:
      PIN_NUMBER='(P2,0,0)';
      OUTPUT_TYPE='(TS,TS)';
      BIDIRECTIONAL='TRUE';
      INPUT_LOAD='(-0.01,0.01)';
      OUTPUT_LOAD='(1.0,-1.0)';
    'LA'<21>:
      PIN_NUMBER='(T1,0,0)';
      OUTPUT_TYPE='(TS,TS)';
      BIDIRECTIONAL='TRUE';
      INPUT_LOAD='(-0.01,0.01)';
      OUTPUT_LOAD='(1.0,-1.0)';
    'LA'<22>:
      PIN_NUMBER='(R2,0,0)';
      OUTPUT_TYPE='(TS,TS)';
      BIDIRECTIONAL='TRUE';
      INPUT_LOAD='(-0.01,0.01)';
      OUTPUT_LOAD='(1.0,-1.0)';
    'LA'<23>:
      PIN_NUMBER='(R1,0,0)';
      OUTPUT_TYPE='(TS,TS)';
      BIDIRECTIONAL='TRUE';
      INPUT_LOAD='(-0.01,0.01)';
      OUTPUT_LOAD='(1.0,-1.0)';
    'LA'<24>:
      PIN_NUMBER='(Y2,0,0)';
      OUTPUT_TYPE='(TS,TS)';
      BIDIRECTIONAL='TRUE';
      INPUT_LOAD='(-0.01,0.01)';
      OUTPUT_LOAD='(1.0,-1.0)';
    'LA'<25>:
      PIN_NUMBER='(P4,0,0)';
      OUTPUT_TYPE='(TS,TS)';
      BIDIRECTIONAL='TRUE';
      INPUT_LOAD='(-0.01,0.01)';
      OUTPUT_LOAD='(1.0,-1.0)';
    'LA'<26>:
      PIN_NUMBER='(R4,0,0)';
      OUTPUT_TYPE='(TS,TS)';
      BIDIRECTIONAL='TRUE';
      INPUT_LOAD='(-0.01,0.01)';
      OUTPUT_LOAD='(1.0,-1.0)';
    'LA'<27>:
      PIN_NUMBER='(T4,0,0)';
      OUTPUT_TYPE='(TS,TS)';
      BIDIRECTIONAL='TRUE';
      INPUT_LOAD='(-0.01,0.01)';
      OUTPUT_LOAD='(1.0,-1.0)';
    'LA'<28>:
      PIN_NUMBER='(U4,0,0)';
      OUTPUT_TYPE='(TS,TS)';
      BIDIRECTIONAL='TRUE';
      INPUT_LOAD='(-0.01,0.01)';
      OUTPUT_LOAD='(1.0,-1.0)';
    'LA'<29>:
      PIN_NUMBER='(T3,0,0)';
      OUTPUT_TYPE='(TS,TS)';
      BIDIRECTIONAL='TRUE';
      INPUT_LOAD='(-0.01,0.01)';
      OUTPUT_LOAD='(1.0,-1.0)';
    'LA'<30>:
      PIN_NUMBER='(V3,0,0)';
      OUTPUT_TYPE='(TS,TS)';
      BIDIRECTIONAL='TRUE';
      INPUT_LOAD='(-0.01,0.01)';
      OUTPUT_LOAD='(1.0,-1.0)';
    'LA'<31>:
      PIN_NUMBER='(W3,0,0)';
      OUTPUT_TYPE='(TS,TS)';
      BIDIRECTIONAL='TRUE';
      INPUT_LOAD='(-0.01,0.01)';
      OUTPUT_LOAD='(1.0,-1.0)';
    '-LADS':
      PIN_NUMBER='(D5,0,0)';
      OUTPUT_TYPE='(TS,TS)';
      BIDIRECTIONAL='TRUE';
      INPUT_LOAD='(-0.01,0.01)';
      OUTPUT_LOAD='(1.0,-1.0)';
    '-LBE'<0>:
      PIN_NUMBER='(N5,0,0)';
      OUTPUT_TYPE='(TS,TS)';
      BIDIRECTIONAL='TRUE';
      INPUT_LOAD='(-0.01,0.01)';
      OUTPUT_LOAD='(1.0,-1.0)';
    '-LBE'<1>:
      PIN_NUMBER='(P5,0,0)';
      OUTPUT_TYPE='(TS,TS)';
      BIDIRECTIONAL='TRUE';
      INPUT_LOAD='(-0.01,0.01)';
      OUTPUT_LOAD='(1.0,-1.0)';
    '-LBE'<2>:
      PIN_NUMBER='(M6,0,0)';
      OUTPUT_TYPE='(TS,TS)';
      BIDIRECTIONAL='TRUE';
      INPUT_LOAD='(-0.01,0.01)';
      OUTPUT_LOAD='(1.0,-1.0)';
    '-LBE'<3>:
      PIN_NUMBER='(R5,0,0)';
      OUTPUT_TYPE='(TS,TS)';
      BIDIRECTIONAL='TRUE';
      INPUT_LOAD='(-0.01,0.01)';
      OUTPUT_LOAD='(1.0,-1.0)';
    '-LBLAST':
      PIN_NUMBER='(B5,0,0)';
      OUTPUT_TYPE='(TS,TS)';
      BIDIRECTIONAL='TRUE';
      INPUT_LOAD='(-0.01,0.01)';
      OUTPUT_LOAD='(1.0,-1.0)';
    'LBREQ_IN':
      PIN_NUMBER='(B6,0,0)';
      INPUT_LOAD='(-0.01,0.01)';
    'LBREQ_O':
      PIN_NUMBER='(D6,0,0)';
      OUTPUT_LOAD='(1.0,-1.0)';
    '-LBTERM':
      PIN_NUMBER='(B3,0,0)';
      OUTPUT_TYPE='(TS,TS)';
      BIDIRECTIONAL='TRUE';
      INPUT_LOAD='(-0.01,0.01)';
      OUTPUT_LOAD='(1.0,-1.0)';
    '-LCCS':
      PIN_NUMBER='(C7,0,0)';
      OUTPUT_LOAD='(1.0,-1.0)';
    'LD'<0>:
      PIN_NUMBER='(N1,0,0)';
      OUTPUT_TYPE='(TS,TS)';
      BIDIRECTIONAL='TRUE';
      INPUT_LOAD='(-0.01,0.01)';
      OUTPUT_LOAD='(1.0,-1.0)';
    'LD'<1>:
      PIN_NUMBER='(L1,0,0)';
      OUTPUT_TYPE='(TS,TS)';
      BIDIRECTIONAL='TRUE';
      INPUT_LOAD='(-0.01,0.01)';
      OUTPUT_LOAD='(1.0,-1.0)';
    'LD'<2>:
      PIN_NUMBER='(K2,0,0)';
      OUTPUT_TYPE='(TS,TS)';
      BIDIRECTIONAL='TRUE';
      INPUT_LOAD='(-0.01,0.01)';
      OUTPUT_LOAD='(1.0,-1.0)';
    'LD'<3>:
      PIN_NUMBER='(J2,0,0)';
      OUTPUT_TYPE='(TS,TS)';
      BIDIRECTIONAL='TRUE';
      INPUT_LOAD='(-0.01,0.01)';
      OUTPUT_LOAD='(1.0,-1.0)';
    'LD'<4>:
      PIN_NUMBER='(H2,0,0)';
      OUTPUT_TYPE='(TS,TS)';
      BIDIRECTIONAL='TRUE';
      INPUT_LOAD='(-0.01,0.01)';
      OUTPUT_LOAD='(1.0,-1.0)';
    'LD'<5>:
      PIN_NUMBER='(F1,0,0)';
      OUTPUT_TYPE='(TS,TS)';
      BIDIRECTIONAL='TRUE';
      INPUT_LOAD='(-0.01,0.01)';
      OUTPUT_LOAD='(1.0,-1.0)';
    'LD'<6>:
      PIN_NUMBER='(E1,0,0)';
      OUTPUT_TYPE='(TS,TS)';
      BIDIRECTIONAL='TRUE';
      INPUT_LOAD='(-0.01,0.01)';
      OUTPUT_LOAD='(1.0,-1.0)';
    'LD'<7>:
      PIN_NUMBER='(D2,0,0)';
      OUTPUT_TYPE='(TS,TS)';
      BIDIRECTIONAL='TRUE';
      INPUT_LOAD='(-0.01,0.01)';
      OUTPUT_LOAD='(1.0,-1.0)';
    'LD'<8>:
      PIN_NUMBER='(M1,0,0)';
      OUTPUT_TYPE='(TS,TS)';
      BIDIRECTIONAL='TRUE';
      INPUT_LOAD='(-0.01,0.01)';
      OUTPUT_LOAD='(1.0,-1.0)';
    'LD'<9>:
      PIN_NUMBER='(K1,0,0)';
      OUTPUT_TYPE='(TS,TS)';
      BIDIRECTIONAL='TRUE';
      INPUT_LOAD='(-0.01,0.01)';
      OUTPUT_LOAD='(1.0,-1.0)';
    'LD'<10>:
      PIN_NUMBER='(J1,0,0)';
      OUTPUT_TYPE='(TS,TS)';
      BIDIRECTIONAL='TRUE';
      INPUT_LOAD='(-0.01,0.01)';
      OUTPUT_LOAD='(1.0,-1.0)';
    'LD'<11>:
      PIN_NUMBER='(H1,0,0)';
      OUTPUT_TYPE='(TS,TS)';
      BIDIRECTIONAL='TRUE';
      INPUT_LOAD='(-0.01,0.01)';
      OUTPUT_LOAD='(1.0,-1.0)';
    'LD'<12>:
      PIN_NUMBER='(G1,0,0)';
      OUTPUT_TYPE='(TS,TS)';
      BIDIRECTIONAL='TRUE';
      INPUT_LOAD='(-0.01,0.01)';
      OUTPUT_LOAD='(1.0,-1.0)';
    'LD'<13>:
      PIN_NUMBER='(F2,0,0)';
      OUTPUT_TYPE='(TS,TS)';
      BIDIRECTIONAL='TRUE';
      INPUT_LOAD='(-0.01,0.01)';
      OUTPUT_LOAD='(1.0,-1.0)';
    'LD'<14>:
      PIN_NUMBER='(E2,0,0)';
      OUTPUT_TYPE='(TS,TS)';
      BIDIRECTIONAL='TRUE';
      INPUT_LOAD='(-0.01,0.01)';
      OUTPUT_LOAD='(1.0,-1.0)';
    'LD'<15>:
      PIN_NUMBER='(C1,0,0)';
      OUTPUT_TYPE='(TS,TS)';
      BIDIRECTIONAL='TRUE';
      INPUT_LOAD='(-0.01,0.01)';
      OUTPUT_LOAD='(1.0,-1.0)';
    'LD'<16>:
      PIN_NUMBER='(G5,0,0)';
      OUTPUT_TYPE='(TS,TS)';
      BIDIRECTIONAL='TRUE';
      INPUT_LOAD='(-0.01,0.01)';
      OUTPUT_LOAD='(1.0,-1.0)';
    'LD'<17>:
      PIN_NUMBER='(G3,0,0)';
      OUTPUT_TYPE='(TS,TS)';
      BIDIRECTIONAL='TRUE';
      INPUT_LOAD='(-0.01,0.01)';
      OUTPUT_LOAD='(1.0,-1.0)';
    'LD'<18>:
      PIN_NUMBER='(H4,0,0)';
      OUTPUT_TYPE='(TS,TS)';
      BIDIRECTIONAL='TRUE';
      INPUT_LOAD='(-0.01,0.01)';
      OUTPUT_LOAD='(1.0,-1.0)';
    'LD'<19>:
      PIN_NUMBER='(J5,0,0)';
      OUTPUT_TYPE='(TS,TS)';
      BIDIRECTIONAL='TRUE';
      INPUT_LOAD='(-0.01,0.01)';
      OUTPUT_LOAD='(1.0,-1.0)';
    'LD'<20>:
      PIN_NUMBER='(J3,0,0)';
      OUTPUT_TYPE='(TS,TS)';
      BIDIRECTIONAL='TRUE';
      INPUT_LOAD='(-0.01,0.01)';
      OUTPUT_LOAD='(1.0,-1.0)';
    'LD'<21>:
      PIN_NUMBER='(K4,0,0)';
      OUTPUT_TYPE='(TS,TS)';
      BIDIRECTIONAL='TRUE';
      INPUT_LOAD='(-0.01,0.01)';
      OUTPUT_LOAD='(1.0,-1.0)';
    'LD'<22>:
      PIN_NUMBER='(L6,0,0)';
      OUTPUT_TYPE='(TS,TS)';
      BIDIRECTIONAL='TRUE';
      INPUT_LOAD='(-0.01,0.01)';
      OUTPUT_LOAD='(1.0,-1.0)';
    'LD'<23>:
      PIN_NUMBER='(L3,0,0)';
      OUTPUT_TYPE='(TS,TS)';
      BIDIRECTIONAL='TRUE';
      INPUT_LOAD='(-0.01,0.01)';
      OUTPUT_LOAD='(1.0,-1.0)';
    'LD'<24>:
      PIN_NUMBER='(G4,0,0)';
      OUTPUT_TYPE='(TS,TS)';
      BIDIRECTIONAL='TRUE';
      INPUT_LOAD='(-0.01,0.01)';
      OUTPUT_LOAD='(1.0,-1.0)';
    'LD'<25>:
      PIN_NUMBER='(H5,0,0)';
      OUTPUT_TYPE='(TS,TS)';
      BIDIRECTIONAL='TRUE';
      INPUT_LOAD='(-0.01,0.01)';
      OUTPUT_LOAD='(1.0,-1.0)';
    'LD'<26>:
      PIN_NUMBER='(H3,0,0)';
      OUTPUT_TYPE='(TS,TS)';
      BIDIRECTIONAL='TRUE';
      INPUT_LOAD='(-0.01,0.01)';
      OUTPUT_LOAD='(1.0,-1.0)';
    'LD'<27>:
      PIN_NUMBER='(J4,0,0)';
      OUTPUT_TYPE='(TS,TS)';
      BIDIRECTIONAL='TRUE';
      INPUT_LOAD='(-0.01,0.01)';
      OUTPUT_LOAD='(1.0,-1.0)';
    'LD'<28>:
      PIN_NUMBER='(K5,0,0)';
      OUTPUT_TYPE='(TS,TS)';
      BIDIRECTIONAL='TRUE';
      INPUT_LOAD='(-0.01,0.01)';
      OUTPUT_LOAD='(1.0,-1.0)';
    'LD'<29>:
      PIN_NUMBER='(K3,0,0)';
      OUTPUT_TYPE='(TS,TS)';
      BIDIRECTIONAL='TRUE';
      INPUT_LOAD='(-0.01,0.01)';
      OUTPUT_LOAD='(1.0,-1.0)';
    'LD'<30>:
      PIN_NUMBER='(L4,0,0)';
      OUTPUT_TYPE='(TS,TS)';
      BIDIRECTIONAL='TRUE';
      INPUT_LOAD='(-0.01,0.01)';
      OUTPUT_LOAD='(1.0,-1.0)';
    'LD'<31>:
      PIN_NUMBER='(L5,0,0)';
      OUTPUT_TYPE='(TS,TS)';
      BIDIRECTIONAL='TRUE';
      INPUT_LOAD='(-0.01,0.01)';
      OUTPUT_LOAD='(1.0,-1.0)';
    '-LDACK0':
      PIN_NUMBER='(A9,0,0)';
      INPUT_LOAD='(-0.01,0.01)';
    '-LDACK1':
      PIN_NUMBER='(D7,0,0)';
      INPUT_LOAD='(-0.01,0.01)';
    'LDP'<0>:
      PIN_NUMBER='(B4,0,0)';
      OUTPUT_TYPE='(TS,TS)';
      BIDIRECTIONAL='TRUE';
      INPUT_LOAD='(-0.01,0.01)';
      OUTPUT_LOAD='(1.0,-1.0)';
    'LDP'<1>:
      PIN_NUMBER='(E3,0,0)';
      OUTPUT_TYPE='(TS,TS)';
      BIDIRECTIONAL='TRUE';
      INPUT_LOAD='(-0.01,0.01)';
      OUTPUT_LOAD='(1.0,-1.0)';
    'LDP'<2>:
      PIN_NUMBER='(A3,0,0)';
      OUTPUT_TYPE='(TS,TS)';
      BIDIRECTIONAL='TRUE';
      INPUT_LOAD='(-0.01,0.01)';
      OUTPUT_LOAD='(1.0,-1.0)';
    'LDP'<3>:
      PIN_NUMBER='(F5,0,0)';
      OUTPUT_TYPE='(TS,TS)';
      BIDIRECTIONAL='TRUE';
      INPUT_LOAD='(-0.01,0.01)';
      OUTPUT_LOAD='(1.0,-1.0)';
    '-LDREQ0':
      PIN_NUMBER='(B9,0,0)';
      OUTPUT_LOAD='(1.0,-1.0)';
    '-LDREQ1':
      PIN_NUMBER='(A8,0,0)';
      OUTPUT_LOAD='(1.0,-1.0)';
    '-LEOT':
      PIN_NUMBER='(C6,0,0)';
      OUTPUT_TYPE='(TS,TS)';
      BIDIRECTIONAL='TRUE';
      INPUT_LOAD='(-0.01,0.01)';
      OUTPUT_LOAD='(1.0,-1.0)';
    'LHOLDA_O':
      PIN_NUMBER='(A5,0,0)';
      OUTPUT_LOAD='(1.0,-1.0)';
    'LHOLD_IN':
      PIN_NUMBER='(A4,0,0)';
      INPUT_LOAD='(-0.01,0.01)';
    '-LINTIN':
      PIN_NUMBER='(B8,0,0)';
      INPUT_LOAD='(-0.01,0.01)';
    '-LINTOUT':
      PIN_NUMBER='(A7,0,0)';
      OUTPUT_TYPE='(TS,TS)';
      INPUT_LOAD='(-0.01,0.01)';
      OUTPUT_LOAD='(1.0,-1.0)';
    '-LREADY':
      PIN_NUMBER='(F4,0,0)';
      OUTPUT_TYPE='(TS,TS)';
      BIDIRECTIONAL='TRUE';
      INPUT_LOAD='(-0.01,0.01)';
      OUTPUT_LOAD='(1.0,-1.0)';
    '-LSERR':
      PIN_NUMBER='(C5,0,0)';
      INPUT_LOAD='(-0.01,0.01)';
    '-LWAIT':
      PIN_NUMBER='(B7,0,0)';
      OUTPUT_TYPE='(TS,TS)';
      BIDIRECTIONAL='TRUE';
      INPUT_LOAD='(-0.01,0.01)';
      OUTPUT_LOAD='(1.0,-1.0)';
    '-LW_RN':
      PIN_NUMBER='(T5,0,0)';
      OUTPUT_TYPE='(TS,TS)';
      BIDIRECTIONAL='TRUE';
      INPUT_LOAD='(-0.01,0.01)';
      OUTPUT_LOAD='(1.0,-1.0)';
    'L_AD'<0>:
      PIN_NUMBER='(W14,0,0)';
      OUTPUT_TYPE='(TS,TS)';
      BIDIRECTIONAL='TRUE';
      INPUT_LOAD='(-0.01,0.01)';
      OUTPUT_LOAD='(1.0,-1.0)';
    'L_AD'<1>:
      PIN_NUMBER='(W13,0,0)';
      OUTPUT_TYPE='(TS,TS)';
      BIDIRECTIONAL='TRUE';
      INPUT_LOAD='(-0.01,0.01)';
      OUTPUT_LOAD='(1.0,-1.0)';
    'L_AD'<2>:
      PIN_NUMBER='(Y13,0,0)';
      OUTPUT_TYPE='(TS,TS)';
      BIDIRECTIONAL='TRUE';
      INPUT_LOAD='(-0.01,0.01)';
      OUTPUT_LOAD='(1.0,-1.0)';
    'L_AD'<3>:
      PIN_NUMBER='(Y12,0,0)';
      OUTPUT_TYPE='(TS,TS)';
      BIDIRECTIONAL='TRUE';
      INPUT_LOAD='(-0.01,0.01)';
      OUTPUT_LOAD='(1.0,-1.0)';
    'L_AD'<4>:
      PIN_NUMBER='(W10,0,0)';
      OUTPUT_TYPE='(TS,TS)';
      BIDIRECTIONAL='TRUE';
      INPUT_LOAD='(-0.01,0.01)';
      OUTPUT_LOAD='(1.0,-1.0)';
    'L_AD'<5>:
      PIN_NUMBER='(Y9,0,0)';
      OUTPUT_TYPE='(TS,TS)';
      BIDIRECTIONAL='TRUE';
      INPUT_LOAD='(-0.01,0.01)';
      OUTPUT_LOAD='(1.0,-1.0)';
    'L_AD'<6>:
      PIN_NUMBER='(V10,0,0)';
      OUTPUT_TYPE='(TS,TS)';
      BIDIRECTIONAL='TRUE';
      INPUT_LOAD='(-0.01,0.01)';
      OUTPUT_LOAD='(1.0,-1.0)';
    'L_AD'<7>:
      PIN_NUMBER='(W9,0,0)';
      OUTPUT_TYPE='(TS,TS)';
      BIDIRECTIONAL='TRUE';
      INPUT_LOAD='(-0.01,0.01)';
      OUTPUT_LOAD='(1.0,-1.0)';
    'L_ALE':
      PIN_NUMBER='(Y16,0,0)';
      OUTPUT_LOAD='(1.0,-1.0)';
    'L_CLK':
      PIN_NUMBER='(W11,0,0)';
      OUTPUT_LOAD='(1.0,-1.0)';
    '-L_CS'<0>:
      PIN_NUMBER='(W16,0,0)';
      OUTPUT_LOAD='(1.0,-1.0)';
    '-L_CS'<1>:
      PIN_NUMBER='(W7,0,0)';
      OUTPUT_LOAD='(1.0,-1.0)';
    '-L_INT':
      PIN_NUMBER='(Y17,0,0)';
      INPUT_LOAD='(-0.01,0.01)';
    '-L_OE':
      PIN_NUMBER='(W17,0,0)';
      OUTPUT_LOAD='(1.0,-1.0)';
    'L_RDY':
      PIN_NUMBER='(V8,0,0)';
      INPUT_LOAD='(-0.01,0.01)';
    '-L_WR':
      PIN_NUMBER='(V7,0,0)';
      OUTPUT_LOAD='(1.0,-1.0)';
    'MISO':
      PIN_NUMBER='(A10,0,0)';
      OUTPUT_LOAD='(1.0,-1.0)';
    'MOSI':
      PIN_NUMBER='(B10,0,0)';
      INPUT_LOAD='(-0.01,0.01)';
    'M_AD'<0>:
      PIN_NUMBER='(T19,0,0)';
      BIDIRECTIONAL='TRUE';
      INPUT_LOAD='(-0.01,0.01)';
      OUTPUT_LOAD='(1.0,-1.0)';
    'M_AD'<1>:
      PIN_NUMBER='(T20,0,0)';
      BIDIRECTIONAL='TRUE';
      INPUT_LOAD='(-0.01,0.01)';
      OUTPUT_LOAD='(1.0,-1.0)';
    'M_AD'<2>:
      PIN_NUMBER='(R19,0,0)';
      BIDIRECTIONAL='TRUE';
      INPUT_LOAD='(-0.01,0.01)';
      OUTPUT_LOAD='(1.0,-1.0)';
    'M_AD'<3>:
      PIN_NUMBER='(P19,0,0)';
      BIDIRECTIONAL='TRUE';
      INPUT_LOAD='(-0.01,0.01)';
      OUTPUT_LOAD='(1.0,-1.0)';
    'M_AD'<4>:
      PIN_NUMBER='(L20,0,0)';
      BIDIRECTIONAL='TRUE';
      INPUT_LOAD='(-0.01,0.01)';
      OUTPUT_LOAD='(1.0,-1.0)';
    'M_AD'<5>:
      PIN_NUMBER='(K20,0,0)';
      BIDIRECTIONAL='TRUE';
      INPUT_LOAD='(-0.01,0.01)';
      OUTPUT_LOAD='(1.0,-1.0)';
    'M_AD'<6>:
      PIN_NUMBER='(M19,0,0)';
      BIDIRECTIONAL='TRUE';
      INPUT_LOAD='(-0.01,0.01)';
      OUTPUT_LOAD='(1.0,-1.0)';
    'M_AD'<7>:
      PIN_NUMBER='(M20,0,0)';
      BIDIRECTIONAL='TRUE';
      INPUT_LOAD='(-0.01,0.01)';
      OUTPUT_LOAD='(1.0,-1.0)';
    'M_ALE':
      PIN_NUMBER='(K19,0,0)';
      OUTPUT_LOAD='(1.0,-1.0)';
    'M_CLK':
      PIN_NUMBER='(AA12,0,0)';
      OUTPUT_LOAD='(1.0,-1.0)';
    '-M_CS':
      PIN_NUMBER='(P20,0,0)';
      OUTPUT_LOAD='(1.0,-1.0)';
    '-M_INT':
      PIN_NUMBER='(AA20,0,0)';
      INPUT_LOAD='(-0.01,0.01)';
    '-M_OE':
      PIN_NUMBER='(N20,0,0)';
      OUTPUT_LOAD='(1.0,-1.0)';
    'M_RDY':
      PIN_NUMBER='(U20,0,0)';
      OUTPUT_LOAD='(1.0,-1.0)';
    '-M_WR':
      PIN_NUMBER='(N19,0,0)';
      OUTPUT_LOAD='(1.0,-1.0)';
    '-NSS':
      PIN_NUMBER='(C9,0,0)';
      OUTPUT_LOAD='(1.0,-1.0)';
    '-ROM_CS'<0>:
      PIN_NUMBER='(D11,0,0)';
      OUTPUT_LOAD='(1.0,-1.0)';
    '-ROM_CS'<1>:
      PIN_NUMBER='(D10,0,0)';
      OUTPUT_LOAD='(1.0,-1.0)';
    '-ROM_OE':
      PIN_NUMBER='(C10,0,0)';
      OUTPUT_LOAD='(1.0,-1.0)';
    '-ROM_RST':
      PIN_NUMBER='(E6,0,0)';
      OUTPUT_LOAD='(1.0,-1.0)';
    '-ROM_RY_BY':
      PIN_NUMBER='(E9,0,0)';
      INPUT_LOAD='(-0.01,0.01)';
    '-ROM_WE':
      PIN_NUMBER='(E7,0,0)';
      OUTPUT_LOAD='(1.0,-1.0)';
    '-ROM_WP':
      PIN_NUMBER='(E8,0,0)';
      OUTPUT_LOAD='(1.0,-1.0)';
    'R_AD'<0>:
      PIN_NUMBER='(Y15,0,0)';
      OUTPUT_TYPE='(TS,TS)';
      BIDIRECTIONAL='TRUE';
      INPUT_LOAD='(-0.01,0.01)';
      OUTPUT_LOAD='(1.0,-1.0)';
    'R_AD'<1>:
      PIN_NUMBER='(Y14,0,0)';
      OUTPUT_TYPE='(TS,TS)';
      BIDIRECTIONAL='TRUE';
      INPUT_LOAD='(-0.01,0.01)';
      OUTPUT_LOAD='(1.0,-1.0)';
    'R_AD'<2>:
      PIN_NUMBER='(V13,0,0)';
      OUTPUT_TYPE='(TS,TS)';
      BIDIRECTIONAL='TRUE';
      INPUT_LOAD='(-0.01,0.01)';
      OUTPUT_LOAD='(1.0,-1.0)';
    'R_AD'<3>:
      PIN_NUMBER='(V12,0,0)';
      OUTPUT_TYPE='(TS,TS)';
      BIDIRECTIONAL='TRUE';
      INPUT_LOAD='(-0.01,0.01)';
      OUTPUT_LOAD='(1.0,-1.0)';
    'R_AD'<4>:
      PIN_NUMBER='(V9,0,0)';
      OUTPUT_TYPE='(TS,TS)';
      BIDIRECTIONAL='TRUE';
      INPUT_LOAD='(-0.01,0.01)';
      OUTPUT_LOAD='(1.0,-1.0)';
    'R_AD'<5>:
      PIN_NUMBER='(Y8,0,0)';
      OUTPUT_TYPE='(TS,TS)';
      BIDIRECTIONAL='TRUE';
      INPUT_LOAD='(-0.01,0.01)';
      OUTPUT_LOAD='(1.0,-1.0)';
    'R_AD'<6>:
      PIN_NUMBER='(W8,0,0)';
      OUTPUT_TYPE='(TS,TS)';
      BIDIRECTIONAL='TRUE';
      INPUT_LOAD='(-0.01,0.01)';
      OUTPUT_LOAD='(1.0,-1.0)';
    'R_AD'<7>:
      PIN_NUMBER='(Y7,0,0)';
      OUTPUT_TYPE='(TS,TS)';
      BIDIRECTIONAL='TRUE';
      INPUT_LOAD='(-0.01,0.01)';
      OUTPUT_LOAD='(1.0,-1.0)';
    'R_ALE':
      PIN_NUMBER='(W15,0,0)';
      OUTPUT_LOAD='(1.0,-1.0)';
    'R_CLK':
      PIN_NUMBER='(Y10,0,0)';
      OUTPUT_LOAD='(1.0,-1.0)';
    '-R_CS'<0>:
      PIN_NUMBER='(Y18,0,0)';
      OUTPUT_LOAD='(1.0,-1.0)';
    '-R_CS'<1>:
      PIN_NUMBER='(W6,0,0)';
      OUTPUT_LOAD='(1.0,-1.0)';
    '-R_INT':
      PIN_NUMBER='(W18,0,0)';
      INPUT_LOAD='(-0.01,0.01)';
    '-R_OE':
      PIN_NUMBER='(V19,0,0)';
      OUTPUT_LOAD='(1.0,-1.0)';
    'R_RDY':
      PIN_NUMBER='(Y6,0,0)';
      INPUT_LOAD='(-0.01,0.01)';
    '-R_WR':
      PIN_NUMBER='(W5,0,0)';
      OUTPUT_LOAD='(1.0,-1.0)';
    'SCLK':
      PIN_NUMBER='(A11,0,0)';
      INPUT_LOAD='(-0.01,0.01)';
    'STSCLK':
      PIN_NUMBER='(W22,0,0)';
      INPUT_LOAD='(-0.01,0.01)';
    'STSD':
      PIN_NUMBER='(V22,0,0)';
      INPUT_LOAD='(-0.01,0.01)';
    '-STSVLD':
      PIN_NUMBER='(V21,0,0)';
      INPUT_LOAD='(-0.01,0.01)';
    'SYS_CLK':
      PIN_NUMBER='(Y11,0,0)';
      INPUT_LOAD='(-0.01,0.01)';
    '-SYS_RST':
      PIN_NUMBER='(A20,0,0)';
      INPUT_LOAD='(-0.01,0.01)';
    'CDONE'<0>:
      PIN_NUMBER='(0,A14,0)';
      INPUT_LOAD='(-0.01,0.01)';
    'CDONE'<1>:
      PIN_NUMBER='(0,E4,0)';
      INPUT_LOAD='(-0.01,0.01)';
    'CDONE'<2>:
      PIN_NUMBER='(0,E15,0)';
      INPUT_LOAD='(-0.01,0.01)';
    'CDONE'<3>:
      PIN_NUMBER='(0,D17,0)';
      INPUT_LOAD='(-0.01,0.01)';
    'CDONE'<4>:
      PIN_NUMBER='(0,C15,0)';
      INPUT_LOAD='(-0.01,0.01)';
    'CDOUT'<0>:
      PIN_NUMBER='(0,D13,0)';
      OUTPUT_LOAD='(1.0,-1.0)';
    'CDOUT'<1>:
      PIN_NUMBER='(0,F11,0)';
      OUTPUT_LOAD='(1.0,-1.0)';
    '-CINIT'<0>:
      PIN_NUMBER='(0,C18,0)';
      INPUT_LOAD='(-0.01,0.01)';
    '-CINIT'<1>:
      PIN_NUMBER='(0,F12,0)';
      INPUT_LOAD='(-0.01,0.01)';
    '-CPRG'<0>:
      PIN_NUMBER='(0,C8,0)';
      OUTPUT_LOAD='(1.0,-1.0)';
    '-CPRG'<1>:
      PIN_NUMBER='(0,B18,0)';
      OUTPUT_LOAD='(1.0,-1.0)';
    '-CPRG'<2>:
      PIN_NUMBER='(0,B19,0)';
      OUTPUT_LOAD='(1.0,-1.0)';
    '-CPRG'<3>:
      PIN_NUMBER='(0,D12,0)';
      OUTPUT_LOAD='(1.0,-1.0)';
    '-CPRG'<4>:
      PIN_NUMBER='(0,B15,0)';
      OUTPUT_LOAD='(1.0,-1.0)';
    '-CTRINT'<0>:
      PIN_NUMBER='(0,G20,0)';
      INPUT_LOAD='(-0.01,0.01)';
    '-CTRINT'<1>:
      PIN_NUMBER='(0,C21,0)';
      INPUT_LOAD='(-0.01,0.01)';
    '-CTRINT'<2>:
      PIN_NUMBER='(0,C22,0)';
      INPUT_LOAD='(-0.01,0.01)';
    '-CTRINT'<3>:
      PIN_NUMBER='(0,E16,0)';
      INPUT_LOAD='(-0.01,0.01)';
    '-CTRINT'<4>:
      PIN_NUMBER='(0,A16,0)';
      INPUT_LOAD='(-0.01,0.01)';
    '-CTRINT'<5>:
      PIN_NUMBER='(0,G18,0)';
      INPUT_LOAD='(-0.01,0.01)';
    '-CTRINT'<6>:
      PIN_NUMBER='(0,U21,0)';
      INPUT_LOAD='(-0.01,0.01)';
    '-CTRINT'<7>:
      PIN_NUMBER='(0,U22,0)';
      INPUT_LOAD='(-0.01,0.01)';
    'CTRMISO':
      PIN_NUMBER='(0,N22,0)';
      INPUT_LOAD='(-0.01,0.01)';
    'CTRMOSI':
      PIN_NUMBER='(0,J22,0)';
      OUTPUT_LOAD='(1.0,-1.0)';
    '-CTROE'<0>:
      PIN_NUMBER='(0,U11,0)';
      OUTPUT_LOAD='(1.0,-1.0)';
    '-CTROE'<1>:
      PIN_NUMBER='(0,V11,0)';
      OUTPUT_LOAD='(1.0,-1.0)';
    'CTRSCLK':
      PIN_NUMBER='(0,L22,0)';
      OUTPUT_LOAD='(1.0,-1.0)';
    '-CTRSCS'<0>:
      PIN_NUMBER='(0,L21,0)';
      OUTPUT_LOAD='(1.0,-1.0)';
    '-CTRSCS'<1>:
      PIN_NUMBER='(0,K21,0)';
      OUTPUT_LOAD='(1.0,-1.0)';
    '-CTRSCS'<2>:
      PIN_NUMBER='(0,K22,0)';
      OUTPUT_LOAD='(1.0,-1.0)';
    'CTRSEL'<0>:
      PIN_NUMBER='(0,V14,0)';
      OUTPUT_LOAD='(1.0,-1.0)';
    'CTRSEL'<1>:
      PIN_NUMBER='(0,U12,0)';
      OUTPUT_LOAD='(1.0,-1.0)';
    'C_CLK'<0>:
      PIN_NUMBER='(0,V4,0)';
      OUTPUT_LOAD='(1.0,-1.0)';
    'C_CLK'<1>:
      PIN_NUMBER='(0,U19,0)';
      OUTPUT_LOAD='(1.0,-1.0)';
    'C_CLK'<2>:
      PIN_NUMBER='(0,V20,0)';
      OUTPUT_LOAD='(1.0,-1.0)';
    'C_CLK'<3>:
      PIN_NUMBER='(0,D15,0)';
      OUTPUT_LOAD='(1.0,-1.0)';
    'C_CLK'<4>:
      PIN_NUMBER='(0,C12,0)';
      OUTPUT_LOAD='(1.0,-1.0)';
    '-FSSCS':
      PIN_NUMBER='(0,A17,0)';
      OUTPUT_LOAD='(1.0,-1.0)';
    'LEDCLK'<0>:
      PIN_NUMBER='(0,G19,0)';
      OUTPUT_LOAD='(1.0,-1.0)';
    'LEDCLK'<1>:
      PIN_NUMBER='(0,B13,0)';
      OUTPUT_LOAD='(1.0,-1.0)';
    'LEDCLK'<2>:
      PIN_NUMBER='(0,E20,0)';
      OUTPUT_LOAD='(1.0,-1.0)';
    'LEDCLK'<3>:
      PIN_NUMBER='(0,D16,0)';
      OUTPUT_LOAD='(1.0,-1.0)';
    'LEDCLK'<4>:
      PIN_NUMBER='(0,C14,0)';
      OUTPUT_LOAD='(1.0,-1.0)';
    'LEDLTCH'<0>:
      PIN_NUMBER='(0,F20,0)';
      OUTPUT_LOAD='(1.0,-1.0)';
    'LEDLTCH'<1>:
      PIN_NUMBER='(0,J18,0)';
      OUTPUT_LOAD='(1.0,-1.0)';
    'LEDLTCH'<2>:
      PIN_NUMBER='(0,B17,0)';
      OUTPUT_LOAD='(1.0,-1.0)';
    'LEDLTCH'<3>:
      PIN_NUMBER='(0,C17,0)';
      OUTPUT_LOAD='(1.0,-1.0)';
    'LEDLTCH'<4>:
      PIN_NUMBER='(0,D14,0)';
      OUTPUT_LOAD='(1.0,-1.0)';
    'LEDSO'<0>:
      PIN_NUMBER='(0,F19,0)';
      OUTPUT_LOAD='(1.0,-1.0)';
    'LEDSO'<1>:
      PIN_NUMBER='(0,A18,0)';
      OUTPUT_LOAD='(1.0,-1.0)';
    'LEDSO'<2>:
      PIN_NUMBER='(0,K18,0)';
      OUTPUT_LOAD='(1.0,-1.0)';
    'LEDSO'<3>:
      PIN_NUMBER='(0,C16,0)';
      OUTPUT_LOAD='(1.0,-1.0)';
    'LEDSO'<4>:
      PIN_NUMBER='(0,C13,0)';
      OUTPUT_LOAD='(1.0,-1.0)';
    '-PWRDWN':
      PIN_NUMBER='(0,A15,0)';
      OUTPUT_LOAD='(1.0,-1.0)';
    '-PWRGD'<0>:
      PIN_NUMBER='(0,F22,0)';
      OUTPUT_LOAD='(1.0,-1.0)';
    '-PWRGD'<1>:
      PIN_NUMBER='(0,F21,0)';
      OUTPUT_LOAD='(1.0,-1.0)';
    '-PWRGD'<2>:
      PIN_NUMBER='(0,E22,0)';
      OUTPUT_LOAD='(1.0,-1.0)';
    '-PWRGD'<3>:
      PIN_NUMBER='(0,E21,0)';
      OUTPUT_LOAD='(1.0,-1.0)';
    '-PWRGD'<4>:
      PIN_NUMBER='(0,G21,0)';
      OUTPUT_LOAD='(1.0,-1.0)';
    '-PWRGD'<5>:
      PIN_NUMBER='(0,H21,0)';
      OUTPUT_LOAD='(1.0,-1.0)';
    '-PWRGD'<6>:
      PIN_NUMBER='(0,H22,0)';
      OUTPUT_LOAD='(1.0,-1.0)';
    '-PWRGD'<7>:
      PIN_NUMBER='(0,W21,0)';
      OUTPUT_LOAD='(1.0,-1.0)';
    '-PWRON'<0>:
      PIN_NUMBER='(0,N21,0)';
      OUTPUT_LOAD='(1.0,-1.0)';
    '-PWRON'<1>:
      PIN_NUMBER='(0,P22,0)';
      OUTPUT_LOAD='(1.0,-1.0)';
    '-PWRON'<2>:
      PIN_NUMBER='(0,R22,0)';
      OUTPUT_LOAD='(1.0,-1.0)';
    '-PWRON'<3>:
      PIN_NUMBER='(0,T21,0)';
      OUTPUT_LOAD='(1.0,-1.0)';
    '-PWRON'<4>:
      PIN_NUMBER='(0,P21,0)';
      OUTPUT_LOAD='(1.0,-1.0)';
    '-PWRON'<5>:
      PIN_NUMBER='(0,T22,0)';
      OUTPUT_LOAD='(1.0,-1.0)';
    '-PWRON'<6>:
      PIN_NUMBER='(0,R21,0)';
      OUTPUT_LOAD='(1.0,-1.0)';
    '-PWRON'<7>:
      PIN_NUMBER='(0,Y21,0)';
      OUTPUT_LOAD='(1.0,-1.0)';
    '-SFTRST':
      PIN_NUMBER='(0,J21,0)';
      OUTPUT_LOAD='(1.0,-1.0)';
    'UPDT'<0>:
      PIN_NUMBER='(0,F18,0)';
      OUTPUT_LOAD='(1.0,-1.0)';
    'UPDT'<1>:
      PIN_NUMBER='(0,H18,0)';
      OUTPUT_LOAD='(1.0,-1.0)';
    'UTCI'<0>:
      PIN_NUMBER='(0,V17,0)';
      INPUT_LOAD='(-0.01,0.01)';
    'UTCI'<1>:
      PIN_NUMBER='(0,C11,0)';
      INPUT_LOAD='(-0.01,0.01)';
    'UTCLED'<0>:
      PIN_NUMBER='(0,E11,0)';
      OUTPUT_LOAD='(1.0,-1.0)';
    'UTCLED'<1>:
      PIN_NUMBER='(0,E13,0)';
      OUTPUT_LOAD='(1.0,-1.0)';
    'UTCLED'<2>:
      PIN_NUMBER='(0,E10,0)';
      OUTPUT_LOAD='(1.0,-1.0)';
    'UTCLED'<3>:
      PIN_NUMBER='(0,E12,0)';
      OUTPUT_LOAD='(1.0,-1.0)';
    'UTCO'<0>:
      PIN_NUMBER='(0,V15,0)';
      OUTPUT_LOAD='(1.0,-1.0)';
    'UTCO'<1>:
      PIN_NUMBER='(0,V16,0)';
      OUTPUT_LOAD='(1.0,-1.0)';
    'CCLK':
      PIN_NUMBER='(0,0,B22)';
      INPUT_LOAD='(-0.01,0.01)';
    'DIN_D0':
      PIN_NUMBER='(0,0,D20)';
      INPUT_LOAD='(-0.01,0.01)';
    'DONE':
      PIN_NUMBER='(0,0,Y19)';
      OUTPUT_TYPE='(OC,AND)';
      BIDIRECTIONAL='TRUE';
      INPUT_LOAD='(-0.01,0.01)';
      OUTPUT_LOAD='(1.0,*)';
    '-INIT':
      PIN_NUMBER='(0,0,AB20)';
      OUTPUT_TYPE='(OC,AND)';
      BIDIRECTIONAL='TRUE';
      INPUT_LOAD='(-0.01,0.01)';
      OUTPUT_LOAD='(1.0,*)';
    'IO':
      PIN_NUMBER='(0,0,D9)';
      OUTPUT_TYPE='(TS,TS)';
      BIDIRECTIONAL='TRUE';
      INPUT_LOAD='(-0.01,0.01)';
      OUTPUT_LOAD='(1.0,-1.0)';
    'LED'<0>:
      PIN_NUMBER='(0,0,D21)';
      OUTPUT_LOAD='(1.0,-1.0)';
    'LED'<1>:
      PIN_NUMBER='(0,0,D22)';
      OUTPUT_LOAD='(1.0,-1.0)';
    'LED'<2>:
      PIN_NUMBER='(0,0,B12)';
      OUTPUT_LOAD='(1.0,-1.0)';
    'LED'<3>:
      PIN_NUMBER='(0,0,A13)';
      OUTPUT_LOAD='(1.0,-1.0)';
    'M'<0>:
      PIN_NUMBER='(0,0,AB2)';
      INPUT_LOAD='(-0.01,0.01)';
    'M'<1>:
      PIN_NUMBER='(0,0,U5)';
      INPUT_LOAD='(-0.01,0.01)';
    'M'<2>:
      PIN_NUMBER='(0,0,Y4)';
      INPUT_LOAD='(-0.01,0.01)';
    '-PROGRAM':
      PIN_NUMBER='(0,0,W20)';
      INPUT_LOAD='(-0.01,0.01)';
    'TCK':
      PIN_NUMBER='(0,0,C4)';
      INPUT_LOAD='(-0.01,0.01)';
    'TDI':
      PIN_NUMBER='(0,0,B20)';
      INPUT_LOAD='(-0.01,0.01)';
    'TDO':
      PIN_NUMBER='(0,0,A21)';
      OUTPUT_LOAD='(1.0,-1.0)';
    'TMS':
      PIN_NUMBER='(0,0,D3)';
      INPUT_LOAD='(-0.01,0.01)';
    'TSTCLK':
      PIN_NUMBER='(0,0,M22)';
      OUTPUT_LOAD='(1.0,-1.0)';
    'TSTD'<0>:
      PIN_NUMBER='(0,0,L18)';
      OUTPUT_LOAD='(1.0,-1.0)';
    'TSTD'<1>:
      PIN_NUMBER='(0,0,L17)';
      OUTPUT_LOAD='(1.0,-1.0)';
    'TSTD'<2>:
      PIN_NUMBER='(0,0,M17)';
      OUTPUT_LOAD='(1.0,-1.0)';
    'TSTD'<3>:
      PIN_NUMBER='(0,0,M18)';
      OUTPUT_LOAD='(1.0,-1.0)';
    'TSTD'<4>:
      PIN_NUMBER='(0,0,N18)';
      OUTPUT_LOAD='(1.0,-1.0)';
    'TSTD'<5>:
      PIN_NUMBER='(0,0,P18)';
      OUTPUT_LOAD='(1.0,-1.0)';
    'TSTD'<6>:
      PIN_NUMBER='(0,0,R18)';
      OUTPUT_LOAD='(1.0,-1.0)';
    'TSTD'<7>:
      PIN_NUMBER='(0,0,T18)';
      OUTPUT_LOAD='(1.0,-1.0)';
    'TSTD'<8>:
      PIN_NUMBER='(0,0,H19)';
      OUTPUT_LOAD='(1.0,-1.0)';
    'TSTD'<9>:
      PIN_NUMBER='(0,0,H20)';
      OUTPUT_LOAD='(1.0,-1.0)';
    'TSTD'<10>:
      PIN_NUMBER='(0,0,J19)';
      OUTPUT_LOAD='(1.0,-1.0)';
    'TSTD'<11>:
      PIN_NUMBER='(0,0,J20)';
      OUTPUT_LOAD='(1.0,-1.0)';
  end_pin;
  body
    PART_NAME='SCU';
    FAMILY='?';
    BODY_NAME='SCU';
    JEDEC_TYPE='F248';
    PHYS_DES_PREFIX='DD';
    CLASS='IC';
    POWER_PINS='(GNDD:Y20,Y3,P14,P13,P12,P11,P10,P9,N14,N13,N12,N11,N10,N9,M14)';
    POWER_PINS='(GNDD:M13,M12,M11,M10,M9,L14,L13,L12,L11,L10,L9,K14,K13,K12)';
    POWER_PINS='(GNDD:K11,K10,K9,J14,J13,J12,J11,J10,J9,C20,C3,B21,B2,AB22,AB1)';
    POWER_PINS='(GNDD:AA21,AA2,A22,A1)';
    POWER_PINS='(VCCINT:V18,V5,U17,U6,T16,T15,T14,T9,T8,T7,R16,R7,P16,P7,J16)';
    POWER_PINS='(VCCINT:J7,H16,H7,G16,G15,G14,G9,G8,G7,F17,F6,E18,E5)';
    POWER_PINS='(VCCO_0:G11,G10,F10,F9,F8,F7)';
    POWER_PINS='(VCCO_1:G13,G12,F16,F15,F14,F13)';
    POWER_PINS='(VCCO_2:L16,K17,K16,J17,H17,G17)';
    POWER_PINS='(VCCO_3:T17,R17,P17,N17,N16,M16)';
    POWER_PINS='(VCCO_4:U16,U15,U14,U13,T13,T12)';
    POWER_PINS='(VCCO_5:U10,U9,U8,U7,T11,T10)';
    POWER_PINS='(VCCO_6:T6,R6,P6,N7,N6,M7)';
    POWER_PINS='(VCCO_7:L7,K7,K6,J6,H6,G6)';
    NC_PINS='(A2,A6,A12,B11,B16,C2,D1,D4,D18,D19,E17,E19,G2,G22,L2,L19,M2,M21)';
    NC_PINS='(R3,R20,U3,U18,V6,W4,W19,Y5,Y22,AA1,AA3,AA11,AA16,AB7,AB12,AB21)';
  end_body;
end_primitive;

END.
