	(Comment
		(Time 04/26/17,16:22:37)
		(User Lmx2315)
		(MsgId ECO_081)
		(Text "Symbol sym_1 added to cell")
		(Param1 "sym_1")
	)
	(Comment
		(Time 04/26/17,16:29:00)
		(User Lmx2315)
		(MsgId ECO_021)
		(Text "Package AFCT-5715PZ added to cell")
		(Param1 "AFCT-5715PZ")
	)
	(Comment
		(Time 04/27/17,13:32:13)
		(User Lmx2315)
		(MsgId ECO_022)
		(Text "Package AFCT-5715PZ deleted from cell")
		(Param1 "AFCT-5715PZ")
	)
	(Comment
		(Time 04/27/17,13:32:18)
		(User Lmx2315)
		(MsgId ECO_021)
		(Text "Package AFCT-5715PZ added to cell")
		(Param1 "AFCT-5715PZ")
	)
	(Comment
		(Time 04/27/17,13:52:39)
		(User Lmx2315)
		(MsgId ECO_082)
		(Text "Symbol sym_1 deleted from cell")
		(Param1 "sym_1")
	)
	(Comment
		(Time 04/27/17,13:52:43)
		(User Lmx2315)
		(MsgId ECO_081)
		(Text "Symbol sym_1 added to cell")
		(Param1 "sym_1")
	)
	(Comment
		(Time 04/27/17,15:09:20)
		(User Lmx2315)
		(MsgId ECO_082)
		(Text "Symbol sym_1 deleted from cell")
		(Param1 "sym_1")
	)
	(Comment
		(Time 04/27/17,15:09:47)
		(User Lmx2315)
		(MsgId ECO_081)
		(Text "Symbol sym_1 added to cell")
		(Param1 "sym_1")
	)
