FILE_TYPE=LIBRARY_PARTS;
primitive 'DBTC-12-4';
  pin
    'INPUT':
      PIN_NUMBER='(3)';
      PIN_TYPE='ANALOG';
      NO_LOAD_CHECK='Both';
      NO_IO_CHECK='Both';
      NO_ASSERT_CHECK='TRUE';
      NO_DIR_CHECK='TRUE';
      ALLOW_CONNECT='TRUE';
    'OUT':
      PIN_NUMBER='(4)';
      PIN_TYPE='ANALOG';
      NO_LOAD_CHECK='Both';
      NO_IO_CHECK='Both';
      NO_ASSERT_CHECK='TRUE';
      NO_DIR_CHECK='TRUE';
      ALLOW_CONNECT='TRUE';
    'COUP':
      PIN_NUMBER='(1)';
      PIN_TYPE='ANALOG';
      NO_LOAD_CHECK='Both';
      NO_IO_CHECK='Both';
      NO_ASSERT_CHECK='TRUE';
      NO_DIR_CHECK='TRUE';
      ALLOW_CONNECT='TRUE';
  end_pin;
  body
    PART_NAME='DBTC-12-4';
    BODY_NAME='DBTC-12-4';
    JEDEC_TYPE='at1030';
    PHYS_DES_PREFIX='WE';
    CLASS='IC';
    GROUND_NETS='GND';
    POWER_PINS='(GND:2)';
    NC_PINS='(6)';
  end_body;
end_primitive;

END.
