FILE_TYPE=LIBRARY_PARTS;
TIME=' Created/Modified on Tue Aug 10 10:12:57 2004' ;
primitive 'TMM-1 05-05-L-D-SM';
  pin
    'X'<0>:
      PIN_NUMBER='(1,2,3,4,5,6,7,8,9,10)';
      INPUT_LOAD='(-0.01,0.01)';
      OUTPUT_LOAD='(1.0,-1.0)';
      BIDIRECTIONAL='TRUE';
  end_pin;
  body
    CLASS='IO';
    PART_NAME='TMM-1 05-05-L-D-SM';
    PHYS_DES_PREFIX='X';
    JEDEC_TYPE='CLT-1 03-02-L-D';
    FAMILY='?';
    BODY_NAME='TMM-1 05-05-L-D-SM';
    LOCATION='?';
    PATH='?';
    PACK_TYPE='?';
    PACK_TAPE='?';
  end_body;
end_primitive;
END.
