FILE_TYPE=LIBRARY_PARTS;
TIME=' Created/Modified on Tue Jul 06 12:30:16 2004' ;
primitive 'GK54_TC';
  pin
    'IN1':
      PIN_NUMBER='(5)';
      INPUT_LOAD='(-0.01,0.01)';
    'IN2':
      PIN_NUMBER='(2)';
      INPUT_LOAD='(-0.01,0.01)';
    'IN3':
      PIN_NUMBER='(1)';
      INPUT_LOAD='(-0.01,0.01)';
    'IN4':
      PIN_NUMBER='(4)';
      INPUT_LOAD='(-0.01,0.01)';
    'OUT':
      PIN_NUMBER='(3)';
      OUTPUT_LOAD='(1.0,-1.0)';
  end_pin;
  body
    CLASS='DISCRETE';
    PART_NAME='GK54_TC';
    JEDEC_TYPE='f281';
    BODY_NAME='gk54_tc';
    FAMILY='?';
  end_body;
end_primitive;
END.
