	(Comment
		(Time 12/07/17,14:08:06)
		(User Lmx2315)
		(MsgId ECO_021)
		(Text "Package 1892VM15F added to cell")
		(Param1 "1892VM15F")
	)
	(Comment
		(Time 12/08/17,11:21:05)
		(User Lmx2315)
		(MsgId ECO_081)
		(Text "Symbol sym_1 added to cell")
		(Param1 "sym_1")
	)
	(Comment
		(Time 12/08/17,11:21:05)
		(User Lmx2315)
		(MsgId ECO_081)
		(Text "Symbol sym_2 added to cell")
		(Param1 "sym_2")
	)
	(Comment
		(Time 12/08/17,11:21:05)
		(User Lmx2315)
		(MsgId ECO_081)
		(Text "Symbol sym_3 added to cell")
		(Param1 "sym_3")
	)
	(Comment
		(Time 12/08/17,11:21:05)
		(User Lmx2315)
		(MsgId ECO_081)
		(Text "Symbol sym_4 added to cell")
		(Param1 "sym_4")
	)
	(Comment
		(Time 12/08/17,11:21:05)
		(User Lmx2315)
		(MsgId ECO_081)
		(Text "Symbol sym_5 added to cell")
		(Param1 "sym_5")
	)
	(Comment
		(Time 12/08/17,11:21:05)
		(User Lmx2315)
		(MsgId ECO_081)
		(Text "Symbol sym_6 added to cell")
		(Param1 "sym_6")
	)
	(Comment
		(Time 12/08/17,11:21:05)
		(User Lmx2315)
		(MsgId ECO_081)
		(Text "Symbol sym_7 added to cell")
		(Param1 "sym_7")
	)
	(Comment
		(Time 12/08/17,11:21:05)
		(User Lmx2315)
		(MsgId ECO_081)
		(Text "Symbol sym_8 added to cell")
		(Param1 "sym_8")
	)
