FILE_TYPE=LIBRARY_PARTS;
TIME=' Created/Modified on Fri May 28 15:38:20 2004' ;
primitive 'FIN1532';
  pin
    'R_IN1+':
      PIN_NUMBER='(2)';
      INPUT_LOAD='(-0.01,0.01)';
    'R_IN1-':
      PIN_NUMBER='(1)';
      INPUT_LOAD='(-0.01,0.01)';
    'R_IN2+':
      PIN_NUMBER='(6)';
      INPUT_LOAD='(-0.01,0.01)';
    'R_IN2-':
      PIN_NUMBER='(7)';
      INPUT_LOAD='(-0.01,0.01)';
    'R_IN3+':
      PIN_NUMBER='(10)';
      INPUT_LOAD='(-0.01,0.01)';
    'R_IN3-':
      PIN_NUMBER='(9)';
      INPUT_LOAD='(-0.01,0.01)';
    'R_IN4+':
      PIN_NUMBER='(14)';
      INPUT_LOAD='(-0.01,0.01)';
    'R_IN4-':
      PIN_NUMBER='(15)';
      INPUT_LOAD='(-0.01,0.01)';
    'R_OUT1':
      PIN_NUMBER='(3)';
      OUTPUT_LOAD='(1.0,-1.0)';
    'R_OUT2':
      PIN_NUMBER='(5)';
      OUTPUT_LOAD='(1.0,-1.0)';
    'R_OUT3':
      PIN_NUMBER='(11)';
      OUTPUT_LOAD='(1.0,-1.0)';
    'R_OUT4':
      PIN_NUMBER='(13)';
      OUTPUT_LOAD='(1.0,-1.0)';
    '-EN':
      PIN_NUMBER='(12)';
      INPUT_LOAD='(-0.01,0.01)';
    'EN':
      PIN_NUMBER='(4)';
      INPUT_LOAD='(-0.01,0.01)';
    'P5V0':
      PIN_NUMBER='(16)';
      PINUSE='POWER';
    'SHIELD':
      PIN_NUMBER='(8)';
      PINUSE='POWER';
  end_pin;
  body
    CLASS='DISCRETE';
    PART_NAME='FIN1532';
    JEDEC_TYPE='soic16';
    BODY_NAME='fin1532';
    FAMILY='?';
  end_body;
end_primitive;
END.
