FILE_TYPE=LIBRARY_PARTS;
TIME=' Created/Modified on Mon Sep 13 12:21:58 2004' ;
primitive 'XCV18VXXX';
  pin
    'CLK':
      PIN_NUMBER='(43)';
      INPUT_LOAD='(-0.01,0.01)';
    '-CE':
      PIN_NUMBER='(15)';
      INPUT_LOAD='(-0.01,0.01)';
    '-OE_RST':
      PIN_NUMBER='(13)';
      INPUT_LOAD='(-0.01,0.01)';
    'D0':
      PIN_NUMBER='(40)';
      INPUT_LOAD='(-0.01,0.01)';
      OUTPUT_LOAD='(1.0,-1.0)';
      OUTPUT_TYPE='(TS,TS)';
    'D'<1>:
      PIN_NUMBER='(29)';
      INPUT_LOAD='(-0.01,0.01)';
      OUTPUT_LOAD='(1.0,-1.0)';
      OUTPUT_TYPE='(TS,TS)';
    'D'<2>:
      PIN_NUMBER='(42)';
      INPUT_LOAD='(-0.01,0.01)';
      OUTPUT_LOAD='(1.0,-1.0)';
      OUTPUT_TYPE='(TS,TS)';
    'D'<3>:
      PIN_NUMBER='(27)';
      INPUT_LOAD='(-0.01,0.01)';
      OUTPUT_LOAD='(1.0,-1.0)';
      OUTPUT_TYPE='(TS,TS)';
    'D'<4>:
      PIN_NUMBER='(9)';
      INPUT_LOAD='(-0.01,0.01)';
      OUTPUT_LOAD='(1.0,-1.0)';
      OUTPUT_TYPE='(TS,TS)';
    'D'<5>:
      PIN_NUMBER='(25)';
      INPUT_LOAD='(-0.01,0.01)';
      OUTPUT_LOAD='(1.0,-1.0)';
      OUTPUT_TYPE='(TS,TS)';
    'D'<6>:
      PIN_NUMBER='(14)';
      INPUT_LOAD='(-0.01,0.01)';
      OUTPUT_LOAD='(1.0,-1.0)';
      OUTPUT_TYPE='(TS,TS)';
    'D'<7>:
      PIN_NUMBER='(19)';
      INPUT_LOAD='(-0.01,0.01)';
      OUTPUT_LOAD='(1.0,-1.0)';
      OUTPUT_TYPE='(TS,TS)';
    '-CF':
      PIN_NUMBER='(10)';
      OUTPUT_LOAD='(1.0,*)';
      OUTPUT_TYPE='(OC,AND)';
    'TDI':
      PIN_NUMBER='(3)';
      INPUT_LOAD='(-0.01,0.01)';
    'TMS':
      PIN_NUMBER='(5)';
      INPUT_LOAD='(-0.01,0.01)';
    'TCK':
      PIN_NUMBER='(7)';
      INPUT_LOAD='(-0.01,0.01)';
    'TDO':
      PIN_NUMBER='(31)';
      OUTPUT_LOAD='(1.0,-1.0)';
    '-CEO':
      PIN_NUMBER='(21)';
      INPUT_LOAD='(-0.01,0.01)';
      OUTPUT_LOAD='(1.0,-1.0)';
      OUTPUT_TYPE='(TS,TS)';
  end_pin;
  body
    NC_PINS='(1,2,4,11,12,20,22,23,24,30,32,33,34,37,39,44)';
    POWER_PINS='(GNDD:6,18,28,41)';
    POWER_PINS='(VCC:17,35,38)';
    POWER_PINS='(VCCO:8,16,26,36)';
    CLASS='IC';
    PART_NAME='XCV18VXXX';
    PHYS_DES_PREFIX='DD';
    JEDEC_TYPE='PQFP44';
    FAMILY='?';
    BODY_NAME='XCV18VXXX';
  end_body;
end_primitive;
END.
