FILE_TYPE=LIBRARY_PARTS;
TIME=' Created/Modified on Thu Apr 10 10:51:53 2003' ;
primitive 'MAX1490';
  pin
    '1':
      PIN_NUMBER='(1)';
      INPUT_LOAD='(-0.01,0.01)';
    '2':
      PIN_NUMBER='(2)';
      INPUT_LOAD='(-0.01,0.01)';
    '8':
      PIN_NUMBER='(8)';
      INPUT_LOAD='(-0.01,0.01)';
    '10':
      PIN_NUMBER='(10)';
      INPUT_LOAD='(-0.01,0.01)';
    '11':
      PIN_NUMBER='(11)';
      INPUT_LOAD='(-0.01,0.01)';
    '9':
      PIN_NUMBER='(9)';
      INPUT_LOAD='(-0.01,0.01)';
    '5':
      PIN_NUMBER='(5)';
      INPUT_LOAD='(-0.01,0.01)';
    '7':
      PIN_NUMBER='(7)';
      INPUT_LOAD='(-0.01,0.01)';
    '12':
      PIN_NUMBER='(12)';
      INPUT_LOAD='(-0.01,0.01)';
    '18':
      PIN_NUMBER='(18)';
      OUTPUT_LOAD='(1.0,-1.0)';
    '17':
      PIN_NUMBER='(17)';
      OUTPUT_LOAD='(1.0,-1.0)';
    '20':
      PIN_NUMBER='(20)';
      OUTPUT_LOAD='(1.0,-1.0)';
    '19':
      PIN_NUMBER='(19)';
      OUTPUT_LOAD='(1.0,-1.0)';
    '21':
      PIN_NUMBER='(21)';
      OUTPUT_LOAD='(1.0,-1.0)';
    '13':
      PIN_NUMBER='(13)';
      OUTPUT_LOAD='(1.0,-1.0)';
    '15':
      PIN_NUMBER='(15)';
      OUTPUT_LOAD='(1.0,-1.0)';
    '14':
      PIN_NUMBER='(14)';
      OUTPUT_LOAD='(1.0,-1.0)';
    '22':
      PIN_NUMBER='(22)';
      OUTPUT_LOAD='(1.0,-1.0)';
    '16':
      PIN_NUMBER='(16)';
      OUTPUT_LOAD='(1.0,-1.0)';
  end_pin;
  body
    NC_PINS='(3,4,6,23,24)';
    CLASS='IC';
    PART_NAME='MAX1490';
    PHYS_DES_PREFIX='U';
    JEDEC_TYPE='F20';
    BODY_NAME='max1490';
  end_body;
end_primitive;
END.
