FILE_TYPE=LIBRARY_PARTS;
primitive '1288HK1T';
  pin
    'IDAT3'<0>:
      PIN_NUMBER='(10)';
      INPUT_LOAD='(-0.01,0.01)';
    'IDAT3'<1>:
      PIN_NUMBER='(9)';
      INPUT_LOAD='(-0.01,0.01)';
    'IDAT3'<2>:
      PIN_NUMBER='(8)';
      INPUT_LOAD='(-0.01,0.01)';
    'IDAT3'<3>:
      PIN_NUMBER='(7)';
      INPUT_LOAD='(-0.01,0.01)';
    'IDAT3'<4>:
      PIN_NUMBER='(5)';
      INPUT_LOAD='(-0.01,0.01)';
    'IDAT3'<5>:
      PIN_NUMBER='(4)';
      INPUT_LOAD='(-0.01,0.01)';
    'IDAT3'<6>:
      PIN_NUMBER='(3)';
      INPUT_LOAD='(-0.01,0.01)';
    'IDAT3'<7>:
      PIN_NUMBER='(2)';
      INPUT_LOAD='(-0.01,0.01)';
    'IDAT3'<8>:
      PIN_NUMBER='(202)';
      INPUT_LOAD='(-0.01,0.01)';
    'IDAT3'<9>:
      PIN_NUMBER='(201)';
      INPUT_LOAD='(-0.01,0.01)';
    'IDAT3'<10>:
      PIN_NUMBER='(200)';
      INPUT_LOAD='(-0.01,0.01)';
    'IDAT3'<11>:
      PIN_NUMBER='(199)';
      INPUT_LOAD='(-0.01,0.01)';
    'IDAT3'<12>:
      PIN_NUMBER='(198)';
      INPUT_LOAD='(-0.01,0.01)';
    'IDAT3'<13>:
      PIN_NUMBER='(197)';
      INPUT_LOAD='(-0.01,0.01)';
    'IDAT3'<14>:
      PIN_NUMBER='(196)';
      INPUT_LOAD='(-0.01,0.01)';
    'IDAT3'<15>:
      PIN_NUMBER='(195)';
      INPUT_LOAD='(-0.01,0.01)';
    'IDAT4'<0>:
      PIN_NUMBER='(32)';
      INPUT_LOAD='(-0.01,0.01)';
    'IDAT4'<1>:
      PIN_NUMBER='(31)';
      INPUT_LOAD='(-0.01,0.01)';
    'IDAT4'<2>:
      PIN_NUMBER='(30)';
      INPUT_LOAD='(-0.01,0.01)';
    'IDAT4'<3>:
      PIN_NUMBER='(29)';
      INPUT_LOAD='(-0.01,0.01)';
    'IDAT4'<4>:
      PIN_NUMBER='(27)';
      INPUT_LOAD='(-0.01,0.01)';
    'IDAT4'<5>:
      PIN_NUMBER='(26)';
      INPUT_LOAD='(-0.01,0.01)';
    'IDAT4'<6>:
      PIN_NUMBER='(25)';
      INPUT_LOAD='(-0.01,0.01)';
    'IDAT4'<7>:
      PIN_NUMBER='(24)';
      INPUT_LOAD='(-0.01,0.01)';
    'IDAT4'<8>:
      PIN_NUMBER='(22)';
      INPUT_LOAD='(-0.01,0.01)';
    'IDAT4'<9>:
      PIN_NUMBER='(21)';
      INPUT_LOAD='(-0.01,0.01)';
    'IDAT4'<10>:
      PIN_NUMBER='(20)';
      INPUT_LOAD='(-0.01,0.01)';
    'IDAT4'<11>:
      PIN_NUMBER='(19)';
      INPUT_LOAD='(-0.01,0.01)';
    'IDAT4'<12>:
      PIN_NUMBER='(17)';
      INPUT_LOAD='(-0.01,0.01)';
    'IDAT4'<13>:
      PIN_NUMBER='(16)';
      INPUT_LOAD='(-0.01,0.01)';
    'IDAT4'<14>:
      PIN_NUMBER='(15)';
      INPUT_LOAD='(-0.01,0.01)';
    'IDAT4'<15>:
      PIN_NUMBER='(14)';
      INPUT_LOAD='(-0.01,0.01)';
    'ENCODE':
      PIN_NUMBER='(34)';
      PIN_TYPE='ANALOG';
      NO_LOAD_CHECK='Both';
      NO_IO_CHECK='Both';
      NO_ASSERT_CHECK='TRUE';
      NO_DIR_CHECK='TRUE';
      ALLOW_CONNECT='TRUE';
    'SYNC_GAIN':
      PIN_NUMBER='(36)';
      PIN_TYPE='ANALOG';
      NO_LOAD_CHECK='Both';
      NO_IO_CHECK='Both';
      NO_ASSERT_CHECK='TRUE';
      NO_DIR_CHECK='TRUE';
      ALLOW_CONNECT='TRUE';
    'SYNC_CLR':
      PIN_NUMBER='(37)';
      PIN_TYPE='ANALOG';
      NO_LOAD_CHECK='Both';
      NO_IO_CHECK='Both';
      NO_ASSERT_CHECK='TRUE';
      NO_DIR_CHECK='TRUE';
      ALLOW_CONNECT='TRUE';
    'SYNC_NCO':
      PIN_NUMBER='(38)';
      PIN_TYPE='ANALOG';
      NO_LOAD_CHECK='Both';
      NO_IO_CHECK='Both';
      NO_ASSERT_CHECK='TRUE';
      NO_DIR_CHECK='TRUE';
      ALLOW_CONNECT='TRUE';
    'SYNC_START':
      PIN_NUMBER='(39)';
      PIN_TYPE='ANALOG';
      NO_LOAD_CHECK='Both';
      NO_IO_CHECK='Both';
      NO_ASSERT_CHECK='TRUE';
      NO_DIR_CHECK='TRUE';
      ALLOW_CONNECT='TRUE';
    'CLK':
      PIN_NUMBER='(40)';
      PIN_TYPE='ANALOG';
      NO_LOAD_CHECK='Both';
      NO_IO_CHECK='Both';
      NO_ASSERT_CHECK='TRUE';
      NO_DIR_CHECK='TRUE';
      ALLOW_CONNECT='TRUE';
    'SDO':
      PIN_NUMBER='(42)';
      PIN_TYPE='ANALOG';
      NO_LOAD_CHECK='Both';
      NO_IO_CHECK='Both';
      NO_ASSERT_CHECK='TRUE';
      NO_DIR_CHECK='TRUE';
      ALLOW_CONNECT='TRUE';
    'SDI':
      PIN_NUMBER='(43)';
      PIN_TYPE='ANALOG';
      NO_LOAD_CHECK='Both';
      NO_IO_CHECK='Both';
      NO_ASSERT_CHECK='TRUE';
      NO_DIR_CHECK='TRUE';
      ALLOW_CONNECT='TRUE';
    'SCSN':
      PIN_NUMBER='(44)';
      PIN_TYPE='ANALOG';
      NO_LOAD_CHECK='Both';
      NO_IO_CHECK='Both';
      NO_ASSERT_CHECK='TRUE';
      NO_DIR_CHECK='TRUE';
      ALLOW_CONNECT='TRUE';
    'RSTN':
      PIN_NUMBER='(46)';
      PIN_TYPE='ANALOG';
      NO_LOAD_CHECK='Both';
      NO_IO_CHECK='Both';
      NO_ASSERT_CHECK='TRUE';
      NO_DIR_CHECK='TRUE';
      ALLOW_CONNECT='TRUE';
    'PCLK':
      PIN_NUMBER='(48)';
      PIN_TYPE='ANALOG';
      NO_LOAD_CHECK='Both';
      NO_IO_CHECK='Both';
      NO_ASSERT_CHECK='TRUE';
      NO_DIR_CHECK='TRUE';
      ALLOW_CONNECT='TRUE';
    'IRQ':
      PIN_NUMBER='(49)';
      PIN_TYPE='ANALOG';
      NO_LOAD_CHECK='Both';
      NO_IO_CHECK='Both';
      NO_ASSERT_CHECK='TRUE';
      NO_DIR_CHECK='TRUE';
      ALLOW_CONNECT='TRUE';
    'PF_RRN':
      PIN_NUMBER='(50)';
      OUTPUT_LOAD='(1.0,-1.0)';
    'RDY_ACKN':
      PIN_NUMBER='(54)';
      OUTPUT_LOAD='(1.0,-1.0)';
    'RDN_RW':
      PIN_NUMBER='(56)';
      PIN_TYPE='ANALOG';
      NO_LOAD_CHECK='Both';
      NO_IO_CHECK='Both';
      NO_ASSERT_CHECK='TRUE';
      NO_DIR_CHECK='TRUE';
      ALLOW_CONNECT='TRUE';
    'WRN_DSN':
      PIN_NUMBER='(57)';
      PIN_TYPE='ANALOG';
      NO_LOAD_CHECK='Both';
      NO_IO_CHECK='Both';
      NO_ASSERT_CHECK='TRUE';
      NO_DIR_CHECK='TRUE';
      ALLOW_CONNECT='TRUE';
    'CSN':
      PIN_NUMBER='(58)';
      PIN_TYPE='ANALOG';
      NO_LOAD_CHECK='Both';
      NO_IO_CHECK='Both';
      NO_ASSERT_CHECK='TRUE';
      NO_DIR_CHECK='TRUE';
      ALLOW_CONNECT='TRUE';
    'PMODE0':
      PIN_NUMBER='(60)';
      PIN_TYPE='ANALOG';
      NO_LOAD_CHECK='Both';
      NO_IO_CHECK='Both';
      NO_ASSERT_CHECK='TRUE';
      NO_DIR_CHECK='TRUE';
      ALLOW_CONNECT='TRUE';
    'PMODE1':
      PIN_NUMBER='(61)';
      PIN_TYPE='ANALOG';
      NO_LOAD_CHECK='Both';
      NO_IO_CHECK='Both';
      NO_ASSERT_CHECK='TRUE';
      NO_DIR_CHECK='TRUE';
      ALLOW_CONNECT='TRUE';
    'PSYNC':
      PIN_NUMBER='(62)';
      PIN_TYPE='ANALOG';
      NO_LOAD_CHECK='Both';
      NO_IO_CHECK='Both';
      NO_ASSERT_CHECK='TRUE';
      NO_DIR_CHECK='TRUE';
      ALLOW_CONNECT='TRUE';
    'ADDR'<0>:
      PIN_NUMBER='(63)';
      PIN_TYPE='ANALOG';
      NO_LOAD_CHECK='Both';
      NO_IO_CHECK='Both';
      NO_ASSERT_CHECK='TRUE';
      NO_DIR_CHECK='TRUE';
      ALLOW_CONNECT='TRUE';
    'ADDR'<1>:
      PIN_NUMBER='(64)';
      PIN_TYPE='ANALOG';
      NO_LOAD_CHECK='Both';
      NO_IO_CHECK='Both';
      NO_ASSERT_CHECK='TRUE';
      NO_DIR_CHECK='TRUE';
      ALLOW_CONNECT='TRUE';
    'ADDR'<2>:
      PIN_NUMBER='(65)';
      PIN_TYPE='ANALOG';
      NO_LOAD_CHECK='Both';
      NO_IO_CHECK='Both';
      NO_ASSERT_CHECK='TRUE';
      NO_DIR_CHECK='TRUE';
      ALLOW_CONNECT='TRUE';
    'ADDR'<3>:
      PIN_NUMBER='(66)';
      PIN_TYPE='ANALOG';
      NO_LOAD_CHECK='Both';
      NO_IO_CHECK='Both';
      NO_ASSERT_CHECK='TRUE';
      NO_DIR_CHECK='TRUE';
      ALLOW_CONNECT='TRUE';
    'ADDR'<4>:
      PIN_NUMBER='(67)';
      PIN_TYPE='ANALOG';
      NO_LOAD_CHECK='Both';
      NO_IO_CHECK='Both';
      NO_ASSERT_CHECK='TRUE';
      NO_DIR_CHECK='TRUE';
      ALLOW_CONNECT='TRUE';
    'ADDR'<5>:
      PIN_NUMBER='(68)';
      PIN_TYPE='ANALOG';
      NO_LOAD_CHECK='Both';
      NO_IO_CHECK='Both';
      NO_ASSERT_CHECK='TRUE';
      NO_DIR_CHECK='TRUE';
      ALLOW_CONNECT='TRUE';
    'NUM'<0>:
      PIN_NUMBER='(72)';
      PIN_TYPE='ANALOG';
      NO_LOAD_CHECK='Both';
      NO_IO_CHECK='Both';
      NO_ASSERT_CHECK='TRUE';
      NO_DIR_CHECK='TRUE';
      ALLOW_CONNECT='TRUE';
    'NUM'<1>:
      PIN_NUMBER='(73)';
      PIN_TYPE='ANALOG';
      NO_LOAD_CHECK='Both';
      NO_IO_CHECK='Both';
      NO_ASSERT_CHECK='TRUE';
      NO_DIR_CHECK='TRUE';
      ALLOW_CONNECT='TRUE';
    'NUM'<2>:
      PIN_NUMBER='(74)';
      PIN_TYPE='ANALOG';
      NO_LOAD_CHECK='Both';
      NO_IO_CHECK='Both';
      NO_ASSERT_CHECK='TRUE';
      NO_DIR_CHECK='TRUE';
      ALLOW_CONNECT='TRUE';
    'P32':
      PIN_NUMBER='(75)';
      PIN_TYPE='ANALOG';
      NO_LOAD_CHECK='Both';
      NO_IO_CHECK='Both';
      NO_ASSERT_CHECK='TRUE';
      NO_DIR_CHECK='TRUE';
      ALLOW_CONNECT='TRUE';
    'DATA'<0>:
      PIN_NUMBER='(76)';
      PIN_TYPE='ANALOG';
      NO_LOAD_CHECK='Both';
      NO_IO_CHECK='Both';
      NO_ASSERT_CHECK='TRUE';
      NO_DIR_CHECK='TRUE';
      ALLOW_CONNECT='TRUE';
    'DATA'<1>:
      PIN_NUMBER='(77)';
      PIN_TYPE='ANALOG';
      NO_LOAD_CHECK='Both';
      NO_IO_CHECK='Both';
      NO_ASSERT_CHECK='TRUE';
      NO_DIR_CHECK='TRUE';
      ALLOW_CONNECT='TRUE';
    'DATA'<2>:
      PIN_NUMBER='(78)';
      PIN_TYPE='ANALOG';
      NO_LOAD_CHECK='Both';
      NO_IO_CHECK='Both';
      NO_ASSERT_CHECK='TRUE';
      NO_DIR_CHECK='TRUE';
      ALLOW_CONNECT='TRUE';
    'DATA'<3>:
      PIN_NUMBER='(79)';
      PIN_TYPE='ANALOG';
      NO_LOAD_CHECK='Both';
      NO_IO_CHECK='Both';
      NO_ASSERT_CHECK='TRUE';
      NO_DIR_CHECK='TRUE';
      ALLOW_CONNECT='TRUE';
    'DATA'<4>:
      PIN_NUMBER='(81)';
      PIN_TYPE='ANALOG';
      NO_LOAD_CHECK='Both';
      NO_IO_CHECK='Both';
      NO_ASSERT_CHECK='TRUE';
      NO_DIR_CHECK='TRUE';
      ALLOW_CONNECT='TRUE';
    'DATA'<5>:
      PIN_NUMBER='(82)';
      PIN_TYPE='ANALOG';
      NO_LOAD_CHECK='Both';
      NO_IO_CHECK='Both';
      NO_ASSERT_CHECK='TRUE';
      NO_DIR_CHECK='TRUE';
      ALLOW_CONNECT='TRUE';
    'DATA'<6>:
      PIN_NUMBER='(83)';
      PIN_TYPE='ANALOG';
      NO_LOAD_CHECK='Both';
      NO_IO_CHECK='Both';
      NO_ASSERT_CHECK='TRUE';
      NO_DIR_CHECK='TRUE';
      ALLOW_CONNECT='TRUE';
    'DATA'<7>:
      PIN_NUMBER='(84)';
      PIN_TYPE='ANALOG';
      NO_LOAD_CHECK='Both';
      NO_IO_CHECK='Both';
      NO_ASSERT_CHECK='TRUE';
      NO_DIR_CHECK='TRUE';
      ALLOW_CONNECT='TRUE';
    'DATA'<8>:
      PIN_NUMBER='(86)';
      PIN_TYPE='ANALOG';
      NO_LOAD_CHECK='Both';
      NO_IO_CHECK='Both';
      NO_ASSERT_CHECK='TRUE';
      NO_DIR_CHECK='TRUE';
      ALLOW_CONNECT='TRUE';
    'DATA'<9>:
      PIN_NUMBER='(87)';
      PIN_TYPE='ANALOG';
      NO_LOAD_CHECK='Both';
      NO_IO_CHECK='Both';
      NO_ASSERT_CHECK='TRUE';
      NO_DIR_CHECK='TRUE';
      ALLOW_CONNECT='TRUE';
    'DATA'<10>:
      PIN_NUMBER='(88)';
      PIN_TYPE='ANALOG';
      NO_LOAD_CHECK='Both';
      NO_IO_CHECK='Both';
      NO_ASSERT_CHECK='TRUE';
      NO_DIR_CHECK='TRUE';
      ALLOW_CONNECT='TRUE';
    'DATA'<11>:
      PIN_NUMBER='(89)';
      PIN_TYPE='ANALOG';
      NO_LOAD_CHECK='Both';
      NO_IO_CHECK='Both';
      NO_ASSERT_CHECK='TRUE';
      NO_DIR_CHECK='TRUE';
      ALLOW_CONNECT='TRUE';
    'DATA'<12>:
      PIN_NUMBER='(91)';
      PIN_TYPE='ANALOG';
      NO_LOAD_CHECK='Both';
      NO_IO_CHECK='Both';
      NO_ASSERT_CHECK='TRUE';
      NO_DIR_CHECK='TRUE';
      ALLOW_CONNECT='TRUE';
    'DATA'<13>:
      PIN_NUMBER='(92)';
      PIN_TYPE='ANALOG';
      NO_LOAD_CHECK='Both';
      NO_IO_CHECK='Both';
      NO_ASSERT_CHECK='TRUE';
      NO_DIR_CHECK='TRUE';
      ALLOW_CONNECT='TRUE';
    'DATA'<14>:
      PIN_NUMBER='(93)';
      PIN_TYPE='ANALOG';
      NO_LOAD_CHECK='Both';
      NO_IO_CHECK='Both';
      NO_ASSERT_CHECK='TRUE';
      NO_DIR_CHECK='TRUE';
      ALLOW_CONNECT='TRUE';
    'DATA'<15>:
      PIN_NUMBER='(94)';
      PIN_TYPE='ANALOG';
      NO_LOAD_CHECK='Both';
      NO_IO_CHECK='Both';
      NO_ASSERT_CHECK='TRUE';
      NO_DIR_CHECK='TRUE';
      ALLOW_CONNECT='TRUE';
    'DATA'<16>:
      PIN_NUMBER='(96)';
      PIN_TYPE='ANALOG';
      NO_LOAD_CHECK='Both';
      NO_IO_CHECK='Both';
      NO_ASSERT_CHECK='TRUE';
      NO_DIR_CHECK='TRUE';
      ALLOW_CONNECT='TRUE';
    'DATA'<17>:
      PIN_NUMBER='(97)';
      PIN_TYPE='ANALOG';
      NO_LOAD_CHECK='Both';
      NO_IO_CHECK='Both';
      NO_ASSERT_CHECK='TRUE';
      NO_DIR_CHECK='TRUE';
      ALLOW_CONNECT='TRUE';
    'DATA'<18>:
      PIN_NUMBER='(98)';
      PIN_TYPE='ANALOG';
      NO_LOAD_CHECK='Both';
      NO_IO_CHECK='Both';
      NO_ASSERT_CHECK='TRUE';
      NO_DIR_CHECK='TRUE';
      ALLOW_CONNECT='TRUE';
    'DATA'<19>:
      PIN_NUMBER='(99)';
      PIN_TYPE='ANALOG';
      NO_LOAD_CHECK='Both';
      NO_IO_CHECK='Both';
      NO_ASSERT_CHECK='TRUE';
      NO_DIR_CHECK='TRUE';
      ALLOW_CONNECT='TRUE';
    'DATA'<20>:
      PIN_NUMBER='(100)';
      PIN_TYPE='ANALOG';
      NO_LOAD_CHECK='Both';
      NO_IO_CHECK='Both';
      NO_ASSERT_CHECK='TRUE';
      NO_DIR_CHECK='TRUE';
      ALLOW_CONNECT='TRUE';
    'DATA'<21>:
      PIN_NUMBER='(101)';
      PIN_TYPE='ANALOG';
      NO_LOAD_CHECK='Both';
      NO_IO_CHECK='Both';
      NO_ASSERT_CHECK='TRUE';
      NO_DIR_CHECK='TRUE';
      ALLOW_CONNECT='TRUE';
    'DATA'<22>:
      PIN_NUMBER='(103)';
      PIN_TYPE='ANALOG';
      NO_LOAD_CHECK='Both';
      NO_IO_CHECK='Both';
      NO_ASSERT_CHECK='TRUE';
      NO_DIR_CHECK='TRUE';
      ALLOW_CONNECT='TRUE';
    'DATA'<23>:
      PIN_NUMBER='(104)';
      PIN_TYPE='ANALOG';
      NO_LOAD_CHECK='Both';
      NO_IO_CHECK='Both';
      NO_ASSERT_CHECK='TRUE';
      NO_DIR_CHECK='TRUE';
      ALLOW_CONNECT='TRUE';
    'DATA'<24>:
      PIN_NUMBER='(106)';
      PIN_TYPE='ANALOG';
      NO_LOAD_CHECK='Both';
      NO_IO_CHECK='Both';
      NO_ASSERT_CHECK='TRUE';
      NO_DIR_CHECK='TRUE';
      ALLOW_CONNECT='TRUE';
    'DATA'<25>:
      PIN_NUMBER='(107)';
      PIN_TYPE='ANALOG';
      NO_LOAD_CHECK='Both';
      NO_IO_CHECK='Both';
      NO_ASSERT_CHECK='TRUE';
      NO_DIR_CHECK='TRUE';
      ALLOW_CONNECT='TRUE';
    'DATA'<26>:
      PIN_NUMBER='(108)';
      PIN_TYPE='ANALOG';
      NO_LOAD_CHECK='Both';
      NO_IO_CHECK='Both';
      NO_ASSERT_CHECK='TRUE';
      NO_DIR_CHECK='TRUE';
      ALLOW_CONNECT='TRUE';
    'DATA'<27>:
      PIN_NUMBER='(109)';
      PIN_TYPE='ANALOG';
      NO_LOAD_CHECK='Both';
      NO_IO_CHECK='Both';
      NO_ASSERT_CHECK='TRUE';
      NO_DIR_CHECK='TRUE';
      ALLOW_CONNECT='TRUE';
    'DATA'<28>:
      PIN_NUMBER='(111)';
      PIN_TYPE='ANALOG';
      NO_LOAD_CHECK='Both';
      NO_IO_CHECK='Both';
      NO_ASSERT_CHECK='TRUE';
      NO_DIR_CHECK='TRUE';
      ALLOW_CONNECT='TRUE';
    'DATA'<29>:
      PIN_NUMBER='(112)';
      PIN_TYPE='ANALOG';
      NO_LOAD_CHECK='Both';
      NO_IO_CHECK='Both';
      NO_ASSERT_CHECK='TRUE';
      NO_DIR_CHECK='TRUE';
      ALLOW_CONNECT='TRUE';
    'DATA'<30>:
      PIN_NUMBER='(113)';
      PIN_TYPE='ANALOG';
      NO_LOAD_CHECK='Both';
      NO_IO_CHECK='Both';
      NO_ASSERT_CHECK='TRUE';
      NO_DIR_CHECK='TRUE';
      ALLOW_CONNECT='TRUE';
    'DATA'<31>:
      PIN_NUMBER='(114)';
      PIN_TYPE='ANALOG';
      NO_LOAD_CHECK='Both';
      NO_IO_CHECK='Both';
      NO_ASSERT_CHECK='TRUE';
      NO_DIR_CHECK='TRUE';
      ALLOW_CONNECT='TRUE';
    'LCLK':
      PIN_NUMBER='(116)';
      PIN_TYPE='ANALOG';
      NO_LOAD_CHECK='Both';
      NO_IO_CHECK='Both';
      NO_ASSERT_CHECK='TRUE';
      NO_DIR_CHECK='TRUE';
      ALLOW_CONNECT='TRUE';
    'LACK':
      PIN_NUMBER='(117)';
      PIN_TYPE='ANALOG';
      NO_LOAD_CHECK='Both';
      NO_IO_CHECK='Both';
      NO_ASSERT_CHECK='TRUE';
      NO_DIR_CHECK='TRUE';
      ALLOW_CONNECT='TRUE';
    'IDAT1'<0>:
      PIN_NUMBER='(144)';
      INPUT_LOAD='(-0.01,0.01)';
    'IDAT1'<1>:
      PIN_NUMBER='(143)';
      INPUT_LOAD='(-0.01,0.01)';
    'IDAT1'<2>:
      PIN_NUMBER='(141)';
      INPUT_LOAD='(-0.01,0.01)';
    'IDAT1'<3>:
      PIN_NUMBER='(140)';
      INPUT_LOAD='(-0.01,0.01)';
    'IDAT1'<4>:
      PIN_NUMBER='(139)';
      INPUT_LOAD='(-0.01,0.01)';
    'IDAT1'<5>:
      PIN_NUMBER='(138)';
      INPUT_LOAD='(-0.01,0.01)';
    'IDAT1'<6>:
      PIN_NUMBER='(137)';
      INPUT_LOAD='(-0.01,0.01)';
    'IDAT1'<7>:
      PIN_NUMBER='(136)';
      INPUT_LOAD='(-0.01,0.01)';
    'IDAT1'<8>:
      PIN_NUMBER='(134)';
      INPUT_LOAD='(-0.01,0.01)';
    'IDAT1'<9>:
      PIN_NUMBER='(133)';
      INPUT_LOAD='(-0.01,0.01)';
    'IDAT1'<10>:
      PIN_NUMBER='(132)';
      INPUT_LOAD='(-0.01,0.01)';
    'IDAT1'<11>:
      PIN_NUMBER='(131)';
      INPUT_LOAD='(-0.01,0.01)';
    'IDAT1'<12>:
      PIN_NUMBER='(130)';
      INPUT_LOAD='(-0.01,0.01)';
    'IDAT1'<13>:
      PIN_NUMBER='(129)';
      INPUT_LOAD='(-0.01,0.01)';
    'IDAT1'<14>:
      PIN_NUMBER='(128)';
      INPUT_LOAD='(-0.01,0.01)';
    'IDAT1'<15>:
      PIN_NUMBER='(127)';
      INPUT_LOAD='(-0.01,0.01)';
    'IDAT2'<0>:
      PIN_NUMBER='(165)';
      INPUT_LOAD='(-0.01,0.01)';
    'IDAT2'<1>:
      PIN_NUMBER='(164)';
      INPUT_LOAD='(-0.01,0.01)';
    'IDAT2'<2>:
      PIN_NUMBER='(163)';
      INPUT_LOAD='(-0.01,0.01)';
    'IDAT2'<3>:
      PIN_NUMBER='(162)';
      INPUT_LOAD='(-0.01,0.01)';
    'IDAT2'<4>:
      PIN_NUMBER='(161)';
      INPUT_LOAD='(-0.01,0.01)';
    'IDAT2'<5>:
      PIN_NUMBER='(160)';
      INPUT_LOAD='(-0.01,0.01)';
    'IDAT2'<6>:
      PIN_NUMBER='(159)';
      INPUT_LOAD='(-0.01,0.01)';
    'IDAT2'<7>:
      PIN_NUMBER='(158)';
      INPUT_LOAD='(-0.01,0.01)';
    'IDAT2'<8>:
      PIN_NUMBER='(156)';
      INPUT_LOAD='(-0.01,0.01)';
    'IDAT2'<9>:
      PIN_NUMBER='(155)';
      INPUT_LOAD='(-0.01,0.01)';
    'IDAT2'<10>:
      PIN_NUMBER='(154)';
      INPUT_LOAD='(-0.01,0.01)';
    'IDAT2'<11>:
      PIN_NUMBER='(153)';
      INPUT_LOAD='(-0.01,0.01)';
    'IDAT2'<12>:
      PIN_NUMBER='(151)';
      INPUT_LOAD='(-0.01,0.01)';
    'IDAT2'<13>:
      PIN_NUMBER='(150)';
      INPUT_LOAD='(-0.01,0.01)';
    'IDAT2'<14>:
      PIN_NUMBER='(149)';
      INPUT_LOAD='(-0.01,0.01)';
    'IDAT2'<15>:
      PIN_NUMBER='(148)';
      INPUT_LOAD='(-0.01,0.01)';
    'TRSTN':
      PIN_NUMBER='(204)';
      PIN_TYPE='ANALOG';
      NO_LOAD_CHECK='Both';
      NO_IO_CHECK='Both';
      NO_ASSERT_CHECK='TRUE';
      NO_DIR_CHECK='TRUE';
      ALLOW_CONNECT='TRUE';
    'TCK':
      PIN_NUMBER='(205)';
      PIN_TYPE='ANALOG';
      NO_LOAD_CHECK='Both';
      NO_IO_CHECK='Both';
      NO_ASSERT_CHECK='TRUE';
      NO_DIR_CHECK='TRUE';
      ALLOW_CONNECT='TRUE';
    'TMS':
      PIN_NUMBER='(206)';
      PIN_TYPE='ANALOG';
      NO_LOAD_CHECK='Both';
      NO_IO_CHECK='Both';
      NO_ASSERT_CHECK='TRUE';
      NO_DIR_CHECK='TRUE';
      ALLOW_CONNECT='TRUE';
    'TDI':
      PIN_NUMBER='(207)';
      PIN_TYPE='ANALOG';
      NO_LOAD_CHECK='Both';
      NO_IO_CHECK='Both';
      NO_ASSERT_CHECK='TRUE';
      NO_DIR_CHECK='TRUE';
      ALLOW_CONNECT='TRUE';
    'TDO':
      PIN_NUMBER='(208)';
      PIN_TYPE='ANALOG';
      NO_LOAD_CHECK='Both';
      NO_IO_CHECK='Both';
      NO_ASSERT_CHECK='TRUE';
      NO_DIR_CHECK='TRUE';
      ALLOW_CONNECT='TRUE';
    'SCLK':
      PIN_NUMBER='(45)';
      PIN_TYPE='ANALOG';
      NO_LOAD_CHECK='Both';
      NO_IO_CHECK='Both';
      NO_ASSERT_CHECK='TRUE';
      NO_DIR_CHECK='TRUE';
      ALLOW_CONNECT='TRUE';
  end_pin;
  body
    PART_NAME='1288HK1T';
    BODY_NAME='1288HK1T';
    JEDEC_TYPE='f839';
    PHYS_DES_PREFIX='DD';
    CLASS='IC';
    GROUND_NETS='PGND,CGND';
    POWER_PINS='(PGND:1,18,47,71,95,115,126,152,166,194)';
    POWER_PINS='(CVDD:6,28,53,80,105,142)';
    POWER_PINS='(CGND:13,35,59,85,110,147,168,180,192)';
    POWER_PINS='(PVDD:23,41,90,102,135,157,203)';
    NC_PINS='(11,12,33,51,52,55,69,70,118,119,120,121,122,123,124,125,145,146)';
    NC_PINS='(167,169,170,171,172,173,174,175,176,177,178,179,181,182,183,184)';
    NC_PINS='(185,186,187,188,189,190,191,193)';
  end_body;
end_primitive;

END.
