FILE_TYPE=LIBRARY_PARTS;
TIME=' Created/Modified on Thu Dec 23 09:12:04 2004' ;
primitive 'AD9851BRS','AD9851BRS_RS-28';
  pin
    'D0':
      PIN_NUMBER='(4)';
      INPUT_LOAD='(-0.01,0.01)';
    'D1':
      PIN_NUMBER='(3)';
      INPUT_LOAD='(-0.01,0.01)';
    'D2':
      PIN_NUMBER='(2)';
      INPUT_LOAD='(-0.01,0.01)';
    'D3':
      PIN_NUMBER='(1)';
      INPUT_LOAD='(-0.01,0.01)';
    'D4':
      PIN_NUMBER='(28)';
      INPUT_LOAD='(-0.01,0.01)';
    'D5':
      PIN_NUMBER='(27)';
      INPUT_LOAD='(-0.01,0.01)';
    'D6':
      PIN_NUMBER='(26)';
      INPUT_LOAD='(-0.01,0.01)';
    'D7':
      PIN_NUMBER='(25)';
      INPUT_LOAD='(-0.01,0.01)';
    'W_CLK':
      PIN_NUMBER='(7)';
      INPUT_LOAD='(-0.01,0.01)';
    'FQ_UD':
      PIN_NUMBER='(8)';
      INPUT_LOAD='(-0.01,0.01)';
    'REFCLK':
      PIN_NUMBER='(9)';
      INPUT_LOAD='(-0.01,0.01)';
    'RSET':
      PIN_NUMBER='(12)';
      OUTPUT_LOAD='(1.0,-1.0)';
    'VOUTN':
      PIN_NUMBER='(13)';
      OUTPUT_LOAD='(1.0,-1.0)';
    'VOUTP':
      PIN_NUMBER='(14)';
      OUTPUT_LOAD='(1.0,-1.0)';
    'VINN':
      PIN_NUMBER='(15)';
      INPUT_LOAD='(-0.01,0.01)';
    'VINP':
      PIN_NUMBER='(16)';
      INPUT_LOAD='(-0.01,0.01)';
    'DACBP':
      PIN_NUMBER='(17)';
      OUTPUT_LOAD='(1.0,-1.0)';
    'IOUTB':
      PIN_NUMBER='(20)';
      OUTPUT_LOAD='(1.0,-1.0)';
    'IOUT':
      PIN_NUMBER='(21)';
      OUTPUT_LOAD='(1.0,-1.0)';
    'RESET':
      PIN_NUMBER='(22)';
      INPUT_LOAD='(-0.01,0.01)';
    'PGND':
      PIN_NUMBER='(5)';
      PINUSE='GROUND';
    'PVCC':
      PIN_NUMBER='(6)';
      PINUSE='POWER';
    'AGND':
      PIN_NUMBER='(10)';
      PINUSE='GROUND';
    'AVDD':
      PIN_NUMBER='(11)';
      PINUSE='POWER';
    'DVDD':
      PIN_NUMBER='(23)';
      PINUSE='POWER';
    'DGND':
      PIN_NUMBER='(24)';
      PINUSE='GROUND';
    'AGND1':
      PIN_NUMBER='(19)';
      PINUSE='GROUND';
    'AVDD1':
      PIN_NUMBER='(18)';
      PINUSE='POWER';
  end_pin;
  body
    CLASS='IC';
    PART_NAME='AD9851BRS';
    PHYS_DES_PREFIX='D';
    JEDEC_TYPE='ad9851';
    FAMILY='AD985x';
    BODY_NAME='AD9851BRS';
  end_body;
end_primitive;
END.
