FILE_TYPE=LIBRARY_PARTS;
primitive 'DS2402';
  pin
    'DATA':
      PIN_NUMBER='(2)';
      PIN_TYPE='ANALOG';
      NO_LOAD_CHECK='Both';
      NO_IO_CHECK='Both';
      NO_ASSERT_CHECK='TRUE';
      NO_DIR_CHECK='TRUE';
      ALLOW_CONNECT='TRUE';
    'GND':
      PIN_NUMBER='(1)';
      PIN_TYPE='ANALOG';
      NO_LOAD_CHECK='Both';
      NO_IO_CHECK='Both';
      NO_ASSERT_CHECK='TRUE';
      NO_DIR_CHECK='TRUE';
      ALLOW_CONNECT='TRUE';
  end_pin;
  body
    PART_NAME='DS2402';
    BODY_NAME='DS2402';
    JEDEC_TYPE='f540';
    PHYS_DES_PREFIX='U';
    CLASS='IC';
    NC_PINS='(3)';
  end_body;
end_primitive;

END.
