temp/xxnedtmp/event.log NEWFILE1
temp/xxnedtmp/text.log NEWFILE2
temp/xxnedtmp/environ.log NEWFILE3
C:\Cadence\SPB_16.6\share\cdssetup/concept/concepthdl.scr FILE4
D:\SPB_Data\LED_lamp\cds.lib FILE5
D:\SPB_Data\LED_lamp\worklib\led_v2\sch_1\page1.csb FILE6
D:\SPB_Data\LED_lamp\worklib\led_v2\sch_1\page1_csb.lck NEWFILE7
temp/xxnedtmp/undo1.log NEWFILE8
C:\Cadence\SPB_16.6\share\library\standard\b#20size#20page\sym_1\symbol.css FILE9
D:\SPB_Data\LED_lamp\lib\my_passive_niitp\res\sym_1\symbol.css FILE10
D:\SPB_Data\LED_lamp\lib\power_niitp\shield\sym_1\symbol.css FILE11
D:\SPB_Data\LED_lamp\lib\power_niitp\p3v3\sym_1\symbol.css FILE12
D:\SPB_Data\LED_lamp\lib\discrete_niitp\cap\sym_1\symbol.css FILE13
D:\SPB_Data\LED_lamp\lib\import_lib\adm6320\sym_1\symbol.css FILE14
D:\SPB_Data\LED_lamp\lib\import_lib\pld8\sym_1\symbol.css FILE15
D:\SPB_Data\LED_lamp\lib\my_connectors_niitp\idc10\sym_1\symbol.css FILE16
D:\SPB_Data\LED_lamp\lib\import_lib\led\sym_1\symbol.css FILE17
D:\SPB_Data\LED_lamp\worklib\pc817\sym_1\symbol.css FILE18
D:\SPB_Data\LED_lamp\lib\my_connectors_niitp\ipl1_02\sym_1\symbol.css FILE19
D:\SPB_Data\LED_lamp\lib\my_transceiver\ds9503\sym_1\symbol.css FILE20
D:\SPB_Data\LED_lamp\worklib\zigbee_cc2530\sym_1\symbol.css FILE21
D:\SPB_Data\LED_lamp\worklib\led_v2\sch_1\page1_csa.lck NEWFILE22
D:/SPB_Data/LED_lamp/worklib/led_v2/sch_1/led_v2.xcon FILE23
D:/SPB_Data/LED_lamp/worklib/led_v2/sch_1/led_v2.dcf FILE24
D:\SPB_Data\LED_lamp\worklib\led_v2\sch_1\page2.csb FILE25
D:\SPB_Data\LED_lamp\worklib\led_v2\sch_1\page2_csb.lck NEWFILE26
C:\Cadence\SPB_16.6\share\library\standard\a#20size#20page\sym_1\symbol.css FILE27
D:\SPB_Data\LED_lamp\worklib\kf128_5_2\sym_1\symbol.css FILE28
D:\SPB_Data\LED_lamp\lib\import_lib\b220_a\sym_1\symbol.css FILE29
D:\SPB_Data\LED_lamp\lib\discrete_niitp\l\sym_1\symbol.css FILE30
D:\SPB_Data\LED_lamp\worklib\a6211\sym_1\symbol.css FILE31
D:\SPB_Data\LED_lamp\lib\import_lib\irlml2060\sym_1\symbol.css FILE32
C:\Cadence\SPB_16.6\share\library\standard\d#20size#20page\sym_1\symbol.css FILE33
C:\Cadence\SPB_16.6\share\library\standard\c#20size#20page\sym_1\symbol.css FILE34
