FILE_TYPE=LIBRARY_PARTS;
TIME=' Created/Modified on Mon Aug 30 20:25:02 2004' ;
primitive '93LC66C';
  pin
    'DI':
      PIN_NUMBER='(3)';
      INPUT_LOAD='(-0.01,0.01)';
    'DO':
      PIN_NUMBER='(4)';
      INPUT_LOAD='(-0.01,0.01)';
      OUTPUT_LOAD='(1.0,-1.0)';
      OUTPUT_TYPE='(TS,TS)';
    'CS':
      PIN_NUMBER='(1)';
      INPUT_LOAD='(-0.01,0.01)';
    'SK':
      PIN_NUMBER='(2)';
      INPUT_LOAD='(-0.01,0.01)';
    'ORG':
      PIN_NUMBER='(6)';
      INPUT_LOAD='(-0.01,0.01)';
  end_pin;
  body
    NC_PINS='(7)';
    POWER_PINS='(GNDD:5)';
    POWER_PINS='(P3V3:8)';
    CLASS='IC';
    PART_NAME='93LC66C';
    PHYS_DES_PREFIX='DD';
    JEDEC_TYPE='SOIC8';
    BODY_NAME='93LC66C';
  end_body;
end_primitive;
END.
